000 (5155092.000.000) 05/04 12:51:36 Job submitted from host: <137.138.156.150:9618?addrs=137.138.156.150-9618+[2001-1458-d00-14--9a]-9618&alias=bigbird13.cern.ch&noUDP&sock=schedd_1788_ff6c_3>
...
040 (5155092.000.000) 05/04 12:58:37 Started transferring input files
	Transferring to host: <128.142.33.24:9618?addrs=128.142.33.24-9618&alias=b7g00p4394.cern.ch&noUDP&sock=slot1_1_2805_204b_15818>
...
040 (5155092.000.000) 05/04 12:58:37 Finished transferring input files
...
001 (5155092.000.000) 05/04 12:58:38 Job executing on host: <128.142.33.24:9618?addrs=128.142.33.24-9618&alias=b7g00p4394.cern.ch&noUDP&sock=startd_2018_c235>
...
006 (5155092.000.000) 05/04 12:58:47 Image size of job updated: 48352
	20  -  MemoryUsage of job (MB)
	20216  -  ResidentSetSize of job (KB)
...
006 (5155092.000.000) 05/04 13:03:47 Image size of job updated: 779908
	201  -  MemoryUsage of job (MB)
	205508  -  ResidentSetSize of job (KB)
...
006 (5155092.000.000) 05/04 13:38:50 Image size of job updated: 779908
	201  -  MemoryUsage of job (MB)
	205528  -  ResidentSetSize of job (KB)
...
006 (5155092.000.000) 05/04 13:43:51 Image size of job updated: 780224
	201  -  MemoryUsage of job (MB)
	205824  -  ResidentSetSize of job (KB)
...
006 (5155092.000.000) 05/04 13:48:51 Image size of job updated: 780520
	202  -  MemoryUsage of job (MB)
	206120  -  ResidentSetSize of job (KB)
...
006 (5155092.000.000) 05/04 13:53:52 Image size of job updated: 780816
	202  -  MemoryUsage of job (MB)
	206416  -  ResidentSetSize of job (KB)
...
006 (5155092.000.000) 05/04 13:58:52 Image size of job updated: 781112
	202  -  MemoryUsage of job (MB)
	206712  -  ResidentSetSize of job (KB)
...
006 (5155092.000.000) 05/04 14:03:53 Image size of job updated: 781408
	203  -  MemoryUsage of job (MB)
	207008  -  ResidentSetSize of job (KB)
...
006 (5155092.000.000) 05/04 14:08:54 Image size of job updated: 781708
	203  -  MemoryUsage of job (MB)
	207308  -  ResidentSetSize of job (KB)
...
006 (5155092.000.000) 05/04 14:13:54 Image size of job updated: 782300
	204  -  MemoryUsage of job (MB)
	207900  -  ResidentSetSize of job (KB)
...
006 (5155092.000.000) 05/04 14:23:55 Image size of job updated: 782596
	204  -  MemoryUsage of job (MB)
	208196  -  ResidentSetSize of job (KB)
...
006 (5155092.000.000) 05/04 14:28:56 Image size of job updated: 782892
	204  -  MemoryUsage of job (MB)
	208492  -  ResidentSetSize of job (KB)
...
006 (5155092.000.000) 05/04 14:33:56 Image size of job updated: 783188
	204  -  MemoryUsage of job (MB)
	208788  -  ResidentSetSize of job (KB)
...
006 (5155092.000.000) 05/04 14:38:56 Image size of job updated: 783484
	205  -  MemoryUsage of job (MB)
	209084  -  ResidentSetSize of job (KB)
...
006 (5155092.000.000) 05/04 14:43:56 Image size of job updated: 783780
	205  -  MemoryUsage of job (MB)
	209380  -  ResidentSetSize of job (KB)
...
006 (5155092.000.000) 05/04 14:48:56 Image size of job updated: 784080
	205  -  MemoryUsage of job (MB)
	209680  -  ResidentSetSize of job (KB)
...
006 (5155092.000.000) 05/04 14:53:56 Image size of job updated: 784376
	206  -  MemoryUsage of job (MB)
	209976  -  ResidentSetSize of job (KB)
...
006 (5155092.000.000) 05/04 14:58:56 Image size of job updated: 784672
	206  -  MemoryUsage of job (MB)
	210272  -  ResidentSetSize of job (KB)
...
006 (5155092.000.000) 05/04 15:03:56 Image size of job updated: 785264
	206  -  MemoryUsage of job (MB)
	210864  -  ResidentSetSize of job (KB)
...
006 (5155092.000.000) 05/04 15:08:56 Image size of job updated: 785560
	207  -  MemoryUsage of job (MB)
	211160  -  ResidentSetSize of job (KB)
...
006 (5155092.000.000) 05/04 15:13:56 Image size of job updated: 785856
	207  -  MemoryUsage of job (MB)
	211456  -  ResidentSetSize of job (KB)
...
006 (5155092.000.000) 05/04 15:18:56 Image size of job updated: 786152
	207  -  MemoryUsage of job (MB)
	211752  -  ResidentSetSize of job (KB)
...
006 (5155092.000.000) 05/04 15:23:56 Image size of job updated: 786452
	208  -  MemoryUsage of job (MB)
	212052  -  ResidentSetSize of job (KB)
...
006 (5155092.000.000) 05/04 15:28:57 Image size of job updated: 786748
	208  -  MemoryUsage of job (MB)
	212348  -  ResidentSetSize of job (KB)
...
006 (5155092.000.000) 05/04 15:33:58 Image size of job updated: 787300
	208  -  MemoryUsage of job (MB)
	212776  -  ResidentSetSize of job (KB)
...
006 (5155092.000.000) 05/04 15:38:59 Image size of job updated: 787892
	209  -  MemoryUsage of job (MB)
	213372  -  ResidentSetSize of job (KB)
...
006 (5155092.000.000) 05/04 15:43:59 Image size of job updated: 788188
	209  -  MemoryUsage of job (MB)
	213672  -  ResidentSetSize of job (KB)
...
006 (5155092.000.000) 05/04 15:48:59 Image size of job updated: 788484
	209  -  MemoryUsage of job (MB)
	213972  -  ResidentSetSize of job (KB)
...
006 (5155092.000.000) 05/04 15:54:00 Image size of job updated: 788484
	209  -  MemoryUsage of job (MB)
	213976  -  ResidentSetSize of job (KB)
...
006 (5155092.000.000) 05/04 15:59:00 Image size of job updated: 788484
	209  -  MemoryUsage of job (MB)
	213980  -  ResidentSetSize of job (KB)
...
006 (5155092.000.000) 05/04 16:04:00 Image size of job updated: 788484
	209  -  MemoryUsage of job (MB)
	213984  -  ResidentSetSize of job (KB)
...
006 (5155092.000.000) 05/04 16:09:00 Image size of job updated: 788484
	209  -  MemoryUsage of job (MB)
	213988  -  ResidentSetSize of job (KB)
...
006 (5155092.000.000) 05/04 16:14:00 Image size of job updated: 788484
	209  -  MemoryUsage of job (MB)
	213996  -  ResidentSetSize of job (KB)
...
006 (5155092.000.000) 05/04 16:19:00 Image size of job updated: 788484
	209  -  MemoryUsage of job (MB)
	214000  -  ResidentSetSize of job (KB)
...
006 (5155092.000.000) 05/04 16:24:01 Image size of job updated: 788484
	209  -  MemoryUsage of job (MB)
	214004  -  ResidentSetSize of job (KB)
...
006 (5155092.000.000) 05/04 16:29:02 Image size of job updated: 788484
	209  -  MemoryUsage of job (MB)
	214008  -  ResidentSetSize of job (KB)
...
006 (5155092.000.000) 05/04 16:34:03 Image size of job updated: 788484
	209  -  MemoryUsage of job (MB)
	214012  -  ResidentSetSize of job (KB)
...
006 (5155092.000.000) 05/04 16:39:03 Image size of job updated: 788484
	209  -  MemoryUsage of job (MB)
	214016  -  ResidentSetSize of job (KB)
...
006 (5155092.000.000) 05/04 16:44:04 Image size of job updated: 788484
	210  -  MemoryUsage of job (MB)
	214020  -  ResidentSetSize of job (KB)
...
006 (5155092.000.000) 05/04 16:49:04 Image size of job updated: 788484
	210  -  MemoryUsage of job (MB)
	214024  -  ResidentSetSize of job (KB)
...
006 (5155092.000.000) 05/04 16:54:04 Image size of job updated: 788484
	210  -  MemoryUsage of job (MB)
	214028  -  ResidentSetSize of job (KB)
...
006 (5155092.000.000) 05/04 16:59:04 Image size of job updated: 788484
	210  -  MemoryUsage of job (MB)
	214032  -  ResidentSetSize of job (KB)
...
006 (5155092.000.000) 05/04 17:04:05 Image size of job updated: 788484
	210  -  MemoryUsage of job (MB)
	214036  -  ResidentSetSize of job (KB)
...
006 (5155092.000.000) 05/04 17:09:06 Image size of job updated: 788484
	210  -  MemoryUsage of job (MB)
	214040  -  ResidentSetSize of job (KB)
...
006 (5155092.000.000) 05/04 17:14:06 Image size of job updated: 788484
	210  -  MemoryUsage of job (MB)
	214044  -  ResidentSetSize of job (KB)
...
006 (5155092.000.000) 05/04 17:19:06 Image size of job updated: 788484
	210  -  MemoryUsage of job (MB)
	214048  -  ResidentSetSize of job (KB)
...
006 (5155092.000.000) 05/04 17:24:07 Image size of job updated: 788484
	210  -  MemoryUsage of job (MB)
	214052  -  ResidentSetSize of job (KB)
...
006 (5155092.000.000) 05/04 17:29:08 Image size of job updated: 788484
	210  -  MemoryUsage of job (MB)
	214056  -  ResidentSetSize of job (KB)
...
006 (5155092.000.000) 05/04 17:34:08 Image size of job updated: 788484
	210  -  MemoryUsage of job (MB)
	214060  -  ResidentSetSize of job (KB)
...
006 (5155092.000.000) 05/04 17:39:08 Image size of job updated: 788484
	210  -  MemoryUsage of job (MB)
	214064  -  ResidentSetSize of job (KB)
...
006 (5155092.000.000) 05/04 17:44:09 Image size of job updated: 788484
	210  -  MemoryUsage of job (MB)
	214068  -  ResidentSetSize of job (KB)
...
006 (5155092.000.000) 05/04 17:49:09 Image size of job updated: 788484
	210  -  MemoryUsage of job (MB)
	214072  -  ResidentSetSize of job (KB)
...
006 (5155092.000.000) 05/04 17:54:09 Image size of job updated: 788484
	210  -  MemoryUsage of job (MB)
	214076  -  ResidentSetSize of job (KB)
...
006 (5155092.000.000) 05/04 17:59:10 Image size of job updated: 788484
	210  -  MemoryUsage of job (MB)
	214084  -  ResidentSetSize of job (KB)
...
006 (5155092.000.000) 05/04 18:09:12 Image size of job updated: 790020
	210  -  MemoryUsage of job (MB)
	214876  -  ResidentSetSize of job (KB)
...
006 (5155092.000.000) 05/04 18:14:12 Image size of job updated: 790020
	210  -  MemoryUsage of job (MB)
	214888  -  ResidentSetSize of job (KB)
...
006 (5155092.000.000) 05/04 18:19:13 Image size of job updated: 790020
	210  -  MemoryUsage of job (MB)
	214900  -  ResidentSetSize of job (KB)
...
006 (5155092.000.000) 05/04 18:24:14 Image size of job updated: 790020
	210  -  MemoryUsage of job (MB)
	214912  -  ResidentSetSize of job (KB)
...
006 (5155092.000.000) 05/04 18:29:14 Image size of job updated: 790020
	210  -  MemoryUsage of job (MB)
	214924  -  ResidentSetSize of job (KB)
...
006 (5155092.000.000) 05/04 18:34:14 Image size of job updated: 790020
	210  -  MemoryUsage of job (MB)
	214936  -  ResidentSetSize of job (KB)
...
006 (5155092.000.000) 05/04 18:39:14 Image size of job updated: 790020
	210  -  MemoryUsage of job (MB)
	214948  -  ResidentSetSize of job (KB)
...
006 (5155092.000.000) 05/04 18:44:15 Image size of job updated: 790020
	210  -  MemoryUsage of job (MB)
	214960  -  ResidentSetSize of job (KB)
...
006 (5155092.000.000) 05/04 18:49:16 Image size of job updated: 790020
	210  -  MemoryUsage of job (MB)
	214972  -  ResidentSetSize of job (KB)
...
006 (5155092.000.000) 05/04 18:54:17 Image size of job updated: 790020
	210  -  MemoryUsage of job (MB)
	214996  -  ResidentSetSize of job (KB)
...
006 (5155092.000.000) 05/04 18:59:18 Image size of job updated: 790020
	210  -  MemoryUsage of job (MB)
	215008  -  ResidentSetSize of job (KB)
...
006 (5155092.000.000) 05/04 19:04:19 Image size of job updated: 790020
	210  -  MemoryUsage of job (MB)
	215020  -  ResidentSetSize of job (KB)
...
006 (5155092.000.000) 05/04 19:09:20 Image size of job updated: 790020
	210  -  MemoryUsage of job (MB)
	215032  -  ResidentSetSize of job (KB)
...
006 (5155092.000.000) 05/04 19:14:21 Image size of job updated: 790020
	211  -  MemoryUsage of job (MB)
	215044  -  ResidentSetSize of job (KB)
...
006 (5155092.000.000) 05/04 19:19:22 Image size of job updated: 790020
	211  -  MemoryUsage of job (MB)
	215056  -  ResidentSetSize of job (KB)
...
006 (5155092.000.000) 05/04 19:24:23 Image size of job updated: 790020
	211  -  MemoryUsage of job (MB)
	215068  -  ResidentSetSize of job (KB)
...
006 (5155092.000.000) 05/04 19:29:24 Image size of job updated: 790020
	211  -  MemoryUsage of job (MB)
	215080  -  ResidentSetSize of job (KB)
...
006 (5155092.000.000) 05/04 19:34:25 Image size of job updated: 790020
	211  -  MemoryUsage of job (MB)
	215092  -  ResidentSetSize of job (KB)
...
006 (5155092.000.000) 05/04 19:39:26 Image size of job updated: 790020
	211  -  MemoryUsage of job (MB)
	215104  -  ResidentSetSize of job (KB)
...
006 (5155092.000.000) 05/04 19:44:27 Image size of job updated: 790020
	211  -  MemoryUsage of job (MB)
	215116  -  ResidentSetSize of job (KB)
...
006 (5155092.000.000) 05/04 19:49:27 Image size of job updated: 790020
	211  -  MemoryUsage of job (MB)
	215128  -  ResidentSetSize of job (KB)
...
006 (5155092.000.000) 05/04 19:54:27 Image size of job updated: 790020
	211  -  MemoryUsage of job (MB)
	215140  -  ResidentSetSize of job (KB)
...
006 (5155092.000.000) 05/04 19:59:28 Image size of job updated: 790020
	211  -  MemoryUsage of job (MB)
	215152  -  ResidentSetSize of job (KB)
...
006 (5155092.000.000) 05/04 20:04:28 Image size of job updated: 790020
	211  -  MemoryUsage of job (MB)
	215164  -  ResidentSetSize of job (KB)
...
006 (5155092.000.000) 05/04 20:09:29 Image size of job updated: 790020
	211  -  MemoryUsage of job (MB)
	215176  -  ResidentSetSize of job (KB)
...
006 (5155092.000.000) 05/04 20:14:30 Image size of job updated: 790020
	211  -  MemoryUsage of job (MB)
	215188  -  ResidentSetSize of job (KB)
...
006 (5155092.000.000) 05/04 20:19:31 Image size of job updated: 790020
	211  -  MemoryUsage of job (MB)
	215200  -  ResidentSetSize of job (KB)
...
006 (5155092.000.000) 05/04 20:24:32 Image size of job updated: 790020
	211  -  MemoryUsage of job (MB)
	215212  -  ResidentSetSize of job (KB)
...
006 (5155092.000.000) 05/04 20:29:33 Image size of job updated: 790020
	211  -  MemoryUsage of job (MB)
	215224  -  ResidentSetSize of job (KB)
...
006 (5155092.000.000) 05/04 20:34:33 Image size of job updated: 790020
	211  -  MemoryUsage of job (MB)
	215248  -  ResidentSetSize of job (KB)
...
006 (5155092.000.000) 05/04 20:39:34 Image size of job updated: 790020
	211  -  MemoryUsage of job (MB)
	215260  -  ResidentSetSize of job (KB)
...
006 (5155092.000.000) 05/04 20:44:35 Image size of job updated: 790020
	211  -  MemoryUsage of job (MB)
	215272  -  ResidentSetSize of job (KB)
...
006 (5155092.000.000) 05/04 20:49:36 Image size of job updated: 790020
	211  -  MemoryUsage of job (MB)
	215284  -  ResidentSetSize of job (KB)
...
006 (5155092.000.000) 05/04 20:54:37 Image size of job updated: 790020
	211  -  MemoryUsage of job (MB)
	215296  -  ResidentSetSize of job (KB)
...
006 (5155092.000.000) 05/04 20:59:37 Image size of job updated: 790020
	211  -  MemoryUsage of job (MB)
	215308  -  ResidentSetSize of job (KB)
...
006 (5155092.000.000) 05/04 21:04:37 Image size of job updated: 790020
	211  -  MemoryUsage of job (MB)
	215320  -  ResidentSetSize of job (KB)
...
006 (5155092.000.000) 05/04 21:09:38 Image size of job updated: 790020
	211  -  MemoryUsage of job (MB)
	215332  -  ResidentSetSize of job (KB)
...
006 (5155092.000.000) 05/04 21:14:39 Image size of job updated: 790020
	211  -  MemoryUsage of job (MB)
	215344  -  ResidentSetSize of job (KB)
...
006 (5155092.000.000) 05/04 21:19:39 Image size of job updated: 790020
	211  -  MemoryUsage of job (MB)
	215356  -  ResidentSetSize of job (KB)
...
006 (5155092.000.000) 05/04 21:24:39 Image size of job updated: 790020
	211  -  MemoryUsage of job (MB)
	215368  -  ResidentSetSize of job (KB)
...
006 (5155092.000.000) 05/04 21:29:39 Image size of job updated: 790020
	211  -  MemoryUsage of job (MB)
	215380  -  ResidentSetSize of job (KB)
...
006 (5155092.000.000) 05/04 21:34:39 Image size of job updated: 790020
	211  -  MemoryUsage of job (MB)
	215392  -  ResidentSetSize of job (KB)
...
006 (5155092.000.000) 05/04 21:39:40 Image size of job updated: 790020
	211  -  MemoryUsage of job (MB)
	215404  -  ResidentSetSize of job (KB)
...
006 (5155092.000.000) 05/04 21:44:40 Image size of job updated: 790020
	211  -  MemoryUsage of job (MB)
	215416  -  ResidentSetSize of job (KB)
...
006 (5155092.000.000) 05/04 21:49:41 Image size of job updated: 791500
	212  -  MemoryUsage of job (MB)
	216908  -  ResidentSetSize of job (KB)
...
006 (5155092.000.000) 05/04 21:54:42 Image size of job updated: 791800
	213  -  MemoryUsage of job (MB)
	217220  -  ResidentSetSize of job (KB)
...
006 (5155092.000.000) 05/04 21:59:43 Image size of job updated: 791800
	213  -  MemoryUsage of job (MB)
	217232  -  ResidentSetSize of job (KB)
...
006 (5155092.000.000) 05/04 22:04:43 Image size of job updated: 791800
	213  -  MemoryUsage of job (MB)
	217244  -  ResidentSetSize of job (KB)
...
006 (5155092.000.000) 05/04 22:09:44 Image size of job updated: 791800
	213  -  MemoryUsage of job (MB)
	217256  -  ResidentSetSize of job (KB)
...
006 (5155092.000.000) 05/04 22:14:45 Image size of job updated: 791800
	213  -  MemoryUsage of job (MB)
	217268  -  ResidentSetSize of job (KB)
...
006 (5155092.000.000) 05/04 22:19:45 Image size of job updated: 791800
	213  -  MemoryUsage of job (MB)
	217280  -  ResidentSetSize of job (KB)
...
006 (5155092.000.000) 05/04 22:24:46 Image size of job updated: 791800
	213  -  MemoryUsage of job (MB)
	217292  -  ResidentSetSize of job (KB)
...
006 (5155092.000.000) 05/04 22:29:46 Image size of job updated: 791800
	213  -  MemoryUsage of job (MB)
	217304  -  ResidentSetSize of job (KB)
...
006 (5155092.000.000) 05/04 22:34:46 Image size of job updated: 791800
	213  -  MemoryUsage of job (MB)
	217316  -  ResidentSetSize of job (KB)
...
006 (5155092.000.000) 05/04 22:39:47 Image size of job updated: 791800
	213  -  MemoryUsage of job (MB)
	217328  -  ResidentSetSize of job (KB)
...
006 (5155092.000.000) 05/04 22:44:48 Image size of job updated: 791800
	213  -  MemoryUsage of job (MB)
	217344  -  ResidentSetSize of job (KB)
...
006 (5155092.000.000) 05/04 22:49:48 Image size of job updated: 791800
	213  -  MemoryUsage of job (MB)
	217364  -  ResidentSetSize of job (KB)
...
006 (5155092.000.000) 05/04 22:54:49 Image size of job updated: 791800
	213  -  MemoryUsage of job (MB)
	217376  -  ResidentSetSize of job (KB)
...
006 (5155092.000.000) 05/04 22:59:49 Image size of job updated: 791800
	213  -  MemoryUsage of job (MB)
	217388  -  ResidentSetSize of job (KB)
...
006 (5155092.000.000) 05/04 23:04:49 Image size of job updated: 791800
	213  -  MemoryUsage of job (MB)
	217400  -  ResidentSetSize of job (KB)
...
006 (5155092.000.000) 05/04 23:14:50 Image size of job updated: 793848
	214  -  MemoryUsage of job (MB)
	218432  -  ResidentSetSize of job (KB)
...
006 (5155092.000.000) 05/04 23:19:51 Image size of job updated: 793848
	214  -  MemoryUsage of job (MB)
	218440  -  ResidentSetSize of job (KB)
...
006 (5155092.000.000) 05/04 23:24:51 Image size of job updated: 793848
	214  -  MemoryUsage of job (MB)
	218448  -  ResidentSetSize of job (KB)
...
006 (5155092.000.000) 05/04 23:29:52 Image size of job updated: 793848
	214  -  MemoryUsage of job (MB)
	218456  -  ResidentSetSize of job (KB)
...
006 (5155092.000.000) 05/04 23:34:53 Image size of job updated: 793848
	214  -  MemoryUsage of job (MB)
	218464  -  ResidentSetSize of job (KB)
...
006 (5155092.000.000) 05/04 23:39:53 Image size of job updated: 793848
	214  -  MemoryUsage of job (MB)
	218472  -  ResidentSetSize of job (KB)
...
006 (5155092.000.000) 05/04 23:44:53 Image size of job updated: 793848
	214  -  MemoryUsage of job (MB)
	218480  -  ResidentSetSize of job (KB)
...
006 (5155092.000.000) 05/04 23:49:54 Image size of job updated: 793848
	214  -  MemoryUsage of job (MB)
	218488  -  ResidentSetSize of job (KB)
...
006 (5155092.000.000) 05/04 23:54:55 Image size of job updated: 793848
	214  -  MemoryUsage of job (MB)
	218504  -  ResidentSetSize of job (KB)
...
006 (5155092.000.000) 05/04 23:59:55 Image size of job updated: 793848
	214  -  MemoryUsage of job (MB)
	218512  -  ResidentSetSize of job (KB)
...
006 (5155092.000.000) 05/05 00:04:56 Image size of job updated: 793848
	214  -  MemoryUsage of job (MB)
	218520  -  ResidentSetSize of job (KB)
...
006 (5155092.000.000) 05/05 00:09:57 Image size of job updated: 793848
	214  -  MemoryUsage of job (MB)
	218528  -  ResidentSetSize of job (KB)
...
006 (5155092.000.000) 05/05 00:14:58 Image size of job updated: 793848
	214  -  MemoryUsage of job (MB)
	218536  -  ResidentSetSize of job (KB)
...
006 (5155092.000.000) 05/05 00:19:58 Image size of job updated: 793848
	214  -  MemoryUsage of job (MB)
	218544  -  ResidentSetSize of job (KB)
...
006 (5155092.000.000) 05/05 00:24:58 Image size of job updated: 793848
	214  -  MemoryUsage of job (MB)
	218552  -  ResidentSetSize of job (KB)
...
006 (5155092.000.000) 05/05 00:29:59 Image size of job updated: 793848
	214  -  MemoryUsage of job (MB)
	218560  -  ResidentSetSize of job (KB)
...
006 (5155092.000.000) 05/05 00:34:59 Image size of job updated: 793848
	214  -  MemoryUsage of job (MB)
	218568  -  ResidentSetSize of job (KB)
...
006 (5155092.000.000) 05/05 00:40:00 Image size of job updated: 793848
	214  -  MemoryUsage of job (MB)
	218576  -  ResidentSetSize of job (KB)
...
006 (5155092.000.000) 05/05 00:45:01 Image size of job updated: 793848
	214  -  MemoryUsage of job (MB)
	218584  -  ResidentSetSize of job (KB)
...
006 (5155092.000.000) 05/05 00:50:01 Image size of job updated: 793848
	214  -  MemoryUsage of job (MB)
	218592  -  ResidentSetSize of job (KB)
...
006 (5155092.000.000) 05/05 00:55:01 Image size of job updated: 793848
	214  -  MemoryUsage of job (MB)
	218600  -  ResidentSetSize of job (KB)
...
006 (5155092.000.000) 05/05 01:00:01 Image size of job updated: 793848
	214  -  MemoryUsage of job (MB)
	218608  -  ResidentSetSize of job (KB)
...
006 (5155092.000.000) 05/05 01:05:02 Image size of job updated: 793848
	214  -  MemoryUsage of job (MB)
	218616  -  ResidentSetSize of job (KB)
...
006 (5155092.000.000) 05/05 01:10:03 Image size of job updated: 793848
	214  -  MemoryUsage of job (MB)
	218624  -  ResidentSetSize of job (KB)
...
006 (5155092.000.000) 05/05 01:20:07 Image size of job updated: 793848
	214  -  MemoryUsage of job (MB)
	218632  -  ResidentSetSize of job (KB)
...
022 (5155092.000.000) 05/05 01:20:07 Job disconnected, attempting to reconnect
    Socket between submit and execute hosts closed unexpectedly
    Trying to reconnect to slot1_1@b7g00p4394.cern.ch <128.142.33.24:9618?addrs=128.142.33.24-9618&alias=b7g00p4394.cern.ch&noUDP&sock=startd_2018_c235>
...
023 (5155092.000.000) 05/05 01:20:07 Job reconnected to slot1_1@b7g00p4394.cern.ch
    startd address: <128.142.33.24:9618?addrs=128.142.33.24-9618&alias=b7g00p4394.cern.ch&noUDP&sock=startd_2018_c235>
    starter address: <128.142.33.24:9618?addrs=128.142.33.24-9618&alias=b7g00p4394.cern.ch&noUDP&sock=slot1_1_2805_204b_15818>
...
006 (5155092.000.000) 05/05 01:35:19 Image size of job updated: 793848
	214  -  MemoryUsage of job (MB)
	218664  -  ResidentSetSize of job (KB)
...
006 (5155092.000.000) 05/05 01:47:30 Image size of job updated: 793848
	214  -  MemoryUsage of job (MB)
	218680  -  ResidentSetSize of job (KB)
...
006 (5155092.000.000) 05/05 01:54:48 Image size of job updated: 793848
	214  -  MemoryUsage of job (MB)
	218696  -  ResidentSetSize of job (KB)
...
006 (5155092.000.000) 05/05 01:59:49 Image size of job updated: 793848
	214  -  MemoryUsage of job (MB)
	218704  -  ResidentSetSize of job (KB)
...
006 (5155092.000.000) 05/05 02:04:49 Image size of job updated: 793848
	214  -  MemoryUsage of job (MB)
	218712  -  ResidentSetSize of job (KB)
...
006 (5155092.000.000) 05/05 02:09:50 Image size of job updated: 793848
	214  -  MemoryUsage of job (MB)
	218720  -  ResidentSetSize of job (KB)
...
006 (5155092.000.000) 05/05 02:14:51 Image size of job updated: 793848
	214  -  MemoryUsage of job (MB)
	218728  -  ResidentSetSize of job (KB)
...
006 (5155092.000.000) 05/05 02:19:52 Image size of job updated: 793848
	214  -  MemoryUsage of job (MB)
	218736  -  ResidentSetSize of job (KB)
...
006 (5155092.000.000) 05/05 02:24:52 Image size of job updated: 793848
	214  -  MemoryUsage of job (MB)
	218744  -  ResidentSetSize of job (KB)
...
006 (5155092.000.000) 05/05 02:29:53 Image size of job updated: 793848
	214  -  MemoryUsage of job (MB)
	218752  -  ResidentSetSize of job (KB)
...
006 (5155092.000.000) 05/05 02:34:53 Image size of job updated: 793848
	214  -  MemoryUsage of job (MB)
	218760  -  ResidentSetSize of job (KB)
...
006 (5155092.000.000) 05/05 02:39:53 Image size of job updated: 793848
	214  -  MemoryUsage of job (MB)
	218768  -  ResidentSetSize of job (KB)
...
006 (5155092.000.000) 05/05 02:44:54 Image size of job updated: 793848
	214  -  MemoryUsage of job (MB)
	218776  -  ResidentSetSize of job (KB)
...
006 (5155092.000.000) 05/05 02:49:54 Image size of job updated: 793848
	214  -  MemoryUsage of job (MB)
	218784  -  ResidentSetSize of job (KB)
...
006 (5155092.000.000) 05/05 02:54:55 Image size of job updated: 793848
	214  -  MemoryUsage of job (MB)
	218792  -  ResidentSetSize of job (KB)
...
006 (5155092.000.000) 05/05 02:59:55 Image size of job updated: 793848
	214  -  MemoryUsage of job (MB)
	218800  -  ResidentSetSize of job (KB)
...
006 (5155092.000.000) 05/05 03:04:55 Image size of job updated: 793848
	214  -  MemoryUsage of job (MB)
	218808  -  ResidentSetSize of job (KB)
...
006 (5155092.000.000) 05/05 03:09:55 Image size of job updated: 793848
	214  -  MemoryUsage of job (MB)
	218816  -  ResidentSetSize of job (KB)
...
006 (5155092.000.000) 05/05 03:14:55 Image size of job updated: 793848
	214  -  MemoryUsage of job (MB)
	218824  -  ResidentSetSize of job (KB)
...
006 (5155092.000.000) 05/05 03:19:56 Image size of job updated: 793848
	214  -  MemoryUsage of job (MB)
	218832  -  ResidentSetSize of job (KB)
...
006 (5155092.000.000) 05/05 03:24:56 Image size of job updated: 793848
	214  -  MemoryUsage of job (MB)
	218840  -  ResidentSetSize of job (KB)
...
006 (5155092.000.000) 05/05 03:29:56 Image size of job updated: 793848
	214  -  MemoryUsage of job (MB)
	218848  -  ResidentSetSize of job (KB)
...
006 (5155092.000.000) 05/05 03:34:56 Image size of job updated: 793848
	214  -  MemoryUsage of job (MB)
	218856  -  ResidentSetSize of job (KB)
...
006 (5155092.000.000) 05/05 03:39:56 Image size of job updated: 793848
	214  -  MemoryUsage of job (MB)
	218864  -  ResidentSetSize of job (KB)
...
006 (5155092.000.000) 05/05 03:44:57 Image size of job updated: 793848
	214  -  MemoryUsage of job (MB)
	218872  -  ResidentSetSize of job (KB)
...
006 (5155092.000.000) 05/05 03:49:57 Image size of job updated: 793848
	214  -  MemoryUsage of job (MB)
	218880  -  ResidentSetSize of job (KB)
...
006 (5155092.000.000) 05/05 03:54:58 Image size of job updated: 793848
	214  -  MemoryUsage of job (MB)
	218888  -  ResidentSetSize of job (KB)
...
006 (5155092.000.000) 05/05 03:59:59 Image size of job updated: 793848
	214  -  MemoryUsage of job (MB)
	218896  -  ResidentSetSize of job (KB)
...
006 (5155092.000.000) 05/05 04:05:00 Image size of job updated: 793848
	214  -  MemoryUsage of job (MB)
	218904  -  ResidentSetSize of job (KB)
...
005 (5155092.000.000) 05/05 04:08:24 Job terminated.
	(1) Normal termination (return value 0)
		Usr 1 07:41:03, Sys 0 00:05:33  -  Run Remote Usage
		Usr 0 00:00:00, Sys 0 00:00:00  -  Run Local Usage
		Usr 1 07:41:03, Sys 0 00:05:33  -  Total Remote Usage
		Usr 0 00:00:00, Sys 0 00:00:00  -  Total Local Usage
	0  -  Run Bytes Sent By Job
	723  -  Run Bytes Received By Job
	0  -  Total Bytes Sent By Job
	723  -  Total Bytes Received By Job
	Partitionable Resources :    Usage  Request Allocated 
	   Cpus                 :     2.07       16        16 
	   Disk (KB)            :    28    10485760  10796182 
	   Memory (MB)          :   214       32000     32000 
...
