000 (5443416.002.000) 07/16 08:00:44 Job submitted from host: <137.138.156.150:9618?addrs=137.138.156.150-9618+[2001-1458-d00-14--9a]-9618&alias=bigbird13.cern.ch&noUDP&sock=schedd_1788_ff6c>
...
040 (5443416.002.000) 07/16 08:01:12 Started transferring input files
	Transferring to host: <128.142.81.134:9618?addrs=128.142.81.134-9618+[2001-1458-301-f5--100-1e5]-9618&alias=b7s13n0904.cern.ch&noUDP&sock=slot1_1_5657_9e3f_64419>
...
040 (5443416.002.000) 07/16 08:01:12 Finished transferring input files
...
001 (5443416.002.000) 07/16 08:01:13 Job executing on host: <128.142.81.134:9618?addrs=128.142.81.134-9618+[2001-1458-301-f5--100-1e5]-9618&alias=b7s13n0904.cern.ch&noUDP&sock=startd_4237_cedc>
...
006 (5443416.002.000) 07/16 08:01:21 Image size of job updated: 149784
	87  -  MemoryUsage of job (MB)
	88776  -  ResidentSetSize of job (KB)
...
006 (5443416.002.000) 07/16 08:06:21 Image size of job updated: 1599220
	1004  -  MemoryUsage of job (MB)
	1027612  -  ResidentSetSize of job (KB)
...
006 (5443416.002.000) 07/19 02:36:05 Image size of job updated: 1602100
	1004  -  MemoryUsage of job (MB)
	1027612  -  ResidentSetSize of job (KB)
...
040 (5443416.002.000) 07/19 02:36:05 Started transferring output files
...
040 (5443416.002.000) 07/19 02:36:07 Finished transferring output files
...
005 (5443416.002.000) 07/19 02:36:08 Job terminated.
	(1) Normal termination (return value 0)
		Usr 14 02:27:20, Sys 0 00:05:23  -  Run Remote Usage
		Usr 0 00:00:00, Sys 0 00:00:00  -  Run Local Usage
		Usr 14 02:27:20, Sys 0 00:05:23  -  Total Remote Usage
		Usr 0 00:00:00, Sys 0 00:00:00  -  Total Local Usage
	30765392  -  Run Bytes Sent By Job
	713  -  Run Bytes Received By Job
	30765392  -  Total Bytes Sent By Job
	713  -  Total Bytes Received By Job
	Partitionable Resources :    Usage  Request Allocated 
	   Cpus                 :     4.78        8         8 
	   Disk (KB)            : 30070    10485760  10825396 
	   Memory (MB)          :  1004       16000     16000 

	Job terminated of its own accord at 2021-07-19T00:36:05Z.
...
