000 (5443416.001.000) 07/16 08:00:44 Job submitted from host: <137.138.156.150:9618?addrs=137.138.156.150-9618+[2001-1458-d00-14--9a]-9618&alias=bigbird13.cern.ch&noUDP&sock=schedd_1788_ff6c>
...
040 (5443416.001.000) 07/16 08:01:11 Started transferring input files
	Transferring to host: <128.142.81.249:9618?addrs=128.142.81.249-9618+[2001-1458-301-f5--100-489]-9618&alias=b7s13n9100.cern.ch&noUDP&sock=slot1_3_5398_2115_59562>
...
040 (5443416.001.000) 07/16 08:01:11 Finished transferring input files
...
001 (5443416.001.000) 07/16 08:01:12 Job executing on host: <128.142.81.249:9618?addrs=128.142.81.249-9618+[2001-1458-301-f5--100-489]-9618&alias=b7s13n9100.cern.ch&noUDP&sock=startd_4287_1a99>
...
006 (5443416.001.000) 07/16 08:01:21 Image size of job updated: 570596
	80  -  MemoryUsage of job (MB)
	81180  -  ResidentSetSize of job (KB)
...
006 (5443416.001.000) 07/16 08:06:21 Image size of job updated: 1599228
	1003  -  MemoryUsage of job (MB)
	1026072  -  ResidentSetSize of job (KB)
...
006 (5443416.001.000) 07/18 09:45:01 Image size of job updated: 1602108
	1003  -  MemoryUsage of job (MB)
	1026072  -  ResidentSetSize of job (KB)
...
040 (5443416.001.000) 07/18 09:45:01 Started transferring output files
...
040 (5443416.001.000) 07/18 09:45:04 Finished transferring output files
...
005 (5443416.001.000) 07/18 09:45:04 Job terminated.
	(1) Normal termination (return value 0)
		Usr 10 13:57:18, Sys 0 00:04:11  -  Run Remote Usage
		Usr 0 00:00:00, Sys 0 00:00:00  -  Run Local Usage
		Usr 10 13:57:18, Sys 0 00:04:11  -  Total Remote Usage
		Usr 0 00:00:00, Sys 0 00:00:00  -  Total Local Usage
	30445350  -  Run Bytes Sent By Job
	713  -  Run Bytes Received By Job
	30445350  -  Total Bytes Sent By Job
	713  -  Total Bytes Received By Job
	Partitionable Resources :    Usage  Request Allocated 
	   Cpus                 :     5.24        8         8 
	   Disk (KB)            : 29758    10485760  10890430 
	   Memory (MB)          :  1003       16000     16000 

	Job terminated of its own accord at 2021-07-18T07:45:01Z.
...
