000 (5386075.037.000) 07/04 19:36:47 Job submitted from host: <137.138.156.150:9618?addrs=137.138.156.150-9618+[2001-1458-d00-14--9a]-9618&alias=bigbird13.cern.ch&noUDP&sock=schedd_1788_ff6c>
...
040 (5386075.037.000) 07/04 19:50:14 Started transferring input files
	Transferring to host: <128.142.68.224:9618?addrs=128.142.68.224-9618+[2001-1458-301-52--100-48d]-9618&alias=b7s10n1064.cern.ch&noUDP&sock=slot1_2_4244_0826_72667>
...
040 (5386075.037.000) 07/04 19:50:14 Finished transferring input files
...
001 (5386075.037.000) 07/04 19:50:15 Job executing on host: <128.142.68.224:9618?addrs=128.142.68.224-9618+[2001-1458-301-52--100-48d]-9618&alias=b7s10n1064.cern.ch&noUDP&sock=startd_3764_5e91>
...
006 (5386075.037.000) 07/04 19:50:24 Image size of job updated: 435184
	22  -  MemoryUsage of job (MB)
	22340  -  ResidentSetSize of job (KB)
...
006 (5386075.037.000) 07/04 19:55:24 Image size of job updated: 1591196
	1004  -  MemoryUsage of job (MB)
	1027652  -  ResidentSetSize of job (KB)
...
006 (5386075.037.000) 07/05 00:35:51 Image size of job updated: 1591196
	1004  -  MemoryUsage of job (MB)
	1027656  -  ResidentSetSize of job (KB)
...
006 (5386075.037.000) 07/06 22:35:40 Image size of job updated: 1591760
	1004  -  MemoryUsage of job (MB)
	1027656  -  ResidentSetSize of job (KB)
...
006 (5386075.037.000) 07/06 23:20:45 Image size of job updated: 1592244
	1004  -  MemoryUsage of job (MB)
	1027988  -  ResidentSetSize of job (KB)
...
006 (5386075.037.000) 07/07 00:00:49 Image size of job updated: 1592732
	1005  -  MemoryUsage of job (MB)
	1028476  -  ResidentSetSize of job (KB)
...
006 (5386075.037.000) 07/07 00:40:52 Image size of job updated: 1593216
	1005  -  MemoryUsage of job (MB)
	1028960  -  ResidentSetSize of job (KB)
...
006 (5386075.037.000) 07/07 01:25:54 Image size of job updated: 1593700
	1006  -  MemoryUsage of job (MB)
	1029444  -  ResidentSetSize of job (KB)
...
006 (5386075.037.000) 07/07 02:05:58 Image size of job updated: 1594188
	1006  -  MemoryUsage of job (MB)
	1029932  -  ResidentSetSize of job (KB)
...
006 (5386075.037.000) 07/07 02:51:00 Image size of job updated: 1594672
	1007  -  MemoryUsage of job (MB)
	1030416  -  ResidentSetSize of job (KB)
...
006 (5386075.037.000) 07/07 03:31:02 Image size of job updated: 1595156
	1007  -  MemoryUsage of job (MB)
	1030900  -  ResidentSetSize of job (KB)
...
006 (5386075.037.000) 07/07 04:11:06 Image size of job updated: 1595644
	1008  -  MemoryUsage of job (MB)
	1031388  -  ResidentSetSize of job (KB)
...
006 (5386075.037.000) 07/07 04:51:10 Image size of job updated: 1596128
	1008  -  MemoryUsage of job (MB)
	1031872  -  ResidentSetSize of job (KB)
...
006 (5386075.037.000) 07/07 05:31:14 Image size of job updated: 1596612
	1009  -  MemoryUsage of job (MB)
	1032356  -  ResidentSetSize of job (KB)
...
006 (5386075.037.000) 07/07 06:11:20 Image size of job updated: 1597100
	1009  -  MemoryUsage of job (MB)
	1032844  -  ResidentSetSize of job (KB)
...
006 (5386075.037.000) 07/07 06:51:24 Image size of job updated: 1597584
	1010  -  MemoryUsage of job (MB)
	1033328  -  ResidentSetSize of job (KB)
...
006 (5386075.037.000) 07/07 07:31:27 Image size of job updated: 1598068
	1010  -  MemoryUsage of job (MB)
	1033812  -  ResidentSetSize of job (KB)
...
006 (5386075.037.000) 07/07 08:11:33 Image size of job updated: 1598556
	1011  -  MemoryUsage of job (MB)
	1034300  -  ResidentSetSize of job (KB)
...
006 (5386075.037.000) 07/07 08:46:36 Image size of job updated: 1599040
	1011  -  MemoryUsage of job (MB)
	1034784  -  ResidentSetSize of job (KB)
...
006 (5386075.037.000) 07/07 09:26:40 Image size of job updated: 1599524
	1012  -  MemoryUsage of job (MB)
	1035268  -  ResidentSetSize of job (KB)
...
006 (5386075.037.000) 07/07 10:11:45 Image size of job updated: 1600012
	1012  -  MemoryUsage of job (MB)
	1035756  -  ResidentSetSize of job (KB)
...
006 (5386075.037.000) 07/07 10:56:47 Image size of job updated: 1600496
	1012  -  MemoryUsage of job (MB)
	1036240  -  ResidentSetSize of job (KB)
...
006 (5386075.037.000) 07/07 11:41:52 Image size of job updated: 1600980
	1013  -  MemoryUsage of job (MB)
	1036724  -  ResidentSetSize of job (KB)
...
006 (5386075.037.000) 07/07 12:21:58 Image size of job updated: 1601468
	1013  -  MemoryUsage of job (MB)
	1037212  -  ResidentSetSize of job (KB)
...
006 (5386075.037.000) 07/07 13:02:00 Image size of job updated: 1604000
	1015  -  MemoryUsage of job (MB)
	1038728  -  ResidentSetSize of job (KB)
...
006 (5386075.037.000) 07/07 13:12:01 Image size of job updated: 1604000
	1015  -  MemoryUsage of job (MB)
	1038736  -  ResidentSetSize of job (KB)
...
006 (5386075.037.000) 07/07 13:37:03 Image size of job updated: 1604000
	1015  -  MemoryUsage of job (MB)
	1038744  -  ResidentSetSize of job (KB)
...
006 (5386075.037.000) 07/07 14:07:06 Image size of job updated: 1604000
	1015  -  MemoryUsage of job (MB)
	1038752  -  ResidentSetSize of job (KB)
...
006 (5386075.037.000) 07/07 14:17:07 Image size of job updated: 1606428
	1017  -  MemoryUsage of job (MB)
	1041180  -  ResidentSetSize of job (KB)
...
040 (5386075.037.000) 07/07 14:17:39 Started transferring output files
...
040 (5386075.037.000) 07/07 14:17:39 Finished transferring output files
...
005 (5386075.037.000) 07/07 14:17:39 Job terminated.
	(1) Normal termination (return value 0)
		Usr 7 21:23:38, Sys 0 00:56:43  -  Run Remote Usage
		Usr 0 00:00:00, Sys 0 00:00:00  -  Run Local Usage
		Usr 7 21:23:38, Sys 0 00:56:43  -  Total Remote Usage
		Usr 0 00:00:00, Sys 0 00:00:00  -  Total Local Usage
	111497  -  Run Bytes Sent By Job
	783  -  Run Bytes Received By Job
	111497  -  Total Bytes Sent By Job
	783  -  Total Bytes Received By Job
	Partitionable Resources :    Usage  Request Allocated 
	   Cpus                 :     2.93        4         4 
	   Disk (KB)            :   135    10485760  10700120 
	   Memory (MB)          :  1017        8000      8000 

	Job terminated of its own accord at 2021-07-07T12:17:39Z.
...
