000 (5386075.076.000) 07/04 19:36:47 Job submitted from host: <137.138.156.150:9618?addrs=137.138.156.150-9618+[2001-1458-d00-14--9a]-9618&alias=bigbird13.cern.ch&noUDP&sock=schedd_1788_ff6c>
...
040 (5386075.076.000) 07/04 20:25:34 Started transferring input files
	Transferring to host: <188.184.169.182:9618?addrs=188.184.169.182-9618+[2001-1458-301-c0--100-3f8]-9618&alias=b7g52n3016.cern.ch&noUDP&sock=slot1_3_30309_2eaa_113687>
...
040 (5386075.076.000) 07/04 20:25:34 Finished transferring input files
...
001 (5386075.076.000) 07/04 20:25:35 Job executing on host: <188.184.169.182:9618?addrs=188.184.169.182-9618+[2001-1458-301-c0--100-3f8]-9618&alias=b7g52n3016.cern.ch&noUDP&sock=startd_16275_dff1>
...
006 (5386075.076.000) 07/04 20:25:44 Image size of job updated: 228540
	195  -  MemoryUsage of job (MB)
	199100  -  ResidentSetSize of job (KB)
...
006 (5386075.076.000) 07/04 20:30:44 Image size of job updated: 1591244
	1004  -  MemoryUsage of job (MB)
	1027696  -  ResidentSetSize of job (KB)
...
006 (5386075.076.000) 07/07 04:51:19 Image size of job updated: 1591808
	1004  -  MemoryUsage of job (MB)
	1028048  -  ResidentSetSize of job (KB)
...
006 (5386075.076.000) 07/07 05:46:23 Image size of job updated: 1592292
	1005  -  MemoryUsage of job (MB)
	1028532  -  ResidentSetSize of job (KB)
...
006 (5386075.076.000) 07/07 06:31:29 Image size of job updated: 1592776
	1005  -  MemoryUsage of job (MB)
	1029016  -  ResidentSetSize of job (KB)
...
006 (5386075.076.000) 07/07 07:21:34 Image size of job updated: 1593264
	1006  -  MemoryUsage of job (MB)
	1029504  -  ResidentSetSize of job (KB)
...
006 (5386075.076.000) 07/07 08:01:39 Image size of job updated: 1593748
	1006  -  MemoryUsage of job (MB)
	1029988  -  ResidentSetSize of job (KB)
...
006 (5386075.076.000) 07/07 08:51:47 Image size of job updated: 1594232
	1007  -  MemoryUsage of job (MB)
	1030472  -  ResidentSetSize of job (KB)
...
006 (5386075.076.000) 07/07 09:46:52 Image size of job updated: 1594720
	1007  -  MemoryUsage of job (MB)
	1030960  -  ResidentSetSize of job (KB)
...
006 (5386075.076.000) 07/07 10:36:58 Image size of job updated: 1595204
	1008  -  MemoryUsage of job (MB)
	1031444  -  ResidentSetSize of job (KB)
...
006 (5386075.076.000) 07/07 11:27:04 Image size of job updated: 1595688
	1008  -  MemoryUsage of job (MB)
	1031928  -  ResidentSetSize of job (KB)
...
006 (5386075.076.000) 07/07 12:22:11 Image size of job updated: 1596176
	1009  -  MemoryUsage of job (MB)
	1032416  -  ResidentSetSize of job (KB)
...
006 (5386075.076.000) 07/07 13:04:54 Image size of job updated: 1598604
	1009  -  MemoryUsage of job (MB)
	1032416  -  ResidentSetSize of job (KB)
...
040 (5386075.076.000) 07/07 13:04:54 Started transferring output files
...
040 (5386075.076.000) 07/07 13:04:54 Finished transferring output files
...
005 (5386075.076.000) 07/07 13:04:55 Job terminated.
	(1) Normal termination (return value 0)
		Usr 7 13:39:35, Sys 0 00:01:46  -  Run Remote Usage
		Usr 0 00:00:00, Sys 0 00:00:00  -  Run Local Usage
		Usr 7 13:39:35, Sys 0 00:01:46  -  Total Remote Usage
		Usr 0 00:00:00, Sys 0 00:00:00  -  Total Local Usage
	111539  -  Run Bytes Sent By Job
	783  -  Run Bytes Received By Job
	111539  -  Total Bytes Sent By Job
	783  -  Total Bytes Received By Job
	Partitionable Resources :    Usage  Request Allocated 
	   Cpus                 :     2.81        4         4 
	   Disk (KB)            :   135    10485760  10638526 
	   Memory (MB)          :  1009        8000      8000 

	Job terminated of its own accord at 2021-07-07T11:04:54Z.
...
