000 (5386075.032.000) 07/04 19:36:47 Job submitted from host: <137.138.156.150:9618?addrs=137.138.156.150-9618+[2001-1458-d00-14--9a]-9618&alias=bigbird13.cern.ch&noUDP&sock=schedd_1788_ff6c>
...
040 (5386075.032.000) 07/04 19:50:30 Started transferring input files
	Transferring to host: <188.184.198.90:9618?addrs=188.184.198.90-9618+[2001-1458-301-c1--100-156]-9618&alias=b7g52n0289.cern.ch&noUDP&sock=slot1_3_10910_d4f5_129067>
...
040 (5386075.032.000) 07/04 19:50:30 Finished transferring input files
...
001 (5386075.032.000) 07/04 19:50:31 Job executing on host: <188.184.198.90:9618?addrs=188.184.198.90-9618+[2001-1458-301-c1--100-156]-9618&alias=b7g52n0289.cern.ch&noUDP&sock=startd_18354_e556>
...
006 (5386075.032.000) 07/04 19:50:39 Image size of job updated: 127536
	54  -  MemoryUsage of job (MB)
	54936  -  ResidentSetSize of job (KB)
...
006 (5386075.032.000) 07/04 19:55:39 Image size of job updated: 1591084
	1004  -  MemoryUsage of job (MB)
	1027544  -  ResidentSetSize of job (KB)
...
006 (5386075.032.000) 07/07 02:01:24 Image size of job updated: 1591644
	1004  -  MemoryUsage of job (MB)
	1027544  -  ResidentSetSize of job (KB)
...
006 (5386075.032.000) 07/07 02:51:29 Image size of job updated: 1592132
	1004  -  MemoryUsage of job (MB)
	1027544  -  ResidentSetSize of job (KB)
...
006 (5386075.032.000) 07/07 03:36:34 Image size of job updated: 1592616
	1004  -  MemoryUsage of job (MB)
	1027544  -  ResidentSetSize of job (KB)
...
006 (5386075.032.000) 07/07 04:21:38 Image size of job updated: 1593100
	1004  -  MemoryUsage of job (MB)
	1027544  -  ResidentSetSize of job (KB)
...
006 (5386075.032.000) 07/07 05:06:43 Image size of job updated: 1593588
	1004  -  MemoryUsage of job (MB)
	1027980  -  ResidentSetSize of job (KB)
...
006 (5386075.032.000) 07/07 05:56:49 Image size of job updated: 1594072
	1005  -  MemoryUsage of job (MB)
	1028464  -  ResidentSetSize of job (KB)
...
006 (5386075.032.000) 07/07 06:41:54 Image size of job updated: 1594556
	1005  -  MemoryUsage of job (MB)
	1028948  -  ResidentSetSize of job (KB)
...
006 (5386075.032.000) 07/07 07:27:01 Image size of job updated: 1595044
	1006  -  MemoryUsage of job (MB)
	1029436  -  ResidentSetSize of job (KB)
...
006 (5386075.032.000) 07/07 08:17:04 Image size of job updated: 1595528
	1006  -  MemoryUsage of job (MB)
	1029920  -  ResidentSetSize of job (KB)
...
006 (5386075.032.000) 07/07 09:02:07 Image size of job updated: 1596012
	1007  -  MemoryUsage of job (MB)
	1030404  -  ResidentSetSize of job (KB)
...
006 (5386075.032.000) 07/07 09:52:12 Image size of job updated: 1596500
	1007  -  MemoryUsage of job (MB)
	1030892  -  ResidentSetSize of job (KB)
...
006 (5386075.032.000) 07/07 10:37:19 Image size of job updated: 1596984
	1008  -  MemoryUsage of job (MB)
	1031376  -  ResidentSetSize of job (KB)
...
006 (5386075.032.000) 07/07 11:22:26 Image size of job updated: 1597472
	1008  -  MemoryUsage of job (MB)
	1031864  -  ResidentSetSize of job (KB)
...
006 (5386075.032.000) 07/07 12:07:33 Image size of job updated: 1597956
	1009  -  MemoryUsage of job (MB)
	1032348  -  ResidentSetSize of job (KB)
...
006 (5386075.032.000) 07/07 12:57:38 Image size of job updated: 1598440
	1009  -  MemoryUsage of job (MB)
	1032832  -  ResidentSetSize of job (KB)
...
006 (5386075.032.000) 07/07 13:42:42 Image size of job updated: 1598928
	1010  -  MemoryUsage of job (MB)
	1033320  -  ResidentSetSize of job (KB)
...
006 (5386075.032.000) 07/07 14:27:47 Image size of job updated: 1599412
	1010  -  MemoryUsage of job (MB)
	1033804  -  ResidentSetSize of job (KB)
...
006 (5386075.032.000) 07/07 15:12:52 Image size of job updated: 1599896
	1011  -  MemoryUsage of job (MB)
	1034288  -  ResidentSetSize of job (KB)
...
006 (5386075.032.000) 07/07 15:52:59 Image size of job updated: 1600384
	1011  -  MemoryUsage of job (MB)
	1034776  -  ResidentSetSize of job (KB)
...
006 (5386075.032.000) 07/07 16:33:02 Image size of job updated: 1600868
	1011  -  MemoryUsage of job (MB)
	1035260  -  ResidentSetSize of job (KB)
...
006 (5386075.032.000) 07/07 17:13:06 Image size of job updated: 1601352
	1012  -  MemoryUsage of job (MB)
	1035744  -  ResidentSetSize of job (KB)
...
006 (5386075.032.000) 07/07 17:48:10 Image size of job updated: 1603400
	1013  -  MemoryUsage of job (MB)
	1036776  -  ResidentSetSize of job (KB)
...
006 (5386075.032.000) 07/07 17:53:11 Image size of job updated: 1603400
	1013  -  MemoryUsage of job (MB)
	1036784  -  ResidentSetSize of job (KB)
...
006 (5386075.032.000) 07/07 18:18:13 Image size of job updated: 1603400
	1013  -  MemoryUsage of job (MB)
	1036792  -  ResidentSetSize of job (KB)
...
006 (5386075.032.000) 07/07 18:28:15 Image size of job updated: 1605828
	1015  -  MemoryUsage of job (MB)
	1039004  -  ResidentSetSize of job (KB)
...
040 (5386075.032.000) 07/07 18:28:28 Entered queue to transfer output files
...
040 (5386075.032.000) 07/07 18:28:46 Started transferring output files
...
040 (5386075.032.000) 07/07 18:28:46 Finished transferring output files
...
005 (5386075.032.000) 07/07 18:28:47 Job terminated.
	(1) Normal termination (return value 0)
		Usr 8 07:56:35, Sys 0 00:01:47  -  Run Remote Usage
		Usr 0 00:00:00, Sys 0 00:00:00  -  Run Local Usage
		Usr 8 07:56:35, Sys 0 00:01:47  -  Total Remote Usage
		Usr 0 00:00:00, Sys 0 00:00:00  -  Total Local Usage
	111505  -  Run Bytes Sent By Job
	783  -  Run Bytes Received By Job
	111505  -  Total Bytes Sent By Job
	783  -  Total Bytes Received By Job
	Partitionable Resources :    Usage  Request Allocated 
	   Cpus                 :     2.93        4         4 
	   Disk (KB)            :   135    10485760  10804714 
	   Memory (MB)          :  1015        8000      8000 

	Job terminated of its own accord at 2021-07-07T16:28:23Z.
...
