000 (5386075.034.000) 07/04 19:36:47 Job submitted from host: <137.138.156.150:9618?addrs=137.138.156.150-9618+[2001-1458-d00-14--9a]-9618&alias=bigbird13.cern.ch&noUDP&sock=schedd_1788_ff6c>
...
040 (5386075.034.000) 07/04 19:50:25 Started transferring input files
	Transferring to host: <188.184.169.204:9618?addrs=188.184.169.204-9618+[2001-1458-301-c0--100-3c8]-9618&alias=b7g52n5787.cern.ch&noUDP&sock=slot1_4_6589_4be5_108778>
...
040 (5386075.034.000) 07/04 19:50:25 Finished transferring input files
...
001 (5386075.034.000) 07/04 19:50:26 Job executing on host: <188.184.169.204:9618?addrs=188.184.169.204-9618+[2001-1458-301-c0--100-3c8]-9618&alias=b7g52n5787.cern.ch&noUDP&sock=startd_17538_300e>
...
006 (5386075.034.000) 07/04 19:50:35 Image size of job updated: 277400
	53  -  MemoryUsage of job (MB)
	53804  -  ResidentSetSize of job (KB)
...
006 (5386075.034.000) 07/04 19:55:36 Image size of job updated: 1590900
	1004  -  MemoryUsage of job (MB)
	1027348  -  ResidentSetSize of job (KB)
...
006 (5386075.034.000) 07/07 02:12:28 Image size of job updated: 1591460
	1004  -  MemoryUsage of job (MB)
	1027748  -  ResidentSetSize of job (KB)
...
006 (5386075.034.000) 07/07 02:57:32 Image size of job updated: 1591944
	1005  -  MemoryUsage of job (MB)
	1028232  -  ResidentSetSize of job (KB)
...
006 (5386075.034.000) 07/07 03:42:36 Image size of job updated: 1592432
	1005  -  MemoryUsage of job (MB)
	1028720  -  ResidentSetSize of job (KB)
...
006 (5386075.034.000) 07/07 04:27:43 Image size of job updated: 1592916
	1006  -  MemoryUsage of job (MB)
	1029204  -  ResidentSetSize of job (KB)
...
006 (5386075.034.000) 07/07 05:12:46 Image size of job updated: 1593400
	1006  -  MemoryUsage of job (MB)
	1029688  -  ResidentSetSize of job (KB)
...
006 (5386075.034.000) 07/07 05:57:47 Image size of job updated: 1593888
	1007  -  MemoryUsage of job (MB)
	1030176  -  ResidentSetSize of job (KB)
...
006 (5386075.034.000) 07/07 06:37:53 Image size of job updated: 1594372
	1007  -  MemoryUsage of job (MB)
	1030660  -  ResidentSetSize of job (KB)
...
006 (5386075.034.000) 07/07 07:22:59 Image size of job updated: 1594856
	1007  -  MemoryUsage of job (MB)
	1031144  -  ResidentSetSize of job (KB)
...
006 (5386075.034.000) 07/07 08:08:06 Image size of job updated: 1595344
	1008  -  MemoryUsage of job (MB)
	1031632  -  ResidentSetSize of job (KB)
...
006 (5386075.034.000) 07/07 09:03:10 Image size of job updated: 1595828
	1008  -  MemoryUsage of job (MB)
	1032116  -  ResidentSetSize of job (KB)
...
006 (5386075.034.000) 07/07 09:53:14 Image size of job updated: 1596312
	1009  -  MemoryUsage of job (MB)
	1032600  -  ResidentSetSize of job (KB)
...
006 (5386075.034.000) 07/07 10:53:21 Image size of job updated: 1596800
	1009  -  MemoryUsage of job (MB)
	1033088  -  ResidentSetSize of job (KB)
...
006 (5386075.034.000) 07/07 11:48:28 Image size of job updated: 1597284
	1010  -  MemoryUsage of job (MB)
	1033572  -  ResidentSetSize of job (KB)
...
006 (5386075.034.000) 07/07 12:43:34 Image size of job updated: 1597768
	1010  -  MemoryUsage of job (MB)
	1034056  -  ResidentSetSize of job (KB)
...
006 (5386075.034.000) 07/07 13:33:40 Image size of job updated: 1598256
	1011  -  MemoryUsage of job (MB)
	1034544  -  ResidentSetSize of job (KB)
...
006 (5386075.034.000) 07/07 14:13:45 Image size of job updated: 1598256
	1013  -  MemoryUsage of job (MB)
	1036972  -  ResidentSetSize of job (KB)
...
006 (5386075.034.000) 07/07 14:15:11 Image size of job updated: 1600684
	1013  -  MemoryUsage of job (MB)
	1036972  -  ResidentSetSize of job (KB)
...
040 (5386075.034.000) 07/07 14:15:11 Started transferring output files
...
040 (5386075.034.000) 07/07 14:15:11 Finished transferring output files
...
005 (5386075.034.000) 07/07 14:15:12 Job terminated.
	(1) Normal termination (return value 0)
		Usr 7 17:41:15, Sys 0 00:01:43  -  Run Remote Usage
		Usr 0 00:00:00, Sys 0 00:00:00  -  Run Local Usage
		Usr 7 17:41:15, Sys 0 00:01:43  -  Total Remote Usage
		Usr 0 00:00:00, Sys 0 00:00:00  -  Total Local Usage
	111488  -  Run Bytes Sent By Job
	783  -  Run Bytes Received By Job
	111488  -  Total Bytes Sent By Job
	783  -  Total Bytes Received By Job
	Partitionable Resources :    Usage  Request Allocated 
	   Cpus                 :     2.87        4         4 
	   Disk (KB)            :   135    10485760  10698195 
	   Memory (MB)          :  1013        8000      8000 

	Job terminated of its own accord at 2021-07-07T12:15:11Z.
...
