000 (5386075.052.000) 07/04 19:36:47 Job submitted from host: <137.138.156.150:9618?addrs=137.138.156.150-9618+[2001-1458-d00-14--9a]-9618&alias=bigbird13.cern.ch&noUDP&sock=schedd_1788_ff6c>
...
040 (5386075.052.000) 07/04 20:00:19 Started transferring input files
	Transferring to host: <188.184.198.49:9618?addrs=188.184.198.49-9618+[2001-1458-301-c1--100-144]-9618&alias=b7g52n6114.cern.ch&noUDP&sock=slot1_1_5796_8e65_54394>
...
040 (5386075.052.000) 07/04 20:00:19 Finished transferring input files
...
001 (5386075.052.000) 07/04 20:00:20 Job executing on host: <188.184.198.49:9618?addrs=188.184.198.49-9618+[2001-1458-301-c1--100-144]-9618&alias=b7g52n6114.cern.ch&noUDP&sock=startd_4626_a134>
...
006 (5386075.052.000) 07/04 20:00:29 Image size of job updated: 217320
	177  -  MemoryUsage of job (MB)
	180256  -  ResidentSetSize of job (KB)
...
006 (5386075.052.000) 07/04 20:05:29 Image size of job updated: 1591280
	1004  -  MemoryUsage of job (MB)
	1027724  -  ResidentSetSize of job (KB)
...
006 (5386075.052.000) 07/06 23:31:19 Image size of job updated: 1591840
	1004  -  MemoryUsage of job (MB)
	1027724  -  ResidentSetSize of job (KB)
...
006 (5386075.052.000) 07/07 00:26:26 Image size of job updated: 1592324
	1004  -  MemoryUsage of job (MB)
	1027724  -  ResidentSetSize of job (KB)
...
006 (5386075.052.000) 07/07 01:16:30 Image size of job updated: 1594752
	1006  -  MemoryUsage of job (MB)
	1030120  -  ResidentSetSize of job (KB)
...
006 (5386075.052.000) 07/07 01:18:13 Image size of job updated: 2234408
	1006  -  MemoryUsage of job (MB)
	1030120  -  ResidentSetSize of job (KB)
...
040 (5386075.052.000) 07/07 01:18:14 Started transferring output files
...
040 (5386075.052.000) 07/07 01:18:14 Finished transferring output files
...
005 (5386075.052.000) 07/07 01:18:14 Job terminated.
	(1) Normal termination (return value 0)
		Usr 6 05:23:18, Sys 0 00:01:07  -  Run Remote Usage
		Usr 0 00:00:00, Sys 0 00:00:00  -  Run Local Usage
		Usr 6 05:23:18, Sys 0 00:01:07  -  Total Remote Usage
		Usr 0 00:00:00, Sys 0 00:00:00  -  Total Local Usage
	111515  -  Run Bytes Sent By Job
	783  -  Run Bytes Received By Job
	111515  -  Total Bytes Sent By Job
	783  -  Total Bytes Received By Job
	Partitionable Resources :    Usage  Request Allocated 
	   Cpus                 :     2.84        4         4 
	   Disk (KB)            :   135    10485760  10684747 
	   Memory (MB)          :  1006        8000      8000 

	Job terminated of its own accord at 2021-07-06T23:18:13Z.
...
