000 (5386075.096.000) 07/04 19:36:47 Job submitted from host: <137.138.156.150:9618?addrs=137.138.156.150-9618+[2001-1458-d00-14--9a]-9618&alias=bigbird13.cern.ch&noUDP&sock=schedd_1788_ff6c>
...
040 (5386075.096.000) 07/04 20:35:14 Started transferring input files
	Transferring to host: <128.142.79.37:9618?addrs=128.142.79.37-9618+[2001-1458-301-f4--100-3c4]-9618&alias=b7s12n3705.cern.ch&noUDP&sock=slot1_2_4773_c29b_53114>
...
040 (5386075.096.000) 07/04 20:35:14 Finished transferring input files
...
001 (5386075.096.000) 07/04 20:35:15 Job executing on host: <128.142.79.37:9618?addrs=128.142.79.37-9618+[2001-1458-301-f4--100-3c4]-9618&alias=b7s12n3705.cern.ch&noUDP&sock=startd_3884_adee>
...
006 (5386075.096.000) 07/04 20:35:24 Image size of job updated: 456148
	53  -  MemoryUsage of job (MB)
	53284  -  ResidentSetSize of job (KB)
...
006 (5386075.096.000) 07/04 20:40:25 Image size of job updated: 1591092
	1004  -  MemoryUsage of job (MB)
	1027532  -  ResidentSetSize of job (KB)
...
006 (5386075.096.000) 07/07 03:13:03 Image size of job updated: 1591652
	1004  -  MemoryUsage of job (MB)
	1028016  -  ResidentSetSize of job (KB)
...
006 (5386075.096.000) 07/07 04:03:09 Image size of job updated: 1592136
	1005  -  MemoryUsage of job (MB)
	1028500  -  ResidentSetSize of job (KB)
...
006 (5386075.096.000) 07/07 04:38:13 Image size of job updated: 1592624
	1005  -  MemoryUsage of job (MB)
	1028988  -  ResidentSetSize of job (KB)
...
006 (5386075.096.000) 07/07 05:23:20 Image size of job updated: 1593108
	1006  -  MemoryUsage of job (MB)
	1029472  -  ResidentSetSize of job (KB)
...
006 (5386075.096.000) 07/07 06:18:27 Image size of job updated: 1593596
	1006  -  MemoryUsage of job (MB)
	1029956  -  ResidentSetSize of job (KB)
...
006 (5386075.096.000) 07/07 07:18:32 Image size of job updated: 1594080
	1007  -  MemoryUsage of job (MB)
	1030444  -  ResidentSetSize of job (KB)
...
006 (5386075.096.000) 07/07 08:13:39 Image size of job updated: 1594564
	1007  -  MemoryUsage of job (MB)
	1030928  -  ResidentSetSize of job (KB)
...
006 (5386075.096.000) 07/07 09:08:46 Image size of job updated: 1595052
	1008  -  MemoryUsage of job (MB)
	1031416  -  ResidentSetSize of job (KB)
...
006 (5386075.096.000) 07/07 09:48:49 Image size of job updated: 1595536
	1008  -  MemoryUsage of job (MB)
	1031900  -  ResidentSetSize of job (KB)
...
006 (5386075.096.000) 07/07 10:28:54 Image size of job updated: 1596020
	1009  -  MemoryUsage of job (MB)
	1032384  -  ResidentSetSize of job (KB)
...
006 (5386075.096.000) 07/07 11:14:00 Image size of job updated: 1596508
	1009  -  MemoryUsage of job (MB)
	1032872  -  ResidentSetSize of job (KB)
...
006 (5386075.096.000) 07/07 11:59:03 Image size of job updated: 1596992
	1010  -  MemoryUsage of job (MB)
	1033356  -  ResidentSetSize of job (KB)
...
006 (5386075.096.000) 07/07 12:54:08 Image size of job updated: 1597476
	1010  -  MemoryUsage of job (MB)
	1033840  -  ResidentSetSize of job (KB)
...
006 (5386075.096.000) 07/07 13:49:11 Image size of job updated: 1597964
	1011  -  MemoryUsage of job (MB)
	1034328  -  ResidentSetSize of job (KB)
...
006 (5386075.096.000) 07/07 14:39:17 Image size of job updated: 1598448
	1011  -  MemoryUsage of job (MB)
	1034812  -  ResidentSetSize of job (KB)
...
006 (5386075.096.000) 07/07 15:29:21 Image size of job updated: 1598932
	1012  -  MemoryUsage of job (MB)
	1035296  -  ResidentSetSize of job (KB)
...
006 (5386075.096.000) 07/07 16:04:26 Image size of job updated: 1598932
	1012  -  MemoryUsage of job (MB)
	1035784  -  ResidentSetSize of job (KB)
...
006 (5386075.096.000) 07/07 16:09:26 Image size of job updated: 1599420
	1012  -  MemoryUsage of job (MB)
	1035784  -  ResidentSetSize of job (KB)
...
006 (5386075.096.000) 07/07 16:44:31 Image size of job updated: 1599904
	1012  -  MemoryUsage of job (MB)
	1036268  -  ResidentSetSize of job (KB)
...
006 (5386075.096.000) 07/07 17:24:36 Image size of job updated: 1600388
	1013  -  MemoryUsage of job (MB)
	1036752  -  ResidentSetSize of job (KB)
...
006 (5386075.096.000) 07/07 17:59:40 Image size of job updated: 1600876
	1013  -  MemoryUsage of job (MB)
	1037240  -  ResidentSetSize of job (KB)
...
006 (5386075.096.000) 07/07 18:54:44 Image size of job updated: 1601360
	1014  -  MemoryUsage of job (MB)
	1037724  -  ResidentSetSize of job (KB)
...
006 (5386075.096.000) 07/07 19:59:52 Image size of job updated: 1601844
	1014  -  MemoryUsage of job (MB)
	1038208  -  ResidentSetSize of job (KB)
...
006 (5386075.096.000) 07/07 20:59:57 Image size of job updated: 1602332
	1015  -  MemoryUsage of job (MB)
	1038696  -  ResidentSetSize of job (KB)
...
006 (5386075.096.000) 07/07 21:04:57 Image size of job updated: 1604380
	1016  -  MemoryUsage of job (MB)
	1039728  -  ResidentSetSize of job (KB)
...
006 (5386075.096.000) 07/07 21:29:59 Image size of job updated: 1604380
	1016  -  MemoryUsage of job (MB)
	1039736  -  ResidentSetSize of job (KB)
...
006 (5386075.096.000) 07/07 22:05:05 Image size of job updated: 1604380
	1016  -  MemoryUsage of job (MB)
	1039744  -  ResidentSetSize of job (KB)
...
006 (5386075.096.000) 07/07 22:45:08 Image size of job updated: 1604864
	1016  -  MemoryUsage of job (MB)
	1040236  -  ResidentSetSize of job (KB)
...
006 (5386075.096.000) 07/07 23:30:13 Image size of job updated: 1604864
	1016  -  MemoryUsage of job (MB)
	1040244  -  ResidentSetSize of job (KB)
...
006 (5386075.096.000) 07/07 23:40:14 Image size of job updated: 1605348
	1017  -  MemoryUsage of job (MB)
	1040728  -  ResidentSetSize of job (KB)
...
006 (5386075.096.000) 07/08 00:10:14 Image size of job updated: 1605348
	1017  -  MemoryUsage of job (MB)
	1040736  -  ResidentSetSize of job (KB)
...
006 (5386075.096.000) 07/08 00:35:17 Image size of job updated: 1605836
	1017  -  MemoryUsage of job (MB)
	1041224  -  ResidentSetSize of job (KB)
...
006 (5386075.096.000) 07/08 00:50:19 Image size of job updated: 1605836
	1017  -  MemoryUsage of job (MB)
	1041232  -  ResidentSetSize of job (KB)
...
006 (5386075.096.000) 07/08 01:35:23 Image size of job updated: 1608264
	1020  -  MemoryUsage of job (MB)
	1043668  -  ResidentSetSize of job (KB)
...
006 (5386075.096.000) 07/08 01:37:25 Image size of job updated: 1613064
	1020  -  MemoryUsage of job (MB)
	1043668  -  ResidentSetSize of job (KB)
...
040 (5386075.096.000) 07/08 01:37:25 Started transferring output files
...
040 (5386075.096.000) 07/08 01:37:25 Finished transferring output files
...
005 (5386075.096.000) 07/08 01:37:25 Job terminated.
	(1) Normal termination (return value 0)
		Usr 9 02:53:00, Sys 0 00:02:39  -  Run Remote Usage
		Usr 0 00:00:00, Sys 0 00:00:00  -  Run Local Usage
		Usr 9 02:53:00, Sys 0 00:02:39  -  Total Remote Usage
		Usr 0 00:00:00, Sys 0 00:00:00  -  Total Local Usage
	111506  -  Run Bytes Sent By Job
	783  -  Run Bytes Received By Job
	111506  -  Total Bytes Sent By Job
	783  -  Total Bytes Received By Job
	Partitionable Resources :    Usage  Request Allocated 
	   Cpus                 :     2.67        4         4 
	   Disk (KB)            :   135    10485760  10628442 
	   Memory (MB)          :  1020        8000      8000 

	Job terminated of its own accord at 2021-07-07T23:37:25Z.
...
