000 (5386075.048.000) 07/04 19:36:47 Job submitted from host: <137.138.156.150:9618?addrs=137.138.156.150-9618+[2001-1458-d00-14--9a]-9618&alias=bigbird13.cern.ch&noUDP&sock=schedd_1788_ff6c>
...
040 (5386075.048.000) 07/04 19:50:29 Started transferring input files
	Transferring to host: <188.184.198.90:9618?addrs=188.184.198.90-9618+[2001-1458-301-c1--100-156]-9618&alias=b7g52n0289.cern.ch&noUDP&sock=slot1_5_10910_d4f5_129069>
...
040 (5386075.048.000) 07/04 19:50:29 Finished transferring input files
...
001 (5386075.048.000) 07/04 19:50:30 Job executing on host: <188.184.198.90:9618?addrs=188.184.198.90-9618+[2001-1458-301-c1--100-156]-9618&alias=b7g52n0289.cern.ch&noUDP&sock=startd_18354_e556>
...
006 (5386075.048.000) 07/04 19:50:39 Image size of job updated: 113292
	54  -  MemoryUsage of job (MB)
	55280  -  ResidentSetSize of job (KB)
...
006 (5386075.048.000) 07/04 19:55:39 Image size of job updated: 1591236
	1004  -  MemoryUsage of job (MB)
	1027696  -  ResidentSetSize of job (KB)
...
006 (5386075.048.000) 07/07 02:01:15 Image size of job updated: 1591796
	1004  -  MemoryUsage of job (MB)
	1027820  -  ResidentSetSize of job (KB)
...
006 (5386075.048.000) 07/07 02:51:19 Image size of job updated: 1592280
	1005  -  MemoryUsage of job (MB)
	1028304  -  ResidentSetSize of job (KB)
...
006 (5386075.048.000) 07/07 03:41:25 Image size of job updated: 1592768
	1005  -  MemoryUsage of job (MB)
	1028792  -  ResidentSetSize of job (KB)
...
006 (5386075.048.000) 07/07 04:26:31 Image size of job updated: 1593252
	1006  -  MemoryUsage of job (MB)
	1029276  -  ResidentSetSize of job (KB)
...
006 (5386075.048.000) 07/07 05:11:34 Image size of job updated: 1593736
	1006  -  MemoryUsage of job (MB)
	1029760  -  ResidentSetSize of job (KB)
...
006 (5386075.048.000) 07/07 06:01:40 Image size of job updated: 1594224
	1007  -  MemoryUsage of job (MB)
	1030248  -  ResidentSetSize of job (KB)
...
006 (5386075.048.000) 07/07 06:46:44 Image size of job updated: 1594708
	1007  -  MemoryUsage of job (MB)
	1030732  -  ResidentSetSize of job (KB)
...
006 (5386075.048.000) 07/07 07:31:50 Image size of job updated: 1595192
	1008  -  MemoryUsage of job (MB)
	1031216  -  ResidentSetSize of job (KB)
...
006 (5386075.048.000) 07/07 08:21:57 Image size of job updated: 1595680
	1008  -  MemoryUsage of job (MB)
	1031704  -  ResidentSetSize of job (KB)
...
006 (5386075.048.000) 07/07 09:07:02 Image size of job updated: 1596164
	1008  -  MemoryUsage of job (MB)
	1032188  -  ResidentSetSize of job (KB)
...
006 (5386075.048.000) 07/07 09:57:12 Image size of job updated: 1596648
	1009  -  MemoryUsage of job (MB)
	1032672  -  ResidentSetSize of job (KB)
...
006 (5386075.048.000) 07/07 10:42:17 Image size of job updated: 1597136
	1009  -  MemoryUsage of job (MB)
	1033160  -  ResidentSetSize of job (KB)
...
006 (5386075.048.000) 07/07 11:27:21 Image size of job updated: 1597620
	1010  -  MemoryUsage of job (MB)
	1033644  -  ResidentSetSize of job (KB)
...
006 (5386075.048.000) 07/07 12:17:26 Image size of job updated: 1598104
	1010  -  MemoryUsage of job (MB)
	1034128  -  ResidentSetSize of job (KB)
...
006 (5386075.048.000) 07/07 13:02:31 Image size of job updated: 1598592
	1011  -  MemoryUsage of job (MB)
	1034616  -  ResidentSetSize of job (KB)
...
006 (5386075.048.000) 07/07 13:47:33 Image size of job updated: 1599076
	1011  -  MemoryUsage of job (MB)
	1035100  -  ResidentSetSize of job (KB)
...
006 (5386075.048.000) 07/07 14:32:39 Image size of job updated: 1599564
	1012  -  MemoryUsage of job (MB)
	1035588  -  ResidentSetSize of job (KB)
...
006 (5386075.048.000) 07/07 15:17:44 Image size of job updated: 1600048
	1012  -  MemoryUsage of job (MB)
	1036072  -  ResidentSetSize of job (KB)
...
006 (5386075.048.000) 07/07 16:02:52 Image size of job updated: 1600532
	1013  -  MemoryUsage of job (MB)
	1036556  -  ResidentSetSize of job (KB)
...
006 (5386075.048.000) 07/07 16:42:57 Image size of job updated: 1601020
	1013  -  MemoryUsage of job (MB)
	1037044  -  ResidentSetSize of job (KB)
...
006 (5386075.048.000) 07/07 17:22:59 Image size of job updated: 1601988
	1014  -  MemoryUsage of job (MB)
	1038012  -  ResidentSetSize of job (KB)
...
006 (5386075.048.000) 07/07 17:48:03 Image size of job updated: 1604036
	1015  -  MemoryUsage of job (MB)
	1039044  -  ResidentSetSize of job (KB)
...
006 (5386075.048.000) 07/07 17:53:03 Image size of job updated: 1604036
	1015  -  MemoryUsage of job (MB)
	1039052  -  ResidentSetSize of job (KB)
...
006 (5386075.048.000) 07/07 17:58:04 Image size of job updated: 1605980
	1017  -  MemoryUsage of job (MB)
	1040996  -  ResidentSetSize of job (KB)
...
040 (5386075.048.000) 07/07 17:58:58 Started transferring output files
...
040 (5386075.048.000) 07/07 17:58:58 Finished transferring output files
...
005 (5386075.048.000) 07/07 17:58:58 Job terminated.
	(1) Normal termination (return value 0)
		Usr 8 06:39:30, Sys 0 00:01:46  -  Run Remote Usage
		Usr 0 00:00:00, Sys 0 00:00:00  -  Run Local Usage
		Usr 8 06:39:30, Sys 0 00:01:46  -  Total Remote Usage
		Usr 0 00:00:00, Sys 0 00:00:00  -  Total Local Usage
	111518  -  Run Bytes Sent By Job
	783  -  Run Bytes Received By Job
	111518  -  Total Bytes Sent By Job
	783  -  Total Bytes Received By Job
	Partitionable Resources :    Usage  Request Allocated 
	   Cpus                 :     2.87        4         4 
	   Disk (KB)            :   135    10485760  10803037 
	   Memory (MB)          :  1017        8000      8000 

	Job terminated of its own accord at 2021-07-07T15:58:58Z.
...
