000 (5386075.058.000) 07/04 19:36:47 Job submitted from host: <137.138.156.150:9618?addrs=137.138.156.150-9618+[2001-1458-d00-14--9a]-9618&alias=bigbird13.cern.ch&noUDP&sock=schedd_1788_ff6c>
...
040 (5386075.058.000) 07/04 20:00:20 Started transferring input files
	Transferring to host: <128.142.78.232:9618?addrs=128.142.78.232-9618+[2001-1458-301-f4--100-5f]-9618&alias=b7s12n7764.cern.ch&noUDP&sock=slot1_3_5101_dda9_66809>
...
040 (5386075.058.000) 07/04 20:00:20 Finished transferring input files
...
001 (5386075.058.000) 07/04 20:00:21 Job executing on host: <128.142.78.232:9618?addrs=128.142.78.232-9618+[2001-1458-301-f4--100-5f]-9618&alias=b7s12n7764.cern.ch&noUDP&sock=startd_3974_6974>
...
006 (5386075.058.000) 07/04 20:00:29 Image size of job updated: 332780
	70  -  MemoryUsage of job (MB)
	71564  -  ResidentSetSize of job (KB)
...
006 (5386075.058.000) 07/04 20:05:29 Image size of job updated: 1591224
	1004  -  MemoryUsage of job (MB)
	1027664  -  ResidentSetSize of job (KB)
...
006 (5386075.058.000) 07/07 01:10:50 Image size of job updated: 1591788
	1004  -  MemoryUsage of job (MB)
	1027664  -  ResidentSetSize of job (KB)
...
006 (5386075.058.000) 07/07 01:50:52 Image size of job updated: 1592272
	1004  -  MemoryUsage of job (MB)
	1027664  -  ResidentSetSize of job (KB)
...
006 (5386075.058.000) 07/07 02:30:56 Image size of job updated: 1592760
	1004  -  MemoryUsage of job (MB)
	1027664  -  ResidentSetSize of job (KB)
...
006 (5386075.058.000) 07/07 03:06:00 Image size of job updated: 1593244
	1004  -  MemoryUsage of job (MB)
	1027664  -  ResidentSetSize of job (KB)
...
006 (5386075.058.000) 07/07 03:41:06 Image size of job updated: 1593728
	1004  -  MemoryUsage of job (MB)
	1027664  -  ResidentSetSize of job (KB)
...
006 (5386075.058.000) 07/07 04:21:10 Image size of job updated: 1594216
	1004  -  MemoryUsage of job (MB)
	1027808  -  ResidentSetSize of job (KB)
...
006 (5386075.058.000) 07/07 04:56:14 Image size of job updated: 1594700
	1005  -  MemoryUsage of job (MB)
	1028292  -  ResidentSetSize of job (KB)
...
006 (5386075.058.000) 07/07 05:46:19 Image size of job updated: 1595184
	1005  -  MemoryUsage of job (MB)
	1028776  -  ResidentSetSize of job (KB)
...
006 (5386075.058.000) 07/07 06:31:25 Image size of job updated: 1595672
	1006  -  MemoryUsage of job (MB)
	1029264  -  ResidentSetSize of job (KB)
...
006 (5386075.058.000) 07/07 07:26:30 Image size of job updated: 1596156
	1006  -  MemoryUsage of job (MB)
	1029748  -  ResidentSetSize of job (KB)
...
006 (5386075.058.000) 07/07 08:21:38 Image size of job updated: 1596640
	1007  -  MemoryUsage of job (MB)
	1030232  -  ResidentSetSize of job (KB)
...
006 (5386075.058.000) 07/07 09:16:44 Image size of job updated: 1597128
	1007  -  MemoryUsage of job (MB)
	1030720  -  ResidentSetSize of job (KB)
...
006 (5386075.058.000) 07/07 10:06:49 Image size of job updated: 1597612
	1008  -  MemoryUsage of job (MB)
	1031200  -  ResidentSetSize of job (KB)
...
006 (5386075.058.000) 07/07 11:01:52 Image size of job updated: 1598096
	1008  -  MemoryUsage of job (MB)
	1031684  -  ResidentSetSize of job (KB)
...
006 (5386075.058.000) 07/07 11:56:57 Image size of job updated: 1598584
	1008  -  MemoryUsage of job (MB)
	1032172  -  ResidentSetSize of job (KB)
...
006 (5386075.058.000) 07/07 12:57:04 Image size of job updated: 1599068
	1009  -  MemoryUsage of job (MB)
	1032656  -  ResidentSetSize of job (KB)
...
006 (5386075.058.000) 07/07 13:52:10 Image size of job updated: 1599552
	1009  -  MemoryUsage of job (MB)
	1033140  -  ResidentSetSize of job (KB)
...
006 (5386075.058.000) 07/07 14:47:14 Image size of job updated: 1600040
	1010  -  MemoryUsage of job (MB)
	1033628  -  ResidentSetSize of job (KB)
...
006 (5386075.058.000) 07/07 15:37:20 Image size of job updated: 1602464
	1012  -  MemoryUsage of job (MB)
	1036052  -  ResidentSetSize of job (KB)
...
040 (5386075.058.000) 07/07 15:37:41 Started transferring output files
...
040 (5386075.058.000) 07/07 15:37:41 Finished transferring output files
...
005 (5386075.058.000) 07/07 15:37:42 Job terminated.
	(1) Normal termination (return value 0)
		Usr 7 23:35:45, Sys 0 00:02:13  -  Run Remote Usage
		Usr 0 00:00:00, Sys 0 00:00:00  -  Run Local Usage
		Usr 7 23:35:45, Sys 0 00:02:13  -  Total Remote Usage
		Usr 0 00:00:00, Sys 0 00:00:00  -  Total Local Usage
	111524  -  Run Bytes Sent By Job
	783  -  Run Bytes Received By Job
	111524  -  Total Bytes Sent By Job
	783  -  Total Bytes Received By Job
	Partitionable Resources :    Usage  Request Allocated 
	   Cpus                 :     2.95        4         4 
	   Disk (KB)            :   135    10485760  10615116 
	   Memory (MB)          :  1012        8000      8000 

	Job terminated of its own accord at 2021-07-07T13:37:41Z.
...
