000 (5386075.041.000) 07/04 19:36:47 Job submitted from host: <137.138.156.150:9618?addrs=137.138.156.150-9618+[2001-1458-d00-14--9a]-9618&alias=bigbird13.cern.ch&noUDP&sock=schedd_1788_ff6c>
...
040 (5386075.041.000) 07/04 19:50:16 Started transferring input files
	Transferring to host: <188.184.198.213:9618?addrs=188.184.198.213-9618&alias=b7g52n7610.cern.ch&noUDP&sock=slot1_3_5422_0a16_53706>
...
040 (5386075.041.000) 07/04 19:50:16 Finished transferring input files
...
001 (5386075.041.000) 07/04 19:50:17 Job executing on host: <188.184.198.213:9618?addrs=188.184.198.213-9618&alias=b7g52n7610.cern.ch&noUDP&sock=startd_4311_90de>
...
006 (5386075.041.000) 07/04 19:50:26 Image size of job updated: 570632
	245  -  MemoryUsage of job (MB)
	250196  -  ResidentSetSize of job (KB)
...
006 (5386075.041.000) 07/04 19:55:26 Image size of job updated: 1591220
	1004  -  MemoryUsage of job (MB)
	1027680  -  ResidentSetSize of job (KB)
...
006 (5386075.041.000) 07/07 04:56:49 Image size of job updated: 1591780
	1005  -  MemoryUsage of job (MB)
	1028124  -  ResidentSetSize of job (KB)
...
006 (5386075.041.000) 07/07 05:51:54 Image size of job updated: 1592268
	1005  -  MemoryUsage of job (MB)
	1028612  -  ResidentSetSize of job (KB)
...
006 (5386075.041.000) 07/07 06:41:57 Image size of job updated: 1592752
	1005  -  MemoryUsage of job (MB)
	1029096  -  ResidentSetSize of job (KB)
...
006 (5386075.041.000) 07/07 07:37:02 Image size of job updated: 1593236
	1006  -  MemoryUsage of job (MB)
	1029580  -  ResidentSetSize of job (KB)
...
006 (5386075.041.000) 07/07 08:32:07 Image size of job updated: 1593724
	1006  -  MemoryUsage of job (MB)
	1030068  -  ResidentSetSize of job (KB)
...
006 (5386075.041.000) 07/07 09:22:11 Image size of job updated: 1594208
	1007  -  MemoryUsage of job (MB)
	1030552  -  ResidentSetSize of job (KB)
...
006 (5386075.041.000) 07/07 10:12:13 Image size of job updated: 1594692
	1007  -  MemoryUsage of job (MB)
	1031036  -  ResidentSetSize of job (KB)
...
006 (5386075.041.000) 07/07 11:07:19 Image size of job updated: 1595180
	1008  -  MemoryUsage of job (MB)
	1031524  -  ResidentSetSize of job (KB)
...
006 (5386075.041.000) 07/07 11:57:23 Image size of job updated: 1595664
	1008  -  MemoryUsage of job (MB)
	1032008  -  ResidentSetSize of job (KB)
...
006 (5386075.041.000) 07/07 12:47:30 Image size of job updated: 1596148
	1009  -  MemoryUsage of job (MB)
	1032492  -  ResidentSetSize of job (KB)
...
006 (5386075.041.000) 07/07 13:37:34 Image size of job updated: 1596636
	1009  -  MemoryUsage of job (MB)
	1032980  -  ResidentSetSize of job (KB)
...
006 (5386075.041.000) 07/07 14:27:41 Image size of job updated: 1597120
	1010  -  MemoryUsage of job (MB)
	1033464  -  ResidentSetSize of job (KB)
...
006 (5386075.041.000) 07/07 15:17:47 Image size of job updated: 1597604
	1010  -  MemoryUsage of job (MB)
	1033948  -  ResidentSetSize of job (KB)
...
006 (5386075.041.000) 07/07 16:02:49 Image size of job updated: 1598092
	1011  -  MemoryUsage of job (MB)
	1034436  -  ResidentSetSize of job (KB)
...
006 (5386075.041.000) 07/07 16:52:55 Image size of job updated: 1598576
	1011  -  MemoryUsage of job (MB)
	1034920  -  ResidentSetSize of job (KB)
...
006 (5386075.041.000) 07/07 17:47:58 Image size of job updated: 1599060
	1012  -  MemoryUsage of job (MB)
	1035404  -  ResidentSetSize of job (KB)
...
006 (5386075.041.000) 07/07 18:38:04 Image size of job updated: 1599548
	1012  -  MemoryUsage of job (MB)
	1035892  -  ResidentSetSize of job (KB)
...
006 (5386075.041.000) 07/07 19:33:10 Image size of job updated: 1600032
	1013  -  MemoryUsage of job (MB)
	1036376  -  ResidentSetSize of job (KB)
...
006 (5386075.041.000) 07/07 20:28:17 Image size of job updated: 1600516
	1013  -  MemoryUsage of job (MB)
	1036860  -  ResidentSetSize of job (KB)
...
006 (5386075.041.000) 07/07 21:23:21 Image size of job updated: 1601004
	1014  -  MemoryUsage of job (MB)
	1037348  -  ResidentSetSize of job (KB)
...
006 (5386075.041.000) 07/07 22:18:26 Image size of job updated: 1601488
	1014  -  MemoryUsage of job (MB)
	1037832  -  ResidentSetSize of job (KB)
...
006 (5386075.041.000) 07/07 22:48:29 Image size of job updated: 1603536
	1015  -  MemoryUsage of job (MB)
	1038864  -  ResidentSetSize of job (KB)
...
006 (5386075.041.000) 07/07 22:58:30 Image size of job updated: 1603536
	1015  -  MemoryUsage of job (MB)
	1038872  -  ResidentSetSize of job (KB)
...
006 (5386075.041.000) 07/07 23:08:01 Image size of job updated: 2254800
	1015  -  MemoryUsage of job (MB)
	1038872  -  ResidentSetSize of job (KB)
...
040 (5386075.041.000) 07/07 23:08:01 Started transferring output files
...
040 (5386075.041.000) 07/07 23:08:02 Finished transferring output files
...
005 (5386075.041.000) 07/07 23:08:02 Job terminated.
	(1) Normal termination (return value 0)
		Usr 8 17:27:39, Sys 0 00:02:25  -  Run Remote Usage
		Usr 0 00:00:00, Sys 0 00:00:00  -  Run Local Usage
		Usr 8 17:27:39, Sys 0 00:02:25  -  Total Remote Usage
		Usr 0 00:00:00, Sys 0 00:00:00  -  Total Local Usage
	111502  -  Run Bytes Sent By Job
	783  -  Run Bytes Received By Job
	111502  -  Total Bytes Sent By Job
	783  -  Total Bytes Received By Job
	Partitionable Resources :    Usage  Request Allocated 
	   Cpus                 :     2.94        4         4 
	   Disk (KB)            :   135    10485760  10654552 
	   Memory (MB)          :  1015        8000      8000 

	Job terminated of its own accord at 2021-07-07T21:08:01Z.
...
