000 (5386075.075.000) 07/04 19:36:47 Job submitted from host: <137.138.156.150:9618?addrs=137.138.156.150-9618+[2001-1458-d00-14--9a]-9618&alias=bigbird13.cern.ch&noUDP&sock=schedd_1788_ff6c>
...
040 (5386075.075.000) 07/04 20:25:18 Started transferring input files
	Transferring to host: <128.142.72.214:9618?addrs=128.142.72.214-9618&alias=b7s11n9714.cern.ch&noUDP&sock=slot1_2_2928_ca70_8788>
...
040 (5386075.075.000) 07/04 20:25:18 Finished transferring input files
...
001 (5386075.075.000) 07/04 20:25:19 Job executing on host: <128.142.72.214:9618?addrs=128.142.72.214-9618&alias=b7s11n9714.cern.ch&noUDP&sock=startd_2120_b8de>
...
006 (5386075.075.000) 07/04 20:25:27 Image size of job updated: 127056
	93  -  MemoryUsage of job (MB)
	94528  -  ResidentSetSize of job (KB)
...
006 (5386075.075.000) 07/04 20:30:27 Image size of job updated: 1591248
	1004  -  MemoryUsage of job (MB)
	1027696  -  ResidentSetSize of job (KB)
...
006 (5386075.075.000) 07/06 01:08:21 Image size of job updated: 1591248
	1006  -  MemoryUsage of job (MB)
	1029632  -  ResidentSetSize of job (KB)
...
006 (5386075.075.000) 07/07 05:11:33 Image size of job updated: 1591812
	1006  -  MemoryUsage of job (MB)
	1030120  -  ResidentSetSize of job (KB)
...
006 (5386075.075.000) 07/07 05:51:39 Image size of job updated: 1592296
	1007  -  MemoryUsage of job (MB)
	1030604  -  ResidentSetSize of job (KB)
...
006 (5386075.075.000) 07/07 06:31:41 Image size of job updated: 1592780
	1007  -  MemoryUsage of job (MB)
	1031088  -  ResidentSetSize of job (KB)
...
006 (5386075.075.000) 07/07 07:16:47 Image size of job updated: 1593268
	1008  -  MemoryUsage of job (MB)
	1031576  -  ResidentSetSize of job (KB)
...
006 (5386075.075.000) 07/07 07:56:52 Image size of job updated: 1593752
	1008  -  MemoryUsage of job (MB)
	1032060  -  ResidentSetSize of job (KB)
...
006 (5386075.075.000) 07/07 08:36:55 Image size of job updated: 1594236
	1009  -  MemoryUsage of job (MB)
	1032544  -  ResidentSetSize of job (KB)
...
006 (5386075.075.000) 07/07 09:16:59 Image size of job updated: 1594724
	1009  -  MemoryUsage of job (MB)
	1033032  -  ResidentSetSize of job (KB)
...
006 (5386075.075.000) 07/07 09:57:05 Image size of job updated: 1595208
	1010  -  MemoryUsage of job (MB)
	1033516  -  ResidentSetSize of job (KB)
...
006 (5386075.075.000) 07/07 10:37:09 Image size of job updated: 1595692
	1010  -  MemoryUsage of job (MB)
	1034000  -  ResidentSetSize of job (KB)
...
006 (5386075.075.000) 07/07 11:17:13 Image size of job updated: 1596180
	1011  -  MemoryUsage of job (MB)
	1034488  -  ResidentSetSize of job (KB)
...
006 (5386075.075.000) 07/07 11:57:18 Image size of job updated: 1596664
	1011  -  MemoryUsage of job (MB)
	1034972  -  ResidentSetSize of job (KB)
...
006 (5386075.075.000) 07/07 12:37:22 Image size of job updated: 1597148
	1012  -  MemoryUsage of job (MB)
	1035456  -  ResidentSetSize of job (KB)
...
006 (5386075.075.000) 07/07 13:17:25 Image size of job updated: 1597636
	1012  -  MemoryUsage of job (MB)
	1035944  -  ResidentSetSize of job (KB)
...
006 (5386075.075.000) 07/07 13:57:31 Image size of job updated: 1598120
	1013  -  MemoryUsage of job (MB)
	1036428  -  ResidentSetSize of job (KB)
...
006 (5386075.075.000) 07/07 14:37:35 Image size of job updated: 1598604
	1013  -  MemoryUsage of job (MB)
	1036912  -  ResidentSetSize of job (KB)
...
006 (5386075.075.000) 07/07 15:22:00 Image size of job updated: 2357716
	1013  -  MemoryUsage of job (MB)
	1036912  -  ResidentSetSize of job (KB)
...
040 (5386075.075.000) 07/07 15:22:00 Started transferring output files
...
040 (5386075.075.000) 07/07 15:22:00 Finished transferring output files
...
005 (5386075.075.000) 07/07 15:22:01 Job terminated.
	(1) Normal termination (return value 0)
		Usr 7 20:12:36, Sys 0 00:01:34  -  Run Remote Usage
		Usr 0 00:00:00, Sys 0 00:00:00  -  Run Local Usage
		Usr 7 20:12:36, Sys 0 00:01:34  -  Total Remote Usage
		Usr 0 00:00:00, Sys 0 00:00:00  -  Total Local Usage
	111516  -  Run Bytes Sent By Job
	783  -  Run Bytes Received By Job
	111516  -  Total Bytes Sent By Job
	783  -  Total Bytes Received By Job
	Partitionable Resources :    Usage  Request Allocated 
	   Cpus                 :     2.84        4         4 
	   Disk (KB)            :   135    10485760  10852985 
	   Memory (MB)          :  1013        8000      8000 

	Job terminated of its own accord at 2021-07-07T13:22:00Z.
...
