000 (5386075.012.000) 07/04 19:36:47 Job submitted from host: <137.138.156.150:9618?addrs=137.138.156.150-9618+[2001-1458-d00-14--9a]-9618&alias=bigbird13.cern.ch&noUDP&sock=schedd_1788_ff6c>
...
040 (5386075.012.000) 07/04 19:50:08 Started transferring input files
	Transferring to host: <188.184.168.83:9618?addrs=188.184.168.83-9618+[2001-1458-301-c0--100-41d]-9618&alias=b7g52n5880.cern.ch&noUDP&sock=slot1_8_6887_43b1_67461>
...
040 (5386075.012.000) 07/04 19:50:08 Finished transferring input files
...
001 (5386075.012.000) 07/04 19:50:09 Job executing on host: <188.184.168.83:9618?addrs=188.184.168.83-9618+[2001-1458-301-c0--100-41d]-9618&alias=b7g52n5880.cern.ch&noUDP&sock=startd_5464_6d91>
...
006 (5386075.012.000) 07/04 19:50:17 Image size of job updated: 124504
	63  -  MemoryUsage of job (MB)
	63524  -  ResidentSetSize of job (KB)
...
006 (5386075.012.000) 07/04 19:55:17 Image size of job updated: 1591192
	1003  -  MemoryUsage of job (MB)
	1026132  -  ResidentSetSize of job (KB)
...
006 (5386075.012.000) 07/07 05:36:19 Image size of job updated: 1591756
	1003  -  MemoryUsage of job (MB)
	1026620  -  ResidentSetSize of job (KB)
...
006 (5386075.012.000) 07/07 06:26:25 Image size of job updated: 1592240
	1004  -  MemoryUsage of job (MB)
	1027104  -  ResidentSetSize of job (KB)
...
006 (5386075.012.000) 07/07 07:11:30 Image size of job updated: 1592724
	1004  -  MemoryUsage of job (MB)
	1027588  -  ResidentSetSize of job (KB)
...
006 (5386075.012.000) 07/07 07:59:16 Image size of job updated: 1595152
	1004  -  MemoryUsage of job (MB)
	1027588  -  ResidentSetSize of job (KB)
...
040 (5386075.012.000) 07/07 07:59:16 Started transferring output files
...
040 (5386075.012.000) 07/07 07:59:16 Finished transferring output files
...
005 (5386075.012.000) 07/07 07:59:17 Job terminated.
	(1) Normal termination (return value 0)
		Usr 6 23:37:39, Sys 0 00:02:10  -  Run Remote Usage
		Usr 0 00:00:00, Sys 0 00:00:00  -  Run Local Usage
		Usr 6 23:37:39, Sys 0 00:02:10  -  Total Remote Usage
		Usr 0 00:00:00, Sys 0 00:00:00  -  Total Local Usage
	111507  -  Run Bytes Sent By Job
	783  -  Run Bytes Received By Job
	111507  -  Total Bytes Sent By Job
	783  -  Total Bytes Received By Job
	Partitionable Resources :    Usage  Request Allocated 
	   Cpus                 :     2.84        4         4 
	   Disk (KB)            :   135    10485760  10896609 
	   Memory (MB)          :  1004        8000      8000 

	Job terminated of its own accord at 2021-07-07T05:59:16Z.
...
