000 (5386075.089.000) 07/04 19:36:47 Job submitted from host: <137.138.156.150:9618?addrs=137.138.156.150-9618+[2001-1458-d00-14--9a]-9618&alias=bigbird13.cern.ch&noUDP&sock=schedd_1788_ff6c>
...
040 (5386075.089.000) 07/04 20:35:11 Started transferring input files
	Transferring to host: <188.184.169.182:9618?addrs=188.184.169.182-9618+[2001-1458-301-c0--100-3f8]-9618&alias=b7g52n3016.cern.ch&noUDP&sock=slot1_5_30309_2eaa_113694>
...
040 (5386075.089.000) 07/04 20:35:11 Finished transferring input files
...
001 (5386075.089.000) 07/04 20:35:12 Job executing on host: <188.184.169.182:9618?addrs=188.184.169.182-9618+[2001-1458-301-c0--100-3f8]-9618&alias=b7g52n3016.cern.ch&noUDP&sock=startd_16275_dff1>
...
006 (5386075.089.000) 07/04 20:35:21 Image size of job updated: 806804
	287  -  MemoryUsage of job (MB)
	293488  -  ResidentSetSize of job (KB)
...
006 (5386075.089.000) 07/04 20:40:21 Image size of job updated: 1591268
	1004  -  MemoryUsage of job (MB)
	1027720  -  ResidentSetSize of job (KB)
...
006 (5386075.089.000) 07/07 03:13:26 Image size of job updated: 1593284
	1004  -  MemoryUsage of job (MB)
	1027720  -  ResidentSetSize of job (KB)
...
040 (5386075.089.000) 07/07 03:13:26 Started transferring output files
...
040 (5386075.089.000) 07/07 03:13:26 Finished transferring output files
...
005 (5386075.089.000) 07/07 03:13:26 Job terminated.
	(1) Normal termination (return value 0)
		Usr 6 09:00:39, Sys 0 00:01:26  -  Run Remote Usage
		Usr 0 00:00:00, Sys 0 00:00:00  -  Run Local Usage
		Usr 6 09:00:39, Sys 0 00:01:26  -  Total Remote Usage
		Usr 0 00:00:00, Sys 0 00:00:00  -  Total Local Usage
	111528  -  Run Bytes Sent By Job
	783  -  Run Bytes Received By Job
	111528  -  Total Bytes Sent By Job
	783  -  Total Bytes Received By Job
	Partitionable Resources :    Usage  Request Allocated 
	   Cpus                 :     2.85        4         4 
	   Disk (KB)            :   135    10485760  10647630 
	   Memory (MB)          :  1004        8000      8000 

	Job terminated of its own accord at 2021-07-07T01:13:26Z.
...
