000 (5386075.074.000) 07/04 19:36:47 Job submitted from host: <137.138.156.150:9618?addrs=137.138.156.150-9618+[2001-1458-d00-14--9a]-9618&alias=bigbird13.cern.ch&noUDP&sock=schedd_1788_ff6c>
...
040 (5386075.074.000) 07/04 20:25:34 Started transferring input files
	Transferring to host: <128.142.76.30:9618?addrs=128.142.76.30-9618+[2001-1458-301-f4--100-4eb]-9618&alias=b7s12n8105.cern.ch&noUDP&sock=slot1_1_19975_f1c5_107562>
...
040 (5386075.074.000) 07/04 20:25:34 Finished transferring input files
...
001 (5386075.074.000) 07/04 20:25:35 Job executing on host: <128.142.76.30:9618?addrs=128.142.76.30-9618+[2001-1458-301-f4--100-4eb]-9618&alias=b7s12n8105.cern.ch&noUDP&sock=startd_14902_1c69>
...
006 (5386075.074.000) 07/04 20:25:44 Image size of job updated: 525764
	195  -  MemoryUsage of job (MB)
	199104  -  ResidentSetSize of job (KB)
...
006 (5386075.074.000) 07/04 20:30:44 Image size of job updated: 1591128
	1004  -  MemoryUsage of job (MB)
	1027576  -  ResidentSetSize of job (KB)
...
006 (5386075.074.000) 07/07 04:16:28 Image size of job updated: 1591688
	1004  -  MemoryUsage of job (MB)
	1028060  -  ResidentSetSize of job (KB)
...
006 (5386075.074.000) 07/07 04:56:32 Image size of job updated: 1592176
	1005  -  MemoryUsage of job (MB)
	1028548  -  ResidentSetSize of job (KB)
...
006 (5386075.074.000) 07/07 05:41:36 Image size of job updated: 1592660
	1005  -  MemoryUsage of job (MB)
	1029032  -  ResidentSetSize of job (KB)
...
006 (5386075.074.000) 07/07 06:31:41 Image size of job updated: 1593148
	1006  -  MemoryUsage of job (MB)
	1029520  -  ResidentSetSize of job (KB)
...
006 (5386075.074.000) 07/07 07:16:44 Image size of job updated: 1593632
	1006  -  MemoryUsage of job (MB)
	1030004  -  ResidentSetSize of job (KB)
...
006 (5386075.074.000) 07/07 08:01:47 Image size of job updated: 1594116
	1007  -  MemoryUsage of job (MB)
	1030488  -  ResidentSetSize of job (KB)
...
006 (5386075.074.000) 07/07 08:41:53 Image size of job updated: 1594604
	1007  -  MemoryUsage of job (MB)
	1030976  -  ResidentSetSize of job (KB)
...
006 (5386075.074.000) 07/07 09:21:57 Image size of job updated: 1595088
	1008  -  MemoryUsage of job (MB)
	1031460  -  ResidentSetSize of job (KB)
...
006 (5386075.074.000) 07/07 10:02:03 Image size of job updated: 1595572
	1008  -  MemoryUsage of job (MB)
	1031944  -  ResidentSetSize of job (KB)
...
006 (5386075.074.000) 07/07 10:42:08 Image size of job updated: 1596060
	1009  -  MemoryUsage of job (MB)
	1032432  -  ResidentSetSize of job (KB)
...
006 (5386075.074.000) 07/07 11:17:11 Image size of job updated: 1596544
	1009  -  MemoryUsage of job (MB)
	1032916  -  ResidentSetSize of job (KB)
...
006 (5386075.074.000) 07/07 11:52:12 Image size of job updated: 1597028
	1010  -  MemoryUsage of job (MB)
	1033400  -  ResidentSetSize of job (KB)
...
006 (5386075.074.000) 07/07 12:32:15 Image size of job updated: 1597516
	1010  -  MemoryUsage of job (MB)
	1033888  -  ResidentSetSize of job (KB)
...
006 (5386075.074.000) 07/07 13:07:17 Image size of job updated: 1598000
	1011  -  MemoryUsage of job (MB)
	1034372  -  ResidentSetSize of job (KB)
...
006 (5386075.074.000) 07/07 13:47:23 Image size of job updated: 1598484
	1011  -  MemoryUsage of job (MB)
	1034856  -  ResidentSetSize of job (KB)
...
006 (5386075.074.000) 07/07 14:22:27 Image size of job updated: 1598972
	1012  -  MemoryUsage of job (MB)
	1035344  -  ResidentSetSize of job (KB)
...
006 (5386075.074.000) 07/07 15:07:30 Image size of job updated: 1599456
	1012  -  MemoryUsage of job (MB)
	1035828  -  ResidentSetSize of job (KB)
...
006 (5386075.074.000) 07/07 15:42:37 Image size of job updated: 1599940
	1013  -  MemoryUsage of job (MB)
	1036312  -  ResidentSetSize of job (KB)
...
006 (5386075.074.000) 07/07 16:27:43 Image size of job updated: 1600428
	1013  -  MemoryUsage of job (MB)
	1036800  -  ResidentSetSize of job (KB)
...
006 (5386075.074.000) 07/07 17:12:47 Image size of job updated: 1600912
	1013  -  MemoryUsage of job (MB)
	1037284  -  ResidentSetSize of job (KB)
...
006 (5386075.074.000) 07/07 17:57:53 Image size of job updated: 1601396
	1014  -  MemoryUsage of job (MB)
	1037768  -  ResidentSetSize of job (KB)
...
006 (5386075.074.000) 07/07 18:22:56 Image size of job updated: 1601396
	1015  -  MemoryUsage of job (MB)
	1038800  -  ResidentSetSize of job (KB)
...
006 (5386075.074.000) 07/07 18:27:57 Image size of job updated: 1603444
	1015  -  MemoryUsage of job (MB)
	1038808  -  ResidentSetSize of job (KB)
...
006 (5386075.074.000) 07/07 18:57:59 Image size of job updated: 1603444
	1015  -  MemoryUsage of job (MB)
	1038816  -  ResidentSetSize of job (KB)
...
006 (5386075.074.000) 07/07 19:28:02 Image size of job updated: 1603444
	1015  -  MemoryUsage of job (MB)
	1038824  -  ResidentSetSize of job (KB)
...
006 (5386075.074.000) 07/07 19:33:02 Image size of job updated: 1603932
	1015  -  MemoryUsage of job (MB)
	1039312  -  ResidentSetSize of job (KB)
...
006 (5386075.074.000) 07/07 20:03:04 Image size of job updated: 1603932
	1015  -  MemoryUsage of job (MB)
	1039320  -  ResidentSetSize of job (KB)
...
040 (5386075.074.000) 07/07 20:15:20 Started transferring output files
...
040 (5386075.074.000) 07/07 20:15:20 Finished transferring output files
...
004 (5386075.074.000) 07/07 20:15:20 Job was evicted.
	(0) CPU times
		Usr 8 09:28:13, Sys 0 00:01:51  -  Run Remote Usage
		Usr 0 00:00:00, Sys 0 00:00:00  -  Run Local Usage
	102345  -  Run Bytes Sent By Job
	783  -  Run Bytes Received By Job
	Partitionable Resources :    Usage  Request Allocated 
	   Cpus                 :     2.92        4         4 
	   Disk (KB)            :   126    10485760  10830657 
	   Memory (MB)          :  1015        8000      8000 
...
040 (5386075.074.000) 07/07 20:30:12 Started transferring input files
	Transferring to host: <188.184.213.111:9618?addrs=188.184.213.111-9618+[2001-1458-301-10c--100-184]-9618&alias=b7g24n0619.cern.ch&noUDP&sock=slot1_2_4196_3624_68320>
...
040 (5386075.074.000) 07/07 20:30:12 Finished transferring input files
...
001 (5386075.074.000) 07/07 20:30:13 Job executing on host: <188.184.213.111:9618?addrs=188.184.213.111-9618+[2001-1458-301-10c--100-184]-9618&alias=b7g24n0619.cern.ch&noUDP&sock=startd_3569_9d99>
...
040 (5386075.074.000) 07/07 20:30:32 Started transferring output files
...
040 (5386075.074.000) 07/07 20:30:32 Finished transferring output files
...
005 (5386075.074.000) 07/07 20:30:33 Job terminated.
	(1) Normal termination (return value 0)
		Usr 0 00:00:05, Sys 0 00:00:00  -  Run Remote Usage
		Usr 0 00:00:00, Sys 0 00:00:00  -  Run Local Usage
		Usr 8 09:28:18, Sys 0 00:01:51  -  Total Remote Usage
		Usr 0 00:00:00, Sys 0 00:00:00  -  Total Local Usage
	10033  -  Run Bytes Sent By Job
	103128  -  Run Bytes Received By Job
	112378  -  Total Bytes Sent By Job
	103911  -  Total Bytes Received By Job
	Partitionable Resources :    Usage  Request Allocated 
	   Cpus                 :     2.92        4         4 
	   Disk (KB)            :    31    10485760  10887223 
	   Memory (MB)          :  1221        8000      8000 

	Job terminated of its own accord at 2021-07-07T18:30:31Z.
...
