000 (5386075.054.000) 07/04 19:36:47 Job submitted from host: <137.138.156.150:9618?addrs=137.138.156.150-9618+[2001-1458-d00-14--9a]-9618&alias=bigbird13.cern.ch&noUDP&sock=schedd_1788_ff6c>
...
040 (5386075.054.000) 07/04 20:00:20 Started transferring input files
	Transferring to host: <128.142.79.190:9618?addrs=128.142.79.190-9618+[2001-1458-301-f4--100-326]-9618&alias=b7s12n9804.cern.ch&noUDP&sock=slot1_2_5736_47e2_58793>
...
040 (5386075.054.000) 07/04 20:00:20 Finished transferring input files
...
001 (5386075.054.000) 07/04 20:00:21 Job executing on host: <128.142.79.190:9618?addrs=128.142.79.190-9618+[2001-1458-301-f4--100-326]-9618&alias=b7s12n9804.cern.ch&noUDP&sock=startd_4704_2197>
...
006 (5386075.054.000) 07/04 20:00:29 Image size of job updated: 127532
	63  -  MemoryUsage of job (MB)
	63780  -  ResidentSetSize of job (KB)
...
006 (5386075.054.000) 07/04 20:05:30 Image size of job updated: 1591180
	1004  -  MemoryUsage of job (MB)
	1027640  -  ResidentSetSize of job (KB)
...
006 (5386075.054.000) 07/07 04:55:09 Image size of job updated: 1591740
	1004  -  MemoryUsage of job (MB)
	1027640  -  ResidentSetSize of job (KB)
...
006 (5386075.054.000) 07/07 05:40:14 Image size of job updated: 1592228
	1005  -  MemoryUsage of job (MB)
	1028108  -  ResidentSetSize of job (KB)
...
006 (5386075.054.000) 07/07 06:35:19 Image size of job updated: 1592712
	1005  -  MemoryUsage of job (MB)
	1028592  -  ResidentSetSize of job (KB)
...
006 (5386075.054.000) 07/07 07:30:26 Image size of job updated: 1593200
	1005  -  MemoryUsage of job (MB)
	1029080  -  ResidentSetSize of job (KB)
...
006 (5386075.054.000) 07/07 08:15:31 Image size of job updated: 1593684
	1006  -  MemoryUsage of job (MB)
	1029564  -  ResidentSetSize of job (KB)
...
006 (5386075.054.000) 07/07 09:10:36 Image size of job updated: 1594168
	1006  -  MemoryUsage of job (MB)
	1030048  -  ResidentSetSize of job (KB)
...
006 (5386075.054.000) 07/07 10:05:39 Image size of job updated: 1594656
	1007  -  MemoryUsage of job (MB)
	1030536  -  ResidentSetSize of job (KB)
...
006 (5386075.054.000) 07/07 11:00:46 Image size of job updated: 1595140
	1007  -  MemoryUsage of job (MB)
	1031020  -  ResidentSetSize of job (KB)
...
006 (5386075.054.000) 07/07 11:55:51 Image size of job updated: 1595624
	1008  -  MemoryUsage of job (MB)
	1031504  -  ResidentSetSize of job (KB)
...
006 (5386075.054.000) 07/07 12:50:53 Image size of job updated: 1596112
	1008  -  MemoryUsage of job (MB)
	1031992  -  ResidentSetSize of job (KB)
...
006 (5386075.054.000) 07/07 13:45:57 Image size of job updated: 1596596
	1009  -  MemoryUsage of job (MB)
	1032476  -  ResidentSetSize of job (KB)
...
006 (5386075.054.000) 07/07 14:46:03 Image size of job updated: 1597080
	1009  -  MemoryUsage of job (MB)
	1032960  -  ResidentSetSize of job (KB)
...
006 (5386075.054.000) 07/07 15:36:08 Image size of job updated: 1597568
	1010  -  MemoryUsage of job (MB)
	1033448  -  ResidentSetSize of job (KB)
...
006 (5386075.054.000) 07/07 16:16:13 Image size of job updated: 1598052
	1010  -  MemoryUsage of job (MB)
	1033932  -  ResidentSetSize of job (KB)
...
006 (5386075.054.000) 07/07 16:56:17 Image size of job updated: 1598536
	1011  -  MemoryUsage of job (MB)
	1034416  -  ResidentSetSize of job (KB)
...
006 (5386075.054.000) 07/07 17:31:22 Image size of job updated: 1599024
	1011  -  MemoryUsage of job (MB)
	1034904  -  ResidentSetSize of job (KB)
...
006 (5386075.054.000) 07/07 18:06:24 Image size of job updated: 1599508
	1012  -  MemoryUsage of job (MB)
	1035388  -  ResidentSetSize of job (KB)
...
006 (5386075.054.000) 07/07 18:56:26 Image size of job updated: 1599992
	1012  -  MemoryUsage of job (MB)
	1035872  -  ResidentSetSize of job (KB)
...
006 (5386075.054.000) 07/07 19:46:29 Image size of job updated: 1600480
	1013  -  MemoryUsage of job (MB)
	1036360  -  ResidentSetSize of job (KB)
...
006 (5386075.054.000) 07/07 20:36:36 Image size of job updated: 1600480
	1013  -  MemoryUsage of job (MB)
	1036844  -  ResidentSetSize of job (KB)
...
006 (5386075.054.000) 07/07 20:41:37 Image size of job updated: 1600964
	1013  -  MemoryUsage of job (MB)
	1036844  -  ResidentSetSize of job (KB)
...
006 (5386075.054.000) 07/07 21:26:42 Image size of job updated: 1601936
	1014  -  MemoryUsage of job (MB)
	1037816  -  ResidentSetSize of job (KB)
...
006 (5386075.054.000) 07/07 22:16:48 Image size of job updated: 1603984
	1015  -  MemoryUsage of job (MB)
	1038848  -  ResidentSetSize of job (KB)
...
006 (5386075.054.000) 07/07 22:21:49 Image size of job updated: 1605924
	1017  -  MemoryUsage of job (MB)
	1040788  -  ResidentSetSize of job (KB)
...
040 (5386075.054.000) 07/07 22:22:05 Entered queue to transfer output files
...
040 (5386075.054.000) 07/07 22:22:31 Started transferring output files
...
040 (5386075.054.000) 07/07 22:22:31 Finished transferring output files
...
005 (5386075.054.000) 07/07 22:22:34 Job terminated.
	(1) Normal termination (return value 0)
		Usr 8 16:21:14, Sys 0 00:01:45  -  Run Remote Usage
		Usr 0 00:00:00, Sys 0 00:00:00  -  Run Local Usage
		Usr 8 16:21:14, Sys 0 00:01:45  -  Total Remote Usage
		Usr 0 00:00:00, Sys 0 00:00:00  -  Total Local Usage
	111496  -  Run Bytes Sent By Job
	783  -  Run Bytes Received By Job
	111496  -  Total Bytes Sent By Job
	783  -  Total Bytes Received By Job
	Partitionable Resources :    Usage  Request Allocated 
	   Cpus                 :     2.89        4         4 
	   Disk (KB)            :   135    10485760  10669060 
	   Memory (MB)          :  1017        8000      8000 

	Job terminated of its own accord at 2021-07-07T20:22:00Z.
...
