000 (5386075.094.000) 07/04 19:36:47 Job submitted from host: <137.138.156.150:9618?addrs=137.138.156.150-9618+[2001-1458-d00-14--9a]-9618&alias=bigbird13.cern.ch&noUDP&sock=schedd_1788_ff6c>
...
040 (5386075.094.000) 07/04 20:35:14 Started transferring input files
	Transferring to host: <188.184.198.186:9618?addrs=188.184.198.186-9618+[2001-1458-301-c1--100-1ef]-9618&alias=b7g52n8184.cern.ch&noUDP&sock=slot1_8_6698_18c9_59191>
...
040 (5386075.094.000) 07/04 20:35:14 Finished transferring input files
...
001 (5386075.094.000) 07/04 20:35:15 Job executing on host: <188.184.198.186:9618?addrs=188.184.198.186-9618+[2001-1458-301-c1--100-1ef]-9618&alias=b7g52n8184.cern.ch&noUDP&sock=startd_5268_fd01>
...
006 (5386075.094.000) 07/04 20:35:24 Image size of job updated: 115048
	53  -  MemoryUsage of job (MB)
	54072  -  ResidentSetSize of job (KB)
...
006 (5386075.094.000) 07/04 20:40:24 Image size of job updated: 1591272
	1004  -  MemoryUsage of job (MB)
	1027728  -  ResidentSetSize of job (KB)
...
006 (5386075.094.000) 07/07 06:07:01 Image size of job updated: 1591832
	1005  -  MemoryUsage of job (MB)
	1028200  -  ResidentSetSize of job (KB)
...
006 (5386075.094.000) 07/07 07:02:07 Image size of job updated: 1592316
	1005  -  MemoryUsage of job (MB)
	1028684  -  ResidentSetSize of job (KB)
...
006 (5386075.094.000) 07/07 08:02:12 Image size of job updated: 1592804
	1006  -  MemoryUsage of job (MB)
	1029172  -  ResidentSetSize of job (KB)
...
006 (5386075.094.000) 07/07 08:57:16 Image size of job updated: 1593288
	1006  -  MemoryUsage of job (MB)
	1029656  -  ResidentSetSize of job (KB)
...
006 (5386075.094.000) 07/07 09:42:20 Image size of job updated: 1593776
	1006  -  MemoryUsage of job (MB)
	1030144  -  ResidentSetSize of job (KB)
...
006 (5386075.094.000) 07/07 10:32:25 Image size of job updated: 1594260
	1007  -  MemoryUsage of job (MB)
	1030628  -  ResidentSetSize of job (KB)
...
006 (5386075.094.000) 07/07 11:12:32 Image size of job updated: 1594744
	1007  -  MemoryUsage of job (MB)
	1031112  -  ResidentSetSize of job (KB)
...
006 (5386075.094.000) 07/07 11:52:39 Image size of job updated: 1595232
	1008  -  MemoryUsage of job (MB)
	1031600  -  ResidentSetSize of job (KB)
...
006 (5386075.094.000) 07/07 12:32:40 Image size of job updated: 1595716
	1008  -  MemoryUsage of job (MB)
	1032084  -  ResidentSetSize of job (KB)
...
006 (5386075.094.000) 07/07 13:12:43 Image size of job updated: 1596200
	1009  -  MemoryUsage of job (MB)
	1032568  -  ResidentSetSize of job (KB)
...
006 (5386075.094.000) 07/07 13:52:48 Image size of job updated: 1596688
	1009  -  MemoryUsage of job (MB)
	1033056  -  ResidentSetSize of job (KB)
...
006 (5386075.094.000) 07/07 14:32:51 Image size of job updated: 1597172
	1010  -  MemoryUsage of job (MB)
	1033540  -  ResidentSetSize of job (KB)
...
006 (5386075.094.000) 07/07 15:07:56 Image size of job updated: 1597656
	1010  -  MemoryUsage of job (MB)
	1034024  -  ResidentSetSize of job (KB)
...
006 (5386075.094.000) 07/07 15:56:51 Image size of job updated: 1600084
	1010  -  MemoryUsage of job (MB)
	1034024  -  ResidentSetSize of job (KB)
...
040 (5386075.094.000) 07/07 15:56:52 Started transferring output files
...
040 (5386075.094.000) 07/07 15:56:52 Finished transferring output files
...
005 (5386075.094.000) 07/07 15:56:52 Job terminated.
	(1) Normal termination (return value 0)
		Usr 7 19:43:07, Sys 0 00:01:31  -  Run Remote Usage
		Usr 0 00:00:00, Sys 0 00:00:00  -  Run Local Usage
		Usr 7 19:43:07, Sys 0 00:01:31  -  Total Remote Usage
		Usr 0 00:00:00, Sys 0 00:00:00  -  Total Local Usage
	111489  -  Run Bytes Sent By Job
	783  -  Run Bytes Received By Job
	111489  -  Total Bytes Sent By Job
	783  -  Total Bytes Received By Job
	Partitionable Resources :    Usage  Request Allocated 
	   Cpus                 :     2.89        4         4 
	   Disk (KB)            :   135    10485760  10893508 
	   Memory (MB)          :  1010        8000      8000 

	Job terminated of its own accord at 2021-07-07T13:56:51Z.
...
