000 (5386075.006.000) 07/04 19:36:47 Job submitted from host: <137.138.156.150:9618?addrs=137.138.156.150-9618+[2001-1458-d00-14--9a]-9618&alias=bigbird13.cern.ch&noUDP&sock=schedd_1788_ff6c>
...
040 (5386075.006.000) 07/04 19:45:10 Started transferring input files
	Transferring to host: <128.142.70.192:9618?addrs=128.142.70.192-9618+[2001-1458-301-52--100-10e]-9618&alias=b7s10n3695.cern.ch&noUDP&sock=slot1_5_5727_f082_55024>
...
040 (5386075.006.000) 07/04 19:45:10 Finished transferring input files
...
001 (5386075.006.000) 07/04 19:45:11 Job executing on host: <128.142.70.192:9618?addrs=128.142.70.192-9618+[2001-1458-301-52--100-10e]-9618&alias=b7s10n3695.cern.ch&noUDP&sock=startd_4523_faf2>
...
006 (5386075.006.000) 07/04 19:45:20 Image size of job updated: 172692
	110  -  MemoryUsage of job (MB)
	111660  -  ResidentSetSize of job (KB)
...
006 (5386075.006.000) 07/04 19:50:20 Image size of job updated: 1591284
	1004  -  MemoryUsage of job (MB)
	1027724  -  ResidentSetSize of job (KB)
...
006 (5386075.006.000) 07/05 03:51:08 Image size of job updated: 1591284
	1004  -  MemoryUsage of job (MB)
	1027728  -  ResidentSetSize of job (KB)
...
006 (5386075.006.000) 07/06 14:19:15 Image size of job updated: 1591284
	1005  -  MemoryUsage of job (MB)
	1028208  -  ResidentSetSize of job (KB)
...
006 (5386075.006.000) 07/06 14:24:15 Image size of job updated: 1591844
	1005  -  MemoryUsage of job (MB)
	1028208  -  ResidentSetSize of job (KB)
...
006 (5386075.006.000) 07/06 14:54:18 Image size of job updated: 1592328
	1005  -  MemoryUsage of job (MB)
	1028692  -  ResidentSetSize of job (KB)
...
006 (5386075.006.000) 07/06 15:29:20 Image size of job updated: 1592816
	1006  -  MemoryUsage of job (MB)
	1029180  -  ResidentSetSize of job (KB)
...
006 (5386075.006.000) 07/06 15:59:22 Image size of job updated: 1593300
	1006  -  MemoryUsage of job (MB)
	1029664  -  ResidentSetSize of job (KB)
...
006 (5386075.006.000) 07/06 16:19:26 Image size of job updated: 1593300
	1006  -  MemoryUsage of job (MB)
	1029668  -  ResidentSetSize of job (KB)
...
006 (5386075.006.000) 07/06 16:33:03 Image size of job updated: 1595728
	1006  -  MemoryUsage of job (MB)
	1029668  -  ResidentSetSize of job (KB)
...
040 (5386075.006.000) 07/06 16:33:04 Started transferring output files
...
040 (5386075.006.000) 07/06 16:33:04 Finished transferring output files
...
005 (5386075.006.000) 07/06 16:33:04 Job terminated.
	(1) Normal termination (return value 0)
		Usr 5 09:58:54, Sys 0 00:26:42  -  Run Remote Usage
		Usr 0 00:00:00, Sys 0 00:00:00  -  Run Local Usage
		Usr 5 09:58:54, Sys 0 00:26:42  -  Total Remote Usage
		Usr 0 00:00:00, Sys 0 00:00:00  -  Total Local Usage
	111528  -  Run Bytes Sent By Job
	783  -  Run Bytes Received By Job
	111528  -  Total Bytes Sent By Job
	783  -  Total Bytes Received By Job
	Partitionable Resources :    Usage  Request Allocated 
	   Cpus                 :     2.92        4         4 
	   Disk (KB)            :   135    10485760  10655511 
	   Memory (MB)          :  1006        8000      8000 

	Job terminated of its own accord at 2021-07-06T14:33:03Z.
...
