000 (5386075.071.000) 07/04 19:36:47 Job submitted from host: <137.138.156.150:9618?addrs=137.138.156.150-9618+[2001-1458-d00-14--9a]-9618&alias=bigbird13.cern.ch&noUDP&sock=schedd_1788_ff6c>
...
040 (5386075.071.000) 07/04 20:10:15 Started transferring input files
	Transferring to host: <128.142.72.197:9618?addrs=128.142.72.197-9618+[2001-1458-301-75--100-5a]-9618&alias=b7s11n8761.cern.ch&noUDP&sock=slot1_3_5512_73d9_59252>
...
040 (5386075.071.000) 07/04 20:10:15 Finished transferring input files
...
001 (5386075.071.000) 07/04 20:10:16 Job executing on host: <128.142.72.197:9618?addrs=128.142.72.197-9618+[2001-1458-301-75--100-5a]-9618&alias=b7s11n8761.cern.ch&noUDP&sock=startd_4380_e4e7>
...
006 (5386075.071.000) 07/04 20:10:24 Image size of job updated: 172412
	139  -  MemoryUsage of job (MB)
	141884  -  ResidentSetSize of job (KB)
...
006 (5386075.071.000) 07/04 20:15:24 Image size of job updated: 1591212
	1004  -  MemoryUsage of job (MB)
	1027656  -  ResidentSetSize of job (KB)
...
006 (5386075.071.000) 07/07 00:10:56 Image size of job updated: 1591776
	1005  -  MemoryUsage of job (MB)
	1028144  -  ResidentSetSize of job (KB)
...
006 (5386075.071.000) 07/07 01:01:01 Image size of job updated: 1592260
	1005  -  MemoryUsage of job (MB)
	1028628  -  ResidentSetSize of job (KB)
...
006 (5386075.071.000) 07/07 01:51:05 Image size of job updated: 1592744
	1005  -  MemoryUsage of job (MB)
	1029112  -  ResidentSetSize of job (KB)
...
006 (5386075.071.000) 07/07 02:41:13 Image size of job updated: 1593232
	1006  -  MemoryUsage of job (MB)
	1029600  -  ResidentSetSize of job (KB)
...
006 (5386075.071.000) 07/07 03:31:20 Image size of job updated: 1593716
	1006  -  MemoryUsage of job (MB)
	1030084  -  ResidentSetSize of job (KB)
...
006 (5386075.071.000) 07/07 04:26:24 Image size of job updated: 1594200
	1007  -  MemoryUsage of job (MB)
	1030568  -  ResidentSetSize of job (KB)
...
006 (5386075.071.000) 07/07 05:21:29 Image size of job updated: 1594688
	1007  -  MemoryUsage of job (MB)
	1031056  -  ResidentSetSize of job (KB)
...
006 (5386075.071.000) 07/07 06:11:36 Image size of job updated: 1595172
	1008  -  MemoryUsage of job (MB)
	1031540  -  ResidentSetSize of job (KB)
...
006 (5386075.071.000) 07/07 07:01:41 Image size of job updated: 1597600
	1010  -  MemoryUsage of job (MB)
	1033968  -  ResidentSetSize of job (KB)
...
040 (5386075.071.000) 07/07 07:01:48 Started transferring output files
...
040 (5386075.071.000) 07/07 07:01:48 Finished transferring output files
...
005 (5386075.071.000) 07/07 07:01:48 Job terminated.
	(1) Normal termination (return value 0)
		Usr 6 21:40:21, Sys 0 00:01:55  -  Run Remote Usage
		Usr 0 00:00:00, Sys 0 00:00:00  -  Run Local Usage
		Usr 6 21:40:21, Sys 0 00:01:55  -  Total Remote Usage
		Usr 0 00:00:00, Sys 0 00:00:00  -  Total Local Usage
	111550  -  Run Bytes Sent By Job
	783  -  Run Bytes Received By Job
	111550  -  Total Bytes Sent By Job
	783  -  Total Bytes Received By Job
	Partitionable Resources :    Usage  Request Allocated 
	   Cpus                 :     2.79        4         4 
	   Disk (KB)            :   135    10485760  10789772 
	   Memory (MB)          :  1010        8000      8000 

	Job terminated of its own accord at 2021-07-07T05:01:48Z.
...
