000 (5386075.077.000) 07/04 19:36:47 Job submitted from host: <137.138.156.150:9618?addrs=137.138.156.150-9618+[2001-1458-d00-14--9a]-9618&alias=bigbird13.cern.ch&noUDP&sock=schedd_1788_ff6c>
...
040 (5386075.077.000) 07/04 20:25:18 Started transferring input files
	Transferring to host: <188.184.169.193:9618?addrs=188.184.169.193-9618+[2001-1458-301-c0--100-1a]-9618&alias=b7g52n4772.cern.ch&noUDP&sock=slot1_1_6087_9791_56112>
...
040 (5386075.077.000) 07/04 20:25:18 Finished transferring input files
...
001 (5386075.077.000) 07/04 20:25:19 Job executing on host: <188.184.169.193:9618?addrs=188.184.169.193-9618+[2001-1458-301-c0--100-1a]-9618&alias=b7g52n4772.cern.ch&noUDP&sock=startd_4873_0d18>
...
006 (5386075.077.000) 07/04 20:25:28 Image size of job updated: 263644
	62  -  MemoryUsage of job (MB)
	62500  -  ResidentSetSize of job (KB)
...
006 (5386075.077.000) 07/04 20:30:29 Image size of job updated: 1591232
	1004  -  MemoryUsage of job (MB)
	1027684  -  ResidentSetSize of job (KB)
...
006 (5386075.077.000) 07/07 06:36:19 Image size of job updated: 1591792
	1005  -  MemoryUsage of job (MB)
	1028168  -  ResidentSetSize of job (KB)
...
006 (5386075.077.000) 07/07 07:21:24 Image size of job updated: 1592280
	1005  -  MemoryUsage of job (MB)
	1028656  -  ResidentSetSize of job (KB)
...
006 (5386075.077.000) 07/07 08:06:27 Image size of job updated: 1592764
	1006  -  MemoryUsage of job (MB)
	1029140  -  ResidentSetSize of job (KB)
...
006 (5386075.077.000) 07/07 08:51:31 Image size of job updated: 1593248
	1006  -  MemoryUsage of job (MB)
	1029624  -  ResidentSetSize of job (KB)
...
006 (5386075.077.000) 07/07 09:36:37 Image size of job updated: 1593736
	1006  -  MemoryUsage of job (MB)
	1030112  -  ResidentSetSize of job (KB)
...
006 (5386075.077.000) 07/07 10:21:41 Image size of job updated: 1594220
	1007  -  MemoryUsage of job (MB)
	1030596  -  ResidentSetSize of job (KB)
...
006 (5386075.077.000) 07/07 11:11:46 Image size of job updated: 1594704
	1007  -  MemoryUsage of job (MB)
	1031080  -  ResidentSetSize of job (KB)
...
006 (5386075.077.000) 07/07 11:56:51 Image size of job updated: 1595192
	1008  -  MemoryUsage of job (MB)
	1031568  -  ResidentSetSize of job (KB)
...
006 (5386075.077.000) 07/07 12:41:55 Image size of job updated: 1595676
	1008  -  MemoryUsage of job (MB)
	1032052  -  ResidentSetSize of job (KB)
...
006 (5386075.077.000) 07/07 13:27:01 Image size of job updated: 1596160
	1009  -  MemoryUsage of job (MB)
	1032536  -  ResidentSetSize of job (KB)
...
006 (5386075.077.000) 07/07 14:12:06 Image size of job updated: 1596648
	1009  -  MemoryUsage of job (MB)
	1033024  -  ResidentSetSize of job (KB)
...
006 (5386075.077.000) 07/07 14:57:11 Image size of job updated: 1597132
	1010  -  MemoryUsage of job (MB)
	1033508  -  ResidentSetSize of job (KB)
...
006 (5386075.077.000) 07/07 15:42:15 Image size of job updated: 1597616
	1010  -  MemoryUsage of job (MB)
	1033992  -  ResidentSetSize of job (KB)
...
006 (5386075.077.000) 07/07 16:27:18 Image size of job updated: 1598104
	1011  -  MemoryUsage of job (MB)
	1034480  -  ResidentSetSize of job (KB)
...
006 (5386075.077.000) 07/07 17:22:26 Image size of job updated: 1598588
	1011  -  MemoryUsage of job (MB)
	1034964  -  ResidentSetSize of job (KB)
...
006 (5386075.077.000) 07/07 18:12:30 Image size of job updated: 1599560
	1012  -  MemoryUsage of job (MB)
	1035936  -  ResidentSetSize of job (KB)
...
006 (5386075.077.000) 07/07 19:02:36 Image size of job updated: 1600044
	1013  -  MemoryUsage of job (MB)
	1036420  -  ResidentSetSize of job (KB)
...
006 (5386075.077.000) 07/07 19:57:42 Image size of job updated: 1600532
	1013  -  MemoryUsage of job (MB)
	1036908  -  ResidentSetSize of job (KB)
...
006 (5386075.077.000) 07/07 20:57:50 Image size of job updated: 1601016
	1014  -  MemoryUsage of job (MB)
	1037392  -  ResidentSetSize of job (KB)
...
006 (5386075.077.000) 07/07 21:52:56 Image size of job updated: 1601500
	1014  -  MemoryUsage of job (MB)
	1037876  -  ResidentSetSize of job (KB)
...
006 (5386075.077.000) 07/07 22:47:59 Image size of job updated: 1601988
	1015  -  MemoryUsage of job (MB)
	1038364  -  ResidentSetSize of job (KB)
...
006 (5386075.077.000) 07/07 23:18:01 Image size of job updated: 1604036
	1016  -  MemoryUsage of job (MB)
	1039396  -  ResidentSetSize of job (KB)
...
006 (5386075.077.000) 07/07 23:53:06 Image size of job updated: 1604036
	1016  -  MemoryUsage of job (MB)
	1039404  -  ResidentSetSize of job (KB)
...
006 (5386075.077.000) 07/08 00:23:08 Image size of job updated: 1604036
	1016  -  MemoryUsage of job (MB)
	1039412  -  ResidentSetSize of job (KB)
...
006 (5386075.077.000) 07/08 00:28:08 Image size of job updated: 1604520
	1016  -  MemoryUsage of job (MB)
	1039896  -  ResidentSetSize of job (KB)
...
006 (5386075.077.000) 07/08 01:03:11 Image size of job updated: 1604520
	1016  -  MemoryUsage of job (MB)
	1039904  -  ResidentSetSize of job (KB)
...
006 (5386075.077.000) 07/08 01:23:11 Image size of job updated: 1605004
	1017  -  MemoryUsage of job (MB)
	1040388  -  ResidentSetSize of job (KB)
...
006 (5386075.077.000) 07/08 01:43:14 Image size of job updated: 1605004
	1017  -  MemoryUsage of job (MB)
	1040396  -  ResidentSetSize of job (KB)
...
006 (5386075.077.000) 07/08 02:18:18 Image size of job updated: 1605492
	1017  -  MemoryUsage of job (MB)
	1040884  -  ResidentSetSize of job (KB)
...
006 (5386075.077.000) 07/08 02:23:19 Image size of job updated: 1605492
	1017  -  MemoryUsage of job (MB)
	1040892  -  ResidentSetSize of job (KB)
...
006 (5386075.077.000) 07/08 03:03:24 Image size of job updated: 1605492
	1017  -  MemoryUsage of job (MB)
	1040900  -  ResidentSetSize of job (KB)
...
006 (5386075.077.000) 07/08 03:13:26 Image size of job updated: 1605976
	1017  -  MemoryUsage of job (MB)
	1041384  -  ResidentSetSize of job (KB)
...
006 (5386075.077.000) 07/08 03:43:30 Image size of job updated: 1605976
	1017  -  MemoryUsage of job (MB)
	1041392  -  ResidentSetSize of job (KB)
...
006 (5386075.077.000) 07/08 04:08:34 Image size of job updated: 1606460
	1018  -  MemoryUsage of job (MB)
	1041876  -  ResidentSetSize of job (KB)
...
006 (5386075.077.000) 07/08 04:23:35 Image size of job updated: 1606460
	1018  -  MemoryUsage of job (MB)
	1041884  -  ResidentSetSize of job (KB)
...
006 (5386075.077.000) 07/08 04:53:38 Image size of job updated: 1606948
	1018  -  MemoryUsage of job (MB)
	1042380  -  ResidentSetSize of job (KB)
...
006 (5386075.077.000) 07/08 05:28:42 Image size of job updated: 1606948
	1018  -  MemoryUsage of job (MB)
	1042388  -  ResidentSetSize of job (KB)
...
006 (5386075.077.000) 07/08 05:43:43 Image size of job updated: 1607432
	1019  -  MemoryUsage of job (MB)
	1042872  -  ResidentSetSize of job (KB)
...
006 (5386075.077.000) 07/08 06:08:46 Image size of job updated: 1607432
	1019  -  MemoryUsage of job (MB)
	1042880  -  ResidentSetSize of job (KB)
...
006 (5386075.077.000) 07/08 06:43:49 Image size of job updated: 1607916
	1019  -  MemoryUsage of job (MB)
	1043364  -  ResidentSetSize of job (KB)
...
006 (5386075.077.000) 07/08 06:48:50 Image size of job updated: 1607916
	1019  -  MemoryUsage of job (MB)
	1043372  -  ResidentSetSize of job (KB)
...
006 (5386075.077.000) 07/08 07:28:55 Image size of job updated: 1607916
	1019  -  MemoryUsage of job (MB)
	1043380  -  ResidentSetSize of job (KB)
...
006 (5386075.077.000) 07/08 07:38:56 Image size of job updated: 1608404
	1020  -  MemoryUsage of job (MB)
	1043868  -  ResidentSetSize of job (KB)
...
006 (5386075.077.000) 07/08 08:08:56 Image size of job updated: 1608404
	1020  -  MemoryUsage of job (MB)
	1043876  -  ResidentSetSize of job (KB)
...
006 (5386075.077.000) 07/08 08:34:00 Image size of job updated: 1608888
	1020  -  MemoryUsage of job (MB)
	1044360  -  ResidentSetSize of job (KB)
...
006 (5386075.077.000) 07/08 08:49:02 Image size of job updated: 1608888
	1020  -  MemoryUsage of job (MB)
	1044368  -  ResidentSetSize of job (KB)
...
006 (5386075.077.000) 07/08 09:24:05 Image size of job updated: 1609372
	1021  -  MemoryUsage of job (MB)
	1044852  -  ResidentSetSize of job (KB)
...
006 (5386075.077.000) 07/08 09:29:05 Image size of job updated: 1609372
	1021  -  MemoryUsage of job (MB)
	1044860  -  ResidentSetSize of job (KB)
...
006 (5386075.077.000) 07/08 09:59:09 Image size of job updated: 1609372
	1021  -  MemoryUsage of job (MB)
	1044868  -  ResidentSetSize of job (KB)
...
006 (5386075.077.000) 07/08 10:09:11 Image size of job updated: 1609860
	1021  -  MemoryUsage of job (MB)
	1045356  -  ResidentSetSize of job (KB)
...
006 (5386075.077.000) 07/08 10:29:12 Image size of job updated: 1609860
	1021  -  MemoryUsage of job (MB)
	1045364  -  ResidentSetSize of job (KB)
...
006 (5386075.077.000) 07/08 10:59:16 Image size of job updated: 1610344
	1022  -  MemoryUsage of job (MB)
	1045848  -  ResidentSetSize of job (KB)
...
006 (5386075.077.000) 07/08 11:09:16 Image size of job updated: 1610344
	1022  -  MemoryUsage of job (MB)
	1045856  -  ResidentSetSize of job (KB)
...
006 (5386075.077.000) 07/08 11:44:17 Image size of job updated: 1610344
	1022  -  MemoryUsage of job (MB)
	1045864  -  ResidentSetSize of job (KB)
...
006 (5386075.077.000) 07/08 11:49:17 Image size of job updated: 1610828
	1022  -  MemoryUsage of job (MB)
	1046348  -  ResidentSetSize of job (KB)
...
006 (5386075.077.000) 07/08 12:19:19 Image size of job updated: 1610828
	1022  -  MemoryUsage of job (MB)
	1046356  -  ResidentSetSize of job (KB)
...
006 (5386075.077.000) 07/08 12:39:21 Image size of job updated: 1611316
	1023  -  MemoryUsage of job (MB)
	1046844  -  ResidentSetSize of job (KB)
...
006 (5386075.077.000) 07/08 12:59:23 Image size of job updated: 1611316
	1023  -  MemoryUsage of job (MB)
	1046852  -  ResidentSetSize of job (KB)
...
006 (5386075.077.000) 07/08 13:34:26 Image size of job updated: 1611800
	1023  -  MemoryUsage of job (MB)
	1047336  -  ResidentSetSize of job (KB)
...
006 (5386075.077.000) 07/08 13:39:27 Image size of job updated: 1611800
	1023  -  MemoryUsage of job (MB)
	1047344  -  ResidentSetSize of job (KB)
...
006 (5386075.077.000) 07/08 14:14:32 Image size of job updated: 1611800
	1023  -  MemoryUsage of job (MB)
	1047352  -  ResidentSetSize of job (KB)
...
006 (5386075.077.000) 07/08 14:24:33 Image size of job updated: 1612288
	1024  -  MemoryUsage of job (MB)
	1047840  -  ResidentSetSize of job (KB)
...
006 (5386075.077.000) 07/08 14:49:36 Image size of job updated: 1612288
	1024  -  MemoryUsage of job (MB)
	1047848  -  ResidentSetSize of job (KB)
...
006 (5386075.077.000) 07/08 15:14:38 Image size of job updated: 1612772
	1024  -  MemoryUsage of job (MB)
	1048332  -  ResidentSetSize of job (KB)
...
006 (5386075.077.000) 07/08 15:29:41 Image size of job updated: 1612772
	1024  -  MemoryUsage of job (MB)
	1048340  -  ResidentSetSize of job (KB)
...
006 (5386075.077.000) 07/08 16:09:45 Image size of job updated: 1613256
	1025  -  MemoryUsage of job (MB)
	1048828  -  ResidentSetSize of job (KB)
...
006 (5386075.077.000) 07/08 16:49:51 Image size of job updated: 1613256
	1025  -  MemoryUsage of job (MB)
	1048836  -  ResidentSetSize of job (KB)
...
006 (5386075.077.000) 07/08 17:09:52 Image size of job updated: 1613744
	1025  -  MemoryUsage of job (MB)
	1049324  -  ResidentSetSize of job (KB)
...
006 (5386075.077.000) 07/08 17:34:55 Image size of job updated: 1613744
	1025  -  MemoryUsage of job (MB)
	1049332  -  ResidentSetSize of job (KB)
...
006 (5386075.077.000) 07/08 18:10:00 Image size of job updated: 1614228
	1026  -  MemoryUsage of job (MB)
	1049816  -  ResidentSetSize of job (KB)
...
006 (5386075.077.000) 07/08 18:15:01 Image size of job updated: 1614228
	1026  -  MemoryUsage of job (MB)
	1049824  -  ResidentSetSize of job (KB)
...
006 (5386075.077.000) 07/08 18:55:05 Image size of job updated: 1614228
	1026  -  MemoryUsage of job (MB)
	1049828  -  ResidentSetSize of job (KB)
...
006 (5386075.077.000) 07/08 19:00:06 Image size of job updated: 1614228
	1026  -  MemoryUsage of job (MB)
	1049832  -  ResidentSetSize of job (KB)
...
006 (5386075.077.000) 07/08 19:05:07 Image size of job updated: 1614712
	1026  -  MemoryUsage of job (MB)
	1050316  -  ResidentSetSize of job (KB)
...
006 (5386075.077.000) 07/08 19:35:09 Image size of job updated: 1614712
	1026  -  MemoryUsage of job (MB)
	1050320  -  ResidentSetSize of job (KB)
...
006 (5386075.077.000) 07/08 20:00:12 Image size of job updated: 1615200
	1027  -  MemoryUsage of job (MB)
	1050808  -  ResidentSetSize of job (KB)
...
006 (5386075.077.000) 07/08 20:15:14 Image size of job updated: 1615200
	1027  -  MemoryUsage of job (MB)
	1050816  -  ResidentSetSize of job (KB)
...
040 (5386075.077.000) 07/08 20:15:26 Started transferring output files
...
040 (5386075.077.000) 07/08 20:15:26 Finished transferring output files
...
009 (5386075.077.000) 07/08 20:15:26 Job was aborted.
	Job removed by SYSTEM_PERIODIC_REMOVE due to wall time exceeded allowed max.
...
