000 (5386075.011.000) 07/04 19:36:47 Job submitted from host: <137.138.156.150:9618?addrs=137.138.156.150-9618+[2001-1458-d00-14--9a]-9618&alias=bigbird13.cern.ch&noUDP&sock=schedd_1788_ff6c>
...
040 (5386075.011.000) 07/04 19:50:08 Started transferring input files
	Transferring to host: <128.142.83.46:9618?addrs=128.142.83.46-9618+[2001-1458-301-f5--100-3de]-9618&alias=b7s13n2894.cern.ch&noUDP&sock=slot1_2_5205_24ad_58897>
...
040 (5386075.011.000) 07/04 19:50:08 Finished transferring input files
...
001 (5386075.011.000) 07/04 19:50:09 Job executing on host: <128.142.83.46:9618?addrs=128.142.83.46-9618+[2001-1458-301-f5--100-3de]-9618&alias=b7s13n2894.cern.ch&noUDP&sock=startd_4059_b701>
...
006 (5386075.011.000) 07/04 19:50:17 Image size of job updated: 450080
	50  -  MemoryUsage of job (MB)
	50220  -  ResidentSetSize of job (KB)
...
006 (5386075.011.000) 07/04 19:55:17 Image size of job updated: 1591216
	1004  -  MemoryUsage of job (MB)
	1027664  -  ResidentSetSize of job (KB)
...
006 (5386075.011.000) 07/07 08:31:29 Image size of job updated: 1591776
	1005  -  MemoryUsage of job (MB)
	1028148  -  ResidentSetSize of job (KB)
...
006 (5386075.011.000) 07/07 09:21:32 Image size of job updated: 1592264
	1005  -  MemoryUsage of job (MB)
	1028636  -  ResidentSetSize of job (KB)
...
006 (5386075.011.000) 07/07 10:06:36 Image size of job updated: 1592748
	1005  -  MemoryUsage of job (MB)
	1029120  -  ResidentSetSize of job (KB)
...
006 (5386075.011.000) 07/07 10:51:39 Image size of job updated: 1593232
	1006  -  MemoryUsage of job (MB)
	1029604  -  ResidentSetSize of job (KB)
...
006 (5386075.011.000) 07/07 11:41:47 Image size of job updated: 1593720
	1006  -  MemoryUsage of job (MB)
	1030092  -  ResidentSetSize of job (KB)
...
006 (5386075.011.000) 07/07 12:26:50 Image size of job updated: 1594204
	1007  -  MemoryUsage of job (MB)
	1030576  -  ResidentSetSize of job (KB)
...
006 (5386075.011.000) 07/07 13:16:54 Image size of job updated: 1594688
	1007  -  MemoryUsage of job (MB)
	1031060  -  ResidentSetSize of job (KB)
...
006 (5386075.011.000) 07/07 14:01:59 Image size of job updated: 1595176
	1008  -  MemoryUsage of job (MB)
	1031548  -  ResidentSetSize of job (KB)
...
006 (5386075.011.000) 07/07 14:47:02 Image size of job updated: 1595660
	1008  -  MemoryUsage of job (MB)
	1032032  -  ResidentSetSize of job (KB)
...
006 (5386075.011.000) 07/07 15:27:05 Image size of job updated: 1596144
	1009  -  MemoryUsage of job (MB)
	1032516  -  ResidentSetSize of job (KB)
...
006 (5386075.011.000) 07/07 16:02:11 Image size of job updated: 1596632
	1009  -  MemoryUsage of job (MB)
	1033004  -  ResidentSetSize of job (KB)
...
006 (5386075.011.000) 07/07 16:47:16 Image size of job updated: 1602736
	1009  -  MemoryUsage of job (MB)
	1033004  -  ResidentSetSize of job (KB)
...
040 (5386075.011.000) 07/07 16:47:16 Started transferring output files
...
040 (5386075.011.000) 07/07 16:47:16 Finished transferring output files
...
005 (5386075.011.000) 07/07 16:47:16 Job terminated.
	(1) Normal termination (return value 0)
		Usr 7 22:07:34, Sys 0 00:01:59  -  Run Remote Usage
		Usr 0 00:00:00, Sys 0 00:00:00  -  Run Local Usage
		Usr 7 22:07:34, Sys 0 00:01:59  -  Total Remote Usage
		Usr 0 00:00:00, Sys 0 00:00:00  -  Total Local Usage
	111554  -  Run Bytes Sent By Job
	783  -  Run Bytes Received By Job
	111554  -  Total Bytes Sent By Job
	783  -  Total Bytes Received By Job
	Partitionable Resources :    Usage  Request Allocated 
	   Cpus                 :     2.73        4         4 
	   Disk (KB)            :   135    10485760  10871573 
	   Memory (MB)          :  1009        8000      8000 

	Job terminated of its own accord at 2021-07-07T14:47:16Z.
...
