000 (5386075.026.000) 07/04 19:36:47 Job submitted from host: <137.138.156.150:9618?addrs=137.138.156.150-9618+[2001-1458-d00-14--9a]-9618&alias=bigbird13.cern.ch&noUDP&sock=schedd_1788_ff6c>
...
040 (5386075.026.000) 07/04 19:50:12 Started transferring input files
	Transferring to host: <128.142.75.35:9618?addrs=128.142.75.35-9618+[2001-1458-301-75--100-3ca]-9618&alias=b7s11n4969.cern.ch&noUDP&sock=slot1_2_4298_1468_54363>
...
040 (5386075.026.000) 07/04 19:50:12 Finished transferring input files
...
001 (5386075.026.000) 07/04 19:50:13 Job executing on host: <128.142.75.35:9618?addrs=128.142.75.35-9618+[2001-1458-301-75--100-3ca]-9618&alias=b7s11n4969.cern.ch&noUDP&sock=startd_3826_e570>
...
006 (5386075.026.000) 07/04 19:50:22 Image size of job updated: 509592
	71  -  MemoryUsage of job (MB)
	71900  -  ResidentSetSize of job (KB)
...
006 (5386075.026.000) 07/04 19:55:22 Image size of job updated: 1591192
	1004  -  MemoryUsage of job (MB)
	1027636  -  ResidentSetSize of job (KB)
...
006 (5386075.026.000) 07/07 01:45:58 Image size of job updated: 1591756
	1005  -  MemoryUsage of job (MB)
	1028124  -  ResidentSetSize of job (KB)
...
006 (5386075.026.000) 07/07 02:26:04 Image size of job updated: 1592240
	1005  -  MemoryUsage of job (MB)
	1028608  -  ResidentSetSize of job (KB)
...
006 (5386075.026.000) 07/07 03:11:09 Image size of job updated: 1592724
	1005  -  MemoryUsage of job (MB)
	1029092  -  ResidentSetSize of job (KB)
...
006 (5386075.026.000) 07/07 03:56:14 Image size of job updated: 1593212
	1006  -  MemoryUsage of job (MB)
	1029580  -  ResidentSetSize of job (KB)
...
006 (5386075.026.000) 07/07 04:41:20 Image size of job updated: 1593696
	1006  -  MemoryUsage of job (MB)
	1030064  -  ResidentSetSize of job (KB)
...
006 (5386075.026.000) 07/07 05:21:24 Image size of job updated: 1594180
	1007  -  MemoryUsage of job (MB)
	1030548  -  ResidentSetSize of job (KB)
...
006 (5386075.026.000) 07/07 06:06:30 Image size of job updated: 1594668
	1007  -  MemoryUsage of job (MB)
	1031036  -  ResidentSetSize of job (KB)
...
006 (5386075.026.000) 07/07 06:50:40 Image size of job updated: 2227040
	1007  -  MemoryUsage of job (MB)
	1031036  -  ResidentSetSize of job (KB)
...
040 (5386075.026.000) 07/07 06:50:40 Started transferring output files
...
040 (5386075.026.000) 07/07 06:50:40 Finished transferring output files
...
005 (5386075.026.000) 07/07 06:50:40 Job terminated.
	(1) Normal termination (return value 0)
		Usr 6 22:02:22, Sys 0 00:01:19  -  Run Remote Usage
		Usr 0 00:00:00, Sys 0 00:00:00  -  Run Local Usage
		Usr 6 22:02:22, Sys 0 00:01:19  -  Total Remote Usage
		Usr 0 00:00:00, Sys 0 00:00:00  -  Total Local Usage
	111536  -  Run Bytes Sent By Job
	783  -  Run Bytes Received By Job
	111536  -  Total Bytes Sent By Job
	783  -  Total Bytes Received By Job
	Partitionable Resources :    Usage  Request Allocated 
	   Cpus                 :     2.88        4         4 
	   Disk (KB)            :   135    10485760  10813376 
	   Memory (MB)          :  1007        8000      8000 

	Job terminated of its own accord at 2021-07-07T04:50:40Z.
...
