000 (5386075.047.000) 07/04 19:36:47 Job submitted from host: <137.138.156.150:9618?addrs=137.138.156.150-9618+[2001-1458-d00-14--9a]-9618&alias=bigbird13.cern.ch&noUDP&sock=schedd_1788_ff6c>
...
022 (5386075.047.000) 07/04 19:50:39 Job disconnected, attempting to reconnect
    Socket between submit and execute hosts closed unexpectedly
    Trying to reconnect to slot1_2@b7s13n3400.cern.ch <128.142.81.96:9618?addrs=128.142.81.96-9618+[2001-1458-301-f5--100-4d2]-9618&alias=b7s13n3400.cern.ch&noUDP&sock=startd_16553_8f45>
...
024 (5386075.047.000) 07/04 19:50:47 Job reconnection failed
    Job not found at execution machine
    Can not reconnect to slot1_2@b7s13n3400.cern.ch, rescheduling job
...
040 (5386075.047.000) 07/04 19:55:13 Started transferring input files
	Transferring to host: <128.142.86.91:9618?addrs=128.142.86.91-9618+[2001-1458-301-f6--100-368]-9618&alias=b7s14n1950.cern.ch&noUDP&sock=slot1_6_26126_e15f_66546>
...
040 (5386075.047.000) 07/04 19:55:13 Finished transferring input files
...
001 (5386075.047.000) 07/04 19:55:14 Job executing on host: <128.142.86.91:9618?addrs=128.142.86.91-9618+[2001-1458-301-f6--100-368]-9618&alias=b7s14n1950.cern.ch&noUDP&sock=startd_2254_a28f>
...
006 (5386075.047.000) 07/04 19:55:23 Image size of job updated: 806804
	247  -  MemoryUsage of job (MB)
	252128  -  ResidentSetSize of job (KB)
...
006 (5386075.047.000) 07/04 20:00:23 Image size of job updated: 1591124
	1004  -  MemoryUsage of job (MB)
	1027568  -  ResidentSetSize of job (KB)
...
006 (5386075.047.000) 07/07 00:00:57 Image size of job updated: 1591688
	1004  -  MemoryUsage of job (MB)
	1028056  -  ResidentSetSize of job (KB)
...
006 (5386075.047.000) 07/07 00:41:01 Image size of job updated: 1592172
	1005  -  MemoryUsage of job (MB)
	1028540  -  ResidentSetSize of job (KB)
...
006 (5386075.047.000) 07/07 01:21:07 Image size of job updated: 1592660
	1005  -  MemoryUsage of job (MB)
	1029028  -  ResidentSetSize of job (KB)
...
006 (5386075.047.000) 07/07 02:01:13 Image size of job updated: 1593144
	1006  -  MemoryUsage of job (MB)
	1029512  -  ResidentSetSize of job (KB)
...
006 (5386075.047.000) 07/07 02:41:19 Image size of job updated: 1593628
	1006  -  MemoryUsage of job (MB)
	1029996  -  ResidentSetSize of job (KB)
...
006 (5386075.047.000) 07/07 03:21:25 Image size of job updated: 1594116
	1007  -  MemoryUsage of job (MB)
	1030484  -  ResidentSetSize of job (KB)
...
006 (5386075.047.000) 07/07 04:01:27 Image size of job updated: 1594600
	1007  -  MemoryUsage of job (MB)
	1030968  -  ResidentSetSize of job (KB)
...
006 (5386075.047.000) 07/07 04:46:30 Image size of job updated: 1595084
	1008  -  MemoryUsage of job (MB)
	1031452  -  ResidentSetSize of job (KB)
...
006 (5386075.047.000) 07/07 05:26:36 Image size of job updated: 1595572
	1008  -  MemoryUsage of job (MB)
	1031940  -  ResidentSetSize of job (KB)
...
006 (5386075.047.000) 07/07 06:11:41 Image size of job updated: 1596056
	1009  -  MemoryUsage of job (MB)
	1032424  -  ResidentSetSize of job (KB)
...
006 (5386075.047.000) 07/07 06:56:43 Image size of job updated: 1596540
	1009  -  MemoryUsage of job (MB)
	1032908  -  ResidentSetSize of job (KB)
...
006 (5386075.047.000) 07/07 07:36:50 Image size of job updated: 1597028
	1010  -  MemoryUsage of job (MB)
	1033396  -  ResidentSetSize of job (KB)
...
006 (5386075.047.000) 07/07 08:16:53 Image size of job updated: 1597512
	1010  -  MemoryUsage of job (MB)
	1033880  -  ResidentSetSize of job (KB)
...
006 (5386075.047.000) 07/07 08:51:56 Image size of job updated: 1597996
	1011  -  MemoryUsage of job (MB)
	1034364  -  ResidentSetSize of job (KB)
...
006 (5386075.047.000) 07/07 09:32:03 Image size of job updated: 1598484
	1011  -  MemoryUsage of job (MB)
	1034852  -  ResidentSetSize of job (KB)
...
006 (5386075.047.000) 07/07 10:07:06 Image size of job updated: 1598968
	1012  -  MemoryUsage of job (MB)
	1035336  -  ResidentSetSize of job (KB)
...
006 (5386075.047.000) 07/07 10:42:07 Image size of job updated: 1599452
	1012  -  MemoryUsage of job (MB)
	1035820  -  ResidentSetSize of job (KB)
...
006 (5386075.047.000) 07/07 11:17:10 Image size of job updated: 1599940
	1013  -  MemoryUsage of job (MB)
	1036308  -  ResidentSetSize of job (KB)
...
006 (5386075.047.000) 07/07 11:57:13 Image size of job updated: 1600424
	1013  -  MemoryUsage of job (MB)
	1036792  -  ResidentSetSize of job (KB)
...
006 (5386075.047.000) 07/07 12:32:15 Image size of job updated: 1600908
	1013  -  MemoryUsage of job (MB)
	1037276  -  ResidentSetSize of job (KB)
...
006 (5386075.047.000) 07/07 13:12:21 Image size of job updated: 1601396
	1014  -  MemoryUsage of job (MB)
	1037764  -  ResidentSetSize of job (KB)
...
006 (5386075.047.000) 07/07 13:52:22 Image size of job updated: 1601880
	1014  -  MemoryUsage of job (MB)
	1038248  -  ResidentSetSize of job (KB)
...
006 (5386075.047.000) 07/07 14:17:24 Image size of job updated: 1603928
	1015  -  MemoryUsage of job (MB)
	1039280  -  ResidentSetSize of job (KB)
...
006 (5386075.047.000) 07/07 14:27:25 Image size of job updated: 1603928
	1015  -  MemoryUsage of job (MB)
	1039288  -  ResidentSetSize of job (KB)
...
006 (5386075.047.000) 07/07 14:57:30 Image size of job updated: 1603928
	1015  -  MemoryUsage of job (MB)
	1039296  -  ResidentSetSize of job (KB)
...
006 (5386075.047.000) 07/07 15:07:30 Image size of job updated: 1604412
	1016  -  MemoryUsage of job (MB)
	1039780  -  ResidentSetSize of job (KB)
...
006 (5386075.047.000) 07/07 15:27:30 Image size of job updated: 1604412
	1016  -  MemoryUsage of job (MB)
	1039788  -  ResidentSetSize of job (KB)
...
006 (5386075.047.000) 07/07 16:02:33 Image size of job updated: 1604900
	1016  -  MemoryUsage of job (MB)
	1040276  -  ResidentSetSize of job (KB)
...
006 (5386075.047.000) 07/07 16:07:34 Image size of job updated: 1604900
	1016  -  MemoryUsage of job (MB)
	1040284  -  ResidentSetSize of job (KB)
...
006 (5386075.047.000) 07/07 16:47:37 Image size of job updated: 1604900
	1016  -  MemoryUsage of job (MB)
	1040292  -  ResidentSetSize of job (KB)
...
006 (5386075.047.000) 07/07 16:57:38 Image size of job updated: 1605384
	1017  -  MemoryUsage of job (MB)
	1040776  -  ResidentSetSize of job (KB)
...
006 (5386075.047.000) 07/07 17:22:39 Image size of job updated: 1605384
	1017  -  MemoryUsage of job (MB)
	1040784  -  ResidentSetSize of job (KB)
...
006 (5386075.047.000) 07/07 17:39:14 Image size of job updated: 1607812
	1017  -  MemoryUsage of job (MB)
	1040784  -  ResidentSetSize of job (KB)
...
040 (5386075.047.000) 07/07 17:39:14 Started transferring output files
...
040 (5386075.047.000) 07/07 17:39:14 Finished transferring output files
...
005 (5386075.047.000) 07/07 17:39:14 Job terminated.
	(1) Normal termination (return value 0)
		Usr 8 05:55:12, Sys 0 00:01:29  -  Run Remote Usage
		Usr 0 00:00:00, Sys 0 00:00:00  -  Run Local Usage
		Usr 8 05:55:12, Sys 0 00:01:29  -  Total Remote Usage
		Usr 0 00:00:00, Sys 0 00:00:00  -  Total Local Usage
	111481  -  Run Bytes Sent By Job
	783  -  Run Bytes Received By Job
	111481  -  Total Bytes Sent By Job
	783  -  Total Bytes Received By Job
	Partitionable Resources :    Usage  Request Allocated 
	   Cpus                 :     2.96        4         4 
	   Disk (KB)            :   136    10485760  10850810 
	   Memory (MB)          :  1017        8000      8000 

	Job terminated of its own accord at 2021-07-07T15:39:14Z.
...
