000 (5386075.038.000) 07/04 19:36:47 Job submitted from host: <137.138.156.150:9618?addrs=137.138.156.150-9618+[2001-1458-d00-14--9a]-9618&alias=bigbird13.cern.ch&noUDP&sock=schedd_1788_ff6c>
...
040 (5386075.038.000) 07/04 19:50:15 Started transferring input files
	Transferring to host: <128.142.81.81:9618?addrs=128.142.81.81-9618+[2001-1458-301-f5--100-1bf]-9618&alias=b7s13n9459.cern.ch&noUDP&sock=slot1_4_5276_2b50_54588>
...
040 (5386075.038.000) 07/04 19:50:15 Finished transferring input files
...
001 (5386075.038.000) 07/04 19:50:16 Job executing on host: <128.142.81.81:9618?addrs=128.142.81.81-9618+[2001-1458-301-f5--100-1bf]-9618&alias=b7s13n9459.cern.ch&noUDP&sock=startd_4213_5896>
...
006 (5386075.038.000) 07/04 19:50:24 Image size of job updated: 154976
	120  -  MemoryUsage of job (MB)
	122764  -  ResidentSetSize of job (KB)
...
006 (5386075.038.000) 07/04 19:55:24 Image size of job updated: 1591228
	1004  -  MemoryUsage of job (MB)
	1027680  -  ResidentSetSize of job (KB)
...
006 (5386075.038.000) 07/06 23:33:55 Image size of job updated: 1591788
	1005  -  MemoryUsage of job (MB)
	1028164  -  ResidentSetSize of job (KB)
...
006 (5386075.038.000) 07/07 00:09:00 Image size of job updated: 1592276
	1005  -  MemoryUsage of job (MB)
	1028652  -  ResidentSetSize of job (KB)
...
006 (5386075.038.000) 07/07 00:44:04 Image size of job updated: 1592760
	1006  -  MemoryUsage of job (MB)
	1029136  -  ResidentSetSize of job (KB)
...
006 (5386075.038.000) 07/07 01:19:06 Image size of job updated: 1593244
	1006  -  MemoryUsage of job (MB)
	1029620  -  ResidentSetSize of job (KB)
...
006 (5386075.038.000) 07/07 01:54:09 Image size of job updated: 1593732
	1006  -  MemoryUsage of job (MB)
	1030108  -  ResidentSetSize of job (KB)
...
006 (5386075.038.000) 07/07 02:28:53 Image size of job updated: 1596156
	1006  -  MemoryUsage of job (MB)
	1030108  -  ResidentSetSize of job (KB)
...
040 (5386075.038.000) 07/07 02:28:53 Started transferring output files
...
040 (5386075.038.000) 07/07 02:28:53 Finished transferring output files
...
005 (5386075.038.000) 07/07 02:28:54 Job terminated.
	(1) Normal termination (return value 0)
		Usr 6 11:19:48, Sys 0 00:01:16  -  Run Remote Usage
		Usr 0 00:00:00, Sys 0 00:00:00  -  Run Local Usage
		Usr 6 11:19:48, Sys 0 00:01:16  -  Total Remote Usage
		Usr 0 00:00:00, Sys 0 00:00:00  -  Total Local Usage
	111524  -  Run Bytes Sent By Job
	783  -  Run Bytes Received By Job
	111524  -  Total Bytes Sent By Job
	783  -  Total Bytes Received By Job
	Partitionable Resources :    Usage  Request Allocated 
	   Cpus                 :     2.94        4         4 
	   Disk (KB)            :   135    10485760  10638003 
	   Memory (MB)          :  1006        8000      8000 

	Job terminated of its own accord at 2021-07-07T00:28:53Z.
...
