000 (5386075.017.000) 07/04 19:36:47 Job submitted from host: <137.138.156.150:9618?addrs=137.138.156.150-9618+[2001-1458-d00-14--9a]-9618&alias=bigbird13.cern.ch&noUDP&sock=schedd_1788_ff6c>
...
040 (5386075.017.000) 07/04 19:50:07 Started transferring input files
	Transferring to host: <128.142.86.106:9618?addrs=128.142.86.106-9618+[2001-1458-301-f6--100-62b]-9618&alias=b7s14n3247.cern.ch&noUDP&sock=slot1_2_2555_fa81_65738>
...
040 (5386075.017.000) 07/04 19:50:07 Finished transferring input files
...
001 (5386075.017.000) 07/04 19:50:08 Job executing on host: <128.142.86.106:9618?addrs=128.142.86.106-9618+[2001-1458-301-f6--100-62b]-9618&alias=b7s14n3247.cern.ch&noUDP&sock=startd_2325_55c8>
...
006 (5386075.017.000) 07/04 19:50:16 Image size of job updated: 407060
	338  -  MemoryUsage of job (MB)
	345196  -  ResidentSetSize of job (KB)
...
006 (5386075.017.000) 07/04 19:55:16 Image size of job updated: 1591304
	1010  -  MemoryUsage of job (MB)
	1033544  -  ResidentSetSize of job (KB)
...
006 (5386075.017.000) 07/04 21:35:25 Image size of job updated: 1591304
	1012  -  MemoryUsage of job (MB)
	1036040  -  ResidentSetSize of job (KB)
...
006 (5386075.017.000) 07/06 16:45:31 Image size of job updated: 1591864
	1013  -  MemoryUsage of job (MB)
	1036524  -  ResidentSetSize of job (KB)
...
006 (5386075.017.000) 07/06 17:20:35 Image size of job updated: 1592348
	1013  -  MemoryUsage of job (MB)
	1037008  -  ResidentSetSize of job (KB)
...
006 (5386075.017.000) 07/06 17:55:39 Image size of job updated: 1592836
	1014  -  MemoryUsage of job (MB)
	1037496  -  ResidentSetSize of job (KB)
...
006 (5386075.017.000) 07/06 18:30:41 Image size of job updated: 1593320
	1014  -  MemoryUsage of job (MB)
	1037980  -  ResidentSetSize of job (KB)
...
006 (5386075.017.000) 07/06 19:05:43 Image size of job updated: 1593808
	1015  -  MemoryUsage of job (MB)
	1038468  -  ResidentSetSize of job (KB)
...
006 (5386075.017.000) 07/06 19:40:46 Image size of job updated: 1594292
	1015  -  MemoryUsage of job (MB)
	1038952  -  ResidentSetSize of job (KB)
...
006 (5386075.017.000) 07/06 20:27:34 Image size of job updated: 1594776
	1016  -  MemoryUsage of job (MB)
	1039436  -  ResidentSetSize of job (KB)
...
006 (5386075.017.000) 07/06 21:07:37 Image size of job updated: 1595264
	1016  -  MemoryUsage of job (MB)
	1039924  -  ResidentSetSize of job (KB)
...
006 (5386075.017.000) 07/06 21:47:42 Image size of job updated: 1595748
	1017  -  MemoryUsage of job (MB)
	1040408  -  ResidentSetSize of job (KB)
...
006 (5386075.017.000) 07/06 22:32:45 Image size of job updated: 1596232
	1017  -  MemoryUsage of job (MB)
	1040892  -  ResidentSetSize of job (KB)
...
006 (5386075.017.000) 07/06 23:17:52 Image size of job updated: 1596720
	1017  -  MemoryUsage of job (MB)
	1041380  -  ResidentSetSize of job (KB)
...
006 (5386075.017.000) 07/07 00:07:58 Image size of job updated: 1597204
	1018  -  MemoryUsage of job (MB)
	1041864  -  ResidentSetSize of job (KB)
...
006 (5386075.017.000) 07/07 00:47:59 Image size of job updated: 1597688
	1018  -  MemoryUsage of job (MB)
	1042348  -  ResidentSetSize of job (KB)
...
006 (5386075.017.000) 07/07 01:33:04 Image size of job updated: 1598176
	1019  -  MemoryUsage of job (MB)
	1042836  -  ResidentSetSize of job (KB)
...
006 (5386075.017.000) 07/07 02:13:09 Image size of job updated: 1598660
	1019  -  MemoryUsage of job (MB)
	1043320  -  ResidentSetSize of job (KB)
...
006 (5386075.017.000) 07/07 03:05:31 Image size of job updated: 1601572
	1019  -  MemoryUsage of job (MB)
	1043320  -  ResidentSetSize of job (KB)
...
040 (5386075.017.000) 07/07 03:05:31 Started transferring output files
...
040 (5386075.017.000) 07/07 03:05:31 Finished transferring output files
...
005 (5386075.017.000) 07/07 03:05:31 Job terminated.
	(1) Normal termination (return value 0)
		Usr 6 14:23:31, Sys 0 00:01:16  -  Run Remote Usage
		Usr 0 00:00:00, Sys 0 00:00:00  -  Run Local Usage
		Usr 6 14:23:31, Sys 0 00:01:16  -  Total Remote Usage
		Usr 0 00:00:00, Sys 0 00:00:00  -  Total Local Usage
	111490  -  Run Bytes Sent By Job
	783  -  Run Bytes Received By Job
	111490  -  Total Bytes Sent By Job
	783  -  Total Bytes Received By Job
	Partitionable Resources :    Usage  Request Allocated 
	   Cpus                 :     2.75        4         4 
	   Disk (KB)            :   135    10485760  10891437 
	   Memory (MB)          :  1019        8000      8000 

	Job terminated of its own accord at 2021-07-07T01:05:31Z.
...
