000 (5386075.007.000) 07/04 19:36:47 Job submitted from host: <137.138.156.150:9618?addrs=137.138.156.150-9618+[2001-1458-d00-14--9a]-9618&alias=bigbird13.cern.ch&noUDP&sock=schedd_1788_ff6c>
...
040 (5386075.007.000) 07/04 19:45:10 Started transferring input files
	Transferring to host: <188.184.169.79:9618?addrs=188.184.169.79-9618+[2001-1458-301-c0--100-1d2]-9618&alias=b7g52n3454.cern.ch&noUDP&sock=slot1_2_5850_9aa7_56193>
...
040 (5386075.007.000) 07/04 19:45:10 Finished transferring input files
...
001 (5386075.007.000) 07/04 19:45:11 Job executing on host: <188.184.169.79:9618?addrs=188.184.169.79-9618+[2001-1458-301-c0--100-1d2]-9618&alias=b7g52n3454.cern.ch&noUDP&sock=startd_4587_e102>
...
006 (5386075.007.000) 07/04 19:45:20 Image size of job updated: 144216
	82  -  MemoryUsage of job (MB)
	83240  -  ResidentSetSize of job (KB)
...
006 (5386075.007.000) 07/04 19:50:20 Image size of job updated: 1591244
	1004  -  MemoryUsage of job (MB)
	1027704  -  ResidentSetSize of job (KB)
...
006 (5386075.007.000) 07/07 05:30:38 Image size of job updated: 1591804
	1005  -  MemoryUsage of job (MB)
	1028188  -  ResidentSetSize of job (KB)
...
006 (5386075.007.000) 07/07 06:20:43 Image size of job updated: 1592288
	1005  -  MemoryUsage of job (MB)
	1028672  -  ResidentSetSize of job (KB)
...
006 (5386075.007.000) 07/07 07:10:49 Image size of job updated: 1592776
	1006  -  MemoryUsage of job (MB)
	1029160  -  ResidentSetSize of job (KB)
...
006 (5386075.007.000) 07/07 08:00:57 Image size of job updated: 1593260
	1006  -  MemoryUsage of job (MB)
	1029644  -  ResidentSetSize of job (KB)
...
006 (5386075.007.000) 07/07 08:46:03 Image size of job updated: 1593744
	1006  -  MemoryUsage of job (MB)
	1030128  -  ResidentSetSize of job (KB)
...
006 (5386075.007.000) 07/07 09:36:08 Image size of job updated: 1594232
	1007  -  MemoryUsage of job (MB)
	1030616  -  ResidentSetSize of job (KB)
...
006 (5386075.007.000) 07/07 10:26:12 Image size of job updated: 1594716
	1007  -  MemoryUsage of job (MB)
	1031100  -  ResidentSetSize of job (KB)
...
006 (5386075.007.000) 07/07 11:11:13 Image size of job updated: 1595200
	1008  -  MemoryUsage of job (MB)
	1031584  -  ResidentSetSize of job (KB)
...
006 (5386075.007.000) 07/07 12:01:19 Image size of job updated: 1595688
	1008  -  MemoryUsage of job (MB)
	1032072  -  ResidentSetSize of job (KB)
...
006 (5386075.007.000) 07/07 12:46:26 Image size of job updated: 1596172
	1009  -  MemoryUsage of job (MB)
	1032556  -  ResidentSetSize of job (KB)
...
006 (5386075.007.000) 07/07 13:31:33 Image size of job updated: 1596656
	1009  -  MemoryUsage of job (MB)
	1033040  -  ResidentSetSize of job (KB)
...
006 (5386075.007.000) 07/07 14:21:38 Image size of job updated: 1597144
	1010  -  MemoryUsage of job (MB)
	1033528  -  ResidentSetSize of job (KB)
...
006 (5386075.007.000) 07/07 15:11:40 Image size of job updated: 1597628
	1010  -  MemoryUsage of job (MB)
	1034012  -  ResidentSetSize of job (KB)
...
006 (5386075.007.000) 07/07 16:06:44 Image size of job updated: 1598112
	1011  -  MemoryUsage of job (MB)
	1034496  -  ResidentSetSize of job (KB)
...
006 (5386075.007.000) 07/07 16:46:47 Image size of job updated: 1598600
	1011  -  MemoryUsage of job (MB)
	1034984  -  ResidentSetSize of job (KB)
...
006 (5386075.007.000) 07/07 17:26:52 Image size of job updated: 1599084
	1012  -  MemoryUsage of job (MB)
	1035468  -  ResidentSetSize of job (KB)
...
006 (5386075.007.000) 07/07 18:01:56 Image size of job updated: 1599568
	1012  -  MemoryUsage of job (MB)
	1035952  -  ResidentSetSize of job (KB)
...
006 (5386075.007.000) 07/07 18:42:01 Image size of job updated: 1600056
	1013  -  MemoryUsage of job (MB)
	1036440  -  ResidentSetSize of job (KB)
...
006 (5386075.007.000) 07/07 19:32:07 Image size of job updated: 1600540
	1013  -  MemoryUsage of job (MB)
	1036924  -  ResidentSetSize of job (KB)
...
006 (5386075.007.000) 07/07 20:27:10 Image size of job updated: 1601028
	1014  -  MemoryUsage of job (MB)
	1037412  -  ResidentSetSize of job (KB)
...
006 (5386075.007.000) 07/07 21:17:16 Image size of job updated: 1601512
	1014  -  MemoryUsage of job (MB)
	1037896  -  ResidentSetSize of job (KB)
...
006 (5386075.007.000) 07/07 22:17:23 Image size of job updated: 1601996
	1015  -  MemoryUsage of job (MB)
	1038380  -  ResidentSetSize of job (KB)
...
006 (5386075.007.000) 07/07 23:02:26 Image size of job updated: 1604044
	1016  -  MemoryUsage of job (MB)
	1039412  -  ResidentSetSize of job (KB)
...
006 (5386075.007.000) 07/07 23:12:26 Image size of job updated: 1604044
	1016  -  MemoryUsage of job (MB)
	1039420  -  ResidentSetSize of job (KB)
...
006 (5386075.007.000) 07/07 23:57:31 Image size of job updated: 1604044
	1016  -  MemoryUsage of job (MB)
	1039428  -  ResidentSetSize of job (KB)
...
006 (5386075.007.000) 07/08 00:12:33 Image size of job updated: 1604532
	1016  -  MemoryUsage of job (MB)
	1039916  -  ResidentSetSize of job (KB)
...
006 (5386075.007.000) 07/08 00:37:37 Image size of job updated: 1604532
	1016  -  MemoryUsage of job (MB)
	1039924  -  ResidentSetSize of job (KB)
...
006 (5386075.007.000) 07/08 01:07:40 Image size of job updated: 1605016
	1017  -  MemoryUsage of job (MB)
	1040408  -  ResidentSetSize of job (KB)
...
006 (5386075.007.000) 07/08 01:17:41 Image size of job updated: 1605016
	1017  -  MemoryUsage of job (MB)
	1040416  -  ResidentSetSize of job (KB)
...
006 (5386075.007.000) 07/08 01:57:45 Image size of job updated: 1605016
	1017  -  MemoryUsage of job (MB)
	1040424  -  ResidentSetSize of job (KB)
...
006 (5386075.007.000) 07/08 02:02:46 Image size of job updated: 1605016
	1017  -  MemoryUsage of job (MB)
	1040908  -  ResidentSetSize of job (KB)
...
006 (5386075.007.000) 07/08 02:07:46 Image size of job updated: 1605500
	1017  -  MemoryUsage of job (MB)
	1040908  -  ResidentSetSize of job (KB)
...
006 (5386075.007.000) 07/08 02:37:50 Image size of job updated: 1605500
	1017  -  MemoryUsage of job (MB)
	1040916  -  ResidentSetSize of job (KB)
...
006 (5386075.007.000) 07/08 02:57:53 Image size of job updated: 1605988
	1017  -  MemoryUsage of job (MB)
	1041404  -  ResidentSetSize of job (KB)
...
006 (5386075.007.000) 07/08 03:17:54 Image size of job updated: 1605988
	1018  -  MemoryUsage of job (MB)
	1041412  -  ResidentSetSize of job (KB)
...
006 (5386075.007.000) 07/08 03:57:57 Image size of job updated: 1606472
	1018  -  MemoryUsage of job (MB)
	1041904  -  ResidentSetSize of job (KB)
...
006 (5386075.007.000) 07/08 04:38:01 Image size of job updated: 1606472
	1018  -  MemoryUsage of job (MB)
	1041912  -  ResidentSetSize of job (KB)
...
006 (5386075.007.000) 07/08 04:48:02 Image size of job updated: 1606956
	1018  -  MemoryUsage of job (MB)
	1042396  -  ResidentSetSize of job (KB)
...
006 (5386075.007.000) 07/08 05:18:06 Image size of job updated: 1606956
	1018  -  MemoryUsage of job (MB)
	1042404  -  ResidentSetSize of job (KB)
...
006 (5386075.007.000) 07/08 05:48:09 Image size of job updated: 1609384
	1021  -  MemoryUsage of job (MB)
	1044832  -  ResidentSetSize of job (KB)
...
040 (5386075.007.000) 07/08 05:48:45 Started transferring output files
...
040 (5386075.007.000) 07/08 05:48:46 Finished transferring output files
...
005 (5386075.007.000) 07/08 05:48:46 Job terminated.
	(1) Normal termination (return value 0)
		Usr 9 12:05:12, Sys 0 00:02:08  -  Run Remote Usage
		Usr 0 00:00:00, Sys 0 00:00:00  -  Run Local Usage
		Usr 9 12:05:12, Sys 0 00:02:08  -  Total Remote Usage
		Usr 0 00:00:00, Sys 0 00:00:00  -  Total Local Usage
	111527  -  Run Bytes Sent By Job
	783  -  Run Bytes Received By Job
	111527  -  Total Bytes Sent By Job
	783  -  Total Bytes Received By Job
	Partitionable Resources :    Usage  Request Allocated 
	   Cpus                 :     2.72        4         4 
	   Disk (KB)            :   135    10485760  10790733 
	   Memory (MB)          :  1021        8000      8000 

	Job terminated of its own accord at 2021-07-08T03:48:45Z.
...
