000 (5386075.081.000) 07/04 19:36:47 Job submitted from host: <137.138.156.150:9618?addrs=137.138.156.150-9618+[2001-1458-d00-14--9a]-9618&alias=bigbird13.cern.ch&noUDP&sock=schedd_1788_ff6c>
...
040 (5386075.081.000) 07/04 20:25:34 Started transferring input files
	Transferring to host: <128.142.76.30:9618?addrs=128.142.76.30-9618+[2001-1458-301-f4--100-4eb]-9618&alias=b7s12n8105.cern.ch&noUDP&sock=slot1_2_19975_f1c5_107563>
...
040 (5386075.081.000) 07/04 20:25:34 Finished transferring input files
...
001 (5386075.081.000) 07/04 20:25:35 Job executing on host: <128.142.76.30:9618?addrs=128.142.76.30-9618+[2001-1458-301-f4--100-4eb]-9618&alias=b7s12n8105.cern.ch&noUDP&sock=startd_14902_1c69>
...
006 (5386075.081.000) 07/04 20:25:44 Image size of job updated: 525764
	195  -  MemoryUsage of job (MB)
	199108  -  ResidentSetSize of job (KB)
...
006 (5386075.081.000) 07/04 20:30:44 Image size of job updated: 1591188
	1004  -  MemoryUsage of job (MB)
	1027640  -  ResidentSetSize of job (KB)
...
006 (5386075.081.000) 07/07 04:21:12 Image size of job updated: 1591752
	1004  -  MemoryUsage of job (MB)
	1028036  -  ResidentSetSize of job (KB)
...
006 (5386075.081.000) 07/07 05:06:17 Image size of job updated: 1592236
	1005  -  MemoryUsage of job (MB)
	1028520  -  ResidentSetSize of job (KB)
...
006 (5386075.081.000) 07/07 05:46:21 Image size of job updated: 1592720
	1005  -  MemoryUsage of job (MB)
	1029004  -  ResidentSetSize of job (KB)
...
006 (5386075.081.000) 07/07 06:36:27 Image size of job updated: 1593208
	1006  -  MemoryUsage of job (MB)
	1029492  -  ResidentSetSize of job (KB)
...
006 (5386075.081.000) 07/07 07:16:32 Image size of job updated: 1593692
	1006  -  MemoryUsage of job (MB)
	1029976  -  ResidentSetSize of job (KB)
...
006 (5386075.081.000) 07/07 08:01:34 Image size of job updated: 1594176
	1007  -  MemoryUsage of job (MB)
	1030460  -  ResidentSetSize of job (KB)
...
006 (5386075.081.000) 07/07 08:43:27 Image size of job updated: 1596604
	1007  -  MemoryUsage of job (MB)
	1030460  -  ResidentSetSize of job (KB)
...
040 (5386075.081.000) 07/07 08:43:27 Started transferring output files
...
040 (5386075.081.000) 07/07 08:43:27 Finished transferring output files
...
005 (5386075.081.000) 07/07 08:43:27 Job terminated.
	(1) Normal termination (return value 0)
		Usr 7 00:39:27, Sys 0 00:01:39  -  Run Remote Usage
		Usr 0 00:00:00, Sys 0 00:00:00  -  Run Local Usage
		Usr 7 00:39:27, Sys 0 00:01:39  -  Total Remote Usage
		Usr 0 00:00:00, Sys 0 00:00:00  -  Total Local Usage
	111531  -  Run Bytes Sent By Job
	783  -  Run Bytes Received By Job
	111531  -  Total Bytes Sent By Job
	783  -  Total Bytes Received By Job
	Partitionable Resources :    Usage  Request Allocated 
	   Cpus                 :     2.88        4         4 
	   Disk (KB)            :   135    10485760  10830506 
	   Memory (MB)          :  1007        8000      8000 

	Job terminated of its own accord at 2021-07-07T06:43:27Z.
...
