000 (5386075.019.000) 07/04 19:36:47 Job submitted from host: <137.138.156.150:9618?addrs=137.138.156.150-9618+[2001-1458-d00-14--9a]-9618&alias=bigbird13.cern.ch&noUDP&sock=schedd_1788_ff6c>
...
040 (5386075.019.000) 07/04 19:50:25 Started transferring input files
	Transferring to host: <188.184.169.204:9618?addrs=188.184.169.204-9618+[2001-1458-301-c0--100-3c8]-9618&alias=b7g52n5787.cern.ch&noUDP&sock=slot1_1_6589_4be5_108777>
...
040 (5386075.019.000) 07/04 19:50:25 Finished transferring input files
...
001 (5386075.019.000) 07/04 19:50:26 Job executing on host: <188.184.169.204:9618?addrs=188.184.169.204-9618+[2001-1458-301-c0--100-3c8]-9618&alias=b7g52n5787.cern.ch&noUDP&sock=startd_17538_300e>
...
006 (5386075.019.000) 07/04 19:50:35 Image size of job updated: 277400
	53  -  MemoryUsage of job (MB)
	53796  -  ResidentSetSize of job (KB)
...
006 (5386075.019.000) 07/04 19:55:36 Image size of job updated: 1591160
	1004  -  MemoryUsage of job (MB)
	1027608  -  ResidentSetSize of job (KB)
...
006 (5386075.019.000) 07/07 01:25:58 Image size of job updated: 1591720
	1004  -  MemoryUsage of job (MB)
	1028092  -  ResidentSetSize of job (KB)
...
006 (5386075.019.000) 07/07 02:06:03 Image size of job updated: 1592208
	1005  -  MemoryUsage of job (MB)
	1028580  -  ResidentSetSize of job (KB)
...
006 (5386075.019.000) 07/07 02:51:08 Image size of job updated: 1592692
	1005  -  MemoryUsage of job (MB)
	1029064  -  ResidentSetSize of job (KB)
...
006 (5386075.019.000) 07/07 03:36:11 Image size of job updated: 1593180
	1006  -  MemoryUsage of job (MB)
	1029552  -  ResidentSetSize of job (KB)
...
006 (5386075.019.000) 07/07 04:26:15 Image size of job updated: 1593664
	1006  -  MemoryUsage of job (MB)
	1030036  -  ResidentSetSize of job (KB)
...
006 (5386075.019.000) 07/07 05:06:20 Image size of job updated: 1594148
	1007  -  MemoryUsage of job (MB)
	1030520  -  ResidentSetSize of job (KB)
...
006 (5386075.019.000) 07/07 05:51:24 Image size of job updated: 1594636
	1007  -  MemoryUsage of job (MB)
	1031008  -  ResidentSetSize of job (KB)
...
006 (5386075.019.000) 07/07 06:36:29 Image size of job updated: 1595120
	1008  -  MemoryUsage of job (MB)
	1031492  -  ResidentSetSize of job (KB)
...
006 (5386075.019.000) 07/07 07:16:34 Image size of job updated: 1595604
	1008  -  MemoryUsage of job (MB)
	1031976  -  ResidentSetSize of job (KB)
...
006 (5386075.019.000) 07/07 08:01:42 Image size of job updated: 1598032
	1011  -  MemoryUsage of job (MB)
	1034404  -  ResidentSetSize of job (KB)
...
040 (5386075.019.000) 07/07 08:02:35 Started transferring output files
...
040 (5386075.019.000) 07/07 08:02:35 Finished transferring output files
...
005 (5386075.019.000) 07/07 08:02:35 Job terminated.
	(1) Normal termination (return value 0)
		Usr 7 01:15:46, Sys 0 00:01:29  -  Run Remote Usage
		Usr 0 00:00:00, Sys 0 00:00:00  -  Run Local Usage
		Usr 7 01:15:46, Sys 0 00:01:29  -  Total Remote Usage
		Usr 0 00:00:00, Sys 0 00:00:00  -  Total Local Usage
	111520  -  Run Bytes Sent By Job
	783  -  Run Bytes Received By Job
	111520  -  Total Bytes Sent By Job
	783  -  Total Bytes Received By Job
	Partitionable Resources :    Usage  Request Allocated 
	   Cpus                 :     2.83        4         4 
	   Disk (KB)            :   135    10485760  10697976 
	   Memory (MB)          :  1011        8000      8000 

	Job terminated of its own accord at 2021-07-07T06:02:35Z.
...
