000 (5386075.059.000) 07/04 19:36:47 Job submitted from host: <137.138.156.150:9618?addrs=137.138.156.150-9618+[2001-1458-d00-14--9a]-9618&alias=bigbird13.cern.ch&noUDP&sock=schedd_1788_ff6c>
...
040 (5386075.059.000) 07/04 20:00:20 Started transferring input files
	Transferring to host: <128.142.79.190:9618?addrs=128.142.79.190-9618+[2001-1458-301-f4--100-326]-9618&alias=b7s12n9804.cern.ch&noUDP&sock=slot1_4_5736_47e2_58794>
...
040 (5386075.059.000) 07/04 20:00:20 Finished transferring input files
...
001 (5386075.059.000) 07/04 20:00:21 Job executing on host: <128.142.79.190:9618?addrs=128.142.79.190-9618+[2001-1458-301-f4--100-326]-9618&alias=b7s12n9804.cern.ch&noUDP&sock=startd_4704_2197>
...
006 (5386075.059.000) 07/04 20:00:30 Image size of job updated: 105152
	71  -  MemoryUsage of job (MB)
	71900  -  ResidentSetSize of job (KB)
...
006 (5386075.059.000) 07/04 20:05:31 Image size of job updated: 1591216
	1004  -  MemoryUsage of job (MB)
	1027676  -  ResidentSetSize of job (KB)
...
006 (5386075.059.000) 07/07 04:47:04 Image size of job updated: 1591780
	1004  -  MemoryUsage of job (MB)
	1027676  -  ResidentSetSize of job (KB)
...
006 (5386075.059.000) 07/07 05:37:06 Image size of job updated: 1592264
	1005  -  MemoryUsage of job (MB)
	1028132  -  ResidentSetSize of job (KB)
...
006 (5386075.059.000) 07/07 06:27:12 Image size of job updated: 1592752
	1005  -  MemoryUsage of job (MB)
	1028620  -  ResidentSetSize of job (KB)
...
006 (5386075.059.000) 07/07 07:22:19 Image size of job updated: 1593236
	1005  -  MemoryUsage of job (MB)
	1029104  -  ResidentSetSize of job (KB)
...
006 (5386075.059.000) 07/07 08:07:22 Image size of job updated: 1593720
	1006  -  MemoryUsage of job (MB)
	1029588  -  ResidentSetSize of job (KB)
...
006 (5386075.059.000) 07/07 08:57:29 Image size of job updated: 1594208
	1006  -  MemoryUsage of job (MB)
	1030076  -  ResidentSetSize of job (KB)
...
006 (5386075.059.000) 07/07 09:52:36 Image size of job updated: 1594692
	1007  -  MemoryUsage of job (MB)
	1030560  -  ResidentSetSize of job (KB)
...
006 (5386075.059.000) 07/07 10:52:41 Image size of job updated: 1595176
	1007  -  MemoryUsage of job (MB)
	1031044  -  ResidentSetSize of job (KB)
...
006 (5386075.059.000) 07/07 11:47:44 Image size of job updated: 1595664
	1008  -  MemoryUsage of job (MB)
	1031532  -  ResidentSetSize of job (KB)
...
006 (5386075.059.000) 07/07 12:42:49 Image size of job updated: 1596148
	1008  -  MemoryUsage of job (MB)
	1032016  -  ResidentSetSize of job (KB)
...
006 (5386075.059.000) 07/07 13:37:54 Image size of job updated: 1596632
	1009  -  MemoryUsage of job (MB)
	1032500  -  ResidentSetSize of job (KB)
...
006 (5386075.059.000) 07/07 14:32:57 Image size of job updated: 1597120
	1009  -  MemoryUsage of job (MB)
	1032988  -  ResidentSetSize of job (KB)
...
006 (5386075.059.000) 07/07 15:28:00 Image size of job updated: 1597604
	1010  -  MemoryUsage of job (MB)
	1033472  -  ResidentSetSize of job (KB)
...
006 (5386075.059.000) 07/07 16:08:05 Image size of job updated: 1598088
	1010  -  MemoryUsage of job (MB)
	1033956  -  ResidentSetSize of job (KB)
...
006 (5386075.059.000) 07/07 16:43:09 Image size of job updated: 1600516
	1013  -  MemoryUsage of job (MB)
	1036384  -  ResidentSetSize of job (KB)
...
040 (5386075.059.000) 07/07 16:43:46 Started transferring output files
...
040 (5386075.059.000) 07/07 16:43:46 Finished transferring output files
...
005 (5386075.059.000) 07/07 16:43:47 Job terminated.
	(1) Normal termination (return value 0)
		Usr 7 23:50:10, Sys 0 00:01:39  -  Run Remote Usage
		Usr 0 00:00:00, Sys 0 00:00:00  -  Run Local Usage
		Usr 7 23:50:10, Sys 0 00:01:39  -  Total Remote Usage
		Usr 0 00:00:00, Sys 0 00:00:00  -  Total Local Usage
	111498  -  Run Bytes Sent By Job
	783  -  Run Bytes Received By Job
	111498  -  Total Bytes Sent By Job
	783  -  Total Bytes Received By Job
	Partitionable Resources :    Usage  Request Allocated 
	   Cpus                 :     2.88        4         4 
	   Disk (KB)            :   135    10485760  10669051 
	   Memory (MB)          :  1013        8000      8000 

	Job terminated of its own accord at 2021-07-07T14:43:46Z.
...
