000 (5386075.092.000) 07/04 19:36:47 Job submitted from host: <137.138.156.150:9618?addrs=137.138.156.150-9618+[2001-1458-d00-14--9a]-9618&alias=bigbird13.cern.ch&noUDP&sock=schedd_1788_ff6c>
...
040 (5386075.092.000) 07/04 20:35:13 Started transferring input files
	Transferring to host: <128.142.81.44:9618?addrs=128.142.81.44-9618+[2001-1458-301-f5--100-68e]-9618&alias=b7s13n9964.cern.ch&noUDP&sock=slot1_3_5965_a1cc_59031>
...
040 (5386075.092.000) 07/04 20:35:13 Finished transferring input files
...
001 (5386075.092.000) 07/04 20:35:14 Job executing on host: <128.142.81.44:9618?addrs=128.142.81.44-9618+[2001-1458-301-f5--100-68e]-9618&alias=b7s13n9964.cern.ch&noUDP&sock=startd_4805_68a7>
...
006 (5386075.092.000) 07/04 20:35:23 Image size of job updated: 126304
	64  -  MemoryUsage of job (MB)
	65328  -  ResidentSetSize of job (KB)
...
006 (5386075.092.000) 07/04 20:40:23 Image size of job updated: 1591256
	1004  -  MemoryUsage of job (MB)
	1027712  -  ResidentSetSize of job (KB)
...
006 (5386075.092.000) 07/07 12:46:51 Image size of job updated: 1591820
	1005  -  MemoryUsage of job (MB)
	1028200  -  ResidentSetSize of job (KB)
...
006 (5386075.092.000) 07/07 13:41:07 Image size of job updated: 2218576
	1005  -  MemoryUsage of job (MB)
	1028200  -  ResidentSetSize of job (KB)
...
040 (5386075.092.000) 07/07 13:41:07 Started transferring output files
...
040 (5386075.092.000) 07/07 13:41:07 Finished transferring output files
...
005 (5386075.092.000) 07/07 13:41:08 Job terminated.
	(1) Normal termination (return value 0)
		Usr 7 16:14:19, Sys 0 00:03:03  -  Run Remote Usage
		Usr 0 00:00:00, Sys 0 00:00:00  -  Run Local Usage
		Usr 7 16:14:19, Sys 0 00:03:03  -  Total Remote Usage
		Usr 0 00:00:00, Sys 0 00:00:00  -  Total Local Usage
	111516  -  Run Bytes Sent By Job
	783  -  Run Bytes Received By Job
	111516  -  Total Bytes Sent By Job
	783  -  Total Bytes Received By Job
	Partitionable Resources :    Usage  Request Allocated 
	   Cpus                 :     2.83        4         4 
	   Disk (KB)            :   135    10485760  10696190 
	   Memory (MB)          :  1005        8000      8000 

	Job terminated of its own accord at 2021-07-07T11:41:07Z.
...
