000 (5386075.046.000) 07/04 19:36:47 Job submitted from host: <137.138.156.150:9618?addrs=137.138.156.150-9618+[2001-1458-d00-14--9a]-9618&alias=bigbird13.cern.ch&noUDP&sock=schedd_1788_ff6c>
...
040 (5386075.046.000) 07/04 19:50:17 Started transferring input files
	Transferring to host: <128.142.193.157:9618?addrs=128.142.193.157-9618+[2001-1458-301-cc--100-192]-9618&alias=b7g52n5570.cern.ch&noUDP&sock=slot1_2_5774_0e24_54668>
...
040 (5386075.046.000) 07/04 19:50:17 Finished transferring input files
...
001 (5386075.046.000) 07/04 19:50:18 Job executing on host: <128.142.193.157:9618?addrs=128.142.193.157-9618+[2001-1458-301-cc--100-192]-9618&alias=b7g52n5570.cern.ch&noUDP&sock=startd_4596_0d5c>
...
006 (5386075.046.000) 07/04 19:50:26 Image size of job updated: 537380
	191  -  MemoryUsage of job (MB)
	194844  -  ResidentSetSize of job (KB)
...
006 (5386075.046.000) 07/04 19:55:26 Image size of job updated: 1591288
	1004  -  MemoryUsage of job (MB)
	1027732  -  ResidentSetSize of job (KB)
...
006 (5386075.046.000) 07/07 00:15:53 Image size of job updated: 1591852
	1005  -  MemoryUsage of job (MB)
	1028220  -  ResidentSetSize of job (KB)
...
006 (5386075.046.000) 07/07 00:56:00 Image size of job updated: 1592336
	1005  -  MemoryUsage of job (MB)
	1028704  -  ResidentSetSize of job (KB)
...
006 (5386075.046.000) 07/07 01:36:06 Image size of job updated: 1592820
	1006  -  MemoryUsage of job (MB)
	1029188  -  ResidentSetSize of job (KB)
...
006 (5386075.046.000) 07/07 02:16:12 Image size of job updated: 1593308
	1006  -  MemoryUsage of job (MB)
	1029676  -  ResidentSetSize of job (KB)
...
006 (5386075.046.000) 07/07 02:56:17 Image size of job updated: 1593792
	1007  -  MemoryUsage of job (MB)
	1030160  -  ResidentSetSize of job (KB)
...
006 (5386075.046.000) 07/07 03:36:20 Image size of job updated: 1594276
	1007  -  MemoryUsage of job (MB)
	1030644  -  ResidentSetSize of job (KB)
...
006 (5386075.046.000) 07/07 04:21:23 Image size of job updated: 1594764
	1007  -  MemoryUsage of job (MB)
	1031132  -  ResidentSetSize of job (KB)
...
006 (5386075.046.000) 07/07 05:01:28 Image size of job updated: 1595248
	1008  -  MemoryUsage of job (MB)
	1031616  -  ResidentSetSize of job (KB)
...
006 (5386075.046.000) 07/07 05:41:32 Image size of job updated: 1595732
	1008  -  MemoryUsage of job (MB)
	1032100  -  ResidentSetSize of job (KB)
...
006 (5386075.046.000) 07/07 06:21:36 Image size of job updated: 1596220
	1009  -  MemoryUsage of job (MB)
	1032588  -  ResidentSetSize of job (KB)
...
006 (5386075.046.000) 07/07 07:01:41 Image size of job updated: 1596704
	1009  -  MemoryUsage of job (MB)
	1033072  -  ResidentSetSize of job (KB)
...
006 (5386075.046.000) 07/07 07:39:57 Image size of job updated: 1599132
	1009  -  MemoryUsage of job (MB)
	1033072  -  ResidentSetSize of job (KB)
...
040 (5386075.046.000) 07/07 07:39:57 Started transferring output files
...
040 (5386075.046.000) 07/07 07:39:57 Finished transferring output files
...
005 (5386075.046.000) 07/07 07:39:57 Job terminated.
	(1) Normal termination (return value 0)
		Usr 7 01:19:01, Sys 0 00:01:20  -  Run Remote Usage
		Usr 0 00:00:00, Sys 0 00:00:00  -  Run Local Usage
		Usr 7 01:19:01, Sys 0 00:01:20  -  Total Remote Usage
		Usr 0 00:00:00, Sys 0 00:00:00  -  Total Local Usage
	111532  -  Run Bytes Sent By Job
	783  -  Run Bytes Received By Job
	111532  -  Total Bytes Sent By Job
	783  -  Total Bytes Received By Job
	Partitionable Resources :    Usage  Request Allocated 
	   Cpus                 :     2.85        4         4 
	   Disk (KB)            :   135    10485760  10792275 
	   Memory (MB)          :  1009        8000      8000 

	Job terminated of its own accord at 2021-07-07T05:39:57Z.
...
