000 (5415472.323.000) 07/11 14:02:29 Job submitted from host: <137.138.156.150:9618?addrs=137.138.156.150-9618+[2001-1458-d00-14--9a]-9618&alias=bigbird13.cern.ch&noUDP&sock=schedd_1788_ff6c>
...
040 (5415472.323.000) 07/11 15:03:21 Started transferring input files
	Transferring to host: <128.142.57.139:9618?addrs=128.142.57.139-9618+[2001-1458-301-7--100-8a]-9618&alias=b7s02p4498.cern.ch&noUDP&sock=slot1_4_6693_92e9_6639>
...
040 (5415472.323.000) 07/11 15:03:21 Finished transferring input files
...
001 (5415472.323.000) 07/11 15:03:22 Job executing on host: <128.142.57.139:9618?addrs=128.142.57.139-9618+[2001-1458-301-7--100-8a]-9618&alias=b7s02p4498.cern.ch&noUDP&sock=startd_6230_d71d>
...
006 (5415472.323.000) 07/11 15:03:31 Image size of job updated: 570632
	68  -  MemoryUsage of job (MB)
	68636  -  ResidentSetSize of job (KB)
...
006 (5415472.323.000) 07/11 15:08:32 Image size of job updated: 1590948
	1004  -  MemoryUsage of job (MB)
	1027380  -  ResidentSetSize of job (KB)
...
006 (5415472.323.000) 07/12 22:31:38 Image size of job updated: 1591928
	1004  -  MemoryUsage of job (MB)
	1027380  -  ResidentSetSize of job (KB)
...
006 (5415472.323.000) 07/12 23:11:40 Image size of job updated: 1592836
	1004  -  MemoryUsage of job (MB)
	1027380  -  ResidentSetSize of job (KB)
...
006 (5415472.323.000) 07/12 23:46:44 Image size of job updated: 1593740
	1004  -  MemoryUsage of job (MB)
	1027380  -  ResidentSetSize of job (KB)
...
006 (5415472.323.000) 07/13 00:26:48 Image size of job updated: 1594648
	1004  -  MemoryUsage of job (MB)
	1027632  -  ResidentSetSize of job (KB)
...
006 (5415472.323.000) 07/13 01:06:50 Image size of job updated: 1595552
	1005  -  MemoryUsage of job (MB)
	1028536  -  ResidentSetSize of job (KB)
...
006 (5415472.323.000) 07/13 01:41:54 Image size of job updated: 1596456
	1006  -  MemoryUsage of job (MB)
	1029440  -  ResidentSetSize of job (KB)
...
006 (5415472.323.000) 07/13 02:21:59 Image size of job updated: 1597364
	1007  -  MemoryUsage of job (MB)
	1030348  -  ResidentSetSize of job (KB)
...
006 (5415472.323.000) 07/13 03:02:03 Image size of job updated: 1598268
	1008  -  MemoryUsage of job (MB)
	1031232  -  ResidentSetSize of job (KB)
...
006 (5415472.323.000) 07/13 03:42:05 Image size of job updated: 1599176
	1008  -  MemoryUsage of job (MB)
	1032140  -  ResidentSetSize of job (KB)
...
006 (5415472.323.000) 07/13 04:22:09 Image size of job updated: 1600080
	1009  -  MemoryUsage of job (MB)
	1032916  -  ResidentSetSize of job (KB)
...
006 (5415472.323.000) 07/13 04:57:12 Image size of job updated: 1600984
	1010  -  MemoryUsage of job (MB)
	1033820  -  ResidentSetSize of job (KB)
...
006 (5415472.323.000) 07/13 05:27:15 Image size of job updated: 1601892
	1011  -  MemoryUsage of job (MB)
	1034728  -  ResidentSetSize of job (KB)
...
006 (5415472.323.000) 07/13 05:57:16 Image size of job updated: 1602796
	1012  -  MemoryUsage of job (MB)
	1035632  -  ResidentSetSize of job (KB)
...
006 (5415472.323.000) 07/13 06:32:19 Image size of job updated: 1603704
	1013  -  MemoryUsage of job (MB)
	1036540  -  ResidentSetSize of job (KB)
...
006 (5415472.323.000) 07/13 07:12:23 Image size of job updated: 1604608
	1014  -  MemoryUsage of job (MB)
	1037444  -  ResidentSetSize of job (KB)
...
006 (5415472.323.000) 07/13 07:57:27 Image size of job updated: 1605516
	1015  -  MemoryUsage of job (MB)
	1038352  -  ResidentSetSize of job (KB)
...
006 (5415472.323.000) 07/13 08:42:32 Image size of job updated: 1606420
	1015  -  MemoryUsage of job (MB)
	1039256  -  ResidentSetSize of job (KB)
...
006 (5415472.323.000) 07/13 09:27:37 Image size of job updated: 1607324
	1016  -  MemoryUsage of job (MB)
	1040160  -  ResidentSetSize of job (KB)
...
006 (5415472.323.000) 07/13 10:12:43 Image size of job updated: 1608232
	1017  -  MemoryUsage of job (MB)
	1041068  -  ResidentSetSize of job (KB)
...
006 (5415472.323.000) 07/13 10:53:29 Image size of job updated: 1609136
	1018  -  MemoryUsage of job (MB)
	1041972  -  ResidentSetSize of job (KB)
...
006 (5415472.323.000) 07/13 11:43:06 Image size of job updated: 1610044
	1019  -  MemoryUsage of job (MB)
	1042880  -  ResidentSetSize of job (KB)
...
006 (5415472.323.000) 07/13 12:01:52 Image size of job updated: 1613116
	1020  -  MemoryUsage of job (MB)
	1044428  -  ResidentSetSize of job (KB)
...
006 (5415472.323.000) 07/13 12:16:54 Image size of job updated: 1613116
	1020  -  MemoryUsage of job (MB)
	1044440  -  ResidentSetSize of job (KB)
...
006 (5415472.323.000) 07/13 12:36:55 Image size of job updated: 1613116
	1020  -  MemoryUsage of job (MB)
	1044452  -  ResidentSetSize of job (KB)
...
006 (5415472.323.000) 07/13 12:56:56 Image size of job updated: 1614020
	1021  -  MemoryUsage of job (MB)
	1045364  -  ResidentSetSize of job (KB)
...
006 (5415472.323.000) 07/13 13:01:57 Image size of job updated: 1614020
	1021  -  MemoryUsage of job (MB)
	1045368  -  ResidentSetSize of job (KB)
...
006 (5415472.323.000) 07/13 13:22:00 Image size of job updated: 1614020
	1021  -  MemoryUsage of job (MB)
	1045380  -  ResidentSetSize of job (KB)
...
006 (5415472.323.000) 07/13 13:37:01 Image size of job updated: 1614924
	1022  -  MemoryUsage of job (MB)
	1046284  -  ResidentSetSize of job (KB)
...
006 (5415472.323.000) 07/13 13:42:02 Image size of job updated: 1614924
	1022  -  MemoryUsage of job (MB)
	1046296  -  ResidentSetSize of job (KB)
...
006 (5415472.323.000) 07/13 14:22:06 Image size of job updated: 1615832
	1023  -  MemoryUsage of job (MB)
	1047144  -  ResidentSetSize of job (KB)
...
006 (5415472.323.000) 07/13 14:27:06 Image size of job updated: 1615832
	1023  -  MemoryUsage of job (MB)
	1047156  -  ResidentSetSize of job (KB)
...
006 (5415472.323.000) 07/13 14:47:08 Image size of job updated: 1615832
	1023  -  MemoryUsage of job (MB)
	1047168  -  ResidentSetSize of job (KB)
...
006 (5415472.323.000) 07/13 15:02:08 Image size of job updated: 1616736
	1024  -  MemoryUsage of job (MB)
	1048072  -  ResidentSetSize of job (KB)
...
006 (5415472.323.000) 07/13 15:32:12 Image size of job updated: 1616736
	1024  -  MemoryUsage of job (MB)
	1048080  -  ResidentSetSize of job (KB)
...
006 (5415472.323.000) 07/13 15:42:13 Image size of job updated: 1617644
	1025  -  MemoryUsage of job (MB)
	1048988  -  ResidentSetSize of job (KB)
...
006 (5415472.323.000) 07/13 15:52:14 Image size of job updated: 1617644
	1025  -  MemoryUsage of job (MB)
	1049000  -  ResidentSetSize of job (KB)
...
006 (5415472.323.000) 07/13 16:17:18 Image size of job updated: 1617644
	1025  -  MemoryUsage of job (MB)
	1049012  -  ResidentSetSize of job (KB)
...
006 (5415472.323.000) 07/13 16:27:19 Image size of job updated: 1618548
	1026  -  MemoryUsage of job (MB)
	1049916  -  ResidentSetSize of job (KB)
...
006 (5415472.323.000) 07/13 16:37:20 Image size of job updated: 1618548
	1026  -  MemoryUsage of job (MB)
	1049920  -  ResidentSetSize of job (KB)
...
006 (5415472.323.000) 07/13 16:42:21 Image size of job updated: 1618548
	1026  -  MemoryUsage of job (MB)
	1049928  -  ResidentSetSize of job (KB)
...
006 (5415472.323.000) 07/13 17:07:24 Image size of job updated: 1623076
	1030  -  MemoryUsage of job (MB)
	1054380  -  ResidentSetSize of job (KB)
...
006 (5415472.323.000) 07/13 17:27:26 Image size of job updated: 1623076
	1030  -  MemoryUsage of job (MB)
	1054392  -  ResidentSetSize of job (KB)
...
006 (5415472.323.000) 07/13 17:47:47 Image size of job updated: 1623076
	1030  -  MemoryUsage of job (MB)
	1054404  -  ResidentSetSize of job (KB)
...
006 (5415472.323.000) 07/13 18:07:50 Image size of job updated: 1623076
	1030  -  MemoryUsage of job (MB)
	1054416  -  ResidentSetSize of job (KB)
...
006 (5415472.323.000) 07/13 18:27:53 Image size of job updated: 1623076
	1030  -  MemoryUsage of job (MB)
	1054428  -  ResidentSetSize of job (KB)
...
006 (5415472.323.000) 07/13 18:52:56 Image size of job updated: 1623076
	1030  -  MemoryUsage of job (MB)
	1054440  -  ResidentSetSize of job (KB)
...
006 (5415472.323.000) 07/13 19:12:58 Image size of job updated: 1623076
	1030  -  MemoryUsage of job (MB)
	1054452  -  ResidentSetSize of job (KB)
...
006 (5415472.323.000) 07/13 19:38:00 Image size of job updated: 1623076
	1030  -  MemoryUsage of job (MB)
	1054464  -  ResidentSetSize of job (KB)
...
006 (5415472.323.000) 07/13 20:03:04 Image size of job updated: 1623076
	1030  -  MemoryUsage of job (MB)
	1054476  -  ResidentSetSize of job (KB)
...
006 (5415472.323.000) 07/13 20:23:06 Image size of job updated: 1623076
	1030  -  MemoryUsage of job (MB)
	1054484  -  ResidentSetSize of job (KB)
...
006 (5415472.323.000) 07/13 20:28:06 Image size of job updated: 1623076
	1030  -  MemoryUsage of job (MB)
	1054488  -  ResidentSetSize of job (KB)
...
006 (5415472.323.000) 07/13 20:48:06 Image size of job updated: 1623076
	1030  -  MemoryUsage of job (MB)
	1054500  -  ResidentSetSize of job (KB)
...
006 (5415472.323.000) 07/13 21:13:10 Image size of job updated: 1623076
	1030  -  MemoryUsage of job (MB)
	1054512  -  ResidentSetSize of job (KB)
...
006 (5415472.323.000) 07/13 21:38:12 Image size of job updated: 1623076
	1030  -  MemoryUsage of job (MB)
	1054524  -  ResidentSetSize of job (KB)
...
006 (5415472.323.000) 07/13 22:03:15 Image size of job updated: 1623076
	1030  -  MemoryUsage of job (MB)
	1054536  -  ResidentSetSize of job (KB)
...
006 (5415472.323.000) 07/13 22:53:21 Image size of job updated: 1623076
	1030  -  MemoryUsage of job (MB)
	1054548  -  ResidentSetSize of job (KB)
...
006 (5415472.323.000) 07/13 23:18:26 Image size of job updated: 1623076
	1030  -  MemoryUsage of job (MB)
	1054560  -  ResidentSetSize of job (KB)
...
006 (5415472.323.000) 07/13 23:43:26 Image size of job updated: 1623076
	1030  -  MemoryUsage of job (MB)
	1054572  -  ResidentSetSize of job (KB)
...
006 (5415472.323.000) 07/14 00:08:28 Image size of job updated: 1623076
	1030  -  MemoryUsage of job (MB)
	1054584  -  ResidentSetSize of job (KB)
...
006 (5415472.323.000) 07/14 00:28:29 Image size of job updated: 1623076
	1030  -  MemoryUsage of job (MB)
	1054596  -  ResidentSetSize of job (KB)
...
006 (5415472.323.000) 07/14 00:53:33 Image size of job updated: 1623076
	1030  -  MemoryUsage of job (MB)
	1054608  -  ResidentSetSize of job (KB)
...
006 (5415472.323.000) 07/14 01:18:35 Image size of job updated: 1623076
	1030  -  MemoryUsage of job (MB)
	1054612  -  ResidentSetSize of job (KB)
...
006 (5415472.323.000) 07/14 01:38:37 Image size of job updated: 1623076
	1030  -  MemoryUsage of job (MB)
	1054624  -  ResidentSetSize of job (KB)
...
006 (5415472.323.000) 07/14 02:23:40 Image size of job updated: 1623076
	1030  -  MemoryUsage of job (MB)
	1054636  -  ResidentSetSize of job (KB)
...
006 (5415472.323.000) 07/14 02:43:44 Image size of job updated: 1623076
	1030  -  MemoryUsage of job (MB)
	1054648  -  ResidentSetSize of job (KB)
...
006 (5415472.323.000) 07/14 03:08:45 Image size of job updated: 1623076
	1030  -  MemoryUsage of job (MB)
	1054660  -  ResidentSetSize of job (KB)
...
006 (5415472.323.000) 07/14 03:33:46 Image size of job updated: 1623076
	1030  -  MemoryUsage of job (MB)
	1054672  -  ResidentSetSize of job (KB)
...
006 (5415472.323.000) 07/14 03:58:47 Image size of job updated: 1623076
	1030  -  MemoryUsage of job (MB)
	1054684  -  ResidentSetSize of job (KB)
...
006 (5415472.323.000) 07/14 04:23:51 Image size of job updated: 1623076
	1030  -  MemoryUsage of job (MB)
	1054696  -  ResidentSetSize of job (KB)
...
006 (5415472.323.000) 07/14 04:48:54 Image size of job updated: 1623076
	1030  -  MemoryUsage of job (MB)
	1054708  -  ResidentSetSize of job (KB)
...
006 (5415472.323.000) 07/14 05:13:55 Image size of job updated: 1623076
	1030  -  MemoryUsage of job (MB)
	1054720  -  ResidentSetSize of job (KB)
...
006 (5415472.323.000) 07/14 05:38:59 Image size of job updated: 1623076
	1031  -  MemoryUsage of job (MB)
	1054732  -  ResidentSetSize of job (KB)
...
006 (5415472.323.000) 07/14 06:04:02 Image size of job updated: 1623076
	1031  -  MemoryUsage of job (MB)
	1054744  -  ResidentSetSize of job (KB)
...
006 (5415472.323.000) 07/14 06:24:04 Image size of job updated: 1623076
	1031  -  MemoryUsage of job (MB)
	1054756  -  ResidentSetSize of job (KB)
...
006 (5415472.323.000) 07/14 06:49:06 Image size of job updated: 1623076
	1031  -  MemoryUsage of job (MB)
	1054768  -  ResidentSetSize of job (KB)
...
006 (5415472.323.000) 07/14 07:09:07 Image size of job updated: 1623076
	1031  -  MemoryUsage of job (MB)
	1054780  -  ResidentSetSize of job (KB)
...
006 (5415472.323.000) 07/14 07:29:08 Image size of job updated: 1623076
	1031  -  MemoryUsage of job (MB)
	1054792  -  ResidentSetSize of job (KB)
...
006 (5415472.323.000) 07/14 07:44:09 Image size of job updated: 1623076
	1031  -  MemoryUsage of job (MB)
	1054804  -  ResidentSetSize of job (KB)
...
006 (5415472.323.000) 07/14 08:04:10 Image size of job updated: 1623076
	1031  -  MemoryUsage of job (MB)
	1054816  -  ResidentSetSize of job (KB)
...
006 (5415472.323.000) 07/14 09:24:16 Image size of job updated: 1623076
	1031  -  MemoryUsage of job (MB)
	1054820  -  ResidentSetSize of job (KB)
...
006 (5415472.323.000) 07/14 09:44:17 Image size of job updated: 1623076
	1031  -  MemoryUsage of job (MB)
	1054832  -  ResidentSetSize of job (KB)
...
006 (5415472.323.000) 07/14 10:04:20 Image size of job updated: 1623076
	1031  -  MemoryUsage of job (MB)
	1054844  -  ResidentSetSize of job (KB)
...
006 (5415472.323.000) 07/14 10:29:21 Image size of job updated: 1623076
	1031  -  MemoryUsage of job (MB)
	1054856  -  ResidentSetSize of job (KB)
...
006 (5415472.323.000) 07/14 10:49:21 Image size of job updated: 1623076
	1031  -  MemoryUsage of job (MB)
	1054868  -  ResidentSetSize of job (KB)
...
006 (5415472.323.000) 07/14 11:04:22 Image size of job updated: 1623076
	1031  -  MemoryUsage of job (MB)
	1054872  -  ResidentSetSize of job (KB)
...
006 (5415472.323.000) 07/14 11:09:23 Image size of job updated: 1623076
	1031  -  MemoryUsage of job (MB)
	1054880  -  ResidentSetSize of job (KB)
...
006 (5415472.323.000) 07/14 11:24:27 Image size of job updated: 1623076
	1031  -  MemoryUsage of job (MB)
	1054892  -  ResidentSetSize of job (KB)
...
006 (5415472.323.000) 07/14 12:04:30 Image size of job updated: 1623076
	1031  -  MemoryUsage of job (MB)
	1054896  -  ResidentSetSize of job (KB)
...
007 (5415472.323.000) 07/14 21:02:13 Shadow exception!
	Assertion ERROR on (result)
	0  -  Run Bytes Sent By Job
	803  -  Run Bytes Received By Job
...
040 (5415472.323.000) 07/14 21:26:39 Started transferring input files
	Transferring to host: <128.142.58.148:9618?addrs=128.142.58.148-9618+[2001-1458-301-16--100-93]-9618&alias=b7s03p0836.cern.ch&noUDP&sock=slot1_24_7456_2d28_5310>
...
040 (5415472.323.000) 07/14 21:27:07 Finished transferring input files
...
001 (5415472.323.000) 07/14 21:27:52 Job executing on host: <128.142.58.148:9618?addrs=128.142.58.148-9618+[2001-1458-301-16--100-93]-9618&alias=b7s03p0836.cern.ch&noUDP&sock=startd_6999_4f71>
...
040 (5415472.323.000) 07/20 11:55:39 Started transferring output files
...
040 (5415472.323.000) 07/20 11:55:42 Finished transferring output files
...
005 (5415472.323.000) 07/20 11:55:43 Job terminated.
	(1) Normal termination (return value 0)
		Usr 17 07:16:56, Sys 0 00:26:51  -  Run Remote Usage
		Usr 0 00:00:00, Sys 0 00:00:00  -  Run Local Usage
		Usr 27 07:52:44, Sys 0 00:46:30  -  Total Remote Usage
		Usr 0 00:00:00, Sys 0 00:00:00  -  Total Local Usage
	36942700  -  Run Bytes Sent By Job
	803  -  Run Bytes Received By Job
	36942700  -  Total Bytes Sent By Job
	1606  -  Total Bytes Received By Job
	Partitionable Resources :    Usage  Request Allocated 
	   Cpus                 :     3.11        4         4 
	   Disk (KB)            : 36104    10485760  11337492 
	   Memory (MB)          :  1221        8000      8000 

	Job terminated of its own accord at 2021-07-20T09:55:39Z.
...
