000 (5415472.277.000) 07/11 14:02:29 Job submitted from host: <137.138.156.150:9618?addrs=137.138.156.150-9618+[2001-1458-d00-14--9a]-9618&alias=bigbird13.cern.ch&noUDP&sock=schedd_1788_ff6c>
...
040 (5415472.277.000) 07/11 14:48:14 Started transferring input files
	Transferring to host: <188.184.168.138:9618?addrs=188.184.168.138-9618+[2001-1458-301-c0--100-107]-9618&alias=b7g52n4697.cern.ch&noUDP&sock=slot1_2_6042_e2af_59574>
...
040 (5415472.277.000) 07/11 14:48:14 Finished transferring input files
...
001 (5415472.277.000) 07/11 14:48:15 Job executing on host: <188.184.168.138:9618?addrs=188.184.168.138-9618+[2001-1458-301-c0--100-107]-9618&alias=b7g52n4697.cern.ch&noUDP&sock=startd_4767_580e>
...
006 (5415472.277.000) 07/11 14:48:24 Image size of job updated: 570628
	61  -  MemoryUsage of job (MB)
	61720  -  ResidentSetSize of job (KB)
...
006 (5415472.277.000) 07/11 14:53:25 Image size of job updated: 1590752
	1004  -  MemoryUsage of job (MB)
	1027192  -  ResidentSetSize of job (KB)
...
006 (5415472.277.000) 07/13 21:05:46 Image size of job updated: 1590752
	1004  -  MemoryUsage of job (MB)
	1028096  -  ResidentSetSize of job (KB)
...
006 (5415472.277.000) 07/13 21:10:46 Image size of job updated: 1591732
	1004  -  MemoryUsage of job (MB)
	1028096  -  ResidentSetSize of job (KB)
...
006 (5415472.277.000) 07/13 22:15:53 Image size of job updated: 1592640
	1005  -  MemoryUsage of job (MB)
	1029004  -  ResidentSetSize of job (KB)
...
006 (5415472.277.000) 07/13 23:30:59 Image size of job updated: 1593544
	1006  -  MemoryUsage of job (MB)
	1029908  -  ResidentSetSize of job (KB)
...
006 (5415472.277.000) 07/14 00:46:10 Image size of job updated: 1594452
	1007  -  MemoryUsage of job (MB)
	1030816  -  ResidentSetSize of job (KB)
...
006 (5415472.277.000) 07/14 01:51:20 Image size of job updated: 1595356
	1008  -  MemoryUsage of job (MB)
	1031720  -  ResidentSetSize of job (KB)
...
006 (5415472.277.000) 07/14 02:46:25 Image size of job updated: 1596260
	1009  -  MemoryUsage of job (MB)
	1032624  -  ResidentSetSize of job (KB)
...
006 (5415472.277.000) 07/14 03:41:30 Image size of job updated: 1597168
	1010  -  MemoryUsage of job (MB)
	1033532  -  ResidentSetSize of job (KB)
...
006 (5415472.277.000) 07/14 04:36:36 Image size of job updated: 1598072
	1011  -  MemoryUsage of job (MB)
	1034436  -  ResidentSetSize of job (KB)
...
006 (5415472.277.000) 07/14 05:26:43 Image size of job updated: 1598980
	1012  -  MemoryUsage of job (MB)
	1035344  -  ResidentSetSize of job (KB)
...
006 (5415472.277.000) 07/14 06:31:52 Image size of job updated: 1599884
	1012  -  MemoryUsage of job (MB)
	1036248  -  ResidentSetSize of job (KB)
...
006 (5415472.277.000) 07/14 07:36:58 Image size of job updated: 1600788
	1013  -  MemoryUsage of job (MB)
	1037152  -  ResidentSetSize of job (KB)
...
006 (5415472.277.000) 07/14 08:37:04 Image size of job updated: 1601696
	1014  -  MemoryUsage of job (MB)
	1038060  -  ResidentSetSize of job (KB)
...
006 (5415472.277.000) 07/14 09:42:11 Image size of job updated: 1602600
	1015  -  MemoryUsage of job (MB)
	1038964  -  ResidentSetSize of job (KB)
...
006 (5415472.277.000) 07/14 10:42:16 Image size of job updated: 1603508
	1016  -  MemoryUsage of job (MB)
	1039872  -  ResidentSetSize of job (KB)
...
006 (5415472.277.000) 07/14 11:47:22 Image size of job updated: 1604412
	1017  -  MemoryUsage of job (MB)
	1040776  -  ResidentSetSize of job (KB)
...
006 (5415472.277.000) 07/14 12:47:29 Image size of job updated: 1605320
	1018  -  MemoryUsage of job (MB)
	1041684  -  ResidentSetSize of job (KB)
...
006 (5415472.277.000) 07/14 13:52:38 Image size of job updated: 1606224
	1019  -  MemoryUsage of job (MB)
	1042588  -  ResidentSetSize of job (KB)
...
006 (5415472.277.000) 07/14 15:02:46 Image size of job updated: 1607128
	1020  -  MemoryUsage of job (MB)
	1043492  -  ResidentSetSize of job (KB)
...
006 (5415472.277.000) 07/14 16:07:55 Image size of job updated: 1608036
	1020  -  MemoryUsage of job (MB)
	1044400  -  ResidentSetSize of job (KB)
...
006 (5415472.277.000) 07/14 17:13:01 Image size of job updated: 1608940
	1021  -  MemoryUsage of job (MB)
	1045304  -  ResidentSetSize of job (KB)
...
006 (5415472.277.000) 07/14 18:18:09 Image size of job updated: 1609848
	1022  -  MemoryUsage of job (MB)
	1046212  -  ResidentSetSize of job (KB)
...
006 (5415472.277.000) 07/14 18:48:12 Image size of job updated: 1612920
	1024  -  MemoryUsage of job (MB)
	1047760  -  ResidentSetSize of job (KB)
...
006 (5415472.277.000) 07/14 19:18:16 Image size of job updated: 1612920
	1024  -  MemoryUsage of job (MB)
	1047772  -  ResidentSetSize of job (KB)
...
006 (5415472.277.000) 07/14 19:53:19 Image size of job updated: 1612920
	1024  -  MemoryUsage of job (MB)
	1047784  -  ResidentSetSize of job (KB)
...
006 (5415472.277.000) 07/14 20:28:24 Image size of job updated: 1613824
	1025  -  MemoryUsage of job (MB)
	1048700  -  ResidentSetSize of job (KB)
...
006 (5415472.277.000) 07/14 21:03:27 Image size of job updated: 1613824
	1025  -  MemoryUsage of job (MB)
	1048712  -  ResidentSetSize of job (KB)
...
022 (5415472.277.000) 07/14 21:08:45 Job disconnected, attempting to reconnect
    Socket between submit and execute hosts closed unexpectedly
    Trying to reconnect to slot1_2@b7g52n4697.cern.ch <188.184.168.138:9618?addrs=188.184.168.138-9618+[2001-1458-301-c0--100-107]-9618&alias=b7g52n4697.cern.ch&noUDP&sock=startd_4767_580e>
...
023 (5415472.277.000) 07/14 21:08:45 Job reconnected to slot1_2@b7g52n4697.cern.ch
    startd address: <188.184.168.138:9618?addrs=188.184.168.138-9618+[2001-1458-301-c0--100-107]-9618&alias=b7g52n4697.cern.ch&noUDP&sock=startd_4767_580e>
    starter address: <188.184.168.138:9618?addrs=188.184.168.138-9618+[2001-1458-301-c0--100-107]-9618&alias=b7g52n4697.cern.ch&noUDP&sock=slot1_2_6042_e2af_59574>
...
006 (5415472.277.000) 07/14 21:37:23 Image size of job updated: 1614728
	1026  -  MemoryUsage of job (MB)
	1049628  -  ResidentSetSize of job (KB)
...
006 (5415472.277.000) 07/14 22:15:03 Image size of job updated: 1614728
	1026  -  MemoryUsage of job (MB)
	1049640  -  ResidentSetSize of job (KB)
...
006 (5415472.277.000) 07/14 22:40:04 Image size of job updated: 1615636
	1026  -  MemoryUsage of job (MB)
	1050548  -  ResidentSetSize of job (KB)
...
006 (5415472.277.000) 07/14 22:50:04 Image size of job updated: 1615636
	1026  -  MemoryUsage of job (MB)
	1050560  -  ResidentSetSize of job (KB)
...
006 (5415472.277.000) 07/14 23:25:07 Image size of job updated: 1615636
	1026  -  MemoryUsage of job (MB)
	1050572  -  ResidentSetSize of job (KB)
...
006 (5415472.277.000) 07/14 23:45:09 Image size of job updated: 1616540
	1027  -  MemoryUsage of job (MB)
	1051476  -  ResidentSetSize of job (KB)
...
006 (5415472.277.000) 07/15 00:00:10 Image size of job updated: 1616540
	1027  -  MemoryUsage of job (MB)
	1051488  -  ResidentSetSize of job (KB)
...
006 (5415472.277.000) 07/15 00:35:15 Image size of job updated: 1616540
	1027  -  MemoryUsage of job (MB)
	1051500  -  ResidentSetSize of job (KB)
...
006 (5415472.277.000) 07/15 00:50:17 Image size of job updated: 1617448
	1028  -  MemoryUsage of job (MB)
	1052408  -  ResidentSetSize of job (KB)
...
006 (5415472.277.000) 07/15 01:10:19 Image size of job updated: 1617448
	1028  -  MemoryUsage of job (MB)
	1052420  -  ResidentSetSize of job (KB)
...
006 (5415472.277.000) 07/15 01:40:20 Image size of job updated: 1617448
	1028  -  MemoryUsage of job (MB)
	1052432  -  ResidentSetSize of job (KB)
...
006 (5415472.277.000) 07/15 01:50:21 Image size of job updated: 1618352
	1029  -  MemoryUsage of job (MB)
	1053336  -  ResidentSetSize of job (KB)
...
006 (5415472.277.000) 07/15 02:10:23 Image size of job updated: 1618352
	1029  -  MemoryUsage of job (MB)
	1053348  -  ResidentSetSize of job (KB)
...
006 (5415472.277.000) 07/15 02:45:27 Image size of job updated: 1618352
	1029  -  MemoryUsage of job (MB)
	1053360  -  ResidentSetSize of job (KB)
...
006 (5415472.277.000) 07/15 02:50:28 Image size of job updated: 1619256
	1030  -  MemoryUsage of job (MB)
	1054264  -  ResidentSetSize of job (KB)
...
006 (5415472.277.000) 07/15 03:20:30 Image size of job updated: 1619256
	1030  -  MemoryUsage of job (MB)
	1054276  -  ResidentSetSize of job (KB)
...
006 (5415472.277.000) 07/15 04:05:34 Image size of job updated: 1619256
	1030  -  MemoryUsage of job (MB)
	1054288  -  ResidentSetSize of job (KB)
...
006 (5415472.277.000) 07/15 04:10:36 Image size of job updated: 1620164
	1031  -  MemoryUsage of job (MB)
	1055196  -  ResidentSetSize of job (KB)
...
006 (5415472.277.000) 07/15 04:50:38 Image size of job updated: 1620164
	1031  -  MemoryUsage of job (MB)
	1055208  -  ResidentSetSize of job (KB)
...
006 (5415472.277.000) 07/15 05:25:42 Image size of job updated: 1621068
	1032  -  MemoryUsage of job (MB)
	1056124  -  ResidentSetSize of job (KB)
...
006 (5415472.277.000) 07/15 06:00:44 Image size of job updated: 1621068
	1032  -  MemoryUsage of job (MB)
	1056136  -  ResidentSetSize of job (KB)
...
006 (5415472.277.000) 07/15 06:30:45 Image size of job updated: 1621976
	1033  -  MemoryUsage of job (MB)
	1057044  -  ResidentSetSize of job (KB)
...
006 (5415472.277.000) 07/15 06:35:46 Image size of job updated: 1621976
	1033  -  MemoryUsage of job (MB)
	1057056  -  ResidentSetSize of job (KB)
...
006 (5415472.277.000) 07/15 07:10:49 Image size of job updated: 1621976
	1033  -  MemoryUsage of job (MB)
	1057068  -  ResidentSetSize of job (KB)
...
006 (5415472.277.000) 07/15 07:40:51 Image size of job updated: 1622880
	1034  -  MemoryUsage of job (MB)
	1057972  -  ResidentSetSize of job (KB)
...
006 (5415472.277.000) 07/15 07:45:51 Image size of job updated: 1622880
	1034  -  MemoryUsage of job (MB)
	1057984  -  ResidentSetSize of job (KB)
...
006 (5415472.277.000) 07/15 08:25:54 Image size of job updated: 1622880
	1034  -  MemoryUsage of job (MB)
	1057996  -  ResidentSetSize of job (KB)
...
006 (5415472.277.000) 07/15 08:50:56 Image size of job updated: 1623788
	1035  -  MemoryUsage of job (MB)
	1058904  -  ResidentSetSize of job (KB)
...
006 (5415472.277.000) 07/15 09:00:57 Image size of job updated: 1623788
	1035  -  MemoryUsage of job (MB)
	1058916  -  ResidentSetSize of job (KB)
...
006 (5415472.277.000) 07/15 09:41:02 Image size of job updated: 1623788
	1035  -  MemoryUsage of job (MB)
	1058928  -  ResidentSetSize of job (KB)
...
006 (5415472.277.000) 07/15 10:01:05 Image size of job updated: 1624692
	1035  -  MemoryUsage of job (MB)
	1059832  -  ResidentSetSize of job (KB)
...
006 (5415472.277.000) 07/15 10:21:07 Image size of job updated: 1624692
	1036  -  MemoryUsage of job (MB)
	1059844  -  ResidentSetSize of job (KB)
...
006 (5415472.277.000) 07/15 11:01:12 Image size of job updated: 1624692
	1036  -  MemoryUsage of job (MB)
	1059856  -  ResidentSetSize of job (KB)
...
006 (5415472.277.000) 07/15 11:16:14 Image size of job updated: 1625596
	1036  -  MemoryUsage of job (MB)
	1060760  -  ResidentSetSize of job (KB)
...
006 (5415472.277.000) 07/15 11:36:18 Image size of job updated: 1625596
	1036  -  MemoryUsage of job (MB)
	1060772  -  ResidentSetSize of job (KB)
...
006 (5415472.277.000) 07/15 12:16:22 Image size of job updated: 1625596
	1036  -  MemoryUsage of job (MB)
	1060784  -  ResidentSetSize of job (KB)
...
006 (5415472.277.000) 07/15 12:26:22 Image size of job updated: 1626504
	1037  -  MemoryUsage of job (MB)
	1061692  -  ResidentSetSize of job (KB)
...
006 (5415472.277.000) 07/15 12:51:25 Image size of job updated: 1626504
	1037  -  MemoryUsage of job (MB)
	1061704  -  ResidentSetSize of job (KB)
...
006 (5415472.277.000) 07/15 13:31:27 Image size of job updated: 1626504
	1037  -  MemoryUsage of job (MB)
	1061716  -  ResidentSetSize of job (KB)
...
006 (5415472.277.000) 07/15 13:36:28 Image size of job updated: 1631032
	1042  -  MemoryUsage of job (MB)
	1066244  -  ResidentSetSize of job (KB)
...
006 (5415472.277.000) 07/15 14:08:53 Image size of job updated: 1631032
	1042  -  MemoryUsage of job (MB)
	1066248  -  ResidentSetSize of job (KB)
...
006 (5415472.277.000) 07/15 14:16:04 Image size of job updated: 1631032
	1042  -  MemoryUsage of job (MB)
	1066256  -  ResidentSetSize of job (KB)
...
006 (5415472.277.000) 07/15 14:46:53 Image size of job updated: 1631032
	1042  -  MemoryUsage of job (MB)
	1066268  -  ResidentSetSize of job (KB)
...
006 (5415472.277.000) 07/15 15:22:00 Image size of job updated: 1631032
	1042  -  MemoryUsage of job (MB)
	1066280  -  ResidentSetSize of job (KB)
...
006 (5415472.277.000) 07/15 15:57:03 Image size of job updated: 1631032
	1042  -  MemoryUsage of job (MB)
	1066292  -  ResidentSetSize of job (KB)
...
006 (5415472.277.000) 07/15 16:32:05 Image size of job updated: 1631032
	1042  -  MemoryUsage of job (MB)
	1066304  -  ResidentSetSize of job (KB)
...
006 (5415472.277.000) 07/15 17:07:11 Image size of job updated: 1631032
	1042  -  MemoryUsage of job (MB)
	1066316  -  ResidentSetSize of job (KB)
...
006 (5415472.277.000) 07/15 17:42:15 Image size of job updated: 1631032
	1042  -  MemoryUsage of job (MB)
	1066328  -  ResidentSetSize of job (KB)
...
006 (5415472.277.000) 07/15 18:17:19 Image size of job updated: 1631032
	1042  -  MemoryUsage of job (MB)
	1066340  -  ResidentSetSize of job (KB)
...
040 (5415472.277.000) 07/15 18:32:05 Started transferring output files
...
040 (5415472.277.000) 07/15 18:32:05 Finished transferring output files
...
004 (5415472.277.000) 07/15 18:32:06 Job was evicted.
	(0) CPU times
		Usr 11 19:41:39, Sys 0 00:03:49  -  Run Remote Usage
		Usr 0 00:00:00, Sys 0 00:00:00  -  Run Local Usage
	96193  -  Run Bytes Sent By Job
	803  -  Run Bytes Received By Job
	Partitionable Resources :    Usage  Request Allocated 
	   Cpus                 :     2.94        4         4 
	   Disk (KB)            :   120    10485760  10780315 
	   Memory (MB)          :  1042        8000      8000 
...
