000 (5415472.299.000) 07/11 14:02:29 Job submitted from host: <137.138.156.150:9618?addrs=137.138.156.150-9618+[2001-1458-d00-14--9a]-9618&alias=bigbird13.cern.ch&noUDP&sock=schedd_1788_ff6c>
...
040 (5415472.299.000) 07/11 14:48:21 Started transferring input files
	Transferring to host: <128.142.58.87:9618?addrs=128.142.58.87-9618+[2001-1458-301-16--100-56]-9618&alias=b7s03p7653.cern.ch&noUDP&sock=slot1_1_6723_b62a_2293>
...
040 (5415472.299.000) 07/11 14:48:21 Finished transferring input files
...
001 (5415472.299.000) 07/11 14:48:22 Job executing on host: <128.142.58.87:9618?addrs=128.142.58.87-9618+[2001-1458-301-16--100-56]-9618&alias=b7s03p7653.cern.ch&noUDP&sock=startd_6261_1a8c>
...
006 (5415472.299.000) 07/11 14:48:31 Image size of job updated: 645084
	570  -  MemoryUsage of job (MB)
	583564  -  ResidentSetSize of job (KB)
...
006 (5415472.299.000) 07/11 14:53:31 Image size of job updated: 1590804
	1004  -  MemoryUsage of job (MB)
	1027244  -  ResidentSetSize of job (KB)
...
006 (5415472.299.000) 07/11 23:39:31 Image size of job updated: 1590804
	1004  -  MemoryUsage of job (MB)
	1027856  -  ResidentSetSize of job (KB)
...
006 (5415472.299.000) 07/11 23:49:32 Image size of job updated: 1590804
	1007  -  MemoryUsage of job (MB)
	1030980  -  ResidentSetSize of job (KB)
...
006 (5415472.299.000) 07/12 02:04:45 Image size of job updated: 1590804
	1009  -  MemoryUsage of job (MB)
	1032576  -  ResidentSetSize of job (KB)
...
006 (5415472.299.000) 07/12 02:09:45 Image size of job updated: 1590804
	1010  -  MemoryUsage of job (MB)
	1034216  -  ResidentSetSize of job (KB)
...
006 (5415472.299.000) 07/12 18:21:18 Image size of job updated: 1591788
	1011  -  MemoryUsage of job (MB)
	1035124  -  ResidentSetSize of job (KB)
...
006 (5415472.299.000) 07/12 19:01:22 Image size of job updated: 1592692
	1012  -  MemoryUsage of job (MB)
	1036028  -  ResidentSetSize of job (KB)
...
006 (5415472.299.000) 07/12 19:36:26 Image size of job updated: 1593600
	1013  -  MemoryUsage of job (MB)
	1036936  -  ResidentSetSize of job (KB)
...
006 (5415472.299.000) 07/12 20:11:29 Image size of job updated: 1594504
	1014  -  MemoryUsage of job (MB)
	1037840  -  ResidentSetSize of job (KB)
...
006 (5415472.299.000) 07/12 20:46:34 Image size of job updated: 1595408
	1015  -  MemoryUsage of job (MB)
	1038744  -  ResidentSetSize of job (KB)
...
006 (5415472.299.000) 07/12 21:21:37 Image size of job updated: 1599936
	1019  -  MemoryUsage of job (MB)
	1043272  -  ResidentSetSize of job (KB)
...
006 (5415472.299.000) 07/13 06:17:34 Image size of job updated: 1603008
	1021  -  MemoryUsage of job (MB)
	1044828  -  ResidentSetSize of job (KB)
...
006 (5415472.299.000) 07/13 06:37:38 Image size of job updated: 1603008
	1021  -  MemoryUsage of job (MB)
	1044840  -  ResidentSetSize of job (KB)
...
006 (5415472.299.000) 07/13 06:52:38 Image size of job updated: 1603008
	1021  -  MemoryUsage of job (MB)
	1044852  -  ResidentSetSize of job (KB)
...
006 (5415472.299.000) 07/13 07:12:39 Image size of job updated: 1603008
	1021  -  MemoryUsage of job (MB)
	1044864  -  ResidentSetSize of job (KB)
...
006 (5415472.299.000) 07/13 07:37:43 Image size of job updated: 1603008
	1021  -  MemoryUsage of job (MB)
	1044876  -  ResidentSetSize of job (KB)
...
006 (5415472.299.000) 07/13 08:02:45 Image size of job updated: 1603008
	1021  -  MemoryUsage of job (MB)
	1044888  -  ResidentSetSize of job (KB)
...
006 (5415472.299.000) 07/13 08:27:47 Image size of job updated: 1603008
	1021  -  MemoryUsage of job (MB)
	1044900  -  ResidentSetSize of job (KB)
...
006 (5415472.299.000) 07/13 08:52:51 Image size of job updated: 1603008
	1021  -  MemoryUsage of job (MB)
	1044912  -  ResidentSetSize of job (KB)
...
006 (5415472.299.000) 07/13 09:12:52 Image size of job updated: 1603008
	1021  -  MemoryUsage of job (MB)
	1044924  -  ResidentSetSize of job (KB)
...
006 (5415472.299.000) 07/13 09:37:55 Image size of job updated: 1603008
	1021  -  MemoryUsage of job (MB)
	1044936  -  ResidentSetSize of job (KB)
...
006 (5415472.299.000) 07/13 09:57:57 Image size of job updated: 1603008
	1021  -  MemoryUsage of job (MB)
	1044948  -  ResidentSetSize of job (KB)
...
006 (5415472.299.000) 07/13 10:17:59 Image size of job updated: 1603008
	1021  -  MemoryUsage of job (MB)
	1044960  -  ResidentSetSize of job (KB)
...
006 (5415472.299.000) 07/13 10:38:27 Image size of job updated: 1603008
	1021  -  MemoryUsage of job (MB)
	1044972  -  ResidentSetSize of job (KB)
...
006 (5415472.299.000) 07/13 10:58:29 Image size of job updated: 1603008
	1021  -  MemoryUsage of job (MB)
	1044984  -  ResidentSetSize of job (KB)
...
006 (5415472.299.000) 07/13 11:26:21 Image size of job updated: 1603008
	1021  -  MemoryUsage of job (MB)
	1044996  -  ResidentSetSize of job (KB)
...
006 (5415472.299.000) 07/13 11:41:44 Image size of job updated: 1603008
	1021  -  MemoryUsage of job (MB)
	1045008  -  ResidentSetSize of job (KB)
...
006 (5415472.299.000) 07/13 12:01:45 Image size of job updated: 1603008
	1021  -  MemoryUsage of job (MB)
	1045020  -  ResidentSetSize of job (KB)
...
006 (5415472.299.000) 07/13 12:26:48 Image size of job updated: 1603008
	1021  -  MemoryUsage of job (MB)
	1045032  -  ResidentSetSize of job (KB)
...
006 (5415472.299.000) 07/13 12:46:49 Image size of job updated: 1603008
	1021  -  MemoryUsage of job (MB)
	1045044  -  ResidentSetSize of job (KB)
...
006 (5415472.299.000) 07/13 13:06:51 Image size of job updated: 1603008
	1021  -  MemoryUsage of job (MB)
	1045056  -  ResidentSetSize of job (KB)
...
006 (5415472.299.000) 07/13 13:31:54 Image size of job updated: 1603008
	1021  -  MemoryUsage of job (MB)
	1045068  -  ResidentSetSize of job (KB)
...
006 (5415472.299.000) 07/13 13:51:57 Image size of job updated: 1603008
	1021  -  MemoryUsage of job (MB)
	1045080  -  ResidentSetSize of job (KB)
...
006 (5415472.299.000) 07/13 14:16:58 Image size of job updated: 1603008
	1021  -  MemoryUsage of job (MB)
	1045092  -  ResidentSetSize of job (KB)
...
006 (5415472.299.000) 07/13 14:37:02 Image size of job updated: 1603008
	1021  -  MemoryUsage of job (MB)
	1045104  -  ResidentSetSize of job (KB)
...
006 (5415472.299.000) 07/13 15:02:04 Image size of job updated: 1603008
	1021  -  MemoryUsage of job (MB)
	1045116  -  ResidentSetSize of job (KB)
...
006 (5415472.299.000) 07/13 15:22:06 Image size of job updated: 1603008
	1021  -  MemoryUsage of job (MB)
	1045128  -  ResidentSetSize of job (KB)
...
006 (5415472.299.000) 07/13 15:42:09 Image size of job updated: 1603008
	1021  -  MemoryUsage of job (MB)
	1045132  -  ResidentSetSize of job (KB)
...
006 (5415472.299.000) 07/13 15:47:10 Image size of job updated: 1603008
	1021  -  MemoryUsage of job (MB)
	1045140  -  ResidentSetSize of job (KB)
...
006 (5415472.299.000) 07/13 16:07:12 Image size of job updated: 1603008
	1021  -  MemoryUsage of job (MB)
	1045152  -  ResidentSetSize of job (KB)
...
006 (5415472.299.000) 07/13 16:32:14 Image size of job updated: 1603008
	1021  -  MemoryUsage of job (MB)
	1045164  -  ResidentSetSize of job (KB)
...
006 (5415472.299.000) 07/13 16:52:16 Image size of job updated: 1603008
	1021  -  MemoryUsage of job (MB)
	1045176  -  ResidentSetSize of job (KB)
...
006 (5415472.299.000) 07/13 17:17:17 Image size of job updated: 1603008
	1021  -  MemoryUsage of job (MB)
	1045188  -  ResidentSetSize of job (KB)
...
006 (5415472.299.000) 07/13 17:41:40 Image size of job updated: 1603008
	1021  -  MemoryUsage of job (MB)
	1045200  -  ResidentSetSize of job (KB)
...
006 (5415472.299.000) 07/13 18:01:41 Image size of job updated: 1603008
	1021  -  MemoryUsage of job (MB)
	1045212  -  ResidentSetSize of job (KB)
...
006 (5415472.299.000) 07/13 18:26:42 Image size of job updated: 1603008
	1021  -  MemoryUsage of job (MB)
	1045224  -  ResidentSetSize of job (KB)
...
006 (5415472.299.000) 07/13 18:46:43 Image size of job updated: 1603008
	1021  -  MemoryUsage of job (MB)
	1045232  -  ResidentSetSize of job (KB)
...
006 (5415472.299.000) 07/13 18:51:43 Image size of job updated: 1603008
	1021  -  MemoryUsage of job (MB)
	1045236  -  ResidentSetSize of job (KB)
...
006 (5415472.299.000) 07/13 19:06:44 Image size of job updated: 1603008
	1021  -  MemoryUsage of job (MB)
	1045248  -  ResidentSetSize of job (KB)
...
006 (5415472.299.000) 07/13 19:31:45 Image size of job updated: 1603008
	1021  -  MemoryUsage of job (MB)
	1045260  -  ResidentSetSize of job (KB)
...
006 (5415472.299.000) 07/13 19:51:49 Image size of job updated: 1603008
	1021  -  MemoryUsage of job (MB)
	1045272  -  ResidentSetSize of job (KB)
...
006 (5415472.299.000) 07/13 20:11:52 Image size of job updated: 1603008
	1021  -  MemoryUsage of job (MB)
	1045284  -  ResidentSetSize of job (KB)
...
006 (5415472.299.000) 07/13 20:31:53 Image size of job updated: 1603008
	1021  -  MemoryUsage of job (MB)
	1045296  -  ResidentSetSize of job (KB)
...
006 (5415472.299.000) 07/13 20:56:55 Image size of job updated: 1603008
	1021  -  MemoryUsage of job (MB)
	1045304  -  ResidentSetSize of job (KB)
...
006 (5415472.299.000) 07/13 21:16:58 Image size of job updated: 1603008
	1021  -  MemoryUsage of job (MB)
	1045316  -  ResidentSetSize of job (KB)
...
006 (5415472.299.000) 07/13 21:37:02 Image size of job updated: 1603008
	1021  -  MemoryUsage of job (MB)
	1045328  -  ResidentSetSize of job (KB)
...
006 (5415472.299.000) 07/13 22:02:04 Image size of job updated: 1603008
	1021  -  MemoryUsage of job (MB)
	1045340  -  ResidentSetSize of job (KB)
...
006 (5415472.299.000) 07/13 22:27:06 Image size of job updated: 1603008
	1021  -  MemoryUsage of job (MB)
	1045352  -  ResidentSetSize of job (KB)
...
006 (5415472.299.000) 07/13 22:47:08 Image size of job updated: 1603008
	1021  -  MemoryUsage of job (MB)
	1045364  -  ResidentSetSize of job (KB)
...
006 (5415472.299.000) 07/13 23:12:10 Image size of job updated: 1603008
	1021  -  MemoryUsage of job (MB)
	1045376  -  ResidentSetSize of job (KB)
...
006 (5415472.299.000) 07/13 23:32:12 Image size of job updated: 1603008
	1021  -  MemoryUsage of job (MB)
	1045388  -  ResidentSetSize of job (KB)
...
006 (5415472.299.000) 07/13 23:52:14 Image size of job updated: 1603008
	1021  -  MemoryUsage of job (MB)
	1045400  -  ResidentSetSize of job (KB)
...
006 (5415472.299.000) 07/14 00:12:15 Image size of job updated: 1603008
	1021  -  MemoryUsage of job (MB)
	1045412  -  ResidentSetSize of job (KB)
...
006 (5415472.299.000) 07/14 00:37:18 Image size of job updated: 1603008
	1021  -  MemoryUsage of job (MB)
	1045424  -  ResidentSetSize of job (KB)
...
006 (5415472.299.000) 07/14 00:59:17 Image size of job updated: 1603008
	1021  -  MemoryUsage of job (MB)
	1045436  -  ResidentSetSize of job (KB)
...
006 (5415472.299.000) 07/14 01:24:19 Image size of job updated: 1603008
	1021  -  MemoryUsage of job (MB)
	1045448  -  ResidentSetSize of job (KB)
...
006 (5415472.299.000) 07/14 01:44:22 Image size of job updated: 1603008
	1021  -  MemoryUsage of job (MB)
	1045460  -  ResidentSetSize of job (KB)
...
006 (5415472.299.000) 07/14 02:04:25 Image size of job updated: 1603008
	1021  -  MemoryUsage of job (MB)
	1045472  -  ResidentSetSize of job (KB)
...
006 (5415472.299.000) 07/14 02:24:27 Image size of job updated: 1603008
	1021  -  MemoryUsage of job (MB)
	1045484  -  ResidentSetSize of job (KB)
...
006 (5415472.299.000) 07/14 02:44:29 Image size of job updated: 1603008
	1021  -  MemoryUsage of job (MB)
	1045488  -  ResidentSetSize of job (KB)
...
006 (5415472.299.000) 07/14 02:49:30 Image size of job updated: 1603008
	1021  -  MemoryUsage of job (MB)
	1045496  -  ResidentSetSize of job (KB)
...
006 (5415472.299.000) 07/14 03:09:33 Image size of job updated: 1603008
	1022  -  MemoryUsage of job (MB)
	1045508  -  ResidentSetSize of job (KB)
...
006 (5415472.299.000) 07/14 03:29:37 Image size of job updated: 1603008
	1022  -  MemoryUsage of job (MB)
	1045520  -  ResidentSetSize of job (KB)
...
006 (5415472.299.000) 07/14 03:49:40 Image size of job updated: 1603008
	1022  -  MemoryUsage of job (MB)
	1045532  -  ResidentSetSize of job (KB)
...
006 (5415472.299.000) 07/14 04:14:43 Image size of job updated: 1603008
	1022  -  MemoryUsage of job (MB)
	1045544  -  ResidentSetSize of job (KB)
...
006 (5415472.299.000) 07/14 04:34:45 Image size of job updated: 1603008
	1022  -  MemoryUsage of job (MB)
	1045556  -  ResidentSetSize of job (KB)
...
006 (5415472.299.000) 07/14 04:59:48 Image size of job updated: 1603008
	1022  -  MemoryUsage of job (MB)
	1045568  -  ResidentSetSize of job (KB)
...
006 (5415472.299.000) 07/14 05:19:51 Image size of job updated: 1603008
	1022  -  MemoryUsage of job (MB)
	1045580  -  ResidentSetSize of job (KB)
...
006 (5415472.299.000) 07/14 05:39:54 Image size of job updated: 1603008
	1022  -  MemoryUsage of job (MB)
	1045592  -  ResidentSetSize of job (KB)
...
006 (5415472.299.000) 07/14 06:04:59 Image size of job updated: 1603008
	1022  -  MemoryUsage of job (MB)
	1045604  -  ResidentSetSize of job (KB)
...
006 (5415472.299.000) 07/14 06:24:59 Image size of job updated: 1603008
	1022  -  MemoryUsage of job (MB)
	1045616  -  ResidentSetSize of job (KB)
...
006 (5415472.299.000) 07/14 06:50:00 Image size of job updated: 1603008
	1022  -  MemoryUsage of job (MB)
	1045628  -  ResidentSetSize of job (KB)
...
006 (5415472.299.000) 07/14 07:10:03 Image size of job updated: 1603008
	1022  -  MemoryUsage of job (MB)
	1045640  -  ResidentSetSize of job (KB)
...
006 (5415472.299.000) 07/14 07:35:06 Image size of job updated: 1603008
	1022  -  MemoryUsage of job (MB)
	1045652  -  ResidentSetSize of job (KB)
...
006 (5415472.299.000) 07/14 07:55:08 Image size of job updated: 1603008
	1022  -  MemoryUsage of job (MB)
	1045664  -  ResidentSetSize of job (KB)
...
007 (5415472.299.000) 07/14 21:06:57 Shadow exception!
	Assertion ERROR on (result)
	0  -  Run Bytes Sent By Job
	803  -  Run Bytes Received By Job
...
040 (5415472.299.000) 07/14 21:26:35 Started transferring input files
	Transferring to host: <128.142.75.4:9618?addrs=128.142.75.4-9618+[2001-1458-301-75--100-690]-9618&alias=b7s11n8850.cern.ch&noUDP&sock=slot1_7_22088_be7b_70587>
...
040 (5415472.299.000) 07/14 21:26:42 Finished transferring input files
...
001 (5415472.299.000) 07/14 21:27:17 Job executing on host: <128.142.75.4:9618?addrs=128.142.75.4-9618+[2001-1458-301-75--100-690]-9618&alias=b7s11n8850.cern.ch&noUDP&sock=startd_4070_428b>
...
040 (5415472.299.000) 07/17 21:16:35 Started transferring output files
...
040 (5415472.299.000) 07/17 21:16:35 Finished transferring output files
...
004 (5415472.299.000) 07/17 21:16:36 Job was evicted.
	(0) CPU times
		Usr 8 17:53:22, Sys 0 00:01:51  -  Run Remote Usage
		Usr 0 00:00:00, Sys 0 00:00:00  -  Run Local Usage
	96417  -  Run Bytes Sent By Job
	803  -  Run Bytes Received By Job
	Partitionable Resources :    Usage  Request Allocated 
	   Cpus                 :     3.02        4         4 
	   Disk (KB)            :   122    10485760  10648329 
	   Memory (MB)          :  1221        8000      8000 
...
