000 (5415472.147.000) 07/11 14:02:29 Job submitted from host: <137.138.156.150:9618?addrs=137.138.156.150-9618+[2001-1458-d00-14--9a]-9618&alias=bigbird13.cern.ch&noUDP&sock=schedd_1788_ff6c>
...
040 (5415472.147.000) 07/11 14:15:18 Started transferring input files
	Transferring to host: <188.185.105.58:9618?addrs=188.185.105.58-9618&alias=b7g50s6866.cern.ch&noUDP&sock=slot1_1_2907_fe8f_61230>
...
040 (5415472.147.000) 07/11 14:15:18 Finished transferring input files
...
001 (5415472.147.000) 07/11 14:15:19 Job executing on host: <188.185.105.58:9618?addrs=188.185.105.58-9618&alias=b7g50s6866.cern.ch&noUDP&sock=startd_1948_be94>
...
006 (5415472.147.000) 07/11 14:15:28 Image size of job updated: 531384
	47  -  MemoryUsage of job (MB)
	47912  -  ResidentSetSize of job (KB)
...
006 (5415472.147.000) 07/11 14:20:29 Image size of job updated: 1591076
	1004  -  MemoryUsage of job (MB)
	1027528  -  ResidentSetSize of job (KB)
...
006 (5415472.147.000) 07/12 23:38:54 Image size of job updated: 1592056
	1005  -  MemoryUsage of job (MB)
	1028432  -  ResidentSetSize of job (KB)
...
006 (5415472.147.000) 07/13 00:18:58 Image size of job updated: 1592964
	1006  -  MemoryUsage of job (MB)
	1029340  -  ResidentSetSize of job (KB)
...
006 (5415472.147.000) 07/13 01:04:02 Image size of job updated: 1593868
	1007  -  MemoryUsage of job (MB)
	1030244  -  ResidentSetSize of job (KB)
...
006 (5415472.147.000) 07/13 01:44:05 Image size of job updated: 1594776
	1007  -  MemoryUsage of job (MB)
	1031152  -  ResidentSetSize of job (KB)
...
006 (5415472.147.000) 07/13 02:24:09 Image size of job updated: 1595680
	1008  -  MemoryUsage of job (MB)
	1032056  -  ResidentSetSize of job (KB)
...
006 (5415472.147.000) 07/13 03:09:16 Image size of job updated: 1596584
	1009  -  MemoryUsage of job (MB)
	1032960  -  ResidentSetSize of job (KB)
...
006 (5415472.147.000) 07/13 03:49:20 Image size of job updated: 1597492
	1010  -  MemoryUsage of job (MB)
	1033868  -  ResidentSetSize of job (KB)
...
006 (5415472.147.000) 07/13 04:29:22 Image size of job updated: 1598396
	1011  -  MemoryUsage of job (MB)
	1034772  -  ResidentSetSize of job (KB)
...
006 (5415472.147.000) 07/13 05:14:27 Image size of job updated: 1599304
	1012  -  MemoryUsage of job (MB)
	1035680  -  ResidentSetSize of job (KB)
...
006 (5415472.147.000) 07/13 05:54:30 Image size of job updated: 1600208
	1013  -  MemoryUsage of job (MB)
	1036584  -  ResidentSetSize of job (KB)
...
006 (5415472.147.000) 07/13 06:34:35 Image size of job updated: 1601116
	1014  -  MemoryUsage of job (MB)
	1037488  -  ResidentSetSize of job (KB)
...
006 (5415472.147.000) 07/13 07:14:43 Image size of job updated: 1602020
	1015  -  MemoryUsage of job (MB)
	1038396  -  ResidentSetSize of job (KB)
...
006 (5415472.147.000) 07/13 07:59:46 Image size of job updated: 1602924
	1015  -  MemoryUsage of job (MB)
	1039300  -  ResidentSetSize of job (KB)
...
006 (5415472.147.000) 07/13 08:39:50 Image size of job updated: 1603832
	1016  -  MemoryUsage of job (MB)
	1040208  -  ResidentSetSize of job (KB)
...
006 (5415472.147.000) 07/13 09:19:55 Image size of job updated: 1604736
	1017  -  MemoryUsage of job (MB)
	1041112  -  ResidentSetSize of job (KB)
...
006 (5415472.147.000) 07/13 10:05:02 Image size of job updated: 1605644
	1018  -  MemoryUsage of job (MB)
	1042020  -  ResidentSetSize of job (KB)
...
006 (5415472.147.000) 07/13 10:45:06 Image size of job updated: 1606548
	1019  -  MemoryUsage of job (MB)
	1042924  -  ResidentSetSize of job (KB)
...
006 (5415472.147.000) 07/13 11:25:11 Image size of job updated: 1607452
	1020  -  MemoryUsage of job (MB)
	1043828  -  ResidentSetSize of job (KB)
...
006 (5415472.147.000) 07/13 12:06:52 Image size of job updated: 1608360
	1021  -  MemoryUsage of job (MB)
	1044736  -  ResidentSetSize of job (KB)
...
006 (5415472.147.000) 07/13 12:52:35 Image size of job updated: 1609264
	1022  -  MemoryUsage of job (MB)
	1045640  -  ResidentSetSize of job (KB)
...
006 (5415472.147.000) 07/13 13:32:41 Image size of job updated: 1610172
	1023  -  MemoryUsage of job (MB)
	1046548  -  ResidentSetSize of job (KB)
...
006 (5415472.147.000) 07/13 13:47:43 Image size of job updated: 1613244
	1024  -  MemoryUsage of job (MB)
	1048096  -  ResidentSetSize of job (KB)
...
006 (5415472.147.000) 07/13 14:07:44 Image size of job updated: 1613244
	1024  -  MemoryUsage of job (MB)
	1048108  -  ResidentSetSize of job (KB)
...
006 (5415472.147.000) 07/13 14:32:46 Image size of job updated: 1613244
	1024  -  MemoryUsage of job (MB)
	1048120  -  ResidentSetSize of job (KB)
...
006 (5415472.147.000) 07/13 14:52:48 Image size of job updated: 1617772
	1028  -  MemoryUsage of job (MB)
	1052660  -  ResidentSetSize of job (KB)
...
006 (5415472.147.000) 07/13 15:17:51 Image size of job updated: 1617772
	1028  -  MemoryUsage of job (MB)
	1052672  -  ResidentSetSize of job (KB)
...
006 (5415472.147.000) 07/13 15:37:51 Image size of job updated: 1617772
	1029  -  MemoryUsage of job (MB)
	1052684  -  ResidentSetSize of job (KB)
...
006 (5415472.147.000) 07/13 16:02:54 Image size of job updated: 1617772
	1029  -  MemoryUsage of job (MB)
	1052696  -  ResidentSetSize of job (KB)
...
006 (5415472.147.000) 07/13 16:22:54 Image size of job updated: 1617772
	1029  -  MemoryUsage of job (MB)
	1052708  -  ResidentSetSize of job (KB)
...
006 (5415472.147.000) 07/13 16:47:58 Image size of job updated: 1617772
	1029  -  MemoryUsage of job (MB)
	1052720  -  ResidentSetSize of job (KB)
...
006 (5415472.147.000) 07/13 17:08:01 Image size of job updated: 1617772
	1029  -  MemoryUsage of job (MB)
	1052732  -  ResidentSetSize of job (KB)
...
006 (5415472.147.000) 07/13 17:39:20 Image size of job updated: 1617772
	1029  -  MemoryUsage of job (MB)
	1052744  -  ResidentSetSize of job (KB)
...
006 (5415472.147.000) 07/13 17:56:07 Image size of job updated: 1617772
	1029  -  MemoryUsage of job (MB)
	1052756  -  ResidentSetSize of job (KB)
...
006 (5415472.147.000) 07/13 18:16:11 Image size of job updated: 1617772
	1029  -  MemoryUsage of job (MB)
	1052768  -  ResidentSetSize of job (KB)
...
006 (5415472.147.000) 07/13 18:41:12 Image size of job updated: 1617772
	1029  -  MemoryUsage of job (MB)
	1052780  -  ResidentSetSize of job (KB)
...
006 (5415472.147.000) 07/13 19:01:16 Image size of job updated: 1617772
	1029  -  MemoryUsage of job (MB)
	1052792  -  ResidentSetSize of job (KB)
...
006 (5415472.147.000) 07/13 19:26:18 Image size of job updated: 1617772
	1029  -  MemoryUsage of job (MB)
	1052804  -  ResidentSetSize of job (KB)
...
006 (5415472.147.000) 07/13 19:46:20 Image size of job updated: 1617772
	1029  -  MemoryUsage of job (MB)
	1052816  -  ResidentSetSize of job (KB)
...
006 (5415472.147.000) 07/13 20:11:22 Image size of job updated: 1617772
	1029  -  MemoryUsage of job (MB)
	1052828  -  ResidentSetSize of job (KB)
...
006 (5415472.147.000) 07/13 20:31:25 Image size of job updated: 1617772
	1029  -  MemoryUsage of job (MB)
	1052840  -  ResidentSetSize of job (KB)
...
006 (5415472.147.000) 07/13 20:56:28 Image size of job updated: 1617772
	1029  -  MemoryUsage of job (MB)
	1052852  -  ResidentSetSize of job (KB)
...
006 (5415472.147.000) 07/13 21:16:29 Image size of job updated: 1617772
	1029  -  MemoryUsage of job (MB)
	1052864  -  ResidentSetSize of job (KB)
...
006 (5415472.147.000) 07/13 21:41:32 Image size of job updated: 1617772
	1029  -  MemoryUsage of job (MB)
	1052876  -  ResidentSetSize of job (KB)
...
006 (5415472.147.000) 07/13 22:01:34 Image size of job updated: 1617772
	1029  -  MemoryUsage of job (MB)
	1052884  -  ResidentSetSize of job (KB)
...
006 (5415472.147.000) 07/13 22:06:34 Image size of job updated: 1617772
	1029  -  MemoryUsage of job (MB)
	1052888  -  ResidentSetSize of job (KB)
...
006 (5415472.147.000) 07/13 22:26:37 Image size of job updated: 1617772
	1029  -  MemoryUsage of job (MB)
	1052900  -  ResidentSetSize of job (KB)
...
006 (5415472.147.000) 07/13 22:51:40 Image size of job updated: 1617772
	1029  -  MemoryUsage of job (MB)
	1052912  -  ResidentSetSize of job (KB)
...
006 (5415472.147.000) 07/13 23:11:42 Image size of job updated: 1617772
	1029  -  MemoryUsage of job (MB)
	1052924  -  ResidentSetSize of job (KB)
...
006 (5415472.147.000) 07/13 23:36:46 Image size of job updated: 1617772
	1029  -  MemoryUsage of job (MB)
	1052936  -  ResidentSetSize of job (KB)
...
006 (5415472.147.000) 07/13 23:56:48 Image size of job updated: 1617772
	1029  -  MemoryUsage of job (MB)
	1052948  -  ResidentSetSize of job (KB)
...
006 (5415472.147.000) 07/14 00:21:50 Image size of job updated: 1617772
	1029  -  MemoryUsage of job (MB)
	1052960  -  ResidentSetSize of job (KB)
...
006 (5415472.147.000) 07/14 00:41:52 Image size of job updated: 1617772
	1029  -  MemoryUsage of job (MB)
	1052972  -  ResidentSetSize of job (KB)
...
006 (5415472.147.000) 07/14 01:06:54 Image size of job updated: 1617772
	1029  -  MemoryUsage of job (MB)
	1052984  -  ResidentSetSize of job (KB)
...
006 (5415472.147.000) 07/14 01:26:58 Image size of job updated: 1617772
	1029  -  MemoryUsage of job (MB)
	1052996  -  ResidentSetSize of job (KB)
...
006 (5415472.147.000) 07/14 01:52:00 Image size of job updated: 1617772
	1029  -  MemoryUsage of job (MB)
	1053008  -  ResidentSetSize of job (KB)
...
006 (5415472.147.000) 07/14 02:12:01 Image size of job updated: 1617772
	1029  -  MemoryUsage of job (MB)
	1053020  -  ResidentSetSize of job (KB)
...
006 (5415472.147.000) 07/14 02:37:03 Image size of job updated: 1617772
	1029  -  MemoryUsage of job (MB)
	1053032  -  ResidentSetSize of job (KB)
...
006 (5415472.147.000) 07/14 02:57:06 Image size of job updated: 1617772
	1029  -  MemoryUsage of job (MB)
	1053044  -  ResidentSetSize of job (KB)
...
006 (5415472.147.000) 07/14 03:22:09 Image size of job updated: 1617772
	1029  -  MemoryUsage of job (MB)
	1053056  -  ResidentSetSize of job (KB)
...
006 (5415472.147.000) 07/14 03:47:11 Image size of job updated: 1617772
	1029  -  MemoryUsage of job (MB)
	1053068  -  ResidentSetSize of job (KB)
...
006 (5415472.147.000) 07/14 04:07:14 Image size of job updated: 1617772
	1029  -  MemoryUsage of job (MB)
	1053080  -  ResidentSetSize of job (KB)
...
006 (5415472.147.000) 07/14 04:32:16 Image size of job updated: 1617772
	1029  -  MemoryUsage of job (MB)
	1053092  -  ResidentSetSize of job (KB)
...
006 (5415472.147.000) 07/14 04:52:18 Image size of job updated: 1617772
	1029  -  MemoryUsage of job (MB)
	1053104  -  ResidentSetSize of job (KB)
...
006 (5415472.147.000) 07/14 05:17:23 Image size of job updated: 1617772
	1029  -  MemoryUsage of job (MB)
	1053116  -  ResidentSetSize of job (KB)
...
006 (5415472.147.000) 07/14 05:42:26 Image size of job updated: 1617772
	1029  -  MemoryUsage of job (MB)
	1053128  -  ResidentSetSize of job (KB)
...
006 (5415472.147.000) 07/14 06:02:28 Image size of job updated: 1617772
	1029  -  MemoryUsage of job (MB)
	1053140  -  ResidentSetSize of job (KB)
...
006 (5415472.147.000) 07/14 06:27:30 Image size of job updated: 1617772
	1029  -  MemoryUsage of job (MB)
	1053152  -  ResidentSetSize of job (KB)
...
006 (5415472.147.000) 07/14 06:47:32 Image size of job updated: 1617772
	1029  -  MemoryUsage of job (MB)
	1053164  -  ResidentSetSize of job (KB)
...
006 (5415472.147.000) 07/14 07:12:35 Image size of job updated: 1617772
	1029  -  MemoryUsage of job (MB)
	1053176  -  ResidentSetSize of job (KB)
...
006 (5415472.147.000) 07/14 07:37:38 Image size of job updated: 1617772
	1029  -  MemoryUsage of job (MB)
	1053188  -  ResidentSetSize of job (KB)
...
006 (5415472.147.000) 07/14 07:57:39 Image size of job updated: 1617772
	1029  -  MemoryUsage of job (MB)
	1053200  -  ResidentSetSize of job (KB)
...
006 (5415472.147.000) 07/14 08:22:41 Image size of job updated: 1617772
	1029  -  MemoryUsage of job (MB)
	1053212  -  ResidentSetSize of job (KB)
...
006 (5415472.147.000) 07/14 08:42:44 Image size of job updated: 1617772
	1029  -  MemoryUsage of job (MB)
	1053224  -  ResidentSetSize of job (KB)
...
006 (5415472.147.000) 07/14 09:07:45 Image size of job updated: 1617772
	1029  -  MemoryUsage of job (MB)
	1053236  -  ResidentSetSize of job (KB)
...
006 (5415472.147.000) 07/14 09:27:47 Image size of job updated: 1617772
	1029  -  MemoryUsage of job (MB)
	1053248  -  ResidentSetSize of job (KB)
...
006 (5415472.147.000) 07/14 09:52:49 Image size of job updated: 1617772
	1029  -  MemoryUsage of job (MB)
	1053260  -  ResidentSetSize of job (KB)
...
006 (5415472.147.000) 07/14 10:12:50 Image size of job updated: 1617772
	1029  -  MemoryUsage of job (MB)
	1053272  -  ResidentSetSize of job (KB)
...
006 (5415472.147.000) 07/14 10:32:54 Image size of job updated: 1617772
	1029  -  MemoryUsage of job (MB)
	1053284  -  ResidentSetSize of job (KB)
...
006 (5415472.147.000) 07/14 10:57:56 Image size of job updated: 1617772
	1029  -  MemoryUsage of job (MB)
	1053296  -  ResidentSetSize of job (KB)
...
006 (5415472.147.000) 07/14 11:17:58 Image size of job updated: 1617772
	1029  -  MemoryUsage of job (MB)
	1053308  -  ResidentSetSize of job (KB)
...
006 (5415472.147.000) 07/14 11:43:01 Image size of job updated: 1617772
	1029  -  MemoryUsage of job (MB)
	1053320  -  ResidentSetSize of job (KB)
...
006 (5415472.147.000) 07/14 12:03:01 Image size of job updated: 1617772
	1029  -  MemoryUsage of job (MB)
	1053332  -  ResidentSetSize of job (KB)
...
006 (5415472.147.000) 07/14 12:28:03 Image size of job updated: 1617772
	1029  -  MemoryUsage of job (MB)
	1053344  -  ResidentSetSize of job (KB)
...
006 (5415472.147.000) 07/14 12:48:06 Image size of job updated: 1617772
	1029  -  MemoryUsage of job (MB)
	1053356  -  ResidentSetSize of job (KB)
...
006 (5415472.147.000) 07/14 13:13:10 Image size of job updated: 1617772
	1029  -  MemoryUsage of job (MB)
	1053368  -  ResidentSetSize of job (KB)
...
006 (5415472.147.000) 07/14 13:38:13 Image size of job updated: 1617772
	1029  -  MemoryUsage of job (MB)
	1053380  -  ResidentSetSize of job (KB)
...
006 (5415472.147.000) 07/14 13:58:15 Image size of job updated: 1617772
	1029  -  MemoryUsage of job (MB)
	1053392  -  ResidentSetSize of job (KB)
...
006 (5415472.147.000) 07/14 14:23:19 Image size of job updated: 1617772
	1029  -  MemoryUsage of job (MB)
	1053404  -  ResidentSetSize of job (KB)
...
006 (5415472.147.000) 07/14 14:43:22 Image size of job updated: 1617772
	1029  -  MemoryUsage of job (MB)
	1053416  -  ResidentSetSize of job (KB)
...
006 (5415472.147.000) 07/14 15:08:24 Image size of job updated: 1617772
	1029  -  MemoryUsage of job (MB)
	1053428  -  ResidentSetSize of job (KB)
...
006 (5415472.147.000) 07/14 15:28:26 Image size of job updated: 1617772
	1029  -  MemoryUsage of job (MB)
	1053440  -  ResidentSetSize of job (KB)
...
006 (5415472.147.000) 07/14 15:53:27 Image size of job updated: 1617772
	1029  -  MemoryUsage of job (MB)
	1053452  -  ResidentSetSize of job (KB)
...
006 (5415472.147.000) 07/14 16:13:27 Image size of job updated: 1617772
	1029  -  MemoryUsage of job (MB)
	1053464  -  ResidentSetSize of job (KB)
...
006 (5415472.147.000) 07/14 16:38:30 Image size of job updated: 1617772
	1029  -  MemoryUsage of job (MB)
	1053476  -  ResidentSetSize of job (KB)
...
006 (5415472.147.000) 07/14 16:58:32 Image size of job updated: 1617772
	1029  -  MemoryUsage of job (MB)
	1053488  -  ResidentSetSize of job (KB)
...
006 (5415472.147.000) 07/14 17:23:37 Image size of job updated: 1617772
	1029  -  MemoryUsage of job (MB)
	1053500  -  ResidentSetSize of job (KB)
...
006 (5415472.147.000) 07/14 17:48:56 Image size of job updated: 1617772
	1029  -  MemoryUsage of job (MB)
	1053512  -  ResidentSetSize of job (KB)
...
006 (5415472.147.000) 07/14 18:08:44 Image size of job updated: 1617772
	1029  -  MemoryUsage of job (MB)
	1053524  -  ResidentSetSize of job (KB)
...
006 (5415472.147.000) 07/14 18:33:47 Image size of job updated: 1617772
	1029  -  MemoryUsage of job (MB)
	1053536  -  ResidentSetSize of job (KB)
...
006 (5415472.147.000) 07/14 18:53:50 Image size of job updated: 1617772
	1029  -  MemoryUsage of job (MB)
	1053548  -  ResidentSetSize of job (KB)
...
006 (5415472.147.000) 07/14 19:18:52 Image size of job updated: 1617772
	1029  -  MemoryUsage of job (MB)
	1053560  -  ResidentSetSize of job (KB)
...
006 (5415472.147.000) 07/14 19:38:54 Image size of job updated: 1617772
	1029  -  MemoryUsage of job (MB)
	1053572  -  ResidentSetSize of job (KB)
...
006 (5415472.147.000) 07/14 20:03:57 Image size of job updated: 1617772
	1029  -  MemoryUsage of job (MB)
	1053584  -  ResidentSetSize of job (KB)
...
006 (5415472.147.000) 07/14 20:23:57 Image size of job updated: 1617772
	1029  -  MemoryUsage of job (MB)
	1053596  -  ResidentSetSize of job (KB)
...
006 (5415472.147.000) 07/14 20:48:59 Image size of job updated: 1617772
	1029  -  MemoryUsage of job (MB)
	1053608  -  ResidentSetSize of job (KB)
...
006 (5415472.147.000) 07/14 21:11:23 Image size of job updated: 1617772
	1029  -  MemoryUsage of job (MB)
	1053620  -  ResidentSetSize of job (KB)
...
006 (5415472.147.000) 07/14 21:31:27 Image size of job updated: 1617772
	1029  -  MemoryUsage of job (MB)
	1053632  -  ResidentSetSize of job (KB)
...
006 (5415472.147.000) 07/14 21:56:29 Image size of job updated: 1617772
	1029  -  MemoryUsage of job (MB)
	1053644  -  ResidentSetSize of job (KB)
...
006 (5415472.147.000) 07/14 22:16:32 Image size of job updated: 1617772
	1029  -  MemoryUsage of job (MB)
	1053656  -  ResidentSetSize of job (KB)
...
006 (5415472.147.000) 07/14 22:41:33 Image size of job updated: 1617772
	1029  -  MemoryUsage of job (MB)
	1053668  -  ResidentSetSize of job (KB)
...
006 (5415472.147.000) 07/14 23:01:35 Image size of job updated: 1617772
	1029  -  MemoryUsage of job (MB)
	1053676  -  ResidentSetSize of job (KB)
...
006 (5415472.147.000) 07/14 23:06:37 Image size of job updated: 1617772
	1029  -  MemoryUsage of job (MB)
	1053680  -  ResidentSetSize of job (KB)
...
006 (5415472.147.000) 07/14 23:26:38 Image size of job updated: 1617772
	1029  -  MemoryUsage of job (MB)
	1053692  -  ResidentSetSize of job (KB)
...
006 (5415472.147.000) 07/14 23:51:42 Image size of job updated: 1617772
	1030  -  MemoryUsage of job (MB)
	1053704  -  ResidentSetSize of job (KB)
...
006 (5415472.147.000) 07/15 00:11:43 Image size of job updated: 1617772
	1030  -  MemoryUsage of job (MB)
	1053716  -  ResidentSetSize of job (KB)
...
006 (5415472.147.000) 07/15 00:36:46 Image size of job updated: 1617772
	1030  -  MemoryUsage of job (MB)
	1053728  -  ResidentSetSize of job (KB)
...
006 (5415472.147.000) 07/15 00:56:48 Image size of job updated: 1617772
	1030  -  MemoryUsage of job (MB)
	1053740  -  ResidentSetSize of job (KB)
...
006 (5415472.147.000) 07/15 01:21:49 Image size of job updated: 1617772
	1030  -  MemoryUsage of job (MB)
	1053752  -  ResidentSetSize of job (KB)
...
006 (5415472.147.000) 07/15 01:41:51 Image size of job updated: 1617772
	1030  -  MemoryUsage of job (MB)
	1053764  -  ResidentSetSize of job (KB)
...
006 (5415472.147.000) 07/15 02:06:54 Image size of job updated: 1617772
	1030  -  MemoryUsage of job (MB)
	1053776  -  ResidentSetSize of job (KB)
...
006 (5415472.147.000) 07/15 02:26:55 Image size of job updated: 1617772
	1030  -  MemoryUsage of job (MB)
	1053788  -  ResidentSetSize of job (KB)
...
006 (5415472.147.000) 07/15 02:51:58 Image size of job updated: 1617772
	1030  -  MemoryUsage of job (MB)
	1053800  -  ResidentSetSize of job (KB)
...
006 (5415472.147.000) 07/15 03:12:00 Image size of job updated: 1617772
	1030  -  MemoryUsage of job (MB)
	1053812  -  ResidentSetSize of job (KB)
...
006 (5415472.147.000) 07/15 03:37:04 Image size of job updated: 1617772
	1030  -  MemoryUsage of job (MB)
	1053824  -  ResidentSetSize of job (KB)
...
006 (5415472.147.000) 07/15 03:57:06 Image size of job updated: 1617772
	1030  -  MemoryUsage of job (MB)
	1053836  -  ResidentSetSize of job (KB)
...
006 (5415472.147.000) 07/15 04:22:09 Image size of job updated: 1617772
	1030  -  MemoryUsage of job (MB)
	1053848  -  ResidentSetSize of job (KB)
...
006 (5415472.147.000) 07/15 04:42:09 Image size of job updated: 1617772
	1030  -  MemoryUsage of job (MB)
	1053860  -  ResidentSetSize of job (KB)
...
006 (5415472.147.000) 07/15 05:07:11 Image size of job updated: 1617772
	1030  -  MemoryUsage of job (MB)
	1053872  -  ResidentSetSize of job (KB)
...
006 (5415472.147.000) 07/15 05:27:14 Image size of job updated: 1617772
	1030  -  MemoryUsage of job (MB)
	1053884  -  ResidentSetSize of job (KB)
...
006 (5415472.147.000) 07/15 05:52:16 Image size of job updated: 1617772
	1030  -  MemoryUsage of job (MB)
	1053896  -  ResidentSetSize of job (KB)
...
006 (5415472.147.000) 07/15 06:12:17 Image size of job updated: 1617772
	1030  -  MemoryUsage of job (MB)
	1053908  -  ResidentSetSize of job (KB)
...
006 (5415472.147.000) 07/15 06:37:21 Image size of job updated: 1617772
	1030  -  MemoryUsage of job (MB)
	1053920  -  ResidentSetSize of job (KB)
...
006 (5415472.147.000) 07/15 06:57:23 Image size of job updated: 1617772
	1030  -  MemoryUsage of job (MB)
	1053932  -  ResidentSetSize of job (KB)
...
006 (5415472.147.000) 07/15 07:22:26 Image size of job updated: 1617772
	1030  -  MemoryUsage of job (MB)
	1053944  -  ResidentSetSize of job (KB)
...
006 (5415472.147.000) 07/15 07:42:29 Image size of job updated: 1617772
	1030  -  MemoryUsage of job (MB)
	1053948  -  ResidentSetSize of job (KB)
...
006 (5415472.147.000) 07/15 07:47:29 Image size of job updated: 1617772
	1030  -  MemoryUsage of job (MB)
	1053956  -  ResidentSetSize of job (KB)
...
006 (5415472.147.000) 07/15 08:07:30 Image size of job updated: 1617772
	1030  -  MemoryUsage of job (MB)
	1053968  -  ResidentSetSize of job (KB)
...
006 (5415472.147.000) 07/15 08:27:34 Image size of job updated: 1617772
	1030  -  MemoryUsage of job (MB)
	1053972  -  ResidentSetSize of job (KB)
...
006 (5415472.147.000) 07/15 08:32:35 Image size of job updated: 1617772
	1030  -  MemoryUsage of job (MB)
	1053980  -  ResidentSetSize of job (KB)
...
006 (5415472.147.000) 07/15 08:52:35 Image size of job updated: 1617772
	1030  -  MemoryUsage of job (MB)
	1053992  -  ResidentSetSize of job (KB)
...
006 (5415472.147.000) 07/15 09:17:37 Image size of job updated: 1617772
	1030  -  MemoryUsage of job (MB)
	1054004  -  ResidentSetSize of job (KB)
...
006 (5415472.147.000) 07/15 09:37:39 Image size of job updated: 1617772
	1030  -  MemoryUsage of job (MB)
	1054016  -  ResidentSetSize of job (KB)
...
006 (5415472.147.000) 07/15 10:02:41 Image size of job updated: 1617772
	1030  -  MemoryUsage of job (MB)
	1054028  -  ResidentSetSize of job (KB)
...
006 (5415472.147.000) 07/15 10:22:43 Image size of job updated: 1617772
	1030  -  MemoryUsage of job (MB)
	1054040  -  ResidentSetSize of job (KB)
...
006 (5415472.147.000) 07/15 10:47:46 Image size of job updated: 1617772
	1030  -  MemoryUsage of job (MB)
	1054052  -  ResidentSetSize of job (KB)
...
006 (5415472.147.000) 07/15 11:07:47 Image size of job updated: 1617772
	1030  -  MemoryUsage of job (MB)
	1054064  -  ResidentSetSize of job (KB)
...
006 (5415472.147.000) 07/15 11:32:49 Image size of job updated: 1617772
	1030  -  MemoryUsage of job (MB)
	1054076  -  ResidentSetSize of job (KB)
...
006 (5415472.147.000) 07/15 11:52:51 Image size of job updated: 1617772
	1030  -  MemoryUsage of job (MB)
	1054088  -  ResidentSetSize of job (KB)
...
006 (5415472.147.000) 07/15 12:17:53 Image size of job updated: 1617772
	1030  -  MemoryUsage of job (MB)
	1054100  -  ResidentSetSize of job (KB)
...
006 (5415472.147.000) 07/15 12:37:56 Image size of job updated: 1617772
	1030  -  MemoryUsage of job (MB)
	1054112  -  ResidentSetSize of job (KB)
...
006 (5415472.147.000) 07/15 13:02:58 Image size of job updated: 1617772
	1030  -  MemoryUsage of job (MB)
	1054124  -  ResidentSetSize of job (KB)
...
006 (5415472.147.000) 07/15 13:22:59 Image size of job updated: 1617772
	1030  -  MemoryUsage of job (MB)
	1054136  -  ResidentSetSize of job (KB)
...
006 (5415472.147.000) 07/15 13:48:01 Image size of job updated: 1617772
	1030  -  MemoryUsage of job (MB)
	1054148  -  ResidentSetSize of job (KB)
...
006 (5415472.147.000) 07/15 14:13:05 Image size of job updated: 1621868
	1032  -  MemoryUsage of job (MB)
	1056204  -  ResidentSetSize of job (KB)
...
006 (5415472.147.000) 07/15 14:28:06 Image size of job updated: 1621868
	1032  -  MemoryUsage of job (MB)
	1056212  -  ResidentSetSize of job (KB)
...
006 (5415472.147.000) 07/15 14:53:09 Image size of job updated: 1621868
	1032  -  MemoryUsage of job (MB)
	1056220  -  ResidentSetSize of job (KB)
...
006 (5415472.147.000) 07/15 15:13:09 Image size of job updated: 1621868
	1032  -  MemoryUsage of job (MB)
	1056228  -  ResidentSetSize of job (KB)
...
006 (5415472.147.000) 07/15 15:38:13 Image size of job updated: 1621868
	1032  -  MemoryUsage of job (MB)
	1056236  -  ResidentSetSize of job (KB)
...
006 (5415472.147.000) 07/15 15:58:13 Image size of job updated: 1621868
	1032  -  MemoryUsage of job (MB)
	1056244  -  ResidentSetSize of job (KB)
...
006 (5415472.147.000) 07/15 16:23:17 Image size of job updated: 1621868
	1032  -  MemoryUsage of job (MB)
	1056252  -  ResidentSetSize of job (KB)
...
006 (5415472.147.000) 07/15 16:43:18 Image size of job updated: 1621868
	1032  -  MemoryUsage of job (MB)
	1056260  -  ResidentSetSize of job (KB)
...
006 (5415472.147.000) 07/15 17:08:21 Image size of job updated: 1621868
	1032  -  MemoryUsage of job (MB)
	1056268  -  ResidentSetSize of job (KB)
...
006 (5415472.147.000) 07/15 17:28:24 Image size of job updated: 1621868
	1032  -  MemoryUsage of job (MB)
	1056276  -  ResidentSetSize of job (KB)
...
006 (5415472.147.000) 07/15 17:53:28 Image size of job updated: 1621868
	1032  -  MemoryUsage of job (MB)
	1056284  -  ResidentSetSize of job (KB)
...
006 (5415472.147.000) 07/15 18:13:31 Image size of job updated: 1621868
	1032  -  MemoryUsage of job (MB)
	1056288  -  ResidentSetSize of job (KB)
...
006 (5415472.147.000) 07/15 18:18:32 Image size of job updated: 1621868
	1032  -  MemoryUsage of job (MB)
	1056292  -  ResidentSetSize of job (KB)
...
006 (5415472.147.000) 07/15 18:38:34 Image size of job updated: 1621868
	1032  -  MemoryUsage of job (MB)
	1056300  -  ResidentSetSize of job (KB)
...
006 (5415472.147.000) 07/15 19:03:36 Image size of job updated: 1621868
	1032  -  MemoryUsage of job (MB)
	1056308  -  ResidentSetSize of job (KB)
...
006 (5415472.147.000) 07/15 19:28:40 Image size of job updated: 1621868
	1032  -  MemoryUsage of job (MB)
	1056316  -  ResidentSetSize of job (KB)
...
006 (5415472.147.000) 07/15 19:48:42 Image size of job updated: 1621868
	1032  -  MemoryUsage of job (MB)
	1056324  -  ResidentSetSize of job (KB)
...
006 (5415472.147.000) 07/15 20:13:44 Image size of job updated: 1621868
	1032  -  MemoryUsage of job (MB)
	1056332  -  ResidentSetSize of job (KB)
...
006 (5415472.147.000) 07/15 20:33:47 Image size of job updated: 1621868
	1032  -  MemoryUsage of job (MB)
	1056340  -  ResidentSetSize of job (KB)
...
006 (5415472.147.000) 07/15 20:53:48 Image size of job updated: 1621868
	1032  -  MemoryUsage of job (MB)
	1056348  -  ResidentSetSize of job (KB)
...
006 (5415472.147.000) 07/15 21:18:50 Image size of job updated: 1621868
	1032  -  MemoryUsage of job (MB)
	1056356  -  ResidentSetSize of job (KB)
...
006 (5415472.147.000) 07/15 21:38:52 Image size of job updated: 1621868
	1032  -  MemoryUsage of job (MB)
	1056364  -  ResidentSetSize of job (KB)
...
006 (5415472.147.000) 07/15 22:03:54 Image size of job updated: 1621868
	1032  -  MemoryUsage of job (MB)
	1056372  -  ResidentSetSize of job (KB)
...
006 (5415472.147.000) 07/15 22:23:55 Image size of job updated: 1621868
	1032  -  MemoryUsage of job (MB)
	1056380  -  ResidentSetSize of job (KB)
...
006 (5415472.147.000) 07/15 22:48:57 Image size of job updated: 1621868
	1032  -  MemoryUsage of job (MB)
	1056388  -  ResidentSetSize of job (KB)
...
006 (5415472.147.000) 07/15 23:08:59 Image size of job updated: 1621868
	1032  -  MemoryUsage of job (MB)
	1056396  -  ResidentSetSize of job (KB)
...
006 (5415472.147.000) 07/15 23:34:00 Image size of job updated: 1621868
	1032  -  MemoryUsage of job (MB)
	1056404  -  ResidentSetSize of job (KB)
...
006 (5415472.147.000) 07/15 23:54:03 Image size of job updated: 1621868
	1032  -  MemoryUsage of job (MB)
	1056412  -  ResidentSetSize of job (KB)
...
006 (5415472.147.000) 07/16 00:19:07 Image size of job updated: 1621868
	1032  -  MemoryUsage of job (MB)
	1056420  -  ResidentSetSize of job (KB)
...
006 (5415472.147.000) 07/16 00:39:09 Image size of job updated: 1621868
	1032  -  MemoryUsage of job (MB)
	1056428  -  ResidentSetSize of job (KB)
...
006 (5415472.147.000) 07/16 01:04:11 Image size of job updated: 1621868
	1032  -  MemoryUsage of job (MB)
	1056436  -  ResidentSetSize of job (KB)
...
006 (5415472.147.000) 07/16 01:24:14 Image size of job updated: 1621868
	1032  -  MemoryUsage of job (MB)
	1056444  -  ResidentSetSize of job (KB)
...
006 (5415472.147.000) 07/16 01:49:16 Image size of job updated: 1621868
	1032  -  MemoryUsage of job (MB)
	1056452  -  ResidentSetSize of job (KB)
...
006 (5415472.147.000) 07/16 02:09:17 Image size of job updated: 1621868
	1032  -  MemoryUsage of job (MB)
	1056460  -  ResidentSetSize of job (KB)
...
006 (5415472.147.000) 07/16 02:29:20 Image size of job updated: 1621868
	1032  -  MemoryUsage of job (MB)
	1056468  -  ResidentSetSize of job (KB)
...
006 (5415472.147.000) 07/16 02:54:22 Image size of job updated: 1621868
	1032  -  MemoryUsage of job (MB)
	1056476  -  ResidentSetSize of job (KB)
...
006 (5415472.147.000) 07/16 03:14:22 Image size of job updated: 1621868
	1032  -  MemoryUsage of job (MB)
	1056484  -  ResidentSetSize of job (KB)
...
006 (5415472.147.000) 07/16 03:39:26 Image size of job updated: 1621868
	1032  -  MemoryUsage of job (MB)
	1056492  -  ResidentSetSize of job (KB)
...
006 (5415472.147.000) 07/16 03:59:27 Image size of job updated: 1621868
	1032  -  MemoryUsage of job (MB)
	1056500  -  ResidentSetSize of job (KB)
...
006 (5415472.147.000) 07/16 04:24:28 Image size of job updated: 1621868
	1032  -  MemoryUsage of job (MB)
	1056508  -  ResidentSetSize of job (KB)
...
006 (5415472.147.000) 07/16 04:44:30 Image size of job updated: 1621868
	1032  -  MemoryUsage of job (MB)
	1056516  -  ResidentSetSize of job (KB)
...
006 (5415472.147.000) 07/16 05:09:32 Image size of job updated: 1621868
	1032  -  MemoryUsage of job (MB)
	1056524  -  ResidentSetSize of job (KB)
...
006 (5415472.147.000) 07/16 05:34:33 Image size of job updated: 1621868
	1032  -  MemoryUsage of job (MB)
	1056532  -  ResidentSetSize of job (KB)
...
006 (5415472.147.000) 07/16 05:54:34 Image size of job updated: 1621868
	1032  -  MemoryUsage of job (MB)
	1056540  -  ResidentSetSize of job (KB)
...
006 (5415472.147.000) 07/16 06:19:35 Image size of job updated: 1621868
	1032  -  MemoryUsage of job (MB)
	1056548  -  ResidentSetSize of job (KB)
...
006 (5415472.147.000) 07/16 06:39:36 Image size of job updated: 1621868
	1032  -  MemoryUsage of job (MB)
	1056556  -  ResidentSetSize of job (KB)
...
006 (5415472.147.000) 07/16 07:04:39 Image size of job updated: 1621868
	1032  -  MemoryUsage of job (MB)
	1056564  -  ResidentSetSize of job (KB)
...
006 (5415472.147.000) 07/16 07:29:42 Image size of job updated: 1621868
	1032  -  MemoryUsage of job (MB)
	1056572  -  ResidentSetSize of job (KB)
...
006 (5415472.147.000) 07/16 07:49:43 Image size of job updated: 1621868
	1032  -  MemoryUsage of job (MB)
	1056580  -  ResidentSetSize of job (KB)
...
006 (5415472.147.000) 07/16 08:14:45 Image size of job updated: 1621868
	1032  -  MemoryUsage of job (MB)
	1056588  -  ResidentSetSize of job (KB)
...
006 (5415472.147.000) 07/16 08:34:47 Image size of job updated: 1621868
	1032  -  MemoryUsage of job (MB)
	1056596  -  ResidentSetSize of job (KB)
...
006 (5415472.147.000) 07/16 08:54:50 Image size of job updated: 1621868
	1032  -  MemoryUsage of job (MB)
	1056604  -  ResidentSetSize of job (KB)
...
006 (5415472.147.000) 07/16 09:19:53 Image size of job updated: 1621868
	1032  -  MemoryUsage of job (MB)
	1056612  -  ResidentSetSize of job (KB)
...
006 (5415472.147.000) 07/16 09:39:55 Image size of job updated: 1621868
	1032  -  MemoryUsage of job (MB)
	1056620  -  ResidentSetSize of job (KB)
...
006 (5415472.147.000) 07/16 10:04:56 Image size of job updated: 1621868
	1032  -  MemoryUsage of job (MB)
	1056628  -  ResidentSetSize of job (KB)
...
006 (5415472.147.000) 07/16 10:24:58 Image size of job updated: 1621868
	1032  -  MemoryUsage of job (MB)
	1056636  -  ResidentSetSize of job (KB)
...
006 (5415472.147.000) 07/16 10:49:59 Image size of job updated: 1621868
	1032  -  MemoryUsage of job (MB)
	1056644  -  ResidentSetSize of job (KB)
...
006 (5415472.147.000) 07/16 11:10:02 Image size of job updated: 1621868
	1032  -  MemoryUsage of job (MB)
	1056652  -  ResidentSetSize of job (KB)
...
006 (5415472.147.000) 07/16 11:30:06 Image size of job updated: 1621868
	1032  -  MemoryUsage of job (MB)
	1056660  -  ResidentSetSize of job (KB)
...
006 (5415472.147.000) 07/16 11:55:09 Image size of job updated: 1621868
	1032  -  MemoryUsage of job (MB)
	1056668  -  ResidentSetSize of job (KB)
...
006 (5415472.147.000) 07/16 12:29:16 Image size of job updated: 1621868
	1032  -  MemoryUsage of job (MB)
	1056676  -  ResidentSetSize of job (KB)
...
006 (5415472.147.000) 07/16 12:40:44 Image size of job updated: 1621868
	1032  -  MemoryUsage of job (MB)
	1056684  -  ResidentSetSize of job (KB)
...
006 (5415472.147.000) 07/16 13:02:41 Image size of job updated: 1621868
	1032  -  MemoryUsage of job (MB)
	1056692  -  ResidentSetSize of job (KB)
...
006 (5415472.147.000) 07/16 13:22:43 Image size of job updated: 1621868
	1032  -  MemoryUsage of job (MB)
	1056700  -  ResidentSetSize of job (KB)
...
006 (5415472.147.000) 07/16 13:42:44 Image size of job updated: 1621868
	1032  -  MemoryUsage of job (MB)
	1056704  -  ResidentSetSize of job (KB)
...
006 (5415472.147.000) 07/16 13:47:45 Image size of job updated: 1621868
	1032  -  MemoryUsage of job (MB)
	1056708  -  ResidentSetSize of job (KB)
...
006 (5415472.147.000) 07/16 14:07:47 Image size of job updated: 1621868
	1032  -  MemoryUsage of job (MB)
	1056716  -  ResidentSetSize of job (KB)
...
006 (5415472.147.000) 07/16 14:27:50 Image size of job updated: 1621868
	1032  -  MemoryUsage of job (MB)
	1056724  -  ResidentSetSize of job (KB)
...
006 (5415472.147.000) 07/16 14:52:53 Image size of job updated: 1621868
	1032  -  MemoryUsage of job (MB)
	1056732  -  ResidentSetSize of job (KB)
...
006 (5415472.147.000) 07/16 15:12:54 Image size of job updated: 1621868
	1032  -  MemoryUsage of job (MB)
	1056740  -  ResidentSetSize of job (KB)
...
006 (5415472.147.000) 07/16 15:37:57 Image size of job updated: 1621868
	1032  -  MemoryUsage of job (MB)
	1056748  -  ResidentSetSize of job (KB)
...
006 (5415472.147.000) 07/16 15:58:00 Image size of job updated: 1621868
	1032  -  MemoryUsage of job (MB)
	1056756  -  ResidentSetSize of job (KB)
...
006 (5415472.147.000) 07/16 16:23:04 Image size of job updated: 1621868
	1032  -  MemoryUsage of job (MB)
	1056764  -  ResidentSetSize of job (KB)
...
006 (5415472.147.000) 07/16 16:43:06 Image size of job updated: 1621868
	1033  -  MemoryUsage of job (MB)
	1056772  -  ResidentSetSize of job (KB)
...
006 (5415472.147.000) 07/16 17:08:10 Image size of job updated: 1621868
	1033  -  MemoryUsage of job (MB)
	1056780  -  ResidentSetSize of job (KB)
...
006 (5415472.147.000) 07/16 17:28:13 Image size of job updated: 1621868
	1033  -  MemoryUsage of job (MB)
	1056788  -  ResidentSetSize of job (KB)
...
006 (5415472.147.000) 07/16 17:53:16 Image size of job updated: 1621868
	1033  -  MemoryUsage of job (MB)
	1056796  -  ResidentSetSize of job (KB)
...
006 (5415472.147.000) 07/16 18:13:18 Image size of job updated: 1621868
	1033  -  MemoryUsage of job (MB)
	1056804  -  ResidentSetSize of job (KB)
...
006 (5415472.147.000) 07/16 18:38:19 Image size of job updated: 1621868
	1033  -  MemoryUsage of job (MB)
	1056812  -  ResidentSetSize of job (KB)
...
006 (5415472.147.000) 07/16 18:58:22 Image size of job updated: 1621868
	1033  -  MemoryUsage of job (MB)
	1056820  -  ResidentSetSize of job (KB)
...
006 (5415472.147.000) 07/16 19:23:22 Image size of job updated: 1621868
	1033  -  MemoryUsage of job (MB)
	1056828  -  ResidentSetSize of job (KB)
...
006 (5415472.147.000) 07/16 19:43:25 Image size of job updated: 1621868
	1033  -  MemoryUsage of job (MB)
	1056836  -  ResidentSetSize of job (KB)
...
006 (5415472.147.000) 07/16 20:08:28 Image size of job updated: 1621868
	1033  -  MemoryUsage of job (MB)
	1056844  -  ResidentSetSize of job (KB)
...
006 (5415472.147.000) 07/16 20:28:30 Image size of job updated: 1621868
	1033  -  MemoryUsage of job (MB)
	1056848  -  ResidentSetSize of job (KB)
...
006 (5415472.147.000) 07/16 20:33:31 Image size of job updated: 1621868
	1033  -  MemoryUsage of job (MB)
	1056852  -  ResidentSetSize of job (KB)
...
006 (5415472.147.000) 07/16 20:53:34 Image size of job updated: 1621868
	1033  -  MemoryUsage of job (MB)
	1056860  -  ResidentSetSize of job (KB)
...
006 (5415472.147.000) 07/16 21:18:36 Image size of job updated: 1621868
	1033  -  MemoryUsage of job (MB)
	1056868  -  ResidentSetSize of job (KB)
...
006 (5415472.147.000) 07/16 21:38:37 Image size of job updated: 1621868
	1033  -  MemoryUsage of job (MB)
	1056876  -  ResidentSetSize of job (KB)
...
006 (5415472.147.000) 07/16 22:03:42 Image size of job updated: 1621868
	1033  -  MemoryUsage of job (MB)
	1056884  -  ResidentSetSize of job (KB)
...
006 (5415472.147.000) 07/16 22:23:44 Image size of job updated: 1621868
	1033  -  MemoryUsage of job (MB)
	1056892  -  ResidentSetSize of job (KB)
...
006 (5415472.147.000) 07/16 22:48:46 Image size of job updated: 1621868
	1033  -  MemoryUsage of job (MB)
	1056900  -  ResidentSetSize of job (KB)
...
006 (5415472.147.000) 07/16 23:08:48 Image size of job updated: 1621868
	1033  -  MemoryUsage of job (MB)
	1056908  -  ResidentSetSize of job (KB)
...
006 (5415472.147.000) 07/16 23:33:49 Image size of job updated: 1621868
	1033  -  MemoryUsage of job (MB)
	1056916  -  ResidentSetSize of job (KB)
...
006 (5415472.147.000) 07/16 23:53:51 Image size of job updated: 1621868
	1033  -  MemoryUsage of job (MB)
	1056924  -  ResidentSetSize of job (KB)
...
006 (5415472.147.000) 07/17 00:18:54 Image size of job updated: 1621868
	1033  -  MemoryUsage of job (MB)
	1056932  -  ResidentSetSize of job (KB)
...
006 (5415472.147.000) 07/17 00:38:56 Image size of job updated: 1621868
	1033  -  MemoryUsage of job (MB)
	1056940  -  ResidentSetSize of job (KB)
...
006 (5415472.147.000) 07/17 01:03:58 Image size of job updated: 1621868
	1033  -  MemoryUsage of job (MB)
	1056948  -  ResidentSetSize of job (KB)
...
006 (5415472.147.000) 07/17 01:23:59 Image size of job updated: 1621868
	1033  -  MemoryUsage of job (MB)
	1056956  -  ResidentSetSize of job (KB)
...
006 (5415472.147.000) 07/17 01:49:02 Image size of job updated: 1621868
	1033  -  MemoryUsage of job (MB)
	1056964  -  ResidentSetSize of job (KB)
...
006 (5415472.147.000) 07/17 02:09:04 Image size of job updated: 1621868
	1033  -  MemoryUsage of job (MB)
	1056972  -  ResidentSetSize of job (KB)
...
006 (5415472.147.000) 07/17 02:34:08 Image size of job updated: 1621868
	1033  -  MemoryUsage of job (MB)
	1056980  -  ResidentSetSize of job (KB)
...
006 (5415472.147.000) 07/17 02:54:12 Image size of job updated: 1621868
	1033  -  MemoryUsage of job (MB)
	1056984  -  ResidentSetSize of job (KB)
...
006 (5415472.147.000) 07/17 02:59:13 Image size of job updated: 1621868
	1033  -  MemoryUsage of job (MB)
	1056988  -  ResidentSetSize of job (KB)
...
006 (5415472.147.000) 07/17 03:19:14 Image size of job updated: 1621868
	1033  -  MemoryUsage of job (MB)
	1056996  -  ResidentSetSize of job (KB)
...
006 (5415472.147.000) 07/17 03:44:16 Image size of job updated: 1621868
	1033  -  MemoryUsage of job (MB)
	1057004  -  ResidentSetSize of job (KB)
...
006 (5415472.147.000) 07/17 04:04:17 Image size of job updated: 1621868
	1033  -  MemoryUsage of job (MB)
	1057012  -  ResidentSetSize of job (KB)
...
006 (5415472.147.000) 07/17 04:29:19 Image size of job updated: 1621868
	1033  -  MemoryUsage of job (MB)
	1057020  -  ResidentSetSize of job (KB)
...
006 (5415472.147.000) 07/17 04:49:20 Image size of job updated: 1621868
	1033  -  MemoryUsage of job (MB)
	1057028  -  ResidentSetSize of job (KB)
...
006 (5415472.147.000) 07/17 05:09:20 Image size of job updated: 1621868
	1033  -  MemoryUsage of job (MB)
	1057032  -  ResidentSetSize of job (KB)
...
006 (5415472.147.000) 07/17 05:14:21 Image size of job updated: 1621868
	1033  -  MemoryUsage of job (MB)
	1057036  -  ResidentSetSize of job (KB)
...
006 (5415472.147.000) 07/17 05:17:17 Image size of job updated: 1667884
	1033  -  MemoryUsage of job (MB)
	1057036  -  ResidentSetSize of job (KB)
...
040 (5415472.147.000) 07/17 05:17:17 Started transferring output files
...
040 (5415472.147.000) 07/17 05:17:20 Finished transferring output files
...
005 (5415472.147.000) 07/17 05:17:20 Job terminated.
	(1) Normal termination (return value 0)
		Usr 17 03:45:00, Sys 0 00:07:25  -  Run Remote Usage
		Usr 0 00:00:00, Sys 0 00:00:00  -  Run Local Usage
		Usr 17 03:45:00, Sys 0 00:07:25  -  Total Remote Usage
		Usr 0 00:00:00, Sys 0 00:00:00  -  Total Local Usage
	36842564  -  Run Bytes Sent By Job
	803  -  Run Bytes Received By Job
	36842564  -  Total Bytes Sent By Job
	803  -  Total Bytes Received By Job
	Partitionable Resources :    Usage  Request Allocated 
	   Cpus                 :     3.09        4         4 
	   Disk (KB)            : 36005    10485760  10981491 
	   Memory (MB)          :  1033        8000      8000 

	Job terminated of its own accord at 2021-07-17T03:17:17Z.
...
