000 (5415472.283.000) 07/11 14:02:29 Job submitted from host: <137.138.156.150:9618?addrs=137.138.156.150-9618+[2001-1458-d00-14--9a]-9618&alias=bigbird13.cern.ch&noUDP&sock=schedd_1788_ff6c>
...
040 (5415472.283.000) 07/11 14:48:33 Started transferring input files
	Transferring to host: <188.184.190.230:9618?addrs=188.184.190.230-9618+[2001-1458-301-4b--100-e6]-9618&alias=b7g42n0498.cern.ch&noUDP&sock=slot1_5_21334_7b9d_117540>
...
040 (5415472.283.000) 07/11 14:48:33 Finished transferring input files
...
001 (5415472.283.000) 07/11 14:48:34 Job executing on host: <188.184.190.230:9618?addrs=188.184.190.230-9618+[2001-1458-301-4b--100-e6]-9618&alias=b7g42n0498.cern.ch&noUDP&sock=startd_5604_74d3>
...
006 (5415472.283.000) 07/11 14:48:42 Image size of job updated: 131812
	49  -  MemoryUsage of job (MB)
	49964  -  ResidentSetSize of job (KB)
...
006 (5415472.283.000) 07/11 14:53:43 Image size of job updated: 1591032
	1004  -  MemoryUsage of job (MB)
	1027472  -  ResidentSetSize of job (KB)
...
006 (5415472.283.000) 07/14 01:20:25 Image size of job updated: 1592012
	1005  -  MemoryUsage of job (MB)
	1028376  -  ResidentSetSize of job (KB)
...
006 (5415472.283.000) 07/14 02:30:31 Image size of job updated: 1592920
	1006  -  MemoryUsage of job (MB)
	1029284  -  ResidentSetSize of job (KB)
...
006 (5415472.283.000) 07/14 03:40:37 Image size of job updated: 1593824
	1007  -  MemoryUsage of job (MB)
	1030188  -  ResidentSetSize of job (KB)
...
006 (5415472.283.000) 07/14 04:45:42 Image size of job updated: 1594732
	1007  -  MemoryUsage of job (MB)
	1031096  -  ResidentSetSize of job (KB)
...
006 (5415472.283.000) 07/14 05:50:51 Image size of job updated: 1594732
	1008  -  MemoryUsage of job (MB)
	1032000  -  ResidentSetSize of job (KB)
...
006 (5415472.283.000) 07/14 05:55:52 Image size of job updated: 1595636
	1008  -  MemoryUsage of job (MB)
	1032000  -  ResidentSetSize of job (KB)
...
006 (5415472.283.000) 07/14 07:00:59 Image size of job updated: 1596540
	1009  -  MemoryUsage of job (MB)
	1032904  -  ResidentSetSize of job (KB)
...
006 (5415472.283.000) 07/14 08:06:07 Image size of job updated: 1597448
	1010  -  MemoryUsage of job (MB)
	1033812  -  ResidentSetSize of job (KB)
...
006 (5415472.283.000) 07/14 09:11:12 Image size of job updated: 1598352
	1011  -  MemoryUsage of job (MB)
	1034716  -  ResidentSetSize of job (KB)
...
006 (5415472.283.000) 07/14 10:21:20 Image size of job updated: 1599260
	1012  -  MemoryUsage of job (MB)
	1035624  -  ResidentSetSize of job (KB)
...
006 (5415472.283.000) 07/14 11:21:26 Image size of job updated: 1599260
	1013  -  MemoryUsage of job (MB)
	1036528  -  ResidentSetSize of job (KB)
...
006 (5415472.283.000) 07/14 11:26:26 Image size of job updated: 1600164
	1013  -  MemoryUsage of job (MB)
	1036528  -  ResidentSetSize of job (KB)
...
006 (5415472.283.000) 07/14 12:31:33 Image size of job updated: 1601072
	1014  -  MemoryUsage of job (MB)
	1037436  -  ResidentSetSize of job (KB)
...
006 (5415472.283.000) 07/14 13:41:41 Image size of job updated: 1601976
	1014  -  MemoryUsage of job (MB)
	1037436  -  ResidentSetSize of job (KB)
...
006 (5415472.283.000) 07/14 14:56:49 Image size of job updated: 1602880
	1014  -  MemoryUsage of job (MB)
	1037436  -  ResidentSetSize of job (KB)
...
006 (5415472.283.000) 07/14 16:06:55 Image size of job updated: 1603788
	1014  -  MemoryUsage of job (MB)
	1037436  -  ResidentSetSize of job (KB)
...
006 (5415472.283.000) 07/14 17:22:05 Image size of job updated: 1604692
	1014  -  MemoryUsage of job (MB)
	1037436  -  ResidentSetSize of job (KB)
...
006 (5415472.283.000) 07/14 18:32:14 Image size of job updated: 1605600
	1014  -  MemoryUsage of job (MB)
	1037436  -  ResidentSetSize of job (KB)
...
006 (5415472.283.000) 07/14 19:52:23 Image size of job updated: 1606504
	1014  -  MemoryUsage of job (MB)
	1037436  -  ResidentSetSize of job (KB)
...
006 (5415472.283.000) 07/14 21:08:08 Image size of job updated: 1607408
	1014  -  MemoryUsage of job (MB)
	1037436  -  ResidentSetSize of job (KB)
...
006 (5415472.283.000) 07/14 22:23:58 Image size of job updated: 1608316
	1014  -  MemoryUsage of job (MB)
	1037436  -  ResidentSetSize of job (KB)
...
006 (5415472.283.000) 07/14 23:39:07 Image size of job updated: 1609220
	1014  -  MemoryUsage of job (MB)
	1037436  -  ResidentSetSize of job (KB)
...
006 (5415472.283.000) 07/15 00:49:14 Image size of job updated: 1610128
	1014  -  MemoryUsage of job (MB)
	1037436  -  ResidentSetSize of job (KB)
...
006 (5415472.283.000) 07/15 01:24:18 Image size of job updated: 1613200
	1014  -  MemoryUsage of job (MB)
	1037436  -  ResidentSetSize of job (KB)
...
006 (5415472.283.000) 07/15 02:44:29 Image size of job updated: 1614104
	1014  -  MemoryUsage of job (MB)
	1037436  -  ResidentSetSize of job (KB)
...
006 (5415472.283.000) 07/15 03:49:35 Image size of job updated: 1615008
	1014  -  MemoryUsage of job (MB)
	1037436  -  ResidentSetSize of job (KB)
...
006 (5415472.283.000) 07/15 05:04:43 Image size of job updated: 1615916
	1014  -  MemoryUsage of job (MB)
	1037436  -  ResidentSetSize of job (KB)
...
006 (5415472.283.000) 07/15 06:19:53 Image size of job updated: 1616820
	1014  -  MemoryUsage of job (MB)
	1037436  -  ResidentSetSize of job (KB)
...
006 (5415472.283.000) 07/15 07:40:02 Image size of job updated: 1617728
	1014  -  MemoryUsage of job (MB)
	1037436  -  ResidentSetSize of job (KB)
...
006 (5415472.283.000) 07/15 09:00:08 Image size of job updated: 1618632
	1014  -  MemoryUsage of job (MB)
	1037436  -  ResidentSetSize of job (KB)
...
006 (5415472.283.000) 07/15 10:20:16 Image size of job updated: 1619540
	1014  -  MemoryUsage of job (MB)
	1037436  -  ResidentSetSize of job (KB)
...
006 (5415472.283.000) 07/15 11:40:28 Image size of job updated: 1620444
	1014  -  MemoryUsage of job (MB)
	1037436  -  ResidentSetSize of job (KB)
...
006 (5415472.283.000) 07/15 13:00:36 Image size of job updated: 1621348
	1014  -  MemoryUsage of job (MB)
	1037436  -  ResidentSetSize of job (KB)
...
006 (5415472.283.000) 07/15 14:15:45 Image size of job updated: 1622256
	1014  -  MemoryUsage of job (MB)
	1037436  -  ResidentSetSize of job (KB)
...
006 (5415472.283.000) 07/15 15:35:50 Image size of job updated: 1623160
	1014  -  MemoryUsage of job (MB)
	1037436  -  ResidentSetSize of job (KB)
...
006 (5415472.283.000) 07/15 16:50:57 Image size of job updated: 1624068
	1014  -  MemoryUsage of job (MB)
	1037436  -  ResidentSetSize of job (KB)
...
006 (5415472.283.000) 07/15 18:06:05 Image size of job updated: 1628596
	1014  -  MemoryUsage of job (MB)
	1037436  -  ResidentSetSize of job (KB)
...
006 (5415472.283.000) 07/18 14:11:07 Image size of job updated: 1632692
	1014  -  MemoryUsage of job (MB)
	1037436  -  ResidentSetSize of job (KB)
...
040 (5415472.283.000) 07/19 14:48:39 Started transferring output files
...
040 (5415472.283.000) 07/19 14:48:39 Finished transferring output files
...
009 (5415472.283.000) 07/19 14:48:39 Job was aborted.
	Job removed by SYSTEM_PERIODIC_REMOVE due to wall time exceeded allowed max.
...
