000 (5415472.319.000) 07/11 14:02:29 Job submitted from host: <137.138.156.150:9618?addrs=137.138.156.150-9618+[2001-1458-d00-14--9a]-9618&alias=bigbird13.cern.ch&noUDP&sock=schedd_1788_ff6c>
...
040 (5415472.319.000) 07/11 15:03:19 Started transferring input files
	Transferring to host: <128.142.81.44:9618?addrs=128.142.81.44-9618+[2001-1458-301-f5--100-68e]-9618&alias=b7s13n9964.cern.ch&noUDP&sock=slot1_1_5965_a1cc_64052>
...
040 (5415472.319.000) 07/11 15:03:19 Finished transferring input files
...
001 (5415472.319.000) 07/11 15:03:20 Job executing on host: <128.142.81.44:9618?addrs=128.142.81.44-9618+[2001-1458-301-f5--100-68e]-9618&alias=b7s13n9964.cern.ch&noUDP&sock=startd_4805_68a7>
...
006 (5415472.319.000) 07/11 15:03:29 Image size of job updated: 491544
	38  -  MemoryUsage of job (MB)
	38528  -  ResidentSetSize of job (KB)
...
006 (5415472.319.000) 07/11 15:08:30 Image size of job updated: 1591048
	1004  -  MemoryUsage of job (MB)
	1027496  -  ResidentSetSize of job (KB)
...
006 (5415472.319.000) 07/13 19:31:23 Image size of job updated: 1592028
	1005  -  MemoryUsage of job (MB)
	1028400  -  ResidentSetSize of job (KB)
...
006 (5415472.319.000) 07/13 20:36:29 Image size of job updated: 1592936
	1006  -  MemoryUsage of job (MB)
	1029308  -  ResidentSetSize of job (KB)
...
006 (5415472.319.000) 07/13 21:31:36 Image size of job updated: 1593840
	1007  -  MemoryUsage of job (MB)
	1030212  -  ResidentSetSize of job (KB)
...
006 (5415472.319.000) 07/13 22:41:41 Image size of job updated: 1594744
	1007  -  MemoryUsage of job (MB)
	1031116  -  ResidentSetSize of job (KB)
...
006 (5415472.319.000) 07/13 23:56:47 Image size of job updated: 1594744
	1008  -  MemoryUsage of job (MB)
	1032024  -  ResidentSetSize of job (KB)
...
006 (5415472.319.000) 07/14 00:01:47 Image size of job updated: 1595652
	1008  -  MemoryUsage of job (MB)
	1032024  -  ResidentSetSize of job (KB)
...
006 (5415472.319.000) 07/14 01:16:54 Image size of job updated: 1596556
	1009  -  MemoryUsage of job (MB)
	1032928  -  ResidentSetSize of job (KB)
...
006 (5415472.319.000) 07/14 02:32:01 Image size of job updated: 1597464
	1010  -  MemoryUsage of job (MB)
	1033836  -  ResidentSetSize of job (KB)
...
006 (5415472.319.000) 07/14 03:47:10 Image size of job updated: 1598368
	1011  -  MemoryUsage of job (MB)
	1034740  -  ResidentSetSize of job (KB)
...
006 (5415472.319.000) 07/14 04:47:15 Image size of job updated: 1599272
	1012  -  MemoryUsage of job (MB)
	1035644  -  ResidentSetSize of job (KB)
...
006 (5415472.319.000) 07/14 06:02:22 Image size of job updated: 1600180
	1013  -  MemoryUsage of job (MB)
	1036552  -  ResidentSetSize of job (KB)
...
006 (5415472.319.000) 07/14 07:17:29 Image size of job updated: 1601084
	1014  -  MemoryUsage of job (MB)
	1037456  -  ResidentSetSize of job (KB)
...
006 (5415472.319.000) 07/14 08:27:35 Image size of job updated: 1601992
	1015  -  MemoryUsage of job (MB)
	1038364  -  ResidentSetSize of job (KB)
...
006 (5415472.319.000) 07/14 09:37:43 Image size of job updated: 1602896
	1015  -  MemoryUsage of job (MB)
	1039268  -  ResidentSetSize of job (KB)
...
006 (5415472.319.000) 07/14 10:47:50 Image size of job updated: 1603800
	1016  -  MemoryUsage of job (MB)
	1040172  -  ResidentSetSize of job (KB)
...
006 (5415472.319.000) 07/14 11:52:59 Image size of job updated: 1604708
	1017  -  MemoryUsage of job (MB)
	1041080  -  ResidentSetSize of job (KB)
...
006 (5415472.319.000) 07/14 12:53:05 Image size of job updated: 1605612
	1018  -  MemoryUsage of job (MB)
	1041984  -  ResidentSetSize of job (KB)
...
006 (5415472.319.000) 07/14 13:48:10 Image size of job updated: 1606520
	1019  -  MemoryUsage of job (MB)
	1042892  -  ResidentSetSize of job (KB)
...
006 (5415472.319.000) 07/14 14:38:14 Image size of job updated: 1607424
	1020  -  MemoryUsage of job (MB)
	1043796  -  ResidentSetSize of job (KB)
...
006 (5415472.319.000) 07/14 15:28:19 Image size of job updated: 1608332
	1021  -  MemoryUsage of job (MB)
	1044704  -  ResidentSetSize of job (KB)
...
006 (5415472.319.000) 07/14 16:18:23 Image size of job updated: 1608332
	1022  -  MemoryUsage of job (MB)
	1045608  -  ResidentSetSize of job (KB)
...
006 (5415472.319.000) 07/14 16:23:24 Image size of job updated: 1609236
	1022  -  MemoryUsage of job (MB)
	1045608  -  ResidentSetSize of job (KB)
...
006 (5415472.319.000) 07/14 16:53:28 Image size of job updated: 1612308
	1023  -  MemoryUsage of job (MB)
	1047156  -  ResidentSetSize of job (KB)
...
006 (5415472.319.000) 07/14 17:18:32 Image size of job updated: 1612308
	1023  -  MemoryUsage of job (MB)
	1047168  -  ResidentSetSize of job (KB)
...
006 (5415472.319.000) 07/14 17:53:36 Image size of job updated: 1612308
	1023  -  MemoryUsage of job (MB)
	1047180  -  ResidentSetSize of job (KB)
...
006 (5415472.319.000) 07/14 18:33:38 Image size of job updated: 1612308
	1023  -  MemoryUsage of job (MB)
	1047192  -  ResidentSetSize of job (KB)
...
006 (5415472.319.000) 07/14 18:43:39 Image size of job updated: 1613212
	1024  -  MemoryUsage of job (MB)
	1048096  -  ResidentSetSize of job (KB)
...
006 (5415472.319.000) 07/14 19:08:39 Image size of job updated: 1613212
	1024  -  MemoryUsage of job (MB)
	1048108  -  ResidentSetSize of job (KB)
...
006 (5415472.319.000) 07/14 19:48:42 Image size of job updated: 1613212
	1024  -  MemoryUsage of job (MB)
	1048120  -  ResidentSetSize of job (KB)
...
006 (5415472.319.000) 07/14 19:53:42 Image size of job updated: 1614120
	1025  -  MemoryUsage of job (MB)
	1049028  -  ResidentSetSize of job (KB)
...
006 (5415472.319.000) 07/14 20:23:43 Image size of job updated: 1614120
	1025  -  MemoryUsage of job (MB)
	1049040  -  ResidentSetSize of job (KB)
...
006 (5415472.319.000) 07/14 20:58:46 Image size of job updated: 1614120
	1025  -  MemoryUsage of job (MB)
	1049052  -  ResidentSetSize of job (KB)
...
022 (5415472.319.000) 07/14 21:04:44 Job disconnected, attempting to reconnect
    Socket between submit and execute hosts closed unexpectedly
    Trying to reconnect to slot1_1@b7s13n9964.cern.ch <128.142.81.44:9618?addrs=128.142.81.44-9618+[2001-1458-301-f5--100-68e]-9618&alias=b7s13n9964.cern.ch&noUDP&sock=startd_4805_68a7>
...
023 (5415472.319.000) 07/14 21:04:44 Job reconnected to slot1_1@b7s13n9964.cern.ch
    startd address: <128.142.81.44:9618?addrs=128.142.81.44-9618+[2001-1458-301-f5--100-68e]-9618&alias=b7s13n9964.cern.ch&noUDP&sock=startd_4805_68a7>
    starter address: <128.142.81.44:9618?addrs=128.142.81.44-9618+[2001-1458-301-f5--100-68e]-9618&alias=b7s13n9964.cern.ch&noUDP&sock=slot1_1_5965_a1cc_64052>
...
006 (5415472.319.000) 07/14 21:22:37 Image size of job updated: 1615024
	1026  -  MemoryUsage of job (MB)
	1049956  -  ResidentSetSize of job (KB)
...
006 (5415472.319.000) 07/14 21:36:56 Image size of job updated: 1615024
	1026  -  MemoryUsage of job (MB)
	1049968  -  ResidentSetSize of job (KB)
...
006 (5415472.319.000) 07/14 22:10:42 Image size of job updated: 1615932
	1027  -  MemoryUsage of job (MB)
	1050888  -  ResidentSetSize of job (KB)
...
006 (5415472.319.000) 07/14 22:50:47 Image size of job updated: 1615932
	1027  -  MemoryUsage of job (MB)
	1050900  -  ResidentSetSize of job (KB)
...
006 (5415472.319.000) 07/14 23:10:49 Image size of job updated: 1616836
	1028  -  MemoryUsage of job (MB)
	1051804  -  ResidentSetSize of job (KB)
...
006 (5415472.319.000) 07/14 23:15:49 Image size of job updated: 1616836
	1028  -  MemoryUsage of job (MB)
	1051816  -  ResidentSetSize of job (KB)
...
006 (5415472.319.000) 07/14 23:50:54 Image size of job updated: 1616836
	1028  -  MemoryUsage of job (MB)
	1051828  -  ResidentSetSize of job (KB)
...
006 (5415472.319.000) 07/15 00:15:57 Image size of job updated: 1617740
	1029  -  MemoryUsage of job (MB)
	1052732  -  ResidentSetSize of job (KB)
...
006 (5415472.319.000) 07/15 00:20:57 Image size of job updated: 1617740
	1029  -  MemoryUsage of job (MB)
	1052736  -  ResidentSetSize of job (KB)
...
006 (5415472.319.000) 07/15 00:25:57 Image size of job updated: 1617740
	1029  -  MemoryUsage of job (MB)
	1052744  -  ResidentSetSize of job (KB)
...
006 (5415472.319.000) 07/15 00:55:59 Image size of job updated: 1617740
	1029  -  MemoryUsage of job (MB)
	1052756  -  ResidentSetSize of job (KB)
...
006 (5415472.319.000) 07/15 01:11:01 Image size of job updated: 1618648
	1029  -  MemoryUsage of job (MB)
	1053664  -  ResidentSetSize of job (KB)
...
006 (5415472.319.000) 07/15 01:26:01 Image size of job updated: 1618648
	1029  -  MemoryUsage of job (MB)
	1053676  -  ResidentSetSize of job (KB)
...
006 (5415472.319.000) 07/15 02:01:07 Image size of job updated: 1618648
	1029  -  MemoryUsage of job (MB)
	1053688  -  ResidentSetSize of job (KB)
...
006 (5415472.319.000) 07/15 02:16:08 Image size of job updated: 1619552
	1030  -  MemoryUsage of job (MB)
	1054592  -  ResidentSetSize of job (KB)
...
006 (5415472.319.000) 07/15 02:31:10 Image size of job updated: 1619552
	1030  -  MemoryUsage of job (MB)
	1054604  -  ResidentSetSize of job (KB)
...
006 (5415472.319.000) 07/15 03:11:14 Image size of job updated: 1619552
	1030  -  MemoryUsage of job (MB)
	1054616  -  ResidentSetSize of job (KB)
...
006 (5415472.319.000) 07/15 03:21:15 Image size of job updated: 1620460
	1031  -  MemoryUsage of job (MB)
	1055524  -  ResidentSetSize of job (KB)
...
006 (5415472.319.000) 07/15 03:46:18 Image size of job updated: 1620460
	1031  -  MemoryUsage of job (MB)
	1055536  -  ResidentSetSize of job (KB)
...
006 (5415472.319.000) 07/15 04:21:22 Image size of job updated: 1620460
	1031  -  MemoryUsage of job (MB)
	1055548  -  ResidentSetSize of job (KB)
...
006 (5415472.319.000) 07/15 04:31:22 Image size of job updated: 1621364
	1032  -  MemoryUsage of job (MB)
	1056452  -  ResidentSetSize of job (KB)
...
006 (5415472.319.000) 07/15 04:56:25 Image size of job updated: 1621364
	1032  -  MemoryUsage of job (MB)
	1056464  -  ResidentSetSize of job (KB)
...
006 (5415472.319.000) 07/15 05:36:30 Image size of job updated: 1622268
	1033  -  MemoryUsage of job (MB)
	1057380  -  ResidentSetSize of job (KB)
...
006 (5415472.319.000) 07/15 06:11:31 Image size of job updated: 1622268
	1033  -  MemoryUsage of job (MB)
	1057392  -  ResidentSetSize of job (KB)
...
006 (5415472.319.000) 07/15 06:51:35 Image size of job updated: 1623176
	1034  -  MemoryUsage of job (MB)
	1058312  -  ResidentSetSize of job (KB)
...
006 (5415472.319.000) 07/15 07:31:37 Image size of job updated: 1623176
	1034  -  MemoryUsage of job (MB)
	1058324  -  ResidentSetSize of job (KB)
...
006 (5415472.319.000) 07/15 08:06:39 Image size of job updated: 1624080
	1035  -  MemoryUsage of job (MB)
	1059228  -  ResidentSetSize of job (KB)
...
006 (5415472.319.000) 07/15 08:11:39 Image size of job updated: 1624080
	1035  -  MemoryUsage of job (MB)
	1059240  -  ResidentSetSize of job (KB)
...
006 (5415472.319.000) 07/15 08:46:44 Image size of job updated: 1624080
	1035  -  MemoryUsage of job (MB)
	1059252  -  ResidentSetSize of job (KB)
...
006 (5415472.319.000) 07/15 09:16:49 Image size of job updated: 1624988
	1036  -  MemoryUsage of job (MB)
	1060160  -  ResidentSetSize of job (KB)
...
006 (5415472.319.000) 07/15 09:26:51 Image size of job updated: 1624988
	1036  -  MemoryUsage of job (MB)
	1060172  -  ResidentSetSize of job (KB)
...
006 (5415472.319.000) 07/15 10:01:52 Image size of job updated: 1624988
	1036  -  MemoryUsage of job (MB)
	1060184  -  ResidentSetSize of job (KB)
...
006 (5415472.319.000) 07/15 10:26:55 Image size of job updated: 1625892
	1037  -  MemoryUsage of job (MB)
	1061088  -  ResidentSetSize of job (KB)
...
006 (5415472.319.000) 07/15 10:41:55 Image size of job updated: 1625892
	1037  -  MemoryUsage of job (MB)
	1061100  -  ResidentSetSize of job (KB)
...
006 (5415472.319.000) 07/15 11:21:59 Image size of job updated: 1625892
	1037  -  MemoryUsage of job (MB)
	1061112  -  ResidentSetSize of job (KB)
...
006 (5415472.319.000) 07/15 11:42:02 Image size of job updated: 1630420
	1041  -  MemoryUsage of job (MB)
	1065640  -  ResidentSetSize of job (KB)
...
006 (5415472.319.000) 07/15 11:57:04 Image size of job updated: 1630420
	1041  -  MemoryUsage of job (MB)
	1065652  -  ResidentSetSize of job (KB)
...
006 (5415472.319.000) 07/15 12:37:08 Image size of job updated: 1630420
	1041  -  MemoryUsage of job (MB)
	1065664  -  ResidentSetSize of job (KB)
...
006 (5415472.319.000) 07/15 13:12:11 Image size of job updated: 1630420
	1041  -  MemoryUsage of job (MB)
	1065676  -  ResidentSetSize of job (KB)
...
006 (5415472.319.000) 07/15 13:47:12 Image size of job updated: 1630420
	1041  -  MemoryUsage of job (MB)
	1065688  -  ResidentSetSize of job (KB)
...
006 (5415472.319.000) 07/15 14:24:04 Image size of job updated: 1630420
	1041  -  MemoryUsage of job (MB)
	1065692  -  ResidentSetSize of job (KB)
...
006 (5415472.319.000) 07/15 14:29:04 Image size of job updated: 1630420
	1041  -  MemoryUsage of job (MB)
	1065700  -  ResidentSetSize of job (KB)
...
006 (5415472.319.000) 07/15 15:04:07 Image size of job updated: 1630420
	1041  -  MemoryUsage of job (MB)
	1065712  -  ResidentSetSize of job (KB)
...
006 (5415472.319.000) 07/15 15:44:13 Image size of job updated: 1630420
	1041  -  MemoryUsage of job (MB)
	1065724  -  ResidentSetSize of job (KB)
...
006 (5415472.319.000) 07/15 16:19:18 Image size of job updated: 1630420
	1041  -  MemoryUsage of job (MB)
	1065736  -  ResidentSetSize of job (KB)
...
006 (5415472.319.000) 07/15 16:59:20 Image size of job updated: 1630420
	1041  -  MemoryUsage of job (MB)
	1065748  -  ResidentSetSize of job (KB)
...
006 (5415472.319.000) 07/15 17:34:25 Image size of job updated: 1630420
	1041  -  MemoryUsage of job (MB)
	1065760  -  ResidentSetSize of job (KB)
...
006 (5415472.319.000) 07/15 18:14:30 Image size of job updated: 1630420
	1041  -  MemoryUsage of job (MB)
	1065772  -  ResidentSetSize of job (KB)
...
006 (5415472.319.000) 07/15 18:49:34 Image size of job updated: 1630420
	1041  -  MemoryUsage of job (MB)
	1065784  -  ResidentSetSize of job (KB)
...
006 (5415472.319.000) 07/15 19:24:38 Image size of job updated: 1630420
	1041  -  MemoryUsage of job (MB)
	1065796  -  ResidentSetSize of job (KB)
...
006 (5415472.319.000) 07/15 19:54:42 Image size of job updated: 1630420
	1041  -  MemoryUsage of job (MB)
	1065808  -  ResidentSetSize of job (KB)
...
006 (5415472.319.000) 07/15 20:29:46 Image size of job updated: 1630420
	1041  -  MemoryUsage of job (MB)
	1065820  -  ResidentSetSize of job (KB)
...
006 (5415472.319.000) 07/15 21:04:49 Image size of job updated: 1630420
	1041  -  MemoryUsage of job (MB)
	1065832  -  ResidentSetSize of job (KB)
...
006 (5415472.319.000) 07/15 21:34:54 Image size of job updated: 1630420
	1041  -  MemoryUsage of job (MB)
	1065844  -  ResidentSetSize of job (KB)
...
006 (5415472.319.000) 07/15 22:09:57 Image size of job updated: 1630420
	1041  -  MemoryUsage of job (MB)
	1065856  -  ResidentSetSize of job (KB)
...
006 (5415472.319.000) 07/15 22:39:58 Image size of job updated: 1630420
	1041  -  MemoryUsage of job (MB)
	1065868  -  ResidentSetSize of job (KB)
...
006 (5415472.319.000) 07/15 23:10:00 Image size of job updated: 1630420
	1041  -  MemoryUsage of job (MB)
	1065880  -  ResidentSetSize of job (KB)
...
006 (5415472.319.000) 07/15 23:50:01 Image size of job updated: 1630420
	1041  -  MemoryUsage of job (MB)
	1065892  -  ResidentSetSize of job (KB)
...
006 (5415472.319.000) 07/16 00:25:04 Image size of job updated: 1630420
	1041  -  MemoryUsage of job (MB)
	1065904  -  ResidentSetSize of job (KB)
...
006 (5415472.319.000) 07/16 01:00:07 Image size of job updated: 1630420
	1041  -  MemoryUsage of job (MB)
	1065916  -  ResidentSetSize of job (KB)
...
006 (5415472.319.000) 07/16 01:35:11 Image size of job updated: 1630420
	1041  -  MemoryUsage of job (MB)
	1065928  -  ResidentSetSize of job (KB)
...
006 (5415472.319.000) 07/16 02:15:19 Image size of job updated: 1630420
	1041  -  MemoryUsage of job (MB)
	1065940  -  ResidentSetSize of job (KB)
...
006 (5415472.319.000) 07/16 02:45:22 Image size of job updated: 1630420
	1041  -  MemoryUsage of job (MB)
	1065952  -  ResidentSetSize of job (KB)
...
006 (5415472.319.000) 07/16 03:25:25 Image size of job updated: 1630420
	1041  -  MemoryUsage of job (MB)
	1065956  -  ResidentSetSize of job (KB)
...
006 (5415472.319.000) 07/16 04:05:29 Image size of job updated: 1630420
	1041  -  MemoryUsage of job (MB)
	1065968  -  ResidentSetSize of job (KB)
...
006 (5415472.319.000) 07/16 04:45:35 Image size of job updated: 1630420
	1041  -  MemoryUsage of job (MB)
	1065976  -  ResidentSetSize of job (KB)
...
006 (5415472.319.000) 07/16 04:50:36 Image size of job updated: 1630420
	1041  -  MemoryUsage of job (MB)
	1065980  -  ResidentSetSize of job (KB)
...
006 (5415472.319.000) 07/16 05:20:38 Image size of job updated: 1630420
	1042  -  MemoryUsage of job (MB)
	1065992  -  ResidentSetSize of job (KB)
...
006 (5415472.319.000) 07/16 05:50:41 Image size of job updated: 1630420
	1042  -  MemoryUsage of job (MB)
	1066000  -  ResidentSetSize of job (KB)
...
006 (5415472.319.000) 07/16 05:55:41 Image size of job updated: 1630420
	1042  -  MemoryUsage of job (MB)
	1066004  -  ResidentSetSize of job (KB)
...
006 (5415472.319.000) 07/16 06:25:42 Image size of job updated: 1630420
	1042  -  MemoryUsage of job (MB)
	1066016  -  ResidentSetSize of job (KB)
...
006 (5415472.319.000) 07/16 07:00:46 Image size of job updated: 1630420
	1042  -  MemoryUsage of job (MB)
	1066028  -  ResidentSetSize of job (KB)
...
006 (5415472.319.000) 07/16 07:30:49 Image size of job updated: 1630420
	1042  -  MemoryUsage of job (MB)
	1066040  -  ResidentSetSize of job (KB)
...
006 (5415472.319.000) 07/16 08:00:53 Image size of job updated: 1630420
	1042  -  MemoryUsage of job (MB)
	1066052  -  ResidentSetSize of job (KB)
...
006 (5415472.319.000) 07/16 08:30:57 Image size of job updated: 1630420
	1042  -  MemoryUsage of job (MB)
	1066064  -  ResidentSetSize of job (KB)
...
006 (5415472.319.000) 07/16 09:05:58 Image size of job updated: 1630420
	1042  -  MemoryUsage of job (MB)
	1066076  -  ResidentSetSize of job (KB)
...
006 (5415472.319.000) 07/16 09:36:01 Image size of job updated: 1630420
	1042  -  MemoryUsage of job (MB)
	1066088  -  ResidentSetSize of job (KB)
...
006 (5415472.319.000) 07/16 10:11:04 Image size of job updated: 1630420
	1042  -  MemoryUsage of job (MB)
	1066100  -  ResidentSetSize of job (KB)
...
006 (5415472.319.000) 07/16 10:46:09 Image size of job updated: 1630420
	1042  -  MemoryUsage of job (MB)
	1066112  -  ResidentSetSize of job (KB)
...
006 (5415472.319.000) 07/16 11:21:12 Image size of job updated: 1630420
	1042  -  MemoryUsage of job (MB)
	1066124  -  ResidentSetSize of job (KB)
...
006 (5415472.319.000) 07/16 11:51:14 Image size of job updated: 1630420
	1042  -  MemoryUsage of job (MB)
	1066136  -  ResidentSetSize of job (KB)
...
006 (5415472.319.000) 07/16 12:29:41 Image size of job updated: 1630420
	1042  -  MemoryUsage of job (MB)
	1066148  -  ResidentSetSize of job (KB)
...
006 (5415472.319.000) 07/16 12:59:46 Image size of job updated: 1630420
	1042  -  MemoryUsage of job (MB)
	1066160  -  ResidentSetSize of job (KB)
...
006 (5415472.319.000) 07/16 13:34:50 Image size of job updated: 1630420
	1042  -  MemoryUsage of job (MB)
	1066172  -  ResidentSetSize of job (KB)
...
006 (5415472.319.000) 07/16 14:04:52 Image size of job updated: 1630420
	1042  -  MemoryUsage of job (MB)
	1066184  -  ResidentSetSize of job (KB)
...
006 (5415472.319.000) 07/16 14:34:56 Image size of job updated: 1630420
	1042  -  MemoryUsage of job (MB)
	1066188  -  ResidentSetSize of job (KB)
...
006 (5415472.319.000) 07/16 14:39:57 Image size of job updated: 1630420
	1042  -  MemoryUsage of job (MB)
	1066196  -  ResidentSetSize of job (KB)
...
006 (5415472.319.000) 07/16 15:10:00 Image size of job updated: 1630420
	1042  -  MemoryUsage of job (MB)
	1066208  -  ResidentSetSize of job (KB)
...
040 (5415472.319.000) 07/16 15:21:54 Started transferring output files
...
040 (5415472.319.000) 07/16 15:21:54 Finished transferring output files
...
004 (5415472.319.000) 07/16 15:21:54 Job was evicted.
	(0) CPU times
		Usr 14 10:35:58, Sys 0 00:05:44  -  Run Remote Usage
		Usr 0 00:00:00, Sys 0 00:00:00  -  Run Local Usage
	96876  -  Run Bytes Sent By Job
	803  -  Run Bytes Received By Job
	Partitionable Resources :    Usage  Request Allocated 
	   Cpus                 :     3.06        4         4 
	   Disk (KB)            :   121    10485760  10808081 
	   Memory (MB)          :  1042        8000      8000 
...
