000 (5415472.393.000) 07/11 14:02:29 Job submitted from host: <137.138.156.150:9618?addrs=137.138.156.150-9618+[2001-1458-d00-14--9a]-9618&alias=bigbird13.cern.ch&noUDP&sock=schedd_1788_ff6c>
...
040 (5415472.393.000) 07/11 16:03:55 Started transferring input files
	Transferring to host: <128.142.58.96:9618?addrs=128.142.58.96-9618+[2001-1458-301-16--100-5f]-9618&alias=b7s03p6695.cern.ch&noUDP&sock=slot1_1_6791_9fad_2835>
...
040 (5415472.393.000) 07/11 16:03:55 Finished transferring input files
...
001 (5415472.393.000) 07/11 16:03:57 Job executing on host: <128.142.58.96:9618?addrs=128.142.58.96-9618+[2001-1458-301-16--100-5f]-9618&alias=b7s03p6695.cern.ch&noUDP&sock=startd_6332_cdc6>
...
006 (5415472.393.000) 07/11 16:04:06 Image size of job updated: 98836
	38  -  MemoryUsage of job (MB)
	38588  -  ResidentSetSize of job (KB)
...
006 (5415472.393.000) 07/11 16:09:06 Image size of job updated: 1590760
	1005  -  MemoryUsage of job (MB)
	1028132  -  ResidentSetSize of job (KB)
...
006 (5415472.393.000) 07/13 00:47:40 Image size of job updated: 1591744
	1005  -  MemoryUsage of job (MB)
	1029040  -  ResidentSetSize of job (KB)
...
006 (5415472.393.000) 07/13 01:27:42 Image size of job updated: 1592648
	1006  -  MemoryUsage of job (MB)
	1029944  -  ResidentSetSize of job (KB)
...
006 (5415472.393.000) 07/13 02:02:44 Image size of job updated: 1593552
	1007  -  MemoryUsage of job (MB)
	1030848  -  ResidentSetSize of job (KB)
...
006 (5415472.393.000) 07/13 02:42:48 Image size of job updated: 1594460
	1008  -  MemoryUsage of job (MB)
	1031756  -  ResidentSetSize of job (KB)
...
006 (5415472.393.000) 07/13 03:27:53 Image size of job updated: 1595364
	1009  -  MemoryUsage of job (MB)
	1032660  -  ResidentSetSize of job (KB)
...
006 (5415472.393.000) 07/13 04:12:58 Image size of job updated: 1596272
	1010  -  MemoryUsage of job (MB)
	1033568  -  ResidentSetSize of job (KB)
...
006 (5415472.393.000) 07/13 04:53:02 Image size of job updated: 1597176
	1011  -  MemoryUsage of job (MB)
	1034472  -  ResidentSetSize of job (KB)
...
006 (5415472.393.000) 07/13 05:38:08 Image size of job updated: 1598084
	1012  -  MemoryUsage of job (MB)
	1035380  -  ResidentSetSize of job (KB)
...
006 (5415472.393.000) 07/13 06:18:12 Image size of job updated: 1598988
	1012  -  MemoryUsage of job (MB)
	1036284  -  ResidentSetSize of job (KB)
...
006 (5415472.393.000) 07/13 06:53:16 Image size of job updated: 1599892
	1013  -  MemoryUsage of job (MB)
	1037188  -  ResidentSetSize of job (KB)
...
006 (5415472.393.000) 07/13 07:38:22 Image size of job updated: 1600800
	1014  -  MemoryUsage of job (MB)
	1038096  -  ResidentSetSize of job (KB)
...
006 (5415472.393.000) 07/13 08:23:25 Image size of job updated: 1601704
	1015  -  MemoryUsage of job (MB)
	1039000  -  ResidentSetSize of job (KB)
...
006 (5415472.393.000) 07/13 09:03:28 Image size of job updated: 1602612
	1016  -  MemoryUsage of job (MB)
	1039908  -  ResidentSetSize of job (KB)
...
006 (5415472.393.000) 07/13 09:43:32 Image size of job updated: 1603516
	1017  -  MemoryUsage of job (MB)
	1040812  -  ResidentSetSize of job (KB)
...
006 (5415472.393.000) 07/13 10:18:36 Image size of job updated: 1604420
	1018  -  MemoryUsage of job (MB)
	1041716  -  ResidentSetSize of job (KB)
...
006 (5415472.393.000) 07/13 10:53:38 Image size of job updated: 1605328
	1019  -  MemoryUsage of job (MB)
	1042624  -  ResidentSetSize of job (KB)
...
006 (5415472.393.000) 07/13 11:43:05 Image size of job updated: 1606232
	1020  -  MemoryUsage of job (MB)
	1043528  -  ResidentSetSize of job (KB)
...
006 (5415472.393.000) 07/13 12:16:46 Image size of job updated: 1607140
	1020  -  MemoryUsage of job (MB)
	1044436  -  ResidentSetSize of job (KB)
...
006 (5415472.393.000) 07/13 12:56:52 Image size of job updated: 1608044
	1021  -  MemoryUsage of job (MB)
	1045340  -  ResidentSetSize of job (KB)
...
006 (5415472.393.000) 07/13 13:31:53 Image size of job updated: 1608948
	1022  -  MemoryUsage of job (MB)
	1046244  -  ResidentSetSize of job (KB)
...
006 (5415472.393.000) 07/13 14:16:56 Image size of job updated: 1609856
	1023  -  MemoryUsage of job (MB)
	1047152  -  ResidentSetSize of job (KB)
...
006 (5415472.393.000) 07/13 14:36:58 Image size of job updated: 1612928
	1025  -  MemoryUsage of job (MB)
	1048700  -  ResidentSetSize of job (KB)
...
006 (5415472.393.000) 07/13 14:52:00 Image size of job updated: 1612928
	1025  -  MemoryUsage of job (MB)
	1048712  -  ResidentSetSize of job (KB)
...
006 (5415472.393.000) 07/13 15:12:04 Image size of job updated: 1612928
	1025  -  MemoryUsage of job (MB)
	1048724  -  ResidentSetSize of job (KB)
...
006 (5415472.393.000) 07/13 15:27:06 Image size of job updated: 1612928
	1025  -  MemoryUsage of job (MB)
	1048736  -  ResidentSetSize of job (KB)
...
006 (5415472.393.000) 07/13 15:32:07 Image size of job updated: 1613832
	1026  -  MemoryUsage of job (MB)
	1049640  -  ResidentSetSize of job (KB)
...
006 (5415472.393.000) 07/13 15:47:09 Image size of job updated: 1613832
	1026  -  MemoryUsage of job (MB)
	1049652  -  ResidentSetSize of job (KB)
...
006 (5415472.393.000) 07/13 16:07:10 Image size of job updated: 1613832
	1026  -  MemoryUsage of job (MB)
	1049664  -  ResidentSetSize of job (KB)
...
006 (5415472.393.000) 07/13 16:12:11 Image size of job updated: 1614740
	1026  -  MemoryUsage of job (MB)
	1050572  -  ResidentSetSize of job (KB)
...
006 (5415472.393.000) 07/13 16:32:13 Image size of job updated: 1614740
	1026  -  MemoryUsage of job (MB)
	1050584  -  ResidentSetSize of job (KB)
...
006 (5415472.393.000) 07/13 16:47:16 Image size of job updated: 1615644
	1027  -  MemoryUsage of job (MB)
	1051500  -  ResidentSetSize of job (KB)
...
006 (5415472.393.000) 07/13 17:12:19 Image size of job updated: 1615644
	1027  -  MemoryUsage of job (MB)
	1051512  -  ResidentSetSize of job (KB)
...
006 (5415472.393.000) 07/13 17:27:19 Image size of job updated: 1616552
	1028  -  MemoryUsage of job (MB)
	1052420  -  ResidentSetSize of job (KB)
...
006 (5415472.393.000) 07/13 17:32:52 Image size of job updated: 1616552
	1028  -  MemoryUsage of job (MB)
	1052432  -  ResidentSetSize of job (KB)
...
006 (5415472.393.000) 07/13 17:52:54 Image size of job updated: 1616552
	1028  -  MemoryUsage of job (MB)
	1052444  -  ResidentSetSize of job (KB)
...
006 (5415472.393.000) 07/13 18:07:55 Image size of job updated: 1617456
	1029  -  MemoryUsage of job (MB)
	1053348  -  ResidentSetSize of job (KB)
...
006 (5415472.393.000) 07/13 18:12:55 Image size of job updated: 1617456
	1029  -  MemoryUsage of job (MB)
	1053352  -  ResidentSetSize of job (KB)
...
006 (5415472.393.000) 07/13 18:17:55 Image size of job updated: 1617456
	1029  -  MemoryUsage of job (MB)
	1053360  -  ResidentSetSize of job (KB)
...
006 (5415472.393.000) 07/13 18:37:57 Image size of job updated: 1617456
	1029  -  MemoryUsage of job (MB)
	1053372  -  ResidentSetSize of job (KB)
...
006 (5415472.393.000) 07/13 18:52:59 Image size of job updated: 1618360
	1030  -  MemoryUsage of job (MB)
	1054276  -  ResidentSetSize of job (KB)
...
006 (5415472.393.000) 07/13 19:03:00 Image size of job updated: 1618360
	1030  -  MemoryUsage of job (MB)
	1054288  -  ResidentSetSize of job (KB)
...
006 (5415472.393.000) 07/13 19:23:03 Image size of job updated: 1618360
	1030  -  MemoryUsage of job (MB)
	1054300  -  ResidentSetSize of job (KB)
...
006 (5415472.393.000) 07/13 19:33:05 Image size of job updated: 1619268
	1031  -  MemoryUsage of job (MB)
	1055208  -  ResidentSetSize of job (KB)
...
006 (5415472.393.000) 07/13 19:48:07 Image size of job updated: 1619268
	1031  -  MemoryUsage of job (MB)
	1055220  -  ResidentSetSize of job (KB)
...
006 (5415472.393.000) 07/13 20:08:08 Image size of job updated: 1619268
	1031  -  MemoryUsage of job (MB)
	1055232  -  ResidentSetSize of job (KB)
...
006 (5415472.393.000) 07/13 20:18:10 Image size of job updated: 1620172
	1032  -  MemoryUsage of job (MB)
	1056136  -  ResidentSetSize of job (KB)
...
006 (5415472.393.000) 07/13 20:33:12 Image size of job updated: 1620172
	1032  -  MemoryUsage of job (MB)
	1056148  -  ResidentSetSize of job (KB)
...
006 (5415472.393.000) 07/13 20:58:13 Image size of job updated: 1620172
	1032  -  MemoryUsage of job (MB)
	1056160  -  ResidentSetSize of job (KB)
...
006 (5415472.393.000) 07/13 21:03:13 Image size of job updated: 1621080
	1033  -  MemoryUsage of job (MB)
	1057068  -  ResidentSetSize of job (KB)
...
006 (5415472.393.000) 07/13 21:18:15 Image size of job updated: 1621080
	1033  -  MemoryUsage of job (MB)
	1057080  -  ResidentSetSize of job (KB)
...
006 (5415472.393.000) 07/13 21:43:18 Image size of job updated: 1621984
	1034  -  MemoryUsage of job (MB)
	1057996  -  ResidentSetSize of job (KB)
...
006 (5415472.393.000) 07/13 22:03:19 Image size of job updated: 1621984
	1034  -  MemoryUsage of job (MB)
	1058008  -  ResidentSetSize of job (KB)
...
006 (5415472.393.000) 07/13 22:23:22 Image size of job updated: 1621984
	1034  -  MemoryUsage of job (MB)
	1058020  -  ResidentSetSize of job (KB)
...
006 (5415472.393.000) 07/13 22:28:22 Image size of job updated: 1622888
	1035  -  MemoryUsage of job (MB)
	1058924  -  ResidentSetSize of job (KB)
...
006 (5415472.393.000) 07/13 22:48:25 Image size of job updated: 1622888
	1035  -  MemoryUsage of job (MB)
	1058936  -  ResidentSetSize of job (KB)
...
006 (5415472.393.000) 07/13 23:13:27 Image size of job updated: 1623796
	1036  -  MemoryUsage of job (MB)
	1059856  -  ResidentSetSize of job (KB)
...
006 (5415472.393.000) 07/13 23:33:29 Image size of job updated: 1623796
	1036  -  MemoryUsage of job (MB)
	1059868  -  ResidentSetSize of job (KB)
...
006 (5415472.393.000) 07/13 23:53:31 Image size of job updated: 1624700
	1036  -  MemoryUsage of job (MB)
	1060772  -  ResidentSetSize of job (KB)
...
006 (5415472.393.000) 07/13 23:58:32 Image size of job updated: 1624700
	1036  -  MemoryUsage of job (MB)
	1060784  -  ResidentSetSize of job (KB)
...
006 (5415472.393.000) 07/14 00:18:36 Image size of job updated: 1624700
	1036  -  MemoryUsage of job (MB)
	1060796  -  ResidentSetSize of job (KB)
...
006 (5415472.393.000) 07/14 00:33:38 Image size of job updated: 1625608
	1037  -  MemoryUsage of job (MB)
	1061704  -  ResidentSetSize of job (KB)
...
006 (5415472.393.000) 07/14 00:38:39 Image size of job updated: 1625608
	1037  -  MemoryUsage of job (MB)
	1061716  -  ResidentSetSize of job (KB)
...
006 (5415472.393.000) 07/14 01:03:42 Image size of job updated: 1625608
	1037  -  MemoryUsage of job (MB)
	1061728  -  ResidentSetSize of job (KB)
...
006 (5415472.393.000) 07/14 01:18:44 Image size of job updated: 1626512
	1038  -  MemoryUsage of job (MB)
	1062632  -  ResidentSetSize of job (KB)
...
006 (5415472.393.000) 07/14 01:28:46 Image size of job updated: 1626512
	1038  -  MemoryUsage of job (MB)
	1062644  -  ResidentSetSize of job (KB)
...
006 (5415472.393.000) 07/14 01:53:50 Image size of job updated: 1626512
	1038  -  MemoryUsage of job (MB)
	1062656  -  ResidentSetSize of job (KB)
...
006 (5415472.393.000) 07/14 02:03:50 Image size of job updated: 1627416
	1039  -  MemoryUsage of job (MB)
	1063560  -  ResidentSetSize of job (KB)
...
006 (5415472.393.000) 07/14 02:13:51 Image size of job updated: 1627416
	1039  -  MemoryUsage of job (MB)
	1063564  -  ResidentSetSize of job (KB)
...
006 (5415472.393.000) 07/14 02:18:51 Image size of job updated: 1627416
	1039  -  MemoryUsage of job (MB)
	1063572  -  ResidentSetSize of job (KB)
...
006 (5415472.393.000) 07/14 02:38:53 Image size of job updated: 1627416
	1039  -  MemoryUsage of job (MB)
	1063584  -  ResidentSetSize of job (KB)
...
006 (5415472.393.000) 07/14 02:48:54 Image size of job updated: 1628324
	1040  -  MemoryUsage of job (MB)
	1064492  -  ResidentSetSize of job (KB)
...
006 (5415472.393.000) 07/14 03:03:55 Image size of job updated: 1628324
	1040  -  MemoryUsage of job (MB)
	1064504  -  ResidentSetSize of job (KB)
...
006 (5415472.393.000) 07/14 03:28:58 Image size of job updated: 1628324
	1040  -  MemoryUsage of job (MB)
	1064516  -  ResidentSetSize of job (KB)
...
006 (5415472.393.000) 07/14 03:33:58 Image size of job updated: 1629228
	1041  -  MemoryUsage of job (MB)
	1065420  -  ResidentSetSize of job (KB)
...
006 (5415472.393.000) 07/14 03:54:00 Image size of job updated: 1629228
	1041  -  MemoryUsage of job (MB)
	1065432  -  ResidentSetSize of job (KB)
...
006 (5415472.393.000) 07/14 04:19:03 Image size of job updated: 1630136
	1042  -  MemoryUsage of job (MB)
	1066352  -  ResidentSetSize of job (KB)
...
006 (5415472.393.000) 07/14 04:39:04 Image size of job updated: 1630136
	1042  -  MemoryUsage of job (MB)
	1066364  -  ResidentSetSize of job (KB)
...
006 (5415472.393.000) 07/14 05:04:07 Image size of job updated: 1631040
	1043  -  MemoryUsage of job (MB)
	1067280  -  ResidentSetSize of job (KB)
...
006 (5415472.393.000) 07/14 05:29:11 Image size of job updated: 1631040
	1043  -  MemoryUsage of job (MB)
	1067292  -  ResidentSetSize of job (KB)
...
006 (5415472.393.000) 07/14 05:44:14 Image size of job updated: 1631944
	1044  -  MemoryUsage of job (MB)
	1068196  -  ResidentSetSize of job (KB)
...
006 (5415472.393.000) 07/14 05:49:15 Image size of job updated: 1631944
	1044  -  MemoryUsage of job (MB)
	1068208  -  ResidentSetSize of job (KB)
...
006 (5415472.393.000) 07/14 06:09:16 Image size of job updated: 1631944
	1044  -  MemoryUsage of job (MB)
	1068220  -  ResidentSetSize of job (KB)
...
006 (5415472.393.000) 07/14 06:24:17 Image size of job updated: 1632852
	1045  -  MemoryUsage of job (MB)
	1069128  -  ResidentSetSize of job (KB)
...
006 (5415472.393.000) 07/14 06:29:18 Image size of job updated: 1632852
	1045  -  MemoryUsage of job (MB)
	1069140  -  ResidentSetSize of job (KB)
...
006 (5415472.393.000) 07/14 06:49:21 Image size of job updated: 1632852
	1045  -  MemoryUsage of job (MB)
	1069152  -  ResidentSetSize of job (KB)
...
006 (5415472.393.000) 07/14 07:04:22 Image size of job updated: 1633756
	1045  -  MemoryUsage of job (MB)
	1070056  -  ResidentSetSize of job (KB)
...
006 (5415472.393.000) 07/14 07:09:22 Image size of job updated: 1633756
	1045  -  MemoryUsage of job (MB)
	1070068  -  ResidentSetSize of job (KB)
...
006 (5415472.393.000) 07/14 07:29:24 Image size of job updated: 1633756
	1045  -  MemoryUsage of job (MB)
	1070080  -  ResidentSetSize of job (KB)
...
006 (5415472.393.000) 07/14 07:39:26 Image size of job updated: 1634664
	1046  -  MemoryUsage of job (MB)
	1070988  -  ResidentSetSize of job (KB)
...
006 (5415472.393.000) 07/14 07:49:27 Image size of job updated: 1634664
	1046  -  MemoryUsage of job (MB)
	1071000  -  ResidentSetSize of job (KB)
...
006 (5415472.393.000) 07/14 08:09:29 Image size of job updated: 1634664
	1046  -  MemoryUsage of job (MB)
	1071012  -  ResidentSetSize of job (KB)
...
006 (5415472.393.000) 07/14 08:19:29 Image size of job updated: 1635568
	1047  -  MemoryUsage of job (MB)
	1071916  -  ResidentSetSize of job (KB)
...
006 (5415472.393.000) 07/14 08:34:30 Image size of job updated: 1635568
	1047  -  MemoryUsage of job (MB)
	1071928  -  ResidentSetSize of job (KB)
...
006 (5415472.393.000) 07/14 08:54:32 Image size of job updated: 1635568
	1047  -  MemoryUsage of job (MB)
	1071940  -  ResidentSetSize of job (KB)
...
006 (5415472.393.000) 07/14 08:59:32 Image size of job updated: 1640096
	1052  -  MemoryUsage of job (MB)
	1076468  -  ResidentSetSize of job (KB)
...
006 (5415472.393.000) 07/14 09:19:33 Image size of job updated: 1640096
	1052  -  MemoryUsage of job (MB)
	1076480  -  ResidentSetSize of job (KB)
...
006 (5415472.393.000) 07/14 09:34:34 Image size of job updated: 1640096
	1052  -  MemoryUsage of job (MB)
	1076492  -  ResidentSetSize of job (KB)
...
006 (5415472.393.000) 07/14 09:54:36 Image size of job updated: 1640096
	1052  -  MemoryUsage of job (MB)
	1076504  -  ResidentSetSize of job (KB)
...
006 (5415472.393.000) 07/14 10:14:37 Image size of job updated: 1640096
	1052  -  MemoryUsage of job (MB)
	1076516  -  ResidentSetSize of job (KB)
...
006 (5415472.393.000) 07/14 10:39:38 Image size of job updated: 1640096
	1052  -  MemoryUsage of job (MB)
	1076528  -  ResidentSetSize of job (KB)
...
006 (5415472.393.000) 07/14 10:59:40 Image size of job updated: 1640096
	1052  -  MemoryUsage of job (MB)
	1076540  -  ResidentSetSize of job (KB)
...
006 (5415472.393.000) 07/14 11:19:42 Image size of job updated: 1640096
	1052  -  MemoryUsage of job (MB)
	1076552  -  ResidentSetSize of job (KB)
...
006 (5415472.393.000) 07/14 11:39:45 Image size of job updated: 1640096
	1052  -  MemoryUsage of job (MB)
	1076564  -  ResidentSetSize of job (KB)
...
006 (5415472.393.000) 07/14 11:59:45 Image size of job updated: 1640096
	1052  -  MemoryUsage of job (MB)
	1076576  -  ResidentSetSize of job (KB)
...
006 (5415472.393.000) 07/14 12:19:47 Image size of job updated: 1640096
	1052  -  MemoryUsage of job (MB)
	1076588  -  ResidentSetSize of job (KB)
...
006 (5415472.393.000) 07/14 12:39:51 Image size of job updated: 1640096
	1052  -  MemoryUsage of job (MB)
	1076596  -  ResidentSetSize of job (KB)
...
006 (5415472.393.000) 07/14 12:44:52 Image size of job updated: 1640096
	1052  -  MemoryUsage of job (MB)
	1076600  -  ResidentSetSize of job (KB)
...
006 (5415472.393.000) 07/14 13:04:53 Image size of job updated: 1640096
	1052  -  MemoryUsage of job (MB)
	1076612  -  ResidentSetSize of job (KB)
...
006 (5415472.393.000) 07/14 13:24:55 Image size of job updated: 1640096
	1052  -  MemoryUsage of job (MB)
	1076624  -  ResidentSetSize of job (KB)
...
006 (5415472.393.000) 07/14 13:44:57 Image size of job updated: 1640096
	1052  -  MemoryUsage of job (MB)
	1076636  -  ResidentSetSize of job (KB)
...
006 (5415472.393.000) 07/14 14:09:59 Image size of job updated: 1640096
	1052  -  MemoryUsage of job (MB)
	1076648  -  ResidentSetSize of job (KB)
...
006 (5415472.393.000) 07/14 14:30:02 Image size of job updated: 1640096
	1052  -  MemoryUsage of job (MB)
	1076660  -  ResidentSetSize of job (KB)
...
006 (5415472.393.000) 07/14 14:50:05 Image size of job updated: 1640096
	1052  -  MemoryUsage of job (MB)
	1076672  -  ResidentSetSize of job (KB)
...
006 (5415472.393.000) 07/14 15:15:10 Image size of job updated: 1640096
	1052  -  MemoryUsage of job (MB)
	1076684  -  ResidentSetSize of job (KB)
...
006 (5415472.393.000) 07/14 15:35:12 Image size of job updated: 1640096
	1052  -  MemoryUsage of job (MB)
	1076696  -  ResidentSetSize of job (KB)
...
006 (5415472.393.000) 07/14 15:55:13 Image size of job updated: 1640096
	1052  -  MemoryUsage of job (MB)
	1076708  -  ResidentSetSize of job (KB)
...
006 (5415472.393.000) 07/14 16:20:16 Image size of job updated: 1640096
	1052  -  MemoryUsage of job (MB)
	1076720  -  ResidentSetSize of job (KB)
...
006 (5415472.393.000) 07/14 16:40:17 Image size of job updated: 1640096
	1052  -  MemoryUsage of job (MB)
	1076732  -  ResidentSetSize of job (KB)
...
006 (5415472.393.000) 07/14 17:05:20 Image size of job updated: 1640096
	1052  -  MemoryUsage of job (MB)
	1076744  -  ResidentSetSize of job (KB)
...
006 (5415472.393.000) 07/14 17:25:21 Image size of job updated: 1640096
	1052  -  MemoryUsage of job (MB)
	1076756  -  ResidentSetSize of job (KB)
...
006 (5415472.393.000) 07/14 17:50:24 Image size of job updated: 1640096
	1052  -  MemoryUsage of job (MB)
	1076768  -  ResidentSetSize of job (KB)
...
006 (5415472.393.000) 07/14 18:10:25 Image size of job updated: 1640096
	1052  -  MemoryUsage of job (MB)
	1076780  -  ResidentSetSize of job (KB)
...
006 (5415472.393.000) 07/14 18:30:28 Image size of job updated: 1640096
	1052  -  MemoryUsage of job (MB)
	1076792  -  ResidentSetSize of job (KB)
...
006 (5415472.393.000) 07/14 18:50:30 Image size of job updated: 1640096
	1052  -  MemoryUsage of job (MB)
	1076804  -  ResidentSetSize of job (KB)
...
006 (5415472.393.000) 07/14 19:10:32 Image size of job updated: 1640096
	1052  -  MemoryUsage of job (MB)
	1076816  -  ResidentSetSize of job (KB)
...
006 (5415472.393.000) 07/14 19:25:32 Image size of job updated: 1640096
	1052  -  MemoryUsage of job (MB)
	1076828  -  ResidentSetSize of job (KB)
...
006 (5415472.393.000) 07/14 19:45:35 Image size of job updated: 1640096
	1052  -  MemoryUsage of job (MB)
	1076840  -  ResidentSetSize of job (KB)
...
006 (5415472.393.000) 07/14 20:00:36 Image size of job updated: 1640096
	1052  -  MemoryUsage of job (MB)
	1076852  -  ResidentSetSize of job (KB)
...
006 (5415472.393.000) 07/14 20:20:40 Image size of job updated: 1640096
	1052  -  MemoryUsage of job (MB)
	1076864  -  ResidentSetSize of job (KB)
...
006 (5415472.393.000) 07/14 20:35:42 Image size of job updated: 1640096
	1052  -  MemoryUsage of job (MB)
	1076876  -  ResidentSetSize of job (KB)
...
006 (5415472.393.000) 07/14 20:55:54 Image size of job updated: 1640096
	1052  -  MemoryUsage of job (MB)
	1076888  -  ResidentSetSize of job (KB)
...
007 (5415472.393.000) 07/14 21:05:05 Shadow exception!
	Assertion ERROR on (result)
	0  -  Run Bytes Sent By Job
	803  -  Run Bytes Received By Job
...
