000 (5415472.359.000) 07/11 14:02:29 Job submitted from host: <137.138.156.150:9618?addrs=137.138.156.150-9618+[2001-1458-d00-14--9a]-9618&alias=bigbird13.cern.ch&noUDP&sock=schedd_1788_ff6c>
...
040 (5415472.359.000) 07/11 16:03:58 Started transferring input files
	Transferring to host: <128.142.80.68:9618?addrs=128.142.80.68-9618+[2001-1458-301-f5--100-fc]-9618&alias=b7s13n3561.cern.ch&noUDP&sock=slot1_1_26745_0599_114137>
...
040 (5415472.359.000) 07/11 16:03:58 Finished transferring input files
...
001 (5415472.359.000) 07/11 16:04:00 Job executing on host: <128.142.80.68:9618?addrs=128.142.80.68-9618+[2001-1458-301-f5--100-fc]-9618&alias=b7s13n3561.cern.ch&noUDP&sock=startd_16551_3015>
...
006 (5415472.359.000) 07/11 16:04:09 Image size of job updated: 62352
	27  -  MemoryUsage of job (MB)
	27116  -  ResidentSetSize of job (KB)
...
006 (5415472.359.000) 07/11 16:09:10 Image size of job updated: 1590892
	1004  -  MemoryUsage of job (MB)
	1027340  -  ResidentSetSize of job (KB)
...
006 (5415472.359.000) 07/14 02:42:02 Image size of job updated: 1591876
	1005  -  MemoryUsage of job (MB)
	1028248  -  ResidentSetSize of job (KB)
...
006 (5415472.359.000) 07/14 03:47:08 Image size of job updated: 1592780
	1006  -  MemoryUsage of job (MB)
	1029152  -  ResidentSetSize of job (KB)
...
006 (5415472.359.000) 07/14 04:52:14 Image size of job updated: 1593688
	1006  -  MemoryUsage of job (MB)
	1030060  -  ResidentSetSize of job (KB)
...
006 (5415472.359.000) 07/14 05:57:22 Image size of job updated: 1594592
	1007  -  MemoryUsage of job (MB)
	1030964  -  ResidentSetSize of job (KB)
...
006 (5415472.359.000) 07/14 07:02:27 Image size of job updated: 1595496
	1008  -  MemoryUsage of job (MB)
	1031868  -  ResidentSetSize of job (KB)
...
006 (5415472.359.000) 07/14 08:07:37 Image size of job updated: 1596404
	1009  -  MemoryUsage of job (MB)
	1032776  -  ResidentSetSize of job (KB)
...
006 (5415472.359.000) 07/14 09:07:44 Image size of job updated: 1597308
	1010  -  MemoryUsage of job (MB)
	1033680  -  ResidentSetSize of job (KB)
...
006 (5415472.359.000) 07/14 10:07:52 Image size of job updated: 1598216
	1011  -  MemoryUsage of job (MB)
	1034588  -  ResidentSetSize of job (KB)
...
006 (5415472.359.000) 07/14 10:57:58 Image size of job updated: 1599120
	1012  -  MemoryUsage of job (MB)
	1035492  -  ResidentSetSize of job (KB)
...
006 (5415472.359.000) 07/14 11:53:04 Image size of job updated: 1600028
	1013  -  MemoryUsage of job (MB)
	1036400  -  ResidentSetSize of job (KB)
...
006 (5415472.359.000) 07/14 12:43:07 Image size of job updated: 1600932
	1013  -  MemoryUsage of job (MB)
	1036400  -  ResidentSetSize of job (KB)
...
006 (5415472.359.000) 07/14 13:53:16 Image size of job updated: 1601836
	1013  -  MemoryUsage of job (MB)
	1036400  -  ResidentSetSize of job (KB)
...
006 (5415472.359.000) 07/14 15:03:27 Image size of job updated: 1602744
	1013  -  MemoryUsage of job (MB)
	1036400  -  ResidentSetSize of job (KB)
...
006 (5415472.359.000) 07/14 16:08:33 Image size of job updated: 1603648
	1013  -  MemoryUsage of job (MB)
	1036400  -  ResidentSetSize of job (KB)
...
006 (5415472.359.000) 07/14 17:23:41 Image size of job updated: 1604556
	1013  -  MemoryUsage of job (MB)
	1036400  -  ResidentSetSize of job (KB)
...
006 (5415472.359.000) 07/14 18:33:46 Image size of job updated: 1605460
	1013  -  MemoryUsage of job (MB)
	1036400  -  ResidentSetSize of job (KB)
...
006 (5415472.359.000) 07/14 19:48:55 Image size of job updated: 1606364
	1013  -  MemoryUsage of job (MB)
	1036400  -  ResidentSetSize of job (KB)
...
007 (5415472.359.000) 07/14 21:04:03 Shadow exception!
	Assertion ERROR on (result)
	0  -  Run Bytes Sent By Job
	803  -  Run Bytes Received By Job
...
040 (5415472.359.000) 07/15 01:35:25 Started transferring input files
	Transferring to host: <128.142.193.143:9618?addrs=128.142.193.143-9618+[2001-1458-301-cc--100-ec]-9618&alias=b7g52n2831.cern.ch&noUDP&sock=slot1_11_4004_ee1c_21111>
...
040 (5415472.359.000) 07/15 01:35:25 Finished transferring input files
...
001 (5415472.359.000) 07/15 01:35:26 Job executing on host: <128.142.193.143:9618?addrs=128.142.193.143-9618+[2001-1458-301-cc--100-ec]-9618&alias=b7g52n2831.cern.ch&noUDP&sock=startd_3207_5050>
...
040 (5415472.359.000) 07/18 14:22:18 Started transferring output files
...
040 (5415472.359.000) 07/18 14:22:18 Finished transferring output files
...
004 (5415472.359.000) 07/18 14:22:18 Job was evicted.
	(0) CPU times
		Usr 10 02:11:15, Sys 0 00:04:30  -  Run Remote Usage
		Usr 0 00:00:00, Sys 0 00:00:00  -  Run Local Usage
	96426  -  Run Bytes Sent By Job
	803  -  Run Bytes Received By Job
	Partitionable Resources :    Usage  Request Allocated 
	   Cpus                 :     2.80        4         4 
	   Disk (KB)            :   123    10485760  10773830 
	   Memory (MB)          :  1221        8000      8000 
...
