000 (5415472.250.000) 07/11 14:02:29 Job submitted from host: <137.138.156.150:9618?addrs=137.138.156.150-9618+[2001-1458-d00-14--9a]-9618&alias=bigbird13.cern.ch&noUDP&sock=schedd_1788_ff6c>
...
040 (5415472.250.000) 07/11 14:25:59 Started transferring input files
	Transferring to host: <128.142.193.177:9618?addrs=128.142.193.177-9618+[2001-1458-301-cc--100-1e9]-9618&alias=b7g52n7852.cern.ch&noUDP&sock=slot1_2_5652_185f_68798>
...
040 (5415472.250.000) 07/11 14:25:59 Finished transferring input files
...
001 (5415472.250.000) 07/11 14:26:00 Job executing on host: <128.142.193.177:9618?addrs=128.142.193.177-9618+[2001-1458-301-cc--100-1e9]-9618&alias=b7g52n7852.cern.ch&noUDP&sock=startd_4465_3274>
...
006 (5415472.250.000) 07/11 14:26:08 Image size of job updated: 570628
	96  -  MemoryUsage of job (MB)
	97888  -  ResidentSetSize of job (KB)
...
006 (5415472.250.000) 07/11 14:31:08 Image size of job updated: 1590920
	1004  -  MemoryUsage of job (MB)
	1027360  -  ResidentSetSize of job (KB)
...
006 (5415472.250.000) 07/13 14:54:27 Image size of job updated: 1591900
	1005  -  MemoryUsage of job (MB)
	1028176  -  ResidentSetSize of job (KB)
...
006 (5415472.250.000) 07/13 15:44:32 Image size of job updated: 1592808
	1005  -  MemoryUsage of job (MB)
	1029084  -  ResidentSetSize of job (KB)
...
006 (5415472.250.000) 07/13 16:34:39 Image size of job updated: 1592808
	1006  -  MemoryUsage of job (MB)
	1029988  -  ResidentSetSize of job (KB)
...
006 (5415472.250.000) 07/13 16:39:40 Image size of job updated: 1593712
	1006  -  MemoryUsage of job (MB)
	1029988  -  ResidentSetSize of job (KB)
...
006 (5415472.250.000) 07/13 17:30:01 Image size of job updated: 1594620
	1007  -  MemoryUsage of job (MB)
	1030864  -  ResidentSetSize of job (KB)
...
006 (5415472.250.000) 07/13 18:20:05 Image size of job updated: 1595524
	1008  -  MemoryUsage of job (MB)
	1031768  -  ResidentSetSize of job (KB)
...
006 (5415472.250.000) 07/13 19:05:09 Image size of job updated: 1596428
	1009  -  MemoryUsage of job (MB)
	1032672  -  ResidentSetSize of job (KB)
...
006 (5415472.250.000) 07/13 19:55:14 Image size of job updated: 1597336
	1010  -  MemoryUsage of job (MB)
	1033580  -  ResidentSetSize of job (KB)
...
006 (5415472.250.000) 07/13 20:45:20 Image size of job updated: 1598240
	1011  -  MemoryUsage of job (MB)
	1034484  -  ResidentSetSize of job (KB)
...
006 (5415472.250.000) 07/13 21:35:23 Image size of job updated: 1599148
	1012  -  MemoryUsage of job (MB)
	1035392  -  ResidentSetSize of job (KB)
...
006 (5415472.250.000) 07/13 22:35:32 Image size of job updated: 1600052
	1013  -  MemoryUsage of job (MB)
	1036296  -  ResidentSetSize of job (KB)
...
006 (5415472.250.000) 07/13 23:30:36 Image size of job updated: 1600960
	1013  -  MemoryUsage of job (MB)
	1037204  -  ResidentSetSize of job (KB)
...
006 (5415472.250.000) 07/14 00:30:42 Image size of job updated: 1601864
	1014  -  MemoryUsage of job (MB)
	1038108  -  ResidentSetSize of job (KB)
...
006 (5415472.250.000) 07/14 01:30:48 Image size of job updated: 1602768
	1015  -  MemoryUsage of job (MB)
	1039012  -  ResidentSetSize of job (KB)
...
006 (5415472.250.000) 07/14 02:25:55 Image size of job updated: 1603676
	1016  -  MemoryUsage of job (MB)
	1039920  -  ResidentSetSize of job (KB)
...
006 (5415472.250.000) 07/14 03:21:02 Image size of job updated: 1604580
	1017  -  MemoryUsage of job (MB)
	1040824  -  ResidentSetSize of job (KB)
...
006 (5415472.250.000) 07/14 04:16:06 Image size of job updated: 1605488
	1018  -  MemoryUsage of job (MB)
	1041732  -  ResidentSetSize of job (KB)
...
006 (5415472.250.000) 07/14 05:16:13 Image size of job updated: 1606392
	1019  -  MemoryUsage of job (MB)
	1042636  -  ResidentSetSize of job (KB)
...
006 (5415472.250.000) 07/14 06:11:23 Image size of job updated: 1607296
	1020  -  MemoryUsage of job (MB)
	1043540  -  ResidentSetSize of job (KB)
...
006 (5415472.250.000) 07/14 07:11:31 Image size of job updated: 1608204
	1020  -  MemoryUsage of job (MB)
	1044448  -  ResidentSetSize of job (KB)
...
006 (5415472.250.000) 07/14 08:11:39 Image size of job updated: 1609108
	1021  -  MemoryUsage of job (MB)
	1045352  -  ResidentSetSize of job (KB)
...
006 (5415472.250.000) 07/14 09:11:48 Image size of job updated: 1610016
	1022  -  MemoryUsage of job (MB)
	1046260  -  ResidentSetSize of job (KB)
...
006 (5415472.250.000) 07/14 09:41:51 Image size of job updated: 1613088
	1024  -  MemoryUsage of job (MB)
	1047808  -  ResidentSetSize of job (KB)
...
006 (5415472.250.000) 07/14 10:11:54 Image size of job updated: 1613088
	1024  -  MemoryUsage of job (MB)
	1047820  -  ResidentSetSize of job (KB)
...
006 (5415472.250.000) 07/14 10:41:57 Image size of job updated: 1613088
	1024  -  MemoryUsage of job (MB)
	1047832  -  ResidentSetSize of job (KB)
...
006 (5415472.250.000) 07/14 11:17:01 Image size of job updated: 1613992
	1025  -  MemoryUsage of job (MB)
	1048748  -  ResidentSetSize of job (KB)
...
006 (5415472.250.000) 07/14 11:52:04 Image size of job updated: 1613992
	1025  -  MemoryUsage of job (MB)
	1048760  -  ResidentSetSize of job (KB)
...
006 (5415472.250.000) 07/14 12:22:05 Image size of job updated: 1614896
	1026  -  MemoryUsage of job (MB)
	1049664  -  ResidentSetSize of job (KB)
...
006 (5415472.250.000) 07/14 12:27:06 Image size of job updated: 1614896
	1026  -  MemoryUsage of job (MB)
	1049676  -  ResidentSetSize of job (KB)
...
006 (5415472.250.000) 07/14 12:57:11 Image size of job updated: 1614896
	1026  -  MemoryUsage of job (MB)
	1049684  -  ResidentSetSize of job (KB)
...
006 (5415472.250.000) 07/14 13:02:12 Image size of job updated: 1614896
	1026  -  MemoryUsage of job (MB)
	1049688  -  ResidentSetSize of job (KB)
...
006 (5415472.250.000) 07/14 13:27:14 Image size of job updated: 1615804
	1026  -  MemoryUsage of job (MB)
	1050596  -  ResidentSetSize of job (KB)
...
006 (5415472.250.000) 07/14 13:32:15 Image size of job updated: 1615804
	1026  -  MemoryUsage of job (MB)
	1050608  -  ResidentSetSize of job (KB)
...
006 (5415472.250.000) 07/14 14:07:19 Image size of job updated: 1615804
	1026  -  MemoryUsage of job (MB)
	1050620  -  ResidentSetSize of job (KB)
...
006 (5415472.250.000) 07/14 14:27:20 Image size of job updated: 1616708
	1027  -  MemoryUsage of job (MB)
	1051464  -  ResidentSetSize of job (KB)
...
006 (5415472.250.000) 07/14 14:42:23 Image size of job updated: 1616708
	1027  -  MemoryUsage of job (MB)
	1051476  -  ResidentSetSize of job (KB)
...
006 (5415472.250.000) 07/14 15:12:27 Image size of job updated: 1616708
	1027  -  MemoryUsage of job (MB)
	1051488  -  ResidentSetSize of job (KB)
...
006 (5415472.250.000) 07/14 15:32:31 Image size of job updated: 1617616
	1028  -  MemoryUsage of job (MB)
	1052396  -  ResidentSetSize of job (KB)
...
006 (5415472.250.000) 07/14 15:47:33 Image size of job updated: 1617616
	1028  -  MemoryUsage of job (MB)
	1052408  -  ResidentSetSize of job (KB)
...
006 (5415472.250.000) 07/14 16:22:38 Image size of job updated: 1617616
	1028  -  MemoryUsage of job (MB)
	1052420  -  ResidentSetSize of job (KB)
...
006 (5415472.250.000) 07/14 16:32:38 Image size of job updated: 1618520
	1029  -  MemoryUsage of job (MB)
	1053324  -  ResidentSetSize of job (KB)
...
006 (5415472.250.000) 07/14 16:52:38 Image size of job updated: 1618520
	1029  -  MemoryUsage of job (MB)
	1053336  -  ResidentSetSize of job (KB)
...
006 (5415472.250.000) 07/14 17:22:40 Image size of job updated: 1618520
	1029  -  MemoryUsage of job (MB)
	1053340  -  ResidentSetSize of job (KB)
...
006 (5415472.250.000) 07/14 17:27:41 Image size of job updated: 1618520
	1029  -  MemoryUsage of job (MB)
	1053348  -  ResidentSetSize of job (KB)
...
006 (5415472.250.000) 07/14 17:32:41 Image size of job updated: 1619428
	1030  -  MemoryUsage of job (MB)
	1054256  -  ResidentSetSize of job (KB)
...
006 (5415472.250.000) 07/14 17:57:43 Image size of job updated: 1619428
	1030  -  MemoryUsage of job (MB)
	1054268  -  ResidentSetSize of job (KB)
...
006 (5415472.250.000) 07/14 18:32:47 Image size of job updated: 1619428
	1030  -  MemoryUsage of job (MB)
	1054280  -  ResidentSetSize of job (KB)
...
006 (5415472.250.000) 07/14 18:37:47 Image size of job updated: 1620332
	1031  -  MemoryUsage of job (MB)
	1055184  -  ResidentSetSize of job (KB)
...
006 (5415472.250.000) 07/14 19:07:50 Image size of job updated: 1620332
	1031  -  MemoryUsage of job (MB)
	1055196  -  ResidentSetSize of job (KB)
...
006 (5415472.250.000) 07/14 19:42:53 Image size of job updated: 1621236
	1032  -  MemoryUsage of job (MB)
	1056112  -  ResidentSetSize of job (KB)
...
006 (5415472.250.000) 07/14 20:12:56 Image size of job updated: 1621236
	1032  -  MemoryUsage of job (MB)
	1056116  -  ResidentSetSize of job (KB)
...
006 (5415472.250.000) 07/14 20:17:56 Image size of job updated: 1621236
	1032  -  MemoryUsage of job (MB)
	1056124  -  ResidentSetSize of job (KB)
...
006 (5415472.250.000) 07/14 20:47:57 Image size of job updated: 1622144
	1033  -  MemoryUsage of job (MB)
	1057044  -  ResidentSetSize of job (KB)
...
007 (5415472.250.000) 07/14 21:06:05 Shadow exception!
	Assertion ERROR on (result)
	0  -  Run Bytes Sent By Job
	803  -  Run Bytes Received By Job
...
040 (5415472.250.000) 07/14 21:26:43 Started transferring input files
	Transferring to host: <128.142.193.236:9618?addrs=128.142.193.236-9618+[2001-1458-301-cc--100-163]-9618&alias=b7g52n7380.cern.ch&noUDP&sock=slot1_1_9992_048f_117023>
...
040 (5415472.250.000) 07/14 21:26:58 Finished transferring input files
...
001 (5415472.250.000) 07/14 21:27:17 Job executing on host: <128.142.193.236:9618?addrs=128.142.193.236-9618+[2001-1458-301-cc--100-163]-9618&alias=b7g52n7380.cern.ch&noUDP&sock=startd_18442_41ac>
...
040 (5415472.250.000) 07/19 15:20:49 Started transferring output files
...
040 (5415472.250.000) 07/19 15:20:49 Finished transferring output files
...
004 (5415472.250.000) 07/19 15:20:49 Job was evicted.
	(0) CPU times
		Usr 13 10:04:59, Sys 0 00:05:21  -  Run Remote Usage
		Usr 0 00:00:00, Sys 0 00:00:00  -  Run Local Usage
	96417  -  Run Bytes Sent By Job
	803  -  Run Bytes Received By Job
	Partitionable Resources :    Usage  Request Allocated 
	   Cpus                 :     2.86        4         4 
	   Disk (KB)            :   122    10485760  10832186 
	   Memory (MB)          :  1221        8000      8000 
...
