000 (5415472.012.000) 07/11 14:02:28 Job submitted from host: <137.138.156.150:9618?addrs=137.138.156.150-9618+[2001-1458-d00-14--9a]-9618&alias=bigbird13.cern.ch&noUDP&sock=schedd_1788_ff6c>
...
040 (5415472.012.000) 07/11 14:03:18 Started transferring input files
	Transferring to host: <128.142.74.173:9618?addrs=128.142.74.173-9618+[2001-1458-301-75--100-12c]-9618&alias=b7s11n9817.cern.ch&noUDP&sock=slot1_12_6130_e3b2_65249>
...
040 (5415472.012.000) 07/11 14:03:18 Finished transferring input files
...
001 (5415472.012.000) 07/11 14:03:19 Job executing on host: <128.142.74.173:9618?addrs=128.142.74.173-9618+[2001-1458-301-75--100-12c]-9618&alias=b7s11n9817.cern.ch&noUDP&sock=startd_4887_a76c>
...
006 (5415472.012.000) 07/11 14:03:28 Image size of job updated: 418188
	48  -  MemoryUsage of job (MB)
	48924  -  ResidentSetSize of job (KB)
...
006 (5415472.012.000) 07/11 14:08:29 Image size of job updated: 1591012
	1004  -  MemoryUsage of job (MB)
	1027452  -  ResidentSetSize of job (KB)
...
006 (5415472.012.000) 07/13 00:47:08 Image size of job updated: 1591996
	1005  -  MemoryUsage of job (MB)
	1028336  -  ResidentSetSize of job (KB)
...
006 (5415472.012.000) 07/13 01:32:12 Image size of job updated: 1592900
	1006  -  MemoryUsage of job (MB)
	1029240  -  ResidentSetSize of job (KB)
...
006 (5415472.012.000) 07/13 02:12:15 Image size of job updated: 1593804
	1006  -  MemoryUsage of job (MB)
	1030144  -  ResidentSetSize of job (KB)
...
006 (5415472.012.000) 07/13 02:57:21 Image size of job updated: 1594712
	1007  -  MemoryUsage of job (MB)
	1031052  -  ResidentSetSize of job (KB)
...
006 (5415472.012.000) 07/13 03:42:24 Image size of job updated: 1595616
	1008  -  MemoryUsage of job (MB)
	1031956  -  ResidentSetSize of job (KB)
...
006 (5415472.012.000) 07/13 04:27:28 Image size of job updated: 1596524
	1009  -  MemoryUsage of job (MB)
	1032864  -  ResidentSetSize of job (KB)
...
006 (5415472.012.000) 07/13 05:12:31 Image size of job updated: 1597428
	1010  -  MemoryUsage of job (MB)
	1033768  -  ResidentSetSize of job (KB)
...
006 (5415472.012.000) 07/13 05:57:37 Image size of job updated: 1598336
	1011  -  MemoryUsage of job (MB)
	1034676  -  ResidentSetSize of job (KB)
...
006 (5415472.012.000) 07/13 06:42:43 Image size of job updated: 1599240
	1012  -  MemoryUsage of job (MB)
	1035580  -  ResidentSetSize of job (KB)
...
006 (5415472.012.000) 07/13 07:27:47 Image size of job updated: 1600144
	1013  -  MemoryUsage of job (MB)
	1036484  -  ResidentSetSize of job (KB)
...
006 (5415472.012.000) 07/13 08:12:53 Image size of job updated: 1601052
	1014  -  MemoryUsage of job (MB)
	1037392  -  ResidentSetSize of job (KB)
...
006 (5415472.012.000) 07/13 08:52:56 Image size of job updated: 1601956
	1014  -  MemoryUsage of job (MB)
	1038296  -  ResidentSetSize of job (KB)
...
006 (5415472.012.000) 07/13 09:38:00 Image size of job updated: 1602864
	1015  -  MemoryUsage of job (MB)
	1039204  -  ResidentSetSize of job (KB)
...
006 (5415472.012.000) 07/13 10:23:04 Image size of job updated: 1603768
	1016  -  MemoryUsage of job (MB)
	1040108  -  ResidentSetSize of job (KB)
...
006 (5415472.012.000) 07/13 11:08:30 Image size of job updated: 1604672
	1017  -  MemoryUsage of job (MB)
	1041012  -  ResidentSetSize of job (KB)
...
006 (5415472.012.000) 07/13 11:55:06 Image size of job updated: 1605580
	1018  -  MemoryUsage of job (MB)
	1041904  -  ResidentSetSize of job (KB)
...
006 (5415472.012.000) 07/13 12:32:15 Image size of job updated: 1606484
	1019  -  MemoryUsage of job (MB)
	1042808  -  ResidentSetSize of job (KB)
...
006 (5415472.012.000) 07/13 13:17:20 Image size of job updated: 1607392
	1020  -  MemoryUsage of job (MB)
	1043712  -  ResidentSetSize of job (KB)
...
006 (5415472.012.000) 07/13 14:02:26 Image size of job updated: 1608296
	1021  -  MemoryUsage of job (MB)
	1044616  -  ResidentSetSize of job (KB)
...
006 (5415472.012.000) 07/13 14:47:29 Image size of job updated: 1609200
	1022  -  MemoryUsage of job (MB)
	1045520  -  ResidentSetSize of job (KB)
...
006 (5415472.012.000) 07/13 15:27:32 Image size of job updated: 1610108
	1022  -  MemoryUsage of job (MB)
	1046428  -  ResidentSetSize of job (KB)
...
006 (5415472.012.000) 07/13 15:52:32 Image size of job updated: 1613180
	1024  -  MemoryUsage of job (MB)
	1047976  -  ResidentSetSize of job (KB)
...
006 (5415472.012.000) 07/13 16:07:34 Image size of job updated: 1613180
	1024  -  MemoryUsage of job (MB)
	1047988  -  ResidentSetSize of job (KB)
...
006 (5415472.012.000) 07/13 16:27:36 Image size of job updated: 1613180
	1024  -  MemoryUsage of job (MB)
	1048000  -  ResidentSetSize of job (KB)
...
006 (5415472.012.000) 07/13 16:52:37 Image size of job updated: 1613180
	1024  -  MemoryUsage of job (MB)
	1048012  -  ResidentSetSize of job (KB)
...
006 (5415472.012.000) 07/13 16:57:37 Image size of job updated: 1614084
	1025  -  MemoryUsage of job (MB)
	1048916  -  ResidentSetSize of job (KB)
...
006 (5415472.012.000) 07/13 17:17:38 Image size of job updated: 1614084
	1025  -  MemoryUsage of job (MB)
	1048928  -  ResidentSetSize of job (KB)
...
006 (5415472.012.000) 07/13 17:37:40 Image size of job updated: 1614084
	1025  -  MemoryUsage of job (MB)
	1048940  -  ResidentSetSize of job (KB)
...
006 (5415472.012.000) 07/13 17:42:41 Image size of job updated: 1614992
	1026  -  MemoryUsage of job (MB)
	1049848  -  ResidentSetSize of job (KB)
...
006 (5415472.012.000) 07/13 18:02:44 Image size of job updated: 1614992
	1026  -  MemoryUsage of job (MB)
	1049860  -  ResidentSetSize of job (KB)
...
006 (5415472.012.000) 07/13 18:27:46 Image size of job updated: 1615896
	1027  -  MemoryUsage of job (MB)
	1050776  -  ResidentSetSize of job (KB)
...
006 (5415472.012.000) 07/13 18:47:47 Image size of job updated: 1615896
	1027  -  MemoryUsage of job (MB)
	1050784  -  ResidentSetSize of job (KB)
...
006 (5415472.012.000) 07/13 19:07:48 Image size of job updated: 1616804
	1028  -  MemoryUsage of job (MB)
	1051692  -  ResidentSetSize of job (KB)
...
006 (5415472.012.000) 07/13 19:12:49 Image size of job updated: 1616804
	1028  -  MemoryUsage of job (MB)
	1051704  -  ResidentSetSize of job (KB)
...
006 (5415472.012.000) 07/13 19:32:52 Image size of job updated: 1616804
	1028  -  MemoryUsage of job (MB)
	1051716  -  ResidentSetSize of job (KB)
...
006 (5415472.012.000) 07/13 19:52:54 Image size of job updated: 1617708
	1028  -  MemoryUsage of job (MB)
	1052620  -  ResidentSetSize of job (KB)
...
006 (5415472.012.000) 07/13 19:57:55 Image size of job updated: 1617708
	1028  -  MemoryUsage of job (MB)
	1052632  -  ResidentSetSize of job (KB)
...
006 (5415472.012.000) 07/13 20:38:01 Image size of job updated: 1618612
	1029  -  MemoryUsage of job (MB)
	1053464  -  ResidentSetSize of job (KB)
...
006 (5415472.012.000) 07/13 20:43:01 Image size of job updated: 1618612
	1029  -  MemoryUsage of job (MB)
	1053476  -  ResidentSetSize of job (KB)
...
006 (5415472.012.000) 07/13 21:18:06 Image size of job updated: 1619520
	1030  -  MemoryUsage of job (MB)
	1054236  -  ResidentSetSize of job (KB)
...
006 (5415472.012.000) 07/13 21:28:07 Image size of job updated: 1619520
	1030  -  MemoryUsage of job (MB)
	1054248  -  ResidentSetSize of job (KB)
...
006 (5415472.012.000) 07/13 22:03:10 Image size of job updated: 1620424
	1031  -  MemoryUsage of job (MB)
	1055060  -  ResidentSetSize of job (KB)
...
006 (5415472.012.000) 07/13 22:48:16 Image size of job updated: 1621332
	1032  -  MemoryUsage of job (MB)
	1055964  -  ResidentSetSize of job (KB)
...
006 (5415472.012.000) 07/13 23:03:17 Image size of job updated: 1621332
	1032  -  MemoryUsage of job (MB)
	1055976  -  ResidentSetSize of job (KB)
...
006 (5415472.012.000) 07/13 23:23:19 Image size of job updated: 1621332
	1032  -  MemoryUsage of job (MB)
	1055984  -  ResidentSetSize of job (KB)
...
006 (5415472.012.000) 07/13 23:28:20 Image size of job updated: 1622236
	1033  -  MemoryUsage of job (MB)
	1056892  -  ResidentSetSize of job (KB)
...
006 (5415472.012.000) 07/13 23:48:23 Image size of job updated: 1622236
	1033  -  MemoryUsage of job (MB)
	1056904  -  ResidentSetSize of job (KB)
...
006 (5415472.012.000) 07/14 00:13:26 Image size of job updated: 1623140
	1034  -  MemoryUsage of job (MB)
	1057820  -  ResidentSetSize of job (KB)
...
006 (5415472.012.000) 07/14 00:33:30 Image size of job updated: 1623140
	1034  -  MemoryUsage of job (MB)
	1057832  -  ResidentSetSize of job (KB)
...
006 (5415472.012.000) 07/14 00:58:31 Image size of job updated: 1624048
	1034  -  MemoryUsage of job (MB)
	1058724  -  ResidentSetSize of job (KB)
...
006 (5415472.012.000) 07/14 01:23:34 Image size of job updated: 1624048
	1034  -  MemoryUsage of job (MB)
	1058736  -  ResidentSetSize of job (KB)
...
006 (5415472.012.000) 07/14 01:38:36 Image size of job updated: 1624952
	1035  -  MemoryUsage of job (MB)
	1059640  -  ResidentSetSize of job (KB)
...
006 (5415472.012.000) 07/14 01:43:36 Image size of job updated: 1624952
	1035  -  MemoryUsage of job (MB)
	1059652  -  ResidentSetSize of job (KB)
...
006 (5415472.012.000) 07/14 02:23:41 Image size of job updated: 1625860
	1036  -  MemoryUsage of job (MB)
	1060372  -  ResidentSetSize of job (KB)
...
006 (5415472.012.000) 07/14 03:03:44 Image size of job updated: 1630388
	1040  -  MemoryUsage of job (MB)
	1064752  -  ResidentSetSize of job (KB)
...
006 (5415472.012.000) 07/14 03:13:45 Image size of job updated: 1630388
	1040  -  MemoryUsage of job (MB)
	1064764  -  ResidentSetSize of job (KB)
...
006 (5415472.012.000) 07/14 03:38:47 Image size of job updated: 1630388
	1040  -  MemoryUsage of job (MB)
	1064776  -  ResidentSetSize of job (KB)
...
006 (5415472.012.000) 07/14 03:58:51 Image size of job updated: 1630388
	1040  -  MemoryUsage of job (MB)
	1064788  -  ResidentSetSize of job (KB)
...
006 (5415472.012.000) 07/14 04:23:53 Image size of job updated: 1630388
	1040  -  MemoryUsage of job (MB)
	1064800  -  ResidentSetSize of job (KB)
...
006 (5415472.012.000) 07/14 04:43:56 Image size of job updated: 1630388
	1040  -  MemoryUsage of job (MB)
	1064812  -  ResidentSetSize of job (KB)
...
006 (5415472.012.000) 07/14 05:08:58 Image size of job updated: 1630388
	1040  -  MemoryUsage of job (MB)
	1064824  -  ResidentSetSize of job (KB)
...
006 (5415472.012.000) 07/14 05:28:59 Image size of job updated: 1630388
	1040  -  MemoryUsage of job (MB)
	1064836  -  ResidentSetSize of job (KB)
...
006 (5415472.012.000) 07/14 05:54:02 Image size of job updated: 1630388
	1040  -  MemoryUsage of job (MB)
	1064848  -  ResidentSetSize of job (KB)
...
006 (5415472.012.000) 07/14 06:14:05 Image size of job updated: 1630388
	1040  -  MemoryUsage of job (MB)
	1064860  -  ResidentSetSize of job (KB)
...
006 (5415472.012.000) 07/14 06:39:06 Image size of job updated: 1630388
	1040  -  MemoryUsage of job (MB)
	1064872  -  ResidentSetSize of job (KB)
...
006 (5415472.012.000) 07/14 07:04:08 Image size of job updated: 1630388
	1040  -  MemoryUsage of job (MB)
	1064884  -  ResidentSetSize of job (KB)
...
006 (5415472.012.000) 07/14 07:24:11 Image size of job updated: 1630388
	1040  -  MemoryUsage of job (MB)
	1064896  -  ResidentSetSize of job (KB)
...
006 (5415472.012.000) 07/14 07:49:12 Image size of job updated: 1630388
	1040  -  MemoryUsage of job (MB)
	1064908  -  ResidentSetSize of job (KB)
...
006 (5415472.012.000) 07/14 08:14:15 Image size of job updated: 1630388
	1040  -  MemoryUsage of job (MB)
	1064920  -  ResidentSetSize of job (KB)
...
006 (5415472.012.000) 07/14 08:34:16 Image size of job updated: 1630388
	1040  -  MemoryUsage of job (MB)
	1064932  -  ResidentSetSize of job (KB)
...
006 (5415472.012.000) 07/14 08:59:18 Image size of job updated: 1630388
	1040  -  MemoryUsage of job (MB)
	1064944  -  ResidentSetSize of job (KB)
...
006 (5415472.012.000) 07/14 09:19:19 Image size of job updated: 1630388
	1040  -  MemoryUsage of job (MB)
	1064956  -  ResidentSetSize of job (KB)
...
006 (5415472.012.000) 07/14 09:44:21 Image size of job updated: 1630388
	1041  -  MemoryUsage of job (MB)
	1064968  -  ResidentSetSize of job (KB)
...
006 (5415472.012.000) 07/14 10:04:23 Image size of job updated: 1630388
	1041  -  MemoryUsage of job (MB)
	1064980  -  ResidentSetSize of job (KB)
...
006 (5415472.012.000) 07/14 10:29:25 Image size of job updated: 1630388
	1041  -  MemoryUsage of job (MB)
	1064992  -  ResidentSetSize of job (KB)
...
006 (5415472.012.000) 07/14 10:49:26 Image size of job updated: 1630388
	1041  -  MemoryUsage of job (MB)
	1065004  -  ResidentSetSize of job (KB)
...
006 (5415472.012.000) 07/14 11:14:27 Image size of job updated: 1630388
	1041  -  MemoryUsage of job (MB)
	1065016  -  ResidentSetSize of job (KB)
...
006 (5415472.012.000) 07/14 11:34:29 Image size of job updated: 1630388
	1041  -  MemoryUsage of job (MB)
	1065020  -  ResidentSetSize of job (KB)
...
006 (5415472.012.000) 07/14 11:39:30 Image size of job updated: 1630388
	1041  -  MemoryUsage of job (MB)
	1065028  -  ResidentSetSize of job (KB)
...
006 (5415472.012.000) 07/14 11:59:32 Image size of job updated: 1630388
	1041  -  MemoryUsage of job (MB)
	1065040  -  ResidentSetSize of job (KB)
...
006 (5415472.012.000) 07/14 12:24:37 Image size of job updated: 1630388
	1041  -  MemoryUsage of job (MB)
	1065052  -  ResidentSetSize of job (KB)
...
006 (5415472.012.000) 07/14 12:44:40 Image size of job updated: 1630388
	1041  -  MemoryUsage of job (MB)
	1065064  -  ResidentSetSize of job (KB)
...
006 (5415472.012.000) 07/14 13:09:42 Image size of job updated: 1630388
	1041  -  MemoryUsage of job (MB)
	1065076  -  ResidentSetSize of job (KB)
...
006 (5415472.012.000) 07/14 13:29:43 Image size of job updated: 1630388
	1041  -  MemoryUsage of job (MB)
	1065088  -  ResidentSetSize of job (KB)
...
006 (5415472.012.000) 07/15 17:44:47 Image size of job updated: 1634484
	1041  -  MemoryUsage of job (MB)
	1065088  -  ResidentSetSize of job (KB)
...
040 (5415472.012.000) 07/15 18:20:33 Started transferring output files
...
040 (5415472.012.000) 07/15 18:20:35 Finished transferring output files
...
004 (5415472.012.000) 07/15 18:20:35 Job was evicted.
	(0) CPU times
		Usr 12 18:04:28, Sys 0 00:02:11  -  Run Remote Usage
		Usr 0 00:00:00, Sys 0 00:00:00  -  Run Local Usage
	96193  -  Run Bytes Sent By Job
	803  -  Run Bytes Received By Job
	Partitionable Resources :    Usage  Request Allocated 
	   Cpus                 :     3.07        4         4 
	   Disk (KB)            :   120    10485760  10727537 
	   Memory (MB)          :  1041        8000      8000 
...
040 (5415472.012.000) 07/15 20:05:42 Started transferring input files
	Transferring to host: <128.142.68.65:9618?addrs=128.142.68.65-9618+[2001-1458-301-52--100-67f]-9618&alias=b7s10n8187.cern.ch&noUDP&sock=slot1_8_21267_467a_53189>
...
040 (5415472.012.000) 07/15 20:05:42 Finished transferring input files
...
001 (5415472.012.000) 07/15 20:05:43 Job executing on host: <128.142.68.65:9618?addrs=128.142.68.65-9618+[2001-1458-301-52--100-67f]-9618&alias=b7s10n8187.cern.ch&noUDP&sock=startd_2446_54be>
...
