000 (5415472.044.000) 07/11 14:02:28 Job submitted from host: <137.138.156.150:9618?addrs=137.138.156.150-9618+[2001-1458-d00-14--9a]-9618&alias=bigbird13.cern.ch&noUDP&sock=schedd_1788_ff6c>
...
040 (5415472.044.000) 07/11 14:03:30 Started transferring input files
	Transferring to host: <128.142.57.41:9618?addrs=128.142.57.41-9618+[2001-1458-301-7--100-28]-9618&alias=b7s02p5399.cern.ch&noUDP&sock=slot1_11_6733_c1eb_6528>
...
040 (5415472.044.000) 07/11 14:03:30 Finished transferring input files
...
001 (5415472.044.000) 07/11 14:03:31 Job executing on host: <128.142.57.41:9618?addrs=128.142.57.41-9618+[2001-1458-301-7--100-28]-9618&alias=b7s02p5399.cern.ch&noUDP&sock=startd_6266_8885>
...
006 (5415472.044.000) 07/11 14:03:40 Image size of job updated: 108140
	47  -  MemoryUsage of job (MB)
	47152  -  ResidentSetSize of job (KB)
...
006 (5415472.044.000) 07/11 14:08:41 Image size of job updated: 1590924
	1004  -  MemoryUsage of job (MB)
	1027364  -  ResidentSetSize of job (KB)
...
006 (5415472.044.000) 07/11 20:14:14 Image size of job updated: 1590924
	1005  -  MemoryUsage of job (MB)
	1028872  -  ResidentSetSize of job (KB)
...
006 (5415472.044.000) 07/12 22:26:49 Image size of job updated: 1591908
	1006  -  MemoryUsage of job (MB)
	1029716  -  ResidentSetSize of job (KB)
...
006 (5415472.044.000) 07/12 23:06:54 Image size of job updated: 1592812
	1007  -  MemoryUsage of job (MB)
	1030620  -  ResidentSetSize of job (KB)
...
006 (5415472.044.000) 07/12 23:47:00 Image size of job updated: 1593720
	1008  -  MemoryUsage of job (MB)
	1031528  -  ResidentSetSize of job (KB)
...
006 (5415472.044.000) 07/13 00:32:05 Image size of job updated: 1594624
	1009  -  MemoryUsage of job (MB)
	1032432  -  ResidentSetSize of job (KB)
...
006 (5415472.044.000) 07/13 01:12:11 Image size of job updated: 1595528
	1010  -  MemoryUsage of job (MB)
	1033336  -  ResidentSetSize of job (KB)
...
006 (5415472.044.000) 07/13 01:52:16 Image size of job updated: 1596436
	1011  -  MemoryUsage of job (MB)
	1034244  -  ResidentSetSize of job (KB)
...
006 (5415472.044.000) 07/13 02:32:20 Image size of job updated: 1597340
	1011  -  MemoryUsage of job (MB)
	1035148  -  ResidentSetSize of job (KB)
...
006 (5415472.044.000) 07/13 03:12:22 Image size of job updated: 1598248
	1012  -  MemoryUsage of job (MB)
	1036056  -  ResidentSetSize of job (KB)
...
006 (5415472.044.000) 07/13 03:57:25 Image size of job updated: 1599152
	1013  -  MemoryUsage of job (MB)
	1036960  -  ResidentSetSize of job (KB)
...
006 (5415472.044.000) 07/13 04:42:28 Image size of job updated: 1600056
	1014  -  MemoryUsage of job (MB)
	1037864  -  ResidentSetSize of job (KB)
...
006 (5415472.044.000) 07/13 05:27:33 Image size of job updated: 1600964
	1015  -  MemoryUsage of job (MB)
	1038772  -  ResidentSetSize of job (KB)
...
006 (5415472.044.000) 07/13 06:07:38 Image size of job updated: 1601868
	1016  -  MemoryUsage of job (MB)
	1039676  -  ResidentSetSize of job (KB)
...
006 (5415472.044.000) 07/13 06:47:43 Image size of job updated: 1602776
	1017  -  MemoryUsage of job (MB)
	1040584  -  ResidentSetSize of job (KB)
...
006 (5415472.044.000) 07/13 07:32:48 Image size of job updated: 1603680
	1018  -  MemoryUsage of job (MB)
	1041488  -  ResidentSetSize of job (KB)
...
006 (5415472.044.000) 07/13 08:17:54 Image size of job updated: 1603680
	1018  -  MemoryUsage of job (MB)
	1042392  -  ResidentSetSize of job (KB)
...
006 (5415472.044.000) 07/13 08:22:54 Image size of job updated: 1604584
	1018  -  MemoryUsage of job (MB)
	1042392  -  ResidentSetSize of job (KB)
...
006 (5415472.044.000) 07/13 09:03:00 Image size of job updated: 1605492
	1019  -  MemoryUsage of job (MB)
	1043300  -  ResidentSetSize of job (KB)
...
006 (5415472.044.000) 07/13 09:48:02 Image size of job updated: 1606396
	1020  -  MemoryUsage of job (MB)
	1044204  -  ResidentSetSize of job (KB)
...
006 (5415472.044.000) 07/13 10:33:06 Image size of job updated: 1607304
	1021  -  MemoryUsage of job (MB)
	1045112  -  ResidentSetSize of job (KB)
...
006 (5415472.044.000) 07/13 11:18:34 Image size of job updated: 1608208
	1022  -  MemoryUsage of job (MB)
	1046016  -  ResidentSetSize of job (KB)
...
006 (5415472.044.000) 07/13 12:02:11 Image size of job updated: 1609116
	1023  -  MemoryUsage of job (MB)
	1046924  -  ResidentSetSize of job (KB)
...
006 (5415472.044.000) 07/13 12:42:16 Image size of job updated: 1610020
	1024  -  MemoryUsage of job (MB)
	1047828  -  ResidentSetSize of job (KB)
...
006 (5415472.044.000) 07/13 13:02:19 Image size of job updated: 1613092
	1025  -  MemoryUsage of job (MB)
	1049376  -  ResidentSetSize of job (KB)
...
006 (5415472.044.000) 07/13 13:17:21 Image size of job updated: 1613092
	1025  -  MemoryUsage of job (MB)
	1049388  -  ResidentSetSize of job (KB)
...
006 (5415472.044.000) 07/13 13:37:24 Image size of job updated: 1613092
	1025  -  MemoryUsage of job (MB)
	1049400  -  ResidentSetSize of job (KB)
...
006 (5415472.044.000) 07/13 13:57:25 Image size of job updated: 1613092
	1025  -  MemoryUsage of job (MB)
	1049408  -  ResidentSetSize of job (KB)
...
006 (5415472.044.000) 07/13 14:02:25 Image size of job updated: 1613092
	1025  -  MemoryUsage of job (MB)
	1049412  -  ResidentSetSize of job (KB)
...
006 (5415472.044.000) 07/13 14:07:26 Image size of job updated: 1613996
	1026  -  MemoryUsage of job (MB)
	1050316  -  ResidentSetSize of job (KB)
...
006 (5415472.044.000) 07/13 14:22:30 Image size of job updated: 1613996
	1026  -  MemoryUsage of job (MB)
	1050328  -  ResidentSetSize of job (KB)
...
006 (5415472.044.000) 07/13 14:42:31 Image size of job updated: 1613996
	1026  -  MemoryUsage of job (MB)
	1050340  -  ResidentSetSize of job (KB)
...
006 (5415472.044.000) 07/13 14:47:32 Image size of job updated: 1614904
	1027  -  MemoryUsage of job (MB)
	1051248  -  ResidentSetSize of job (KB)
...
006 (5415472.044.000) 07/13 15:02:33 Image size of job updated: 1614904
	1027  -  MemoryUsage of job (MB)
	1051260  -  ResidentSetSize of job (KB)
...
006 (5415472.044.000) 07/13 15:22:35 Image size of job updated: 1614904
	1027  -  MemoryUsage of job (MB)
	1051272  -  ResidentSetSize of job (KB)
...
006 (5415472.044.000) 07/13 15:27:35 Image size of job updated: 1615808
	1028  -  MemoryUsage of job (MB)
	1052176  -  ResidentSetSize of job (KB)
...
006 (5415472.044.000) 07/13 15:42:37 Image size of job updated: 1615808
	1028  -  MemoryUsage of job (MB)
	1052188  -  ResidentSetSize of job (KB)
...
006 (5415472.044.000) 07/13 16:02:40 Image size of job updated: 1616716
	1029  -  MemoryUsage of job (MB)
	1053096  -  ResidentSetSize of job (KB)
...
006 (5415472.044.000) 07/13 16:07:40 Image size of job updated: 1616716
	1029  -  MemoryUsage of job (MB)
	1053108  -  ResidentSetSize of job (KB)
...
006 (5415472.044.000) 07/13 16:27:43 Image size of job updated: 1616716
	1029  -  MemoryUsage of job (MB)
	1053120  -  ResidentSetSize of job (KB)
...
006 (5415472.044.000) 07/13 16:47:45 Image size of job updated: 1617620
	1030  -  MemoryUsage of job (MB)
	1054024  -  ResidentSetSize of job (KB)
...
006 (5415472.044.000) 07/13 16:52:46 Image size of job updated: 1617620
	1030  -  MemoryUsage of job (MB)
	1054036  -  ResidentSetSize of job (KB)
...
006 (5415472.044.000) 07/13 17:12:47 Image size of job updated: 1617620
	1030  -  MemoryUsage of job (MB)
	1054048  -  ResidentSetSize of job (KB)
...
006 (5415472.044.000) 07/13 17:27:49 Image size of job updated: 1618524
	1031  -  MemoryUsage of job (MB)
	1054952  -  ResidentSetSize of job (KB)
...
006 (5415472.044.000) 07/13 17:37:50 Image size of job updated: 1618524
	1031  -  MemoryUsage of job (MB)
	1054964  -  ResidentSetSize of job (KB)
...
006 (5415472.044.000) 07/13 17:57:52 Image size of job updated: 1618524
	1031  -  MemoryUsage of job (MB)
	1054976  -  ResidentSetSize of job (KB)
...
006 (5415472.044.000) 07/13 18:12:53 Image size of job updated: 1619432
	1032  -  MemoryUsage of job (MB)
	1055884  -  ResidentSetSize of job (KB)
...
006 (5415472.044.000) 07/13 18:22:54 Image size of job updated: 1619432
	1032  -  MemoryUsage of job (MB)
	1055896  -  ResidentSetSize of job (KB)
...
006 (5415472.044.000) 07/13 18:47:57 Image size of job updated: 1619432
	1032  -  MemoryUsage of job (MB)
	1055908  -  ResidentSetSize of job (KB)
...
006 (5415472.044.000) 07/13 18:57:58 Image size of job updated: 1620336
	1033  -  MemoryUsage of job (MB)
	1056812  -  ResidentSetSize of job (KB)
...
006 (5415472.044.000) 07/13 19:13:00 Image size of job updated: 1620336
	1033  -  MemoryUsage of job (MB)
	1056824  -  ResidentSetSize of job (KB)
...
006 (5415472.044.000) 07/13 19:33:01 Image size of job updated: 1620336
	1033  -  MemoryUsage of job (MB)
	1056836  -  ResidentSetSize of job (KB)
...
006 (5415472.044.000) 07/13 19:43:02 Image size of job updated: 1621244
	1033  -  MemoryUsage of job (MB)
	1057744  -  ResidentSetSize of job (KB)
...
006 (5415472.044.000) 07/13 19:58:03 Image size of job updated: 1621244
	1033  -  MemoryUsage of job (MB)
	1057756  -  ResidentSetSize of job (KB)
...
006 (5415472.044.000) 07/13 20:18:05 Image size of job updated: 1621244
	1033  -  MemoryUsage of job (MB)
	1057768  -  ResidentSetSize of job (KB)
...
006 (5415472.044.000) 07/13 20:23:05 Image size of job updated: 1622148
	1034  -  MemoryUsage of job (MB)
	1058672  -  ResidentSetSize of job (KB)
...
006 (5415472.044.000) 07/13 20:38:07 Image size of job updated: 1622148
	1034  -  MemoryUsage of job (MB)
	1058684  -  ResidentSetSize of job (KB)
...
006 (5415472.044.000) 07/13 21:03:09 Image size of job updated: 1623052
	1035  -  MemoryUsage of job (MB)
	1059600  -  ResidentSetSize of job (KB)
...
006 (5415472.044.000) 07/13 21:23:11 Image size of job updated: 1623052
	1035  -  MemoryUsage of job (MB)
	1059612  -  ResidentSetSize of job (KB)
...
006 (5415472.044.000) 07/13 21:48:16 Image size of job updated: 1623960
	1036  -  MemoryUsage of job (MB)
	1060532  -  ResidentSetSize of job (KB)
...
006 (5415472.044.000) 07/13 22:08:18 Image size of job updated: 1623960
	1036  -  MemoryUsage of job (MB)
	1060544  -  ResidentSetSize of job (KB)
...
006 (5415472.044.000) 07/13 22:28:21 Image size of job updated: 1624864
	1037  -  MemoryUsage of job (MB)
	1061448  -  ResidentSetSize of job (KB)
...
006 (5415472.044.000) 07/13 22:33:21 Image size of job updated: 1624864
	1037  -  MemoryUsage of job (MB)
	1061460  -  ResidentSetSize of job (KB)
...
006 (5415472.044.000) 07/13 22:58:24 Image size of job updated: 1624864
	1037  -  MemoryUsage of job (MB)
	1061472  -  ResidentSetSize of job (KB)
...
006 (5415472.044.000) 07/13 23:13:24 Image size of job updated: 1625772
	1038  -  MemoryUsage of job (MB)
	1062380  -  ResidentSetSize of job (KB)
...
006 (5415472.044.000) 07/13 23:18:26 Image size of job updated: 1625772
	1038  -  MemoryUsage of job (MB)
	1062392  -  ResidentSetSize of job (KB)
...
006 (5415472.044.000) 07/13 23:38:28 Image size of job updated: 1625772
	1038  -  MemoryUsage of job (MB)
	1062404  -  ResidentSetSize of job (KB)
...
006 (5415472.044.000) 07/13 23:53:30 Image size of job updated: 1626676
	1039  -  MemoryUsage of job (MB)
	1063308  -  ResidentSetSize of job (KB)
...
006 (5415472.044.000) 07/14 00:03:30 Image size of job updated: 1626676
	1039  -  MemoryUsage of job (MB)
	1063320  -  ResidentSetSize of job (KB)
...
006 (5415472.044.000) 07/14 00:28:35 Image size of job updated: 1626676
	1039  -  MemoryUsage of job (MB)
	1063332  -  ResidentSetSize of job (KB)
...
006 (5415472.044.000) 07/14 00:38:36 Image size of job updated: 1627584
	1040  -  MemoryUsage of job (MB)
	1064240  -  ResidentSetSize of job (KB)
...
006 (5415472.044.000) 07/14 00:48:38 Image size of job updated: 1627584
	1040  -  MemoryUsage of job (MB)
	1064252  -  ResidentSetSize of job (KB)
...
006 (5415472.044.000) 07/14 01:18:38 Image size of job updated: 1627584
	1040  -  MemoryUsage of job (MB)
	1064264  -  ResidentSetSize of job (KB)
...
006 (5415472.044.000) 07/14 01:28:38 Image size of job updated: 1628488
	1041  -  MemoryUsage of job (MB)
	1065168  -  ResidentSetSize of job (KB)
...
006 (5415472.044.000) 07/14 01:38:39 Image size of job updated: 1628488
	1041  -  MemoryUsage of job (MB)
	1065180  -  ResidentSetSize of job (KB)
...
006 (5415472.044.000) 07/14 02:03:42 Image size of job updated: 1628488
	1041  -  MemoryUsage of job (MB)
	1065192  -  ResidentSetSize of job (KB)
...
006 (5415472.044.000) 07/14 02:13:43 Image size of job updated: 1629392
	1042  -  MemoryUsage of job (MB)
	1066096  -  ResidentSetSize of job (KB)
...
006 (5415472.044.000) 07/14 02:28:44 Image size of job updated: 1629392
	1042  -  MemoryUsage of job (MB)
	1066108  -  ResidentSetSize of job (KB)
...
006 (5415472.044.000) 07/14 02:48:44 Image size of job updated: 1629392
	1042  -  MemoryUsage of job (MB)
	1066120  -  ResidentSetSize of job (KB)
...
006 (5415472.044.000) 07/14 02:53:44 Image size of job updated: 1630300
	1043  -  MemoryUsage of job (MB)
	1067028  -  ResidentSetSize of job (KB)
...
006 (5415472.044.000) 07/14 03:13:46 Image size of job updated: 1630300
	1043  -  MemoryUsage of job (MB)
	1067040  -  ResidentSetSize of job (KB)
...
006 (5415472.044.000) 07/14 03:33:49 Image size of job updated: 1630300
	1043  -  MemoryUsage of job (MB)
	1067052  -  ResidentSetSize of job (KB)
...
006 (5415472.044.000) 07/14 03:38:49 Image size of job updated: 1631204
	1043  -  MemoryUsage of job (MB)
	1067956  -  ResidentSetSize of job (KB)
...
006 (5415472.044.000) 07/14 03:58:51 Image size of job updated: 1631204
	1043  -  MemoryUsage of job (MB)
	1067968  -  ResidentSetSize of job (KB)
...
006 (5415472.044.000) 07/14 04:18:54 Image size of job updated: 1632112
	1044  -  MemoryUsage of job (MB)
	1068888  -  ResidentSetSize of job (KB)
...
006 (5415472.044.000) 07/14 04:43:55 Image size of job updated: 1632112
	1044  -  MemoryUsage of job (MB)
	1068900  -  ResidentSetSize of job (KB)
...
006 (5415472.044.000) 07/14 05:03:58 Image size of job updated: 1633016
	1045  -  MemoryUsage of job (MB)
	1069804  -  ResidentSetSize of job (KB)
...
006 (5415472.044.000) 07/14 05:08:58 Image size of job updated: 1633016
	1045  -  MemoryUsage of job (MB)
	1069816  -  ResidentSetSize of job (KB)
...
006 (5415472.044.000) 07/14 05:34:00 Image size of job updated: 1633016
	1045  -  MemoryUsage of job (MB)
	1069828  -  ResidentSetSize of job (KB)
...
006 (5415472.044.000) 07/14 05:54:00 Image size of job updated: 1633920
	1046  -  MemoryUsage of job (MB)
	1070732  -  ResidentSetSize of job (KB)
...
006 (5415472.044.000) 07/14 05:59:01 Image size of job updated: 1633920
	1046  -  MemoryUsage of job (MB)
	1070744  -  ResidentSetSize of job (KB)
...
006 (5415472.044.000) 07/14 06:24:03 Image size of job updated: 1633920
	1046  -  MemoryUsage of job (MB)
	1070756  -  ResidentSetSize of job (KB)
...
006 (5415472.044.000) 07/14 06:39:04 Image size of job updated: 1634828
	1047  -  MemoryUsage of job (MB)
	1071664  -  ResidentSetSize of job (KB)
...
006 (5415472.044.000) 07/14 06:49:05 Image size of job updated: 1634828
	1047  -  MemoryUsage of job (MB)
	1071676  -  ResidentSetSize of job (KB)
...
006 (5415472.044.000) 07/14 07:14:06 Image size of job updated: 1634828
	1047  -  MemoryUsage of job (MB)
	1071688  -  ResidentSetSize of job (KB)
...
006 (5415472.044.000) 07/14 07:29:07 Image size of job updated: 1635732
	1048  -  MemoryUsage of job (MB)
	1072592  -  ResidentSetSize of job (KB)
...
006 (5415472.044.000) 07/14 07:39:08 Image size of job updated: 1635732
	1048  -  MemoryUsage of job (MB)
	1072604  -  ResidentSetSize of job (KB)
...
006 (5415472.044.000) 07/14 08:04:11 Image size of job updated: 1635732
	1048  -  MemoryUsage of job (MB)
	1072616  -  ResidentSetSize of job (KB)
...
006 (5415472.044.000) 07/14 08:14:11 Image size of job updated: 1636640
	1049  -  MemoryUsage of job (MB)
	1073524  -  ResidentSetSize of job (KB)
...
006 (5415472.044.000) 07/14 08:29:13 Image size of job updated: 1636640
	1049  -  MemoryUsage of job (MB)
	1073536  -  ResidentSetSize of job (KB)
...
006 (5415472.044.000) 07/14 08:49:13 Image size of job updated: 1636640
	1049  -  MemoryUsage of job (MB)
	1073548  -  ResidentSetSize of job (KB)
...
006 (5415472.044.000) 07/14 08:59:14 Image size of job updated: 1641168
	1053  -  MemoryUsage of job (MB)
	1078076  -  ResidentSetSize of job (KB)
...
006 (5415472.044.000) 07/14 09:14:16 Image size of job updated: 1641168
	1053  -  MemoryUsage of job (MB)
	1078088  -  ResidentSetSize of job (KB)
...
006 (5415472.044.000) 07/14 09:34:18 Image size of job updated: 1641168
	1053  -  MemoryUsage of job (MB)
	1078100  -  ResidentSetSize of job (KB)
...
006 (5415472.044.000) 07/14 09:59:21 Image size of job updated: 1641168
	1053  -  MemoryUsage of job (MB)
	1078112  -  ResidentSetSize of job (KB)
...
006 (5415472.044.000) 07/14 10:19:25 Image size of job updated: 1641168
	1053  -  MemoryUsage of job (MB)
	1078124  -  ResidentSetSize of job (KB)
...
006 (5415472.044.000) 07/14 10:39:26 Image size of job updated: 1641168
	1053  -  MemoryUsage of job (MB)
	1078136  -  ResidentSetSize of job (KB)
...
006 (5415472.044.000) 07/14 10:59:27 Image size of job updated: 1641168
	1053  -  MemoryUsage of job (MB)
	1078148  -  ResidentSetSize of job (KB)
...
006 (5415472.044.000) 07/14 11:24:31 Image size of job updated: 1641168
	1053  -  MemoryUsage of job (MB)
	1078160  -  ResidentSetSize of job (KB)
...
006 (5415472.044.000) 07/14 11:44:33 Image size of job updated: 1641168
	1053  -  MemoryUsage of job (MB)
	1078172  -  ResidentSetSize of job (KB)
...
007 (5415472.044.000) 07/14 21:07:44 Shadow exception!
	Assertion ERROR on (result)
	0  -  Run Bytes Sent By Job
	803  -  Run Bytes Received By Job
...
040 (5415472.044.000) 07/14 21:21:21 Started transferring input files
	Transferring to host: <128.142.72.208:9618?addrs=128.142.72.208-9618+[2001-1458-301-75--100-109]-9618&alias=b7s11n4875.cern.ch&noUDP&sock=slot1_2_6016_90ee_57749>
...
040 (5415472.044.000) 07/14 21:21:21 Finished transferring input files
...
001 (5415472.044.000) 07/14 21:21:22 Job executing on host: <128.142.72.208:9618?addrs=128.142.72.208-9618+[2001-1458-301-75--100-109]-9618&alias=b7s11n4875.cern.ch&noUDP&sock=startd_4902_f157>
...
040 (5415472.044.000) 07/21 10:01:57 Started transferring output files
...
040 (5415472.044.000) 07/21 10:01:57 Finished transferring output files
...
004 (5415472.044.000) 07/21 10:01:57 Job was evicted.
	(0) CPU times
		Usr 18 16:55:20, Sys 0 00:06:17  -  Run Remote Usage
		Usr 0 00:00:00, Sys 0 00:00:00  -  Run Local Usage
	96420  -  Run Bytes Sent By Job
	803  -  Run Bytes Received By Job
	Partitionable Resources :    Usage  Request Allocated 
	   Cpus                 :     2.91        4         4 
	   Disk (KB)            :   122    10485760  10875685 
	   Memory (MB)          :  1221        8000      8000 
...
