000 (5415472.148.000) 07/11 14:02:29 Job submitted from host: <137.138.156.150:9618?addrs=137.138.156.150-9618+[2001-1458-d00-14--9a]-9618&alias=bigbird13.cern.ch&noUDP&sock=schedd_1788_ff6c>
...
040 (5415472.148.000) 07/11 14:15:34 Started transferring input files
	Transferring to host: <128.142.80.122:9618?addrs=128.142.80.122-9618+[2001-1458-301-f5--100-534]-9618&alias=b7s13n8387.cern.ch&noUDP&sock=slot1_2_19451_bd30_108494>
...
040 (5415472.148.000) 07/11 14:15:34 Finished transferring input files
...
001 (5415472.148.000) 07/11 14:15:36 Job executing on host: <128.142.80.122:9618?addrs=128.142.80.122-9618+[2001-1458-301-f5--100-534]-9618&alias=b7s13n8387.cern.ch&noUDP&sock=startd_15268_2812>
...
006 (5415472.148.000) 07/11 14:15:45 Image size of job updated: 536032
	39  -  MemoryUsage of job (MB)
	38916  -  ResidentSetSize of job (KB)
...
006 (5415472.148.000) 07/11 14:20:46 Image size of job updated: 1591016
	1004  -  MemoryUsage of job (MB)
	1027452  -  ResidentSetSize of job (KB)
...
006 (5415472.148.000) 07/13 15:44:34 Image size of job updated: 1591996
	1005  -  MemoryUsage of job (MB)
	1028224  -  ResidentSetSize of job (KB)
...
006 (5415472.148.000) 07/13 16:49:39 Image size of job updated: 1592904
	1006  -  MemoryUsage of job (MB)
	1029132  -  ResidentSetSize of job (KB)
...
006 (5415472.148.000) 07/13 17:50:38 Image size of job updated: 1593808
	1006  -  MemoryUsage of job (MB)
	1030036  -  ResidentSetSize of job (KB)
...
006 (5415472.148.000) 07/13 18:55:44 Image size of job updated: 1594716
	1007  -  MemoryUsage of job (MB)
	1030944  -  ResidentSetSize of job (KB)
...
006 (5415472.148.000) 07/13 20:05:51 Image size of job updated: 1595620
	1008  -  MemoryUsage of job (MB)
	1031848  -  ResidentSetSize of job (KB)
...
006 (5415472.148.000) 07/13 21:05:58 Image size of job updated: 1596524
	1009  -  MemoryUsage of job (MB)
	1032752  -  ResidentSetSize of job (KB)
...
006 (5415472.148.000) 07/13 22:16:03 Image size of job updated: 1597432
	1010  -  MemoryUsage of job (MB)
	1033660  -  ResidentSetSize of job (KB)
...
006 (5415472.148.000) 07/13 23:26:11 Image size of job updated: 1598336
	1011  -  MemoryUsage of job (MB)
	1034564  -  ResidentSetSize of job (KB)
...
006 (5415472.148.000) 07/14 00:41:17 Image size of job updated: 1599244
	1012  -  MemoryUsage of job (MB)
	1035472  -  ResidentSetSize of job (KB)
...
006 (5415472.148.000) 07/14 01:51:28 Image size of job updated: 1600148
	1013  -  MemoryUsage of job (MB)
	1036376  -  ResidentSetSize of job (KB)
...
006 (5415472.148.000) 07/14 03:01:33 Image size of job updated: 1601052
	1013  -  MemoryUsage of job (MB)
	1037280  -  ResidentSetSize of job (KB)
...
006 (5415472.148.000) 07/14 04:06:40 Image size of job updated: 1601960
	1014  -  MemoryUsage of job (MB)
	1038188  -  ResidentSetSize of job (KB)
...
006 (5415472.148.000) 07/14 05:16:49 Image size of job updated: 1602864
	1015  -  MemoryUsage of job (MB)
	1039040  -  ResidentSetSize of job (KB)
...
006 (5415472.148.000) 07/14 06:21:56 Image size of job updated: 1603772
	1016  -  MemoryUsage of job (MB)
	1039948  -  ResidentSetSize of job (KB)
...
006 (5415472.148.000) 07/14 07:27:00 Image size of job updated: 1604676
	1017  -  MemoryUsage of job (MB)
	1040852  -  ResidentSetSize of job (KB)
...
006 (5415472.148.000) 07/14 08:37:07 Image size of job updated: 1605580
	1018  -  MemoryUsage of job (MB)
	1041756  -  ResidentSetSize of job (KB)
...
006 (5415472.148.000) 07/14 09:42:18 Image size of job updated: 1606488
	1019  -  MemoryUsage of job (MB)
	1042664  -  ResidentSetSize of job (KB)
...
006 (5415472.148.000) 07/14 10:47:22 Image size of job updated: 1606488
	1020  -  MemoryUsage of job (MB)
	1043568  -  ResidentSetSize of job (KB)
...
006 (5415472.148.000) 07/14 10:52:22 Image size of job updated: 1607392
	1020  -  MemoryUsage of job (MB)
	1043568  -  ResidentSetSize of job (KB)
...
006 (5415472.148.000) 07/14 11:57:29 Image size of job updated: 1608300
	1020  -  MemoryUsage of job (MB)
	1044476  -  ResidentSetSize of job (KB)
...
006 (5415472.148.000) 07/14 13:02:35 Image size of job updated: 1609204
	1021  -  MemoryUsage of job (MB)
	1045380  -  ResidentSetSize of job (KB)
...
006 (5415472.148.000) 07/14 14:12:43 Image size of job updated: 1610108
	1022  -  MemoryUsage of job (MB)
	1046284  -  ResidentSetSize of job (KB)
...
006 (5415472.148.000) 07/14 14:47:48 Image size of job updated: 1613180
	1024  -  MemoryUsage of job (MB)
	1047844  -  ResidentSetSize of job (KB)
...
006 (5415472.148.000) 07/14 15:22:51 Image size of job updated: 1613180
	1024  -  MemoryUsage of job (MB)
	1047856  -  ResidentSetSize of job (KB)
...
006 (5415472.148.000) 07/14 15:57:55 Image size of job updated: 1613180
	1024  -  MemoryUsage of job (MB)
	1047868  -  ResidentSetSize of job (KB)
...
006 (5415472.148.000) 07/14 16:22:56 Image size of job updated: 1614088
	1025  -  MemoryUsage of job (MB)
	1048776  -  ResidentSetSize of job (KB)
...
006 (5415472.148.000) 07/14 16:32:56 Image size of job updated: 1614088
	1025  -  MemoryUsage of job (MB)
	1048788  -  ResidentSetSize of job (KB)
...
006 (5415472.148.000) 07/14 17:07:59 Image size of job updated: 1614088
	1025  -  MemoryUsage of job (MB)
	1048800  -  ResidentSetSize of job (KB)
...
006 (5415472.148.000) 07/14 17:28:00 Image size of job updated: 1614992
	1026  -  MemoryUsage of job (MB)
	1049704  -  ResidentSetSize of job (KB)
...
006 (5415472.148.000) 07/14 17:43:01 Image size of job updated: 1614992
	1026  -  MemoryUsage of job (MB)
	1049716  -  ResidentSetSize of job (KB)
...
006 (5415472.148.000) 07/14 18:13:05 Image size of job updated: 1614992
	1026  -  MemoryUsage of job (MB)
	1049728  -  ResidentSetSize of job (KB)
...
006 (5415472.148.000) 07/14 18:33:08 Image size of job updated: 1615900
	1027  -  MemoryUsage of job (MB)
	1050636  -  ResidentSetSize of job (KB)
...
006 (5415472.148.000) 07/14 18:48:11 Image size of job updated: 1615900
	1027  -  MemoryUsage of job (MB)
	1050648  -  ResidentSetSize of job (KB)
...
006 (5415472.148.000) 07/14 19:23:15 Image size of job updated: 1615900
	1027  -  MemoryUsage of job (MB)
	1050660  -  ResidentSetSize of job (KB)
...
006 (5415472.148.000) 07/14 19:38:15 Image size of job updated: 1616804
	1027  -  MemoryUsage of job (MB)
	1051564  -  ResidentSetSize of job (KB)
...
006 (5415472.148.000) 07/14 19:58:16 Image size of job updated: 1616804
	1027  -  MemoryUsage of job (MB)
	1051576  -  ResidentSetSize of job (KB)
...
006 (5415472.148.000) 07/14 20:33:19 Image size of job updated: 1616804
	1027  -  MemoryUsage of job (MB)
	1051588  -  ResidentSetSize of job (KB)
...
006 (5415472.148.000) 07/14 20:43:20 Image size of job updated: 1617712
	1028  -  MemoryUsage of job (MB)
	1052496  -  ResidentSetSize of job (KB)
...
006 (5415472.148.000) 07/14 21:09:32 Image size of job updated: 1617712
	1028  -  MemoryUsage of job (MB)
	1052508  -  ResidentSetSize of job (KB)
...
006 (5415472.148.000) 07/14 21:39:35 Image size of job updated: 1617712
	1028  -  MemoryUsage of job (MB)
	1052520  -  ResidentSetSize of job (KB)
...
006 (5415472.148.000) 07/14 21:44:36 Image size of job updated: 1618616
	1029  -  MemoryUsage of job (MB)
	1053424  -  ResidentSetSize of job (KB)
...
006 (5415472.148.000) 07/14 22:09:40 Image size of job updated: 1618616
	1029  -  MemoryUsage of job (MB)
	1053436  -  ResidentSetSize of job (KB)
...
006 (5415472.148.000) 07/14 22:44:43 Image size of job updated: 1618616
	1029  -  MemoryUsage of job (MB)
	1053448  -  ResidentSetSize of job (KB)
...
006 (5415472.148.000) 07/14 22:49:44 Image size of job updated: 1619520
	1030  -  MemoryUsage of job (MB)
	1054352  -  ResidentSetSize of job (KB)
...
006 (5415472.148.000) 07/14 23:19:47 Image size of job updated: 1619520
	1030  -  MemoryUsage of job (MB)
	1054364  -  ResidentSetSize of job (KB)
...
006 (5415472.148.000) 07/14 23:54:48 Image size of job updated: 1620428
	1031  -  MemoryUsage of job (MB)
	1055284  -  ResidentSetSize of job (KB)
...
006 (5415472.148.000) 07/15 00:24:50 Image size of job updated: 1620428
	1031  -  MemoryUsage of job (MB)
	1055296  -  ResidentSetSize of job (KB)
...
006 (5415472.148.000) 07/15 00:49:52 Image size of job updated: 1621332
	1032  -  MemoryUsage of job (MB)
	1056200  -  ResidentSetSize of job (KB)
...
006 (5415472.148.000) 07/15 00:54:52 Image size of job updated: 1621332
	1032  -  MemoryUsage of job (MB)
	1056212  -  ResidentSetSize of job (KB)
...
006 (5415472.148.000) 07/15 01:34:57 Image size of job updated: 1621332
	1032  -  MemoryUsage of job (MB)
	1056224  -  ResidentSetSize of job (KB)
...
006 (5415472.148.000) 07/15 01:59:58 Image size of job updated: 1622240
	1033  -  MemoryUsage of job (MB)
	1057132  -  ResidentSetSize of job (KB)
...
006 (5415472.148.000) 07/15 02:10:00 Image size of job updated: 1622240
	1033  -  MemoryUsage of job (MB)
	1057144  -  ResidentSetSize of job (KB)
...
006 (5415472.148.000) 07/15 02:40:04 Image size of job updated: 1622240
	1033  -  MemoryUsage of job (MB)
	1057156  -  ResidentSetSize of job (KB)
...
006 (5415472.148.000) 07/15 03:00:06 Image size of job updated: 1623144
	1034  -  MemoryUsage of job (MB)
	1058060  -  ResidentSetSize of job (KB)
...
006 (5415472.148.000) 07/15 03:15:06 Image size of job updated: 1623144
	1034  -  MemoryUsage of job (MB)
	1058072  -  ResidentSetSize of job (KB)
...
006 (5415472.148.000) 07/15 03:55:08 Image size of job updated: 1623144
	1034  -  MemoryUsage of job (MB)
	1058084  -  ResidentSetSize of job (KB)
...
006 (5415472.148.000) 07/15 04:10:09 Image size of job updated: 1627672
	1038  -  MemoryUsage of job (MB)
	1062612  -  ResidentSetSize of job (KB)
...
006 (5415472.148.000) 07/15 04:30:12 Image size of job updated: 1627672
	1038  -  MemoryUsage of job (MB)
	1062624  -  ResidentSetSize of job (KB)
...
006 (5415472.148.000) 07/15 05:05:15 Image size of job updated: 1627672
	1038  -  MemoryUsage of job (MB)
	1062636  -  ResidentSetSize of job (KB)
...
006 (5415472.148.000) 07/15 05:40:19 Image size of job updated: 1627672
	1038  -  MemoryUsage of job (MB)
	1062648  -  ResidentSetSize of job (KB)
...
006 (5415472.148.000) 07/15 06:15:22 Image size of job updated: 1627672
	1038  -  MemoryUsage of job (MB)
	1062660  -  ResidentSetSize of job (KB)
...
006 (5415472.148.000) 07/15 06:55:27 Image size of job updated: 1627672
	1038  -  MemoryUsage of job (MB)
	1062672  -  ResidentSetSize of job (KB)
...
006 (5415472.148.000) 07/15 07:35:31 Image size of job updated: 1627672
	1038  -  MemoryUsage of job (MB)
	1062684  -  ResidentSetSize of job (KB)
...
006 (5415472.148.000) 07/15 08:10:35 Image size of job updated: 1627672
	1038  -  MemoryUsage of job (MB)
	1062696  -  ResidentSetSize of job (KB)
...
006 (5415472.148.000) 07/15 08:50:40 Image size of job updated: 1627672
	1038  -  MemoryUsage of job (MB)
	1062708  -  ResidentSetSize of job (KB)
...
006 (5415472.148.000) 07/15 09:25:46 Image size of job updated: 1627672
	1038  -  MemoryUsage of job (MB)
	1062720  -  ResidentSetSize of job (KB)
...
006 (5415472.148.000) 07/15 10:00:48 Image size of job updated: 1627672
	1038  -  MemoryUsage of job (MB)
	1062732  -  ResidentSetSize of job (KB)
...
006 (5415472.148.000) 07/15 10:35:52 Image size of job updated: 1627672
	1038  -  MemoryUsage of job (MB)
	1062744  -  ResidentSetSize of job (KB)
...
006 (5415472.148.000) 07/15 11:15:56 Image size of job updated: 1627672
	1038  -  MemoryUsage of job (MB)
	1062756  -  ResidentSetSize of job (KB)
...
006 (5415472.148.000) 07/15 11:50:58 Image size of job updated: 1627672
	1038  -  MemoryUsage of job (MB)
	1062768  -  ResidentSetSize of job (KB)
...
006 (5415472.148.000) 07/15 12:26:02 Image size of job updated: 1627672
	1038  -  MemoryUsage of job (MB)
	1062780  -  ResidentSetSize of job (KB)
...
006 (5415472.148.000) 07/15 13:01:04 Image size of job updated: 1627672
	1038  -  MemoryUsage of job (MB)
	1062792  -  ResidentSetSize of job (KB)
...
006 (5415472.148.000) 07/15 13:36:07 Image size of job updated: 1627672
	1038  -  MemoryUsage of job (MB)
	1062804  -  ResidentSetSize of job (KB)
...
006 (5415472.148.000) 07/15 14:16:12 Image size of job updated: 1627672
	1038  -  MemoryUsage of job (MB)
	1062816  -  ResidentSetSize of job (KB)
...
006 (5415472.148.000) 07/15 14:51:15 Image size of job updated: 1627672
	1038  -  MemoryUsage of job (MB)
	1062828  -  ResidentSetSize of job (KB)
...
006 (5415472.148.000) 07/15 15:26:18 Image size of job updated: 1627672
	1038  -  MemoryUsage of job (MB)
	1062840  -  ResidentSetSize of job (KB)
...
006 (5415472.148.000) 07/15 16:06:21 Image size of job updated: 1627672
	1038  -  MemoryUsage of job (MB)
	1062852  -  ResidentSetSize of job (KB)
...
006 (5415472.148.000) 07/15 16:41:26 Image size of job updated: 1627672
	1038  -  MemoryUsage of job (MB)
	1062864  -  ResidentSetSize of job (KB)
...
040 (5415472.148.000) 07/15 18:43:31 Entered queue to transfer output files
...
040 (5415472.148.000) 07/15 18:46:52 Started transferring output files
...
040 (5415472.148.000) 07/15 18:46:59 Finished transferring output files
...
004 (5415472.148.000) 07/15 18:47:07 Job was evicted.
	(0) CPU times
		Usr 12 02:09:31, Sys 0 00:03:29  -  Run Remote Usage
		Usr 0 00:00:00, Sys 0 00:00:00  -  Run Local Usage
	96197  -  Run Bytes Sent By Job
	803  -  Run Bytes Received By Job
	Partitionable Resources :    Usage  Request Allocated 
	   Cpus                 :     2.95        4         4 
	   Disk (KB)            :   120    10485760  10832823 
	   Memory (MB)          :  1038        8000      8000 
...
