000 (5415472.371.000) 07/11 14:02:29 Job submitted from host: <137.138.156.150:9618?addrs=137.138.156.150-9618+[2001-1458-d00-14--9a]-9618&alias=bigbird13.cern.ch&noUDP&sock=schedd_1788_ff6c>
...
040 (5415472.371.000) 07/11 16:03:52 Started transferring input files
	Transferring to host: <128.142.70.213:9618?addrs=128.142.70.213-9618+[2001-1458-301-52--100-31a]-9618&alias=b7s10n1324.cern.ch&noUDP&sock=slot1_2_17865_4230_134868>
...
040 (5415472.371.000) 07/11 16:03:52 Finished transferring input files
...
001 (5415472.371.000) 07/11 16:03:53 Job executing on host: <128.142.70.213:9618?addrs=128.142.70.213-9618+[2001-1458-301-52--100-31a]-9618&alias=b7s10n1324.cern.ch&noUDP&sock=startd_2295_c1f1>
...
006 (5415472.371.000) 07/11 16:04:02 Image size of job updated: 78832
	29  -  MemoryUsage of job (MB)
	29320  -  ResidentSetSize of job (KB)
...
006 (5415472.371.000) 07/11 16:09:03 Image size of job updated: 1590808
	1004  -  MemoryUsage of job (MB)
	1027256  -  ResidentSetSize of job (KB)
...
006 (5415472.371.000) 07/11 20:29:33 Image size of job updated: 1590808
	1004  -  MemoryUsage of job (MB)
	1027260  -  ResidentSetSize of job (KB)
...
006 (5415472.371.000) 07/13 23:53:22 Image size of job updated: 1591792
	1005  -  MemoryUsage of job (MB)
	1028112  -  ResidentSetSize of job (KB)
...
006 (5415472.371.000) 07/14 01:03:28 Image size of job updated: 1592696
	1005  -  MemoryUsage of job (MB)
	1029016  -  ResidentSetSize of job (KB)
...
006 (5415472.371.000) 07/14 02:08:35 Image size of job updated: 1593600
	1006  -  MemoryUsage of job (MB)
	1029920  -  ResidentSetSize of job (KB)
...
006 (5415472.371.000) 07/14 03:13:42 Image size of job updated: 1594508
	1007  -  MemoryUsage of job (MB)
	1030828  -  ResidentSetSize of job (KB)
...
006 (5415472.371.000) 07/14 04:13:49 Image size of job updated: 1595412
	1008  -  MemoryUsage of job (MB)
	1031732  -  ResidentSetSize of job (KB)
...
006 (5415472.371.000) 07/14 05:18:56 Image size of job updated: 1596320
	1009  -  MemoryUsage of job (MB)
	1032640  -  ResidentSetSize of job (KB)
...
006 (5415472.371.000) 07/14 06:19:04 Image size of job updated: 1597224
	1010  -  MemoryUsage of job (MB)
	1033432  -  ResidentSetSize of job (KB)
...
006 (5415472.371.000) 07/14 07:24:09 Image size of job updated: 1598132
	1011  -  MemoryUsage of job (MB)
	1034340  -  ResidentSetSize of job (KB)
...
006 (5415472.371.000) 07/14 08:24:14 Image size of job updated: 1599036
	1011  -  MemoryUsage of job (MB)
	1035244  -  ResidentSetSize of job (KB)
...
006 (5415472.371.000) 07/14 09:19:18 Image size of job updated: 1599940
	1012  -  MemoryUsage of job (MB)
	1036148  -  ResidentSetSize of job (KB)
...
006 (5415472.371.000) 07/14 10:14:25 Image size of job updated: 1600848
	1013  -  MemoryUsage of job (MB)
	1037052  -  ResidentSetSize of job (KB)
...
006 (5415472.371.000) 07/14 11:09:33 Image size of job updated: 1601752
	1014  -  MemoryUsage of job (MB)
	1037952  -  ResidentSetSize of job (KB)
...
006 (5415472.371.000) 07/14 12:04:40 Image size of job updated: 1602660
	1015  -  MemoryUsage of job (MB)
	1038860  -  ResidentSetSize of job (KB)
...
006 (5415472.371.000) 07/14 13:04:47 Image size of job updated: 1603564
	1016  -  MemoryUsage of job (MB)
	1039764  -  ResidentSetSize of job (KB)
...
006 (5415472.371.000) 07/14 14:09:54 Image size of job updated: 1604468
	1017  -  MemoryUsage of job (MB)
	1040668  -  ResidentSetSize of job (KB)
...
006 (5415472.371.000) 07/14 15:10:03 Image size of job updated: 1605376
	1018  -  MemoryUsage of job (MB)
	1041576  -  ResidentSetSize of job (KB)
...
006 (5415472.371.000) 07/14 16:15:09 Image size of job updated: 1606280
	1019  -  MemoryUsage of job (MB)
	1042480  -  ResidentSetSize of job (KB)
...
006 (5415472.371.000) 07/14 17:15:14 Image size of job updated: 1607188
	1019  -  MemoryUsage of job (MB)
	1043388  -  ResidentSetSize of job (KB)
...
006 (5415472.371.000) 07/14 18:20:20 Image size of job updated: 1608092
	1020  -  MemoryUsage of job (MB)
	1044292  -  ResidentSetSize of job (KB)
...
006 (5415472.371.000) 07/14 19:30:25 Image size of job updated: 1608996
	1021  -  MemoryUsage of job (MB)
	1045188  -  ResidentSetSize of job (KB)
...
006 (5415472.371.000) 07/14 20:45:35 Image size of job updated: 1609904
	1022  -  MemoryUsage of job (MB)
	1046096  -  ResidentSetSize of job (KB)
...
007 (5415472.371.000) 07/14 21:04:40 Shadow exception!
	Assertion ERROR on (result)
	0  -  Run Bytes Sent By Job
	803  -  Run Bytes Received By Job
...
040 (5415472.371.000) 07/15 02:30:47 Started transferring input files
	Transferring to host: <188.184.205.128:9618?addrs=188.184.205.128-9618&alias=b7g27n0105.cern.ch&noUDP&sock=slot1_6_2309_a637_6908>
...
040 (5415472.371.000) 07/15 02:30:47 Finished transferring input files
...
001 (5415472.371.000) 07/15 02:30:48 Job executing on host: <188.184.205.128:9618?addrs=188.184.205.128-9618&alias=b7g27n0105.cern.ch&noUDP&sock=startd_1891_a5ae>
...
