000 (5415472.233.000) 07/11 14:02:29 Job submitted from host: <137.138.156.150:9618?addrs=137.138.156.150-9618+[2001-1458-d00-14--9a]-9618&alias=bigbird13.cern.ch&noUDP&sock=schedd_1788_ff6c>
...
040 (5415472.233.000) 07/11 14:20:18 Started transferring input files
	Transferring to host: <128.142.58.39:9618?addrs=128.142.58.39-9618+[2001-1458-301-16--100-26]-9618&alias=b7s03p2685.cern.ch&noUDP&sock=slot1_47_4505_ee10_4687>
...
040 (5415472.233.000) 07/11 14:20:18 Finished transferring input files
...
001 (5415472.233.000) 07/11 14:20:25 Job executing on host: <128.142.58.39:9618?addrs=128.142.58.39-9618+[2001-1458-301-16--100-26]-9618&alias=b7s03p2685.cern.ch&noUDP&sock=startd_4051_3a3f>
...
006 (5415472.233.000) 07/11 14:20:34 Image size of job updated: 164636
	102  -  MemoryUsage of job (MB)
	104296  -  ResidentSetSize of job (KB)
...
006 (5415472.233.000) 07/11 14:25:34 Image size of job updated: 1590952
	1004  -  MemoryUsage of job (MB)
	1027400  -  ResidentSetSize of job (KB)
...
006 (5415472.233.000) 07/12 22:19:18 Image size of job updated: 1591932
	1005  -  MemoryUsage of job (MB)
	1028248  -  ResidentSetSize of job (KB)
...
006 (5415472.233.000) 07/12 22:54:21 Image size of job updated: 1592836
	1006  -  MemoryUsage of job (MB)
	1029152  -  ResidentSetSize of job (KB)
...
006 (5415472.233.000) 07/12 23:29:22 Image size of job updated: 1593744
	1006  -  MemoryUsage of job (MB)
	1030060  -  ResidentSetSize of job (KB)
...
006 (5415472.233.000) 07/13 00:09:26 Image size of job updated: 1594648
	1007  -  MemoryUsage of job (MB)
	1030964  -  ResidentSetSize of job (KB)
...
006 (5415472.233.000) 07/13 00:49:30 Image size of job updated: 1595556
	1008  -  MemoryUsage of job (MB)
	1031872  -  ResidentSetSize of job (KB)
...
006 (5415472.233.000) 07/13 01:29:34 Image size of job updated: 1596460
	1009  -  MemoryUsage of job (MB)
	1032776  -  ResidentSetSize of job (KB)
...
006 (5415472.233.000) 07/13 02:09:39 Image size of job updated: 1597364
	1010  -  MemoryUsage of job (MB)
	1033680  -  ResidentSetSize of job (KB)
...
006 (5415472.233.000) 07/13 02:49:42 Image size of job updated: 1598272
	1011  -  MemoryUsage of job (MB)
	1034588  -  ResidentSetSize of job (KB)
...
006 (5415472.233.000) 07/13 03:29:46 Image size of job updated: 1599176
	1012  -  MemoryUsage of job (MB)
	1035492  -  ResidentSetSize of job (KB)
...
006 (5415472.233.000) 07/13 04:09:48 Image size of job updated: 1600084
	1013  -  MemoryUsage of job (MB)
	1036400  -  ResidentSetSize of job (KB)
...
006 (5415472.233.000) 07/13 04:49:53 Image size of job updated: 1600988
	1013  -  MemoryUsage of job (MB)
	1037304  -  ResidentSetSize of job (KB)
...
006 (5415472.233.000) 07/13 05:29:59 Image size of job updated: 1601896
	1014  -  MemoryUsage of job (MB)
	1038212  -  ResidentSetSize of job (KB)
...
006 (5415472.233.000) 07/13 06:10:01 Image size of job updated: 1602800
	1015  -  MemoryUsage of job (MB)
	1039116  -  ResidentSetSize of job (KB)
...
006 (5415472.233.000) 07/13 06:55:09 Image size of job updated: 1603704
	1016  -  MemoryUsage of job (MB)
	1040020  -  ResidentSetSize of job (KB)
...
006 (5415472.233.000) 07/13 07:40:15 Image size of job updated: 1604612
	1017  -  MemoryUsage of job (MB)
	1040928  -  ResidentSetSize of job (KB)
...
006 (5415472.233.000) 07/13 08:20:20 Image size of job updated: 1605516
	1018  -  MemoryUsage of job (MB)
	1041832  -  ResidentSetSize of job (KB)
...
006 (5415472.233.000) 07/13 09:05:22 Image size of job updated: 1606424
	1019  -  MemoryUsage of job (MB)
	1042740  -  ResidentSetSize of job (KB)
...
006 (5415472.233.000) 07/13 09:50:26 Image size of job updated: 1607328
	1020  -  MemoryUsage of job (MB)
	1043644  -  ResidentSetSize of job (KB)
...
006 (5415472.233.000) 07/13 10:30:27 Image size of job updated: 1608232
	1021  -  MemoryUsage of job (MB)
	1044548  -  ResidentSetSize of job (KB)
...
006 (5415472.233.000) 07/13 11:10:31 Image size of job updated: 1609140
	1021  -  MemoryUsage of job (MB)
	1045456  -  ResidentSetSize of job (KB)
...
006 (5415472.233.000) 07/13 11:51:29 Image size of job updated: 1613668
	1026  -  MemoryUsage of job (MB)
	1049984  -  ResidentSetSize of job (KB)
...
006 (5415472.233.000) 07/13 12:11:32 Image size of job updated: 1616740
	1027  -  MemoryUsage of job (MB)
	1051532  -  ResidentSetSize of job (KB)
...
006 (5415472.233.000) 07/13 12:26:35 Image size of job updated: 1616740
	1027  -  MemoryUsage of job (MB)
	1051544  -  ResidentSetSize of job (KB)
...
006 (5415472.233.000) 07/13 12:46:37 Image size of job updated: 1616740
	1027  -  MemoryUsage of job (MB)
	1051556  -  ResidentSetSize of job (KB)
...
006 (5415472.233.000) 07/13 13:11:39 Image size of job updated: 1616740
	1027  -  MemoryUsage of job (MB)
	1051568  -  ResidentSetSize of job (KB)
...
006 (5415472.233.000) 07/13 13:31:40 Image size of job updated: 1616740
	1027  -  MemoryUsage of job (MB)
	1051580  -  ResidentSetSize of job (KB)
...
006 (5415472.233.000) 07/13 13:56:43 Image size of job updated: 1616740
	1027  -  MemoryUsage of job (MB)
	1051592  -  ResidentSetSize of job (KB)
...
006 (5415472.233.000) 07/13 14:16:46 Image size of job updated: 1616740
	1027  -  MemoryUsage of job (MB)
	1051604  -  ResidentSetSize of job (KB)
...
006 (5415472.233.000) 07/13 14:36:48 Image size of job updated: 1616740
	1027  -  MemoryUsage of job (MB)
	1051616  -  ResidentSetSize of job (KB)
...
006 (5415472.233.000) 07/13 15:01:52 Image size of job updated: 1616740
	1027  -  MemoryUsage of job (MB)
	1051628  -  ResidentSetSize of job (KB)
...
006 (5415472.233.000) 07/13 15:21:55 Image size of job updated: 1616740
	1027  -  MemoryUsage of job (MB)
	1051640  -  ResidentSetSize of job (KB)
...
006 (5415472.233.000) 07/13 15:41:58 Image size of job updated: 1616740
	1028  -  MemoryUsage of job (MB)
	1051652  -  ResidentSetSize of job (KB)
...
006 (5415472.233.000) 07/13 16:07:01 Image size of job updated: 1616740
	1028  -  MemoryUsage of job (MB)
	1051664  -  ResidentSetSize of job (KB)
...
006 (5415472.233.000) 07/13 16:27:03 Image size of job updated: 1616740
	1028  -  MemoryUsage of job (MB)
	1051676  -  ResidentSetSize of job (KB)
...
006 (5415472.233.000) 07/13 16:52:06 Image size of job updated: 1616740
	1028  -  MemoryUsage of job (MB)
	1051688  -  ResidentSetSize of job (KB)
...
006 (5415472.233.000) 07/13 17:12:07 Image size of job updated: 1616740
	1028  -  MemoryUsage of job (MB)
	1051700  -  ResidentSetSize of job (KB)
...
006 (5415472.233.000) 07/13 17:45:28 Image size of job updated: 1616740
	1028  -  MemoryUsage of job (MB)
	1051712  -  ResidentSetSize of job (KB)
...
006 (5415472.233.000) 07/13 17:56:28 Image size of job updated: 1616740
	1028  -  MemoryUsage of job (MB)
	1051724  -  ResidentSetSize of job (KB)
...
006 (5415472.233.000) 07/13 18:18:06 Image size of job updated: 1616740
	1028  -  MemoryUsage of job (MB)
	1051736  -  ResidentSetSize of job (KB)
...
006 (5415472.233.000) 07/13 18:38:07 Image size of job updated: 1616740
	1028  -  MemoryUsage of job (MB)
	1051748  -  ResidentSetSize of job (KB)
...
006 (5415472.233.000) 07/13 18:58:10 Image size of job updated: 1616740
	1028  -  MemoryUsage of job (MB)
	1051760  -  ResidentSetSize of job (KB)
...
006 (5415472.233.000) 07/13 19:18:13 Image size of job updated: 1616740
	1028  -  MemoryUsage of job (MB)
	1051772  -  ResidentSetSize of job (KB)
...
006 (5415472.233.000) 07/13 19:38:15 Image size of job updated: 1616740
	1028  -  MemoryUsage of job (MB)
	1051784  -  ResidentSetSize of job (KB)
...
006 (5415472.233.000) 07/13 19:58:18 Image size of job updated: 1616740
	1028  -  MemoryUsage of job (MB)
	1051792  -  ResidentSetSize of job (KB)
...
006 (5415472.233.000) 07/13 20:03:18 Image size of job updated: 1616740
	1028  -  MemoryUsage of job (MB)
	1051796  -  ResidentSetSize of job (KB)
...
006 (5415472.233.000) 07/13 20:23:21 Image size of job updated: 1616740
	1028  -  MemoryUsage of job (MB)
	1051808  -  ResidentSetSize of job (KB)
...
006 (5415472.233.000) 07/13 20:43:23 Image size of job updated: 1616740
	1028  -  MemoryUsage of job (MB)
	1051820  -  ResidentSetSize of job (KB)
...
006 (5415472.233.000) 07/13 21:03:25 Image size of job updated: 1616740
	1028  -  MemoryUsage of job (MB)
	1051832  -  ResidentSetSize of job (KB)
...
006 (5415472.233.000) 07/13 21:23:28 Image size of job updated: 1616740
	1028  -  MemoryUsage of job (MB)
	1051844  -  ResidentSetSize of job (KB)
...
006 (5415472.233.000) 07/13 21:43:30 Image size of job updated: 1616740
	1028  -  MemoryUsage of job (MB)
	1051856  -  ResidentSetSize of job (KB)
...
006 (5415472.233.000) 07/13 22:03:31 Image size of job updated: 1616740
	1028  -  MemoryUsage of job (MB)
	1051868  -  ResidentSetSize of job (KB)
...
006 (5415472.233.000) 07/13 22:23:32 Image size of job updated: 1616740
	1028  -  MemoryUsage of job (MB)
	1051880  -  ResidentSetSize of job (KB)
...
006 (5415472.233.000) 07/13 22:48:33 Image size of job updated: 1616740
	1028  -  MemoryUsage of job (MB)
	1051892  -  ResidentSetSize of job (KB)
...
006 (5415472.233.000) 07/13 23:08:34 Image size of job updated: 1616740
	1028  -  MemoryUsage of job (MB)
	1051904  -  ResidentSetSize of job (KB)
...
006 (5415472.233.000) 07/13 23:33:37 Image size of job updated: 1616740
	1028  -  MemoryUsage of job (MB)
	1051916  -  ResidentSetSize of job (KB)
...
006 (5415472.233.000) 07/13 23:58:39 Image size of job updated: 1616740
	1028  -  MemoryUsage of job (MB)
	1051928  -  ResidentSetSize of job (KB)
...
006 (5415472.233.000) 07/14 00:18:42 Image size of job updated: 1616740
	1028  -  MemoryUsage of job (MB)
	1051940  -  ResidentSetSize of job (KB)
...
006 (5415472.233.000) 07/14 00:43:46 Image size of job updated: 1616740
	1028  -  MemoryUsage of job (MB)
	1051952  -  ResidentSetSize of job (KB)
...
006 (5415472.233.000) 07/14 01:03:48 Image size of job updated: 1616740
	1028  -  MemoryUsage of job (MB)
	1051964  -  ResidentSetSize of job (KB)
...
006 (5415472.233.000) 07/14 01:28:51 Image size of job updated: 1616740
	1028  -  MemoryUsage of job (MB)
	1051976  -  ResidentSetSize of job (KB)
...
006 (5415472.233.000) 07/14 01:48:52 Image size of job updated: 1616740
	1028  -  MemoryUsage of job (MB)
	1051988  -  ResidentSetSize of job (KB)
...
006 (5415472.233.000) 07/14 02:08:55 Image size of job updated: 1616740
	1028  -  MemoryUsage of job (MB)
	1052000  -  ResidentSetSize of job (KB)
...
006 (5415472.233.000) 07/14 02:33:57 Image size of job updated: 1616740
	1028  -  MemoryUsage of job (MB)
	1052012  -  ResidentSetSize of job (KB)
...
006 (5415472.233.000) 07/14 02:54:00 Image size of job updated: 1616740
	1028  -  MemoryUsage of job (MB)
	1052024  -  ResidentSetSize of job (KB)
...
006 (5415472.233.000) 07/14 03:14:03 Image size of job updated: 1616740
	1028  -  MemoryUsage of job (MB)
	1052036  -  ResidentSetSize of job (KB)
...
006 (5415472.233.000) 07/14 03:39:06 Image size of job updated: 1616740
	1028  -  MemoryUsage of job (MB)
	1052048  -  ResidentSetSize of job (KB)
...
006 (5415472.233.000) 07/14 04:04:09 Image size of job updated: 1616740
	1028  -  MemoryUsage of job (MB)
	1052060  -  ResidentSetSize of job (KB)
...
006 (5415472.233.000) 07/14 04:24:11 Image size of job updated: 1616740
	1028  -  MemoryUsage of job (MB)
	1052072  -  ResidentSetSize of job (KB)
...
006 (5415472.233.000) 07/14 04:49:13 Image size of job updated: 1616740
	1028  -  MemoryUsage of job (MB)
	1052084  -  ResidentSetSize of job (KB)
...
006 (5415472.233.000) 07/14 05:14:14 Image size of job updated: 1616740
	1028  -  MemoryUsage of job (MB)
	1052096  -  ResidentSetSize of job (KB)
...
006 (5415472.233.000) 07/14 05:39:18 Image size of job updated: 1616740
	1028  -  MemoryUsage of job (MB)
	1052108  -  ResidentSetSize of job (KB)
...
006 (5415472.233.000) 07/14 06:04:19 Image size of job updated: 1616740
	1028  -  MemoryUsage of job (MB)
	1052120  -  ResidentSetSize of job (KB)
...
006 (5415472.233.000) 07/14 06:29:23 Image size of job updated: 1616740
	1028  -  MemoryUsage of job (MB)
	1052132  -  ResidentSetSize of job (KB)
...
006 (5415472.233.000) 07/14 06:54:24 Image size of job updated: 1616740
	1028  -  MemoryUsage of job (MB)
	1052144  -  ResidentSetSize of job (KB)
...
006 (5415472.233.000) 07/14 07:14:28 Image size of job updated: 1616740
	1028  -  MemoryUsage of job (MB)
	1052156  -  ResidentSetSize of job (KB)
...
006 (5415472.233.000) 07/14 07:34:31 Image size of job updated: 1616740
	1028  -  MemoryUsage of job (MB)
	1052168  -  ResidentSetSize of job (KB)
...
006 (5415472.233.000) 07/14 07:54:35 Image size of job updated: 1616740
	1028  -  MemoryUsage of job (MB)
	1052180  -  ResidentSetSize of job (KB)
...
006 (5415472.233.000) 07/14 08:14:36 Image size of job updated: 1616740
	1028  -  MemoryUsage of job (MB)
	1052192  -  ResidentSetSize of job (KB)
...
006 (5415472.233.000) 07/14 08:29:37 Image size of job updated: 1616740
	1028  -  MemoryUsage of job (MB)
	1052204  -  ResidentSetSize of job (KB)
...
006 (5415472.233.000) 07/14 08:49:39 Image size of job updated: 1616740
	1028  -  MemoryUsage of job (MB)
	1052216  -  ResidentSetSize of job (KB)
...
006 (5415472.233.000) 07/14 09:09:41 Image size of job updated: 1616740
	1028  -  MemoryUsage of job (MB)
	1052228  -  ResidentSetSize of job (KB)
...
006 (5415472.233.000) 07/14 09:24:44 Image size of job updated: 1616740
	1028  -  MemoryUsage of job (MB)
	1052240  -  ResidentSetSize of job (KB)
...
006 (5415472.233.000) 07/14 09:39:47 Image size of job updated: 1616740
	1028  -  MemoryUsage of job (MB)
	1052252  -  ResidentSetSize of job (KB)
...
006 (5415472.233.000) 07/14 09:59:50 Image size of job updated: 1616740
	1028  -  MemoryUsage of job (MB)
	1052264  -  ResidentSetSize of job (KB)
...
006 (5415472.233.000) 07/14 10:14:51 Image size of job updated: 1616740
	1028  -  MemoryUsage of job (MB)
	1052276  -  ResidentSetSize of job (KB)
...
006 (5415472.233.000) 07/14 10:29:52 Image size of job updated: 1616740
	1028  -  MemoryUsage of job (MB)
	1052280  -  ResidentSetSize of job (KB)
...
006 (5415472.233.000) 07/14 10:34:53 Image size of job updated: 1616740
	1028  -  MemoryUsage of job (MB)
	1052288  -  ResidentSetSize of job (KB)
...
006 (5415472.233.000) 07/14 10:49:54 Image size of job updated: 1616740
	1028  -  MemoryUsage of job (MB)
	1052300  -  ResidentSetSize of job (KB)
...
006 (5415472.233.000) 07/14 11:09:57 Image size of job updated: 1616740
	1028  -  MemoryUsage of job (MB)
	1052312  -  ResidentSetSize of job (KB)
...
006 (5415472.233.000) 07/14 11:25:00 Image size of job updated: 1616740
	1028  -  MemoryUsage of job (MB)
	1052324  -  ResidentSetSize of job (KB)
...
006 (5415472.233.000) 07/14 11:45:02 Image size of job updated: 1616740
	1028  -  MemoryUsage of job (MB)
	1052336  -  ResidentSetSize of job (KB)
...
006 (5415472.233.000) 07/14 12:05:05 Image size of job updated: 1616740
	1028  -  MemoryUsage of job (MB)
	1052348  -  ResidentSetSize of job (KB)
...
006 (5415472.233.000) 07/14 12:25:08 Image size of job updated: 1616740
	1028  -  MemoryUsage of job (MB)
	1052360  -  ResidentSetSize of job (KB)
...
006 (5415472.233.000) 07/14 12:45:11 Image size of job updated: 1616740
	1028  -  MemoryUsage of job (MB)
	1052372  -  ResidentSetSize of job (KB)
...
006 (5415472.233.000) 07/14 13:05:13 Image size of job updated: 1616740
	1028  -  MemoryUsage of job (MB)
	1052384  -  ResidentSetSize of job (KB)
...
006 (5415472.233.000) 07/14 13:25:14 Image size of job updated: 1616740
	1028  -  MemoryUsage of job (MB)
	1052396  -  ResidentSetSize of job (KB)
...
006 (5415472.233.000) 07/14 13:45:15 Image size of job updated: 1616740
	1028  -  MemoryUsage of job (MB)
	1052408  -  ResidentSetSize of job (KB)
...
006 (5415472.233.000) 07/14 14:05:17 Image size of job updated: 1616740
	1028  -  MemoryUsage of job (MB)
	1052420  -  ResidentSetSize of job (KB)
...
006 (5415472.233.000) 07/14 14:30:19 Image size of job updated: 1616740
	1028  -  MemoryUsage of job (MB)
	1052432  -  ResidentSetSize of job (KB)
...
006 (5415472.233.000) 07/14 14:50:21 Image size of job updated: 1616740
	1028  -  MemoryUsage of job (MB)
	1052444  -  ResidentSetSize of job (KB)
...
006 (5415472.233.000) 07/14 15:10:21 Image size of job updated: 1616740
	1028  -  MemoryUsage of job (MB)
	1052456  -  ResidentSetSize of job (KB)
...
006 (5415472.233.000) 07/14 15:35:24 Image size of job updated: 1616740
	1028  -  MemoryUsage of job (MB)
	1052468  -  ResidentSetSize of job (KB)
...
006 (5415472.233.000) 07/14 15:55:24 Image size of job updated: 1616740
	1028  -  MemoryUsage of job (MB)
	1052480  -  ResidentSetSize of job (KB)
...
006 (5415472.233.000) 07/14 16:20:27 Image size of job updated: 1616740
	1028  -  MemoryUsage of job (MB)
	1052492  -  ResidentSetSize of job (KB)
...
006 (5415472.233.000) 07/14 16:40:29 Image size of job updated: 1616740
	1028  -  MemoryUsage of job (MB)
	1052504  -  ResidentSetSize of job (KB)
...
006 (5415472.233.000) 07/14 17:00:30 Image size of job updated: 1616740
	1028  -  MemoryUsage of job (MB)
	1052516  -  ResidentSetSize of job (KB)
...
006 (5415472.233.000) 07/14 17:20:32 Image size of job updated: 1616740
	1028  -  MemoryUsage of job (MB)
	1052524  -  ResidentSetSize of job (KB)
...
006 (5415472.233.000) 07/14 17:25:32 Image size of job updated: 1616740
	1028  -  MemoryUsage of job (MB)
	1052528  -  ResidentSetSize of job (KB)
...
006 (5415472.233.000) 07/14 17:45:34 Image size of job updated: 1616740
	1028  -  MemoryUsage of job (MB)
	1052540  -  ResidentSetSize of job (KB)
...
040 (5415472.233.000) 07/14 17:46:20 Entered queue to transfer output files
...
022 (5415472.233.000) 07/14 17:48:14 Job disconnected, attempting to reconnect
    Socket between submit and execute hosts closed unexpectedly
    Trying to reconnect to slot1_47@b7s03p2685.cern.ch <128.142.58.39:9618?addrs=128.142.58.39-9618+[2001-1458-301-16--100-26]-9618&alias=b7s03p2685.cern.ch&noUDP&sock=startd_4051_3a3f>
...
023 (5415472.233.000) 07/14 17:48:14 Job reconnected to slot1_47@b7s03p2685.cern.ch
    startd address: <128.142.58.39:9618?addrs=128.142.58.39-9618+[2001-1458-301-16--100-26]-9618&alias=b7s03p2685.cern.ch&noUDP&sock=startd_4051_3a3f>
    starter address: <128.142.58.39:9618?addrs=128.142.58.39-9618+[2001-1458-301-16--100-26]-9618&alias=b7s03p2685.cern.ch&noUDP&sock=slot1_47_4505_ee10_4687>
...
040 (5415472.233.000) 07/14 17:48:14 Finished transferring output files
...
040 (5415472.233.000) 07/14 17:48:14 Started transferring output files
...
040 (5415472.233.000) 07/14 17:48:14 Finished transferring output files
...
004 (5415472.233.000) 07/14 17:48:15 Job was evicted.
	(0) CPU times
		Usr 9 17:01:55, Sys 0 00:15:48  -  Run Remote Usage
		Usr 0 00:00:00, Sys 0 00:00:00  -  Run Local Usage
	96196  -  Run Bytes Sent By Job
	803  -  Run Bytes Received By Job
	Partitionable Resources :    Usage  Request Allocated 
	   Cpus                 :     3.06        4         4 
	   Disk (KB)            :   120    10485760  12301892 
	   Memory (MB)          :  1028        8000      8000 
...
040 (5415472.233.000) 07/14 21:26:21 Started transferring input files
	Transferring to host: <128.142.75.182:9618?addrs=128.142.75.182-9618+[2001-1458-301-75--100-18b]-9618&alias=b7s11n3143.cern.ch&noUDP&sock=slot1_10_18701_4bd2_110741>
...
040 (5415472.233.000) 07/14 21:26:54 Finished transferring input files
...
001 (5415472.233.000) 07/14 21:27:12 Job executing on host: <128.142.75.182:9618?addrs=128.142.75.182-9618+[2001-1458-301-75--100-18b]-9618&alias=b7s11n3143.cern.ch&noUDP&sock=startd_16326_db46>
...
040 (5415472.233.000) 07/19 13:22:55 Started transferring output files
...
040 (5415472.233.000) 07/19 13:22:55 Finished transferring output files
...
004 (5415472.233.000) 07/19 13:22:55 Job was evicted.
	(0) CPU times
		Usr 13 07:31:00, Sys 0 00:03:55  -  Run Remote Usage
		Usr 0 00:00:00, Sys 0 00:00:00  -  Run Local Usage
	96424  -  Run Bytes Sent By Job
	96999  -  Run Bytes Received By Job
	Partitionable Resources :    Usage  Request Allocated 
	   Cpus                 :     2.96        4         4 
	   Disk (KB)            :   123    10485760  10728063 
	   Memory (MB)          :  1221        8000      8000 
...
