000 (5415472.111.000) 07/11 14:02:29 Job submitted from host: <137.138.156.150:9618?addrs=137.138.156.150-9618+[2001-1458-d00-14--9a]-9618&alias=bigbird13.cern.ch&noUDP&sock=schedd_1788_ff6c>
...
040 (5415472.111.000) 07/11 14:10:27 Started transferring input files
	Transferring to host: <128.142.56.38:9618?addrs=128.142.56.38-9618+[2001-1458-301-6--100-25]-9618&alias=b7s01p5972.cern.ch&noUDP&sock=slot1_44_56971_f926_5006>
...
040 (5415472.111.000) 07/11 14:10:27 Finished transferring input files
...
001 (5415472.111.000) 07/11 14:10:28 Job executing on host: <128.142.56.38:9618?addrs=128.142.56.38-9618+[2001-1458-301-6--100-25]-9618&alias=b7s01p5972.cern.ch&noUDP&sock=startd_53872_4a22>
...
006 (5415472.111.000) 07/11 14:10:36 Image size of job updated: 570632
	132  -  MemoryUsage of job (MB)
	134992  -  ResidentSetSize of job (KB)
...
006 (5415472.111.000) 07/11 14:15:36 Image size of job updated: 1590956
	1004  -  MemoryUsage of job (MB)
	1027396  -  ResidentSetSize of job (KB)
...
006 (5415472.111.000) 07/12 23:24:02 Image size of job updated: 1591936
	1005  -  MemoryUsage of job (MB)
	1028144  -  ResidentSetSize of job (KB)
...
006 (5415472.111.000) 07/13 00:09:04 Image size of job updated: 1592844
	1005  -  MemoryUsage of job (MB)
	1029052  -  ResidentSetSize of job (KB)
...
006 (5415472.111.000) 07/13 00:54:09 Image size of job updated: 1593748
	1006  -  MemoryUsage of job (MB)
	1029956  -  ResidentSetSize of job (KB)
...
006 (5415472.111.000) 07/13 01:34:14 Image size of job updated: 1593748
	1007  -  MemoryUsage of job (MB)
	1030864  -  ResidentSetSize of job (KB)
...
006 (5415472.111.000) 07/13 01:39:14 Image size of job updated: 1594656
	1007  -  MemoryUsage of job (MB)
	1030864  -  ResidentSetSize of job (KB)
...
006 (5415472.111.000) 07/13 02:19:17 Image size of job updated: 1595560
	1008  -  MemoryUsage of job (MB)
	1031768  -  ResidentSetSize of job (KB)
...
006 (5415472.111.000) 07/13 02:59:22 Image size of job updated: 1596468
	1009  -  MemoryUsage of job (MB)
	1032676  -  ResidentSetSize of job (KB)
...
006 (5415472.111.000) 07/13 03:44:28 Image size of job updated: 1597372
	1010  -  MemoryUsage of job (MB)
	1033580  -  ResidentSetSize of job (KB)
...
006 (5415472.111.000) 07/13 04:24:34 Image size of job updated: 1598276
	1011  -  MemoryUsage of job (MB)
	1034484  -  ResidentSetSize of job (KB)
...
006 (5415472.111.000) 07/13 05:04:39 Image size of job updated: 1599184
	1012  -  MemoryUsage of job (MB)
	1035392  -  ResidentSetSize of job (KB)
...
006 (5415472.111.000) 07/13 05:44:42 Image size of job updated: 1600088
	1013  -  MemoryUsage of job (MB)
	1036296  -  ResidentSetSize of job (KB)
...
006 (5415472.111.000) 07/13 06:24:47 Image size of job updated: 1600996
	1013  -  MemoryUsage of job (MB)
	1037204  -  ResidentSetSize of job (KB)
...
006 (5415472.111.000) 07/13 07:09:55 Image size of job updated: 1601900
	1014  -  MemoryUsage of job (MB)
	1038108  -  ResidentSetSize of job (KB)
...
006 (5415472.111.000) 07/13 07:54:57 Image size of job updated: 1602804
	1015  -  MemoryUsage of job (MB)
	1039012  -  ResidentSetSize of job (KB)
...
006 (5415472.111.000) 07/13 08:35:01 Image size of job updated: 1603712
	1016  -  MemoryUsage of job (MB)
	1039920  -  ResidentSetSize of job (KB)
...
006 (5415472.111.000) 07/13 09:20:06 Image size of job updated: 1604616
	1017  -  MemoryUsage of job (MB)
	1040824  -  ResidentSetSize of job (KB)
...
006 (5415472.111.000) 07/13 10:00:10 Image size of job updated: 1605524
	1018  -  MemoryUsage of job (MB)
	1041732  -  ResidentSetSize of job (KB)
...
006 (5415472.111.000) 07/13 10:45:15 Image size of job updated: 1606428
	1019  -  MemoryUsage of job (MB)
	1042636  -  ResidentSetSize of job (KB)
...
006 (5415472.111.000) 07/13 11:25:18 Image size of job updated: 1607332
	1020  -  MemoryUsage of job (MB)
	1043540  -  ResidentSetSize of job (KB)
...
006 (5415472.111.000) 07/13 12:03:48 Image size of job updated: 1608240
	1020  -  MemoryUsage of job (MB)
	1044448  -  ResidentSetSize of job (KB)
...
006 (5415472.111.000) 07/13 12:48:54 Image size of job updated: 1609144
	1021  -  MemoryUsage of job (MB)
	1045352  -  ResidentSetSize of job (KB)
...
006 (5415472.111.000) 07/13 13:28:56 Image size of job updated: 1610052
	1022  -  MemoryUsage of job (MB)
	1046260  -  ResidentSetSize of job (KB)
...
006 (5415472.111.000) 07/13 13:48:59 Image size of job updated: 1613124
	1024  -  MemoryUsage of job (MB)
	1047808  -  ResidentSetSize of job (KB)
...
006 (5415472.111.000) 07/13 14:09:01 Image size of job updated: 1613124
	1024  -  MemoryUsage of job (MB)
	1047820  -  ResidentSetSize of job (KB)
...
006 (5415472.111.000) 07/13 14:34:03 Image size of job updated: 1613124
	1024  -  MemoryUsage of job (MB)
	1047832  -  ResidentSetSize of job (KB)
...
006 (5415472.111.000) 07/13 14:54:04 Image size of job updated: 1614028
	1025  -  MemoryUsage of job (MB)
	1048748  -  ResidentSetSize of job (KB)
...
006 (5415472.111.000) 07/13 15:14:07 Image size of job updated: 1614028
	1025  -  MemoryUsage of job (MB)
	1048760  -  ResidentSetSize of job (KB)
...
006 (5415472.111.000) 07/13 15:34:10 Image size of job updated: 1614936
	1026  -  MemoryUsage of job (MB)
	1049668  -  ResidentSetSize of job (KB)
...
006 (5415472.111.000) 07/13 15:39:11 Image size of job updated: 1614936
	1026  -  MemoryUsage of job (MB)
	1049680  -  ResidentSetSize of job (KB)
...
006 (5415472.111.000) 07/13 15:59:12 Image size of job updated: 1614936
	1026  -  MemoryUsage of job (MB)
	1049692  -  ResidentSetSize of job (KB)
...
006 (5415472.111.000) 07/13 16:19:13 Image size of job updated: 1615840
	1026  -  MemoryUsage of job (MB)
	1050596  -  ResidentSetSize of job (KB)
...
006 (5415472.111.000) 07/13 16:24:13 Image size of job updated: 1615840
	1026  -  MemoryUsage of job (MB)
	1050608  -  ResidentSetSize of job (KB)
...
006 (5415472.111.000) 07/13 16:44:15 Image size of job updated: 1615840
	1026  -  MemoryUsage of job (MB)
	1050620  -  ResidentSetSize of job (KB)
...
006 (5415472.111.000) 07/13 16:59:16 Image size of job updated: 1616744
	1027  -  MemoryUsage of job (MB)
	1051524  -  ResidentSetSize of job (KB)
...
006 (5415472.111.000) 07/13 17:09:18 Image size of job updated: 1616744
	1027  -  MemoryUsage of job (MB)
	1051536  -  ResidentSetSize of job (KB)
...
006 (5415472.111.000) 07/13 17:29:41 Image size of job updated: 1616744
	1027  -  MemoryUsage of job (MB)
	1051548  -  ResidentSetSize of job (KB)
...
006 (5415472.111.000) 07/13 17:44:41 Image size of job updated: 1617652
	1028  -  MemoryUsage of job (MB)
	1052456  -  ResidentSetSize of job (KB)
...
006 (5415472.111.000) 07/13 17:54:42 Image size of job updated: 1617652
	1028  -  MemoryUsage of job (MB)
	1052468  -  ResidentSetSize of job (KB)
...
006 (5415472.111.000) 07/13 18:14:44 Image size of job updated: 1617652
	1028  -  MemoryUsage of job (MB)
	1052480  -  ResidentSetSize of job (KB)
...
006 (5415472.111.000) 07/13 18:24:44 Image size of job updated: 1618556
	1029  -  MemoryUsage of job (MB)
	1053384  -  ResidentSetSize of job (KB)
...
006 (5415472.111.000) 07/13 18:34:45 Image size of job updated: 1618556
	1029  -  MemoryUsage of job (MB)
	1053396  -  ResidentSetSize of job (KB)
...
006 (5415472.111.000) 07/13 18:54:47 Image size of job updated: 1618556
	1029  -  MemoryUsage of job (MB)
	1053408  -  ResidentSetSize of job (KB)
...
006 (5415472.111.000) 07/13 19:04:47 Image size of job updated: 1619464
	1030  -  MemoryUsage of job (MB)
	1054316  -  ResidentSetSize of job (KB)
...
006 (5415472.111.000) 07/13 19:14:48 Image size of job updated: 1619464
	1030  -  MemoryUsage of job (MB)
	1054328  -  ResidentSetSize of job (KB)
...
006 (5415472.111.000) 07/13 19:39:52 Image size of job updated: 1619464
	1031  -  MemoryUsage of job (MB)
	1055244  -  ResidentSetSize of job (KB)
...
006 (5415472.111.000) 07/13 19:44:53 Image size of job updated: 1620368
	1031  -  MemoryUsage of job (MB)
	1055244  -  ResidentSetSize of job (KB)
...
006 (5415472.111.000) 07/13 19:59:56 Image size of job updated: 1620368
	1031  -  MemoryUsage of job (MB)
	1055256  -  ResidentSetSize of job (KB)
...
006 (5415472.111.000) 07/13 20:19:58 Image size of job updated: 1620368
	1031  -  MemoryUsage of job (MB)
	1055268  -  ResidentSetSize of job (KB)
...
006 (5415472.111.000) 07/13 20:24:59 Image size of job updated: 1621272
	1032  -  MemoryUsage of job (MB)
	1056172  -  ResidentSetSize of job (KB)
...
006 (5415472.111.000) 07/13 20:45:02 Image size of job updated: 1621272
	1032  -  MemoryUsage of job (MB)
	1056184  -  ResidentSetSize of job (KB)
...
006 (5415472.111.000) 07/13 21:05:03 Image size of job updated: 1622180
	1033  -  MemoryUsage of job (MB)
	1057104  -  ResidentSetSize of job (KB)
...
006 (5415472.111.000) 07/13 21:25:03 Image size of job updated: 1622180
	1033  -  MemoryUsage of job (MB)
	1057116  -  ResidentSetSize of job (KB)
...
006 (5415472.111.000) 07/13 21:45:06 Image size of job updated: 1623084
	1034  -  MemoryUsage of job (MB)
	1058032  -  ResidentSetSize of job (KB)
...
006 (5415472.111.000) 07/13 22:05:06 Image size of job updated: 1623084
	1034  -  MemoryUsage of job (MB)
	1058044  -  ResidentSetSize of job (KB)
...
006 (5415472.111.000) 07/13 22:25:09 Image size of job updated: 1623992
	1035  -  MemoryUsage of job (MB)
	1058952  -  ResidentSetSize of job (KB)
...
006 (5415472.111.000) 07/13 22:30:10 Image size of job updated: 1623992
	1035  -  MemoryUsage of job (MB)
	1058964  -  ResidentSetSize of job (KB)
...
006 (5415472.111.000) 07/13 22:50:12 Image size of job updated: 1623992
	1035  -  MemoryUsage of job (MB)
	1058976  -  ResidentSetSize of job (KB)
...
006 (5415472.111.000) 07/13 23:05:13 Image size of job updated: 1624896
	1036  -  MemoryUsage of job (MB)
	1059880  -  ResidentSetSize of job (KB)
...
006 (5415472.111.000) 07/13 23:15:14 Image size of job updated: 1624896
	1036  -  MemoryUsage of job (MB)
	1059892  -  ResidentSetSize of job (KB)
...
006 (5415472.111.000) 07/13 23:35:14 Image size of job updated: 1624896
	1036  -  MemoryUsage of job (MB)
	1059904  -  ResidentSetSize of job (KB)
...
006 (5415472.111.000) 07/13 23:50:17 Image size of job updated: 1625800
	1036  -  MemoryUsage of job (MB)
	1060808  -  ResidentSetSize of job (KB)
...
006 (5415472.111.000) 07/14 00:00:19 Image size of job updated: 1625800
	1036  -  MemoryUsage of job (MB)
	1060820  -  ResidentSetSize of job (KB)
...
006 (5415472.111.000) 07/14 00:25:22 Image size of job updated: 1625800
	1036  -  MemoryUsage of job (MB)
	1060832  -  ResidentSetSize of job (KB)
...
006 (5415472.111.000) 07/14 00:30:23 Image size of job updated: 1626708
	1037  -  MemoryUsage of job (MB)
	1061740  -  ResidentSetSize of job (KB)
...
006 (5415472.111.000) 07/14 00:45:23 Image size of job updated: 1626708
	1037  -  MemoryUsage of job (MB)
	1061752  -  ResidentSetSize of job (KB)
...
006 (5415472.111.000) 07/14 01:05:23 Image size of job updated: 1626708
	1037  -  MemoryUsage of job (MB)
	1061756  -  ResidentSetSize of job (KB)
...
006 (5415472.111.000) 07/14 01:10:24 Image size of job updated: 1626708
	1037  -  MemoryUsage of job (MB)
	1061764  -  ResidentSetSize of job (KB)
...
006 (5415472.111.000) 07/14 01:15:25 Image size of job updated: 1627612
	1038  -  MemoryUsage of job (MB)
	1062668  -  ResidentSetSize of job (KB)
...
006 (5415472.111.000) 07/14 01:30:27 Image size of job updated: 1627612
	1038  -  MemoryUsage of job (MB)
	1062680  -  ResidentSetSize of job (KB)
...
006 (5415472.111.000) 07/14 01:45:27 Image size of job updated: 1627612
	1038  -  MemoryUsage of job (MB)
	1062692  -  ResidentSetSize of job (KB)
...
006 (5415472.111.000) 07/14 01:50:28 Image size of job updated: 1628520
	1039  -  MemoryUsage of job (MB)
	1063600  -  ResidentSetSize of job (KB)
...
006 (5415472.111.000) 07/14 02:05:30 Image size of job updated: 1628520
	1039  -  MemoryUsage of job (MB)
	1063612  -  ResidentSetSize of job (KB)
...
006 (5415472.111.000) 07/14 02:25:32 Image size of job updated: 1629424
	1040  -  MemoryUsage of job (MB)
	1064528  -  ResidentSetSize of job (KB)
...
006 (5415472.111.000) 07/14 02:45:34 Image size of job updated: 1629424
	1040  -  MemoryUsage of job (MB)
	1064540  -  ResidentSetSize of job (KB)
...
006 (5415472.111.000) 07/14 03:05:36 Image size of job updated: 1630328
	1041  -  MemoryUsage of job (MB)
	1065456  -  ResidentSetSize of job (KB)
...
006 (5415472.111.000) 07/14 03:25:39 Image size of job updated: 1630328
	1041  -  MemoryUsage of job (MB)
	1065460  -  ResidentSetSize of job (KB)
...
006 (5415472.111.000) 07/14 03:30:39 Image size of job updated: 1630328
	1041  -  MemoryUsage of job (MB)
	1065468  -  ResidentSetSize of job (KB)
...
006 (5415472.111.000) 07/14 03:45:41 Image size of job updated: 1631236
	1042  -  MemoryUsage of job (MB)
	1066376  -  ResidentSetSize of job (KB)
...
006 (5415472.111.000) 07/14 03:50:42 Image size of job updated: 1631236
	1042  -  MemoryUsage of job (MB)
	1066388  -  ResidentSetSize of job (KB)
...
006 (5415472.111.000) 07/14 04:10:44 Image size of job updated: 1631236
	1042  -  MemoryUsage of job (MB)
	1066400  -  ResidentSetSize of job (KB)
...
006 (5415472.111.000) 07/14 04:25:45 Image size of job updated: 1632140
	1043  -  MemoryUsage of job (MB)
	1067304  -  ResidentSetSize of job (KB)
...
006 (5415472.111.000) 07/14 04:30:46 Image size of job updated: 1632140
	1043  -  MemoryUsage of job (MB)
	1067316  -  ResidentSetSize of job (KB)
...
006 (5415472.111.000) 07/14 04:50:48 Image size of job updated: 1632140
	1043  -  MemoryUsage of job (MB)
	1067328  -  ResidentSetSize of job (KB)
...
006 (5415472.111.000) 07/14 05:00:50 Image size of job updated: 1633048
	1044  -  MemoryUsage of job (MB)
	1068236  -  ResidentSetSize of job (KB)
...
006 (5415472.111.000) 07/14 05:10:50 Image size of job updated: 1633048
	1044  -  MemoryUsage of job (MB)
	1068248  -  ResidentSetSize of job (KB)
...
006 (5415472.111.000) 07/14 05:30:51 Image size of job updated: 1633048
	1044  -  MemoryUsage of job (MB)
	1068252  -  ResidentSetSize of job (KB)
...
006 (5415472.111.000) 07/14 05:35:52 Image size of job updated: 1633048
	1044  -  MemoryUsage of job (MB)
	1068260  -  ResidentSetSize of job (KB)
...
006 (5415472.111.000) 07/14 05:40:53 Image size of job updated: 1633952
	1045  -  MemoryUsage of job (MB)
	1069164  -  ResidentSetSize of job (KB)
...
006 (5415472.111.000) 07/14 05:55:54 Image size of job updated: 1633952
	1045  -  MemoryUsage of job (MB)
	1069176  -  ResidentSetSize of job (KB)
...
006 (5415472.111.000) 07/14 06:20:57 Image size of job updated: 1633952
	1045  -  MemoryUsage of job (MB)
	1069188  -  ResidentSetSize of job (KB)
...
006 (5415472.111.000) 07/14 06:25:58 Image size of job updated: 1634860
	1046  -  MemoryUsage of job (MB)
	1070096  -  ResidentSetSize of job (KB)
...
006 (5415472.111.000) 07/14 06:40:59 Image size of job updated: 1634860
	1046  -  MemoryUsage of job (MB)
	1070108  -  ResidentSetSize of job (KB)
...
006 (5415472.111.000) 07/14 07:01:02 Image size of job updated: 1634860
	1046  -  MemoryUsage of job (MB)
	1070120  -  ResidentSetSize of job (KB)
...
006 (5415472.111.000) 07/14 07:06:03 Image size of job updated: 1635764
	1046  -  MemoryUsage of job (MB)
	1071024  -  ResidentSetSize of job (KB)
...
006 (5415472.111.000) 07/14 07:21:06 Image size of job updated: 1635764
	1046  -  MemoryUsage of job (MB)
	1071036  -  ResidentSetSize of job (KB)
...
006 (5415472.111.000) 07/14 07:41:07 Image size of job updated: 1635764
	1046  -  MemoryUsage of job (MB)
	1071048  -  ResidentSetSize of job (KB)
...
006 (5415472.111.000) 07/14 07:46:08 Image size of job updated: 1636668
	1047  -  MemoryUsage of job (MB)
	1071952  -  ResidentSetSize of job (KB)
...
006 (5415472.111.000) 07/14 08:01:09 Image size of job updated: 1636668
	1047  -  MemoryUsage of job (MB)
	1071964  -  ResidentSetSize of job (KB)
...
006 (5415472.111.000) 07/14 08:26:11 Image size of job updated: 1637576
	1048  -  MemoryUsage of job (MB)
	1072884  -  ResidentSetSize of job (KB)
...
006 (5415472.111.000) 07/14 08:46:13 Image size of job updated: 1637576
	1048  -  MemoryUsage of job (MB)
	1072896  -  ResidentSetSize of job (KB)
...
006 (5415472.111.000) 07/14 09:01:15 Image size of job updated: 1642104
	1053  -  MemoryUsage of job (MB)
	1077436  -  ResidentSetSize of job (KB)
...
006 (5415472.111.000) 07/14 09:21:16 Image size of job updated: 1642104
	1053  -  MemoryUsage of job (MB)
	1077448  -  ResidentSetSize of job (KB)
...
006 (5415472.111.000) 07/14 09:41:19 Image size of job updated: 1642104
	1053  -  MemoryUsage of job (MB)
	1077460  -  ResidentSetSize of job (KB)
...
006 (5415472.111.000) 07/14 10:01:22 Image size of job updated: 1642104
	1053  -  MemoryUsage of job (MB)
	1077472  -  ResidentSetSize of job (KB)
...
006 (5415472.111.000) 07/14 10:16:24 Image size of job updated: 1642104
	1053  -  MemoryUsage of job (MB)
	1077484  -  ResidentSetSize of job (KB)
...
006 (5415472.111.000) 07/14 10:36:26 Image size of job updated: 1642104
	1053  -  MemoryUsage of job (MB)
	1077496  -  ResidentSetSize of job (KB)
...
006 (5415472.111.000) 07/14 10:56:29 Image size of job updated: 1642104
	1053  -  MemoryUsage of job (MB)
	1077508  -  ResidentSetSize of job (KB)
...
006 (5415472.111.000) 07/14 11:11:30 Image size of job updated: 1642104
	1053  -  MemoryUsage of job (MB)
	1077520  -  ResidentSetSize of job (KB)
...
006 (5415472.111.000) 07/14 11:31:33 Image size of job updated: 1642104
	1053  -  MemoryUsage of job (MB)
	1077532  -  ResidentSetSize of job (KB)
...
006 (5415472.111.000) 07/14 11:46:34 Image size of job updated: 1642104
	1053  -  MemoryUsage of job (MB)
	1077544  -  ResidentSetSize of job (KB)
...
006 (5415472.111.000) 07/14 12:06:36 Image size of job updated: 1642104
	1053  -  MemoryUsage of job (MB)
	1077556  -  ResidentSetSize of job (KB)
...
006 (5415472.111.000) 07/14 12:26:37 Image size of job updated: 1642104
	1053  -  MemoryUsage of job (MB)
	1077568  -  ResidentSetSize of job (KB)
...
006 (5415472.111.000) 07/14 12:46:40 Image size of job updated: 1642104
	1053  -  MemoryUsage of job (MB)
	1077580  -  ResidentSetSize of job (KB)
...
006 (5415472.111.000) 07/14 13:06:43 Image size of job updated: 1642104
	1053  -  MemoryUsage of job (MB)
	1077592  -  ResidentSetSize of job (KB)
...
006 (5415472.111.000) 07/14 13:26:44 Image size of job updated: 1642104
	1053  -  MemoryUsage of job (MB)
	1077604  -  ResidentSetSize of job (KB)
...
006 (5415472.111.000) 07/14 13:46:45 Image size of job updated: 1642104
	1053  -  MemoryUsage of job (MB)
	1077616  -  ResidentSetSize of job (KB)
...
006 (5415472.111.000) 07/14 14:06:48 Image size of job updated: 1642104
	1053  -  MemoryUsage of job (MB)
	1077624  -  ResidentSetSize of job (KB)
...
006 (5415472.111.000) 07/14 14:11:49 Image size of job updated: 1642104
	1053  -  MemoryUsage of job (MB)
	1077628  -  ResidentSetSize of job (KB)
...
006 (5415472.111.000) 07/14 14:31:50 Image size of job updated: 1642104
	1053  -  MemoryUsage of job (MB)
	1077640  -  ResidentSetSize of job (KB)
...
006 (5415472.111.000) 07/14 14:51:53 Image size of job updated: 1642104
	1053  -  MemoryUsage of job (MB)
	1077652  -  ResidentSetSize of job (KB)
...
006 (5415472.111.000) 07/14 15:16:56 Image size of job updated: 1642104
	1053  -  MemoryUsage of job (MB)
	1077664  -  ResidentSetSize of job (KB)
...
006 (5415472.111.000) 07/14 15:36:57 Image size of job updated: 1642104
	1053  -  MemoryUsage of job (MB)
	1077676  -  ResidentSetSize of job (KB)
...
006 (5415472.111.000) 07/14 15:56:57 Image size of job updated: 1642104
	1053  -  MemoryUsage of job (MB)
	1077688  -  ResidentSetSize of job (KB)
...
040 (5415472.111.000) 07/14 15:59:17 Started transferring output files
...
040 (5415472.111.000) 07/14 15:59:17 Finished transferring output files
...
004 (5415472.111.000) 07/14 15:59:17 Job was evicted.
	(0) CPU times
		Usr 9 11:47:28, Sys 0 00:22:19  -  Run Remote Usage
		Usr 0 00:00:00, Sys 0 00:00:00  -  Run Local Usage
	96191  -  Run Bytes Sent By Job
	803  -  Run Bytes Received By Job
	Partitionable Resources :    Usage  Request Allocated 
	   Cpus                 :     3.11        4         4 
	   Disk (KB)            :   120    10485760  11980239 
	   Memory (MB)          :  1053        8000      8000 
...
