000 (5415472.435.000) 07/11 14:02:30 Job submitted from host: <137.138.156.150:9618?addrs=137.138.156.150-9618+[2001-1458-d00-14--9a]-9618&alias=bigbird13.cern.ch&noUDP&sock=schedd_1788_ff6c>
...
040 (5415472.435.000) 07/12 05:48:33 Started transferring input files
	Transferring to host: <128.142.59.100:9618?addrs=128.142.59.100-9618+[2001-1458-301-21--100-63]-9618&alias=b7s04p3308.cern.ch&noUDP&sock=slot1_12_7027_e837_2446>
...
040 (5415472.435.000) 07/12 05:48:33 Finished transferring input files
...
001 (5415472.435.000) 07/12 05:48:34 Job executing on host: <128.142.59.100:9618?addrs=128.142.59.100-9618+[2001-1458-301-21--100-63]-9618&alias=b7s04p3308.cern.ch&noUDP&sock=startd_6574_cbb1>
...
006 (5415472.435.000) 07/12 05:48:42 Image size of job updated: 260264
	195  -  MemoryUsage of job (MB)
	199280  -  ResidentSetSize of job (KB)
...
006 (5415472.435.000) 07/12 05:53:42 Image size of job updated: 1591028
	1004  -  MemoryUsage of job (MB)
	1027460  -  ResidentSetSize of job (KB)
...
006 (5415472.435.000) 07/12 20:35:15 Image size of job updated: 1591028
	1006  -  MemoryUsage of job (MB)
	1029308  -  ResidentSetSize of job (KB)
...
006 (5415472.435.000) 07/13 13:46:22 Image size of job updated: 1592012
	1006  -  MemoryUsage of job (MB)
	1029308  -  ResidentSetSize of job (KB)
...
006 (5415472.435.000) 07/13 14:26:27 Image size of job updated: 1592916
	1006  -  MemoryUsage of job (MB)
	1029308  -  ResidentSetSize of job (KB)
...
006 (5415472.435.000) 07/13 15:06:31 Image size of job updated: 1593824
	1006  -  MemoryUsage of job (MB)
	1029308  -  ResidentSetSize of job (KB)
...
006 (5415472.435.000) 07/13 15:51:34 Image size of job updated: 1594728
	1006  -  MemoryUsage of job (MB)
	1029308  -  ResidentSetSize of job (KB)
...
006 (5415472.435.000) 07/13 16:36:38 Image size of job updated: 1595636
	1006  -  MemoryUsage of job (MB)
	1029308  -  ResidentSetSize of job (KB)
...
006 (5415472.435.000) 07/13 17:16:44 Image size of job updated: 1596540
	1006  -  MemoryUsage of job (MB)
	1029308  -  ResidentSetSize of job (KB)
...
006 (5415472.435.000) 07/13 18:02:01 Image size of job updated: 1597444
	1006  -  MemoryUsage of job (MB)
	1029308  -  ResidentSetSize of job (KB)
...
006 (5415472.435.000) 07/13 18:42:03 Image size of job updated: 1598352
	1006  -  MemoryUsage of job (MB)
	1029308  -  ResidentSetSize of job (KB)
...
006 (5415472.435.000) 07/13 19:22:07 Image size of job updated: 1599256
	1006  -  MemoryUsage of job (MB)
	1029308  -  ResidentSetSize of job (KB)
...
006 (5415472.435.000) 07/13 20:02:13 Image size of job updated: 1600164
	1006  -  MemoryUsage of job (MB)
	1029308  -  ResidentSetSize of job (KB)
...
006 (5415472.435.000) 07/13 20:42:17 Image size of job updated: 1601068
	1006  -  MemoryUsage of job (MB)
	1029308  -  ResidentSetSize of job (KB)
...
006 (5415472.435.000) 07/13 21:22:21 Image size of job updated: 1601972
	1006  -  MemoryUsage of job (MB)
	1029308  -  ResidentSetSize of job (KB)
...
006 (5415472.435.000) 07/13 22:02:24 Image size of job updated: 1602880
	1006  -  MemoryUsage of job (MB)
	1029308  -  ResidentSetSize of job (KB)
...
006 (5415472.435.000) 07/13 22:42:25 Image size of job updated: 1603784
	1006  -  MemoryUsage of job (MB)
	1029308  -  ResidentSetSize of job (KB)
...
006 (5415472.435.000) 07/13 23:22:31 Image size of job updated: 1604692
	1006  -  MemoryUsage of job (MB)
	1029308  -  ResidentSetSize of job (KB)
...
006 (5415472.435.000) 07/14 00:07:38 Image size of job updated: 1605596
	1006  -  MemoryUsage of job (MB)
	1029308  -  ResidentSetSize of job (KB)
...
006 (5415472.435.000) 07/14 00:47:43 Image size of job updated: 1606500
	1006  -  MemoryUsage of job (MB)
	1029308  -  ResidentSetSize of job (KB)
...
006 (5415472.435.000) 07/14 01:27:45 Image size of job updated: 1607408
	1006  -  MemoryUsage of job (MB)
	1029308  -  ResidentSetSize of job (KB)
...
006 (5415472.435.000) 07/14 02:07:50 Image size of job updated: 1608312
	1006  -  MemoryUsage of job (MB)
	1029308  -  ResidentSetSize of job (KB)
...
006 (5415472.435.000) 07/14 02:47:56 Image size of job updated: 1609220
	1006  -  MemoryUsage of job (MB)
	1029308  -  ResidentSetSize of job (KB)
...
006 (5415472.435.000) 07/14 03:33:02 Image size of job updated: 1610124
	1006  -  MemoryUsage of job (MB)
	1029308  -  ResidentSetSize of job (KB)
...
006 (5415472.435.000) 07/14 03:48:03 Image size of job updated: 1613196
	1006  -  MemoryUsage of job (MB)
	1029308  -  ResidentSetSize of job (KB)
...
006 (5415472.435.000) 07/14 04:53:09 Image size of job updated: 1614104
	1006  -  MemoryUsage of job (MB)
	1029308  -  ResidentSetSize of job (KB)
...
006 (5415472.435.000) 07/14 05:38:15 Image size of job updated: 1615008
	1006  -  MemoryUsage of job (MB)
	1029308  -  ResidentSetSize of job (KB)
...
006 (5415472.435.000) 07/14 06:23:21 Image size of job updated: 1615912
	1006  -  MemoryUsage of job (MB)
	1029308  -  ResidentSetSize of job (KB)
...
006 (5415472.435.000) 07/14 07:03:26 Image size of job updated: 1616820
	1006  -  MemoryUsage of job (MB)
	1029308  -  ResidentSetSize of job (KB)
...
006 (5415472.435.000) 07/14 07:43:33 Image size of job updated: 1617724
	1006  -  MemoryUsage of job (MB)
	1029308  -  ResidentSetSize of job (KB)
...
006 (5415472.435.000) 07/14 08:18:36 Image size of job updated: 1618632
	1006  -  MemoryUsage of job (MB)
	1029308  -  ResidentSetSize of job (KB)
...
006 (5415472.435.000) 07/14 08:53:38 Image size of job updated: 1619536
	1006  -  MemoryUsage of job (MB)
	1029308  -  ResidentSetSize of job (KB)
...
006 (5415472.435.000) 07/14 09:28:40 Image size of job updated: 1620440
	1006  -  MemoryUsage of job (MB)
	1029308  -  ResidentSetSize of job (KB)
...
006 (5415472.435.000) 07/14 10:08:44 Image size of job updated: 1621348
	1006  -  MemoryUsage of job (MB)
	1029308  -  ResidentSetSize of job (KB)
...
006 (5415472.435.000) 07/14 10:43:46 Image size of job updated: 1622252
	1006  -  MemoryUsage of job (MB)
	1029308  -  ResidentSetSize of job (KB)
...
006 (5415472.435.000) 07/14 11:23:49 Image size of job updated: 1623160
	1006  -  MemoryUsage of job (MB)
	1029308  -  ResidentSetSize of job (KB)
...
006 (5415472.435.000) 07/14 11:58:52 Image size of job updated: 1624064
	1006  -  MemoryUsage of job (MB)
	1029308  -  ResidentSetSize of job (KB)
...
006 (5415472.435.000) 07/14 12:38:55 Image size of job updated: 1624968
	1006  -  MemoryUsage of job (MB)
	1029308  -  ResidentSetSize of job (KB)
...
006 (5415472.435.000) 07/14 13:13:57 Image size of job updated: 1625876
	1006  -  MemoryUsage of job (MB)
	1029308  -  ResidentSetSize of job (KB)
...
006 (5415472.435.000) 07/14 13:53:59 Image size of job updated: 1626780
	1006  -  MemoryUsage of job (MB)
	1029308  -  ResidentSetSize of job (KB)
...
006 (5415472.435.000) 07/14 14:39:03 Image size of job updated: 1627688
	1006  -  MemoryUsage of job (MB)
	1029308  -  ResidentSetSize of job (KB)
...
006 (5415472.435.000) 07/14 15:19:07 Image size of job updated: 1628592
	1006  -  MemoryUsage of job (MB)
	1029308  -  ResidentSetSize of job (KB)
...
006 (5415472.435.000) 07/14 16:09:10 Image size of job updated: 1629500
	1006  -  MemoryUsage of job (MB)
	1029308  -  ResidentSetSize of job (KB)
...
006 (5415472.435.000) 07/14 16:54:16 Image size of job updated: 1630404
	1006  -  MemoryUsage of job (MB)
	1029308  -  ResidentSetSize of job (KB)
...
006 (5415472.435.000) 07/14 17:39:19 Image size of job updated: 1631308
	1006  -  MemoryUsage of job (MB)
	1029308  -  ResidentSetSize of job (KB)
...
006 (5415472.435.000) 07/14 18:19:21 Image size of job updated: 1632216
	1006  -  MemoryUsage of job (MB)
	1029308  -  ResidentSetSize of job (KB)
...
006 (5415472.435.000) 07/14 19:04:28 Image size of job updated: 1636744
	1006  -  MemoryUsage of job (MB)
	1029308  -  ResidentSetSize of job (KB)
...
007 (5415472.435.000) 07/14 21:09:05 Shadow exception!
	Assertion ERROR on (result)
	0  -  Run Bytes Sent By Job
	803  -  Run Bytes Received By Job
...
