000 (5415472.103.000) 07/11 14:02:29 Job submitted from host: <137.138.156.150:9618?addrs=137.138.156.150-9618+[2001-1458-d00-14--9a]-9618&alias=bigbird13.cern.ch&noUDP&sock=schedd_1788_ff6c>
...
040 (5415472.103.000) 07/11 14:10:23 Started transferring input files
	Transferring to host: <128.142.86.186:9618?addrs=128.142.86.186-9618+[2001-1458-301-f6--100-1c9]-9618&alias=b7s14n2932.cern.ch&noUDP&sock=slot1_10_5772_a564_61066>
...
040 (5415472.103.000) 07/11 14:10:23 Finished transferring input files
...
001 (5415472.103.000) 07/11 14:10:24 Job executing on host: <128.142.86.186:9618?addrs=128.142.86.186-9618+[2001-1458-301-f6--100-1c9]-9618&alias=b7s14n2932.cern.ch&noUDP&sock=startd_4566_7985>
...
006 (5415472.103.000) 07/11 14:10:33 Image size of job updated: 570628
	62  -  MemoryUsage of job (MB)
	63000  -  ResidentSetSize of job (KB)
...
006 (5415472.103.000) 07/11 14:15:33 Image size of job updated: 1591000
	1004  -  MemoryUsage of job (MB)
	1027440  -  ResidentSetSize of job (KB)
...
006 (5415472.103.000) 07/13 16:35:27 Image size of job updated: 1591984
	1004  -  MemoryUsage of job (MB)
	1027440  -  ResidentSetSize of job (KB)
...
006 (5415472.103.000) 07/13 17:37:11 Image size of job updated: 1592888
	1004  -  MemoryUsage of job (MB)
	1027440  -  ResidentSetSize of job (KB)
...
006 (5415472.103.000) 07/13 18:33:19 Image size of job updated: 1593796
	1004  -  MemoryUsage of job (MB)
	1027440  -  ResidentSetSize of job (KB)
...
006 (5415472.103.000) 07/13 19:23:24 Image size of job updated: 1594700
	1004  -  MemoryUsage of job (MB)
	1027440  -  ResidentSetSize of job (KB)
...
006 (5415472.103.000) 07/13 20:18:33 Image size of job updated: 1595604
	1004  -  MemoryUsage of job (MB)
	1027440  -  ResidentSetSize of job (KB)
...
006 (5415472.103.000) 07/13 21:08:36 Image size of job updated: 1596512
	1004  -  MemoryUsage of job (MB)
	1027440  -  ResidentSetSize of job (KB)
...
006 (5415472.103.000) 07/13 22:03:40 Image size of job updated: 1597416
	1004  -  MemoryUsage of job (MB)
	1027440  -  ResidentSetSize of job (KB)
...
006 (5415472.103.000) 07/13 22:58:42 Image size of job updated: 1598324
	1004  -  MemoryUsage of job (MB)
	1027440  -  ResidentSetSize of job (KB)
...
006 (5415472.103.000) 07/13 23:53:46 Image size of job updated: 1599228
	1004  -  MemoryUsage of job (MB)
	1027440  -  ResidentSetSize of job (KB)
...
006 (5415472.103.000) 07/14 00:43:51 Image size of job updated: 1600132
	1004  -  MemoryUsage of job (MB)
	1027440  -  ResidentSetSize of job (KB)
...
006 (5415472.103.000) 07/14 01:33:55 Image size of job updated: 1601040
	1004  -  MemoryUsage of job (MB)
	1027440  -  ResidentSetSize of job (KB)
...
006 (5415472.103.000) 07/14 02:18:58 Image size of job updated: 1601944
	1004  -  MemoryUsage of job (MB)
	1027440  -  ResidentSetSize of job (KB)
...
006 (5415472.103.000) 07/14 03:24:03 Image size of job updated: 1602852
	1004  -  MemoryUsage of job (MB)
	1027440  -  ResidentSetSize of job (KB)
...
006 (5415472.103.000) 07/14 04:34:11 Image size of job updated: 1603756
	1004  -  MemoryUsage of job (MB)
	1027440  -  ResidentSetSize of job (KB)
...
006 (5415472.103.000) 07/14 05:39:17 Image size of job updated: 1604660
	1004  -  MemoryUsage of job (MB)
	1027440  -  ResidentSetSize of job (KB)
...
006 (5415472.103.000) 07/14 06:49:27 Image size of job updated: 1605568
	1004  -  MemoryUsage of job (MB)
	1027440  -  ResidentSetSize of job (KB)
...
006 (5415472.103.000) 07/14 07:54:31 Image size of job updated: 1606472
	1004  -  MemoryUsage of job (MB)
	1027440  -  ResidentSetSize of job (KB)
...
006 (5415472.103.000) 07/14 08:59:40 Image size of job updated: 1607380
	1004  -  MemoryUsage of job (MB)
	1027440  -  ResidentSetSize of job (KB)
...
006 (5415472.103.000) 07/14 09:54:46 Image size of job updated: 1608284
	1004  -  MemoryUsage of job (MB)
	1027440  -  ResidentSetSize of job (KB)
...
006 (5415472.103.000) 07/14 11:04:56 Image size of job updated: 1609192
	1004  -  MemoryUsage of job (MB)
	1027440  -  ResidentSetSize of job (KB)
...
006 (5415472.103.000) 07/14 12:15:04 Image size of job updated: 1610096
	1004  -  MemoryUsage of job (MB)
	1027440  -  ResidentSetSize of job (KB)
...
006 (5415472.103.000) 07/14 12:50:07 Image size of job updated: 1613168
	1004  -  MemoryUsage of job (MB)
	1027440  -  ResidentSetSize of job (KB)
...
006 (5415472.103.000) 07/14 14:35:19 Image size of job updated: 1614072
	1004  -  MemoryUsage of job (MB)
	1027440  -  ResidentSetSize of job (KB)
...
006 (5415472.103.000) 07/14 15:40:24 Image size of job updated: 1614980
	1004  -  MemoryUsage of job (MB)
	1027440  -  ResidentSetSize of job (KB)
...
006 (5415472.103.000) 07/14 16:35:31 Image size of job updated: 1615884
	1004  -  MemoryUsage of job (MB)
	1027440  -  ResidentSetSize of job (KB)
...
006 (5415472.103.000) 07/14 17:40:40 Image size of job updated: 1616792
	1004  -  MemoryUsage of job (MB)
	1027440  -  ResidentSetSize of job (KB)
...
006 (5415472.103.000) 07/14 18:45:44 Image size of job updated: 1617696
	1004  -  MemoryUsage of job (MB)
	1027440  -  ResidentSetSize of job (KB)
...
006 (5415472.103.000) 07/14 19:55:54 Image size of job updated: 1618600
	1004  -  MemoryUsage of job (MB)
	1027440  -  ResidentSetSize of job (KB)
...
006 (5415472.103.000) 07/14 21:01:00 Image size of job updated: 1619508
	1004  -  MemoryUsage of job (MB)
	1027440  -  ResidentSetSize of job (KB)
...
006 (5415472.103.000) 07/14 21:58:11 Image size of job updated: 1620412
	1004  -  MemoryUsage of job (MB)
	1027440  -  ResidentSetSize of job (KB)
...
006 (5415472.103.000) 07/14 23:03:16 Image size of job updated: 1621320
	1004  -  MemoryUsage of job (MB)
	1027440  -  ResidentSetSize of job (KB)
...
006 (5415472.103.000) 07/15 00:03:21 Image size of job updated: 1622224
	1004  -  MemoryUsage of job (MB)
	1027440  -  ResidentSetSize of job (KB)
...
006 (5415472.103.000) 07/15 01:08:26 Image size of job updated: 1623128
	1004  -  MemoryUsage of job (MB)
	1027440  -  ResidentSetSize of job (KB)
...
006 (5415472.103.000) 07/15 02:08:31 Image size of job updated: 1624036
	1004  -  MemoryUsage of job (MB)
	1027440  -  ResidentSetSize of job (KB)
...
006 (5415472.103.000) 07/15 03:03:35 Image size of job updated: 1624940
	1004  -  MemoryUsage of job (MB)
	1027440  -  ResidentSetSize of job (KB)
...
006 (5415472.103.000) 07/15 04:08:41 Image size of job updated: 1625848
	1005  -  MemoryUsage of job (MB)
	1028316  -  ResidentSetSize of job (KB)
...
006 (5415472.103.000) 07/15 04:18:43 Image size of job updated: 1625848
	1005  -  MemoryUsage of job (MB)
	1028328  -  ResidentSetSize of job (KB)
...
006 (5415472.103.000) 07/15 04:53:48 Image size of job updated: 1625848
	1005  -  MemoryUsage of job (MB)
	1028340  -  ResidentSetSize of job (KB)
...
006 (5415472.103.000) 07/15 05:13:51 Image size of job updated: 1626752
	1006  -  MemoryUsage of job (MB)
	1029244  -  ResidentSetSize of job (KB)
...
006 (5415472.103.000) 07/15 05:28:53 Image size of job updated: 1626752
	1006  -  MemoryUsage of job (MB)
	1029256  -  ResidentSetSize of job (KB)
...
006 (5415472.103.000) 07/15 06:08:56 Image size of job updated: 1626752
	1006  -  MemoryUsage of job (MB)
	1029268  -  ResidentSetSize of job (KB)
...
006 (5415472.103.000) 07/15 06:28:58 Image size of job updated: 1627660
	1007  -  MemoryUsage of job (MB)
	1030176  -  ResidentSetSize of job (KB)
...
006 (5415472.103.000) 07/15 06:44:00 Image size of job updated: 1627660
	1007  -  MemoryUsage of job (MB)
	1030188  -  ResidentSetSize of job (KB)
...
006 (5415472.103.000) 07/15 07:24:04 Image size of job updated: 1627660
	1007  -  MemoryUsage of job (MB)
	1030200  -  ResidentSetSize of job (KB)
...
006 (5415472.103.000) 07/15 07:39:06 Image size of job updated: 1628564
	1007  -  MemoryUsage of job (MB)
	1031104  -  ResidentSetSize of job (KB)
...
006 (5415472.103.000) 07/15 08:04:08 Image size of job updated: 1628564
	1007  -  MemoryUsage of job (MB)
	1031116  -  ResidentSetSize of job (KB)
...
006 (5415472.103.000) 07/15 08:44:10 Image size of job updated: 1628564
	1007  -  MemoryUsage of job (MB)
	1031128  -  ResidentSetSize of job (KB)
...
006 (5415472.103.000) 07/15 08:54:11 Image size of job updated: 1629468
	1008  -  MemoryUsage of job (MB)
	1032032  -  ResidentSetSize of job (KB)
...
006 (5415472.103.000) 07/15 09:19:14 Image size of job updated: 1629468
	1008  -  MemoryUsage of job (MB)
	1032044  -  ResidentSetSize of job (KB)
...
006 (5415472.103.000) 07/15 09:59:19 Image size of job updated: 1629468
	1008  -  MemoryUsage of job (MB)
	1032056  -  ResidentSetSize of job (KB)
...
006 (5415472.103.000) 07/15 10:04:20 Image size of job updated: 1630376
	1009  -  MemoryUsage of job (MB)
	1032964  -  ResidentSetSize of job (KB)
...
006 (5415472.103.000) 07/15 10:34:23 Image size of job updated: 1630376
	1009  -  MemoryUsage of job (MB)
	1032976  -  ResidentSetSize of job (KB)
...
006 (5415472.103.000) 07/15 11:14:28 Image size of job updated: 1631280
	1010  -  MemoryUsage of job (MB)
	1033892  -  ResidentSetSize of job (KB)
...
006 (5415472.103.000) 07/15 11:49:32 Image size of job updated: 1631280
	1010  -  MemoryUsage of job (MB)
	1033904  -  ResidentSetSize of job (KB)
...
006 (5415472.103.000) 07/15 12:24:34 Image size of job updated: 1632188
	1011  -  MemoryUsage of job (MB)
	1034264  -  ResidentSetSize of job (KB)
...
006 (5415472.103.000) 07/15 12:54:36 Image size of job updated: 1632188
	1011  -  MemoryUsage of job (MB)
	1034276  -  ResidentSetSize of job (KB)
...
006 (5415472.103.000) 07/15 13:29:38 Image size of job updated: 1633092
	1011  -  MemoryUsage of job (MB)
	1035168  -  ResidentSetSize of job (KB)
...
006 (5415472.103.000) 07/15 13:34:39 Image size of job updated: 1633092
	1011  -  MemoryUsage of job (MB)
	1035180  -  ResidentSetSize of job (KB)
...
006 (5415472.103.000) 07/15 14:09:42 Image size of job updated: 1633092
	1011  -  MemoryUsage of job (MB)
	1035192  -  ResidentSetSize of job (KB)
...
006 (5415472.103.000) 07/15 14:39:45 Image size of job updated: 1633996
	1012  -  MemoryUsage of job (MB)
	1036096  -  ResidentSetSize of job (KB)
...
006 (5415472.103.000) 07/15 14:49:45 Image size of job updated: 1633996
	1012  -  MemoryUsage of job (MB)
	1036108  -  ResidentSetSize of job (KB)
...
006 (5415472.103.000) 07/15 15:29:52 Image size of job updated: 1633996
	1012  -  MemoryUsage of job (MB)
	1036120  -  ResidentSetSize of job (KB)
...
006 (5415472.103.000) 07/15 15:49:55 Image size of job updated: 1634904
	1013  -  MemoryUsage of job (MB)
	1037028  -  ResidentSetSize of job (KB)
...
006 (5415472.103.000) 07/15 16:04:56 Image size of job updated: 1634904
	1013  -  MemoryUsage of job (MB)
	1037040  -  ResidentSetSize of job (KB)
...
006 (5415472.103.000) 07/15 16:44:58 Image size of job updated: 1634904
	1013  -  MemoryUsage of job (MB)
	1037052  -  ResidentSetSize of job (KB)
...
006 (5415472.103.000) 07/15 17:05:01 Image size of job updated: 1639432
	1018  -  MemoryUsage of job (MB)
	1041596  -  ResidentSetSize of job (KB)
...
006 (5415472.103.000) 07/15 17:25:04 Image size of job updated: 1639432
	1018  -  MemoryUsage of job (MB)
	1041608  -  ResidentSetSize of job (KB)
...
006 (5415472.103.000) 07/15 18:00:09 Image size of job updated: 1639432
	1018  -  MemoryUsage of job (MB)
	1041620  -  ResidentSetSize of job (KB)
...
006 (5415472.103.000) 07/16 04:22:15 Image size of job updated: 1639432
	1018  -  MemoryUsage of job (MB)
	1041628  -  ResidentSetSize of job (KB)
...
006 (5415472.103.000) 07/16 04:57:17 Image size of job updated: 1639432
	1018  -  MemoryUsage of job (MB)
	1041640  -  ResidentSetSize of job (KB)
...
006 (5415472.103.000) 07/16 05:32:20 Image size of job updated: 1639432
	1018  -  MemoryUsage of job (MB)
	1041652  -  ResidentSetSize of job (KB)
...
006 (5415472.103.000) 07/16 06:12:25 Image size of job updated: 1639432
	1018  -  MemoryUsage of job (MB)
	1041664  -  ResidentSetSize of job (KB)
...
006 (5415472.103.000) 07/16 06:47:29 Image size of job updated: 1639432
	1018  -  MemoryUsage of job (MB)
	1041676  -  ResidentSetSize of job (KB)
...
006 (5415472.103.000) 07/16 07:22:33 Image size of job updated: 1639432
	1018  -  MemoryUsage of job (MB)
	1041688  -  ResidentSetSize of job (KB)
...
006 (5415472.103.000) 07/16 07:57:35 Image size of job updated: 1639432
	1018  -  MemoryUsage of job (MB)
	1041700  -  ResidentSetSize of job (KB)
...
006 (5415472.103.000) 07/16 08:32:36 Image size of job updated: 1639432
	1018  -  MemoryUsage of job (MB)
	1041712  -  ResidentSetSize of job (KB)
...
006 (5415472.103.000) 07/17 12:42:01 Image size of job updated: 1643528
	1020  -  MemoryUsage of job (MB)
	1043756  -  ResidentSetSize of job (KB)
...
006 (5415472.103.000) 07/17 13:07:04 Image size of job updated: 1643528
	1020  -  MemoryUsage of job (MB)
	1043764  -  ResidentSetSize of job (KB)
...
006 (5415472.103.000) 07/17 13:37:06 Image size of job updated: 1643528
	1020  -  MemoryUsage of job (MB)
	1043772  -  ResidentSetSize of job (KB)
...
006 (5415472.103.000) 07/17 14:12:11 Image size of job updated: 1643528
	1020  -  MemoryUsage of job (MB)
	1043780  -  ResidentSetSize of job (KB)
...
006 (5415472.103.000) 07/17 14:47:15 Image size of job updated: 1643528
	1020  -  MemoryUsage of job (MB)
	1043788  -  ResidentSetSize of job (KB)
...
006 (5415472.103.000) 07/17 15:22:19 Image size of job updated: 1643528
	1020  -  MemoryUsage of job (MB)
	1043796  -  ResidentSetSize of job (KB)
...
006 (5415472.103.000) 07/17 15:57:24 Image size of job updated: 1643528
	1020  -  MemoryUsage of job (MB)
	1043804  -  ResidentSetSize of job (KB)
...
006 (5415472.103.000) 07/17 16:32:26 Image size of job updated: 1643528
	1020  -  MemoryUsage of job (MB)
	1043812  -  ResidentSetSize of job (KB)
...
006 (5415472.103.000) 07/17 17:07:28 Image size of job updated: 1643528
	1020  -  MemoryUsage of job (MB)
	1043820  -  ResidentSetSize of job (KB)
...
006 (5415472.103.000) 07/17 17:42:31 Image size of job updated: 1643528
	1020  -  MemoryUsage of job (MB)
	1043828  -  ResidentSetSize of job (KB)
...
006 (5415472.103.000) 07/17 18:12:32 Image size of job updated: 1643528
	1020  -  MemoryUsage of job (MB)
	1043836  -  ResidentSetSize of job (KB)
...
006 (5415472.103.000) 07/17 18:47:34 Image size of job updated: 1643528
	1020  -  MemoryUsage of job (MB)
	1043844  -  ResidentSetSize of job (KB)
...
006 (5415472.103.000) 07/17 19:17:37 Image size of job updated: 1643528
	1020  -  MemoryUsage of job (MB)
	1043852  -  ResidentSetSize of job (KB)
...
006 (5415472.103.000) 07/17 19:52:41 Image size of job updated: 1643528
	1020  -  MemoryUsage of job (MB)
	1043860  -  ResidentSetSize of job (KB)
...
006 (5415472.103.000) 07/17 20:27:44 Image size of job updated: 1643528
	1020  -  MemoryUsage of job (MB)
	1043868  -  ResidentSetSize of job (KB)
...
006 (5415472.103.000) 07/17 21:02:47 Image size of job updated: 1643528
	1020  -  MemoryUsage of job (MB)
	1043876  -  ResidentSetSize of job (KB)
...
006 (5415472.103.000) 07/17 21:32:50 Image size of job updated: 1643528
	1020  -  MemoryUsage of job (MB)
	1043884  -  ResidentSetSize of job (KB)
...
006 (5415472.103.000) 07/17 22:07:56 Image size of job updated: 1643528
	1020  -  MemoryUsage of job (MB)
	1043892  -  ResidentSetSize of job (KB)
...
006 (5415472.103.000) 07/17 22:38:01 Image size of job updated: 1643528
	1020  -  MemoryUsage of job (MB)
	1043900  -  ResidentSetSize of job (KB)
...
006 (5415472.103.000) 07/18 06:28:42 Image size of job updated: 1643528
	1020  -  MemoryUsage of job (MB)
	1043904  -  ResidentSetSize of job (KB)
...
006 (5415472.103.000) 07/18 07:08:47 Image size of job updated: 1643528
	1020  -  MemoryUsage of job (MB)
	1043912  -  ResidentSetSize of job (KB)
...
006 (5415472.103.000) 07/18 07:43:53 Image size of job updated: 1643528
	1020  -  MemoryUsage of job (MB)
	1043920  -  ResidentSetSize of job (KB)
...
006 (5415472.103.000) 07/18 08:18:56 Image size of job updated: 1643528
	1020  -  MemoryUsage of job (MB)
	1043928  -  ResidentSetSize of job (KB)
...
006 (5415472.103.000) 07/18 08:54:01 Image size of job updated: 1643528
	1020  -  MemoryUsage of job (MB)
	1043936  -  ResidentSetSize of job (KB)
...
006 (5415472.103.000) 07/18 09:34:06 Image size of job updated: 1643528
	1020  -  MemoryUsage of job (MB)
	1043944  -  ResidentSetSize of job (KB)
...
006 (5415472.103.000) 07/18 10:09:09 Image size of job updated: 1643528
	1020  -  MemoryUsage of job (MB)
	1043952  -  ResidentSetSize of job (KB)
...
006 (5415472.103.000) 07/18 10:44:13 Image size of job updated: 1643528
	1020  -  MemoryUsage of job (MB)
	1043960  -  ResidentSetSize of job (KB)
...
006 (5415472.103.000) 07/18 11:19:19 Image size of job updated: 1643528
	1020  -  MemoryUsage of job (MB)
	1043968  -  ResidentSetSize of job (KB)
...
006 (5415472.103.000) 07/18 11:59:22 Image size of job updated: 1643528
	1020  -  MemoryUsage of job (MB)
	1043976  -  ResidentSetSize of job (KB)
...
006 (5415472.103.000) 07/18 12:34:25 Image size of job updated: 1643528
	1020  -  MemoryUsage of job (MB)
	1043984  -  ResidentSetSize of job (KB)
...
006 (5415472.103.000) 07/18 13:14:26 Image size of job updated: 1643528
	1020  -  MemoryUsage of job (MB)
	1043992  -  ResidentSetSize of job (KB)
...
006 (5415472.103.000) 07/18 13:49:31 Image size of job updated: 1643528
	1020  -  MemoryUsage of job (MB)
	1044000  -  ResidentSetSize of job (KB)
...
006 (5415472.103.000) 07/18 14:29:37 Image size of job updated: 1643528
	1020  -  MemoryUsage of job (MB)
	1044004  -  ResidentSetSize of job (KB)
...
006 (5415472.103.000) 07/18 16:44:50 Image size of job updated: 1643528
	1020  -  MemoryUsage of job (MB)
	1044012  -  ResidentSetSize of job (KB)
...
006 (5415472.103.000) 07/18 17:14:52 Image size of job updated: 1643528
	1020  -  MemoryUsage of job (MB)
	1044020  -  ResidentSetSize of job (KB)
...
006 (5415472.103.000) 07/18 17:49:57 Image size of job updated: 1643528
	1020  -  MemoryUsage of job (MB)
	1044028  -  ResidentSetSize of job (KB)
...
006 (5415472.103.000) 07/18 18:19:58 Image size of job updated: 1643528
	1020  -  MemoryUsage of job (MB)
	1044036  -  ResidentSetSize of job (KB)
...
006 (5415472.103.000) 07/18 18:55:02 Image size of job updated: 1643528
	1020  -  MemoryUsage of job (MB)
	1044044  -  ResidentSetSize of job (KB)
...
006 (5415472.103.000) 07/18 19:30:06 Image size of job updated: 1643528
	1020  -  MemoryUsage of job (MB)
	1044052  -  ResidentSetSize of job (KB)
...
006 (5415472.103.000) 07/18 20:05:08 Image size of job updated: 1643528
	1020  -  MemoryUsage of job (MB)
	1044060  -  ResidentSetSize of job (KB)
...
040 (5415472.103.000) 07/18 20:16:44 Started transferring output files
...
040 (5415472.103.000) 07/18 20:16:44 Finished transferring output files
...
004 (5415472.103.000) 07/18 20:16:44 Job was evicted.
	(0) CPU times
		Usr 20 20:19:26, Sys 0 00:05:11  -  Run Remote Usage
		Usr 0 00:00:00, Sys 0 00:00:00  -  Run Local Usage
	96419  -  Run Bytes Sent By Job
	803  -  Run Bytes Received By Job
	Partitionable Resources :    Usage  Request Allocated 
	   Cpus                 :     3.01        4         4 
	   Disk (KB)            :   121    10485760  10825254 
	   Memory (MB)          :  1020        8000      8000 
...
