000 (5415472.398.000) 07/11 14:02:29 Job submitted from host: <137.138.156.150:9618?addrs=137.138.156.150-9618+[2001-1458-d00-14--9a]-9618&alias=bigbird13.cern.ch&noUDP&sock=schedd_1788_ff6c>
...
040 (5415472.398.000) 07/11 16:03:56 Started transferring input files
	Transferring to host: <128.142.59.19:9618?addrs=128.142.59.19-9618+[2001-1458-301-21--100-12]-9618&alias=b7s04p6244.cern.ch&noUDP&sock=slot1_2_4048_ee9e_2844>
...
040 (5415472.398.000) 07/11 16:03:56 Finished transferring input files
...
001 (5415472.398.000) 07/11 16:03:59 Job executing on host: <128.142.59.19:9618?addrs=128.142.59.19-9618+[2001-1458-301-21--100-12]-9618&alias=b7s04p6244.cern.ch&noUDP&sock=startd_3596_22a7>
...
006 (5415472.398.000) 07/11 16:04:08 Image size of job updated: 107120
	46  -  MemoryUsage of job (MB)
	46128  -  ResidentSetSize of job (KB)
...
006 (5415472.398.000) 07/11 16:09:08 Image size of job updated: 1591020
	1004  -  MemoryUsage of job (MB)
	1027464  -  ResidentSetSize of job (KB)
...
006 (5415472.398.000) 07/13 00:37:18 Image size of job updated: 1592004
	1005  -  MemoryUsage of job (MB)
	1028280  -  ResidentSetSize of job (KB)
...
006 (5415472.398.000) 07/13 01:17:21 Image size of job updated: 1592908
	1006  -  MemoryUsage of job (MB)
	1029184  -  ResidentSetSize of job (KB)
...
006 (5415472.398.000) 07/13 01:57:26 Image size of job updated: 1593816
	1006  -  MemoryUsage of job (MB)
	1030092  -  ResidentSetSize of job (KB)
...
006 (5415472.398.000) 07/13 02:37:31 Image size of job updated: 1594720
	1007  -  MemoryUsage of job (MB)
	1030996  -  ResidentSetSize of job (KB)
...
006 (5415472.398.000) 07/13 03:17:36 Image size of job updated: 1595628
	1008  -  MemoryUsage of job (MB)
	1031904  -  ResidentSetSize of job (KB)
...
006 (5415472.398.000) 07/13 04:02:39 Image size of job updated: 1596532
	1009  -  MemoryUsage of job (MB)
	1032808  -  ResidentSetSize of job (KB)
...
006 (5415472.398.000) 07/13 04:42:45 Image size of job updated: 1597436
	1010  -  MemoryUsage of job (MB)
	1033712  -  ResidentSetSize of job (KB)
...
006 (5415472.398.000) 07/13 05:17:50 Image size of job updated: 1598344
	1011  -  MemoryUsage of job (MB)
	1034620  -  ResidentSetSize of job (KB)
...
006 (5415472.398.000) 07/13 05:52:54 Image size of job updated: 1599248
	1012  -  MemoryUsage of job (MB)
	1035524  -  ResidentSetSize of job (KB)
...
006 (5415472.398.000) 07/13 06:27:57 Image size of job updated: 1600156
	1013  -  MemoryUsage of job (MB)
	1036432  -  ResidentSetSize of job (KB)
...
006 (5415472.398.000) 07/13 07:02:59 Image size of job updated: 1601060
	1013  -  MemoryUsage of job (MB)
	1037228  -  ResidentSetSize of job (KB)
...
006 (5415472.398.000) 07/13 07:48:03 Image size of job updated: 1601964
	1014  -  MemoryUsage of job (MB)
	1038132  -  ResidentSetSize of job (KB)
...
006 (5415472.398.000) 07/13 08:28:09 Image size of job updated: 1602872
	1015  -  MemoryUsage of job (MB)
	1039040  -  ResidentSetSize of job (KB)
...
006 (5415472.398.000) 07/13 09:13:16 Image size of job updated: 1603776
	1016  -  MemoryUsage of job (MB)
	1039944  -  ResidentSetSize of job (KB)
...
006 (5415472.398.000) 07/13 09:58:22 Image size of job updated: 1604684
	1017  -  MemoryUsage of job (MB)
	1040528  -  ResidentSetSize of job (KB)
...
006 (5415472.398.000) 07/13 10:48:32 Image size of job updated: 1605588
	1018  -  MemoryUsage of job (MB)
	1041420  -  ResidentSetSize of job (KB)
...
006 (5415472.398.000) 07/13 11:34:26 Image size of job updated: 1606496
	1018  -  MemoryUsage of job (MB)
	1042328  -  ResidentSetSize of job (KB)
...
006 (5415472.398.000) 07/13 12:10:59 Image size of job updated: 1611024
	1023  -  MemoryUsage of job (MB)
	1046856  -  ResidentSetSize of job (KB)
...
006 (5415472.398.000) 07/13 14:31:09 Image size of job updated: 1614096
	1024  -  MemoryUsage of job (MB)
	1047992  -  ResidentSetSize of job (KB)
...
006 (5415472.398.000) 07/13 14:46:10 Image size of job updated: 1614096
	1024  -  MemoryUsage of job (MB)
	1048004  -  ResidentSetSize of job (KB)
...
006 (5415472.398.000) 07/13 15:01:12 Image size of job updated: 1614096
	1024  -  MemoryUsage of job (MB)
	1048016  -  ResidentSetSize of job (KB)
...
006 (5415472.398.000) 07/13 15:21:15 Image size of job updated: 1614096
	1024  -  MemoryUsage of job (MB)
	1048028  -  ResidentSetSize of job (KB)
...
006 (5415472.398.000) 07/13 15:36:16 Image size of job updated: 1614096
	1024  -  MemoryUsage of job (MB)
	1048040  -  ResidentSetSize of job (KB)
...
006 (5415472.398.000) 07/13 15:56:18 Image size of job updated: 1614096
	1024  -  MemoryUsage of job (MB)
	1048052  -  ResidentSetSize of job (KB)
...
007 (5415472.398.000) 07/14 21:03:39 Shadow exception!
	Assertion ERROR on (result)
	0  -  Run Bytes Sent By Job
	803  -  Run Bytes Received By Job
...
