000 (5415472.317.000) 07/11 14:02:29 Job submitted from host: <137.138.156.150:9618?addrs=137.138.156.150-9618+[2001-1458-d00-14--9a]-9618&alias=bigbird13.cern.ch&noUDP&sock=schedd_1788_ff6c>
...
040 (5415472.317.000) 07/11 15:03:19 Started transferring input files
	Transferring to host: <188.184.210.188:9618?addrs=188.184.210.188-9618+[2001-1458-301-10b--100-3b0]-9618&alias=b7g23n0587.cern.ch&noUDP&sock=slot1_2_4811_88dd_68917>
...
040 (5415472.317.000) 07/11 15:03:19 Finished transferring input files
...
001 (5415472.317.000) 07/11 15:03:20 Job executing on host: <188.184.210.188:9618?addrs=188.184.210.188-9618+[2001-1458-301-10b--100-3b0]-9618&alias=b7g23n0587.cern.ch&noUDP&sock=startd_3924_1db8>
...
006 (5415472.317.000) 07/11 15:03:29 Image size of job updated: 102912
	41  -  MemoryUsage of job (MB)
	41928  -  ResidentSetSize of job (KB)
...
006 (5415472.317.000) 07/11 15:08:29 Image size of job updated: 1590936
	1004  -  MemoryUsage of job (MB)
	1027376  -  ResidentSetSize of job (KB)
...
006 (5415472.317.000) 07/14 01:49:15 Image size of job updated: 1591916
	1005  -  MemoryUsage of job (MB)
	1028280  -  ResidentSetSize of job (KB)
...
006 (5415472.317.000) 07/14 03:04:25 Image size of job updated: 1592824
	1006  -  MemoryUsage of job (MB)
	1029188  -  ResidentSetSize of job (KB)
...
006 (5415472.317.000) 07/14 04:09:31 Image size of job updated: 1593728
	1006  -  MemoryUsage of job (MB)
	1030092  -  ResidentSetSize of job (KB)
...
006 (5415472.317.000) 07/14 05:14:39 Image size of job updated: 1594632
	1007  -  MemoryUsage of job (MB)
	1030996  -  ResidentSetSize of job (KB)
...
006 (5415472.317.000) 07/14 06:24:45 Image size of job updated: 1595540
	1008  -  MemoryUsage of job (MB)
	1031904  -  ResidentSetSize of job (KB)
...
006 (5415472.317.000) 07/14 07:39:50 Image size of job updated: 1596444
	1009  -  MemoryUsage of job (MB)
	1032808  -  ResidentSetSize of job (KB)
...
006 (5415472.317.000) 07/14 08:50:01 Image size of job updated: 1597352
	1010  -  MemoryUsage of job (MB)
	1033716  -  ResidentSetSize of job (KB)
...
006 (5415472.317.000) 07/14 09:55:06 Image size of job updated: 1598256
	1011  -  MemoryUsage of job (MB)
	1034620  -  ResidentSetSize of job (KB)
...
006 (5415472.317.000) 07/14 10:55:14 Image size of job updated: 1599160
	1012  -  MemoryUsage of job (MB)
	1035524  -  ResidentSetSize of job (KB)
...
006 (5415472.317.000) 07/14 12:00:19 Image size of job updated: 1600068
	1013  -  MemoryUsage of job (MB)
	1036432  -  ResidentSetSize of job (KB)
...
006 (5415472.317.000) 07/14 13:05:26 Image size of job updated: 1600972
	1014  -  MemoryUsage of job (MB)
	1037336  -  ResidentSetSize of job (KB)
...
006 (5415472.317.000) 07/14 14:15:34 Image size of job updated: 1601880
	1014  -  MemoryUsage of job (MB)
	1038244  -  ResidentSetSize of job (KB)
...
006 (5415472.317.000) 07/14 15:30:42 Image size of job updated: 1602784
	1015  -  MemoryUsage of job (MB)
	1039148  -  ResidentSetSize of job (KB)
...
006 (5415472.317.000) 07/14 16:45:51 Image size of job updated: 1603688
	1016  -  MemoryUsage of job (MB)
	1040052  -  ResidentSetSize of job (KB)
...
006 (5415472.317.000) 07/14 17:55:58 Image size of job updated: 1604596
	1016  -  MemoryUsage of job (MB)
	1040052  -  ResidentSetSize of job (KB)
...
006 (5415472.317.000) 07/14 19:11:06 Image size of job updated: 1605500
	1016  -  MemoryUsage of job (MB)
	1040052  -  ResidentSetSize of job (KB)
...
006 (5415472.317.000) 07/14 20:26:14 Image size of job updated: 1606408
	1016  -  MemoryUsage of job (MB)
	1040052  -  ResidentSetSize of job (KB)
...
006 (5415472.317.000) 07/14 21:32:53 Image size of job updated: 1607312
	1016  -  MemoryUsage of job (MB)
	1040052  -  ResidentSetSize of job (KB)
...
006 (5415472.317.000) 07/14 22:42:59 Image size of job updated: 1608220
	1016  -  MemoryUsage of job (MB)
	1040052  -  ResidentSetSize of job (KB)
...
006 (5415472.317.000) 07/14 23:53:06 Image size of job updated: 1609124
	1016  -  MemoryUsage of job (MB)
	1040052  -  ResidentSetSize of job (KB)
...
006 (5415472.317.000) 07/15 01:08:10 Image size of job updated: 1610028
	1016  -  MemoryUsage of job (MB)
	1040052  -  ResidentSetSize of job (KB)
...
006 (5415472.317.000) 07/15 01:43:15 Image size of job updated: 1613100
	1016  -  MemoryUsage of job (MB)
	1040052  -  ResidentSetSize of job (KB)
...
006 (5415472.317.000) 07/15 03:23:26 Image size of job updated: 1614008
	1016  -  MemoryUsage of job (MB)
	1040052  -  ResidentSetSize of job (KB)
...
006 (5415472.317.000) 07/15 04:33:30 Image size of job updated: 1614912
	1016  -  MemoryUsage of job (MB)
	1040052  -  ResidentSetSize of job (KB)
...
006 (5415472.317.000) 07/15 05:53:36 Image size of job updated: 1615820
	1016  -  MemoryUsage of job (MB)
	1040052  -  ResidentSetSize of job (KB)
...
006 (5415472.317.000) 07/15 07:08:43 Image size of job updated: 1616724
	1016  -  MemoryUsage of job (MB)
	1040052  -  ResidentSetSize of job (KB)
...
006 (5415472.317.000) 07/15 08:23:54 Image size of job updated: 1617628
	1016  -  MemoryUsage of job (MB)
	1040052  -  ResidentSetSize of job (KB)
...
006 (5415472.317.000) 07/15 09:39:01 Image size of job updated: 1618536
	1016  -  MemoryUsage of job (MB)
	1040052  -  ResidentSetSize of job (KB)
...
006 (5415472.317.000) 07/15 10:54:06 Image size of job updated: 1619440
	1016  -  MemoryUsage of job (MB)
	1040052  -  ResidentSetSize of job (KB)
...
006 (5415472.317.000) 07/15 12:09:14 Image size of job updated: 1620348
	1016  -  MemoryUsage of job (MB)
	1040052  -  ResidentSetSize of job (KB)
...
006 (5415472.317.000) 07/15 13:19:23 Image size of job updated: 1621252
	1016  -  MemoryUsage of job (MB)
	1040052  -  ResidentSetSize of job (KB)
...
006 (5415472.317.000) 07/15 14:29:32 Image size of job updated: 1622156
	1016  -  MemoryUsage of job (MB)
	1040052  -  ResidentSetSize of job (KB)
...
006 (5415472.317.000) 07/15 15:34:39 Image size of job updated: 1623064
	1016  -  MemoryUsage of job (MB)
	1040052  -  ResidentSetSize of job (KB)
...
006 (5415472.317.000) 07/15 16:49:48 Image size of job updated: 1623968
	1016  -  MemoryUsage of job (MB)
	1040052  -  ResidentSetSize of job (KB)
...
006 (5415472.317.000) 07/15 17:59:56 Image size of job updated: 1624876
	1016  -  MemoryUsage of job (MB)
	1040052  -  ResidentSetSize of job (KB)
...
006 (5415472.317.000) 07/15 19:10:05 Image size of job updated: 1625780
	1016  -  MemoryUsage of job (MB)
	1040052  -  ResidentSetSize of job (KB)
...
006 (5415472.317.000) 07/15 20:25:15 Image size of job updated: 1626684
	1016  -  MemoryUsage of job (MB)
	1040052  -  ResidentSetSize of job (KB)
...
006 (5415472.317.000) 07/15 21:45:22 Image size of job updated: 1627592
	1016  -  MemoryUsage of job (MB)
	1040052  -  ResidentSetSize of job (KB)
...
006 (5415472.317.000) 07/15 23:00:29 Image size of job updated: 1628496
	1016  -  MemoryUsage of job (MB)
	1040052  -  ResidentSetSize of job (KB)
...
006 (5415472.317.000) 07/16 00:20:39 Image size of job updated: 1633024
	1016  -  MemoryUsage of job (MB)
	1040052  -  ResidentSetSize of job (KB)
...
006 (5415472.317.000) 07/18 12:38:20 Image size of job updated: 1637120
	1016  -  MemoryUsage of job (MB)
	1040052  -  ResidentSetSize of job (KB)
...
040 (5415472.317.000) 07/19 15:04:21 Started transferring output files
...
040 (5415472.317.000) 07/19 15:04:22 Finished transferring output files
...
009 (5415472.317.000) 07/19 15:04:23 Job was aborted.
	Job removed by SYSTEM_PERIODIC_REMOVE due to wall time exceeded allowed max.
...
