000 (5415472.073.000) 07/11 14:02:29 Job submitted from host: <137.138.156.150:9618?addrs=137.138.156.150-9618+[2001-1458-d00-14--9a]-9618&alias=bigbird13.cern.ch&noUDP&sock=schedd_1788_ff6c>
...
040 (5415472.073.000) 07/11 14:08:27 Started transferring input files
	Transferring to host: <128.142.78.131:9618?addrs=128.142.78.131-9618+[2001-1458-301-f4--100-1d0]-9618&alias=b7s12n9157.cern.ch&noUDP&sock=slot1_8_6760_c80c_78173>
...
040 (5415472.073.000) 07/11 14:08:27 Finished transferring input files
...
001 (5415472.073.000) 07/11 14:08:28 Job executing on host: <128.142.78.131:9618?addrs=128.142.78.131-9618+[2001-1458-301-f4--100-1d0]-9618&alias=b7s12n9157.cern.ch&noUDP&sock=startd_5048_162b>
...
006 (5415472.073.000) 07/11 14:08:36 Image size of job updated: 365688
	26  -  MemoryUsage of job (MB)
	26060  -  ResidentSetSize of job (KB)
...
006 (5415472.073.000) 07/11 14:13:36 Image size of job updated: 1590936
	1004  -  MemoryUsage of job (MB)
	1027392  -  ResidentSetSize of job (KB)
...
006 (5415472.073.000) 07/13 20:02:36 Image size of job updated: 1591920
	1005  -  MemoryUsage of job (MB)
	1028244  -  ResidentSetSize of job (KB)
...
006 (5415472.073.000) 07/13 21:22:46 Image size of job updated: 1592824
	1006  -  MemoryUsage of job (MB)
	1029148  -  ResidentSetSize of job (KB)
...
006 (5415472.073.000) 07/13 22:37:55 Image size of job updated: 1593728
	1006  -  MemoryUsage of job (MB)
	1030052  -  ResidentSetSize of job (KB)
...
006 (5415472.073.000) 07/13 23:53:02 Image size of job updated: 1594636
	1007  -  MemoryUsage of job (MB)
	1030960  -  ResidentSetSize of job (KB)
...
006 (5415472.073.000) 07/14 01:03:09 Image size of job updated: 1595540
	1008  -  MemoryUsage of job (MB)
	1031864  -  ResidentSetSize of job (KB)
...
006 (5415472.073.000) 07/14 02:18:19 Image size of job updated: 1596448
	1009  -  MemoryUsage of job (MB)
	1032772  -  ResidentSetSize of job (KB)
...
006 (5415472.073.000) 07/14 03:28:27 Image size of job updated: 1597352
	1010  -  MemoryUsage of job (MB)
	1033676  -  ResidentSetSize of job (KB)
...
006 (5415472.073.000) 07/14 04:48:37 Image size of job updated: 1598260
	1011  -  MemoryUsage of job (MB)
	1034580  -  ResidentSetSize of job (KB)
...
006 (5415472.073.000) 07/14 06:08:46 Image size of job updated: 1599164
	1012  -  MemoryUsage of job (MB)
	1035488  -  ResidentSetSize of job (KB)
...
006 (5415472.073.000) 07/14 07:23:53 Image size of job updated: 1600068
	1013  -  MemoryUsage of job (MB)
	1036392  -  ResidentSetSize of job (KB)
...
006 (5415472.073.000) 07/14 08:34:00 Image size of job updated: 1600976
	1013  -  MemoryUsage of job (MB)
	1037300  -  ResidentSetSize of job (KB)
...
006 (5415472.073.000) 07/14 09:34:05 Image size of job updated: 1601880
	1014  -  MemoryUsage of job (MB)
	1038204  -  ResidentSetSize of job (KB)
...
006 (5415472.073.000) 07/14 10:19:08 Image size of job updated: 1602788
	1015  -  MemoryUsage of job (MB)
	1039112  -  ResidentSetSize of job (KB)
...
006 (5415472.073.000) 07/14 11:09:16 Image size of job updated: 1602788
	1016  -  MemoryUsage of job (MB)
	1040300  -  ResidentSetSize of job (KB)
...
006 (5415472.073.000) 07/14 11:19:17 Image size of job updated: 1603692
	1017  -  MemoryUsage of job (MB)
	1041204  -  ResidentSetSize of job (KB)
...
006 (5415472.073.000) 07/14 12:19:24 Image size of job updated: 1604596
	1018  -  MemoryUsage of job (MB)
	1042108  -  ResidentSetSize of job (KB)
...
006 (5415472.073.000) 07/14 13:19:31 Image size of job updated: 1605504
	1019  -  MemoryUsage of job (MB)
	1043016  -  ResidentSetSize of job (KB)
...
006 (5415472.073.000) 07/14 14:24:38 Image size of job updated: 1606408
	1020  -  MemoryUsage of job (MB)
	1043920  -  ResidentSetSize of job (KB)
...
006 (5415472.073.000) 07/14 15:29:45 Image size of job updated: 1607316
	1021  -  MemoryUsage of job (MB)
	1044828  -  ResidentSetSize of job (KB)
...
006 (5415472.073.000) 07/14 16:34:52 Image size of job updated: 1608220
	1022  -  MemoryUsage of job (MB)
	1045700  -  ResidentSetSize of job (KB)
...
006 (5415472.073.000) 07/14 17:39:59 Image size of job updated: 1609124
	1023  -  MemoryUsage of job (MB)
	1046576  -  ResidentSetSize of job (KB)
...
006 (5415472.073.000) 07/14 18:50:06 Image size of job updated: 1610032
	1023  -  MemoryUsage of job (MB)
	1047476  -  ResidentSetSize of job (KB)
...
006 (5415472.073.000) 07/14 19:25:10 Image size of job updated: 1613104
	1025  -  MemoryUsage of job (MB)
	1049012  -  ResidentSetSize of job (KB)
...
006 (5415472.073.000) 07/14 19:45:12 Image size of job updated: 1613104
	1025  -  MemoryUsage of job (MB)
	1049024  -  ResidentSetSize of job (KB)
...
006 (5415472.073.000) 07/14 20:25:14 Image size of job updated: 1613104
	1025  -  MemoryUsage of job (MB)
	1049036  -  ResidentSetSize of job (KB)
...
007 (5415472.073.000) 07/14 21:09:50 Shadow exception!
	Assertion ERROR on (result)
	0  -  Run Bytes Sent By Job
	803  -  Run Bytes Received By Job
...
040 (5415472.073.000) 07/14 21:21:27 Started transferring input files
	Transferring to host: <128.142.161.89:9618?addrs=128.142.161.89-9618&alias=b7g03p4898.cern.ch&noUDP&sock=slot1_15_3720_d390_81021>
...
040 (5415472.073.000) 07/14 21:21:27 Finished transferring input files
...
001 (5415472.073.000) 07/14 21:21:28 Job executing on host: <128.142.161.89:9618?addrs=128.142.161.89-9618&alias=b7g03p4898.cern.ch&noUDP&sock=startd_2969_10c6>
...
040 (5415472.073.000) 07/18 13:59:24 Started transferring output files
...
040 (5415472.073.000) 07/18 13:59:24 Finished transferring output files
...
004 (5415472.073.000) 07/18 13:59:24 Job was evicted.
	(0) CPU times
		Usr 11 08:34:27, Sys 0 00:22:24  -  Run Remote Usage
		Usr 0 00:00:00, Sys 0 00:00:00  -  Run Local Usage
	96429  -  Run Bytes Sent By Job
	803  -  Run Bytes Received By Job
	Partitionable Resources :    Usage  Request Allocated 
	   Cpus                 :     3.11        4         4 
	   Disk (KB)            :   122    10485760  11804439 
	   Memory (MB)          :  1221        8000      8000 
...
040 (5415472.073.000) 07/18 23:02:25 Started transferring input files
	Transferring to host: <128.142.56.43:9618?addrs=128.142.56.43-9618+[2001-1458-301-6--100-2a]-9618&alias=b7s01p9459.cern.ch&noUDP&sock=slot1_2_1315_494f_10807>
...
040 (5415472.073.000) 07/18 23:02:25 Finished transferring input files
...
001 (5415472.073.000) 07/18 23:02:26 Job executing on host: <128.142.56.43:9618?addrs=128.142.56.43-9618+[2001-1458-301-6--100-2a]-9618&alias=b7s01p9459.cern.ch&noUDP&sock=startd_1273_c026>
...
