000 (5415472.418.000) 07/11 14:02:29 Job submitted from host: <137.138.156.150:9618?addrs=137.138.156.150-9618+[2001-1458-d00-14--9a]-9618&alias=bigbird13.cern.ch&noUDP&sock=schedd_1788_ff6c>
...
040 (5415472.418.000) 07/12 05:30:51 Started transferring input files
	Transferring to host: <128.142.79.245:9618?addrs=128.142.79.245-9618&alias=b7s12n4409.cern.ch&noUDP&sock=slot1_4_2633_efc4_9034>
...
040 (5415472.418.000) 07/12 05:30:51 Finished transferring input files
...
001 (5415472.418.000) 07/12 05:30:52 Job executing on host: <128.142.79.245:9618?addrs=128.142.79.245-9618&alias=b7s12n4409.cern.ch&noUDP&sock=startd_2158_c977>
...
006 (5415472.418.000) 07/12 05:31:00 Image size of job updated: 570628
	71  -  MemoryUsage of job (MB)
	71912  -  ResidentSetSize of job (KB)
...
006 (5415472.418.000) 07/12 05:36:00 Image size of job updated: 1591040
	1004  -  MemoryUsage of job (MB)
	1027488  -  ResidentSetSize of job (KB)
...
006 (5415472.418.000) 07/14 09:53:04 Image size of job updated: 1592020
	1005  -  MemoryUsage of job (MB)
	1028392  -  ResidentSetSize of job (KB)
...
006 (5415472.418.000) 07/14 10:53:08 Image size of job updated: 1592928
	1006  -  MemoryUsage of job (MB)
	1029300  -  ResidentSetSize of job (KB)
...
006 (5415472.418.000) 07/14 11:58:16 Image size of job updated: 1593832
	1007  -  MemoryUsage of job (MB)
	1030204  -  ResidentSetSize of job (KB)
...
006 (5415472.418.000) 07/14 12:58:19 Image size of job updated: 1594736
	1007  -  MemoryUsage of job (MB)
	1031108  -  ResidentSetSize of job (KB)
...
006 (5415472.418.000) 07/14 13:58:25 Image size of job updated: 1595644
	1008  -  MemoryUsage of job (MB)
	1032016  -  ResidentSetSize of job (KB)
...
006 (5415472.418.000) 07/14 15:03:33 Image size of job updated: 1596548
	1008  -  MemoryUsage of job (MB)
	1032016  -  ResidentSetSize of job (KB)
...
006 (5415472.418.000) 07/14 16:08:42 Image size of job updated: 1597456
	1008  -  MemoryUsage of job (MB)
	1032016  -  ResidentSetSize of job (KB)
...
006 (5415472.418.000) 07/14 17:18:51 Image size of job updated: 1598360
	1008  -  MemoryUsage of job (MB)
	1032016  -  ResidentSetSize of job (KB)
...
006 (5415472.418.000) 07/14 18:21:26 Image size of job updated: 1599264
	1008  -  MemoryUsage of job (MB)
	1032016  -  ResidentSetSize of job (KB)
...
006 (5415472.418.000) 07/14 19:26:30 Image size of job updated: 1600172
	1008  -  MemoryUsage of job (MB)
	1032016  -  ResidentSetSize of job (KB)
...
006 (5415472.418.000) 07/14 20:31:36 Image size of job updated: 1601076
	1008  -  MemoryUsage of job (MB)
	1032016  -  ResidentSetSize of job (KB)
...
007 (5415472.418.000) 07/14 21:08:48 Shadow exception!
	Assertion ERROR on (result)
	0  -  Run Bytes Sent By Job
	803  -  Run Bytes Received By Job
...
