000 (5415472.135.000) 07/11 14:02:29 Job submitted from host: <137.138.156.150:9618?addrs=137.138.156.150-9618+[2001-1458-d00-14--9a]-9618&alias=bigbird13.cern.ch&noUDP&sock=schedd_1788_ff6c>
...
040 (5415472.135.000) 07/11 14:15:13 Started transferring input files
	Transferring to host: <128.142.82.26:9618?addrs=128.142.82.26-9618+[2001-1458-301-f5--100-d1]-9618&alias=b7s13n9498.cern.ch&noUDP&sock=slot1_1_4919_a161_55669>
...
040 (5415472.135.000) 07/11 14:15:13 Finished transferring input files
...
001 (5415472.135.000) 07/11 14:15:14 Job executing on host: <128.142.82.26:9618?addrs=128.142.82.26-9618+[2001-1458-301-f5--100-d1]-9618&alias=b7s13n9498.cern.ch&noUDP&sock=startd_3933_4a12>
...
006 (5415472.135.000) 07/11 14:15:23 Image size of job updated: 570628
	46  -  MemoryUsage of job (MB)
	46888  -  ResidentSetSize of job (KB)
...
006 (5415472.135.000) 07/11 14:20:24 Image size of job updated: 1591048
	1004  -  MemoryUsage of job (MB)
	1027504  -  ResidentSetSize of job (KB)
...
006 (5415472.135.000) 07/13 18:20:55 Image size of job updated: 1592032
	1004  -  MemoryUsage of job (MB)
	1027504  -  ResidentSetSize of job (KB)
...
006 (5415472.135.000) 07/13 19:20:58 Image size of job updated: 1592936
	1004  -  MemoryUsage of job (MB)
	1027504  -  ResidentSetSize of job (KB)
...
006 (5415472.135.000) 07/13 20:21:03 Image size of job updated: 1593840
	1004  -  MemoryUsage of job (MB)
	1027504  -  ResidentSetSize of job (KB)
...
006 (5415472.135.000) 07/13 21:21:07 Image size of job updated: 1594748
	1004  -  MemoryUsage of job (MB)
	1027840  -  ResidentSetSize of job (KB)
...
006 (5415472.135.000) 07/13 22:21:11 Image size of job updated: 1595652
	1005  -  MemoryUsage of job (MB)
	1028744  -  ResidentSetSize of job (KB)
...
006 (5415472.135.000) 07/13 23:26:15 Image size of job updated: 1596560
	1006  -  MemoryUsage of job (MB)
	1029652  -  ResidentSetSize of job (KB)
...
006 (5415472.135.000) 07/14 00:31:20 Image size of job updated: 1597464
	1007  -  MemoryUsage of job (MB)
	1030556  -  ResidentSetSize of job (KB)
...
006 (5415472.135.000) 07/14 01:31:27 Image size of job updated: 1598372
	1008  -  MemoryUsage of job (MB)
	1031464  -  ResidentSetSize of job (KB)
...
006 (5415472.135.000) 07/14 02:36:34 Image size of job updated: 1599276
	1009  -  MemoryUsage of job (MB)
	1032368  -  ResidentSetSize of job (KB)
...
006 (5415472.135.000) 07/14 03:41:39 Image size of job updated: 1600180
	1010  -  MemoryUsage of job (MB)
	1033272  -  ResidentSetSize of job (KB)
...
006 (5415472.135.000) 07/14 04:46:45 Image size of job updated: 1601088
	1010  -  MemoryUsage of job (MB)
	1034180  -  ResidentSetSize of job (KB)
...
006 (5415472.135.000) 07/14 05:46:48 Image size of job updated: 1601992
	1011  -  MemoryUsage of job (MB)
	1035084  -  ResidentSetSize of job (KB)
...
006 (5415472.135.000) 07/14 06:51:56 Image size of job updated: 1602900
	1012  -  MemoryUsage of job (MB)
	1035992  -  ResidentSetSize of job (KB)
...
006 (5415472.135.000) 07/14 07:52:01 Image size of job updated: 1603804
	1013  -  MemoryUsage of job (MB)
	1036896  -  ResidentSetSize of job (KB)
...
006 (5415472.135.000) 07/14 08:52:08 Image size of job updated: 1604708
	1014  -  MemoryUsage of job (MB)
	1037800  -  ResidentSetSize of job (KB)
...
006 (5415472.135.000) 07/14 09:57:13 Image size of job updated: 1605616
	1015  -  MemoryUsage of job (MB)
	1038708  -  ResidentSetSize of job (KB)
...
006 (5415472.135.000) 07/14 11:02:18 Image size of job updated: 1606520
	1016  -  MemoryUsage of job (MB)
	1039612  -  ResidentSetSize of job (KB)
...
006 (5415472.135.000) 07/14 12:02:23 Image size of job updated: 1607428
	1017  -  MemoryUsage of job (MB)
	1040520  -  ResidentSetSize of job (KB)
...
006 (5415472.135.000) 07/14 13:02:29 Image size of job updated: 1608332
	1018  -  MemoryUsage of job (MB)
	1041424  -  ResidentSetSize of job (KB)
...
006 (5415472.135.000) 07/14 14:12:36 Image size of job updated: 1609236
	1018  -  MemoryUsage of job (MB)
	1042328  -  ResidentSetSize of job (KB)
...
006 (5415472.135.000) 07/14 15:17:42 Image size of job updated: 1610144
	1019  -  MemoryUsage of job (MB)
	1043236  -  ResidentSetSize of job (KB)
...
006 (5415472.135.000) 07/14 15:52:45 Image size of job updated: 1613216
	1021  -  MemoryUsage of job (MB)
	1044784  -  ResidentSetSize of job (KB)
...
006 (5415472.135.000) 07/14 16:12:48 Image size of job updated: 1613216
	1021  -  MemoryUsage of job (MB)
	1044796  -  ResidentSetSize of job (KB)
...
006 (5415472.135.000) 07/14 16:47:52 Image size of job updated: 1613216
	1021  -  MemoryUsage of job (MB)
	1044808  -  ResidentSetSize of job (KB)
...
006 (5415472.135.000) 07/14 17:22:55 Image size of job updated: 1613216
	1021  -  MemoryUsage of job (MB)
	1044820  -  ResidentSetSize of job (KB)
...
006 (5415472.135.000) 07/14 17:27:55 Image size of job updated: 1614120
	1022  -  MemoryUsage of job (MB)
	1045724  -  ResidentSetSize of job (KB)
...
006 (5415472.135.000) 07/14 17:54:08 Image size of job updated: 1614120
	1022  -  MemoryUsage of job (MB)
	1045736  -  ResidentSetSize of job (KB)
...
006 (5415472.135.000) 07/14 18:29:14 Image size of job updated: 1614120
	1022  -  MemoryUsage of job (MB)
	1045748  -  ResidentSetSize of job (KB)
...
006 (5415472.135.000) 07/14 18:34:14 Image size of job updated: 1615028
	1023  -  MemoryUsage of job (MB)
	1046656  -  ResidentSetSize of job (KB)
...
006 (5415472.135.000) 07/14 19:04:15 Image size of job updated: 1615028
	1023  -  MemoryUsage of job (MB)
	1046668  -  ResidentSetSize of job (KB)
...
006 (5415472.135.000) 07/14 19:39:19 Image size of job updated: 1615932
	1024  -  MemoryUsage of job (MB)
	1047584  -  ResidentSetSize of job (KB)
...
006 (5415472.135.000) 07/14 20:10:18 Image size of job updated: 1615932
	1024  -  MemoryUsage of job (MB)
	1047596  -  ResidentSetSize of job (KB)
...
006 (5415472.135.000) 07/14 20:40:21 Image size of job updated: 1616840
	1024  -  MemoryUsage of job (MB)
	1048504  -  ResidentSetSize of job (KB)
...
006 (5415472.135.000) 07/14 20:45:22 Image size of job updated: 1616840
	1024  -  MemoryUsage of job (MB)
	1048516  -  ResidentSetSize of job (KB)
...
007 (5415472.135.000) 07/14 21:04:55 Shadow exception!
	Assertion ERROR on (result)
	0  -  Run Bytes Sent By Job
	803  -  Run Bytes Received By Job
...
040 (5415472.135.000) 07/14 21:25:10 Started transferring input files
	Transferring to host: <128.142.71.0:9618?addrs=128.142.71.0-9618+[2001-1458-301-52--100-f3]-9618&alias=b7s10n2425.cern.ch&noUDP&sock=slot1_2_5234_938e_75733>
...
040 (5415472.135.000) 07/14 21:25:10 Finished transferring input files
...
001 (5415472.135.000) 07/14 21:25:11 Job executing on host: <128.142.71.0:9618?addrs=128.142.71.0-9618+[2001-1458-301-52--100-f3]-9618&alias=b7s10n2425.cern.ch&noUDP&sock=startd_4102_3593>
...
006 (5415472.135.000) 07/15 14:24:02 Image size of job updated: 1817588
	1221  -  MemoryUsage of job (MB)
	1250000  -  ResidentSetSize of job (KB)
...
040 (5415472.135.000) 07/15 14:24:02 Started transferring output files
...
040 (5415472.135.000) 07/15 14:24:02 Finished transferring output files
...
005 (5415472.135.000) 07/15 14:24:02 Job terminated.
	(1) Normal termination (return value 1)
		Usr 1 22:47:20, Sys 0 00:24:05  -  Run Remote Usage
		Usr 0 00:00:00, Sys 0 00:00:00  -  Run Local Usage
		Usr 11 10:41:37, Sys 0 00:26:41  -  Total Remote Usage
		Usr 0 00:00:00, Sys 0 00:00:00  -  Total Local Usage
	102691  -  Run Bytes Sent By Job
	803  -  Run Bytes Received By Job
	102691  -  Total Bytes Sent By Job
	1606  -  Total Bytes Received By Job
	Partitionable Resources :    Usage  Request Allocated 
	   Cpus                 :     2.84        4         4 
	   Disk (KB)            :   131    10485760  10722371 
	   Memory (MB)          :  1221        8000      8000 

	Job terminated of its own accord at 2021-07-15T12:24:02Z.
...
