000 (5415472.303.000) 07/11 14:02:29 Job submitted from host: <137.138.156.150:9618?addrs=137.138.156.150-9618+[2001-1458-d00-14--9a]-9618&alias=bigbird13.cern.ch&noUDP&sock=schedd_1788_ff6c>
...
040 (5415472.303.000) 07/11 14:53:13 Started transferring input files
	Transferring to host: <188.184.132.106:9618?addrs=188.184.132.106-9618+[2001-1458-301-a0--100-62]-9618&alias=b7g28n0450.cern.ch&noUDP&sock=slot1_3_5502_6819_72063>
...
040 (5415472.303.000) 07/11 14:53:13 Finished transferring input files
...
001 (5415472.303.000) 07/11 14:53:14 Job executing on host: <188.184.132.106:9618?addrs=188.184.132.106-9618+[2001-1458-301-a0--100-62]-9618&alias=b7g28n0450.cern.ch&noUDP&sock=startd_4675_3d58>
...
006 (5415472.303.000) 07/11 14:53:23 Image size of job updated: 435188
	45  -  MemoryUsage of job (MB)
	45600  -  ResidentSetSize of job (KB)
...
006 (5415472.303.000) 07/11 14:58:23 Image size of job updated: 1590960
	1004  -  MemoryUsage of job (MB)
	1027388  -  ResidentSetSize of job (KB)
...
006 (5415472.303.000) 07/14 06:41:00 Image size of job updated: 1591944
	1005  -  MemoryUsage of job (MB)
	1028296  -  ResidentSetSize of job (KB)
...
006 (5415472.303.000) 07/14 07:56:08 Image size of job updated: 1592848
	1006  -  MemoryUsage of job (MB)
	1029200  -  ResidentSetSize of job (KB)
...
006 (5415472.303.000) 07/14 09:11:17 Image size of job updated: 1593756
	1006  -  MemoryUsage of job (MB)
	1030108  -  ResidentSetSize of job (KB)
...
006 (5415472.303.000) 07/14 10:26:22 Image size of job updated: 1593756
	1007  -  MemoryUsage of job (MB)
	1031008  -  ResidentSetSize of job (KB)
...
006 (5415472.303.000) 07/14 10:31:22 Image size of job updated: 1594660
	1007  -  MemoryUsage of job (MB)
	1031008  -  ResidentSetSize of job (KB)
...
006 (5415472.303.000) 07/14 11:46:30 Image size of job updated: 1595564
	1008  -  MemoryUsage of job (MB)
	1031912  -  ResidentSetSize of job (KB)
...
006 (5415472.303.000) 07/14 13:01:34 Image size of job updated: 1596472
	1009  -  MemoryUsage of job (MB)
	1032820  -  ResidentSetSize of job (KB)
...
006 (5415472.303.000) 07/14 14:16:41 Image size of job updated: 1597376
	1010  -  MemoryUsage of job (MB)
	1033724  -  ResidentSetSize of job (KB)
...
006 (5415472.303.000) 07/14 15:36:49 Image size of job updated: 1598284
	1011  -  MemoryUsage of job (MB)
	1034632  -  ResidentSetSize of job (KB)
...
006 (5415472.303.000) 07/14 16:51:55 Image size of job updated: 1599188
	1012  -  MemoryUsage of job (MB)
	1035528  -  ResidentSetSize of job (KB)
...
006 (5415472.303.000) 07/14 18:07:06 Image size of job updated: 1600092
	1013  -  MemoryUsage of job (MB)
	1036432  -  ResidentSetSize of job (KB)
...
006 (5415472.303.000) 07/14 19:27:15 Image size of job updated: 1601000
	1014  -  MemoryUsage of job (MB)
	1037340  -  ResidentSetSize of job (KB)
...
006 (5415472.303.000) 07/14 20:42:24 Image size of job updated: 1601904
	1014  -  MemoryUsage of job (MB)
	1038244  -  ResidentSetSize of job (KB)
...
007 (5415472.303.000) 07/14 21:08:44 Shadow exception!
	Assertion ERROR on (result)
	0  -  Run Bytes Sent By Job
	803  -  Run Bytes Received By Job
...
040 (5415472.303.000) 07/14 21:26:36 Started transferring input files
	Transferring to host: <128.142.161.108:9618?addrs=128.142.161.108-9618+[2001-1458-301-b8--100-2a]-9618&alias=b7g03p7721.cern.ch&noUDP&sock=slot1_48_154862_09d2_152657>
...
040 (5415472.303.000) 07/14 21:26:41 Finished transferring input files
...
001 (5415472.303.000) 07/14 21:26:47 Job executing on host: <128.142.161.108:9618?addrs=128.142.161.108-9618+[2001-1458-301-b8--100-2a]-9618&alias=b7g03p7721.cern.ch&noUDP&sock=startd_70679_7e5f>
...
040 (5415472.303.000) 07/18 13:37:50 Started transferring output files
...
040 (5415472.303.000) 07/18 13:37:50 Finished transferring output files
...
004 (5415472.303.000) 07/18 13:37:50 Job was evicted.
	(0) CPU times
		Usr 11 07:11:44, Sys 0 00:21:55  -  Run Remote Usage
		Usr 0 00:00:00, Sys 0 00:00:00  -  Run Local Usage
	96422  -  Run Bytes Sent By Job
	803  -  Run Bytes Received By Job
	Partitionable Resources :    Usage  Request Allocated 
	   Cpus                 :     3.05        4         4 
	   Disk (KB)            :   122    10485760  12145164 
	   Memory (MB)          :  1221        8000      8000 
...
