000 (5415472.448.000) 07/11 14:02:30 Job submitted from host: <137.138.156.150:9618?addrs=137.138.156.150-9618+[2001-1458-d00-14--9a]-9618&alias=bigbird13.cern.ch&noUDP&sock=schedd_1788_ff6c>
...
040 (5415472.448.000) 07/12 06:04:49 Started transferring input files
	Transferring to host: <128.142.73.7:9618?addrs=128.142.73.7-9618+[2001-1458-301-75--100-d3]-9618&alias=b7s11n6714.cern.ch&noUDP&sock=slot1_3_4184_c1a3_32>
...
040 (5415472.448.000) 07/12 06:04:49 Finished transferring input files
...
001 (5415472.448.000) 07/12 06:04:50 Job executing on host: <128.142.73.7:9618?addrs=128.142.73.7-9618+[2001-1458-301-75--100-d3]-9618&alias=b7s11n6714.cern.ch&noUDP&sock=startd_3811_9b84>
...
006 (5415472.448.000) 07/12 06:04:58 Image size of job updated: 722312
	199  -  MemoryUsage of job (MB)
	203540  -  ResidentSetSize of job (KB)
...
006 (5415472.448.000) 07/12 06:09:58 Image size of job updated: 1590828
	1009  -  MemoryUsage of job (MB)
	1032264  -  ResidentSetSize of job (KB)
...
006 (5415472.448.000) 07/12 07:20:09 Image size of job updated: 1590828
	1013  -  MemoryUsage of job (MB)
	1036500  -  ResidentSetSize of job (KB)
...
006 (5415472.448.000) 07/14 08:45:36 Image size of job updated: 1591812
	1013  -  MemoryUsage of job (MB)
	1036796  -  ResidentSetSize of job (KB)
...
006 (5415472.448.000) 07/14 09:40:43 Image size of job updated: 1592716
	1014  -  MemoryUsage of job (MB)
	1037700  -  ResidentSetSize of job (KB)
...
006 (5415472.448.000) 07/14 10:30:47 Image size of job updated: 1593624
	1015  -  MemoryUsage of job (MB)
	1038608  -  ResidentSetSize of job (KB)
...
006 (5415472.448.000) 07/14 11:25:52 Image size of job updated: 1594528
	1016  -  MemoryUsage of job (MB)
	1039512  -  ResidentSetSize of job (KB)
...
006 (5415472.448.000) 07/14 12:25:59 Image size of job updated: 1595432
	1017  -  MemoryUsage of job (MB)
	1040416  -  ResidentSetSize of job (KB)
...
006 (5415472.448.000) 07/14 13:36:04 Image size of job updated: 1596340
	1017  -  MemoryUsage of job (MB)
	1040416  -  ResidentSetSize of job (KB)
...
006 (5415472.448.000) 07/14 14:46:12 Image size of job updated: 1597244
	1017  -  MemoryUsage of job (MB)
	1040416  -  ResidentSetSize of job (KB)
...
006 (5415472.448.000) 07/14 15:56:21 Image size of job updated: 1601772
	1017  -  MemoryUsage of job (MB)
	1040416  -  ResidentSetSize of job (KB)
...
006 (5415472.448.000) 07/15 05:22:25 Image size of job updated: 1604844
	1017  -  MemoryUsage of job (MB)
	1040416  -  ResidentSetSize of job (KB)
...
040 (5415472.448.000) 07/17 20:22:07 Started transferring output files
...
040 (5415472.448.000) 07/17 20:22:08 Finished transferring output files
...
004 (5415472.448.000) 07/17 20:22:08 Job was evicted.
	(0) CPU times
		Usr 16 01:18:14, Sys 0 00:04:44  -  Run Remote Usage
		Usr 0 00:00:00, Sys 0 00:00:00  -  Run Local Usage
	96406  -  Run Bytes Sent By Job
	803  -  Run Bytes Received By Job
	Partitionable Resources :    Usage  Request Allocated 
	   Cpus                 :     2.98        4         4 
	   Disk (KB)            :   121    10485760  10681202 
	   Memory (MB)          :  1017        8000      8000 
...
