000 (5415472.350.000) 07/11 14:02:29 Job submitted from host: <137.138.156.150:9618?addrs=137.138.156.150-9618+[2001-1458-d00-14--9a]-9618&alias=bigbird13.cern.ch&noUDP&sock=schedd_1788_ff6c>
...
040 (5415472.350.000) 07/11 16:03:38 Started transferring input files
	Transferring to host: <188.184.198.88:9618?addrs=188.184.198.88-9618+[2001-1458-301-c1--100-238]-9618&alias=b7g52n6971.cern.ch&noUDP&sock=slot1_7_5254_ab0f_64736>
...
040 (5415472.350.000) 07/11 16:03:38 Finished transferring input files
...
001 (5415472.350.000) 07/11 16:03:39 Job executing on host: <188.184.198.88:9618?addrs=188.184.198.88-9618+[2001-1458-301-c1--100-238]-9618&alias=b7g52n6971.cern.ch&noUDP&sock=startd_3981_369e>
...
006 (5415472.350.000) 07/11 16:03:48 Image size of job updated: 146288
	47  -  MemoryUsage of job (MB)
	47656  -  ResidentSetSize of job (KB)
...
006 (5415472.350.000) 07/11 16:08:48 Image size of job updated: 1591000
	1004  -  MemoryUsage of job (MB)
	1027448  -  ResidentSetSize of job (KB)
...
006 (5415472.350.000) 07/13 23:11:24 Image size of job updated: 1591980
	1005  -  MemoryUsage of job (MB)
	1028352  -  ResidentSetSize of job (KB)
...
006 (5415472.350.000) 07/14 00:16:32 Image size of job updated: 1591980
	1006  -  MemoryUsage of job (MB)
	1029256  -  ResidentSetSize of job (KB)
...
006 (5415472.350.000) 07/14 00:21:33 Image size of job updated: 1592884
	1006  -  MemoryUsage of job (MB)
	1029256  -  ResidentSetSize of job (KB)
...
006 (5415472.350.000) 07/14 01:26:37 Image size of job updated: 1593792
	1007  -  MemoryUsage of job (MB)
	1030164  -  ResidentSetSize of job (KB)
...
006 (5415472.350.000) 07/14 02:31:46 Image size of job updated: 1594696
	1007  -  MemoryUsage of job (MB)
	1031068  -  ResidentSetSize of job (KB)
...
006 (5415472.350.000) 07/14 03:36:54 Image size of job updated: 1595604
	1008  -  MemoryUsage of job (MB)
	1031976  -  ResidentSetSize of job (KB)
...
006 (5415472.350.000) 07/14 04:42:00 Image size of job updated: 1596508
	1009  -  MemoryUsage of job (MB)
	1032880  -  ResidentSetSize of job (KB)
...
006 (5415472.350.000) 07/14 05:42:06 Image size of job updated: 1597412
	1010  -  MemoryUsage of job (MB)
	1033784  -  ResidentSetSize of job (KB)
...
006 (5415472.350.000) 07/14 06:47:14 Image size of job updated: 1598320
	1011  -  MemoryUsage of job (MB)
	1034692  -  ResidentSetSize of job (KB)
...
006 (5415472.350.000) 07/14 07:52:21 Image size of job updated: 1599224
	1012  -  MemoryUsage of job (MB)
	1035596  -  ResidentSetSize of job (KB)
...
006 (5415472.350.000) 07/14 08:52:26 Image size of job updated: 1600132
	1013  -  MemoryUsage of job (MB)
	1036504  -  ResidentSetSize of job (KB)
...
006 (5415472.350.000) 07/14 09:57:33 Image size of job updated: 1601036
	1014  -  MemoryUsage of job (MB)
	1037408  -  ResidentSetSize of job (KB)
...
006 (5415472.350.000) 07/14 10:52:40 Image size of job updated: 1601944
	1014  -  MemoryUsage of job (MB)
	1038316  -  ResidentSetSize of job (KB)
...
006 (5415472.350.000) 07/14 11:52:44 Image size of job updated: 1602848
	1015  -  MemoryUsage of job (MB)
	1039220  -  ResidentSetSize of job (KB)
...
006 (5415472.350.000) 07/14 12:42:49 Image size of job updated: 1603752
	1016  -  MemoryUsage of job (MB)
	1040124  -  ResidentSetSize of job (KB)
...
006 (5415472.350.000) 07/14 13:32:54 Image size of job updated: 1604660
	1017  -  MemoryUsage of job (MB)
	1041032  -  ResidentSetSize of job (KB)
...
006 (5415472.350.000) 07/14 14:22:58 Image size of job updated: 1605564
	1018  -  MemoryUsage of job (MB)
	1041936  -  ResidentSetSize of job (KB)
...
006 (5415472.350.000) 07/14 15:13:04 Image size of job updated: 1606472
	1019  -  MemoryUsage of job (MB)
	1042844  -  ResidentSetSize of job (KB)
...
006 (5415472.350.000) 07/14 16:08:10 Image size of job updated: 1607376
	1020  -  MemoryUsage of job (MB)
	1043748  -  ResidentSetSize of job (KB)
...
006 (5415472.350.000) 07/14 17:08:18 Image size of job updated: 1608280
	1021  -  MemoryUsage of job (MB)
	1044652  -  ResidentSetSize of job (KB)
...
006 (5415472.350.000) 07/14 18:13:27 Image size of job updated: 1609188
	1022  -  MemoryUsage of job (MB)
	1045560  -  ResidentSetSize of job (KB)
...
006 (5415472.350.000) 07/14 19:13:34 Image size of job updated: 1610092
	1022  -  MemoryUsage of job (MB)
	1045560  -  ResidentSetSize of job (KB)
...
006 (5415472.350.000) 07/14 19:43:39 Image size of job updated: 1613164
	1022  -  MemoryUsage of job (MB)
	1045560  -  ResidentSetSize of job (KB)
...
007 (5415472.350.000) 07/14 21:08:39 Shadow exception!
	Assertion ERROR on (result)
	0  -  Run Bytes Sent By Job
	803  -  Run Bytes Received By Job
...
040 (5415472.350.000) 07/15 00:37:47 Started transferring input files
	Transferring to host: <128.142.85.69:9618?addrs=128.142.85.69-9618+[2001-1458-301-f6--100-1b7]-9618&alias=b7s14n9174.cern.ch&noUDP&sock=slot1_8_5579_a8fc_71299>
...
040 (5415472.350.000) 07/15 00:37:47 Finished transferring input files
...
001 (5415472.350.000) 07/15 00:37:48 Job executing on host: <128.142.85.69:9618?addrs=128.142.85.69-9618+[2001-1458-301-f6--100-1b7]-9618&alias=b7s14n9174.cern.ch&noUDP&sock=startd_4429_810b>
...
040 (5415472.350.000) 07/18 00:27:48 Started transferring output files
...
040 (5415472.350.000) 07/18 00:27:48 Finished transferring output files
...
004 (5415472.350.000) 07/18 00:27:49 Job was evicted.
	(0) CPU times
		Usr 8 13:41:25, Sys 0 00:02:11  -  Run Remote Usage
		Usr 0 00:00:00, Sys 0 00:00:00  -  Run Local Usage
	96419  -  Run Bytes Sent By Job
	803  -  Run Bytes Received By Job
	Partitionable Resources :    Usage  Request Allocated 
	   Cpus                 :     2.93        4         4 
	   Disk (KB)            :   122    10485760  10783005 
	   Memory (MB)          :  1221        8000      8000 
...
