000 (5415472.307.000) 07/11 14:02:29 Job submitted from host: <137.138.156.150:9618?addrs=137.138.156.150-9618+[2001-1458-d00-14--9a]-9618&alias=bigbird13.cern.ch&noUDP&sock=schedd_1788_ff6c>
...
040 (5415472.307.000) 07/11 14:53:14 Started transferring input files
	Transferring to host: <128.142.71.210:9618?addrs=128.142.71.210-9618+[2001-1458-301-52--100-526]-9618&alias=b7s10n2503.cern.ch&noUDP&sock=slot1_3_2560_8061_72293>
...
040 (5415472.307.000) 07/11 14:53:14 Finished transferring input files
...
001 (5415472.307.000) 07/11 14:53:15 Job executing on host: <128.142.71.210:9618?addrs=128.142.71.210-9618+[2001-1458-301-52--100-526]-9618&alias=b7s10n2503.cern.ch&noUDP&sock=startd_2336_e153>
...
006 (5415472.307.000) 07/11 14:53:24 Image size of job updated: 413004
	60  -  MemoryUsage of job (MB)
	60960  -  ResidentSetSize of job (KB)
...
006 (5415472.307.000) 07/11 14:58:25 Image size of job updated: 1590976
	1004  -  MemoryUsage of job (MB)
	1027428  -  ResidentSetSize of job (KB)
...
006 (5415472.307.000) 07/12 19:31:25 Image size of job updated: 1590976
	1004  -  MemoryUsage of job (MB)
	1027432  -  ResidentSetSize of job (KB)
...
006 (5415472.307.000) 07/12 19:41:26 Image size of job updated: 1590976
	1004  -  MemoryUsage of job (MB)
	1027436  -  ResidentSetSize of job (KB)
...
006 (5415472.307.000) 07/13 21:23:41 Image size of job updated: 1591956
	1005  -  MemoryUsage of job (MB)
	1028332  -  ResidentSetSize of job (KB)
...
006 (5415472.307.000) 07/13 22:28:49 Image size of job updated: 1592864
	1006  -  MemoryUsage of job (MB)
	1029240  -  ResidentSetSize of job (KB)
...
006 (5415472.307.000) 07/13 23:33:56 Image size of job updated: 1593768
	1006  -  MemoryUsage of job (MB)
	1030144  -  ResidentSetSize of job (KB)
...
006 (5415472.307.000) 07/14 00:39:03 Image size of job updated: 1594672
	1007  -  MemoryUsage of job (MB)
	1031048  -  ResidentSetSize of job (KB)
...
006 (5415472.307.000) 07/14 01:39:10 Image size of job updated: 1595580
	1008  -  MemoryUsage of job (MB)
	1031956  -  ResidentSetSize of job (KB)
...
006 (5415472.307.000) 07/14 02:44:16 Image size of job updated: 1596484
	1009  -  MemoryUsage of job (MB)
	1032860  -  ResidentSetSize of job (KB)
...
006 (5415472.307.000) 07/14 03:39:21 Image size of job updated: 1597392
	1010  -  MemoryUsage of job (MB)
	1033768  -  ResidentSetSize of job (KB)
...
006 (5415472.307.000) 07/14 04:39:29 Image size of job updated: 1598296
	1011  -  MemoryUsage of job (MB)
	1034672  -  ResidentSetSize of job (KB)
...
006 (5415472.307.000) 07/14 05:34:35 Image size of job updated: 1599204
	1012  -  MemoryUsage of job (MB)
	1035580  -  ResidentSetSize of job (KB)
...
006 (5415472.307.000) 07/14 06:34:39 Image size of job updated: 1600108
	1013  -  MemoryUsage of job (MB)
	1036484  -  ResidentSetSize of job (KB)
...
006 (5415472.307.000) 07/14 07:29:43 Image size of job updated: 1601012
	1014  -  MemoryUsage of job (MB)
	1037388  -  ResidentSetSize of job (KB)
...
006 (5415472.307.000) 07/14 08:19:50 Image size of job updated: 1601920
	1014  -  MemoryUsage of job (MB)
	1038296  -  ResidentSetSize of job (KB)
...
006 (5415472.307.000) 07/14 09:09:56 Image size of job updated: 1601920
	1015  -  MemoryUsage of job (MB)
	1039200  -  ResidentSetSize of job (KB)
...
006 (5415472.307.000) 07/14 09:14:56 Image size of job updated: 1602824
	1015  -  MemoryUsage of job (MB)
	1039200  -  ResidentSetSize of job (KB)
...
006 (5415472.307.000) 07/14 10:05:00 Image size of job updated: 1607352
	1020  -  MemoryUsage of job (MB)
	1043728  -  ResidentSetSize of job (KB)
...
006 (5415472.307.000) 07/14 17:05:44 Image size of job updated: 1610424
	1021  -  MemoryUsage of job (MB)
	1045276  -  ResidentSetSize of job (KB)
...
006 (5415472.307.000) 07/14 17:15:45 Image size of job updated: 1610424
	1021  -  MemoryUsage of job (MB)
	1045288  -  ResidentSetSize of job (KB)
...
006 (5415472.307.000) 07/14 17:45:47 Image size of job updated: 1610424
	1021  -  MemoryUsage of job (MB)
	1045300  -  ResidentSetSize of job (KB)
...
006 (5415472.307.000) 07/14 18:15:51 Image size of job updated: 1610424
	1021  -  MemoryUsage of job (MB)
	1045312  -  ResidentSetSize of job (KB)
...
006 (5415472.307.000) 07/14 18:45:54 Image size of job updated: 1610424
	1021  -  MemoryUsage of job (MB)
	1045324  -  ResidentSetSize of job (KB)
...
040 (5415472.307.000) 07/15 18:32:05 Started transferring output files
...
040 (5415472.307.000) 07/15 18:32:05 Finished transferring output files
...
004 (5415472.307.000) 07/15 18:32:05 Job was evicted.
	(0) CPU times
		Usr 11 20:09:19, Sys 0 02:11:31  -  Run Remote Usage
		Usr 0 00:00:00, Sys 0 00:00:00  -  Run Local Usage
	96199  -  Run Bytes Sent By Job
	803  -  Run Bytes Received By Job
	Partitionable Resources :    Usage  Request Allocated 
	   Cpus                 :     2.92        4         4 
	   Disk (KB)            :   120    10485760  10629726 
	   Memory (MB)          :  1021        8000      8000 
...
