000 (5415472.344.000) 07/11 14:02:29 Job submitted from host: <137.138.156.150:9618?addrs=137.138.156.150-9618+[2001-1458-d00-14--9a]-9618&alias=bigbird13.cern.ch&noUDP&sock=schedd_1788_ff6c>
...
040 (5415472.344.000) 07/11 15:08:18 Started transferring input files
	Transferring to host: <128.142.59.31:9618?addrs=128.142.59.31-9618+[2001-1458-301-21--100-1e]-9618&alias=b7s04p9357.cern.ch&noUDP&sock=slot1_8_6842_8ecf_2492>
...
040 (5415472.344.000) 07/11 15:08:18 Finished transferring input files
...
001 (5415472.344.000) 07/11 15:08:19 Job executing on host: <128.142.59.31:9618?addrs=128.142.59.31-9618+[2001-1458-301-21--100-1e]-9618&alias=b7s04p9357.cern.ch&noUDP&sock=startd_6388_3713>
...
006 (5415472.344.000) 07/11 15:08:27 Image size of job updated: 534416
	462  -  MemoryUsage of job (MB)
	472628  -  ResidentSetSize of job (KB)
...
006 (5415472.344.000) 07/11 15:13:27 Image size of job updated: 1591088
	1004  -  MemoryUsage of job (MB)
	1027540  -  ResidentSetSize of job (KB)
...
006 (5415472.344.000) 07/12 20:56:25 Image size of job updated: 1591088
	1004  -  MemoryUsage of job (MB)
	1027544  -  ResidentSetSize of job (KB)
...
006 (5415472.344.000) 07/12 21:21:28 Image size of job updated: 1592068
	1005  -  MemoryUsage of job (MB)
	1028444  -  ResidentSetSize of job (KB)
...
006 (5415472.344.000) 07/12 22:06:32 Image size of job updated: 1592976
	1006  -  MemoryUsage of job (MB)
	1029352  -  ResidentSetSize of job (KB)
...
006 (5415472.344.000) 07/12 22:41:37 Image size of job updated: 1593880
	1007  -  MemoryUsage of job (MB)
	1030256  -  ResidentSetSize of job (KB)
...
006 (5415472.344.000) 07/12 23:21:43 Image size of job updated: 1594784
	1007  -  MemoryUsage of job (MB)
	1031160  -  ResidentSetSize of job (KB)
...
006 (5415472.344.000) 07/12 23:56:48 Image size of job updated: 1595692
	1008  -  MemoryUsage of job (MB)
	1032068  -  ResidentSetSize of job (KB)
...
006 (5415472.344.000) 07/13 00:31:54 Image size of job updated: 1596596
	1009  -  MemoryUsage of job (MB)
	1032972  -  ResidentSetSize of job (KB)
...
006 (5415472.344.000) 07/13 01:06:59 Image size of job updated: 1597504
	1010  -  MemoryUsage of job (MB)
	1033880  -  ResidentSetSize of job (KB)
...
006 (5415472.344.000) 07/13 01:42:02 Image size of job updated: 1598408
	1011  -  MemoryUsage of job (MB)
	1034784  -  ResidentSetSize of job (KB)
...
006 (5415472.344.000) 07/13 02:17:04 Image size of job updated: 1599312
	1012  -  MemoryUsage of job (MB)
	1035688  -  ResidentSetSize of job (KB)
...
006 (5415472.344.000) 07/13 02:57:08 Image size of job updated: 1600220
	1013  -  MemoryUsage of job (MB)
	1036596  -  ResidentSetSize of job (KB)
...
006 (5415472.344.000) 07/13 03:37:14 Image size of job updated: 1601124
	1014  -  MemoryUsage of job (MB)
	1037500  -  ResidentSetSize of job (KB)
...
006 (5415472.344.000) 07/13 04:17:16 Image size of job updated: 1602032
	1015  -  MemoryUsage of job (MB)
	1038408  -  ResidentSetSize of job (KB)
...
006 (5415472.344.000) 07/13 05:02:21 Image size of job updated: 1602936
	1015  -  MemoryUsage of job (MB)
	1039312  -  ResidentSetSize of job (KB)
...
006 (5415472.344.000) 07/13 05:42:27 Image size of job updated: 1603844
	1016  -  MemoryUsage of job (MB)
	1040220  -  ResidentSetSize of job (KB)
...
006 (5415472.344.000) 07/13 06:22:32 Image size of job updated: 1604748
	1017  -  MemoryUsage of job (MB)
	1041124  -  ResidentSetSize of job (KB)
...
006 (5415472.344.000) 07/13 07:07:38 Image size of job updated: 1605652
	1018  -  MemoryUsage of job (MB)
	1042028  -  ResidentSetSize of job (KB)
...
006 (5415472.344.000) 07/13 07:52:43 Image size of job updated: 1605652
	1019  -  MemoryUsage of job (MB)
	1042936  -  ResidentSetSize of job (KB)
...
006 (5415472.344.000) 07/13 07:57:44 Image size of job updated: 1606560
	1019  -  MemoryUsage of job (MB)
	1042936  -  ResidentSetSize of job (KB)
...
006 (5415472.344.000) 07/13 08:42:51 Image size of job updated: 1607464
	1020  -  MemoryUsage of job (MB)
	1043840  -  ResidentSetSize of job (KB)
...
006 (5415472.344.000) 07/13 09:27:56 Image size of job updated: 1608372
	1021  -  MemoryUsage of job (MB)
	1044748  -  ResidentSetSize of job (KB)
...
006 (5415472.344.000) 07/13 10:08:01 Image size of job updated: 1609276
	1022  -  MemoryUsage of job (MB)
	1045652  -  ResidentSetSize of job (KB)
...
006 (5415472.344.000) 07/13 10:53:07 Image size of job updated: 1610180
	1023  -  MemoryUsage of job (MB)
	1046556  -  ResidentSetSize of job (KB)
...
006 (5415472.344.000) 07/13 11:13:09 Image size of job updated: 1613252
	1024  -  MemoryUsage of job (MB)
	1048104  -  ResidentSetSize of job (KB)
...
006 (5415472.344.000) 07/13 11:18:10 Image size of job updated: 1613252
	1024  -  MemoryUsage of job (MB)
	1048116  -  ResidentSetSize of job (KB)
...
006 (5415472.344.000) 07/13 11:38:32 Image size of job updated: 1613252
	1024  -  MemoryUsage of job (MB)
	1048128  -  ResidentSetSize of job (KB)
...
006 (5415472.344.000) 07/13 12:03:35 Image size of job updated: 1613252
	1024  -  MemoryUsage of job (MB)
	1048140  -  ResidentSetSize of job (KB)
...
006 (5415472.344.000) 07/13 12:18:36 Image size of job updated: 1614160
	1025  -  MemoryUsage of job (MB)
	1049048  -  ResidentSetSize of job (KB)
...
006 (5415472.344.000) 07/13 12:23:36 Image size of job updated: 1614160
	1025  -  MemoryUsage of job (MB)
	1049060  -  ResidentSetSize of job (KB)
...
006 (5415472.344.000) 07/13 12:48:38 Image size of job updated: 1614160
	1025  -  MemoryUsage of job (MB)
	1049072  -  ResidentSetSize of job (KB)
...
006 (5415472.344.000) 07/13 13:03:39 Image size of job updated: 1615064
	1026  -  MemoryUsage of job (MB)
	1049976  -  ResidentSetSize of job (KB)
...
006 (5415472.344.000) 07/13 13:08:40 Image size of job updated: 1615064
	1026  -  MemoryUsage of job (MB)
	1049988  -  ResidentSetSize of job (KB)
...
006 (5415472.344.000) 07/13 13:28:43 Image size of job updated: 1615064
	1026  -  MemoryUsage of job (MB)
	1050000  -  ResidentSetSize of job (KB)
...
006 (5415472.344.000) 07/13 13:43:44 Image size of job updated: 1615972
	1027  -  MemoryUsage of job (MB)
	1050908  -  ResidentSetSize of job (KB)
...
006 (5415472.344.000) 07/13 13:53:44 Image size of job updated: 1615972
	1027  -  MemoryUsage of job (MB)
	1050920  -  ResidentSetSize of job (KB)
...
006 (5415472.344.000) 07/13 14:13:46 Image size of job updated: 1615972
	1027  -  MemoryUsage of job (MB)
	1050932  -  ResidentSetSize of job (KB)
...
006 (5415472.344.000) 07/13 14:23:46 Image size of job updated: 1616876
	1028  -  MemoryUsage of job (MB)
	1051836  -  ResidentSetSize of job (KB)
...
006 (5415472.344.000) 07/13 14:38:49 Image size of job updated: 1616876
	1028  -  MemoryUsage of job (MB)
	1051848  -  ResidentSetSize of job (KB)
...
006 (5415472.344.000) 07/13 14:53:50 Image size of job updated: 1616876
	1028  -  MemoryUsage of job (MB)
	1051860  -  ResidentSetSize of job (KB)
...
006 (5415472.344.000) 07/13 15:03:52 Image size of job updated: 1617780
	1029  -  MemoryUsage of job (MB)
	1052764  -  ResidentSetSize of job (KB)
...
006 (5415472.344.000) 07/13 15:13:53 Image size of job updated: 1617780
	1029  -  MemoryUsage of job (MB)
	1052776  -  ResidentSetSize of job (KB)
...
006 (5415472.344.000) 07/13 15:33:55 Image size of job updated: 1617780
	1029  -  MemoryUsage of job (MB)
	1052788  -  ResidentSetSize of job (KB)
...
006 (5415472.344.000) 07/13 15:38:55 Image size of job updated: 1618688
	1029  -  MemoryUsage of job (MB)
	1053696  -  ResidentSetSize of job (KB)
...
006 (5415472.344.000) 07/13 15:53:57 Image size of job updated: 1618688
	1030  -  MemoryUsage of job (MB)
	1053708  -  ResidentSetSize of job (KB)
...
006 (5415472.344.000) 07/13 16:13:59 Image size of job updated: 1619592
	1030  -  MemoryUsage of job (MB)
	1054624  -  ResidentSetSize of job (KB)
...
006 (5415472.344.000) 07/13 16:33:59 Image size of job updated: 1619592
	1030  -  MemoryUsage of job (MB)
	1054636  -  ResidentSetSize of job (KB)
...
006 (5415472.344.000) 07/13 16:54:00 Image size of job updated: 1620500
	1031  -  MemoryUsage of job (MB)
	1055556  -  ResidentSetSize of job (KB)
...
006 (5415472.344.000) 07/13 17:09:02 Image size of job updated: 1620500
	1031  -  MemoryUsage of job (MB)
	1055564  -  ResidentSetSize of job (KB)
...
006 (5415472.344.000) 07/13 17:14:02 Image size of job updated: 1620500
	1031  -  MemoryUsage of job (MB)
	1055568  -  ResidentSetSize of job (KB)
...
006 (5415472.344.000) 07/13 17:24:04 Image size of job updated: 1621404
	1032  -  MemoryUsage of job (MB)
	1056472  -  ResidentSetSize of job (KB)
...
006 (5415472.344.000) 07/13 17:32:51 Image size of job updated: 1621404
	1032  -  MemoryUsage of job (MB)
	1056484  -  ResidentSetSize of job (KB)
...
006 (5415472.344.000) 07/13 17:53:14 Image size of job updated: 1621404
	1032  -  MemoryUsage of job (MB)
	1056496  -  ResidentSetSize of job (KB)
...
006 (5415472.344.000) 07/13 17:58:41 Image size of job updated: 1622312
	1033  -  MemoryUsage of job (MB)
	1057404  -  ResidentSetSize of job (KB)
...
006 (5415472.344.000) 07/13 18:03:41 Image size of job updated: 1622312
	1033  -  MemoryUsage of job (MB)
	1057416  -  ResidentSetSize of job (KB)
...
006 (5415472.344.000) 07/13 18:23:44 Image size of job updated: 1622312
	1033  -  MemoryUsage of job (MB)
	1057428  -  ResidentSetSize of job (KB)
...
006 (5415472.344.000) 07/13 18:33:45 Image size of job updated: 1623216
	1034  -  MemoryUsage of job (MB)
	1058332  -  ResidentSetSize of job (KB)
...
006 (5415472.344.000) 07/13 18:43:45 Image size of job updated: 1623216
	1034  -  MemoryUsage of job (MB)
	1058344  -  ResidentSetSize of job (KB)
...
006 (5415472.344.000) 07/13 19:08:48 Image size of job updated: 1623216
	1034  -  MemoryUsage of job (MB)
	1058356  -  ResidentSetSize of job (KB)
...
006 (5415472.344.000) 07/13 19:18:49 Image size of job updated: 1624120
	1035  -  MemoryUsage of job (MB)
	1059260  -  ResidentSetSize of job (KB)
...
006 (5415472.344.000) 07/13 19:28:49 Image size of job updated: 1624120
	1035  -  MemoryUsage of job (MB)
	1059272  -  ResidentSetSize of job (KB)
...
006 (5415472.344.000) 07/13 19:53:51 Image size of job updated: 1624120
	1035  -  MemoryUsage of job (MB)
	1059284  -  ResidentSetSize of job (KB)
...
006 (5415472.344.000) 07/13 19:58:51 Image size of job updated: 1628648
	1039  -  MemoryUsage of job (MB)
	1063812  -  ResidentSetSize of job (KB)
...
006 (5415472.344.000) 07/13 20:13:53 Image size of job updated: 1628648
	1039  -  MemoryUsage of job (MB)
	1063824  -  ResidentSetSize of job (KB)
...
006 (5415472.344.000) 07/13 20:38:54 Image size of job updated: 1628648
	1039  -  MemoryUsage of job (MB)
	1063836  -  ResidentSetSize of job (KB)
...
006 (5415472.344.000) 07/13 20:58:56 Image size of job updated: 1628648
	1039  -  MemoryUsage of job (MB)
	1063848  -  ResidentSetSize of job (KB)
...
006 (5415472.344.000) 07/13 21:23:58 Image size of job updated: 1628648
	1039  -  MemoryUsage of job (MB)
	1063860  -  ResidentSetSize of job (KB)
...
006 (5415472.344.000) 07/13 21:44:01 Image size of job updated: 1628648
	1039  -  MemoryUsage of job (MB)
	1063872  -  ResidentSetSize of job (KB)
...
006 (5415472.344.000) 07/13 22:09:03 Image size of job updated: 1628648
	1039  -  MemoryUsage of job (MB)
	1063884  -  ResidentSetSize of job (KB)
...
006 (5415472.344.000) 07/13 22:34:06 Image size of job updated: 1628648
	1039  -  MemoryUsage of job (MB)
	1063896  -  ResidentSetSize of job (KB)
...
006 (5415472.344.000) 07/13 22:54:08 Image size of job updated: 1628648
	1039  -  MemoryUsage of job (MB)
	1063908  -  ResidentSetSize of job (KB)
...
006 (5415472.344.000) 07/13 23:19:10 Image size of job updated: 1628648
	1039  -  MemoryUsage of job (MB)
	1063920  -  ResidentSetSize of job (KB)
...
006 (5415472.344.000) 07/13 23:44:13 Image size of job updated: 1628648
	1039  -  MemoryUsage of job (MB)
	1063932  -  ResidentSetSize of job (KB)
...
006 (5415472.344.000) 07/14 00:04:16 Image size of job updated: 1628648
	1040  -  MemoryUsage of job (MB)
	1063940  -  ResidentSetSize of job (KB)
...
006 (5415472.344.000) 07/14 00:09:16 Image size of job updated: 1628648
	1040  -  MemoryUsage of job (MB)
	1063944  -  ResidentSetSize of job (KB)
...
006 (5415472.344.000) 07/14 00:29:19 Image size of job updated: 1628648
	1040  -  MemoryUsage of job (MB)
	1063956  -  ResidentSetSize of job (KB)
...
006 (5415472.344.000) 07/14 00:49:20 Image size of job updated: 1628648
	1040  -  MemoryUsage of job (MB)
	1063968  -  ResidentSetSize of job (KB)
...
006 (5415472.344.000) 07/14 01:14:22 Image size of job updated: 1628648
	1040  -  MemoryUsage of job (MB)
	1063980  -  ResidentSetSize of job (KB)
...
006 (5415472.344.000) 07/14 01:34:24 Image size of job updated: 1628648
	1040  -  MemoryUsage of job (MB)
	1063992  -  ResidentSetSize of job (KB)
...
006 (5415472.344.000) 07/14 01:54:28 Image size of job updated: 1628648
	1040  -  MemoryUsage of job (MB)
	1064004  -  ResidentSetSize of job (KB)
...
006 (5415472.344.000) 07/14 02:19:31 Image size of job updated: 1628648
	1040  -  MemoryUsage of job (MB)
	1064016  -  ResidentSetSize of job (KB)
...
006 (5415472.344.000) 07/14 02:39:31 Image size of job updated: 1628648
	1040  -  MemoryUsage of job (MB)
	1064028  -  ResidentSetSize of job (KB)
...
006 (5415472.344.000) 07/14 02:59:32 Image size of job updated: 1628648
	1040  -  MemoryUsage of job (MB)
	1064040  -  ResidentSetSize of job (KB)
...
006 (5415472.344.000) 07/14 03:24:34 Image size of job updated: 1628648
	1040  -  MemoryUsage of job (MB)
	1064052  -  ResidentSetSize of job (KB)
...
006 (5415472.344.000) 07/14 03:44:35 Image size of job updated: 1628648
	1040  -  MemoryUsage of job (MB)
	1064064  -  ResidentSetSize of job (KB)
...
006 (5415472.344.000) 07/14 04:04:38 Image size of job updated: 1628648
	1040  -  MemoryUsage of job (MB)
	1064076  -  ResidentSetSize of job (KB)
...
006 (5415472.344.000) 07/14 04:29:39 Image size of job updated: 1628648
	1040  -  MemoryUsage of job (MB)
	1064088  -  ResidentSetSize of job (KB)
...
006 (5415472.344.000) 07/14 04:49:41 Image size of job updated: 1628648
	1040  -  MemoryUsage of job (MB)
	1064100  -  ResidentSetSize of job (KB)
...
006 (5415472.344.000) 07/14 05:09:43 Image size of job updated: 1628648
	1040  -  MemoryUsage of job (MB)
	1064112  -  ResidentSetSize of job (KB)
...
006 (5415472.344.000) 07/14 05:34:45 Image size of job updated: 1628648
	1040  -  MemoryUsage of job (MB)
	1064124  -  ResidentSetSize of job (KB)
...
006 (5415472.344.000) 07/14 05:54:48 Image size of job updated: 1628648
	1040  -  MemoryUsage of job (MB)
	1064136  -  ResidentSetSize of job (KB)
...
006 (5415472.344.000) 07/14 06:14:49 Image size of job updated: 1628648
	1040  -  MemoryUsage of job (MB)
	1064148  -  ResidentSetSize of job (KB)
...
006 (5415472.344.000) 07/14 06:34:52 Image size of job updated: 1628648
	1040  -  MemoryUsage of job (MB)
	1064160  -  ResidentSetSize of job (KB)
...
006 (5415472.344.000) 07/14 06:54:55 Image size of job updated: 1628648
	1040  -  MemoryUsage of job (MB)
	1064172  -  ResidentSetSize of job (KB)
...
006 (5415472.344.000) 07/14 07:14:58 Image size of job updated: 1628648
	1040  -  MemoryUsage of job (MB)
	1064180  -  ResidentSetSize of job (KB)
...
006 (5415472.344.000) 07/14 07:19:58 Image size of job updated: 1628648
	1040  -  MemoryUsage of job (MB)
	1064184  -  ResidentSetSize of job (KB)
...
006 (5415472.344.000) 07/14 07:35:00 Image size of job updated: 1628648
	1040  -  MemoryUsage of job (MB)
	1064196  -  ResidentSetSize of job (KB)
...
006 (5415472.344.000) 07/14 07:55:02 Image size of job updated: 1628648
	1040  -  MemoryUsage of job (MB)
	1064208  -  ResidentSetSize of job (KB)
...
006 (5415472.344.000) 07/14 08:15:05 Image size of job updated: 1628648
	1040  -  MemoryUsage of job (MB)
	1064220  -  ResidentSetSize of job (KB)
...
006 (5415472.344.000) 07/14 08:40:08 Image size of job updated: 1628648
	1040  -  MemoryUsage of job (MB)
	1064232  -  ResidentSetSize of job (KB)
...
006 (5415472.344.000) 07/14 09:00:09 Image size of job updated: 1628648
	1040  -  MemoryUsage of job (MB)
	1064244  -  ResidentSetSize of job (KB)
...
006 (5415472.344.000) 07/14 09:20:11 Image size of job updated: 1628648
	1040  -  MemoryUsage of job (MB)
	1064256  -  ResidentSetSize of job (KB)
...
006 (5415472.344.000) 07/14 09:40:11 Image size of job updated: 1628648
	1040  -  MemoryUsage of job (MB)
	1064268  -  ResidentSetSize of job (KB)
...
006 (5415472.344.000) 07/14 10:00:12 Image size of job updated: 1628648
	1040  -  MemoryUsage of job (MB)
	1064280  -  ResidentSetSize of job (KB)
...
006 (5415472.344.000) 07/14 10:20:15 Image size of job updated: 1628648
	1040  -  MemoryUsage of job (MB)
	1064292  -  ResidentSetSize of job (KB)
...
006 (5415472.344.000) 07/14 10:45:18 Image size of job updated: 1628648
	1040  -  MemoryUsage of job (MB)
	1064304  -  ResidentSetSize of job (KB)
...
006 (5415472.344.000) 07/14 11:05:20 Image size of job updated: 1628648
	1040  -  MemoryUsage of job (MB)
	1064316  -  ResidentSetSize of job (KB)
...
006 (5415472.344.000) 07/14 11:25:22 Image size of job updated: 1628648
	1040  -  MemoryUsage of job (MB)
	1064328  -  ResidentSetSize of job (KB)
...
006 (5415472.344.000) 07/14 11:45:24 Image size of job updated: 1628648
	1040  -  MemoryUsage of job (MB)
	1064340  -  ResidentSetSize of job (KB)
...
006 (5415472.344.000) 07/14 12:05:25 Image size of job updated: 1628648
	1040  -  MemoryUsage of job (MB)
	1064352  -  ResidentSetSize of job (KB)
...
006 (5415472.344.000) 07/14 12:25:28 Image size of job updated: 1628648
	1040  -  MemoryUsage of job (MB)
	1064364  -  ResidentSetSize of job (KB)
...
006 (5415472.344.000) 07/14 12:45:31 Image size of job updated: 1628648
	1040  -  MemoryUsage of job (MB)
	1064376  -  ResidentSetSize of job (KB)
...
006 (5415472.344.000) 07/14 13:05:34 Image size of job updated: 1628648
	1040  -  MemoryUsage of job (MB)
	1064388  -  ResidentSetSize of job (KB)
...
006 (5415472.344.000) 07/14 13:25:37 Image size of job updated: 1628648
	1040  -  MemoryUsage of job (MB)
	1064400  -  ResidentSetSize of job (KB)
...
006 (5415472.344.000) 07/14 13:45:39 Image size of job updated: 1628648
	1040  -  MemoryUsage of job (MB)
	1064412  -  ResidentSetSize of job (KB)
...
006 (5415472.344.000) 07/14 14:05:43 Image size of job updated: 1628648
	1040  -  MemoryUsage of job (MB)
	1064424  -  ResidentSetSize of job (KB)
...
006 (5415472.344.000) 07/14 14:25:44 Image size of job updated: 1628648
	1040  -  MemoryUsage of job (MB)
	1064436  -  ResidentSetSize of job (KB)
...
006 (5415472.344.000) 07/14 14:50:45 Image size of job updated: 1628648
	1040  -  MemoryUsage of job (MB)
	1064448  -  ResidentSetSize of job (KB)
...
006 (5415472.344.000) 07/14 15:10:47 Image size of job updated: 1628648
	1040  -  MemoryUsage of job (MB)
	1064460  -  ResidentSetSize of job (KB)
...
006 (5415472.344.000) 07/14 15:30:50 Image size of job updated: 1628648
	1040  -  MemoryUsage of job (MB)
	1064472  -  ResidentSetSize of job (KB)
...
006 (5415472.344.000) 07/14 15:45:52 Image size of job updated: 1628648
	1040  -  MemoryUsage of job (MB)
	1064484  -  ResidentSetSize of job (KB)
...
006 (5415472.344.000) 07/14 16:05:53 Image size of job updated: 1628648
	1040  -  MemoryUsage of job (MB)
	1064496  -  ResidentSetSize of job (KB)
...
006 (5415472.344.000) 07/14 16:25:56 Image size of job updated: 1628648
	1040  -  MemoryUsage of job (MB)
	1064508  -  ResidentSetSize of job (KB)
...
006 (5415472.344.000) 07/14 16:46:00 Image size of job updated: 1628648
	1040  -  MemoryUsage of job (MB)
	1064520  -  ResidentSetSize of job (KB)
...
006 (5415472.344.000) 07/14 17:06:03 Image size of job updated: 1628648
	1040  -  MemoryUsage of job (MB)
	1064532  -  ResidentSetSize of job (KB)
...
006 (5415472.344.000) 07/14 17:26:06 Image size of job updated: 1628648
	1040  -  MemoryUsage of job (MB)
	1064544  -  ResidentSetSize of job (KB)
...
006 (5415472.344.000) 07/14 17:46:08 Image size of job updated: 1628648
	1040  -  MemoryUsage of job (MB)
	1064556  -  ResidentSetSize of job (KB)
...
006 (5415472.344.000) 07/14 18:11:10 Image size of job updated: 1628648
	1040  -  MemoryUsage of job (MB)
	1064568  -  ResidentSetSize of job (KB)
...
006 (5415472.344.000) 07/14 18:36:13 Image size of job updated: 1628648
	1040  -  MemoryUsage of job (MB)
	1064580  -  ResidentSetSize of job (KB)
...
006 (5415472.344.000) 07/14 18:56:16 Image size of job updated: 1628648
	1040  -  MemoryUsage of job (MB)
	1064592  -  ResidentSetSize of job (KB)
...
006 (5415472.344.000) 07/14 19:21:17 Image size of job updated: 1628648
	1040  -  MemoryUsage of job (MB)
	1064604  -  ResidentSetSize of job (KB)
...
006 (5415472.344.000) 07/14 19:41:19 Image size of job updated: 1628648
	1040  -  MemoryUsage of job (MB)
	1064616  -  ResidentSetSize of job (KB)
...
006 (5415472.344.000) 07/14 20:01:20 Image size of job updated: 1628648
	1040  -  MemoryUsage of job (MB)
	1064628  -  ResidentSetSize of job (KB)
...
006 (5415472.344.000) 07/14 20:26:21 Image size of job updated: 1628648
	1040  -  MemoryUsage of job (MB)
	1064640  -  ResidentSetSize of job (KB)
...
006 (5415472.344.000) 07/14 20:46:24 Image size of job updated: 1628648
	1040  -  MemoryUsage of job (MB)
	1064652  -  ResidentSetSize of job (KB)
...
007 (5415472.344.000) 07/14 21:05:19 Shadow exception!
	Assertion ERROR on (result)
	0  -  Run Bytes Sent By Job
	803  -  Run Bytes Received By Job
...
040 (5415472.344.000) 07/15 00:10:42 Started transferring input files
	Transferring to host: <128.142.82.226:9618?addrs=128.142.82.226-9618+[2001-1458-301-f5--100-6]-9618&alias=b7s13n8602.cern.ch&noUDP&sock=slot1_6_2564_51e1_24803>
...
040 (5415472.344.000) 07/15 00:10:42 Finished transferring input files
...
001 (5415472.344.000) 07/15 00:10:43 Job executing on host: <128.142.82.226:9618?addrs=128.142.82.226-9618+[2001-1458-301-f5--100-6]-9618&alias=b7s13n8602.cern.ch&noUDP&sock=startd_2337_90eb>
...
022 (5415472.344.000) 07/15 14:02:41 Job disconnected, attempting to reconnect
    Socket between submit and execute hosts closed unexpectedly
    Trying to reconnect to slot1_6@b7s13n8602.cern.ch <128.142.82.226:9618?addrs=128.142.82.226-9618+[2001-1458-301-f5--100-6]-9618&alias=b7s13n8602.cern.ch&noUDP&sock=startd_2337_90eb>
...
023 (5415472.344.000) 07/15 14:02:41 Job reconnected to slot1_6@b7s13n8602.cern.ch
    startd address: <128.142.82.226:9618?addrs=128.142.82.226-9618+[2001-1458-301-f5--100-6]-9618&alias=b7s13n8602.cern.ch&noUDP&sock=startd_2337_90eb>
    starter address: <128.142.82.226:9618?addrs=128.142.82.226-9618+[2001-1458-301-f5--100-6]-9618&alias=b7s13n8602.cern.ch&noUDP&sock=slot1_6_2564_51e1_24803>
...
040 (5415472.344.000) 07/18 14:56:36 Started transferring output files
...
040 (5415472.344.000) 07/18 14:56:36 Finished transferring output files
...
004 (5415472.344.000) 07/18 14:56:36 Job was evicted.
	(0) CPU times
		Usr 9 23:32:04, Sys 0 00:02:13  -  Run Remote Usage
		Usr 0 00:00:00, Sys 0 00:00:00  -  Run Local Usage
	96435  -  Run Bytes Sent By Job
	803  -  Run Bytes Received By Job
	Partitionable Resources :    Usage  Request Allocated 
	   Cpus                 :     2.76        4         4 
	   Disk (KB)            :   122    10485760  10667727 
	   Memory (MB)          :  1221        8000      8000 
...
