000 (5415472.294.000) 07/11 14:02:29 Job submitted from host: <137.138.156.150:9618?addrs=137.138.156.150-9618+[2001-1458-d00-14--9a]-9618&alias=bigbird13.cern.ch&noUDP&sock=schedd_1788_ff6c>
...
040 (5415472.294.000) 07/11 14:48:21 Started transferring input files
	Transferring to host: <128.142.58.138:9618?addrs=128.142.58.138-9618+[2001-1458-301-16--100-89]-9618&alias=b7s03p4336.cern.ch&noUDP&sock=slot1_4_6814_d44e_2446>
...
040 (5415472.294.000) 07/11 14:48:21 Finished transferring input files
...
001 (5415472.294.000) 07/11 14:48:22 Job executing on host: <128.142.58.138:9618?addrs=128.142.58.138-9618+[2001-1458-301-16--100-89]-9618&alias=b7s03p4336.cern.ch&noUDP&sock=startd_6355_9473>
...
006 (5415472.294.000) 07/11 14:48:31 Image size of job updated: 570632
	68  -  MemoryUsage of job (MB)
	68896  -  ResidentSetSize of job (KB)
...
006 (5415472.294.000) 07/11 14:53:32 Image size of job updated: 1590828
	1004  -  MemoryUsage of job (MB)
	1027264  -  ResidentSetSize of job (KB)
...
006 (5415472.294.000) 07/11 22:19:19 Image size of job updated: 1590828
	1004  -  MemoryUsage of job (MB)
	1028040  -  ResidentSetSize of job (KB)
...
006 (5415472.294.000) 07/12 19:31:28 Image size of job updated: 1591812
	1005  -  MemoryUsage of job (MB)
	1028948  -  ResidentSetSize of job (KB)
...
006 (5415472.294.000) 07/12 20:06:30 Image size of job updated: 1592716
	1006  -  MemoryUsage of job (MB)
	1029852  -  ResidentSetSize of job (KB)
...
006 (5415472.294.000) 07/12 20:41:34 Image size of job updated: 1593620
	1007  -  MemoryUsage of job (MB)
	1030756  -  ResidentSetSize of job (KB)
...
006 (5415472.294.000) 07/12 21:21:36 Image size of job updated: 1594528
	1008  -  MemoryUsage of job (MB)
	1031664  -  ResidentSetSize of job (KB)
...
006 (5415472.294.000) 07/12 22:01:40 Image size of job updated: 1595432
	1009  -  MemoryUsage of job (MB)
	1032568  -  ResidentSetSize of job (KB)
...
006 (5415472.294.000) 07/12 22:36:44 Image size of job updated: 1596340
	1010  -  MemoryUsage of job (MB)
	1033476  -  ResidentSetSize of job (KB)
...
006 (5415472.294.000) 07/12 23:11:46 Image size of job updated: 1597244
	1011  -  MemoryUsage of job (MB)
	1034380  -  ResidentSetSize of job (KB)
...
006 (5415472.294.000) 07/12 23:41:47 Image size of job updated: 1598148
	1012  -  MemoryUsage of job (MB)
	1035284  -  ResidentSetSize of job (KB)
...
006 (5415472.294.000) 07/13 00:16:53 Image size of job updated: 1599056
	1012  -  MemoryUsage of job (MB)
	1036192  -  ResidentSetSize of job (KB)
...
006 (5415472.294.000) 07/13 00:46:56 Image size of job updated: 1599960
	1013  -  MemoryUsage of job (MB)
	1037096  -  ResidentSetSize of job (KB)
...
006 (5415472.294.000) 07/13 01:17:01 Image size of job updated: 1600868
	1014  -  MemoryUsage of job (MB)
	1038004  -  ResidentSetSize of job (KB)
...
006 (5415472.294.000) 07/13 01:52:06 Image size of job updated: 1601772
	1015  -  MemoryUsage of job (MB)
	1038908  -  ResidentSetSize of job (KB)
...
006 (5415472.294.000) 07/13 02:27:12 Image size of job updated: 1602680
	1016  -  MemoryUsage of job (MB)
	1039816  -  ResidentSetSize of job (KB)
...
006 (5415472.294.000) 07/13 03:02:18 Image size of job updated: 1603584
	1017  -  MemoryUsage of job (MB)
	1040720  -  ResidentSetSize of job (KB)
...
006 (5415472.294.000) 07/13 03:37:21 Image size of job updated: 1604488
	1018  -  MemoryUsage of job (MB)
	1041624  -  ResidentSetSize of job (KB)
...
006 (5415472.294.000) 07/13 04:17:25 Image size of job updated: 1605396
	1019  -  MemoryUsage of job (MB)
	1042532  -  ResidentSetSize of job (KB)
...
006 (5415472.294.000) 07/13 04:57:27 Image size of job updated: 1606300
	1019  -  MemoryUsage of job (MB)
	1043436  -  ResidentSetSize of job (KB)
...
006 (5415472.294.000) 07/13 05:32:30 Image size of job updated: 1607208
	1020  -  MemoryUsage of job (MB)
	1044344  -  ResidentSetSize of job (KB)
...
006 (5415472.294.000) 07/13 06:12:34 Image size of job updated: 1608112
	1021  -  MemoryUsage of job (MB)
	1045248  -  ResidentSetSize of job (KB)
...
006 (5415472.294.000) 07/13 06:47:39 Image size of job updated: 1609016
	1022  -  MemoryUsage of job (MB)
	1046152  -  ResidentSetSize of job (KB)
...
006 (5415472.294.000) 07/13 07:22:42 Image size of job updated: 1609924
	1023  -  MemoryUsage of job (MB)
	1047060  -  ResidentSetSize of job (KB)
...
006 (5415472.294.000) 07/13 07:42:42 Image size of job updated: 1612996
	1025  -  MemoryUsage of job (MB)
	1048608  -  ResidentSetSize of job (KB)
...
006 (5415472.294.000) 07/13 07:52:42 Image size of job updated: 1612996
	1025  -  MemoryUsage of job (MB)
	1048620  -  ResidentSetSize of job (KB)
...
006 (5415472.294.000) 07/13 08:12:42 Image size of job updated: 1612996
	1025  -  MemoryUsage of job (MB)
	1048632  -  ResidentSetSize of job (KB)
...
006 (5415472.294.000) 07/13 08:32:44 Image size of job updated: 1612996
	1025  -  MemoryUsage of job (MB)
	1048644  -  ResidentSetSize of job (KB)
...
006 (5415472.294.000) 07/13 08:37:44 Image size of job updated: 1613900
	1025  -  MemoryUsage of job (MB)
	1049548  -  ResidentSetSize of job (KB)
...
006 (5415472.294.000) 07/13 08:52:45 Image size of job updated: 1613900
	1025  -  MemoryUsage of job (MB)
	1049560  -  ResidentSetSize of job (KB)
...
006 (5415472.294.000) 07/13 09:17:48 Image size of job updated: 1614808
	1026  -  MemoryUsage of job (MB)
	1050480  -  ResidentSetSize of job (KB)
...
006 (5415472.294.000) 07/13 09:32:49 Image size of job updated: 1614808
	1026  -  MemoryUsage of job (MB)
	1050484  -  ResidentSetSize of job (KB)
...
006 (5415472.294.000) 07/13 09:37:49 Image size of job updated: 1614808
	1026  -  MemoryUsage of job (MB)
	1050492  -  ResidentSetSize of job (KB)
...
006 (5415472.294.000) 07/13 09:52:50 Image size of job updated: 1615712
	1027  -  MemoryUsage of job (MB)
	1051396  -  ResidentSetSize of job (KB)
...
006 (5415472.294.000) 07/13 09:57:51 Image size of job updated: 1615712
	1027  -  MemoryUsage of job (MB)
	1051408  -  ResidentSetSize of job (KB)
...
006 (5415472.294.000) 07/13 10:22:53 Image size of job updated: 1615712
	1027  -  MemoryUsage of job (MB)
	1051420  -  ResidentSetSize of job (KB)
...
006 (5415472.294.000) 07/13 10:38:27 Image size of job updated: 1616616
	1028  -  MemoryUsage of job (MB)
	1052336  -  ResidentSetSize of job (KB)
...
006 (5415472.294.000) 07/13 10:58:29 Image size of job updated: 1616616
	1028  -  MemoryUsage of job (MB)
	1052348  -  ResidentSetSize of job (KB)
...
006 (5415472.294.000) 07/13 11:13:30 Image size of job updated: 1617524
	1029  -  MemoryUsage of job (MB)
	1053256  -  ResidentSetSize of job (KB)
...
006 (5415472.294.000) 07/13 11:18:31 Image size of job updated: 1617524
	1029  -  MemoryUsage of job (MB)
	1053268  -  ResidentSetSize of job (KB)
...
006 (5415472.294.000) 07/13 11:43:11 Image size of job updated: 1617524
	1029  -  MemoryUsage of job (MB)
	1053280  -  ResidentSetSize of job (KB)
...
006 (5415472.294.000) 07/13 11:54:59 Image size of job updated: 1618428
	1030  -  MemoryUsage of job (MB)
	1054196  -  ResidentSetSize of job (KB)
...
006 (5415472.294.000) 07/13 12:12:05 Image size of job updated: 1618428
	1030  -  MemoryUsage of job (MB)
	1054208  -  ResidentSetSize of job (KB)
...
006 (5415472.294.000) 07/13 12:22:06 Image size of job updated: 1619336
	1031  -  MemoryUsage of job (MB)
	1055116  -  ResidentSetSize of job (KB)
...
006 (5415472.294.000) 07/13 12:27:06 Image size of job updated: 1619336
	1031  -  MemoryUsage of job (MB)
	1055120  -  ResidentSetSize of job (KB)
...
006 (5415472.294.000) 07/13 12:32:06 Image size of job updated: 1619336
	1031  -  MemoryUsage of job (MB)
	1055128  -  ResidentSetSize of job (KB)
...
006 (5415472.294.000) 07/13 12:47:08 Image size of job updated: 1619336
	1031  -  MemoryUsage of job (MB)
	1055140  -  ResidentSetSize of job (KB)
...
006 (5415472.294.000) 07/13 12:52:10 Image size of job updated: 1620240
	1032  -  MemoryUsage of job (MB)
	1056044  -  ResidentSetSize of job (KB)
...
006 (5415472.294.000) 07/13 13:02:10 Image size of job updated: 1620240
	1032  -  MemoryUsage of job (MB)
	1056056  -  ResidentSetSize of job (KB)
...
006 (5415472.294.000) 07/13 13:22:10 Image size of job updated: 1620240
	1032  -  MemoryUsage of job (MB)
	1056068  -  ResidentSetSize of job (KB)
...
006 (5415472.294.000) 07/13 13:27:11 Image size of job updated: 1621144
	1033  -  MemoryUsage of job (MB)
	1056972  -  ResidentSetSize of job (KB)
...
006 (5415472.294.000) 07/13 13:42:13 Image size of job updated: 1621144
	1033  -  MemoryUsage of job (MB)
	1056984  -  ResidentSetSize of job (KB)
...
006 (5415472.294.000) 07/13 14:02:16 Image size of job updated: 1622052
	1034  -  MemoryUsage of job (MB)
	1057904  -  ResidentSetSize of job (KB)
...
006 (5415472.294.000) 07/13 14:17:17 Image size of job updated: 1622052
	1034  -  MemoryUsage of job (MB)
	1057916  -  ResidentSetSize of job (KB)
...
006 (5415472.294.000) 07/13 14:37:21 Image size of job updated: 1622956
	1035  -  MemoryUsage of job (MB)
	1058832  -  ResidentSetSize of job (KB)
...
006 (5415472.294.000) 07/13 14:57:24 Image size of job updated: 1622956
	1035  -  MemoryUsage of job (MB)
	1058844  -  ResidentSetSize of job (KB)
...
006 (5415472.294.000) 07/13 15:07:25 Image size of job updated: 1623864
	1035  -  MemoryUsage of job (MB)
	1059752  -  ResidentSetSize of job (KB)
...
006 (5415472.294.000) 07/13 15:12:25 Image size of job updated: 1623864
	1035  -  MemoryUsage of job (MB)
	1059764  -  ResidentSetSize of job (KB)
...
006 (5415472.294.000) 07/13 15:27:26 Image size of job updated: 1623864
	1035  -  MemoryUsage of job (MB)
	1059776  -  ResidentSetSize of job (KB)
...
006 (5415472.294.000) 07/13 15:42:28 Image size of job updated: 1624768
	1036  -  MemoryUsage of job (MB)
	1060680  -  ResidentSetSize of job (KB)
...
006 (5415472.294.000) 07/13 15:47:29 Image size of job updated: 1624768
	1036  -  MemoryUsage of job (MB)
	1060692  -  ResidentSetSize of job (KB)
...
006 (5415472.294.000) 07/13 16:02:30 Image size of job updated: 1624768
	1036  -  MemoryUsage of job (MB)
	1060704  -  ResidentSetSize of job (KB)
...
006 (5415472.294.000) 07/13 16:12:31 Image size of job updated: 1625676
	1037  -  MemoryUsage of job (MB)
	1061612  -  ResidentSetSize of job (KB)
...
006 (5415472.294.000) 07/13 16:22:32 Image size of job updated: 1625676
	1037  -  MemoryUsage of job (MB)
	1061624  -  ResidentSetSize of job (KB)
...
006 (5415472.294.000) 07/13 16:37:34 Image size of job updated: 1625676
	1037  -  MemoryUsage of job (MB)
	1061636  -  ResidentSetSize of job (KB)
...
006 (5415472.294.000) 07/13 16:47:36 Image size of job updated: 1626580
	1038  -  MemoryUsage of job (MB)
	1062540  -  ResidentSetSize of job (KB)
...
006 (5415472.294.000) 07/13 16:57:38 Image size of job updated: 1626580
	1038  -  MemoryUsage of job (MB)
	1062552  -  ResidentSetSize of job (KB)
...
006 (5415472.294.000) 07/13 17:17:41 Image size of job updated: 1626580
	1038  -  MemoryUsage of job (MB)
	1062564  -  ResidentSetSize of job (KB)
...
006 (5415472.294.000) 07/13 17:22:42 Image size of job updated: 1627484
	1039  -  MemoryUsage of job (MB)
	1063468  -  ResidentSetSize of job (KB)
...
006 (5415472.294.000) 07/13 17:32:46 Image size of job updated: 1627484
	1039  -  MemoryUsage of job (MB)
	1063480  -  ResidentSetSize of job (KB)
...
006 (5415472.294.000) 07/13 17:52:49 Image size of job updated: 1627484
	1039  -  MemoryUsage of job (MB)
	1063492  -  ResidentSetSize of job (KB)
...
006 (5415472.294.000) 07/13 17:57:49 Image size of job updated: 1628392
	1040  -  MemoryUsage of job (MB)
	1064400  -  ResidentSetSize of job (KB)
...
006 (5415472.294.000) 07/13 18:12:52 Image size of job updated: 1628392
	1040  -  MemoryUsage of job (MB)
	1064412  -  ResidentSetSize of job (KB)
...
006 (5415472.294.000) 07/13 18:32:54 Image size of job updated: 1628392
	1040  -  MemoryUsage of job (MB)
	1064424  -  ResidentSetSize of job (KB)
...
006 (5415472.294.000) 07/13 18:37:54 Image size of job updated: 1629296
	1041  -  MemoryUsage of job (MB)
	1065328  -  ResidentSetSize of job (KB)
...
006 (5415472.294.000) 07/13 18:52:55 Image size of job updated: 1629296
	1041  -  MemoryUsage of job (MB)
	1065340  -  ResidentSetSize of job (KB)
...
006 (5415472.294.000) 07/13 19:12:56 Image size of job updated: 1630204
	1042  -  MemoryUsage of job (MB)
	1066260  -  ResidentSetSize of job (KB)
...
006 (5415472.294.000) 07/13 19:38:00 Image size of job updated: 1630204
	1042  -  MemoryUsage of job (MB)
	1066272  -  ResidentSetSize of job (KB)
...
006 (5415472.294.000) 07/13 19:58:04 Image size of job updated: 1631108
	1043  -  MemoryUsage of job (MB)
	1067188  -  ResidentSetSize of job (KB)
...
006 (5415472.294.000) 07/13 20:23:05 Image size of job updated: 1631108
	1043  -  MemoryUsage of job (MB)
	1067200  -  ResidentSetSize of job (KB)
...
006 (5415472.294.000) 07/13 20:43:08 Image size of job updated: 1632012
	1044  -  MemoryUsage of job (MB)
	1068104  -  ResidentSetSize of job (KB)
...
006 (5415472.294.000) 07/13 20:48:08 Image size of job updated: 1632012
	1044  -  MemoryUsage of job (MB)
	1068116  -  ResidentSetSize of job (KB)
...
006 (5415472.294.000) 07/13 21:13:11 Image size of job updated: 1632012
	1044  -  MemoryUsage of job (MB)
	1068128  -  ResidentSetSize of job (KB)
...
006 (5415472.294.000) 07/13 21:33:13 Image size of job updated: 1632920
	1044  -  MemoryUsage of job (MB)
	1069036  -  ResidentSetSize of job (KB)
...
006 (5415472.294.000) 07/13 21:38:13 Image size of job updated: 1632920
	1044  -  MemoryUsage of job (MB)
	1069048  -  ResidentSetSize of job (KB)
...
006 (5415472.294.000) 07/13 22:03:17 Image size of job updated: 1632920
	1045  -  MemoryUsage of job (MB)
	1069060  -  ResidentSetSize of job (KB)
...
006 (5415472.294.000) 07/13 22:18:18 Image size of job updated: 1633824
	1045  -  MemoryUsage of job (MB)
	1069964  -  ResidentSetSize of job (KB)
...
006 (5415472.294.000) 07/13 22:28:19 Image size of job updated: 1633824
	1045  -  MemoryUsage of job (MB)
	1069976  -  ResidentSetSize of job (KB)
...
006 (5415472.294.000) 07/13 22:53:21 Image size of job updated: 1633824
	1045  -  MemoryUsage of job (MB)
	1069988  -  ResidentSetSize of job (KB)
...
006 (5415472.294.000) 07/13 23:03:21 Image size of job updated: 1634732
	1046  -  MemoryUsage of job (MB)
	1070896  -  ResidentSetSize of job (KB)
...
006 (5415472.294.000) 07/13 23:18:22 Image size of job updated: 1634732
	1046  -  MemoryUsage of job (MB)
	1070908  -  ResidentSetSize of job (KB)
...
006 (5415472.294.000) 07/13 23:38:23 Image size of job updated: 1634732
	1046  -  MemoryUsage of job (MB)
	1070920  -  ResidentSetSize of job (KB)
...
006 (5415472.294.000) 07/13 23:48:24 Image size of job updated: 1635636
	1047  -  MemoryUsage of job (MB)
	1071824  -  ResidentSetSize of job (KB)
...
006 (5415472.294.000) 07/13 23:58:25 Image size of job updated: 1635636
	1047  -  MemoryUsage of job (MB)
	1071836  -  ResidentSetSize of job (KB)
...
006 (5415472.294.000) 07/14 00:23:28 Image size of job updated: 1635636
	1047  -  MemoryUsage of job (MB)
	1071848  -  ResidentSetSize of job (KB)
...
006 (5415472.294.000) 07/14 00:28:28 Image size of job updated: 1636540
	1048  -  MemoryUsage of job (MB)
	1072752  -  ResidentSetSize of job (KB)
...
006 (5415472.294.000) 07/14 00:43:29 Image size of job updated: 1636540
	1048  -  MemoryUsage of job (MB)
	1072764  -  ResidentSetSize of job (KB)
...
006 (5415472.294.000) 07/14 01:03:32 Image size of job updated: 1637448
	1049  -  MemoryUsage of job (MB)
	1073684  -  ResidentSetSize of job (KB)
...
006 (5415472.294.000) 07/14 01:23:34 Image size of job updated: 1637448
	1049  -  MemoryUsage of job (MB)
	1073696  -  ResidentSetSize of job (KB)
...
006 (5415472.294.000) 07/14 01:38:34 Image size of job updated: 1641976
	1053  -  MemoryUsage of job (MB)
	1078236  -  ResidentSetSize of job (KB)
...
006 (5415472.294.000) 07/14 01:58:36 Image size of job updated: 1641976
	1053  -  MemoryUsage of job (MB)
	1078248  -  ResidentSetSize of job (KB)
...
006 (5415472.294.000) 07/14 02:13:39 Image size of job updated: 1641976
	1053  -  MemoryUsage of job (MB)
	1078260  -  ResidentSetSize of job (KB)
...
006 (5415472.294.000) 07/14 02:33:41 Image size of job updated: 1641976
	1053  -  MemoryUsage of job (MB)
	1078272  -  ResidentSetSize of job (KB)
...
006 (5415472.294.000) 07/14 02:53:43 Image size of job updated: 1641976
	1054  -  MemoryUsage of job (MB)
	1078284  -  ResidentSetSize of job (KB)
...
006 (5415472.294.000) 07/14 03:18:45 Image size of job updated: 1641976
	1054  -  MemoryUsage of job (MB)
	1078296  -  ResidentSetSize of job (KB)
...
006 (5415472.294.000) 07/14 03:38:46 Image size of job updated: 1641976
	1054  -  MemoryUsage of job (MB)
	1078308  -  ResidentSetSize of job (KB)
...
006 (5415472.294.000) 07/14 03:58:48 Image size of job updated: 1641976
	1054  -  MemoryUsage of job (MB)
	1078320  -  ResidentSetSize of job (KB)
...
006 (5415472.294.000) 07/14 04:18:51 Image size of job updated: 1641976
	1054  -  MemoryUsage of job (MB)
	1078332  -  ResidentSetSize of job (KB)
...
006 (5415472.294.000) 07/14 04:38:53 Image size of job updated: 1641976
	1054  -  MemoryUsage of job (MB)
	1078344  -  ResidentSetSize of job (KB)
...
006 (5415472.294.000) 07/14 05:03:56 Image size of job updated: 1641976
	1054  -  MemoryUsage of job (MB)
	1078356  -  ResidentSetSize of job (KB)
...
006 (5415472.294.000) 07/14 05:23:57 Image size of job updated: 1641976
	1054  -  MemoryUsage of job (MB)
	1078368  -  ResidentSetSize of job (KB)
...
006 (5415472.294.000) 07/14 05:43:58 Image size of job updated: 1641976
	1054  -  MemoryUsage of job (MB)
	1078380  -  ResidentSetSize of job (KB)
...
006 (5415472.294.000) 07/14 06:09:00 Image size of job updated: 1641976
	1054  -  MemoryUsage of job (MB)
	1078392  -  ResidentSetSize of job (KB)
...
006 (5415472.294.000) 07/14 06:29:04 Image size of job updated: 1641976
	1054  -  MemoryUsage of job (MB)
	1078404  -  ResidentSetSize of job (KB)
...
006 (5415472.294.000) 07/14 06:54:09 Image size of job updated: 1641976
	1054  -  MemoryUsage of job (MB)
	1078416  -  ResidentSetSize of job (KB)
...
006 (5415472.294.000) 07/14 07:14:11 Image size of job updated: 1641976
	1054  -  MemoryUsage of job (MB)
	1078428  -  ResidentSetSize of job (KB)
...
006 (5415472.294.000) 07/14 07:39:12 Image size of job updated: 1641976
	1054  -  MemoryUsage of job (MB)
	1078440  -  ResidentSetSize of job (KB)
...
006 (5415472.294.000) 07/14 07:59:15 Image size of job updated: 1641976
	1054  -  MemoryUsage of job (MB)
	1078452  -  ResidentSetSize of job (KB)
...
006 (5415472.294.000) 07/14 08:24:19 Image size of job updated: 1641976
	1054  -  MemoryUsage of job (MB)
	1078464  -  ResidentSetSize of job (KB)
...
006 (5415472.294.000) 07/14 08:44:19 Image size of job updated: 1641976
	1054  -  MemoryUsage of job (MB)
	1078476  -  ResidentSetSize of job (KB)
...
006 (5415472.294.000) 07/14 09:09:23 Image size of job updated: 1641976
	1054  -  MemoryUsage of job (MB)
	1078488  -  ResidentSetSize of job (KB)
...
006 (5415472.294.000) 07/14 09:29:24 Image size of job updated: 1641976
	1054  -  MemoryUsage of job (MB)
	1078500  -  ResidentSetSize of job (KB)
...
006 (5415472.294.000) 07/14 09:49:25 Image size of job updated: 1641976
	1054  -  MemoryUsage of job (MB)
	1078512  -  ResidentSetSize of job (KB)
...
006 (5415472.294.000) 07/14 10:09:29 Image size of job updated: 1641976
	1054  -  MemoryUsage of job (MB)
	1078524  -  ResidentSetSize of job (KB)
...
006 (5415472.294.000) 07/14 10:29:31 Image size of job updated: 1641976
	1054  -  MemoryUsage of job (MB)
	1078536  -  ResidentSetSize of job (KB)
...
006 (5415472.294.000) 07/14 10:49:33 Image size of job updated: 1641976
	1054  -  MemoryUsage of job (MB)
	1078548  -  ResidentSetSize of job (KB)
...
006 (5415472.294.000) 07/14 11:09:35 Image size of job updated: 1641976
	1054  -  MemoryUsage of job (MB)
	1078560  -  ResidentSetSize of job (KB)
...
006 (5415472.294.000) 07/14 11:29:37 Image size of job updated: 1641976
	1054  -  MemoryUsage of job (MB)
	1078572  -  ResidentSetSize of job (KB)
...
006 (5415472.294.000) 07/14 11:54:41 Image size of job updated: 1641976
	1054  -  MemoryUsage of job (MB)
	1078584  -  ResidentSetSize of job (KB)
...
006 (5415472.294.000) 07/14 12:14:44 Image size of job updated: 1641976
	1054  -  MemoryUsage of job (MB)
	1078596  -  ResidentSetSize of job (KB)
...
006 (5415472.294.000) 07/14 12:34:48 Image size of job updated: 1641976
	1054  -  MemoryUsage of job (MB)
	1078608  -  ResidentSetSize of job (KB)
...
006 (5415472.294.000) 07/14 12:54:50 Image size of job updated: 1641976
	1054  -  MemoryUsage of job (MB)
	1078620  -  ResidentSetSize of job (KB)
...
006 (5415472.294.000) 07/14 13:14:52 Image size of job updated: 1641976
	1054  -  MemoryUsage of job (MB)
	1078632  -  ResidentSetSize of job (KB)
...
006 (5415472.294.000) 07/14 13:34:55 Image size of job updated: 1641976
	1054  -  MemoryUsage of job (MB)
	1078644  -  ResidentSetSize of job (KB)
...
006 (5415472.294.000) 07/14 13:54:58 Image size of job updated: 1641976
	1054  -  MemoryUsage of job (MB)
	1078656  -  ResidentSetSize of job (KB)
...
006 (5415472.294.000) 07/14 14:15:01 Image size of job updated: 1641976
	1054  -  MemoryUsage of job (MB)
	1078660  -  ResidentSetSize of job (KB)
...
006 (5415472.294.000) 07/14 14:20:02 Image size of job updated: 1641976
	1054  -  MemoryUsage of job (MB)
	1078668  -  ResidentSetSize of job (KB)
...
006 (5415472.294.000) 07/14 14:40:06 Image size of job updated: 1641976
	1054  -  MemoryUsage of job (MB)
	1078680  -  ResidentSetSize of job (KB)
...
006 (5415472.294.000) 07/14 15:00:07 Image size of job updated: 1641976
	1054  -  MemoryUsage of job (MB)
	1078692  -  ResidentSetSize of job (KB)
...
006 (5415472.294.000) 07/14 15:25:10 Image size of job updated: 1641976
	1054  -  MemoryUsage of job (MB)
	1078704  -  ResidentSetSize of job (KB)
...
006 (5415472.294.000) 07/14 15:45:14 Image size of job updated: 1641976
	1054  -  MemoryUsage of job (MB)
	1078716  -  ResidentSetSize of job (KB)
...
006 (5415472.294.000) 07/14 16:05:17 Image size of job updated: 1641976
	1054  -  MemoryUsage of job (MB)
	1078728  -  ResidentSetSize of job (KB)
...
006 (5415472.294.000) 07/14 16:25:18 Image size of job updated: 1641976
	1054  -  MemoryUsage of job (MB)
	1078740  -  ResidentSetSize of job (KB)
...
006 (5415472.294.000) 07/14 16:45:18 Image size of job updated: 1641976
	1054  -  MemoryUsage of job (MB)
	1078752  -  ResidentSetSize of job (KB)
...
006 (5415472.294.000) 07/14 17:05:20 Image size of job updated: 1641976
	1054  -  MemoryUsage of job (MB)
	1078764  -  ResidentSetSize of job (KB)
...
006 (5415472.294.000) 07/14 17:30:21 Image size of job updated: 1641976
	1054  -  MemoryUsage of job (MB)
	1078776  -  ResidentSetSize of job (KB)
...
006 (5415472.294.000) 07/14 17:55:23 Image size of job updated: 1641976
	1054  -  MemoryUsage of job (MB)
	1078788  -  ResidentSetSize of job (KB)
...
006 (5415472.294.000) 07/14 18:15:25 Image size of job updated: 1641976
	1054  -  MemoryUsage of job (MB)
	1078800  -  ResidentSetSize of job (KB)
...
006 (5415472.294.000) 07/14 18:40:27 Image size of job updated: 1641976
	1054  -  MemoryUsage of job (MB)
	1078812  -  ResidentSetSize of job (KB)
...
006 (5415472.294.000) 07/14 19:00:30 Image size of job updated: 1641976
	1054  -  MemoryUsage of job (MB)
	1078824  -  ResidentSetSize of job (KB)
...
006 (5415472.294.000) 07/14 19:25:32 Image size of job updated: 1641976
	1054  -  MemoryUsage of job (MB)
	1078836  -  ResidentSetSize of job (KB)
...
006 (5415472.294.000) 07/14 19:51:04 Image size of job updated: 1641976
	1054  -  MemoryUsage of job (MB)
	1078848  -  ResidentSetSize of job (KB)
...
006 (5415472.294.000) 07/14 20:11:06 Image size of job updated: 1641976
	1054  -  MemoryUsage of job (MB)
	1078860  -  ResidentSetSize of job (KB)
...
006 (5415472.294.000) 07/14 20:31:08 Image size of job updated: 1641976
	1054  -  MemoryUsage of job (MB)
	1078872  -  ResidentSetSize of job (KB)
...
006 (5415472.294.000) 07/14 20:59:37 Image size of job updated: 1641976
	1054  -  MemoryUsage of job (MB)
	1078884  -  ResidentSetSize of job (KB)
...
022 (5415472.294.000) 07/14 21:06:34 Job disconnected, attempting to reconnect
    Socket between submit and execute hosts closed unexpectedly
    Trying to reconnect to slot1_4@b7s03p4336.cern.ch <128.142.58.138:9618?addrs=128.142.58.138-9618+[2001-1458-301-16--100-89]-9618&alias=b7s03p4336.cern.ch&noUDP&sock=startd_6355_9473>
...
023 (5415472.294.000) 07/14 21:07:34 Job reconnected to slot1_4@b7s03p4336.cern.ch
    startd address: <128.142.58.138:9618?addrs=128.142.58.138-9618+[2001-1458-301-16--100-89]-9618&alias=b7s03p4336.cern.ch&noUDP&sock=startd_6355_9473>
    starter address: <128.142.58.138:9618?addrs=128.142.58.138-9618+[2001-1458-301-16--100-89]-9618&alias=b7s03p4336.cern.ch&noUDP&sock=slot1_4_6814_d44e_2446>
...
006 (5415472.294.000) 07/14 21:27:24 Image size of job updated: 1641976
	1054  -  MemoryUsage of job (MB)
	1078896  -  ResidentSetSize of job (KB)
...
006 (5415472.294.000) 07/14 21:44:18 Image size of job updated: 1641976
	1054  -  MemoryUsage of job (MB)
	1078908  -  ResidentSetSize of job (KB)
...
006 (5415472.294.000) 07/14 22:00:31 Image size of job updated: 1641976
	1054  -  MemoryUsage of job (MB)
	1078920  -  ResidentSetSize of job (KB)
...
006 (5415472.294.000) 07/14 22:25:33 Image size of job updated: 1641976
	1054  -  MemoryUsage of job (MB)
	1078932  -  ResidentSetSize of job (KB)
...
006 (5415472.294.000) 07/14 22:45:34 Image size of job updated: 1641976
	1054  -  MemoryUsage of job (MB)
	1078944  -  ResidentSetSize of job (KB)
...
006 (5415472.294.000) 07/14 23:05:37 Image size of job updated: 1641976
	1054  -  MemoryUsage of job (MB)
	1078956  -  ResidentSetSize of job (KB)
...
006 (5415472.294.000) 07/14 23:30:38 Image size of job updated: 1641976
	1054  -  MemoryUsage of job (MB)
	1078968  -  ResidentSetSize of job (KB)
...
006 (5415472.294.000) 07/14 23:50:40 Image size of job updated: 1641976
	1054  -  MemoryUsage of job (MB)
	1078980  -  ResidentSetSize of job (KB)
...
006 (5415472.294.000) 07/15 00:10:42 Image size of job updated: 1641976
	1054  -  MemoryUsage of job (MB)
	1078992  -  ResidentSetSize of job (KB)
...
006 (5415472.294.000) 07/15 00:30:44 Image size of job updated: 1641976
	1054  -  MemoryUsage of job (MB)
	1079004  -  ResidentSetSize of job (KB)
...
006 (5415472.294.000) 07/15 00:50:46 Image size of job updated: 1641976
	1054  -  MemoryUsage of job (MB)
	1079016  -  ResidentSetSize of job (KB)
...
006 (5415472.294.000) 07/15 01:10:46 Image size of job updated: 1641976
	1054  -  MemoryUsage of job (MB)
	1079028  -  ResidentSetSize of job (KB)
...
006 (5415472.294.000) 07/15 01:30:47 Image size of job updated: 1641976
	1054  -  MemoryUsage of job (MB)
	1079040  -  ResidentSetSize of job (KB)
...
006 (5415472.294.000) 07/15 01:50:50 Image size of job updated: 1641976
	1054  -  MemoryUsage of job (MB)
	1079052  -  ResidentSetSize of job (KB)
...
006 (5415472.294.000) 07/15 02:10:52 Image size of job updated: 1641976
	1054  -  MemoryUsage of job (MB)
	1079064  -  ResidentSetSize of job (KB)
...
006 (5415472.294.000) 07/15 02:30:54 Image size of job updated: 1641976
	1054  -  MemoryUsage of job (MB)
	1079076  -  ResidentSetSize of job (KB)
...
006 (5415472.294.000) 07/15 02:50:55 Image size of job updated: 1641976
	1054  -  MemoryUsage of job (MB)
	1079088  -  ResidentSetSize of job (KB)
...
006 (5415472.294.000) 07/15 03:10:55 Image size of job updated: 1641976
	1054  -  MemoryUsage of job (MB)
	1079100  -  ResidentSetSize of job (KB)
...
006 (5415472.294.000) 07/15 03:30:56 Image size of job updated: 1641976
	1054  -  MemoryUsage of job (MB)
	1079112  -  ResidentSetSize of job (KB)
...
006 (5415472.294.000) 07/15 03:55:59 Image size of job updated: 1646072
	1056  -  MemoryUsage of job (MB)
	1081168  -  ResidentSetSize of job (KB)
...
006 (5415472.294.000) 07/15 04:11:00 Image size of job updated: 1646072
	1056  -  MemoryUsage of job (MB)
	1081176  -  ResidentSetSize of job (KB)
...
006 (5415472.294.000) 07/15 04:31:03 Image size of job updated: 1646072
	1056  -  MemoryUsage of job (MB)
	1081184  -  ResidentSetSize of job (KB)
...
006 (5415472.294.000) 07/15 04:51:04 Image size of job updated: 1646072
	1056  -  MemoryUsage of job (MB)
	1081192  -  ResidentSetSize of job (KB)
...
006 (5415472.294.000) 07/15 05:11:07 Image size of job updated: 1646072
	1056  -  MemoryUsage of job (MB)
	1081200  -  ResidentSetSize of job (KB)
...
006 (5415472.294.000) 07/15 05:31:10 Image size of job updated: 1646072
	1056  -  MemoryUsage of job (MB)
	1081208  -  ResidentSetSize of job (KB)
...
006 (5415472.294.000) 07/15 05:56:12 Image size of job updated: 1646072
	1056  -  MemoryUsage of job (MB)
	1081216  -  ResidentSetSize of job (KB)
...
006 (5415472.294.000) 07/15 06:16:14 Image size of job updated: 1646072
	1056  -  MemoryUsage of job (MB)
	1081224  -  ResidentSetSize of job (KB)
...
006 (5415472.294.000) 07/15 06:41:17 Image size of job updated: 1646072
	1056  -  MemoryUsage of job (MB)
	1081232  -  ResidentSetSize of job (KB)
...
006 (5415472.294.000) 07/15 07:01:19 Image size of job updated: 1646072
	1056  -  MemoryUsage of job (MB)
	1081240  -  ResidentSetSize of job (KB)
...
006 (5415472.294.000) 07/15 07:26:23 Image size of job updated: 1646072
	1056  -  MemoryUsage of job (MB)
	1081248  -  ResidentSetSize of job (KB)
...
006 (5415472.294.000) 07/15 07:46:26 Image size of job updated: 1646072
	1056  -  MemoryUsage of job (MB)
	1081256  -  ResidentSetSize of job (KB)
...
006 (5415472.294.000) 07/15 08:11:30 Image size of job updated: 1646072
	1056  -  MemoryUsage of job (MB)
	1081264  -  ResidentSetSize of job (KB)
...
006 (5415472.294.000) 07/15 08:31:33 Image size of job updated: 1646072
	1056  -  MemoryUsage of job (MB)
	1081272  -  ResidentSetSize of job (KB)
...
006 (5415472.294.000) 07/15 08:51:35 Image size of job updated: 1646072
	1056  -  MemoryUsage of job (MB)
	1081280  -  ResidentSetSize of job (KB)
...
006 (5415472.294.000) 07/15 09:11:37 Image size of job updated: 1646072
	1056  -  MemoryUsage of job (MB)
	1081288  -  ResidentSetSize of job (KB)
...
006 (5415472.294.000) 07/15 09:36:40 Image size of job updated: 1646072
	1056  -  MemoryUsage of job (MB)
	1081296  -  ResidentSetSize of job (KB)
...
006 (5415472.294.000) 07/15 09:56:42 Image size of job updated: 1646072
	1056  -  MemoryUsage of job (MB)
	1081304  -  ResidentSetSize of job (KB)
...
006 (5415472.294.000) 07/15 10:21:46 Image size of job updated: 1646072
	1056  -  MemoryUsage of job (MB)
	1081312  -  ResidentSetSize of job (KB)
...
006 (5415472.294.000) 07/15 10:41:48 Image size of job updated: 1646072
	1056  -  MemoryUsage of job (MB)
	1081320  -  ResidentSetSize of job (KB)
...
006 (5415472.294.000) 07/15 11:01:51 Image size of job updated: 1646072
	1056  -  MemoryUsage of job (MB)
	1081328  -  ResidentSetSize of job (KB)
...
006 (5415472.294.000) 07/15 11:26:51 Image size of job updated: 1646072
	1056  -  MemoryUsage of job (MB)
	1081336  -  ResidentSetSize of job (KB)
...
006 (5415472.294.000) 07/15 11:46:52 Image size of job updated: 1646072
	1056  -  MemoryUsage of job (MB)
	1081344  -  ResidentSetSize of job (KB)
...
006 (5415472.294.000) 07/15 12:11:53 Image size of job updated: 1646072
	1057  -  MemoryUsage of job (MB)
	1081352  -  ResidentSetSize of job (KB)
...
006 (5415472.294.000) 07/15 12:31:55 Image size of job updated: 1646072
	1057  -  MemoryUsage of job (MB)
	1081360  -  ResidentSetSize of job (KB)
...
006 (5415472.294.000) 07/15 12:51:57 Image size of job updated: 1646072
	1057  -  MemoryUsage of job (MB)
	1081368  -  ResidentSetSize of job (KB)
...
006 (5415472.294.000) 07/15 13:11:58 Image size of job updated: 1646072
	1057  -  MemoryUsage of job (MB)
	1081376  -  ResidentSetSize of job (KB)
...
006 (5415472.294.000) 07/15 13:32:00 Image size of job updated: 1646072
	1057  -  MemoryUsage of job (MB)
	1081384  -  ResidentSetSize of job (KB)
...
006 (5415472.294.000) 07/15 13:53:37 Image size of job updated: 1646072
	1057  -  MemoryUsage of job (MB)
	1081392  -  ResidentSetSize of job (KB)
...
006 (5415472.294.000) 07/15 14:13:23 Image size of job updated: 1646072
	1057  -  MemoryUsage of job (MB)
	1081400  -  ResidentSetSize of job (KB)
...
006 (5415472.294.000) 07/15 14:33:26 Image size of job updated: 1646072
	1057  -  MemoryUsage of job (MB)
	1081408  -  ResidentSetSize of job (KB)
...
006 (5415472.294.000) 07/15 14:53:27 Image size of job updated: 1646072
	1057  -  MemoryUsage of job (MB)
	1081416  -  ResidentSetSize of job (KB)
...
006 (5415472.294.000) 07/15 15:13:28 Image size of job updated: 1646072
	1057  -  MemoryUsage of job (MB)
	1081424  -  ResidentSetSize of job (KB)
...
006 (5415472.294.000) 07/15 15:38:31 Image size of job updated: 1646072
	1057  -  MemoryUsage of job (MB)
	1081432  -  ResidentSetSize of job (KB)
...
006 (5415472.294.000) 07/15 15:58:32 Image size of job updated: 1646072
	1057  -  MemoryUsage of job (MB)
	1081440  -  ResidentSetSize of job (KB)
...
006 (5415472.294.000) 07/15 16:18:34 Image size of job updated: 1646072
	1057  -  MemoryUsage of job (MB)
	1081448  -  ResidentSetSize of job (KB)
...
006 (5415472.294.000) 07/15 16:38:36 Image size of job updated: 1646072
	1057  -  MemoryUsage of job (MB)
	1081456  -  ResidentSetSize of job (KB)
...
006 (5415472.294.000) 07/15 16:58:38 Image size of job updated: 1646072
	1057  -  MemoryUsage of job (MB)
	1081464  -  ResidentSetSize of job (KB)
...
006 (5415472.294.000) 07/15 17:18:40 Image size of job updated: 1646072
	1057  -  MemoryUsage of job (MB)
	1081472  -  ResidentSetSize of job (KB)
...
006 (5415472.294.000) 07/15 17:38:41 Image size of job updated: 1646072
	1057  -  MemoryUsage of job (MB)
	1081476  -  ResidentSetSize of job (KB)
...
006 (5415472.294.000) 07/15 17:43:42 Image size of job updated: 1646072
	1057  -  MemoryUsage of job (MB)
	1081480  -  ResidentSetSize of job (KB)
...
006 (5415472.294.000) 07/15 18:03:44 Image size of job updated: 1646072
	1057  -  MemoryUsage of job (MB)
	1081488  -  ResidentSetSize of job (KB)
...
006 (5415472.294.000) 07/15 18:23:48 Image size of job updated: 1646072
	1057  -  MemoryUsage of job (MB)
	1081496  -  ResidentSetSize of job (KB)
...
006 (5415472.294.000) 07/15 18:43:50 Image size of job updated: 1646072
	1057  -  MemoryUsage of job (MB)
	1081504  -  ResidentSetSize of job (KB)
...
006 (5415472.294.000) 07/15 19:08:55 Image size of job updated: 1646072
	1057  -  MemoryUsage of job (MB)
	1081512  -  ResidentSetSize of job (KB)
...
006 (5415472.294.000) 07/15 19:28:57 Image size of job updated: 1646072
	1057  -  MemoryUsage of job (MB)
	1081520  -  ResidentSetSize of job (KB)
...
006 (5415472.294.000) 07/15 19:48:59 Image size of job updated: 1646072
	1057  -  MemoryUsage of job (MB)
	1081528  -  ResidentSetSize of job (KB)
...
006 (5415472.294.000) 07/15 20:09:02 Image size of job updated: 1646072
	1057  -  MemoryUsage of job (MB)
	1081536  -  ResidentSetSize of job (KB)
...
006 (5415472.294.000) 07/15 20:29:05 Image size of job updated: 1646072
	1057  -  MemoryUsage of job (MB)
	1081544  -  ResidentSetSize of job (KB)
...
006 (5415472.294.000) 07/15 20:54:07 Image size of job updated: 1646072
	1057  -  MemoryUsage of job (MB)
	1081552  -  ResidentSetSize of job (KB)
...
006 (5415472.294.000) 07/15 21:14:08 Image size of job updated: 1646072
	1057  -  MemoryUsage of job (MB)
	1081560  -  ResidentSetSize of job (KB)
...
006 (5415472.294.000) 07/15 21:34:11 Image size of job updated: 1646072
	1057  -  MemoryUsage of job (MB)
	1081568  -  ResidentSetSize of job (KB)
...
006 (5415472.294.000) 07/15 21:59:12 Image size of job updated: 1646072
	1057  -  MemoryUsage of job (MB)
	1081576  -  ResidentSetSize of job (KB)
...
006 (5415472.294.000) 07/15 22:19:14 Image size of job updated: 1646072
	1057  -  MemoryUsage of job (MB)
	1081584  -  ResidentSetSize of job (KB)
...
006 (5415472.294.000) 07/15 22:39:16 Image size of job updated: 1646072
	1057  -  MemoryUsage of job (MB)
	1081588  -  ResidentSetSize of job (KB)
...
006 (5415472.294.000) 07/15 22:44:16 Image size of job updated: 1646072
	1057  -  MemoryUsage of job (MB)
	1081592  -  ResidentSetSize of job (KB)
...
006 (5415472.294.000) 07/15 23:04:20 Image size of job updated: 1646072
	1057  -  MemoryUsage of job (MB)
	1081600  -  ResidentSetSize of job (KB)
...
006 (5415472.294.000) 07/15 23:24:22 Image size of job updated: 1646072
	1057  -  MemoryUsage of job (MB)
	1081608  -  ResidentSetSize of job (KB)
...
006 (5415472.294.000) 07/15 23:49:25 Image size of job updated: 1646072
	1057  -  MemoryUsage of job (MB)
	1081616  -  ResidentSetSize of job (KB)
...
006 (5415472.294.000) 07/16 00:09:28 Image size of job updated: 1646072
	1057  -  MemoryUsage of job (MB)
	1081624  -  ResidentSetSize of job (KB)
...
006 (5415472.294.000) 07/16 00:29:30 Image size of job updated: 1646072
	1057  -  MemoryUsage of job (MB)
	1081632  -  ResidentSetSize of job (KB)
...
006 (5415472.294.000) 07/16 00:49:33 Image size of job updated: 1646072
	1057  -  MemoryUsage of job (MB)
	1081640  -  ResidentSetSize of job (KB)
...
006 (5415472.294.000) 07/16 01:09:34 Image size of job updated: 1646072
	1057  -  MemoryUsage of job (MB)
	1081648  -  ResidentSetSize of job (KB)
...
006 (5415472.294.000) 07/16 01:29:36 Image size of job updated: 1646072
	1057  -  MemoryUsage of job (MB)
	1081656  -  ResidentSetSize of job (KB)
...
006 (5415472.294.000) 07/16 01:54:39 Image size of job updated: 1646072
	1057  -  MemoryUsage of job (MB)
	1081664  -  ResidentSetSize of job (KB)
...
006 (5415472.294.000) 07/16 02:14:43 Image size of job updated: 1646072
	1057  -  MemoryUsage of job (MB)
	1081672  -  ResidentSetSize of job (KB)
...
006 (5415472.294.000) 07/16 02:39:45 Image size of job updated: 1646072
	1057  -  MemoryUsage of job (MB)
	1081680  -  ResidentSetSize of job (KB)
...
006 (5415472.294.000) 07/16 02:59:47 Image size of job updated: 1646072
	1057  -  MemoryUsage of job (MB)
	1081688  -  ResidentSetSize of job (KB)
...
006 (5415472.294.000) 07/16 03:19:50 Image size of job updated: 1646072
	1057  -  MemoryUsage of job (MB)
	1081696  -  ResidentSetSize of job (KB)
...
006 (5415472.294.000) 07/16 03:44:52 Image size of job updated: 1646072
	1057  -  MemoryUsage of job (MB)
	1081704  -  ResidentSetSize of job (KB)
...
006 (5415472.294.000) 07/16 04:04:54 Image size of job updated: 1646072
	1057  -  MemoryUsage of job (MB)
	1081712  -  ResidentSetSize of job (KB)
...
006 (5415472.294.000) 07/16 04:24:56 Image size of job updated: 1646072
	1057  -  MemoryUsage of job (MB)
	1081720  -  ResidentSetSize of job (KB)
...
006 (5415472.294.000) 07/16 04:44:58 Image size of job updated: 1646072
	1057  -  MemoryUsage of job (MB)
	1081728  -  ResidentSetSize of job (KB)
...
006 (5415472.294.000) 07/16 05:05:00 Image size of job updated: 1646072
	1057  -  MemoryUsage of job (MB)
	1081736  -  ResidentSetSize of job (KB)
...
006 (5415472.294.000) 07/16 05:25:02 Image size of job updated: 1646072
	1057  -  MemoryUsage of job (MB)
	1081744  -  ResidentSetSize of job (KB)
...
006 (5415472.294.000) 07/16 05:40:03 Image size of job updated: 1646072
	1057  -  MemoryUsage of job (MB)
	1081748  -  ResidentSetSize of job (KB)
...
006 (5415472.294.000) 07/16 05:45:04 Image size of job updated: 1646072
	1057  -  MemoryUsage of job (MB)
	1081752  -  ResidentSetSize of job (KB)
...
006 (5415472.294.000) 07/16 06:00:06 Image size of job updated: 1646072
	1057  -  MemoryUsage of job (MB)
	1081760  -  ResidentSetSize of job (KB)
...
006 (5415472.294.000) 07/16 06:25:08 Image size of job updated: 1646072
	1057  -  MemoryUsage of job (MB)
	1081768  -  ResidentSetSize of job (KB)
...
006 (5415472.294.000) 07/16 06:45:11 Image size of job updated: 1646072
	1057  -  MemoryUsage of job (MB)
	1081776  -  ResidentSetSize of job (KB)
...
006 (5415472.294.000) 07/16 07:05:13 Image size of job updated: 1646072
	1057  -  MemoryUsage of job (MB)
	1081784  -  ResidentSetSize of job (KB)
...
006 (5415472.294.000) 07/16 07:25:14 Image size of job updated: 1646072
	1057  -  MemoryUsage of job (MB)
	1081792  -  ResidentSetSize of job (KB)
...
006 (5415472.294.000) 07/16 07:45:16 Image size of job updated: 1646072
	1057  -  MemoryUsage of job (MB)
	1081800  -  ResidentSetSize of job (KB)
...
006 (5415472.294.000) 07/16 08:05:19 Image size of job updated: 1646072
	1057  -  MemoryUsage of job (MB)
	1081808  -  ResidentSetSize of job (KB)
...
006 (5415472.294.000) 07/16 08:25:19 Image size of job updated: 1646072
	1057  -  MemoryUsage of job (MB)
	1081816  -  ResidentSetSize of job (KB)
...
006 (5415472.294.000) 07/16 08:45:21 Image size of job updated: 1646072
	1057  -  MemoryUsage of job (MB)
	1081824  -  ResidentSetSize of job (KB)
...
006 (5415472.294.000) 07/16 09:05:24 Image size of job updated: 1646072
	1057  -  MemoryUsage of job (MB)
	1081832  -  ResidentSetSize of job (KB)
...
006 (5415472.294.000) 07/16 09:20:24 Image size of job updated: 1646072
	1057  -  MemoryUsage of job (MB)
	1081836  -  ResidentSetSize of job (KB)
...
006 (5415472.294.000) 07/16 09:25:25 Image size of job updated: 1646072
	1057  -  MemoryUsage of job (MB)
	1081840  -  ResidentSetSize of job (KB)
...
006 (5415472.294.000) 07/16 09:45:28 Image size of job updated: 1646072
	1057  -  MemoryUsage of job (MB)
	1081848  -  ResidentSetSize of job (KB)
...
006 (5415472.294.000) 07/16 10:05:31 Image size of job updated: 1646072
	1057  -  MemoryUsage of job (MB)
	1081856  -  ResidentSetSize of job (KB)
...
006 (5415472.294.000) 07/16 10:25:32 Image size of job updated: 1646072
	1057  -  MemoryUsage of job (MB)
	1081864  -  ResidentSetSize of job (KB)
...
006 (5415472.294.000) 07/16 10:45:33 Image size of job updated: 1646072
	1057  -  MemoryUsage of job (MB)
	1081872  -  ResidentSetSize of job (KB)
...
006 (5415472.294.000) 07/16 11:00:34 Image size of job updated: 1646072
	1057  -  MemoryUsage of job (MB)
	1081880  -  ResidentSetSize of job (KB)
...
006 (5415472.294.000) 07/16 11:20:36 Image size of job updated: 1646072
	1057  -  MemoryUsage of job (MB)
	1081888  -  ResidentSetSize of job (KB)
...
006 (5415472.294.000) 07/16 11:40:40 Image size of job updated: 1646072
	1057  -  MemoryUsage of job (MB)
	1081896  -  ResidentSetSize of job (KB)
...
006 (5415472.294.000) 07/16 12:01:13 Image size of job updated: 1646072
	1057  -  MemoryUsage of job (MB)
	1081904  -  ResidentSetSize of job (KB)
...
006 (5415472.294.000) 07/16 12:16:14 Image size of job updated: 1646072
	1057  -  MemoryUsage of job (MB)
	1081912  -  ResidentSetSize of job (KB)
...
006 (5415472.294.000) 07/16 12:36:15 Image size of job updated: 1646072
	1057  -  MemoryUsage of job (MB)
	1081920  -  ResidentSetSize of job (KB)
...
006 (5415472.294.000) 07/16 12:56:18 Image size of job updated: 1646072
	1057  -  MemoryUsage of job (MB)
	1081928  -  ResidentSetSize of job (KB)
...
006 (5415472.294.000) 07/16 13:16:20 Image size of job updated: 1646072
	1057  -  MemoryUsage of job (MB)
	1081936  -  ResidentSetSize of job (KB)
...
006 (5415472.294.000) 07/16 13:31:21 Image size of job updated: 1646072
	1057  -  MemoryUsage of job (MB)
	1081944  -  ResidentSetSize of job (KB)
...
006 (5415472.294.000) 07/16 13:36:22 Image size of job updated: 1646072
	1057  -  MemoryUsage of job (MB)
	1081948  -  ResidentSetSize of job (KB)
...
006 (5415472.294.000) 07/16 13:51:24 Image size of job updated: 1646072
	1057  -  MemoryUsage of job (MB)
	1081952  -  ResidentSetSize of job (KB)
...
006 (5415472.294.000) 07/16 14:11:26 Image size of job updated: 1646072
	1057  -  MemoryUsage of job (MB)
	1081964  -  ResidentSetSize of job (KB)
...
006 (5415472.294.000) 07/16 14:31:27 Image size of job updated: 1646072
	1057  -  MemoryUsage of job (MB)
	1081968  -  ResidentSetSize of job (KB)
...
006 (5415472.294.000) 07/16 14:46:29 Image size of job updated: 1646072
	1057  -  MemoryUsage of job (MB)
	1081976  -  ResidentSetSize of job (KB)
...
006 (5415472.294.000) 07/16 15:06:33 Image size of job updated: 1646072
	1057  -  MemoryUsage of job (MB)
	1081984  -  ResidentSetSize of job (KB)
...
006 (5415472.294.000) 07/16 15:26:35 Image size of job updated: 1646072
	1057  -  MemoryUsage of job (MB)
	1081992  -  ResidentSetSize of job (KB)
...
006 (5415472.294.000) 07/16 15:46:38 Image size of job updated: 1646072
	1057  -  MemoryUsage of job (MB)
	1082000  -  ResidentSetSize of job (KB)
...
006 (5415472.294.000) 07/16 16:01:39 Image size of job updated: 1646072
	1057  -  MemoryUsage of job (MB)
	1082008  -  ResidentSetSize of job (KB)
...
006 (5415472.294.000) 07/16 16:21:40 Image size of job updated: 1646072
	1057  -  MemoryUsage of job (MB)
	1082016  -  ResidentSetSize of job (KB)
...
006 (5415472.294.000) 07/16 16:36:41 Image size of job updated: 1646072
	1057  -  MemoryUsage of job (MB)
	1082020  -  ResidentSetSize of job (KB)
...
006 (5415472.294.000) 07/16 16:41:42 Image size of job updated: 1646072
	1057  -  MemoryUsage of job (MB)
	1082024  -  ResidentSetSize of job (KB)
...
006 (5415472.294.000) 07/16 16:56:44 Image size of job updated: 1646072
	1057  -  MemoryUsage of job (MB)
	1082032  -  ResidentSetSize of job (KB)
...
006 (5415472.294.000) 07/16 17:16:44 Image size of job updated: 1646072
	1057  -  MemoryUsage of job (MB)
	1082040  -  ResidentSetSize of job (KB)
...
006 (5415472.294.000) 07/16 17:36:46 Image size of job updated: 1646072
	1057  -  MemoryUsage of job (MB)
	1082048  -  ResidentSetSize of job (KB)
...
006 (5415472.294.000) 07/16 17:56:49 Image size of job updated: 1646072
	1057  -  MemoryUsage of job (MB)
	1082056  -  ResidentSetSize of job (KB)
...
006 (5415472.294.000) 07/16 18:16:52 Image size of job updated: 1646072
	1057  -  MemoryUsage of job (MB)
	1082064  -  ResidentSetSize of job (KB)
...
006 (5415472.294.000) 07/16 18:31:54 Image size of job updated: 1646072
	1057  -  MemoryUsage of job (MB)
	1082072  -  ResidentSetSize of job (KB)
...
006 (5415472.294.000) 07/16 18:51:54 Image size of job updated: 1646072
	1057  -  MemoryUsage of job (MB)
	1082080  -  ResidentSetSize of job (KB)
...
006 (5415472.294.000) 07/16 19:11:58 Image size of job updated: 1646072
	1057  -  MemoryUsage of job (MB)
	1082088  -  ResidentSetSize of job (KB)
...
006 (5415472.294.000) 07/16 19:32:00 Image size of job updated: 1646072
	1057  -  MemoryUsage of job (MB)
	1082096  -  ResidentSetSize of job (KB)
...
006 (5415472.294.000) 07/16 19:52:02 Image size of job updated: 1646072
	1057  -  MemoryUsage of job (MB)
	1082104  -  ResidentSetSize of job (KB)
...
006 (5415472.294.000) 07/16 20:12:05 Image size of job updated: 1646072
	1057  -  MemoryUsage of job (MB)
	1082112  -  ResidentSetSize of job (KB)
...
006 (5415472.294.000) 07/16 20:27:08 Image size of job updated: 1646072
	1057  -  MemoryUsage of job (MB)
	1082120  -  ResidentSetSize of job (KB)
...
006 (5415472.294.000) 07/16 20:47:12 Image size of job updated: 1646072
	1057  -  MemoryUsage of job (MB)
	1082128  -  ResidentSetSize of job (KB)
...
006 (5415472.294.000) 07/16 21:07:15 Image size of job updated: 1646072
	1057  -  MemoryUsage of job (MB)
	1082136  -  ResidentSetSize of job (KB)
...
006 (5415472.294.000) 07/16 21:27:17 Image size of job updated: 1646072
	1057  -  MemoryUsage of job (MB)
	1082144  -  ResidentSetSize of job (KB)
...
006 (5415472.294.000) 07/16 21:47:20 Image size of job updated: 1646072
	1057  -  MemoryUsage of job (MB)
	1082152  -  ResidentSetSize of job (KB)
...
006 (5415472.294.000) 07/16 22:02:21 Image size of job updated: 1646072
	1057  -  MemoryUsage of job (MB)
	1082160  -  ResidentSetSize of job (KB)
...
006 (5415472.294.000) 07/16 22:22:23 Image size of job updated: 1646072
	1057  -  MemoryUsage of job (MB)
	1082168  -  ResidentSetSize of job (KB)
...
006 (5415472.294.000) 07/16 22:47:27 Image size of job updated: 1646072
	1057  -  MemoryUsage of job (MB)
	1082176  -  ResidentSetSize of job (KB)
...
006 (5415472.294.000) 07/16 23:07:29 Image size of job updated: 1646072
	1057  -  MemoryUsage of job (MB)
	1082184  -  ResidentSetSize of job (KB)
...
006 (5415472.294.000) 07/16 23:27:31 Image size of job updated: 1646072
	1057  -  MemoryUsage of job (MB)
	1082192  -  ResidentSetSize of job (KB)
...
006 (5415472.294.000) 07/16 23:47:32 Image size of job updated: 1646072
	1057  -  MemoryUsage of job (MB)
	1082200  -  ResidentSetSize of job (KB)
...
006 (5415472.294.000) 07/17 00:07:35 Image size of job updated: 1646072
	1057  -  MemoryUsage of job (MB)
	1082208  -  ResidentSetSize of job (KB)
...
006 (5415472.294.000) 07/17 00:27:36 Image size of job updated: 1646072
	1057  -  MemoryUsage of job (MB)
	1082216  -  ResidentSetSize of job (KB)
...
006 (5415472.294.000) 07/17 00:47:38 Image size of job updated: 1646072
	1057  -  MemoryUsage of job (MB)
	1082224  -  ResidentSetSize of job (KB)
...
006 (5415472.294.000) 07/17 01:07:40 Image size of job updated: 1646072
	1057  -  MemoryUsage of job (MB)
	1082232  -  ResidentSetSize of job (KB)
...
006 (5415472.294.000) 07/17 01:27:42 Image size of job updated: 1646072
	1057  -  MemoryUsage of job (MB)
	1082240  -  ResidentSetSize of job (KB)
...
006 (5415472.294.000) 07/17 01:47:44 Image size of job updated: 1646072
	1057  -  MemoryUsage of job (MB)
	1082248  -  ResidentSetSize of job (KB)
...
006 (5415472.294.000) 07/17 02:07:49 Image size of job updated: 1646072
	1057  -  MemoryUsage of job (MB)
	1082256  -  ResidentSetSize of job (KB)
...
006 (5415472.294.000) 07/17 02:27:49 Image size of job updated: 1646072
	1057  -  MemoryUsage of job (MB)
	1082264  -  ResidentSetSize of job (KB)
...
006 (5415472.294.000) 07/17 02:42:51 Image size of job updated: 1646072
	1057  -  MemoryUsage of job (MB)
	1082272  -  ResidentSetSize of job (KB)
...
006 (5415472.294.000) 07/17 03:02:53 Image size of job updated: 1646072
	1057  -  MemoryUsage of job (MB)
	1082280  -  ResidentSetSize of job (KB)
...
006 (5415472.294.000) 07/17 03:22:54 Image size of job updated: 1646072
	1057  -  MemoryUsage of job (MB)
	1082288  -  ResidentSetSize of job (KB)
...
006 (5415472.294.000) 07/17 03:42:55 Image size of job updated: 1646072
	1057  -  MemoryUsage of job (MB)
	1082296  -  ResidentSetSize of job (KB)
...
006 (5415472.294.000) 07/17 04:02:56 Image size of job updated: 1646072
	1057  -  MemoryUsage of job (MB)
	1082304  -  ResidentSetSize of job (KB)
...
006 (5415472.294.000) 07/17 04:22:57 Image size of job updated: 1646072
	1057  -  MemoryUsage of job (MB)
	1082312  -  ResidentSetSize of job (KB)
...
006 (5415472.294.000) 07/17 04:42:57 Image size of job updated: 1646072
	1057  -  MemoryUsage of job (MB)
	1082320  -  ResidentSetSize of job (KB)
...
006 (5415472.294.000) 07/17 05:02:58 Image size of job updated: 1646072
	1057  -  MemoryUsage of job (MB)
	1082328  -  ResidentSetSize of job (KB)
...
006 (5415472.294.000) 07/17 05:23:02 Image size of job updated: 1646072
	1057  -  MemoryUsage of job (MB)
	1082336  -  ResidentSetSize of job (KB)
...
006 (5415472.294.000) 07/17 05:43:04 Image size of job updated: 1646072
	1057  -  MemoryUsage of job (MB)
	1082344  -  ResidentSetSize of job (KB)
...
006 (5415472.294.000) 07/17 05:58:05 Image size of job updated: 1646072
	1057  -  MemoryUsage of job (MB)
	1082348  -  ResidentSetSize of job (KB)
...
006 (5415472.294.000) 07/17 06:03:06 Image size of job updated: 1646072
	1057  -  MemoryUsage of job (MB)
	1082352  -  ResidentSetSize of job (KB)
...
006 (5415472.294.000) 07/17 06:18:07 Image size of job updated: 1646072
	1057  -  MemoryUsage of job (MB)
	1082360  -  ResidentSetSize of job (KB)
...
006 (5415472.294.000) 07/17 06:38:10 Image size of job updated: 1646072
	1057  -  MemoryUsage of job (MB)
	1082368  -  ResidentSetSize of job (KB)
...
006 (5415472.294.000) 07/17 06:58:10 Image size of job updated: 1646072
	1058  -  MemoryUsage of job (MB)
	1082372  -  ResidentSetSize of job (KB)
...
006 (5415472.294.000) 07/17 07:03:11 Image size of job updated: 1646072
	1058  -  MemoryUsage of job (MB)
	1082376  -  ResidentSetSize of job (KB)
...
006 (5415472.294.000) 07/17 07:18:12 Image size of job updated: 1646072
	1058  -  MemoryUsage of job (MB)
	1082384  -  ResidentSetSize of job (KB)
...
006 (5415472.294.000) 07/17 07:43:15 Image size of job updated: 1646072
	1058  -  MemoryUsage of job (MB)
	1082392  -  ResidentSetSize of job (KB)
...
006 (5415472.294.000) 07/17 08:03:17 Image size of job updated: 1646072
	1058  -  MemoryUsage of job (MB)
	1082400  -  ResidentSetSize of job (KB)
...
006 (5415472.294.000) 07/17 08:23:19 Image size of job updated: 1646072
	1058  -  MemoryUsage of job (MB)
	1082408  -  ResidentSetSize of job (KB)
...
040 (5415472.294.000) 07/17 08:28:06 Started transferring output files
...
040 (5415472.294.000) 07/17 08:28:08 Finished transferring output files
...
005 (5415472.294.000) 07/17 08:28:08 Job terminated.
	(1) Normal termination (return value 0)
		Usr 17 18:00:37, Sys 0 00:45:45  -  Run Remote Usage
		Usr 0 00:00:00, Sys 0 00:00:00  -  Run Local Usage
		Usr 17 18:00:37, Sys 0 00:45:45  -  Total Remote Usage
		Usr 0 00:00:00, Sys 0 00:00:00  -  Total Local Usage
	37277076  -  Run Bytes Sent By Job
	803  -  Run Bytes Received By Job
	37277076  -  Total Bytes Sent By Job
	803  -  Total Bytes Received By Job
	Partitionable Resources :    Usage  Request Allocated 
	   Cpus                 :     3.08        4         4 
	   Disk (KB)            : 36430    10485760  11334012 
	   Memory (MB)          :  1058        8000      8000 

	Job terminated of its own accord at 2021-07-17T06:28:05Z.
...
