000 (5415472.396.000) 07/11 14:02:29 Job submitted from host: <137.138.156.150:9618?addrs=137.138.156.150-9618+[2001-1458-d00-14--9a]-9618&alias=bigbird13.cern.ch&noUDP&sock=schedd_1788_ff6c>
...
040 (5415472.396.000) 07/11 16:03:55 Started transferring input files
	Transferring to host: <128.142.56.139:9618?addrs=128.142.56.139-9618+[2001-1458-301-6--100-8a]-9618&alias=b7s01p4087.cern.ch&noUDP&sock=slot1_4_42649_d41f_6393>
...
040 (5415472.396.000) 07/11 16:03:55 Finished transferring input files
...
001 (5415472.396.000) 07/11 16:03:57 Job executing on host: <128.142.56.139:9618?addrs=128.142.56.139-9618+[2001-1458-301-6--100-8a]-9618&alias=b7s01p4087.cern.ch&noUDP&sock=startd_39530_ded9>
...
006 (5415472.396.000) 07/11 16:04:06 Image size of job updated: 108900
	47  -  MemoryUsage of job (MB)
	47912  -  ResidentSetSize of job (KB)
...
006 (5415472.396.000) 07/11 16:09:06 Image size of job updated: 1590940
	1004  -  MemoryUsage of job (MB)
	1027388  -  ResidentSetSize of job (KB)
...
006 (5415472.396.000) 07/13 00:32:16 Image size of job updated: 1591924
	1005  -  MemoryUsage of job (MB)
	1028296  -  ResidentSetSize of job (KB)
...
006 (5415472.396.000) 07/13 01:12:20 Image size of job updated: 1592828
	1006  -  MemoryUsage of job (MB)
	1029200  -  ResidentSetSize of job (KB)
...
006 (5415472.396.000) 07/13 01:47:25 Image size of job updated: 1593736
	1006  -  MemoryUsage of job (MB)
	1030108  -  ResidentSetSize of job (KB)
...
006 (5415472.396.000) 07/13 02:27:27 Image size of job updated: 1594640
	1007  -  MemoryUsage of job (MB)
	1031012  -  ResidentSetSize of job (KB)
...
006 (5415472.396.000) 07/13 03:02:30 Image size of job updated: 1595548
	1008  -  MemoryUsage of job (MB)
	1031920  -  ResidentSetSize of job (KB)
...
006 (5415472.396.000) 07/13 03:47:35 Image size of job updated: 1596452
	1009  -  MemoryUsage of job (MB)
	1032824  -  ResidentSetSize of job (KB)
...
006 (5415472.396.000) 07/13 04:27:39 Image size of job updated: 1597356
	1010  -  MemoryUsage of job (MB)
	1033728  -  ResidentSetSize of job (KB)
...
006 (5415472.396.000) 07/13 05:07:44 Image size of job updated: 1598264
	1011  -  MemoryUsage of job (MB)
	1034636  -  ResidentSetSize of job (KB)
...
006 (5415472.396.000) 07/13 05:47:50 Image size of job updated: 1599168
	1012  -  MemoryUsage of job (MB)
	1035540  -  ResidentSetSize of job (KB)
...
006 (5415472.396.000) 07/13 06:27:56 Image size of job updated: 1600076
	1013  -  MemoryUsage of job (MB)
	1036448  -  ResidentSetSize of job (KB)
...
006 (5415472.396.000) 07/13 07:07:58 Image size of job updated: 1600980
	1014  -  MemoryUsage of job (MB)
	1037352  -  ResidentSetSize of job (KB)
...
006 (5415472.396.000) 07/13 07:53:01 Image size of job updated: 1601884
	1014  -  MemoryUsage of job (MB)
	1038256  -  ResidentSetSize of job (KB)
...
006 (5415472.396.000) 07/13 08:33:06 Image size of job updated: 1602792
	1015  -  MemoryUsage of job (MB)
	1039164  -  ResidentSetSize of job (KB)
...
006 (5415472.396.000) 07/13 09:13:10 Image size of job updated: 1603696
	1016  -  MemoryUsage of job (MB)
	1040068  -  ResidentSetSize of job (KB)
...
006 (5415472.396.000) 07/13 09:53:14 Image size of job updated: 1604604
	1017  -  MemoryUsage of job (MB)
	1040976  -  ResidentSetSize of job (KB)
...
006 (5415472.396.000) 07/13 10:33:18 Image size of job updated: 1605508
	1018  -  MemoryUsage of job (MB)
	1041880  -  ResidentSetSize of job (KB)
...
006 (5415472.396.000) 07/13 11:13:36 Image size of job updated: 1606412
	1019  -  MemoryUsage of job (MB)
	1042784  -  ResidentSetSize of job (KB)
...
006 (5415472.396.000) 07/13 11:55:10 Image size of job updated: 1607320
	1020  -  MemoryUsage of job (MB)
	1043692  -  ResidentSetSize of job (KB)
...
006 (5415472.396.000) 07/13 12:27:17 Image size of job updated: 1608224
	1021  -  MemoryUsage of job (MB)
	1044596  -  ResidentSetSize of job (KB)
...
006 (5415472.396.000) 07/13 13:07:19 Image size of job updated: 1609132
	1021  -  MemoryUsage of job (MB)
	1045504  -  ResidentSetSize of job (KB)
...
006 (5415472.396.000) 07/13 13:47:25 Image size of job updated: 1613660
	1026  -  MemoryUsage of job (MB)
	1050032  -  ResidentSetSize of job (KB)
...
006 (5415472.396.000) 07/13 14:02:27 Image size of job updated: 1613660
	1027  -  MemoryUsage of job (MB)
	1051580  -  ResidentSetSize of job (KB)
...
006 (5415472.396.000) 07/13 14:07:28 Image size of job updated: 1616732
	1027  -  MemoryUsage of job (MB)
	1051580  -  ResidentSetSize of job (KB)
...
006 (5415472.396.000) 07/13 14:22:30 Image size of job updated: 1616732
	1027  -  MemoryUsage of job (MB)
	1051592  -  ResidentSetSize of job (KB)
...
006 (5415472.396.000) 07/13 14:42:30 Image size of job updated: 1616732
	1027  -  MemoryUsage of job (MB)
	1051604  -  ResidentSetSize of job (KB)
...
006 (5415472.396.000) 07/13 15:02:31 Image size of job updated: 1616732
	1027  -  MemoryUsage of job (MB)
	1051616  -  ResidentSetSize of job (KB)
...
006 (5415472.396.000) 07/13 15:17:32 Image size of job updated: 1616732
	1027  -  MemoryUsage of job (MB)
	1051620  -  ResidentSetSize of job (KB)
...
006 (5415472.396.000) 07/13 15:22:32 Image size of job updated: 1616732
	1027  -  MemoryUsage of job (MB)
	1051628  -  ResidentSetSize of job (KB)
...
006 (5415472.396.000) 07/13 15:37:33 Image size of job updated: 1616732
	1027  -  MemoryUsage of job (MB)
	1051640  -  ResidentSetSize of job (KB)
...
006 (5415472.396.000) 07/13 15:57:34 Image size of job updated: 1616732
	1028  -  MemoryUsage of job (MB)
	1051652  -  ResidentSetSize of job (KB)
...
006 (5415472.396.000) 07/13 16:17:37 Image size of job updated: 1616732
	1028  -  MemoryUsage of job (MB)
	1051664  -  ResidentSetSize of job (KB)
...
006 (5415472.396.000) 07/13 16:37:38 Image size of job updated: 1616732
	1028  -  MemoryUsage of job (MB)
	1051676  -  ResidentSetSize of job (KB)
...
006 (5415472.396.000) 07/13 16:57:41 Image size of job updated: 1616732
	1028  -  MemoryUsage of job (MB)
	1051688  -  ResidentSetSize of job (KB)
...
006 (5415472.396.000) 07/13 17:22:44 Image size of job updated: 1616732
	1028  -  MemoryUsage of job (MB)
	1051700  -  ResidentSetSize of job (KB)
...
006 (5415472.396.000) 07/13 17:42:46 Image size of job updated: 1616732
	1028  -  MemoryUsage of job (MB)
	1051712  -  ResidentSetSize of job (KB)
...
006 (5415472.396.000) 07/13 18:07:49 Image size of job updated: 1616732
	1028  -  MemoryUsage of job (MB)
	1051724  -  ResidentSetSize of job (KB)
...
006 (5415472.396.000) 07/13 18:27:51 Image size of job updated: 1616732
	1028  -  MemoryUsage of job (MB)
	1051736  -  ResidentSetSize of job (KB)
...
006 (5415472.396.000) 07/13 18:47:54 Image size of job updated: 1616732
	1028  -  MemoryUsage of job (MB)
	1051748  -  ResidentSetSize of job (KB)
...
006 (5415472.396.000) 07/13 19:07:57 Image size of job updated: 1616732
	1028  -  MemoryUsage of job (MB)
	1051760  -  ResidentSetSize of job (KB)
...
006 (5415472.396.000) 07/13 19:33:00 Image size of job updated: 1616732
	1028  -  MemoryUsage of job (MB)
	1051772  -  ResidentSetSize of job (KB)
...
006 (5415472.396.000) 07/13 19:53:03 Image size of job updated: 1616732
	1028  -  MemoryUsage of job (MB)
	1051784  -  ResidentSetSize of job (KB)
...
006 (5415472.396.000) 07/13 20:13:06 Image size of job updated: 1616732
	1028  -  MemoryUsage of job (MB)
	1051796  -  ResidentSetSize of job (KB)
...
006 (5415472.396.000) 07/13 20:33:10 Image size of job updated: 1616732
	1028  -  MemoryUsage of job (MB)
	1051808  -  ResidentSetSize of job (KB)
...
006 (5415472.396.000) 07/13 20:53:12 Image size of job updated: 1616732
	1028  -  MemoryUsage of job (MB)
	1051820  -  ResidentSetSize of job (KB)
...
006 (5415472.396.000) 07/13 21:18:14 Image size of job updated: 1616732
	1028  -  MemoryUsage of job (MB)
	1051832  -  ResidentSetSize of job (KB)
...
006 (5415472.396.000) 07/13 21:38:17 Image size of job updated: 1616732
	1028  -  MemoryUsage of job (MB)
	1051844  -  ResidentSetSize of job (KB)
...
006 (5415472.396.000) 07/13 21:58:19 Image size of job updated: 1616732
	1028  -  MemoryUsage of job (MB)
	1051856  -  ResidentSetSize of job (KB)
...
006 (5415472.396.000) 07/13 22:23:21 Image size of job updated: 1616732
	1028  -  MemoryUsage of job (MB)
	1051868  -  ResidentSetSize of job (KB)
...
006 (5415472.396.000) 07/13 22:43:21 Image size of job updated: 1616732
	1028  -  MemoryUsage of job (MB)
	1051880  -  ResidentSetSize of job (KB)
...
006 (5415472.396.000) 07/13 23:08:23 Image size of job updated: 1616732
	1028  -  MemoryUsage of job (MB)
	1051892  -  ResidentSetSize of job (KB)
...
006 (5415472.396.000) 07/13 23:28:25 Image size of job updated: 1616732
	1028  -  MemoryUsage of job (MB)
	1051904  -  ResidentSetSize of job (KB)
...
006 (5415472.396.000) 07/13 23:48:28 Image size of job updated: 1616732
	1028  -  MemoryUsage of job (MB)
	1051916  -  ResidentSetSize of job (KB)
...
006 (5415472.396.000) 07/14 00:08:31 Image size of job updated: 1616732
	1028  -  MemoryUsage of job (MB)
	1051924  -  ResidentSetSize of job (KB)
...
006 (5415472.396.000) 07/14 00:13:32 Image size of job updated: 1616732
	1028  -  MemoryUsage of job (MB)
	1051928  -  ResidentSetSize of job (KB)
...
006 (5415472.396.000) 07/14 00:33:34 Image size of job updated: 1616732
	1028  -  MemoryUsage of job (MB)
	1051940  -  ResidentSetSize of job (KB)
...
006 (5415472.396.000) 07/14 00:53:36 Image size of job updated: 1616732
	1028  -  MemoryUsage of job (MB)
	1051952  -  ResidentSetSize of job (KB)
...
006 (5415472.396.000) 07/14 01:13:38 Image size of job updated: 1616732
	1028  -  MemoryUsage of job (MB)
	1051964  -  ResidentSetSize of job (KB)
...
006 (5415472.396.000) 07/14 01:38:40 Image size of job updated: 1616732
	1028  -  MemoryUsage of job (MB)
	1051976  -  ResidentSetSize of job (KB)
...
006 (5415472.396.000) 07/14 01:58:42 Image size of job updated: 1616732
	1028  -  MemoryUsage of job (MB)
	1051988  -  ResidentSetSize of job (KB)
...
006 (5415472.396.000) 07/14 02:18:46 Image size of job updated: 1616732
	1028  -  MemoryUsage of job (MB)
	1052000  -  ResidentSetSize of job (KB)
...
006 (5415472.396.000) 07/14 02:38:50 Image size of job updated: 1616732
	1028  -  MemoryUsage of job (MB)
	1052012  -  ResidentSetSize of job (KB)
...
006 (5415472.396.000) 07/14 03:03:52 Image size of job updated: 1616732
	1028  -  MemoryUsage of job (MB)
	1052024  -  ResidentSetSize of job (KB)
...
006 (5415472.396.000) 07/14 03:23:55 Image size of job updated: 1616732
	1028  -  MemoryUsage of job (MB)
	1052036  -  ResidentSetSize of job (KB)
...
006 (5415472.396.000) 07/14 03:48:55 Image size of job updated: 1616732
	1028  -  MemoryUsage of job (MB)
	1052048  -  ResidentSetSize of job (KB)
...
006 (5415472.396.000) 07/14 04:08:57 Image size of job updated: 1616732
	1028  -  MemoryUsage of job (MB)
	1052060  -  ResidentSetSize of job (KB)
...
006 (5415472.396.000) 07/14 04:28:59 Image size of job updated: 1616732
	1028  -  MemoryUsage of job (MB)
	1052064  -  ResidentSetSize of job (KB)
...
006 (5415472.396.000) 07/14 04:34:00 Image size of job updated: 1616732
	1028  -  MemoryUsage of job (MB)
	1052072  -  ResidentSetSize of job (KB)
...
006 (5415472.396.000) 07/14 04:54:04 Image size of job updated: 1616732
	1028  -  MemoryUsage of job (MB)
	1052084  -  ResidentSetSize of job (KB)
...
006 (5415472.396.000) 07/14 05:14:07 Image size of job updated: 1616732
	1028  -  MemoryUsage of job (MB)
	1052096  -  ResidentSetSize of job (KB)
...
006 (5415472.396.000) 07/14 05:39:10 Image size of job updated: 1616732
	1028  -  MemoryUsage of job (MB)
	1052108  -  ResidentSetSize of job (KB)
...
006 (5415472.396.000) 07/14 05:59:11 Image size of job updated: 1616732
	1028  -  MemoryUsage of job (MB)
	1052120  -  ResidentSetSize of job (KB)
...
006 (5415472.396.000) 07/14 06:24:15 Image size of job updated: 1616732
	1028  -  MemoryUsage of job (MB)
	1052132  -  ResidentSetSize of job (KB)
...
006 (5415472.396.000) 07/14 06:49:16 Image size of job updated: 1616732
	1028  -  MemoryUsage of job (MB)
	1052144  -  ResidentSetSize of job (KB)
...
006 (5415472.396.000) 07/14 07:09:19 Image size of job updated: 1616732
	1028  -  MemoryUsage of job (MB)
	1052156  -  ResidentSetSize of job (KB)
...
006 (5415472.396.000) 07/14 07:34:21 Image size of job updated: 1616732
	1028  -  MemoryUsage of job (MB)
	1052168  -  ResidentSetSize of job (KB)
...
006 (5415472.396.000) 07/14 07:59:21 Image size of job updated: 1616732
	1028  -  MemoryUsage of job (MB)
	1052180  -  ResidentSetSize of job (KB)
...
006 (5415472.396.000) 07/14 08:24:23 Image size of job updated: 1616732
	1028  -  MemoryUsage of job (MB)
	1052192  -  ResidentSetSize of job (KB)
...
006 (5415472.396.000) 07/14 08:44:26 Image size of job updated: 1616732
	1028  -  MemoryUsage of job (MB)
	1052204  -  ResidentSetSize of job (KB)
...
006 (5415472.396.000) 07/14 09:04:29 Image size of job updated: 1616732
	1028  -  MemoryUsage of job (MB)
	1052216  -  ResidentSetSize of job (KB)
...
006 (5415472.396.000) 07/14 09:24:32 Image size of job updated: 1616732
	1028  -  MemoryUsage of job (MB)
	1052228  -  ResidentSetSize of job (KB)
...
006 (5415472.396.000) 07/14 09:49:33 Image size of job updated: 1616732
	1028  -  MemoryUsage of job (MB)
	1052240  -  ResidentSetSize of job (KB)
...
006 (5415472.396.000) 07/14 10:09:34 Image size of job updated: 1616732
	1028  -  MemoryUsage of job (MB)
	1052252  -  ResidentSetSize of job (KB)
...
006 (5415472.396.000) 07/14 10:29:34 Image size of job updated: 1616732
	1028  -  MemoryUsage of job (MB)
	1052264  -  ResidentSetSize of job (KB)
...
006 (5415472.396.000) 07/14 10:49:38 Image size of job updated: 1616732
	1028  -  MemoryUsage of job (MB)
	1052276  -  ResidentSetSize of job (KB)
...
006 (5415472.396.000) 07/14 11:09:41 Image size of job updated: 1616732
	1028  -  MemoryUsage of job (MB)
	1052288  -  ResidentSetSize of job (KB)
...
006 (5415472.396.000) 07/14 11:29:43 Image size of job updated: 1616732
	1028  -  MemoryUsage of job (MB)
	1052300  -  ResidentSetSize of job (KB)
...
006 (5415472.396.000) 07/14 11:49:46 Image size of job updated: 1616732
	1028  -  MemoryUsage of job (MB)
	1052312  -  ResidentSetSize of job (KB)
...
006 (5415472.396.000) 07/14 12:09:48 Image size of job updated: 1616732
	1028  -  MemoryUsage of job (MB)
	1052324  -  ResidentSetSize of job (KB)
...
006 (5415472.396.000) 07/14 12:29:50 Image size of job updated: 1616732
	1028  -  MemoryUsage of job (MB)
	1052336  -  ResidentSetSize of job (KB)
...
006 (5415472.396.000) 07/14 12:54:53 Image size of job updated: 1616732
	1028  -  MemoryUsage of job (MB)
	1052348  -  ResidentSetSize of job (KB)
...
006 (5415472.396.000) 07/14 13:14:57 Image size of job updated: 1616732
	1028  -  MemoryUsage of job (MB)
	1052360  -  ResidentSetSize of job (KB)
...
006 (5415472.396.000) 07/14 13:34:59 Image size of job updated: 1616732
	1028  -  MemoryUsage of job (MB)
	1052372  -  ResidentSetSize of job (KB)
...
006 (5415472.396.000) 07/14 14:00:02 Image size of job updated: 1616732
	1028  -  MemoryUsage of job (MB)
	1052384  -  ResidentSetSize of job (KB)
...
006 (5415472.396.000) 07/14 14:20:04 Image size of job updated: 1616732
	1028  -  MemoryUsage of job (MB)
	1052396  -  ResidentSetSize of job (KB)
...
006 (5415472.396.000) 07/14 14:40:05 Image size of job updated: 1616732
	1028  -  MemoryUsage of job (MB)
	1052400  -  ResidentSetSize of job (KB)
...
006 (5415472.396.000) 07/14 14:45:05 Image size of job updated: 1616732
	1028  -  MemoryUsage of job (MB)
	1052408  -  ResidentSetSize of job (KB)
...
006 (5415472.396.000) 07/14 15:05:06 Image size of job updated: 1616732
	1028  -  MemoryUsage of job (MB)
	1052420  -  ResidentSetSize of job (KB)
...
006 (5415472.396.000) 07/14 15:25:08 Image size of job updated: 1616732
	1028  -  MemoryUsage of job (MB)
	1052428  -  ResidentSetSize of job (KB)
...
006 (5415472.396.000) 07/14 15:30:09 Image size of job updated: 1616732
	1028  -  MemoryUsage of job (MB)
	1052432  -  ResidentSetSize of job (KB)
...
006 (5415472.396.000) 07/14 15:50:10 Image size of job updated: 1616732
	1028  -  MemoryUsage of job (MB)
	1052444  -  ResidentSetSize of job (KB)
...
006 (5415472.396.000) 07/14 16:10:13 Image size of job updated: 1616732
	1028  -  MemoryUsage of job (MB)
	1052456  -  ResidentSetSize of job (KB)
...
006 (5415472.396.000) 07/14 16:35:15 Image size of job updated: 1616732
	1028  -  MemoryUsage of job (MB)
	1052468  -  ResidentSetSize of job (KB)
...
006 (5415472.396.000) 07/14 16:55:16 Image size of job updated: 1616732
	1028  -  MemoryUsage of job (MB)
	1052480  -  ResidentSetSize of job (KB)
...
006 (5415472.396.000) 07/14 17:20:19 Image size of job updated: 1616732
	1028  -  MemoryUsage of job (MB)
	1052492  -  ResidentSetSize of job (KB)
...
006 (5415472.396.000) 07/14 17:45:22 Image size of job updated: 1616732
	1028  -  MemoryUsage of job (MB)
	1052504  -  ResidentSetSize of job (KB)
...
006 (5415472.396.000) 07/14 18:10:26 Image size of job updated: 1616732
	1028  -  MemoryUsage of job (MB)
	1052516  -  ResidentSetSize of job (KB)
...
006 (5415472.396.000) 07/14 18:35:29 Image size of job updated: 1616732
	1028  -  MemoryUsage of job (MB)
	1052528  -  ResidentSetSize of job (KB)
...
006 (5415472.396.000) 07/14 18:55:31 Image size of job updated: 1616732
	1028  -  MemoryUsage of job (MB)
	1052540  -  ResidentSetSize of job (KB)
...
006 (5415472.396.000) 07/14 19:20:32 Image size of job updated: 1616732
	1028  -  MemoryUsage of job (MB)
	1052552  -  ResidentSetSize of job (KB)
...
006 (5415472.396.000) 07/14 19:40:34 Image size of job updated: 1616732
	1028  -  MemoryUsage of job (MB)
	1052564  -  ResidentSetSize of job (KB)
...
006 (5415472.396.000) 07/14 20:05:38 Image size of job updated: 1616732
	1028  -  MemoryUsage of job (MB)
	1052576  -  ResidentSetSize of job (KB)
...
006 (5415472.396.000) 07/14 20:25:40 Image size of job updated: 1616732
	1028  -  MemoryUsage of job (MB)
	1052588  -  ResidentSetSize of job (KB)
...
006 (5415472.396.000) 07/14 20:50:43 Image size of job updated: 1616732
	1028  -  MemoryUsage of job (MB)
	1052600  -  ResidentSetSize of job (KB)
...
007 (5415472.396.000) 07/14 21:00:32 Shadow exception!
	Assertion ERROR on (result)
	0  -  Run Bytes Sent By Job
	803  -  Run Bytes Received By Job
...
