000 (5415472.287.000) 07/11 14:02:29 Job submitted from host: <137.138.156.150:9618?addrs=137.138.156.150-9618+[2001-1458-d00-14--9a]-9618&alias=bigbird13.cern.ch&noUDP&sock=schedd_1788_ff6c>
...
040 (5415472.287.000) 07/11 14:48:19 Started transferring input files
	Transferring to host: <128.142.81.96:9618?addrs=128.142.81.96-9618+[2001-1458-301-f5--100-4d2]-9618&alias=b7s13n3400.cern.ch&noUDP&sock=slot1_4_22010_c938_113104>
...
040 (5415472.287.000) 07/11 14:48:19 Finished transferring input files
...
001 (5415472.287.000) 07/11 14:48:20 Job executing on host: <128.142.81.96:9618?addrs=128.142.81.96-9618+[2001-1458-301-f5--100-4d2]-9618&alias=b7s13n3400.cern.ch&noUDP&sock=startd_16553_8f45>
...
006 (5415472.287.000) 07/11 14:48:28 Image size of job updated: 535992
	38  -  MemoryUsage of job (MB)
	38560  -  ResidentSetSize of job (KB)
...
006 (5415472.287.000) 07/11 14:53:28 Image size of job updated: 1591008
	1004  -  MemoryUsage of job (MB)
	1027464  -  ResidentSetSize of job (KB)
...
006 (5415472.287.000) 07/13 20:07:57 Image size of job updated: 1591988
	1004  -  MemoryUsage of job (MB)
	1027464  -  ResidentSetSize of job (KB)
...
006 (5415472.287.000) 07/13 21:13:04 Image size of job updated: 1592896
	1004  -  MemoryUsage of job (MB)
	1027464  -  ResidentSetSize of job (KB)
...
006 (5415472.287.000) 07/13 22:13:10 Image size of job updated: 1593800
	1004  -  MemoryUsage of job (MB)
	1027464  -  ResidentSetSize of job (KB)
...
006 (5415472.287.000) 07/13 23:13:18 Image size of job updated: 1594708
	1004  -  MemoryUsage of job (MB)
	1027464  -  ResidentSetSize of job (KB)
...
006 (5415472.287.000) 07/14 00:13:27 Image size of job updated: 1595612
	1004  -  MemoryUsage of job (MB)
	1027464  -  ResidentSetSize of job (KB)
...
006 (5415472.287.000) 07/14 01:08:35 Image size of job updated: 1596516
	1004  -  MemoryUsage of job (MB)
	1027464  -  ResidentSetSize of job (KB)
...
006 (5415472.287.000) 07/14 02:03:42 Image size of job updated: 1597424
	1004  -  MemoryUsage of job (MB)
	1027464  -  ResidentSetSize of job (KB)
...
006 (5415472.287.000) 07/14 02:53:49 Image size of job updated: 1598328
	1004  -  MemoryUsage of job (MB)
	1027464  -  ResidentSetSize of job (KB)
...
006 (5415472.287.000) 07/14 03:43:53 Image size of job updated: 1599236
	1004  -  MemoryUsage of job (MB)
	1027464  -  ResidentSetSize of job (KB)
...
006 (5415472.287.000) 07/14 04:28:58 Image size of job updated: 1600140
	1004  -  MemoryUsage of job (MB)
	1027464  -  ResidentSetSize of job (KB)
...
006 (5415472.287.000) 07/14 05:19:04 Image size of job updated: 1601048
	1004  -  MemoryUsage of job (MB)
	1027464  -  ResidentSetSize of job (KB)
...
006 (5415472.287.000) 07/14 06:04:08 Image size of job updated: 1601952
	1004  -  MemoryUsage of job (MB)
	1027464  -  ResidentSetSize of job (KB)
...
006 (5415472.287.000) 07/14 06:54:14 Image size of job updated: 1602856
	1004  -  MemoryUsage of job (MB)
	1027464  -  ResidentSetSize of job (KB)
...
006 (5415472.287.000) 07/14 07:44:18 Image size of job updated: 1603764
	1004  -  MemoryUsage of job (MB)
	1027464  -  ResidentSetSize of job (KB)
...
006 (5415472.287.000) 07/14 08:34:20 Image size of job updated: 1604668
	1004  -  MemoryUsage of job (MB)
	1027464  -  ResidentSetSize of job (KB)
...
006 (5415472.287.000) 07/14 09:24:26 Image size of job updated: 1605576
	1004  -  MemoryUsage of job (MB)
	1027464  -  ResidentSetSize of job (KB)
...
006 (5415472.287.000) 07/14 10:09:32 Image size of job updated: 1606480
	1004  -  MemoryUsage of job (MB)
	1027464  -  ResidentSetSize of job (KB)
...
006 (5415472.287.000) 07/14 10:54:37 Image size of job updated: 1607384
	1004  -  MemoryUsage of job (MB)
	1027464  -  ResidentSetSize of job (KB)
...
006 (5415472.287.000) 07/14 11:44:41 Image size of job updated: 1608292
	1004  -  MemoryUsage of job (MB)
	1027464  -  ResidentSetSize of job (KB)
...
006 (5415472.287.000) 07/14 12:39:48 Image size of job updated: 1609196
	1004  -  MemoryUsage of job (MB)
	1027464  -  ResidentSetSize of job (KB)
...
006 (5415472.287.000) 07/14 13:44:57 Image size of job updated: 1610104
	1004  -  MemoryUsage of job (MB)
	1027464  -  ResidentSetSize of job (KB)
...
006 (5415472.287.000) 07/14 14:15:00 Image size of job updated: 1613176
	1004  -  MemoryUsage of job (MB)
	1027464  -  ResidentSetSize of job (KB)
...
006 (5415472.287.000) 07/14 15:45:08 Image size of job updated: 1614080
	1004  -  MemoryUsage of job (MB)
	1027464  -  ResidentSetSize of job (KB)
...
006 (5415472.287.000) 07/14 16:45:13 Image size of job updated: 1614984
	1004  -  MemoryUsage of job (MB)
	1027464  -  ResidentSetSize of job (KB)
...
006 (5415472.287.000) 07/14 17:45:17 Image size of job updated: 1615892
	1004  -  MemoryUsage of job (MB)
	1027464  -  ResidentSetSize of job (KB)
...
006 (5415472.287.000) 07/14 18:45:23 Image size of job updated: 1616796
	1004  -  MemoryUsage of job (MB)
	1027464  -  ResidentSetSize of job (KB)
...
006 (5415472.287.000) 07/14 19:45:30 Image size of job updated: 1617704
	1004  -  MemoryUsage of job (MB)
	1027464  -  ResidentSetSize of job (KB)
...
006 (5415472.287.000) 07/14 20:50:37 Image size of job updated: 1618608
	1004  -  MemoryUsage of job (MB)
	1027464  -  ResidentSetSize of job (KB)
...
006 (5415472.287.000) 07/14 21:59:03 Image size of job updated: 1619516
	1004  -  MemoryUsage of job (MB)
	1027464  -  ResidentSetSize of job (KB)
...
006 (5415472.287.000) 07/14 23:04:10 Image size of job updated: 1624044
	1004  -  MemoryUsage of job (MB)
	1027464  -  ResidentSetSize of job (KB)
...
006 (5415472.287.000) 07/17 17:21:53 Image size of job updated: 1628140
	1004  -  MemoryUsage of job (MB)
	1027464  -  ResidentSetSize of job (KB)
...
040 (5415472.287.000) 07/18 14:56:42 Started transferring output files
...
040 (5415472.287.000) 07/18 14:56:42 Finished transferring output files
...
004 (5415472.287.000) 07/18 14:56:42 Job was evicted.
	(0) CPU times
		Usr 20 06:09:27, Sys 0 00:05:34  -  Run Remote Usage
		Usr 0 00:00:00, Sys 0 00:00:00  -  Run Local Usage
	96420  -  Run Bytes Sent By Job
	803  -  Run Bytes Received By Job
	Partitionable Resources :    Usage  Request Allocated 
	   Cpus                 :     2.89        4         4 
	   Disk (KB)            :   121    10485760  10881218 
	   Memory (MB)          :  1004        8000      8000 
...
