000 (5415472.082.000) 07/11 14:02:29 Job submitted from host: <137.138.156.150:9618?addrs=137.138.156.150-9618+[2001-1458-d00-14--9a]-9618&alias=bigbird13.cern.ch&noUDP&sock=schedd_1788_ff6c>
...
040 (5415472.082.000) 07/11 14:08:29 Started transferring input files
	Transferring to host: <128.142.57.99:9618?addrs=128.142.57.99-9618+[2001-1458-301-7--100-62]-9618&alias=b7s02p6468.cern.ch&noUDP&sock=slot1_23_6516_dc82_5153>
...
040 (5415472.082.000) 07/11 14:08:29 Finished transferring input files
...
001 (5415472.082.000) 07/11 14:08:30 Job executing on host: <128.142.57.99:9618?addrs=128.142.57.99-9618+[2001-1458-301-7--100-62]-9618&alias=b7s02p6468.cern.ch&noUDP&sock=startd_6051_0fa9>
...
006 (5415472.082.000) 07/11 14:08:39 Image size of job updated: 313368
	247  -  MemoryUsage of job (MB)
	252024  -  ResidentSetSize of job (KB)
...
006 (5415472.082.000) 07/11 14:13:39 Image size of job updated: 1590956
	1004  -  MemoryUsage of job (MB)
	1027396  -  ResidentSetSize of job (KB)
...
006 (5415472.082.000) 07/12 23:12:00 Image size of job updated: 1591940
	1004  -  MemoryUsage of job (MB)
	1027396  -  ResidentSetSize of job (KB)
...
006 (5415472.082.000) 07/12 23:52:01 Image size of job updated: 1592844
	1004  -  MemoryUsage of job (MB)
	1027396  -  ResidentSetSize of job (KB)
...
006 (5415472.082.000) 07/13 00:32:06 Image size of job updated: 1593748
	1004  -  MemoryUsage of job (MB)
	1027396  -  ResidentSetSize of job (KB)
...
006 (5415472.082.000) 07/13 01:17:12 Image size of job updated: 1594656
	1004  -  MemoryUsage of job (MB)
	1027996  -  ResidentSetSize of job (KB)
...
006 (5415472.082.000) 07/13 02:07:18 Image size of job updated: 1595560
	1005  -  MemoryUsage of job (MB)
	1028900  -  ResidentSetSize of job (KB)
...
006 (5415472.082.000) 07/13 02:52:23 Image size of job updated: 1596468
	1006  -  MemoryUsage of job (MB)
	1029304  -  ResidentSetSize of job (KB)
...
006 (5415472.082.000) 07/13 03:37:29 Image size of job updated: 1597372
	1007  -  MemoryUsage of job (MB)
	1030208  -  ResidentSetSize of job (KB)
...
006 (5415472.082.000) 07/13 04:22:33 Image size of job updated: 1598280
	1007  -  MemoryUsage of job (MB)
	1031092  -  ResidentSetSize of job (KB)
...
006 (5415472.082.000) 07/13 05:07:37 Image size of job updated: 1599184
	1008  -  MemoryUsage of job (MB)
	1031996  -  ResidentSetSize of job (KB)
...
006 (5415472.082.000) 07/13 05:47:43 Image size of job updated: 1600088
	1009  -  MemoryUsage of job (MB)
	1032900  -  ResidentSetSize of job (KB)
...
006 (5415472.082.000) 07/13 06:27:46 Image size of job updated: 1600996
	1010  -  MemoryUsage of job (MB)
	1033808  -  ResidentSetSize of job (KB)
...
006 (5415472.082.000) 07/13 07:07:48 Image size of job updated: 1601900
	1011  -  MemoryUsage of job (MB)
	1034712  -  ResidentSetSize of job (KB)
...
006 (5415472.082.000) 07/13 07:57:55 Image size of job updated: 1602808
	1012  -  MemoryUsage of job (MB)
	1035620  -  ResidentSetSize of job (KB)
...
006 (5415472.082.000) 07/13 08:42:57 Image size of job updated: 1603712
	1013  -  MemoryUsage of job (MB)
	1036524  -  ResidentSetSize of job (KB)
...
006 (5415472.082.000) 07/13 09:28:02 Image size of job updated: 1604616
	1014  -  MemoryUsage of job (MB)
	1037428  -  ResidentSetSize of job (KB)
...
006 (5415472.082.000) 07/13 10:13:08 Image size of job updated: 1605524
	1014  -  MemoryUsage of job (MB)
	1038332  -  ResidentSetSize of job (KB)
...
006 (5415472.082.000) 07/13 11:03:14 Image size of job updated: 1606428
	1015  -  MemoryUsage of job (MB)
	1039236  -  ResidentSetSize of job (KB)
...
006 (5415472.082.000) 07/13 11:48:57 Image size of job updated: 1607336
	1016  -  MemoryUsage of job (MB)
	1040144  -  ResidentSetSize of job (KB)
...
006 (5415472.082.000) 07/13 12:23:59 Image size of job updated: 1608240
	1017  -  MemoryUsage of job (MB)
	1041040  -  ResidentSetSize of job (KB)
...
006 (5415472.082.000) 07/13 12:59:03 Image size of job updated: 1609144
	1018  -  MemoryUsage of job (MB)
	1041944  -  ResidentSetSize of job (KB)
...
006 (5415472.082.000) 07/13 13:39:07 Image size of job updated: 1610052
	1019  -  MemoryUsage of job (MB)
	1042840  -  ResidentSetSize of job (KB)
...
006 (5415472.082.000) 07/13 13:59:10 Image size of job updated: 1613124
	1020  -  MemoryUsage of job (MB)
	1044388  -  ResidentSetSize of job (KB)
...
006 (5415472.082.000) 07/13 14:14:10 Image size of job updated: 1613124
	1020  -  MemoryUsage of job (MB)
	1044400  -  ResidentSetSize of job (KB)
...
006 (5415472.082.000) 07/13 14:34:13 Image size of job updated: 1613124
	1020  -  MemoryUsage of job (MB)
	1044412  -  ResidentSetSize of job (KB)
...
006 (5415472.082.000) 07/13 14:54:15 Image size of job updated: 1613124
	1020  -  MemoryUsage of job (MB)
	1044424  -  ResidentSetSize of job (KB)
...
006 (5415472.082.000) 07/13 14:59:16 Image size of job updated: 1614028
	1021  -  MemoryUsage of job (MB)
	1045328  -  ResidentSetSize of job (KB)
...
006 (5415472.082.000) 07/13 15:14:18 Image size of job updated: 1614028
	1021  -  MemoryUsage of job (MB)
	1045340  -  ResidentSetSize of job (KB)
...
006 (5415472.082.000) 07/13 15:39:22 Image size of job updated: 1614936
	1022  -  MemoryUsage of job (MB)
	1046260  -  ResidentSetSize of job (KB)
...
006 (5415472.082.000) 07/13 15:59:24 Image size of job updated: 1614936
	1022  -  MemoryUsage of job (MB)
	1046272  -  ResidentSetSize of job (KB)
...
006 (5415472.082.000) 07/13 16:19:26 Image size of job updated: 1615840
	1023  -  MemoryUsage of job (MB)
	1047176  -  ResidentSetSize of job (KB)
...
006 (5415472.082.000) 07/13 16:24:26 Image size of job updated: 1615840
	1023  -  MemoryUsage of job (MB)
	1047188  -  ResidentSetSize of job (KB)
...
006 (5415472.082.000) 07/13 16:44:27 Image size of job updated: 1615840
	1023  -  MemoryUsage of job (MB)
	1047200  -  ResidentSetSize of job (KB)
...
006 (5415472.082.000) 07/13 17:04:31 Image size of job updated: 1616748
	1024  -  MemoryUsage of job (MB)
	1048120  -  ResidentSetSize of job (KB)
...
006 (5415472.082.000) 07/13 17:30:03 Image size of job updated: 1616748
	1024  -  MemoryUsage of job (MB)
	1048132  -  ResidentSetSize of job (KB)
...
006 (5415472.082.000) 07/13 17:45:04 Image size of job updated: 1617652
	1025  -  MemoryUsage of job (MB)
	1049036  -  ResidentSetSize of job (KB)
...
006 (5415472.082.000) 07/13 17:50:04 Image size of job updated: 1617652
	1025  -  MemoryUsage of job (MB)
	1049048  -  ResidentSetSize of job (KB)
...
006 (5415472.082.000) 07/13 18:10:05 Image size of job updated: 1617652
	1025  -  MemoryUsage of job (MB)
	1049052  -  ResidentSetSize of job (KB)
...
006 (5415472.082.000) 07/13 18:15:06 Image size of job updated: 1617652
	1025  -  MemoryUsage of job (MB)
	1049060  -  ResidentSetSize of job (KB)
...
006 (5415472.082.000) 07/13 18:25:07 Image size of job updated: 1618556
	1026  -  MemoryUsage of job (MB)
	1049964  -  ResidentSetSize of job (KB)
...
006 (5415472.082.000) 07/13 18:30:08 Image size of job updated: 1618556
	1026  -  MemoryUsage of job (MB)
	1049976  -  ResidentSetSize of job (KB)
...
006 (5415472.082.000) 07/13 18:55:11 Image size of job updated: 1618556
	1026  -  MemoryUsage of job (MB)
	1049988  -  ResidentSetSize of job (KB)
...
006 (5415472.082.000) 07/13 19:05:12 Image size of job updated: 1619464
	1027  -  MemoryUsage of job (MB)
	1050896  -  ResidentSetSize of job (KB)
...
006 (5415472.082.000) 07/13 19:15:13 Image size of job updated: 1619464
	1027  -  MemoryUsage of job (MB)
	1050908  -  ResidentSetSize of job (KB)
...
006 (5415472.082.000) 07/13 19:40:14 Image size of job updated: 1619464
	1027  -  MemoryUsage of job (MB)
	1050920  -  ResidentSetSize of job (KB)
...
006 (5415472.082.000) 07/13 19:50:15 Image size of job updated: 1620368
	1028  -  MemoryUsage of job (MB)
	1051824  -  ResidentSetSize of job (KB)
...
006 (5415472.082.000) 07/13 20:00:15 Image size of job updated: 1620368
	1028  -  MemoryUsage of job (MB)
	1051836  -  ResidentSetSize of job (KB)
...
006 (5415472.082.000) 07/13 20:20:17 Image size of job updated: 1620368
	1028  -  MemoryUsage of job (MB)
	1051848  -  ResidentSetSize of job (KB)
...
006 (5415472.082.000) 07/13 20:30:19 Image size of job updated: 1621276
	1029  -  MemoryUsage of job (MB)
	1052756  -  ResidentSetSize of job (KB)
...
006 (5415472.082.000) 07/13 20:45:20 Image size of job updated: 1621276
	1029  -  MemoryUsage of job (MB)
	1052768  -  ResidentSetSize of job (KB)
...
006 (5415472.082.000) 07/13 21:05:23 Image size of job updated: 1622180
	1029  -  MemoryUsage of job (MB)
	1053684  -  ResidentSetSize of job (KB)
...
006 (5415472.082.000) 07/13 21:25:25 Image size of job updated: 1622180
	1029  -  MemoryUsage of job (MB)
	1053696  -  ResidentSetSize of job (KB)
...
006 (5415472.082.000) 07/13 21:45:29 Image size of job updated: 1622180
	1030  -  MemoryUsage of job (MB)
	1053704  -  ResidentSetSize of job (KB)
...
006 (5415472.082.000) 07/13 21:50:30 Image size of job updated: 1623084
	1030  -  MemoryUsage of job (MB)
	1054612  -  ResidentSetSize of job (KB)
...
006 (5415472.082.000) 07/13 22:10:31 Image size of job updated: 1623084
	1030  -  MemoryUsage of job (MB)
	1054624  -  ResidentSetSize of job (KB)
...
006 (5415472.082.000) 07/13 22:30:32 Image size of job updated: 1623992
	1031  -  MemoryUsage of job (MB)
	1055544  -  ResidentSetSize of job (KB)
...
006 (5415472.082.000) 07/13 22:50:36 Image size of job updated: 1623992
	1031  -  MemoryUsage of job (MB)
	1055556  -  ResidentSetSize of job (KB)
...
006 (5415472.082.000) 07/13 23:05:37 Image size of job updated: 1628520
	1036  -  MemoryUsage of job (MB)
	1060084  -  ResidentSetSize of job (KB)
...
006 (5415472.082.000) 07/13 23:10:38 Image size of job updated: 1628520
	1036  -  MemoryUsage of job (MB)
	1060096  -  ResidentSetSize of job (KB)
...
006 (5415472.082.000) 07/13 23:35:42 Image size of job updated: 1628520
	1036  -  MemoryUsage of job (MB)
	1060108  -  ResidentSetSize of job (KB)
...
006 (5415472.082.000) 07/13 23:55:44 Image size of job updated: 1628520
	1036  -  MemoryUsage of job (MB)
	1060120  -  ResidentSetSize of job (KB)
...
006 (5415472.082.000) 07/14 00:20:48 Image size of job updated: 1628520
	1036  -  MemoryUsage of job (MB)
	1060132  -  ResidentSetSize of job (KB)
...
006 (5415472.082.000) 07/14 00:45:53 Image size of job updated: 1628520
	1036  -  MemoryUsage of job (MB)
	1060144  -  ResidentSetSize of job (KB)
...
006 (5415472.082.000) 07/14 01:10:56 Image size of job updated: 1628520
	1036  -  MemoryUsage of job (MB)
	1060156  -  ResidentSetSize of job (KB)
...
006 (5415472.082.000) 07/14 01:35:58 Image size of job updated: 1628520
	1036  -  MemoryUsage of job (MB)
	1060168  -  ResidentSetSize of job (KB)
...
006 (5415472.082.000) 07/14 02:00:59 Image size of job updated: 1628520
	1036  -  MemoryUsage of job (MB)
	1060180  -  ResidentSetSize of job (KB)
...
006 (5415472.082.000) 07/14 02:26:03 Image size of job updated: 1628520
	1036  -  MemoryUsage of job (MB)
	1060192  -  ResidentSetSize of job (KB)
...
006 (5415472.082.000) 07/14 02:46:06 Image size of job updated: 1628520
	1036  -  MemoryUsage of job (MB)
	1060204  -  ResidentSetSize of job (KB)
...
006 (5415472.082.000) 07/14 03:11:11 Image size of job updated: 1628520
	1036  -  MemoryUsage of job (MB)
	1060216  -  ResidentSetSize of job (KB)
...
006 (5415472.082.000) 07/14 03:36:13 Image size of job updated: 1628520
	1036  -  MemoryUsage of job (MB)
	1060228  -  ResidentSetSize of job (KB)
...
006 (5415472.082.000) 07/14 04:01:16 Image size of job updated: 1628520
	1036  -  MemoryUsage of job (MB)
	1060240  -  ResidentSetSize of job (KB)
...
006 (5415472.082.000) 07/14 04:26:19 Image size of job updated: 1628520
	1036  -  MemoryUsage of job (MB)
	1060252  -  ResidentSetSize of job (KB)
...
006 (5415472.082.000) 07/14 04:51:22 Image size of job updated: 1628520
	1036  -  MemoryUsage of job (MB)
	1060264  -  ResidentSetSize of job (KB)
...
006 (5415472.082.000) 07/14 05:16:24 Image size of job updated: 1628520
	1036  -  MemoryUsage of job (MB)
	1060276  -  ResidentSetSize of job (KB)
...
006 (5415472.082.000) 07/14 05:41:27 Image size of job updated: 1628520
	1036  -  MemoryUsage of job (MB)
	1060288  -  ResidentSetSize of job (KB)
...
006 (5415472.082.000) 07/14 06:06:28 Image size of job updated: 1628520
	1036  -  MemoryUsage of job (MB)
	1060300  -  ResidentSetSize of job (KB)
...
006 (5415472.082.000) 07/14 06:31:29 Image size of job updated: 1628520
	1036  -  MemoryUsage of job (MB)
	1060312  -  ResidentSetSize of job (KB)
...
006 (5415472.082.000) 07/14 06:51:32 Image size of job updated: 1628520
	1036  -  MemoryUsage of job (MB)
	1060324  -  ResidentSetSize of job (KB)
...
006 (5415472.082.000) 07/14 07:16:34 Image size of job updated: 1628520
	1036  -  MemoryUsage of job (MB)
	1060336  -  ResidentSetSize of job (KB)
...
006 (5415472.082.000) 07/14 07:36:35 Image size of job updated: 1628520
	1036  -  MemoryUsage of job (MB)
	1060348  -  ResidentSetSize of job (KB)
...
006 (5415472.082.000) 07/14 07:56:38 Image size of job updated: 1628520
	1036  -  MemoryUsage of job (MB)
	1060360  -  ResidentSetSize of job (KB)
...
006 (5415472.082.000) 07/14 08:21:40 Image size of job updated: 1628520
	1036  -  MemoryUsage of job (MB)
	1060372  -  ResidentSetSize of job (KB)
...
006 (5415472.082.000) 07/14 08:41:44 Image size of job updated: 1628520
	1036  -  MemoryUsage of job (MB)
	1060384  -  ResidentSetSize of job (KB)
...
006 (5415472.082.000) 07/14 09:01:46 Image size of job updated: 1628520
	1036  -  MemoryUsage of job (MB)
	1060396  -  ResidentSetSize of job (KB)
...
006 (5415472.082.000) 07/14 09:21:46 Image size of job updated: 1628520
	1036  -  MemoryUsage of job (MB)
	1060408  -  ResidentSetSize of job (KB)
...
006 (5415472.082.000) 07/14 09:41:48 Image size of job updated: 1628520
	1036  -  MemoryUsage of job (MB)
	1060420  -  ResidentSetSize of job (KB)
...
006 (5415472.082.000) 07/14 10:01:49 Image size of job updated: 1628520
	1036  -  MemoryUsage of job (MB)
	1060432  -  ResidentSetSize of job (KB)
...
006 (5415472.082.000) 07/14 10:21:52 Image size of job updated: 1628520
	1036  -  MemoryUsage of job (MB)
	1060444  -  ResidentSetSize of job (KB)
...
006 (5415472.082.000) 07/14 13:37:13 Image size of job updated: 1628520
	1036  -  MemoryUsage of job (MB)
	1060452  -  ResidentSetSize of job (KB)
...
006 (5415472.082.000) 07/14 14:02:16 Image size of job updated: 1628520
	1036  -  MemoryUsage of job (MB)
	1060464  -  ResidentSetSize of job (KB)
...
006 (5415472.082.000) 07/14 14:22:17 Image size of job updated: 1628520
	1036  -  MemoryUsage of job (MB)
	1060476  -  ResidentSetSize of job (KB)
...
006 (5415472.082.000) 07/14 14:47:22 Image size of job updated: 1628520
	1036  -  MemoryUsage of job (MB)
	1060488  -  ResidentSetSize of job (KB)
...
006 (5415472.082.000) 07/14 15:12:24 Image size of job updated: 1628520
	1036  -  MemoryUsage of job (MB)
	1060500  -  ResidentSetSize of job (KB)
...
006 (5415472.082.000) 07/14 15:32:26 Image size of job updated: 1628520
	1036  -  MemoryUsage of job (MB)
	1060512  -  ResidentSetSize of job (KB)
...
006 (5415472.082.000) 07/14 15:52:27 Image size of job updated: 1628520
	1036  -  MemoryUsage of job (MB)
	1060524  -  ResidentSetSize of job (KB)
...
007 (5415472.082.000) 07/14 21:00:52 Shadow exception!
	Assertion ERROR on (result)
	0  -  Run Bytes Sent By Job
	803  -  Run Bytes Received By Job
...
040 (5415472.082.000) 07/14 21:21:28 Started transferring input files
	Transferring to host: <128.142.58.48:9618?addrs=128.142.58.48-9618+[2001-1458-301-16--100-2f]-9618&alias=b7s03p3272.cern.ch&noUDP&sock=slot1_3_6683_8729_7615>
...
040 (5415472.082.000) 07/14 21:21:28 Finished transferring input files
...
001 (5415472.082.000) 07/14 21:21:30 Job executing on host: <128.142.58.48:9618?addrs=128.142.58.48-9618+[2001-1458-301-16--100-2f]-9618&alias=b7s03p3272.cern.ch&noUDP&sock=startd_6208_c007>
...
040 (5415472.082.000) 07/18 13:37:50 Started transferring output files
...
040 (5415472.082.000) 07/18 13:37:50 Finished transferring output files
...
004 (5415472.082.000) 07/18 13:37:50 Job was evicted.
	(0) CPU times
		Usr 11 07:54:15, Sys 0 00:27:57  -  Run Remote Usage
		Usr 0 00:00:00, Sys 0 00:00:00  -  Run Local Usage
	96416  -  Run Bytes Sent By Job
	803  -  Run Bytes Received By Job
	Partitionable Resources :    Usage  Request Allocated 
	   Cpus                 :     2.98        4         4 
	   Disk (KB)            :   122    10485760  11771655 
	   Memory (MB)          :  1221        8000      8000 
...
