000 (5415472.083.000) 07/11 14:02:29 Job submitted from host: <137.138.156.150:9618?addrs=137.138.156.150-9618+[2001-1458-d00-14--9a]-9618&alias=bigbird13.cern.ch&noUDP&sock=schedd_1788_ff6c>
...
040 (5415472.083.000) 07/11 14:10:16 Started transferring input files
	Transferring to host: <188.184.198.58:9618?addrs=188.184.198.58-9618+[2001-1458-301-c1--100-128]-9618&alias=b7g52n3892.cern.ch&noUDP&sock=slot1_6_6895_e6b1_68595>
...
040 (5415472.083.000) 07/11 14:10:16 Finished transferring input files
...
001 (5415472.083.000) 07/11 14:10:17 Job executing on host: <188.184.198.58:9618?addrs=188.184.198.58-9618+[2001-1458-301-c1--100-128]-9618&alias=b7g52n3892.cern.ch&noUDP&sock=startd_5446_14dd>
...
006 (5415472.083.000) 07/11 14:10:26 Image size of job updated: 570628
	52  -  MemoryUsage of job (MB)
	52260  -  ResidentSetSize of job (KB)
...
006 (5415472.083.000) 07/11 14:15:26 Image size of job updated: 1590932
	1004  -  MemoryUsage of job (MB)
	1027384  -  ResidentSetSize of job (KB)
...
006 (5415472.083.000) 07/13 20:55:03 Image size of job updated: 1591916
	1005  -  MemoryUsage of job (MB)
	1028288  -  ResidentSetSize of job (KB)
...
006 (5415472.083.000) 07/13 21:55:05 Image size of job updated: 1592820
	1006  -  MemoryUsage of job (MB)
	1029192  -  ResidentSetSize of job (KB)
...
006 (5415472.083.000) 07/13 23:00:15 Image size of job updated: 1593728
	1006  -  MemoryUsage of job (MB)
	1030100  -  ResidentSetSize of job (KB)
...
006 (5415472.083.000) 07/14 00:05:20 Image size of job updated: 1594632
	1007  -  MemoryUsage of job (MB)
	1031004  -  ResidentSetSize of job (KB)
...
006 (5415472.083.000) 07/14 01:10:24 Image size of job updated: 1595540
	1008  -  MemoryUsage of job (MB)
	1031912  -  ResidentSetSize of job (KB)
...
006 (5415472.083.000) 07/14 02:10:33 Image size of job updated: 1596444
	1009  -  MemoryUsage of job (MB)
	1032816  -  ResidentSetSize of job (KB)
...
006 (5415472.083.000) 07/14 03:10:41 Image size of job updated: 1597348
	1010  -  MemoryUsage of job (MB)
	1033716  -  ResidentSetSize of job (KB)
...
006 (5415472.083.000) 07/14 04:15:49 Image size of job updated: 1598256
	1011  -  MemoryUsage of job (MB)
	1034624  -  ResidentSetSize of job (KB)
...
006 (5415472.083.000) 07/14 05:25:57 Image size of job updated: 1599160
	1012  -  MemoryUsage of job (MB)
	1035528  -  ResidentSetSize of job (KB)
...
006 (5415472.083.000) 07/14 06:36:02 Image size of job updated: 1600068
	1013  -  MemoryUsage of job (MB)
	1036432  -  ResidentSetSize of job (KB)
...
006 (5415472.083.000) 07/14 07:41:09 Image size of job updated: 1600972
	1014  -  MemoryUsage of job (MB)
	1037336  -  ResidentSetSize of job (KB)
...
006 (5415472.083.000) 07/14 08:41:15 Image size of job updated: 1601876
	1014  -  MemoryUsage of job (MB)
	1038240  -  ResidentSetSize of job (KB)
...
006 (5415472.083.000) 07/14 09:46:23 Image size of job updated: 1602784
	1015  -  MemoryUsage of job (MB)
	1039148  -  ResidentSetSize of job (KB)
...
006 (5415472.083.000) 07/14 10:46:28 Image size of job updated: 1603688
	1016  -  MemoryUsage of job (MB)
	1040048  -  ResidentSetSize of job (KB)
...
006 (5415472.083.000) 07/14 11:46:33 Image size of job updated: 1604596
	1017  -  MemoryUsage of job (MB)
	1040956  -  ResidentSetSize of job (KB)
...
006 (5415472.083.000) 07/14 12:46:39 Image size of job updated: 1605500
	1018  -  MemoryUsage of job (MB)
	1041860  -  ResidentSetSize of job (KB)
...
006 (5415472.083.000) 07/14 13:46:43 Image size of job updated: 1606404
	1019  -  MemoryUsage of job (MB)
	1042764  -  ResidentSetSize of job (KB)
...
006 (5415472.083.000) 07/14 14:51:50 Image size of job updated: 1607312
	1020  -  MemoryUsage of job (MB)
	1043672  -  ResidentSetSize of job (KB)
...
006 (5415472.083.000) 07/14 15:51:55 Image size of job updated: 1608216
	1021  -  MemoryUsage of job (MB)
	1044576  -  ResidentSetSize of job (KB)
...
006 (5415472.083.000) 07/14 16:57:02 Image size of job updated: 1609124
	1021  -  MemoryUsage of job (MB)
	1045484  -  ResidentSetSize of job (KB)
...
006 (5415472.083.000) 07/14 17:27:05 Image size of job updated: 1612196
	1023  -  MemoryUsage of job (MB)
	1047032  -  ResidentSetSize of job (KB)
...
006 (5415472.083.000) 07/14 17:52:07 Image size of job updated: 1612196
	1023  -  MemoryUsage of job (MB)
	1047044  -  ResidentSetSize of job (KB)
...
006 (5415472.083.000) 07/14 18:27:11 Image size of job updated: 1612196
	1023  -  MemoryUsage of job (MB)
	1047056  -  ResidentSetSize of job (KB)
...
006 (5415472.083.000) 07/14 18:52:14 Image size of job updated: 1612196
	1023  -  MemoryUsage of job (MB)
	1047064  -  ResidentSetSize of job (KB)
...
006 (5415472.083.000) 07/14 18:57:15 Image size of job updated: 1613100
	1024  -  MemoryUsage of job (MB)
	1047972  -  ResidentSetSize of job (KB)
...
006 (5415472.083.000) 07/14 19:27:19 Image size of job updated: 1613100
	1024  -  MemoryUsage of job (MB)
	1047984  -  ResidentSetSize of job (KB)
...
006 (5415472.083.000) 07/14 19:57:21 Image size of job updated: 1614008
	1025  -  MemoryUsage of job (MB)
	1048892  -  ResidentSetSize of job (KB)
...
006 (5415472.083.000) 07/14 20:02:22 Image size of job updated: 1614008
	1025  -  MemoryUsage of job (MB)
	1048904  -  ResidentSetSize of job (KB)
...
006 (5415472.083.000) 07/14 20:32:25 Image size of job updated: 1614008
	1025  -  MemoryUsage of job (MB)
	1048916  -  ResidentSetSize of job (KB)
...
007 (5415472.083.000) 07/14 21:05:38 Shadow exception!
	Assertion ERROR on (result)
	0  -  Run Bytes Sent By Job
	803  -  Run Bytes Received By Job
...
040 (5415472.083.000) 07/14 21:21:29 Started transferring input files
	Transferring to host: <128.142.59.105:9618?addrs=128.142.59.105-9618+[2001-1458-301-21--100-68]-9618&alias=b7s04p0552.cern.ch&noUDP&sock=slot1_19_6713_aa6a_5446>
...
040 (5415472.083.000) 07/14 21:21:29 Finished transferring input files
...
001 (5415472.083.000) 07/14 21:21:30 Job executing on host: <128.142.59.105:9618?addrs=128.142.59.105-9618+[2001-1458-301-21--100-68]-9618&alias=b7s04p0552.cern.ch&noUDP&sock=startd_6255_fcfb>
...
022 (5415472.083.000) 07/15 16:02:35 Job disconnected, attempting to reconnect
    Socket between submit and execute hosts closed unexpectedly
    Trying to reconnect to slot1_19@b7s04p0552.cern.ch <128.142.59.105:9618?addrs=128.142.59.105-9618+[2001-1458-301-21--100-68]-9618&alias=b7s04p0552.cern.ch&noUDP&sock=startd_6255_fcfb>
...
024 (5415472.083.000) 07/15 17:32:35 Job reconnection failed
    Job disconnected too long: JobLeaseDuration (5400 seconds) expired
    Can not reconnect to slot1_19@b7s04p0552.cern.ch, rescheduling job
...
040 (5415472.083.000) 07/16 16:32:11 Started transferring input files
	Transferring to host: <128.142.56.69:9618?addrs=128.142.56.69-9618+[2001-1458-301-6--100-44]-9618&alias=b7s01p9643.cern.ch&noUDP&sock=slot1_1_53079_b508_7798>
...
040 (5415472.083.000) 07/16 16:32:12 Finished transferring input files
...
001 (5415472.083.000) 07/16 16:32:12 Job executing on host: <128.142.56.69:9618?addrs=128.142.56.69-9618+[2001-1458-301-6--100-44]-9618&alias=b7s01p9643.cern.ch&noUDP&sock=startd_49986_d11b>
...
