000 (5415472.457.000) 07/11 14:02:30 Job submitted from host: <137.138.156.150:9618?addrs=137.138.156.150-9618+[2001-1458-d00-14--9a]-9618&alias=bigbird13.cern.ch&noUDP&sock=schedd_1788_ff6c>
...
040 (5415472.457.000) 07/12 07:33:30 Started transferring input files
	Transferring to host: <128.142.78.37:9618?addrs=128.142.78.37-9618+[2001-1458-301-f4--100-5d]-9618&alias=b7s12n6921.cern.ch&noUDP&sock=slot1_5_7525_cb0b_68353>
...
040 (5415472.457.000) 07/12 07:33:30 Finished transferring input files
...
001 (5415472.457.000) 07/12 07:33:31 Job executing on host: <128.142.78.37:9618?addrs=128.142.78.37-9618+[2001-1458-301-f4--100-5d]-9618&alias=b7s12n6921.cern.ch&noUDP&sock=startd_4880_da42>
...
006 (5415472.457.000) 07/12 07:33:40 Image size of job updated: 436744
	190  -  MemoryUsage of job (MB)
	194516  -  ResidentSetSize of job (KB)
...
006 (5415472.457.000) 07/12 07:38:40 Image size of job updated: 1591084
	1004  -  MemoryUsage of job (MB)
	1027528  -  ResidentSetSize of job (KB)
...
006 (5415472.457.000) 07/13 19:29:12 Image size of job updated: 1592064
	1005  -  MemoryUsage of job (MB)
	1028432  -  ResidentSetSize of job (KB)
...
006 (5415472.457.000) 07/13 20:14:17 Image size of job updated: 1592972
	1006  -  MemoryUsage of job (MB)
	1029340  -  ResidentSetSize of job (KB)
...
006 (5415472.457.000) 07/13 20:59:23 Image size of job updated: 1593876
	1007  -  MemoryUsage of job (MB)
	1030244  -  ResidentSetSize of job (KB)
...
006 (5415472.457.000) 07/13 21:44:27 Image size of job updated: 1594784
	1007  -  MemoryUsage of job (MB)
	1031152  -  ResidentSetSize of job (KB)
...
006 (5415472.457.000) 07/13 22:29:30 Image size of job updated: 1595688
	1008  -  MemoryUsage of job (MB)
	1032056  -  ResidentSetSize of job (KB)
...
006 (5415472.457.000) 07/13 23:14:34 Image size of job updated: 1596596
	1009  -  MemoryUsage of job (MB)
	1032964  -  ResidentSetSize of job (KB)
...
006 (5415472.457.000) 07/13 23:59:37 Image size of job updated: 1597500
	1010  -  MemoryUsage of job (MB)
	1033868  -  ResidentSetSize of job (KB)
...
006 (5415472.457.000) 07/14 00:39:40 Image size of job updated: 1598404
	1011  -  MemoryUsage of job (MB)
	1034772  -  ResidentSetSize of job (KB)
...
006 (5415472.457.000) 07/14 01:29:48 Image size of job updated: 1599312
	1012  -  MemoryUsage of job (MB)
	1035680  -  ResidentSetSize of job (KB)
...
006 (5415472.457.000) 07/14 02:09:53 Image size of job updated: 1600216
	1013  -  MemoryUsage of job (MB)
	1036584  -  ResidentSetSize of job (KB)
...
006 (5415472.457.000) 07/14 02:54:57 Image size of job updated: 1601124
	1014  -  MemoryUsage of job (MB)
	1037492  -  ResidentSetSize of job (KB)
...
006 (5415472.457.000) 07/14 03:40:04 Image size of job updated: 1602028
	1015  -  MemoryUsage of job (MB)
	1038396  -  ResidentSetSize of job (KB)
...
006 (5415472.457.000) 07/14 04:25:09 Image size of job updated: 1602932
	1015  -  MemoryUsage of job (MB)
	1039300  -  ResidentSetSize of job (KB)
...
006 (5415472.457.000) 07/14 05:10:16 Image size of job updated: 1603840
	1016  -  MemoryUsage of job (MB)
	1040208  -  ResidentSetSize of job (KB)
...
006 (5415472.457.000) 07/14 05:55:20 Image size of job updated: 1604744
	1017  -  MemoryUsage of job (MB)
	1041112  -  ResidentSetSize of job (KB)
...
006 (5415472.457.000) 07/14 06:40:23 Image size of job updated: 1605652
	1018  -  MemoryUsage of job (MB)
	1042020  -  ResidentSetSize of job (KB)
...
006 (5415472.457.000) 07/14 07:20:29 Image size of job updated: 1605652
	1019  -  MemoryUsage of job (MB)
	1042924  -  ResidentSetSize of job (KB)
...
006 (5415472.457.000) 07/14 07:25:30 Image size of job updated: 1606556
	1019  -  MemoryUsage of job (MB)
	1042924  -  ResidentSetSize of job (KB)
...
006 (5415472.457.000) 07/14 08:05:33 Image size of job updated: 1607460
	1020  -  MemoryUsage of job (MB)
	1043828  -  ResidentSetSize of job (KB)
...
006 (5415472.457.000) 07/14 08:50:39 Image size of job updated: 1608368
	1021  -  MemoryUsage of job (MB)
	1044736  -  ResidentSetSize of job (KB)
...
006 (5415472.457.000) 07/14 09:30:43 Image size of job updated: 1608368
	1022  -  MemoryUsage of job (MB)
	1045640  -  ResidentSetSize of job (KB)
...
006 (5415472.457.000) 07/14 09:35:43 Image size of job updated: 1609272
	1022  -  MemoryUsage of job (MB)
	1045640  -  ResidentSetSize of job (KB)
...
006 (5415472.457.000) 07/14 10:15:47 Image size of job updated: 1610180
	1023  -  MemoryUsage of job (MB)
	1046548  -  ResidentSetSize of job (KB)
...
006 (5415472.457.000) 07/14 10:35:47 Image size of job updated: 1613252
	1024  -  MemoryUsage of job (MB)
	1048096  -  ResidentSetSize of job (KB)
...
006 (5415472.457.000) 07/14 10:55:50 Image size of job updated: 1613252
	1024  -  MemoryUsage of job (MB)
	1048108  -  ResidentSetSize of job (KB)
...
006 (5415472.457.000) 07/14 11:20:54 Image size of job updated: 1613252
	1024  -  MemoryUsage of job (MB)
	1048120  -  ResidentSetSize of job (KB)
...
006 (5415472.457.000) 07/14 11:40:55 Image size of job updated: 1614156
	1025  -  MemoryUsage of job (MB)
	1049036  -  ResidentSetSize of job (KB)
...
006 (5415472.457.000) 07/14 12:05:57 Image size of job updated: 1614156
	1025  -  MemoryUsage of job (MB)
	1049048  -  ResidentSetSize of job (KB)
...
006 (5415472.457.000) 07/14 12:25:58 Image size of job updated: 1618684
	1029  -  MemoryUsage of job (MB)
	1053576  -  ResidentSetSize of job (KB)
...
006 (5415472.457.000) 07/14 12:30:59 Image size of job updated: 1618684
	1029  -  MemoryUsage of job (MB)
	1053588  -  ResidentSetSize of job (KB)
...
006 (5415472.457.000) 07/14 12:51:00 Image size of job updated: 1618684
	1029  -  MemoryUsage of job (MB)
	1053600  -  ResidentSetSize of job (KB)
...
006 (5415472.457.000) 07/14 13:16:03 Image size of job updated: 1618684
	1029  -  MemoryUsage of job (MB)
	1053612  -  ResidentSetSize of job (KB)
...
006 (5415472.457.000) 07/14 13:41:08 Image size of job updated: 1618684
	1029  -  MemoryUsage of job (MB)
	1053624  -  ResidentSetSize of job (KB)
...
006 (5415472.457.000) 07/14 14:01:11 Image size of job updated: 1618684
	1029  -  MemoryUsage of job (MB)
	1053636  -  ResidentSetSize of job (KB)
...
006 (5415472.457.000) 07/14 14:26:14 Image size of job updated: 1618684
	1029  -  MemoryUsage of job (MB)
	1053648  -  ResidentSetSize of job (KB)
...
006 (5415472.457.000) 07/14 14:46:16 Image size of job updated: 1618684
	1029  -  MemoryUsage of job (MB)
	1053660  -  ResidentSetSize of job (KB)
...
006 (5415472.457.000) 07/14 15:11:18 Image size of job updated: 1618684
	1029  -  MemoryUsage of job (MB)
	1053672  -  ResidentSetSize of job (KB)
...
006 (5415472.457.000) 07/14 15:36:22 Image size of job updated: 1618684
	1029  -  MemoryUsage of job (MB)
	1053684  -  ResidentSetSize of job (KB)
...
006 (5415472.457.000) 07/14 15:56:24 Image size of job updated: 1618684
	1029  -  MemoryUsage of job (MB)
	1053696  -  ResidentSetSize of job (KB)
...
006 (5415472.457.000) 07/14 16:21:27 Image size of job updated: 1618684
	1030  -  MemoryUsage of job (MB)
	1053708  -  ResidentSetSize of job (KB)
...
006 (5415472.457.000) 07/14 16:46:31 Image size of job updated: 1618684
	1030  -  MemoryUsage of job (MB)
	1053720  -  ResidentSetSize of job (KB)
...
006 (5415472.457.000) 07/14 17:06:34 Image size of job updated: 1618684
	1030  -  MemoryUsage of job (MB)
	1053732  -  ResidentSetSize of job (KB)
...
006 (5415472.457.000) 07/14 17:31:35 Image size of job updated: 1618684
	1030  -  MemoryUsage of job (MB)
	1053744  -  ResidentSetSize of job (KB)
...
006 (5415472.457.000) 07/14 17:56:39 Image size of job updated: 1618684
	1030  -  MemoryUsage of job (MB)
	1053756  -  ResidentSetSize of job (KB)
...
006 (5415472.457.000) 07/14 18:21:39 Image size of job updated: 1618684
	1030  -  MemoryUsage of job (MB)
	1053768  -  ResidentSetSize of job (KB)
...
006 (5415472.457.000) 07/14 18:41:41 Image size of job updated: 1618684
	1030  -  MemoryUsage of job (MB)
	1053780  -  ResidentSetSize of job (KB)
...
006 (5415472.457.000) 07/14 19:06:44 Image size of job updated: 1618684
	1030  -  MemoryUsage of job (MB)
	1053792  -  ResidentSetSize of job (KB)
...
006 (5415472.457.000) 07/14 19:31:45 Image size of job updated: 1618684
	1030  -  MemoryUsage of job (MB)
	1053804  -  ResidentSetSize of job (KB)
...
006 (5415472.457.000) 07/14 19:51:48 Image size of job updated: 1618684
	1030  -  MemoryUsage of job (MB)
	1053816  -  ResidentSetSize of job (KB)
...
006 (5415472.457.000) 07/14 20:16:51 Image size of job updated: 1618684
	1030  -  MemoryUsage of job (MB)
	1053828  -  ResidentSetSize of job (KB)
...
006 (5415472.457.000) 07/14 20:41:54 Image size of job updated: 1618684
	1030  -  MemoryUsage of job (MB)
	1053840  -  ResidentSetSize of job (KB)
...
007 (5415472.457.000) 07/14 21:05:22 Shadow exception!
	Assertion ERROR on (result)
	0  -  Run Bytes Sent By Job
	803  -  Run Bytes Received By Job
...
