000 (5415472.455.000) 07/11 14:02:30 Job submitted from host: <137.138.156.150:9618?addrs=137.138.156.150-9618+[2001-1458-d00-14--9a]-9618&alias=bigbird13.cern.ch&noUDP&sock=schedd_1788_ff6c>
...
040 (5415472.455.000) 07/12 07:29:41 Started transferring input files
	Transferring to host: <128.142.58.24:9618?addrs=128.142.58.24-9618+[2001-1458-301-16--100-17]-9618&alias=b7s03p7472.cern.ch&noUDP&sock=slot1_3_6865_c370_5922>
...
040 (5415472.455.000) 07/12 07:29:41 Finished transferring input files
...
001 (5415472.455.000) 07/12 07:29:42 Job executing on host: <128.142.58.24:9618?addrs=128.142.58.24-9618+[2001-1458-301-16--100-17]-9618&alias=b7s03p7472.cern.ch&noUDP&sock=startd_6406_8fc8>
...
006 (5415472.455.000) 07/12 07:29:51 Image size of job updated: 570632
	247  -  MemoryUsage of job (MB)
	252024  -  ResidentSetSize of job (KB)
...
006 (5415472.455.000) 07/12 07:34:51 Image size of job updated: 1591012
	1004  -  MemoryUsage of job (MB)
	1027448  -  ResidentSetSize of job (KB)
...
006 (5415472.455.000) 07/13 17:16:56 Image size of job updated: 1591992
	1005  -  MemoryUsage of job (MB)
	1028352  -  ResidentSetSize of job (KB)
...
006 (5415472.455.000) 07/13 18:00:29 Image size of job updated: 1592900
	1006  -  MemoryUsage of job (MB)
	1029260  -  ResidentSetSize of job (KB)
...
006 (5415472.455.000) 07/13 18:35:32 Image size of job updated: 1593804
	1007  -  MemoryUsage of job (MB)
	1030164  -  ResidentSetSize of job (KB)
...
006 (5415472.455.000) 07/13 19:10:38 Image size of job updated: 1594708
	1007  -  MemoryUsage of job (MB)
	1031068  -  ResidentSetSize of job (KB)
...
006 (5415472.455.000) 07/13 19:50:43 Image size of job updated: 1595616
	1008  -  MemoryUsage of job (MB)
	1031976  -  ResidentSetSize of job (KB)
...
006 (5415472.455.000) 07/13 20:25:46 Image size of job updated: 1596520
	1009  -  MemoryUsage of job (MB)
	1032880  -  ResidentSetSize of job (KB)
...
006 (5415472.455.000) 07/13 21:00:49 Image size of job updated: 1597428
	1010  -  MemoryUsage of job (MB)
	1033788  -  ResidentSetSize of job (KB)
...
006 (5415472.455.000) 07/13 21:40:51 Image size of job updated: 1598332
	1011  -  MemoryUsage of job (MB)
	1034692  -  ResidentSetSize of job (KB)
...
006 (5415472.455.000) 07/13 22:20:54 Image size of job updated: 1599236
	1012  -  MemoryUsage of job (MB)
	1035596  -  ResidentSetSize of job (KB)
...
006 (5415472.455.000) 07/13 23:06:01 Image size of job updated: 1600144
	1013  -  MemoryUsage of job (MB)
	1036504  -  ResidentSetSize of job (KB)
...
006 (5415472.455.000) 07/14 00:01:03 Image size of job updated: 1601048
	1014  -  MemoryUsage of job (MB)
	1037408  -  ResidentSetSize of job (KB)
...
006 (5415472.455.000) 07/14 00:46:09 Image size of job updated: 1601956
	1014  -  MemoryUsage of job (MB)
	1038316  -  ResidentSetSize of job (KB)
...
006 (5415472.455.000) 07/14 01:31:10 Image size of job updated: 1602860
	1015  -  MemoryUsage of job (MB)
	1039220  -  ResidentSetSize of job (KB)
...
006 (5415472.455.000) 07/14 02:06:14 Image size of job updated: 1603768
	1016  -  MemoryUsage of job (MB)
	1040128  -  ResidentSetSize of job (KB)
...
006 (5415472.455.000) 07/14 02:41:16 Image size of job updated: 1604672
	1017  -  MemoryUsage of job (MB)
	1041032  -  ResidentSetSize of job (KB)
...
006 (5415472.455.000) 07/14 03:16:21 Image size of job updated: 1605576
	1018  -  MemoryUsage of job (MB)
	1041936  -  ResidentSetSize of job (KB)
...
006 (5415472.455.000) 07/14 03:56:27 Image size of job updated: 1606484
	1019  -  MemoryUsage of job (MB)
	1042844  -  ResidentSetSize of job (KB)
...
006 (5415472.455.000) 07/14 04:36:32 Image size of job updated: 1607388
	1020  -  MemoryUsage of job (MB)
	1043748  -  ResidentSetSize of job (KB)
...
006 (5415472.455.000) 07/14 05:11:36 Image size of job updated: 1608296
	1021  -  MemoryUsage of job (MB)
	1044656  -  ResidentSetSize of job (KB)
...
006 (5415472.455.000) 07/14 05:51:39 Image size of job updated: 1609200
	1022  -  MemoryUsage of job (MB)
	1045560  -  ResidentSetSize of job (KB)
...
006 (5415472.455.000) 07/14 06:31:42 Image size of job updated: 1610104
	1022  -  MemoryUsage of job (MB)
	1046464  -  ResidentSetSize of job (KB)
...
006 (5415472.455.000) 07/14 06:51:45 Image size of job updated: 1613176
	1024  -  MemoryUsage of job (MB)
	1048024  -  ResidentSetSize of job (KB)
...
006 (5415472.455.000) 07/14 07:11:48 Image size of job updated: 1613176
	1024  -  MemoryUsage of job (MB)
	1048036  -  ResidentSetSize of job (KB)
...
006 (5415472.455.000) 07/14 07:26:50 Image size of job updated: 1613176
	1024  -  MemoryUsage of job (MB)
	1048048  -  ResidentSetSize of job (KB)
...
006 (5415472.455.000) 07/14 07:41:51 Image size of job updated: 1614084
	1025  -  MemoryUsage of job (MB)
	1048956  -  ResidentSetSize of job (KB)
...
006 (5415472.455.000) 07/14 07:46:52 Image size of job updated: 1614084
	1025  -  MemoryUsage of job (MB)
	1048968  -  ResidentSetSize of job (KB)
...
006 (5415472.455.000) 07/14 08:01:53 Image size of job updated: 1614084
	1025  -  MemoryUsage of job (MB)
	1048980  -  ResidentSetSize of job (KB)
...
006 (5415472.455.000) 07/14 08:11:53 Image size of job updated: 1614988
	1026  -  MemoryUsage of job (MB)
	1049884  -  ResidentSetSize of job (KB)
...
006 (5415472.455.000) 07/14 08:21:55 Image size of job updated: 1614988
	1026  -  MemoryUsage of job (MB)
	1049896  -  ResidentSetSize of job (KB)
...
006 (5415472.455.000) 07/14 08:36:57 Image size of job updated: 1614988
	1026  -  MemoryUsage of job (MB)
	1049908  -  ResidentSetSize of job (KB)
...
006 (5415472.455.000) 07/14 08:46:57 Image size of job updated: 1615896
	1027  -  MemoryUsage of job (MB)
	1050816  -  ResidentSetSize of job (KB)
...
006 (5415472.455.000) 07/14 08:56:57 Image size of job updated: 1615896
	1027  -  MemoryUsage of job (MB)
	1050828  -  ResidentSetSize of job (KB)
...
006 (5415472.455.000) 07/14 09:11:58 Image size of job updated: 1615896
	1027  -  MemoryUsage of job (MB)
	1050840  -  ResidentSetSize of job (KB)
...
006 (5415472.455.000) 07/14 09:16:59 Image size of job updated: 1615896
	1028  -  MemoryUsage of job (MB)
	1051744  -  ResidentSetSize of job (KB)
...
006 (5415472.455.000) 07/14 09:21:59 Image size of job updated: 1616800
	1028  -  MemoryUsage of job (MB)
	1051744  -  ResidentSetSize of job (KB)
...
006 (5415472.455.000) 07/14 09:32:00 Image size of job updated: 1616800
	1028  -  MemoryUsage of job (MB)
	1051756  -  ResidentSetSize of job (KB)
...
006 (5415472.455.000) 07/14 09:47:03 Image size of job updated: 1616800
	1028  -  MemoryUsage of job (MB)
	1051768  -  ResidentSetSize of job (KB)
...
006 (5415472.455.000) 07/14 09:52:03 Image size of job updated: 1617704
	1028  -  MemoryUsage of job (MB)
	1052672  -  ResidentSetSize of job (KB)
...
006 (5415472.455.000) 07/14 10:02:03 Image size of job updated: 1617704
	1029  -  MemoryUsage of job (MB)
	1052684  -  ResidentSetSize of job (KB)
...
006 (5415472.455.000) 07/14 10:22:05 Image size of job updated: 1618612
	1029  -  MemoryUsage of job (MB)
	1053604  -  ResidentSetSize of job (KB)
...
006 (5415472.455.000) 07/14 10:37:06 Image size of job updated: 1618612
	1029  -  MemoryUsage of job (MB)
	1053616  -  ResidentSetSize of job (KB)
...
006 (5415472.455.000) 07/14 10:57:07 Image size of job updated: 1619516
	1030  -  MemoryUsage of job (MB)
	1054532  -  ResidentSetSize of job (KB)
...
006 (5415472.455.000) 07/14 11:12:08 Image size of job updated: 1619516
	1030  -  MemoryUsage of job (MB)
	1054544  -  ResidentSetSize of job (KB)
...
006 (5415472.455.000) 07/14 11:27:08 Image size of job updated: 1620424
	1031  -  MemoryUsage of job (MB)
	1055464  -  ResidentSetSize of job (KB)
...
006 (5415472.455.000) 07/14 11:47:09 Image size of job updated: 1620424
	1031  -  MemoryUsage of job (MB)
	1055476  -  ResidentSetSize of job (KB)
...
006 (5415472.455.000) 07/14 11:57:09 Image size of job updated: 1621328
	1032  -  MemoryUsage of job (MB)
	1056380  -  ResidentSetSize of job (KB)
...
006 (5415472.455.000) 07/14 12:02:10 Image size of job updated: 1621328
	1032  -  MemoryUsage of job (MB)
	1056392  -  ResidentSetSize of job (KB)
...
006 (5415472.455.000) 07/14 12:22:12 Image size of job updated: 1621328
	1032  -  MemoryUsage of job (MB)
	1056404  -  ResidentSetSize of job (KB)
...
006 (5415472.455.000) 07/14 12:32:13 Image size of job updated: 1622236
	1033  -  MemoryUsage of job (MB)
	1057312  -  ResidentSetSize of job (KB)
...
006 (5415472.455.000) 07/14 12:37:14 Image size of job updated: 1622236
	1033  -  MemoryUsage of job (MB)
	1057324  -  ResidentSetSize of job (KB)
...
006 (5415472.455.000) 07/14 12:57:17 Image size of job updated: 1622236
	1033  -  MemoryUsage of job (MB)
	1057336  -  ResidentSetSize of job (KB)
...
006 (5415472.455.000) 07/14 13:07:18 Image size of job updated: 1623140
	1034  -  MemoryUsage of job (MB)
	1058240  -  ResidentSetSize of job (KB)
...
006 (5415472.455.000) 07/14 13:12:18 Image size of job updated: 1623140
	1034  -  MemoryUsage of job (MB)
	1058252  -  ResidentSetSize of job (KB)
...
006 (5415472.455.000) 07/14 13:32:19 Image size of job updated: 1623140
	1034  -  MemoryUsage of job (MB)
	1058264  -  ResidentSetSize of job (KB)
...
006 (5415472.455.000) 07/14 13:42:20 Image size of job updated: 1624044
	1035  -  MemoryUsage of job (MB)
	1059168  -  ResidentSetSize of job (KB)
...
006 (5415472.455.000) 07/14 13:52:21 Image size of job updated: 1624044
	1035  -  MemoryUsage of job (MB)
	1059180  -  ResidentSetSize of job (KB)
...
006 (5415472.455.000) 07/14 14:12:22 Image size of job updated: 1624044
	1035  -  MemoryUsage of job (MB)
	1059192  -  ResidentSetSize of job (KB)
...
006 (5415472.455.000) 07/14 14:17:22 Image size of job updated: 1624952
	1036  -  MemoryUsage of job (MB)
	1060100  -  ResidentSetSize of job (KB)
...
006 (5415472.455.000) 07/14 14:32:23 Image size of job updated: 1624952
	1036  -  MemoryUsage of job (MB)
	1060112  -  ResidentSetSize of job (KB)
...
006 (5415472.455.000) 07/14 14:52:26 Image size of job updated: 1625856
	1037  -  MemoryUsage of job (MB)
	1061028  -  ResidentSetSize of job (KB)
...
006 (5415472.455.000) 07/14 15:07:27 Image size of job updated: 1625856
	1037  -  MemoryUsage of job (MB)
	1061040  -  ResidentSetSize of job (KB)
...
006 (5415472.455.000) 07/14 15:32:29 Image size of job updated: 1626764
	1038  -  MemoryUsage of job (MB)
	1061960  -  ResidentSetSize of job (KB)
...
006 (5415472.455.000) 07/14 15:47:30 Image size of job updated: 1626764
	1038  -  MemoryUsage of job (MB)
	1061972  -  ResidentSetSize of job (KB)
...
006 (5415472.455.000) 07/14 16:07:32 Image size of job updated: 1627668
	1038  -  MemoryUsage of job (MB)
	1062888  -  ResidentSetSize of job (KB)
...
006 (5415472.455.000) 07/14 16:27:32 Image size of job updated: 1627668
	1038  -  MemoryUsage of job (MB)
	1062900  -  ResidentSetSize of job (KB)
...
006 (5415472.455.000) 07/14 16:42:34 Image size of job updated: 1628572
	1039  -  MemoryUsage of job (MB)
	1063804  -  ResidentSetSize of job (KB)
...
006 (5415472.455.000) 07/14 16:47:34 Image size of job updated: 1628572
	1039  -  MemoryUsage of job (MB)
	1063816  -  ResidentSetSize of job (KB)
...
006 (5415472.455.000) 07/14 17:07:34 Image size of job updated: 1628572
	1039  -  MemoryUsage of job (MB)
	1063828  -  ResidentSetSize of job (KB)
...
006 (5415472.455.000) 07/14 17:22:36 Image size of job updated: 1629480
	1040  -  MemoryUsage of job (MB)
	1064736  -  ResidentSetSize of job (KB)
...
006 (5415472.455.000) 07/14 17:27:36 Image size of job updated: 1629480
	1040  -  MemoryUsage of job (MB)
	1064748  -  ResidentSetSize of job (KB)
...
006 (5415472.455.000) 07/14 17:48:19 Image size of job updated: 1629480
	1040  -  MemoryUsage of job (MB)
	1064760  -  ResidentSetSize of job (KB)
...
006 (5415472.455.000) 07/14 17:57:38 Image size of job updated: 1630384
	1041  -  MemoryUsage of job (MB)
	1065664  -  ResidentSetSize of job (KB)
...
006 (5415472.455.000) 07/14 18:07:40 Image size of job updated: 1630384
	1041  -  MemoryUsage of job (MB)
	1065676  -  ResidentSetSize of job (KB)
...
006 (5415472.455.000) 07/14 18:22:42 Image size of job updated: 1630384
	1041  -  MemoryUsage of job (MB)
	1065688  -  ResidentSetSize of job (KB)
...
006 (5415472.455.000) 07/14 18:32:42 Image size of job updated: 1631292
	1042  -  MemoryUsage of job (MB)
	1066596  -  ResidentSetSize of job (KB)
...
006 (5415472.455.000) 07/14 18:42:42 Image size of job updated: 1631292
	1042  -  MemoryUsage of job (MB)
	1066608  -  ResidentSetSize of job (KB)
...
006 (5415472.455.000) 07/14 19:02:44 Image size of job updated: 1631292
	1042  -  MemoryUsage of job (MB)
	1066620  -  ResidentSetSize of job (KB)
...
006 (5415472.455.000) 07/14 19:12:44 Image size of job updated: 1635820
	1047  -  MemoryUsage of job (MB)
	1071148  -  ResidentSetSize of job (KB)
...
006 (5415472.455.000) 07/14 19:22:45 Image size of job updated: 1635820
	1047  -  MemoryUsage of job (MB)
	1071160  -  ResidentSetSize of job (KB)
...
006 (5415472.455.000) 07/14 19:42:47 Image size of job updated: 1635820
	1047  -  MemoryUsage of job (MB)
	1071172  -  ResidentSetSize of job (KB)
...
006 (5415472.455.000) 07/14 20:02:48 Image size of job updated: 1635820
	1047  -  MemoryUsage of job (MB)
	1071184  -  ResidentSetSize of job (KB)
...
006 (5415472.455.000) 07/14 20:22:51 Image size of job updated: 1635820
	1047  -  MemoryUsage of job (MB)
	1071196  -  ResidentSetSize of job (KB)
...
006 (5415472.455.000) 07/14 20:42:53 Image size of job updated: 1635820
	1047  -  MemoryUsage of job (MB)
	1071208  -  ResidentSetSize of job (KB)
...
006 (5415472.455.000) 07/14 21:05:45 Image size of job updated: 1635820
	1047  -  MemoryUsage of job (MB)
	1071220  -  ResidentSetSize of job (KB)
...
006 (5415472.455.000) 07/14 21:25:49 Image size of job updated: 1635820
	1047  -  MemoryUsage of job (MB)
	1071232  -  ResidentSetSize of job (KB)
...
006 (5415472.455.000) 07/14 21:45:50 Image size of job updated: 1635820
	1047  -  MemoryUsage of job (MB)
	1071244  -  ResidentSetSize of job (KB)
...
006 (5415472.455.000) 07/14 22:05:51 Image size of job updated: 1635820
	1047  -  MemoryUsage of job (MB)
	1071256  -  ResidentSetSize of job (KB)
...
006 (5415472.455.000) 07/14 22:25:51 Image size of job updated: 1635820
	1047  -  MemoryUsage of job (MB)
	1071268  -  ResidentSetSize of job (KB)
...
006 (5415472.455.000) 07/14 22:45:54 Image size of job updated: 1635820
	1047  -  MemoryUsage of job (MB)
	1071280  -  ResidentSetSize of job (KB)
...
006 (5415472.455.000) 07/14 23:05:58 Image size of job updated: 1635820
	1047  -  MemoryUsage of job (MB)
	1071292  -  ResidentSetSize of job (KB)
...
006 (5415472.455.000) 07/14 23:26:01 Image size of job updated: 1635820
	1047  -  MemoryUsage of job (MB)
	1071304  -  ResidentSetSize of job (KB)
...
006 (5415472.455.000) 07/14 23:46:03 Image size of job updated: 1635820
	1047  -  MemoryUsage of job (MB)
	1071316  -  ResidentSetSize of job (KB)
...
006 (5415472.455.000) 07/15 00:01:04 Image size of job updated: 1635820
	1047  -  MemoryUsage of job (MB)
	1071328  -  ResidentSetSize of job (KB)
...
006 (5415472.455.000) 07/15 00:21:07 Image size of job updated: 1635820
	1047  -  MemoryUsage of job (MB)
	1071340  -  ResidentSetSize of job (KB)
...
006 (5415472.455.000) 07/15 00:41:09 Image size of job updated: 1635820
	1047  -  MemoryUsage of job (MB)
	1071352  -  ResidentSetSize of job (KB)
...
006 (5415472.455.000) 07/15 00:56:10 Image size of job updated: 1635820
	1047  -  MemoryUsage of job (MB)
	1071364  -  ResidentSetSize of job (KB)
...
006 (5415472.455.000) 07/15 01:16:13 Image size of job updated: 1635820
	1047  -  MemoryUsage of job (MB)
	1071376  -  ResidentSetSize of job (KB)
...
006 (5415472.455.000) 07/15 01:31:15 Image size of job updated: 1635820
	1047  -  MemoryUsage of job (MB)
	1071388  -  ResidentSetSize of job (KB)
...
006 (5415472.455.000) 07/15 01:51:16 Image size of job updated: 1635820
	1047  -  MemoryUsage of job (MB)
	1071400  -  ResidentSetSize of job (KB)
...
006 (5415472.455.000) 07/15 02:06:18 Image size of job updated: 1635820
	1047  -  MemoryUsage of job (MB)
	1071412  -  ResidentSetSize of job (KB)
...
006 (5415472.455.000) 07/15 02:21:19 Image size of job updated: 1635820
	1047  -  MemoryUsage of job (MB)
	1071424  -  ResidentSetSize of job (KB)
...
006 (5415472.455.000) 07/15 02:41:22 Image size of job updated: 1635820
	1047  -  MemoryUsage of job (MB)
	1071436  -  ResidentSetSize of job (KB)
...
006 (5415472.455.000) 07/15 02:56:23 Image size of job updated: 1635820
	1047  -  MemoryUsage of job (MB)
	1071448  -  ResidentSetSize of job (KB)
...
006 (5415472.455.000) 07/15 03:16:24 Image size of job updated: 1635820
	1047  -  MemoryUsage of job (MB)
	1071460  -  ResidentSetSize of job (KB)
...
006 (5415472.455.000) 07/15 03:31:26 Image size of job updated: 1635820
	1047  -  MemoryUsage of job (MB)
	1071472  -  ResidentSetSize of job (KB)
...
006 (5415472.455.000) 07/15 03:51:27 Image size of job updated: 1635820
	1047  -  MemoryUsage of job (MB)
	1071484  -  ResidentSetSize of job (KB)
...
006 (5415472.455.000) 07/15 04:11:30 Image size of job updated: 1635820
	1047  -  MemoryUsage of job (MB)
	1071496  -  ResidentSetSize of job (KB)
...
006 (5415472.455.000) 07/15 04:26:33 Image size of job updated: 1635820
	1047  -  MemoryUsage of job (MB)
	1071508  -  ResidentSetSize of job (KB)
...
006 (5415472.455.000) 07/15 04:51:34 Image size of job updated: 1635820
	1047  -  MemoryUsage of job (MB)
	1071520  -  ResidentSetSize of job (KB)
...
006 (5415472.455.000) 07/15 05:11:36 Image size of job updated: 1635820
	1047  -  MemoryUsage of job (MB)
	1071532  -  ResidentSetSize of job (KB)
...
006 (5415472.455.000) 07/15 05:31:36 Image size of job updated: 1635820
	1047  -  MemoryUsage of job (MB)
	1071544  -  ResidentSetSize of job (KB)
...
006 (5415472.455.000) 07/15 05:51:38 Image size of job updated: 1635820
	1047  -  MemoryUsage of job (MB)
	1071556  -  ResidentSetSize of job (KB)
...
006 (5415472.455.000) 07/15 06:11:40 Image size of job updated: 1635820
	1047  -  MemoryUsage of job (MB)
	1071568  -  ResidentSetSize of job (KB)
...
006 (5415472.455.000) 07/15 06:31:43 Image size of job updated: 1635820
	1047  -  MemoryUsage of job (MB)
	1071580  -  ResidentSetSize of job (KB)
...
006 (5415472.455.000) 07/15 06:56:47 Image size of job updated: 1635820
	1047  -  MemoryUsage of job (MB)
	1071592  -  ResidentSetSize of job (KB)
...
006 (5415472.455.000) 07/15 07:16:47 Image size of job updated: 1635820
	1047  -  MemoryUsage of job (MB)
	1071604  -  ResidentSetSize of job (KB)
...
006 (5415472.455.000) 07/15 07:41:50 Image size of job updated: 1635820
	1047  -  MemoryUsage of job (MB)
	1071616  -  ResidentSetSize of job (KB)
...
006 (5415472.455.000) 07/15 08:06:52 Image size of job updated: 1635820
	1047  -  MemoryUsage of job (MB)
	1071628  -  ResidentSetSize of job (KB)
...
006 (5415472.455.000) 07/15 08:26:53 Image size of job updated: 1635820
	1047  -  MemoryUsage of job (MB)
	1071640  -  ResidentSetSize of job (KB)
...
006 (5415472.455.000) 07/15 08:51:55 Image size of job updated: 1635820
	1047  -  MemoryUsage of job (MB)
	1071652  -  ResidentSetSize of job (KB)
...
006 (5415472.455.000) 07/15 09:11:57 Image size of job updated: 1635820
	1047  -  MemoryUsage of job (MB)
	1071664  -  ResidentSetSize of job (KB)
...
006 (5415472.455.000) 07/15 09:36:59 Image size of job updated: 1635820
	1047  -  MemoryUsage of job (MB)
	1071676  -  ResidentSetSize of job (KB)
...
006 (5415472.455.000) 07/15 09:51:59 Image size of job updated: 1635820
	1047  -  MemoryUsage of job (MB)
	1071688  -  ResidentSetSize of job (KB)
...
006 (5415472.455.000) 07/15 10:17:00 Image size of job updated: 1635820
	1047  -  MemoryUsage of job (MB)
	1071700  -  ResidentSetSize of job (KB)
...
006 (5415472.455.000) 07/15 10:42:00 Image size of job updated: 1635820
	1047  -  MemoryUsage of job (MB)
	1071712  -  ResidentSetSize of job (KB)
...
006 (5415472.455.000) 07/15 11:02:02 Image size of job updated: 1635820
	1047  -  MemoryUsage of job (MB)
	1071724  -  ResidentSetSize of job (KB)
...
006 (5415472.455.000) 07/15 11:27:04 Image size of job updated: 1635820
	1047  -  MemoryUsage of job (MB)
	1071736  -  ResidentSetSize of job (KB)
...
006 (5415472.455.000) 07/15 11:47:04 Image size of job updated: 1635820
	1047  -  MemoryUsage of job (MB)
	1071748  -  ResidentSetSize of job (KB)
...
006 (5415472.455.000) 07/15 12:12:04 Image size of job updated: 1635820
	1047  -  MemoryUsage of job (MB)
	1071760  -  ResidentSetSize of job (KB)
...
006 (5415472.455.000) 07/15 12:32:06 Image size of job updated: 1635820
	1047  -  MemoryUsage of job (MB)
	1071772  -  ResidentSetSize of job (KB)
...
006 (5415472.455.000) 07/15 12:52:07 Image size of job updated: 1635820
	1047  -  MemoryUsage of job (MB)
	1071784  -  ResidentSetSize of job (KB)
...
006 (5415472.455.000) 07/15 13:17:11 Image size of job updated: 1635820
	1047  -  MemoryUsage of job (MB)
	1071796  -  ResidentSetSize of job (KB)
...
006 (5415472.455.000) 07/15 13:37:15 Image size of job updated: 1635820
	1047  -  MemoryUsage of job (MB)
	1071808  -  ResidentSetSize of job (KB)
...
006 (5415472.455.000) 07/15 14:02:57 Image size of job updated: 1635820
	1047  -  MemoryUsage of job (MB)
	1071820  -  ResidentSetSize of job (KB)
...
006 (5415472.455.000) 07/15 14:19:23 Image size of job updated: 1635820
	1047  -  MemoryUsage of job (MB)
	1071832  -  ResidentSetSize of job (KB)
...
006 (5415472.455.000) 07/15 14:44:27 Image size of job updated: 1635820
	1047  -  MemoryUsage of job (MB)
	1071844  -  ResidentSetSize of job (KB)
...
006 (5415472.455.000) 07/15 15:04:31 Image size of job updated: 1635820
	1047  -  MemoryUsage of job (MB)
	1071856  -  ResidentSetSize of job (KB)
...
006 (5415472.455.000) 07/15 15:29:35 Image size of job updated: 1635820
	1047  -  MemoryUsage of job (MB)
	1071868  -  ResidentSetSize of job (KB)
...
006 (5415472.455.000) 07/15 15:49:36 Image size of job updated: 1635820
	1047  -  MemoryUsage of job (MB)
	1071880  -  ResidentSetSize of job (KB)
...
006 (5415472.455.000) 07/15 16:14:39 Image size of job updated: 1635820
	1047  -  MemoryUsage of job (MB)
	1071892  -  ResidentSetSize of job (KB)
...
006 (5415472.455.000) 07/15 16:34:40 Image size of job updated: 1635820
	1047  -  MemoryUsage of job (MB)
	1071904  -  ResidentSetSize of job (KB)
...
006 (5415472.455.000) 07/15 16:59:42 Image size of job updated: 1635820
	1047  -  MemoryUsage of job (MB)
	1071916  -  ResidentSetSize of job (KB)
...
006 (5415472.455.000) 07/15 17:19:44 Image size of job updated: 1635820
	1047  -  MemoryUsage of job (MB)
	1071928  -  ResidentSetSize of job (KB)
...
006 (5415472.455.000) 07/15 17:39:47 Image size of job updated: 1635820
	1047  -  MemoryUsage of job (MB)
	1071940  -  ResidentSetSize of job (KB)
...
006 (5415472.455.000) 07/15 18:04:50 Image size of job updated: 1635820
	1047  -  MemoryUsage of job (MB)
	1071952  -  ResidentSetSize of job (KB)
...
006 (5415472.455.000) 07/15 18:24:53 Image size of job updated: 1635820
	1047  -  MemoryUsage of job (MB)
	1071960  -  ResidentSetSize of job (KB)
...
006 (5415472.455.000) 07/15 18:29:53 Image size of job updated: 1635820
	1047  -  MemoryUsage of job (MB)
	1071964  -  ResidentSetSize of job (KB)
...
006 (5415472.455.000) 07/15 18:49:55 Image size of job updated: 1635820
	1047  -  MemoryUsage of job (MB)
	1071976  -  ResidentSetSize of job (KB)
...
006 (5415472.455.000) 07/15 19:09:57 Image size of job updated: 1635820
	1047  -  MemoryUsage of job (MB)
	1071984  -  ResidentSetSize of job (KB)
...
006 (5415472.455.000) 07/15 19:14:57 Image size of job updated: 1635820
	1047  -  MemoryUsage of job (MB)
	1071988  -  ResidentSetSize of job (KB)
...
006 (5415472.455.000) 07/15 19:35:01 Image size of job updated: 1635820
	1047  -  MemoryUsage of job (MB)
	1072000  -  ResidentSetSize of job (KB)
...
006 (5415472.455.000) 07/15 19:55:02 Image size of job updated: 1635820
	1047  -  MemoryUsage of job (MB)
	1072012  -  ResidentSetSize of job (KB)
...
006 (5415472.455.000) 07/15 20:15:04 Image size of job updated: 1635820
	1047  -  MemoryUsage of job (MB)
	1072024  -  ResidentSetSize of job (KB)
...
006 (5415472.455.000) 07/15 20:40:07 Image size of job updated: 1635820
	1047  -  MemoryUsage of job (MB)
	1072036  -  ResidentSetSize of job (KB)
...
006 (5415472.455.000) 07/15 21:00:11 Image size of job updated: 1635820
	1047  -  MemoryUsage of job (MB)
	1072048  -  ResidentSetSize of job (KB)
...
006 (5415472.455.000) 07/15 21:20:12 Image size of job updated: 1635820
	1047  -  MemoryUsage of job (MB)
	1072060  -  ResidentSetSize of job (KB)
...
006 (5415472.455.000) 07/15 21:45:15 Image size of job updated: 1635820
	1047  -  MemoryUsage of job (MB)
	1072072  -  ResidentSetSize of job (KB)
...
006 (5415472.455.000) 07/15 22:10:17 Image size of job updated: 1635820
	1047  -  MemoryUsage of job (MB)
	1072084  -  ResidentSetSize of job (KB)
...
006 (5415472.455.000) 07/15 22:30:18 Image size of job updated: 1635820
	1047  -  MemoryUsage of job (MB)
	1072096  -  ResidentSetSize of job (KB)
...
006 (5415472.455.000) 07/15 22:55:23 Image size of job updated: 1635820
	1047  -  MemoryUsage of job (MB)
	1072108  -  ResidentSetSize of job (KB)
...
006 (5415472.455.000) 07/15 23:15:25 Image size of job updated: 1635820
	1047  -  MemoryUsage of job (MB)
	1072120  -  ResidentSetSize of job (KB)
...
006 (5415472.455.000) 07/15 23:40:29 Image size of job updated: 1635820
	1048  -  MemoryUsage of job (MB)
	1072132  -  ResidentSetSize of job (KB)
...
006 (5415472.455.000) 07/16 00:00:32 Image size of job updated: 1635820
	1048  -  MemoryUsage of job (MB)
	1072144  -  ResidentSetSize of job (KB)
...
006 (5415472.455.000) 07/16 00:25:36 Image size of job updated: 1635820
	1048  -  MemoryUsage of job (MB)
	1072156  -  ResidentSetSize of job (KB)
...
006 (5415472.455.000) 07/16 00:45:37 Image size of job updated: 1635820
	1048  -  MemoryUsage of job (MB)
	1072168  -  ResidentSetSize of job (KB)
...
006 (5415472.455.000) 07/16 01:05:41 Image size of job updated: 1635820
	1048  -  MemoryUsage of job (MB)
	1072180  -  ResidentSetSize of job (KB)
...
006 (5415472.455.000) 07/16 01:50:47 Image size of job updated: 1639916
	1050  -  MemoryUsage of job (MB)
	1074236  -  ResidentSetSize of job (KB)
...
006 (5415472.455.000) 07/16 02:10:47 Image size of job updated: 1639916
	1050  -  MemoryUsage of job (MB)
	1074244  -  ResidentSetSize of job (KB)
...
006 (5415472.455.000) 07/16 02:30:50 Image size of job updated: 1639916
	1050  -  MemoryUsage of job (MB)
	1074252  -  ResidentSetSize of job (KB)
...
006 (5415472.455.000) 07/16 02:50:54 Image size of job updated: 1639916
	1050  -  MemoryUsage of job (MB)
	1074260  -  ResidentSetSize of job (KB)
...
006 (5415472.455.000) 07/16 03:15:54 Image size of job updated: 1639916
	1050  -  MemoryUsage of job (MB)
	1074268  -  ResidentSetSize of job (KB)
...
006 (5415472.455.000) 07/16 03:35:57 Image size of job updated: 1639916
	1050  -  MemoryUsage of job (MB)
	1074276  -  ResidentSetSize of job (KB)
...
006 (5415472.455.000) 07/16 04:00:59 Image size of job updated: 1639916
	1050  -  MemoryUsage of job (MB)
	1074284  -  ResidentSetSize of job (KB)
...
006 (5415472.455.000) 07/16 04:21:00 Image size of job updated: 1639916
	1050  -  MemoryUsage of job (MB)
	1074292  -  ResidentSetSize of job (KB)
...
006 (5415472.455.000) 07/16 04:46:02 Image size of job updated: 1639916
	1050  -  MemoryUsage of job (MB)
	1074300  -  ResidentSetSize of job (KB)
...
006 (5415472.455.000) 07/16 05:06:03 Image size of job updated: 1639916
	1050  -  MemoryUsage of job (MB)
	1074308  -  ResidentSetSize of job (KB)
...
006 (5415472.455.000) 07/16 05:31:06 Image size of job updated: 1639916
	1050  -  MemoryUsage of job (MB)
	1074316  -  ResidentSetSize of job (KB)
...
006 (5415472.455.000) 07/16 05:51:07 Image size of job updated: 1639916
	1050  -  MemoryUsage of job (MB)
	1074324  -  ResidentSetSize of job (KB)
...
006 (5415472.455.000) 07/16 06:16:09 Image size of job updated: 1639916
	1050  -  MemoryUsage of job (MB)
	1074332  -  ResidentSetSize of job (KB)
...
006 (5415472.455.000) 07/16 06:36:11 Image size of job updated: 1639916
	1050  -  MemoryUsage of job (MB)
	1074340  -  ResidentSetSize of job (KB)
...
006 (5415472.455.000) 07/16 06:56:12 Image size of job updated: 1639916
	1050  -  MemoryUsage of job (MB)
	1074348  -  ResidentSetSize of job (KB)
...
006 (5415472.455.000) 07/16 07:21:14 Image size of job updated: 1639916
	1050  -  MemoryUsage of job (MB)
	1074356  -  ResidentSetSize of job (KB)
...
006 (5415472.455.000) 07/16 07:41:16 Image size of job updated: 1639916
	1050  -  MemoryUsage of job (MB)
	1074364  -  ResidentSetSize of job (KB)
...
006 (5415472.455.000) 07/16 08:01:18 Image size of job updated: 1639916
	1050  -  MemoryUsage of job (MB)
	1074372  -  ResidentSetSize of job (KB)
...
006 (5415472.455.000) 07/16 08:16:20 Image size of job updated: 1639916
	1050  -  MemoryUsage of job (MB)
	1074380  -  ResidentSetSize of job (KB)
...
006 (5415472.455.000) 07/16 08:36:22 Image size of job updated: 1639916
	1050  -  MemoryUsage of job (MB)
	1074388  -  ResidentSetSize of job (KB)
...
006 (5415472.455.000) 07/16 08:56:26 Image size of job updated: 1639916
	1050  -  MemoryUsage of job (MB)
	1074396  -  ResidentSetSize of job (KB)
...
006 (5415472.455.000) 07/16 09:16:28 Image size of job updated: 1639916
	1050  -  MemoryUsage of job (MB)
	1074404  -  ResidentSetSize of job (KB)
...
006 (5415472.455.000) 07/16 09:31:30 Image size of job updated: 1639916
	1050  -  MemoryUsage of job (MB)
	1074412  -  ResidentSetSize of job (KB)
...
006 (5415472.455.000) 07/16 09:51:34 Image size of job updated: 1639916
	1050  -  MemoryUsage of job (MB)
	1074420  -  ResidentSetSize of job (KB)
...
006 (5415472.455.000) 07/16 10:11:36 Image size of job updated: 1639916
	1050  -  MemoryUsage of job (MB)
	1074428  -  ResidentSetSize of job (KB)
...
006 (5415472.455.000) 07/16 10:31:40 Image size of job updated: 1639916
	1050  -  MemoryUsage of job (MB)
	1074436  -  ResidentSetSize of job (KB)
...
006 (5415472.455.000) 07/16 10:51:43 Image size of job updated: 1639916
	1050  -  MemoryUsage of job (MB)
	1074444  -  ResidentSetSize of job (KB)
...
006 (5415472.455.000) 07/16 11:16:48 Image size of job updated: 1639916
	1050  -  MemoryUsage of job (MB)
	1074452  -  ResidentSetSize of job (KB)
...
006 (5415472.455.000) 07/16 11:36:50 Image size of job updated: 1639916
	1050  -  MemoryUsage of job (MB)
	1074460  -  ResidentSetSize of job (KB)
...
006 (5415472.455.000) 07/16 11:58:15 Image size of job updated: 1639916
	1050  -  MemoryUsage of job (MB)
	1074468  -  ResidentSetSize of job (KB)
...
006 (5415472.455.000) 07/16 12:17:26 Image size of job updated: 1639916
	1050  -  MemoryUsage of job (MB)
	1074476  -  ResidentSetSize of job (KB)
...
006 (5415472.455.000) 07/16 12:32:27 Image size of job updated: 1639916
	1050  -  MemoryUsage of job (MB)
	1074484  -  ResidentSetSize of job (KB)
...
006 (5415472.455.000) 07/16 12:52:27 Image size of job updated: 1639916
	1050  -  MemoryUsage of job (MB)
	1074492  -  ResidentSetSize of job (KB)
...
006 (5415472.455.000) 07/16 13:07:30 Image size of job updated: 1639916
	1050  -  MemoryUsage of job (MB)
	1074500  -  ResidentSetSize of job (KB)
...
006 (5415472.455.000) 07/16 13:27:32 Image size of job updated: 1639916
	1050  -  MemoryUsage of job (MB)
	1074508  -  ResidentSetSize of job (KB)
...
006 (5415472.455.000) 07/16 13:42:32 Image size of job updated: 1639916
	1050  -  MemoryUsage of job (MB)
	1074516  -  ResidentSetSize of job (KB)
...
006 (5415472.455.000) 07/16 14:02:33 Image size of job updated: 1639916
	1050  -  MemoryUsage of job (MB)
	1074524  -  ResidentSetSize of job (KB)
...
006 (5415472.455.000) 07/16 14:17:34 Image size of job updated: 1639916
	1050  -  MemoryUsage of job (MB)
	1074532  -  ResidentSetSize of job (KB)
...
006 (5415472.455.000) 07/16 14:37:37 Image size of job updated: 1639916
	1050  -  MemoryUsage of job (MB)
	1074540  -  ResidentSetSize of job (KB)
...
006 (5415472.455.000) 07/16 14:57:38 Image size of job updated: 1639916
	1050  -  MemoryUsage of job (MB)
	1074548  -  ResidentSetSize of job (KB)
...
006 (5415472.455.000) 07/16 15:17:39 Image size of job updated: 1639916
	1050  -  MemoryUsage of job (MB)
	1074556  -  ResidentSetSize of job (KB)
...
006 (5415472.455.000) 07/16 15:37:41 Image size of job updated: 1639916
	1050  -  MemoryUsage of job (MB)
	1074564  -  ResidentSetSize of job (KB)
...
006 (5415472.455.000) 07/16 15:57:44 Image size of job updated: 1639916
	1050  -  MemoryUsage of job (MB)
	1074572  -  ResidentSetSize of job (KB)
...
006 (5415472.455.000) 07/16 16:17:46 Image size of job updated: 1639916
	1050  -  MemoryUsage of job (MB)
	1074580  -  ResidentSetSize of job (KB)
...
006 (5415472.455.000) 07/16 16:42:48 Image size of job updated: 1639916
	1050  -  MemoryUsage of job (MB)
	1074588  -  ResidentSetSize of job (KB)
...
006 (5415472.455.000) 07/16 16:57:50 Image size of job updated: 1639916
	1050  -  MemoryUsage of job (MB)
	1074592  -  ResidentSetSize of job (KB)
...
006 (5415472.455.000) 07/16 17:02:50 Image size of job updated: 1639916
	1050  -  MemoryUsage of job (MB)
	1074596  -  ResidentSetSize of job (KB)
...
006 (5415472.455.000) 07/16 17:17:52 Image size of job updated: 1639916
	1050  -  MemoryUsage of job (MB)
	1074604  -  ResidentSetSize of job (KB)
...
006 (5415472.455.000) 07/16 17:37:53 Image size of job updated: 1639916
	1050  -  MemoryUsage of job (MB)
	1074612  -  ResidentSetSize of job (KB)
...
006 (5415472.455.000) 07/16 17:57:55 Image size of job updated: 1639916
	1050  -  MemoryUsage of job (MB)
	1074620  -  ResidentSetSize of job (KB)
...
006 (5415472.455.000) 07/16 18:17:58 Image size of job updated: 1639916
	1050  -  MemoryUsage of job (MB)
	1074628  -  ResidentSetSize of job (KB)
...
006 (5415472.455.000) 07/16 18:38:00 Image size of job updated: 1639916
	1050  -  MemoryUsage of job (MB)
	1074636  -  ResidentSetSize of job (KB)
...
006 (5415472.455.000) 07/16 18:58:01 Image size of job updated: 1639916
	1050  -  MemoryUsage of job (MB)
	1074644  -  ResidentSetSize of job (KB)
...
006 (5415472.455.000) 07/16 19:18:04 Image size of job updated: 1639916
	1050  -  MemoryUsage of job (MB)
	1074652  -  ResidentSetSize of job (KB)
...
006 (5415472.455.000) 07/16 19:38:07 Image size of job updated: 1639916
	1050  -  MemoryUsage of job (MB)
	1074660  -  ResidentSetSize of job (KB)
...
006 (5415472.455.000) 07/16 20:03:09 Image size of job updated: 1639916
	1050  -  MemoryUsage of job (MB)
	1074668  -  ResidentSetSize of job (KB)
...
006 (5415472.455.000) 07/16 20:23:11 Image size of job updated: 1639916
	1050  -  MemoryUsage of job (MB)
	1074676  -  ResidentSetSize of job (KB)
...
006 (5415472.455.000) 07/16 20:43:15 Image size of job updated: 1639916
	1050  -  MemoryUsage of job (MB)
	1074684  -  ResidentSetSize of job (KB)
...
006 (5415472.455.000) 07/16 21:03:16 Image size of job updated: 1639916
	1050  -  MemoryUsage of job (MB)
	1074692  -  ResidentSetSize of job (KB)
...
006 (5415472.455.000) 07/16 21:23:19 Image size of job updated: 1639916
	1050  -  MemoryUsage of job (MB)
	1074700  -  ResidentSetSize of job (KB)
...
006 (5415472.455.000) 07/16 21:43:22 Image size of job updated: 1639916
	1050  -  MemoryUsage of job (MB)
	1074708  -  ResidentSetSize of job (KB)
...
006 (5415472.455.000) 07/16 22:03:23 Image size of job updated: 1639916
	1050  -  MemoryUsage of job (MB)
	1074716  -  ResidentSetSize of job (KB)
...
006 (5415472.455.000) 07/16 22:23:26 Image size of job updated: 1639916
	1050  -  MemoryUsage of job (MB)
	1074724  -  ResidentSetSize of job (KB)
...
006 (5415472.455.000) 07/16 22:48:29 Image size of job updated: 1639916
	1050  -  MemoryUsage of job (MB)
	1074732  -  ResidentSetSize of job (KB)
...
006 (5415472.455.000) 07/16 23:08:32 Image size of job updated: 1639916
	1050  -  MemoryUsage of job (MB)
	1074740  -  ResidentSetSize of job (KB)
...
006 (5415472.455.000) 07/16 23:28:34 Image size of job updated: 1639916
	1050  -  MemoryUsage of job (MB)
	1074748  -  ResidentSetSize of job (KB)
...
006 (5415472.455.000) 07/16 23:48:36 Image size of job updated: 1639916
	1050  -  MemoryUsage of job (MB)
	1074756  -  ResidentSetSize of job (KB)
...
006 (5415472.455.000) 07/17 00:08:37 Image size of job updated: 1639916
	1050  -  MemoryUsage of job (MB)
	1074764  -  ResidentSetSize of job (KB)
...
006 (5415472.455.000) 07/17 00:28:39 Image size of job updated: 1639916
	1050  -  MemoryUsage of job (MB)
	1074772  -  ResidentSetSize of job (KB)
...
006 (5415472.455.000) 07/17 00:53:41 Image size of job updated: 1639916
	1050  -  MemoryUsage of job (MB)
	1074780  -  ResidentSetSize of job (KB)
...
006 (5415472.455.000) 07/17 01:13:45 Image size of job updated: 1639916
	1050  -  MemoryUsage of job (MB)
	1074788  -  ResidentSetSize of job (KB)
...
006 (5415472.455.000) 07/17 01:33:48 Image size of job updated: 1639916
	1050  -  MemoryUsage of job (MB)
	1074796  -  ResidentSetSize of job (KB)
...
006 (5415472.455.000) 07/17 01:53:49 Image size of job updated: 1639916
	1050  -  MemoryUsage of job (MB)
	1074804  -  ResidentSetSize of job (KB)
...
006 (5415472.455.000) 07/17 02:13:50 Image size of job updated: 1639916
	1050  -  MemoryUsage of job (MB)
	1074812  -  ResidentSetSize of job (KB)
...
006 (5415472.455.000) 07/17 02:33:53 Image size of job updated: 1639916
	1050  -  MemoryUsage of job (MB)
	1074820  -  ResidentSetSize of job (KB)
...
006 (5415472.455.000) 07/17 02:58:56 Image size of job updated: 1639916
	1050  -  MemoryUsage of job (MB)
	1074828  -  ResidentSetSize of job (KB)
...
006 (5415472.455.000) 07/17 03:13:58 Image size of job updated: 1639916
	1050  -  MemoryUsage of job (MB)
	1074836  -  ResidentSetSize of job (KB)
...
006 (5415472.455.000) 07/17 03:34:01 Image size of job updated: 1639916
	1050  -  MemoryUsage of job (MB)
	1074844  -  ResidentSetSize of job (KB)
...
006 (5415472.455.000) 07/17 03:54:05 Image size of job updated: 1639916
	1050  -  MemoryUsage of job (MB)
	1074852  -  ResidentSetSize of job (KB)
...
006 (5415472.455.000) 07/17 04:14:08 Image size of job updated: 1639916
	1050  -  MemoryUsage of job (MB)
	1074860  -  ResidentSetSize of job (KB)
...
006 (5415472.455.000) 07/17 04:29:10 Image size of job updated: 1639916
	1050  -  MemoryUsage of job (MB)
	1074868  -  ResidentSetSize of job (KB)
...
006 (5415472.455.000) 07/17 04:49:11 Image size of job updated: 1639916
	1050  -  MemoryUsage of job (MB)
	1074876  -  ResidentSetSize of job (KB)
...
006 (5415472.455.000) 07/17 05:14:14 Image size of job updated: 1639916
	1050  -  MemoryUsage of job (MB)
	1074884  -  ResidentSetSize of job (KB)
...
006 (5415472.455.000) 07/17 05:34:17 Image size of job updated: 1639916
	1050  -  MemoryUsage of job (MB)
	1074892  -  ResidentSetSize of job (KB)
...
006 (5415472.455.000) 07/17 05:54:19 Image size of job updated: 1639916
	1050  -  MemoryUsage of job (MB)
	1074900  -  ResidentSetSize of job (KB)
...
006 (5415472.455.000) 07/17 06:19:20 Image size of job updated: 1639916
	1050  -  MemoryUsage of job (MB)
	1074908  -  ResidentSetSize of job (KB)
...
006 (5415472.455.000) 07/17 06:39:21 Image size of job updated: 1639916
	1050  -  MemoryUsage of job (MB)
	1074916  -  ResidentSetSize of job (KB)
...
006 (5415472.455.000) 07/17 06:59:23 Image size of job updated: 1639916
	1050  -  MemoryUsage of job (MB)
	1074924  -  ResidentSetSize of job (KB)
...
006 (5415472.455.000) 07/17 07:24:26 Image size of job updated: 1639916
	1050  -  MemoryUsage of job (MB)
	1074932  -  ResidentSetSize of job (KB)
...
006 (5415472.455.000) 07/17 07:44:28 Image size of job updated: 1639916
	1050  -  MemoryUsage of job (MB)
	1074940  -  ResidentSetSize of job (KB)
...
006 (5415472.455.000) 07/17 08:04:32 Image size of job updated: 1639916
	1050  -  MemoryUsage of job (MB)
	1074948  -  ResidentSetSize of job (KB)
...
006 (5415472.455.000) 07/17 08:24:33 Image size of job updated: 1639916
	1050  -  MemoryUsage of job (MB)
	1074956  -  ResidentSetSize of job (KB)
...
006 (5415472.455.000) 07/17 08:44:36 Image size of job updated: 1639916
	1050  -  MemoryUsage of job (MB)
	1074964  -  ResidentSetSize of job (KB)
...
006 (5415472.455.000) 07/17 09:04:38 Image size of job updated: 1639916
	1050  -  MemoryUsage of job (MB)
	1074972  -  ResidentSetSize of job (KB)
...
006 (5415472.455.000) 07/17 09:19:39 Image size of job updated: 1639916
	1050  -  MemoryUsage of job (MB)
	1074980  -  ResidentSetSize of job (KB)
...
006 (5415472.455.000) 07/17 09:44:41 Image size of job updated: 1639916
	1050  -  MemoryUsage of job (MB)
	1074988  -  ResidentSetSize of job (KB)
...
006 (5415472.455.000) 07/17 10:04:43 Image size of job updated: 1639916
	1050  -  MemoryUsage of job (MB)
	1074996  -  ResidentSetSize of job (KB)
...
006 (5415472.455.000) 07/17 10:24:44 Image size of job updated: 1639916
	1050  -  MemoryUsage of job (MB)
	1075004  -  ResidentSetSize of job (KB)
...
006 (5415472.455.000) 07/17 10:39:45 Image size of job updated: 1639916
	1050  -  MemoryUsage of job (MB)
	1075012  -  ResidentSetSize of job (KB)
...
006 (5415472.455.000) 07/17 10:59:47 Image size of job updated: 1639916
	1050  -  MemoryUsage of job (MB)
	1075020  -  ResidentSetSize of job (KB)
...
006 (5415472.455.000) 07/17 11:19:47 Image size of job updated: 1639916
	1050  -  MemoryUsage of job (MB)
	1075028  -  ResidentSetSize of job (KB)
...
006 (5415472.455.000) 07/17 11:39:48 Image size of job updated: 1639916
	1050  -  MemoryUsage of job (MB)
	1075036  -  ResidentSetSize of job (KB)
...
006 (5415472.455.000) 07/17 12:04:50 Image size of job updated: 1639916
	1050  -  MemoryUsage of job (MB)
	1075044  -  ResidentSetSize of job (KB)
...
006 (5415472.455.000) 07/17 12:24:52 Image size of job updated: 1639916
	1050  -  MemoryUsage of job (MB)
	1075052  -  ResidentSetSize of job (KB)
...
006 (5415472.455.000) 07/17 12:44:53 Image size of job updated: 1639916
	1050  -  MemoryUsage of job (MB)
	1075060  -  ResidentSetSize of job (KB)
...
006 (5415472.455.000) 07/17 13:04:55 Image size of job updated: 1639916
	1050  -  MemoryUsage of job (MB)
	1075068  -  ResidentSetSize of job (KB)
...
006 (5415472.455.000) 07/17 13:24:57 Image size of job updated: 1639916
	1050  -  MemoryUsage of job (MB)
	1075076  -  ResidentSetSize of job (KB)
...
006 (5415472.455.000) 07/17 13:44:58 Image size of job updated: 1639916
	1050  -  MemoryUsage of job (MB)
	1075084  -  ResidentSetSize of job (KB)
...
006 (5415472.455.000) 07/17 14:05:01 Image size of job updated: 1639916
	1050  -  MemoryUsage of job (MB)
	1075092  -  ResidentSetSize of job (KB)
...
006 (5415472.455.000) 07/17 14:30:04 Image size of job updated: 1639916
	1050  -  MemoryUsage of job (MB)
	1075100  -  ResidentSetSize of job (KB)
...
006 (5415472.455.000) 07/17 14:50:05 Image size of job updated: 1639916
	1050  -  MemoryUsage of job (MB)
	1075108  -  ResidentSetSize of job (KB)
...
006 (5415472.455.000) 07/17 15:15:07 Image size of job updated: 1639916
	1050  -  MemoryUsage of job (MB)
	1075116  -  ResidentSetSize of job (KB)
...
006 (5415472.455.000) 07/17 15:35:08 Image size of job updated: 1639916
	1050  -  MemoryUsage of job (MB)
	1075124  -  ResidentSetSize of job (KB)
...
006 (5415472.455.000) 07/17 16:00:11 Image size of job updated: 1639916
	1050  -  MemoryUsage of job (MB)
	1075132  -  ResidentSetSize of job (KB)
...
006 (5415472.455.000) 07/17 16:20:13 Image size of job updated: 1639916
	1050  -  MemoryUsage of job (MB)
	1075140  -  ResidentSetSize of job (KB)
...
006 (5415472.455.000) 07/17 16:45:16 Image size of job updated: 1639916
	1050  -  MemoryUsage of job (MB)
	1075148  -  ResidentSetSize of job (KB)
...
006 (5415472.455.000) 07/17 17:05:17 Image size of job updated: 1639916
	1050  -  MemoryUsage of job (MB)
	1075156  -  ResidentSetSize of job (KB)
...
006 (5415472.455.000) 07/17 17:30:19 Image size of job updated: 1639916
	1050  -  MemoryUsage of job (MB)
	1075164  -  ResidentSetSize of job (KB)
...
006 (5415472.455.000) 07/17 17:50:22 Image size of job updated: 1639916
	1050  -  MemoryUsage of job (MB)
	1075172  -  ResidentSetSize of job (KB)
...
006 (5415472.455.000) 07/17 18:05:23 Image size of job updated: 1639916
	1050  -  MemoryUsage of job (MB)
	1075180  -  ResidentSetSize of job (KB)
...
006 (5415472.455.000) 07/17 18:30:26 Image size of job updated: 1639916
	1050  -  MemoryUsage of job (MB)
	1075188  -  ResidentSetSize of job (KB)
...
006 (5415472.455.000) 07/17 18:50:28 Image size of job updated: 1639916
	1050  -  MemoryUsage of job (MB)
	1075196  -  ResidentSetSize of job (KB)
...
006 (5415472.455.000) 07/17 19:15:33 Image size of job updated: 1639916
	1051  -  MemoryUsage of job (MB)
	1075204  -  ResidentSetSize of job (KB)
...
006 (5415472.455.000) 07/17 19:40:34 Image size of job updated: 1639916
	1051  -  MemoryUsage of job (MB)
	1075212  -  ResidentSetSize of job (KB)
...
006 (5415472.455.000) 07/17 20:00:37 Image size of job updated: 1639916
	1051  -  MemoryUsage of job (MB)
	1075220  -  ResidentSetSize of job (KB)
...
006 (5415472.455.000) 07/17 20:25:39 Image size of job updated: 1639916
	1051  -  MemoryUsage of job (MB)
	1075228  -  ResidentSetSize of job (KB)
...
006 (5415472.455.000) 07/17 20:50:41 Image size of job updated: 1639916
	1051  -  MemoryUsage of job (MB)
	1075236  -  ResidentSetSize of job (KB)
...
006 (5415472.455.000) 07/17 21:10:42 Image size of job updated: 1639916
	1051  -  MemoryUsage of job (MB)
	1075240  -  ResidentSetSize of job (KB)
...
006 (5415472.455.000) 07/17 21:15:42 Image size of job updated: 1639916
	1051  -  MemoryUsage of job (MB)
	1075244  -  ResidentSetSize of job (KB)
...
006 (5415472.455.000) 07/17 21:35:42 Image size of job updated: 1639916
	1051  -  MemoryUsage of job (MB)
	1075252  -  ResidentSetSize of job (KB)
...
006 (5415472.455.000) 07/17 22:00:45 Image size of job updated: 1639916
	1051  -  MemoryUsage of job (MB)
	1075260  -  ResidentSetSize of job (KB)
...
006 (5415472.455.000) 07/17 22:25:47 Image size of job updated: 1639916
	1051  -  MemoryUsage of job (MB)
	1075268  -  ResidentSetSize of job (KB)
...
006 (5415472.455.000) 07/17 22:45:51 Image size of job updated: 1639916
	1051  -  MemoryUsage of job (MB)
	1075276  -  ResidentSetSize of job (KB)
...
006 (5415472.455.000) 07/17 23:10:53 Image size of job updated: 1639916
	1051  -  MemoryUsage of job (MB)
	1075284  -  ResidentSetSize of job (KB)
...
006 (5415472.455.000) 07/17 23:30:56 Image size of job updated: 1639916
	1051  -  MemoryUsage of job (MB)
	1075288  -  ResidentSetSize of job (KB)
...
006 (5415472.455.000) 07/17 23:35:56 Image size of job updated: 1639916
	1051  -  MemoryUsage of job (MB)
	1075292  -  ResidentSetSize of job (KB)
...
006 (5415472.455.000) 07/17 23:55:58 Image size of job updated: 1639916
	1051  -  MemoryUsage of job (MB)
	1075300  -  ResidentSetSize of job (KB)
...
006 (5415472.455.000) 07/18 00:16:02 Image size of job updated: 1639916
	1051  -  MemoryUsage of job (MB)
	1075308  -  ResidentSetSize of job (KB)
...
006 (5415472.455.000) 07/18 00:41:06 Image size of job updated: 1639916
	1051  -  MemoryUsage of job (MB)
	1075316  -  ResidentSetSize of job (KB)
...
006 (5415472.455.000) 07/18 01:06:09 Image size of job updated: 1639916
	1051  -  MemoryUsage of job (MB)
	1075324  -  ResidentSetSize of job (KB)
...
006 (5415472.455.000) 07/18 01:26:10 Image size of job updated: 1639916
	1051  -  MemoryUsage of job (MB)
	1075332  -  ResidentSetSize of job (KB)
...
006 (5415472.455.000) 07/18 01:51:13 Image size of job updated: 1639916
	1051  -  MemoryUsage of job (MB)
	1075340  -  ResidentSetSize of job (KB)
...
006 (5415472.455.000) 07/18 02:16:16 Image size of job updated: 1639916
	1051  -  MemoryUsage of job (MB)
	1075348  -  ResidentSetSize of job (KB)
...
006 (5415472.455.000) 07/18 02:36:18 Image size of job updated: 1639916
	1051  -  MemoryUsage of job (MB)
	1075356  -  ResidentSetSize of job (KB)
...
006 (5415472.455.000) 07/18 03:01:21 Image size of job updated: 1639916
	1051  -  MemoryUsage of job (MB)
	1075364  -  ResidentSetSize of job (KB)
...
006 (5415472.455.000) 07/18 03:20:22 Image size of job updated: 1685940
	1051  -  MemoryUsage of job (MB)
	1075364  -  ResidentSetSize of job (KB)
...
040 (5415472.455.000) 07/18 03:20:22 Started transferring output files
...
040 (5415472.455.000) 07/18 03:20:24 Finished transferring output files
...
005 (5415472.455.000) 07/18 03:20:24 Job terminated.
	(1) Normal termination (return value 0)
		Usr 18 01:49:37, Sys 0 00:31:45  -  Run Remote Usage
		Usr 0 00:00:00, Sys 0 00:00:00  -  Run Local Usage
		Usr 18 01:49:37, Sys 0 00:31:45  -  Total Remote Usage
		Usr 0 00:00:00, Sys 0 00:00:00  -  Total Local Usage
	37161064  -  Run Bytes Sent By Job
	803  -  Run Bytes Received By Job
	37161064  -  Total Bytes Sent By Job
	803  -  Total Bytes Received By Job
	Partitionable Resources :    Usage  Request Allocated 
	   Cpus                 :     3.12        4         4 
	   Disk (KB)            : 36316    10485760  11324436 
	   Memory (MB)          :  1051        8000      8000 

	Job terminated of its own accord at 2021-07-18T01:20:22Z.
...
