000 (5415472.053.000) 07/11 14:02:29 Job submitted from host: <137.138.156.150:9618?addrs=137.138.156.150-9618+[2001-1458-d00-14--9a]-9618&alias=bigbird13.cern.ch&noUDP&sock=schedd_1788_ff6c>
...
040 (5415472.053.000) 07/11 14:03:34 Started transferring input files
	Transferring to host: <128.142.56.161:9618?addrs=128.142.56.161-9618+[2001-1458-301-6--100-a0]-9618&alias=b7s01p2847.cern.ch&noUDP&sock=slot1_14_52803_3d7c_7003>
...
040 (5415472.053.000) 07/11 14:03:34 Finished transferring input files
...
001 (5415472.053.000) 07/11 14:03:35 Job executing on host: <128.142.56.161:9618?addrs=128.142.56.161-9618+[2001-1458-301-6--100-a0]-9618&alias=b7s01p2847.cern.ch&noUDP&sock=startd_49710_80f7>
...
006 (5415472.053.000) 07/11 14:03:43 Image size of job updated: 531384
	43  -  MemoryUsage of job (MB)
	43816  -  ResidentSetSize of job (KB)
...
006 (5415472.053.000) 07/11 14:08:44 Image size of job updated: 1591056
	1004  -  MemoryUsage of job (MB)
	1027492  -  ResidentSetSize of job (KB)
...
006 (5415472.053.000) 07/12 23:37:08 Image size of job updated: 1592040
	1005  -  MemoryUsage of job (MB)
	1028400  -  ResidentSetSize of job (KB)
...
006 (5415472.053.000) 07/13 00:12:12 Image size of job updated: 1592040
	1006  -  MemoryUsage of job (MB)
	1029304  -  ResidentSetSize of job (KB)
...
006 (5415472.053.000) 07/13 00:17:13 Image size of job updated: 1592944
	1006  -  MemoryUsage of job (MB)
	1029304  -  ResidentSetSize of job (KB)
...
006 (5415472.053.000) 07/13 00:52:15 Image size of job updated: 1593852
	1007  -  MemoryUsage of job (MB)
	1030212  -  ResidentSetSize of job (KB)
...
006 (5415472.053.000) 07/13 01:27:16 Image size of job updated: 1594756
	1007  -  MemoryUsage of job (MB)
	1031116  -  ResidentSetSize of job (KB)
...
006 (5415472.053.000) 07/13 02:07:20 Image size of job updated: 1595660
	1008  -  MemoryUsage of job (MB)
	1032020  -  ResidentSetSize of job (KB)
...
006 (5415472.053.000) 07/13 02:47:26 Image size of job updated: 1596568
	1009  -  MemoryUsage of job (MB)
	1032928  -  ResidentSetSize of job (KB)
...
006 (5415472.053.000) 07/13 03:32:32 Image size of job updated: 1597472
	1010  -  MemoryUsage of job (MB)
	1033832  -  ResidentSetSize of job (KB)
...
006 (5415472.053.000) 07/13 04:12:38 Image size of job updated: 1598380
	1011  -  MemoryUsage of job (MB)
	1034740  -  ResidentSetSize of job (KB)
...
006 (5415472.053.000) 07/13 04:52:40 Image size of job updated: 1599284
	1012  -  MemoryUsage of job (MB)
	1035644  -  ResidentSetSize of job (KB)
...
006 (5415472.053.000) 07/13 05:27:43 Image size of job updated: 1600188
	1013  -  MemoryUsage of job (MB)
	1036548  -  ResidentSetSize of job (KB)
...
006 (5415472.053.000) 07/13 06:07:47 Image size of job updated: 1601096
	1014  -  MemoryUsage of job (MB)
	1037456  -  ResidentSetSize of job (KB)
...
006 (5415472.053.000) 07/13 06:47:49 Image size of job updated: 1602000
	1015  -  MemoryUsage of job (MB)
	1038360  -  ResidentSetSize of job (KB)
...
006 (5415472.053.000) 07/13 07:32:51 Image size of job updated: 1602908
	1015  -  MemoryUsage of job (MB)
	1039268  -  ResidentSetSize of job (KB)
...
006 (5415472.053.000) 07/13 08:17:56 Image size of job updated: 1603812
	1016  -  MemoryUsage of job (MB)
	1040172  -  ResidentSetSize of job (KB)
...
006 (5415472.053.000) 07/13 09:08:00 Image size of job updated: 1604716
	1017  -  MemoryUsage of job (MB)
	1041076  -  ResidentSetSize of job (KB)
...
006 (5415472.053.000) 07/13 09:48:06 Image size of job updated: 1609248
	1022  -  MemoryUsage of job (MB)
	1045608  -  ResidentSetSize of job (KB)
...
006 (5415472.053.000) 07/13 13:52:15 Image size of job updated: 1612320
	1023  -  MemoryUsage of job (MB)
	1047156  -  ResidentSetSize of job (KB)
...
006 (5415472.053.000) 07/13 14:12:18 Image size of job updated: 1612320
	1023  -  MemoryUsage of job (MB)
	1047168  -  ResidentSetSize of job (KB)
...
006 (5415472.053.000) 07/13 14:32:20 Image size of job updated: 1612320
	1023  -  MemoryUsage of job (MB)
	1047180  -  ResidentSetSize of job (KB)
...
006 (5415472.053.000) 07/13 14:47:21 Image size of job updated: 1612320
	1023  -  MemoryUsage of job (MB)
	1047192  -  ResidentSetSize of job (KB)
...
006 (5415472.053.000) 07/13 15:07:23 Image size of job updated: 1612320
	1023  -  MemoryUsage of job (MB)
	1047204  -  ResidentSetSize of job (KB)
...
006 (5415472.053.000) 07/13 15:27:26 Image size of job updated: 1612320
	1023  -  MemoryUsage of job (MB)
	1047216  -  ResidentSetSize of job (KB)
...
006 (5415472.053.000) 07/13 15:47:29 Image size of job updated: 1612320
	1023  -  MemoryUsage of job (MB)
	1047228  -  ResidentSetSize of job (KB)
...
006 (5415472.053.000) 07/13 16:07:31 Image size of job updated: 1612320
	1023  -  MemoryUsage of job (MB)
	1047240  -  ResidentSetSize of job (KB)
...
006 (5415472.053.000) 07/13 16:27:35 Image size of job updated: 1612320
	1023  -  MemoryUsage of job (MB)
	1047252  -  ResidentSetSize of job (KB)
...
006 (5415472.053.000) 07/13 16:52:38 Image size of job updated: 1612320
	1023  -  MemoryUsage of job (MB)
	1047264  -  ResidentSetSize of job (KB)
...
006 (5415472.053.000) 07/13 17:12:38 Image size of job updated: 1612320
	1023  -  MemoryUsage of job (MB)
	1047276  -  ResidentSetSize of job (KB)
...
006 (5415472.053.000) 07/13 17:32:48 Image size of job updated: 1612320
	1023  -  MemoryUsage of job (MB)
	1047288  -  ResidentSetSize of job (KB)
...
006 (5415472.053.000) 07/13 17:52:50 Image size of job updated: 1612320
	1023  -  MemoryUsage of job (MB)
	1047300  -  ResidentSetSize of job (KB)
...
006 (5415472.053.000) 07/13 18:17:52 Image size of job updated: 1612320
	1023  -  MemoryUsage of job (MB)
	1047312  -  ResidentSetSize of job (KB)
...
006 (5415472.053.000) 07/13 18:37:53 Image size of job updated: 1612320
	1023  -  MemoryUsage of job (MB)
	1047324  -  ResidentSetSize of job (KB)
...
006 (5415472.053.000) 07/13 18:57:55 Image size of job updated: 1612320
	1023  -  MemoryUsage of job (MB)
	1047336  -  ResidentSetSize of job (KB)
...
006 (5415472.053.000) 07/13 19:17:58 Image size of job updated: 1612320
	1023  -  MemoryUsage of job (MB)
	1047348  -  ResidentSetSize of job (KB)
...
006 (5415472.053.000) 07/13 19:32:59 Image size of job updated: 1612320
	1023  -  MemoryUsage of job (MB)
	1047360  -  ResidentSetSize of job (KB)
...
006 (5415472.053.000) 07/13 19:53:02 Image size of job updated: 1612320
	1023  -  MemoryUsage of job (MB)
	1047372  -  ResidentSetSize of job (KB)
...
006 (5415472.053.000) 07/13 20:13:03 Image size of job updated: 1612320
	1023  -  MemoryUsage of job (MB)
	1047384  -  ResidentSetSize of job (KB)
...
006 (5415472.053.000) 07/13 20:33:05 Image size of job updated: 1612320
	1023  -  MemoryUsage of job (MB)
	1047396  -  ResidentSetSize of job (KB)
...
006 (5415472.053.000) 07/13 20:53:08 Image size of job updated: 1612320
	1023  -  MemoryUsage of job (MB)
	1047408  -  ResidentSetSize of job (KB)
...
006 (5415472.053.000) 07/13 21:13:09 Image size of job updated: 1612320
	1023  -  MemoryUsage of job (MB)
	1047420  -  ResidentSetSize of job (KB)
...
006 (5415472.053.000) 07/13 21:33:11 Image size of job updated: 1612320
	1023  -  MemoryUsage of job (MB)
	1047432  -  ResidentSetSize of job (KB)
...
006 (5415472.053.000) 07/13 21:53:12 Image size of job updated: 1612320
	1023  -  MemoryUsage of job (MB)
	1047444  -  ResidentSetSize of job (KB)
...
006 (5415472.053.000) 07/13 22:13:14 Image size of job updated: 1612320
	1023  -  MemoryUsage of job (MB)
	1047456  -  ResidentSetSize of job (KB)
...
006 (5415472.053.000) 07/13 22:33:16 Image size of job updated: 1612320
	1023  -  MemoryUsage of job (MB)
	1047468  -  ResidentSetSize of job (KB)
...
006 (5415472.053.000) 07/13 22:53:16 Image size of job updated: 1612320
	1023  -  MemoryUsage of job (MB)
	1047480  -  ResidentSetSize of job (KB)
...
006 (5415472.053.000) 07/13 23:13:18 Image size of job updated: 1612320
	1023  -  MemoryUsage of job (MB)
	1047492  -  ResidentSetSize of job (KB)
...
006 (5415472.053.000) 07/13 23:33:21 Image size of job updated: 1612320
	1023  -  MemoryUsage of job (MB)
	1047504  -  ResidentSetSize of job (KB)
...
006 (5415472.053.000) 07/13 23:53:25 Image size of job updated: 1612320
	1023  -  MemoryUsage of job (MB)
	1047516  -  ResidentSetSize of job (KB)
...
006 (5415472.053.000) 07/14 00:18:28 Image size of job updated: 1612320
	1023  -  MemoryUsage of job (MB)
	1047528  -  ResidentSetSize of job (KB)
...
006 (5415472.053.000) 07/14 00:48:31 Image size of job updated: 1612320
	1023  -  MemoryUsage of job (MB)
	1047540  -  ResidentSetSize of job (KB)
...
006 (5415472.053.000) 07/14 01:18:35 Image size of job updated: 1612320
	1023  -  MemoryUsage of job (MB)
	1047552  -  ResidentSetSize of job (KB)
...
006 (5415472.053.000) 07/14 01:38:38 Image size of job updated: 1612320
	1024  -  MemoryUsage of job (MB)
	1047564  -  ResidentSetSize of job (KB)
...
006 (5415472.053.000) 07/14 01:58:39 Image size of job updated: 1612320
	1024  -  MemoryUsage of job (MB)
	1047576  -  ResidentSetSize of job (KB)
...
006 (5415472.053.000) 07/14 02:18:41 Image size of job updated: 1612320
	1024  -  MemoryUsage of job (MB)
	1047588  -  ResidentSetSize of job (KB)
...
006 (5415472.053.000) 07/14 02:43:45 Image size of job updated: 1612320
	1024  -  MemoryUsage of job (MB)
	1047600  -  ResidentSetSize of job (KB)
...
006 (5415472.053.000) 07/14 03:03:47 Image size of job updated: 1612320
	1024  -  MemoryUsage of job (MB)
	1047612  -  ResidentSetSize of job (KB)
...
006 (5415472.053.000) 07/14 03:23:49 Image size of job updated: 1612320
	1024  -  MemoryUsage of job (MB)
	1047624  -  ResidentSetSize of job (KB)
...
006 (5415472.053.000) 07/14 03:43:50 Image size of job updated: 1612320
	1024  -  MemoryUsage of job (MB)
	1047628  -  ResidentSetSize of job (KB)
...
006 (5415472.053.000) 07/14 03:48:51 Image size of job updated: 1612320
	1024  -  MemoryUsage of job (MB)
	1047636  -  ResidentSetSize of job (KB)
...
006 (5415472.053.000) 07/14 04:08:53 Image size of job updated: 1612320
	1024  -  MemoryUsage of job (MB)
	1047648  -  ResidentSetSize of job (KB)
...
006 (5415472.053.000) 07/14 04:33:56 Image size of job updated: 1612320
	1024  -  MemoryUsage of job (MB)
	1047660  -  ResidentSetSize of job (KB)
...
006 (5415472.053.000) 07/14 04:53:59 Image size of job updated: 1612320
	1024  -  MemoryUsage of job (MB)
	1047672  -  ResidentSetSize of job (KB)
...
006 (5415472.053.000) 07/14 05:19:02 Image size of job updated: 1612320
	1024  -  MemoryUsage of job (MB)
	1047684  -  ResidentSetSize of job (KB)
...
006 (5415472.053.000) 07/14 05:44:04 Image size of job updated: 1612320
	1024  -  MemoryUsage of job (MB)
	1047696  -  ResidentSetSize of job (KB)
...
006 (5415472.053.000) 07/14 06:04:06 Image size of job updated: 1612320
	1024  -  MemoryUsage of job (MB)
	1047708  -  ResidentSetSize of job (KB)
...
006 (5415472.053.000) 07/14 06:29:09 Image size of job updated: 1612320
	1024  -  MemoryUsage of job (MB)
	1047720  -  ResidentSetSize of job (KB)
...
006 (5415472.053.000) 07/14 06:49:11 Image size of job updated: 1612320
	1024  -  MemoryUsage of job (MB)
	1047728  -  ResidentSetSize of job (KB)
...
006 (5415472.053.000) 07/14 06:54:11 Image size of job updated: 1612320
	1024  -  MemoryUsage of job (MB)
	1047732  -  ResidentSetSize of job (KB)
...
006 (5415472.053.000) 07/14 07:14:14 Image size of job updated: 1612320
	1024  -  MemoryUsage of job (MB)
	1047744  -  ResidentSetSize of job (KB)
...
006 (5415472.053.000) 07/14 07:39:16 Image size of job updated: 1612320
	1024  -  MemoryUsage of job (MB)
	1047756  -  ResidentSetSize of job (KB)
...
006 (5415472.053.000) 07/14 07:59:18 Image size of job updated: 1612320
	1024  -  MemoryUsage of job (MB)
	1047768  -  ResidentSetSize of job (KB)
...
006 (5415472.053.000) 07/14 08:24:22 Image size of job updated: 1612320
	1024  -  MemoryUsage of job (MB)
	1047780  -  ResidentSetSize of job (KB)
...
006 (5415472.053.000) 07/14 08:49:24 Image size of job updated: 1612320
	1024  -  MemoryUsage of job (MB)
	1047792  -  ResidentSetSize of job (KB)
...
006 (5415472.053.000) 07/14 09:09:25 Image size of job updated: 1612320
	1024  -  MemoryUsage of job (MB)
	1047804  -  ResidentSetSize of job (KB)
...
006 (5415472.053.000) 07/14 09:29:27 Image size of job updated: 1612320
	1024  -  MemoryUsage of job (MB)
	1047816  -  ResidentSetSize of job (KB)
...
006 (5415472.053.000) 07/14 09:49:30 Image size of job updated: 1612320
	1024  -  MemoryUsage of job (MB)
	1047828  -  ResidentSetSize of job (KB)
...
006 (5415472.053.000) 07/14 10:09:33 Image size of job updated: 1612320
	1024  -  MemoryUsage of job (MB)
	1047840  -  ResidentSetSize of job (KB)
...
006 (5415472.053.000) 07/14 10:29:35 Image size of job updated: 1612320
	1024  -  MemoryUsage of job (MB)
	1047852  -  ResidentSetSize of job (KB)
...
006 (5415472.053.000) 07/14 10:49:38 Image size of job updated: 1612320
	1024  -  MemoryUsage of job (MB)
	1047864  -  ResidentSetSize of job (KB)
...
006 (5415472.053.000) 07/14 11:09:40 Image size of job updated: 1612320
	1024  -  MemoryUsage of job (MB)
	1047876  -  ResidentSetSize of job (KB)
...
006 (5415472.053.000) 07/14 11:34:43 Image size of job updated: 1612320
	1024  -  MemoryUsage of job (MB)
	1047888  -  ResidentSetSize of job (KB)
...
006 (5415472.053.000) 07/14 11:49:45 Image size of job updated: 1612320
	1024  -  MemoryUsage of job (MB)
	1047900  -  ResidentSetSize of job (KB)
...
006 (5415472.053.000) 07/14 12:09:47 Image size of job updated: 1612320
	1024  -  MemoryUsage of job (MB)
	1047912  -  ResidentSetSize of job (KB)
...
006 (5415472.053.000) 07/14 12:29:50 Image size of job updated: 1612320
	1024  -  MemoryUsage of job (MB)
	1047924  -  ResidentSetSize of job (KB)
...
006 (5415472.053.000) 07/14 12:44:50 Image size of job updated: 1612320
	1024  -  MemoryUsage of job (MB)
	1047936  -  ResidentSetSize of job (KB)
...
006 (5415472.053.000) 07/14 13:04:53 Image size of job updated: 1612320
	1024  -  MemoryUsage of job (MB)
	1047948  -  ResidentSetSize of job (KB)
...
006 (5415472.053.000) 07/14 13:24:55 Image size of job updated: 1612320
	1024  -  MemoryUsage of job (MB)
	1047960  -  ResidentSetSize of job (KB)
...
006 (5415472.053.000) 07/14 13:44:58 Image size of job updated: 1612320
	1024  -  MemoryUsage of job (MB)
	1047972  -  ResidentSetSize of job (KB)
...
006 (5415472.053.000) 07/14 13:59:59 Image size of job updated: 1612320
	1024  -  MemoryUsage of job (MB)
	1047984  -  ResidentSetSize of job (KB)
...
006 (5415472.053.000) 07/14 14:19:59 Image size of job updated: 1612320
	1024  -  MemoryUsage of job (MB)
	1047996  -  ResidentSetSize of job (KB)
...
006 (5415472.053.000) 07/14 14:40:00 Image size of job updated: 1612320
	1024  -  MemoryUsage of job (MB)
	1048008  -  ResidentSetSize of job (KB)
...
006 (5415472.053.000) 07/14 15:00:00 Image size of job updated: 1612320
	1024  -  MemoryUsage of job (MB)
	1048020  -  ResidentSetSize of job (KB)
...
006 (5415472.053.000) 07/14 15:20:03 Image size of job updated: 1612320
	1024  -  MemoryUsage of job (MB)
	1048032  -  ResidentSetSize of job (KB)
...
006 (5415472.053.000) 07/14 15:40:05 Image size of job updated: 1612320
	1024  -  MemoryUsage of job (MB)
	1048044  -  ResidentSetSize of job (KB)
...
006 (5415472.053.000) 07/14 15:55:06 Image size of job updated: 1612320
	1024  -  MemoryUsage of job (MB)
	1048056  -  ResidentSetSize of job (KB)
...
006 (5415472.053.000) 07/14 16:15:08 Image size of job updated: 1612320
	1024  -  MemoryUsage of job (MB)
	1048068  -  ResidentSetSize of job (KB)
...
006 (5415472.053.000) 07/14 16:35:10 Image size of job updated: 1612320
	1024  -  MemoryUsage of job (MB)
	1048080  -  ResidentSetSize of job (KB)
...
006 (5415472.053.000) 07/14 17:00:12 Image size of job updated: 1612320
	1024  -  MemoryUsage of job (MB)
	1048092  -  ResidentSetSize of job (KB)
...
006 (5415472.053.000) 07/14 17:20:15 Image size of job updated: 1612320
	1024  -  MemoryUsage of job (MB)
	1048104  -  ResidentSetSize of job (KB)
...
006 (5415472.053.000) 07/14 17:40:15 Image size of job updated: 1612320
	1024  -  MemoryUsage of job (MB)
	1048116  -  ResidentSetSize of job (KB)
...
006 (5415472.053.000) 07/14 18:05:18 Image size of job updated: 1612320
	1024  -  MemoryUsage of job (MB)
	1048128  -  ResidentSetSize of job (KB)
...
006 (5415472.053.000) 07/14 18:25:21 Image size of job updated: 1612320
	1024  -  MemoryUsage of job (MB)
	1048140  -  ResidentSetSize of job (KB)
...
006 (5415472.053.000) 07/14 18:50:23 Image size of job updated: 1612320
	1024  -  MemoryUsage of job (MB)
	1048152  -  ResidentSetSize of job (KB)
...
006 (5415472.053.000) 07/14 19:15:26 Image size of job updated: 1612320
	1024  -  MemoryUsage of job (MB)
	1048164  -  ResidentSetSize of job (KB)
...
006 (5415472.053.000) 07/14 19:40:30 Image size of job updated: 1612320
	1024  -  MemoryUsage of job (MB)
	1048176  -  ResidentSetSize of job (KB)
...
006 (5415472.053.000) 07/14 20:00:31 Image size of job updated: 1612320
	1024  -  MemoryUsage of job (MB)
	1048188  -  ResidentSetSize of job (KB)
...
006 (5415472.053.000) 07/14 20:25:34 Image size of job updated: 1612320
	1024  -  MemoryUsage of job (MB)
	1048200  -  ResidentSetSize of job (KB)
...
006 (5415472.053.000) 07/14 20:50:37 Image size of job updated: 1612320
	1024  -  MemoryUsage of job (MB)
	1048212  -  ResidentSetSize of job (KB)
...
007 (5415472.053.000) 07/14 21:05:39 Shadow exception!
	Assertion ERROR on (result)
	0  -  Run Bytes Sent By Job
	803  -  Run Bytes Received By Job
...
040 (5415472.053.000) 07/14 21:21:23 Started transferring input files
	Transferring to host: <128.142.73.132:9618?addrs=128.142.73.132-9618+[2001-1458-301-75--100-24c]-9618&alias=b7s11n5096.cern.ch&noUDP&sock=slot1_1_5281_b130_63705>
...
040 (5415472.053.000) 07/14 21:21:24 Finished transferring input files
...
001 (5415472.053.000) 07/14 21:21:25 Job executing on host: <128.142.73.132:9618?addrs=128.142.73.132-9618+[2001-1458-301-75--100-24c]-9618&alias=b7s11n5096.cern.ch&noUDP&sock=startd_4180_b5f6>
...
040 (5415472.053.000) 07/18 14:22:23 Started transferring output files
...
040 (5415472.053.000) 07/18 14:22:23 Finished transferring output files
...
004 (5415472.053.000) 07/18 14:22:23 Job was evicted.
	(0) CPU times
		Usr 10 16:18:22, Sys 0 00:02:35  -  Run Remote Usage
		Usr 0 00:00:00, Sys 0 00:00:00  -  Run Local Usage
	96422  -  Run Bytes Sent By Job
	803  -  Run Bytes Received By Job
	Partitionable Resources :    Usage  Request Allocated 
	   Cpus                 :     2.60        4         4 
	   Disk (KB)            :   122    10485760  10793265 
	   Memory (MB)          :  1221        8000      8000 
...
040 (5415472.053.000) 07/18 21:45:40 Started transferring input files
	Transferring to host: <188.184.192.213:9618?addrs=188.184.192.213-9618+[2001-1458-301-83--100-c5]-9618&alias=b7g44n0205.cern.ch&noUDP&sock=slot1_1_3081_97d6_23545>
...
