000 (5415472.370.000) 07/11 14:02:29 Job submitted from host: <137.138.156.150:9618?addrs=137.138.156.150-9618+[2001-1458-d00-14--9a]-9618&alias=bigbird13.cern.ch&noUDP&sock=schedd_1788_ff6c>
...
040 (5415472.370.000) 07/11 16:03:47 Started transferring input files
	Transferring to host: <128.142.75.53:9618?addrs=128.142.75.53-9618+[2001-1458-301-75--100-b9]-9618&alias=b7s11n0645.cern.ch&noUDP&sock=slot1_3_28050_832e_134608>
...
040 (5415472.370.000) 07/11 16:03:47 Finished transferring input files
...
001 (5415472.370.000) 07/11 16:03:48 Job executing on host: <128.142.75.53:9618?addrs=128.142.75.53-9618+[2001-1458-301-75--100-b9]-9618&alias=b7s11n0645.cern.ch&noUDP&sock=startd_15857_295b>
...
006 (5415472.370.000) 07/11 16:03:57 Image size of job updated: 133096
	22  -  MemoryUsage of job (MB)
	22484  -  ResidentSetSize of job (KB)
...
006 (5415472.370.000) 07/11 16:08:57 Image size of job updated: 1591056
	1004  -  MemoryUsage of job (MB)
	1027504  -  ResidentSetSize of job (KB)
...
022 (5415472.370.000) 07/13 11:28:52 Job disconnected, attempting to reconnect
    Socket between submit and execute hosts closed unexpectedly
    Trying to reconnect to slot1_3@b7s11n0645.cern.ch <128.142.75.53:9618?addrs=128.142.75.53-9618+[2001-1458-301-75--100-b9]-9618&alias=b7s11n0645.cern.ch&noUDP&sock=startd_15857_295b>
...
023 (5415472.370.000) 07/13 11:28:52 Job reconnected to slot1_3@b7s11n0645.cern.ch
    startd address: <128.142.75.53:9618?addrs=128.142.75.53-9618+[2001-1458-301-75--100-b9]-9618&alias=b7s11n0645.cern.ch&noUDP&sock=startd_15857_295b>
    starter address: <128.142.75.53:9618?addrs=128.142.75.53-9618+[2001-1458-301-75--100-b9]-9618&alias=b7s11n0645.cern.ch&noUDP&sock=slot1_3_28050_832e_134608>
...
006 (5415472.370.000) 07/13 22:33:40 Image size of job updated: 1592036
	1005  -  MemoryUsage of job (MB)
	1028136  -  ResidentSetSize of job (KB)
...
006 (5415472.370.000) 07/13 23:28:45 Image size of job updated: 1592944
	1005  -  MemoryUsage of job (MB)
	1029044  -  ResidentSetSize of job (KB)
...
006 (5415472.370.000) 07/14 00:38:53 Image size of job updated: 1593848
	1006  -  MemoryUsage of job (MB)
	1029948  -  ResidentSetSize of job (KB)
...
006 (5415472.370.000) 07/14 01:49:00 Image size of job updated: 1594752
	1007  -  MemoryUsage of job (MB)
	1030852  -  ResidentSetSize of job (KB)
...
006 (5415472.370.000) 07/14 02:59:09 Image size of job updated: 1595660
	1008  -  MemoryUsage of job (MB)
	1031732  -  ResidentSetSize of job (KB)
...
006 (5415472.370.000) 07/14 04:09:19 Image size of job updated: 1596564
	1009  -  MemoryUsage of job (MB)
	1032512  -  ResidentSetSize of job (KB)
...
006 (5415472.370.000) 07/14 05:14:26 Image size of job updated: 1597472
	1010  -  MemoryUsage of job (MB)
	1033420  -  ResidentSetSize of job (KB)
...
006 (5415472.370.000) 07/14 06:19:33 Image size of job updated: 1598376
	1011  -  MemoryUsage of job (MB)
	1034324  -  ResidentSetSize of job (KB)
...
006 (5415472.370.000) 07/14 07:24:38 Image size of job updated: 1599280
	1011  -  MemoryUsage of job (MB)
	1035228  -  ResidentSetSize of job (KB)
...
006 (5415472.370.000) 07/14 08:29:43 Image size of job updated: 1600188
	1012  -  MemoryUsage of job (MB)
	1036136  -  ResidentSetSize of job (KB)
...
006 (5415472.370.000) 07/14 09:34:53 Image size of job updated: 1601092
	1013  -  MemoryUsage of job (MB)
	1037040  -  ResidentSetSize of job (KB)
...
006 (5415472.370.000) 07/14 10:34:57 Image size of job updated: 1602000
	1014  -  MemoryUsage of job (MB)
	1037948  -  ResidentSetSize of job (KB)
...
006 (5415472.370.000) 07/14 11:35:04 Image size of job updated: 1602904
	1015  -  MemoryUsage of job (MB)
	1038852  -  ResidentSetSize of job (KB)
...
006 (5415472.370.000) 07/14 12:40:11 Image size of job updated: 1603812
	1016  -  MemoryUsage of job (MB)
	1039760  -  ResidentSetSize of job (KB)
...
006 (5415472.370.000) 07/14 13:45:17 Image size of job updated: 1604716
	1017  -  MemoryUsage of job (MB)
	1040664  -  ResidentSetSize of job (KB)
...
006 (5415472.370.000) 07/14 14:45:23 Image size of job updated: 1605620
	1018  -  MemoryUsage of job (MB)
	1041568  -  ResidentSetSize of job (KB)
...
006 (5415472.370.000) 07/14 15:50:30 Image size of job updated: 1610148
	1022  -  MemoryUsage of job (MB)
	1046096  -  ResidentSetSize of job (KB)
...
006 (5415472.370.000) 07/14 19:40:53 Image size of job updated: 1613220
	1024  -  MemoryUsage of job (MB)
	1047644  -  ResidentSetSize of job (KB)
...
006 (5415472.370.000) 07/14 19:45:54 Image size of job updated: 1613220
	1024  -  MemoryUsage of job (MB)
	1047656  -  ResidentSetSize of job (KB)
...
006 (5415472.370.000) 07/14 20:10:56 Image size of job updated: 1613220
	1024  -  MemoryUsage of job (MB)
	1047668  -  ResidentSetSize of job (KB)
...
006 (5415472.370.000) 07/14 20:46:00 Image size of job updated: 1613220
	1024  -  MemoryUsage of job (MB)
	1047672  -  ResidentSetSize of job (KB)
...
006 (5415472.370.000) 07/15 02:23:26 Image size of job updated: 1613220
	1024  -  MemoryUsage of job (MB)
	1047684  -  ResidentSetSize of job (KB)
...
006 (5415472.370.000) 07/15 02:58:29 Image size of job updated: 1613220
	1024  -  MemoryUsage of job (MB)
	1047696  -  ResidentSetSize of job (KB)
...
006 (5415472.370.000) 07/15 03:38:34 Image size of job updated: 1613220
	1024  -  MemoryUsage of job (MB)
	1047708  -  ResidentSetSize of job (KB)
...
006 (5415472.370.000) 07/15 05:38:45 Image size of job updated: 1613220
	1024  -  MemoryUsage of job (MB)
	1047716  -  ResidentSetSize of job (KB)
...
006 (5415472.370.000) 07/15 06:18:49 Image size of job updated: 1613220
	1024  -  MemoryUsage of job (MB)
	1047728  -  ResidentSetSize of job (KB)
...
006 (5415472.370.000) 07/15 06:58:54 Image size of job updated: 1613220
	1024  -  MemoryUsage of job (MB)
	1047740  -  ResidentSetSize of job (KB)
...
006 (5415472.370.000) 07/15 07:43:59 Image size of job updated: 1613220
	1024  -  MemoryUsage of job (MB)
	1047752  -  ResidentSetSize of job (KB)
...
006 (5415472.370.000) 07/15 08:24:05 Image size of job updated: 1613220
	1024  -  MemoryUsage of job (MB)
	1047764  -  ResidentSetSize of job (KB)
...
006 (5415472.370.000) 07/15 09:04:10 Image size of job updated: 1613220
	1024  -  MemoryUsage of job (MB)
	1047776  -  ResidentSetSize of job (KB)
...
006 (5415472.370.000) 07/15 09:44:14 Image size of job updated: 1613220
	1024  -  MemoryUsage of job (MB)
	1047788  -  ResidentSetSize of job (KB)
...
006 (5415472.370.000) 07/15 11:04:22 Image size of job updated: 1613220
	1024  -  MemoryUsage of job (MB)
	1047800  -  ResidentSetSize of job (KB)
...
006 (5415472.370.000) 07/15 11:39:25 Image size of job updated: 1613220
	1024  -  MemoryUsage of job (MB)
	1047804  -  ResidentSetSize of job (KB)
...
006 (5415472.370.000) 07/15 11:44:25 Image size of job updated: 1613220
	1024  -  MemoryUsage of job (MB)
	1047812  -  ResidentSetSize of job (KB)
...
006 (5415472.370.000) 07/15 12:14:28 Image size of job updated: 1613220
	1024  -  MemoryUsage of job (MB)
	1047816  -  ResidentSetSize of job (KB)
...
006 (5415472.370.000) 07/15 12:19:28 Image size of job updated: 1613220
	1024  -  MemoryUsage of job (MB)
	1047824  -  ResidentSetSize of job (KB)
...
006 (5415472.370.000) 07/15 16:41:15 Image size of job updated: 1613220
	1024  -  MemoryUsage of job (MB)
	1047832  -  ResidentSetSize of job (KB)
...
006 (5415472.370.000) 07/15 17:21:20 Image size of job updated: 1613220
	1024  -  MemoryUsage of job (MB)
	1047844  -  ResidentSetSize of job (KB)
...
006 (5415472.370.000) 07/15 18:01:24 Image size of job updated: 1613220
	1024  -  MemoryUsage of job (MB)
	1047856  -  ResidentSetSize of job (KB)
...
006 (5415472.370.000) 07/15 18:41:29 Image size of job updated: 1613220
	1024  -  MemoryUsage of job (MB)
	1047868  -  ResidentSetSize of job (KB)
...
006 (5415472.370.000) 07/15 19:21:54 Image size of job updated: 1613220
	1024  -  MemoryUsage of job (MB)
	1047880  -  ResidentSetSize of job (KB)
...
006 (5415472.370.000) 07/15 19:56:59 Image size of job updated: 1613220
	1024  -  MemoryUsage of job (MB)
	1047888  -  ResidentSetSize of job (KB)
...
006 (5415472.370.000) 07/15 20:02:00 Image size of job updated: 1613220
	1024  -  MemoryUsage of job (MB)
	1047892  -  ResidentSetSize of job (KB)
...
006 (5415472.370.000) 07/15 20:37:02 Image size of job updated: 1613220
	1024  -  MemoryUsage of job (MB)
	1047904  -  ResidentSetSize of job (KB)
...
006 (5415472.370.000) 07/15 21:17:05 Image size of job updated: 1613220
	1024  -  MemoryUsage of job (MB)
	1047916  -  ResidentSetSize of job (KB)
...
006 (5415472.370.000) 07/15 21:52:09 Image size of job updated: 1613220
	1024  -  MemoryUsage of job (MB)
	1047928  -  ResidentSetSize of job (KB)
...
006 (5415472.370.000) 07/15 22:27:14 Image size of job updated: 1613220
	1024  -  MemoryUsage of job (MB)
	1047940  -  ResidentSetSize of job (KB)
...
006 (5415472.370.000) 07/15 23:02:18 Image size of job updated: 1613220
	1024  -  MemoryUsage of job (MB)
	1047952  -  ResidentSetSize of job (KB)
...
006 (5415472.370.000) 07/15 23:37:22 Image size of job updated: 1613220
	1024  -  MemoryUsage of job (MB)
	1047964  -  ResidentSetSize of job (KB)
...
006 (5415472.370.000) 07/16 00:12:27 Image size of job updated: 1613220
	1024  -  MemoryUsage of job (MB)
	1047972  -  ResidentSetSize of job (KB)
...
006 (5415472.370.000) 07/16 00:17:28 Image size of job updated: 1613220
	1024  -  MemoryUsage of job (MB)
	1047976  -  ResidentSetSize of job (KB)
...
006 (5415472.370.000) 07/16 00:52:32 Image size of job updated: 1613220
	1024  -  MemoryUsage of job (MB)
	1047988  -  ResidentSetSize of job (KB)
...
006 (5415472.370.000) 07/16 01:22:35 Image size of job updated: 1613220
	1024  -  MemoryUsage of job (MB)
	1047992  -  ResidentSetSize of job (KB)
...
006 (5415472.370.000) 07/16 01:27:36 Image size of job updated: 1613220
	1024  -  MemoryUsage of job (MB)
	1048000  -  ResidentSetSize of job (KB)
...
006 (5415472.370.000) 07/16 01:57:38 Image size of job updated: 1613220
	1024  -  MemoryUsage of job (MB)
	1048008  -  ResidentSetSize of job (KB)
...
006 (5415472.370.000) 07/16 02:02:38 Image size of job updated: 1613220
	1024  -  MemoryUsage of job (MB)
	1048012  -  ResidentSetSize of job (KB)
...
006 (5415472.370.000) 07/16 02:32:42 Image size of job updated: 1613220
	1024  -  MemoryUsage of job (MB)
	1048024  -  ResidentSetSize of job (KB)
...
006 (5415472.370.000) 07/16 03:07:46 Image size of job updated: 1613220
	1024  -  MemoryUsage of job (MB)
	1048036  -  ResidentSetSize of job (KB)
...
006 (5415472.370.000) 07/16 03:42:51 Image size of job updated: 1613220
	1024  -  MemoryUsage of job (MB)
	1048048  -  ResidentSetSize of job (KB)
...
006 (5415472.370.000) 07/16 04:17:52 Image size of job updated: 1613220
	1024  -  MemoryUsage of job (MB)
	1048060  -  ResidentSetSize of job (KB)
...
006 (5415472.370.000) 07/16 04:47:55 Image size of job updated: 1613220
	1024  -  MemoryUsage of job (MB)
	1048072  -  ResidentSetSize of job (KB)
...
006 (5415472.370.000) 07/16 05:22:59 Image size of job updated: 1613220
	1024  -  MemoryUsage of job (MB)
	1048084  -  ResidentSetSize of job (KB)
...
006 (5415472.370.000) 07/16 05:58:03 Image size of job updated: 1613220
	1024  -  MemoryUsage of job (MB)
	1048096  -  ResidentSetSize of job (KB)
...
006 (5415472.370.000) 07/16 06:28:07 Image size of job updated: 1613220
	1024  -  MemoryUsage of job (MB)
	1048108  -  ResidentSetSize of job (KB)
...
006 (5415472.370.000) 07/16 06:58:11 Image size of job updated: 1613220
	1024  -  MemoryUsage of job (MB)
	1048120  -  ResidentSetSize of job (KB)
...
006 (5415472.370.000) 07/16 07:28:14 Image size of job updated: 1613220
	1024  -  MemoryUsage of job (MB)
	1048132  -  ResidentSetSize of job (KB)
...
006 (5415472.370.000) 07/16 08:03:18 Image size of job updated: 1613220
	1024  -  MemoryUsage of job (MB)
	1048144  -  ResidentSetSize of job (KB)
...
006 (5415472.370.000) 07/16 08:33:21 Image size of job updated: 1613220
	1024  -  MemoryUsage of job (MB)
	1048156  -  ResidentSetSize of job (KB)
...
006 (5415472.370.000) 07/16 08:58:24 Image size of job updated: 1613220
	1024  -  MemoryUsage of job (MB)
	1048168  -  ResidentSetSize of job (KB)
...
006 (5415472.370.000) 07/16 09:28:28 Image size of job updated: 1613220
	1024  -  MemoryUsage of job (MB)
	1048180  -  ResidentSetSize of job (KB)
...
006 (5415472.370.000) 07/16 09:58:31 Image size of job updated: 1613220
	1024  -  MemoryUsage of job (MB)
	1048192  -  ResidentSetSize of job (KB)
...
006 (5415472.370.000) 07/16 10:28:33 Image size of job updated: 1613220
	1024  -  MemoryUsage of job (MB)
	1048204  -  ResidentSetSize of job (KB)
...
040 (5415472.370.000) 07/16 10:38:28 Started transferring output files
...
040 (5415472.370.000) 07/16 10:38:28 Finished transferring output files
...
004 (5415472.370.000) 07/16 10:38:28 Job was evicted.
	(0) CPU times
		Usr 13 16:17:08, Sys 0 00:04:19  -  Run Remote Usage
		Usr 0 00:00:00, Sys 0 00:00:00  -  Run Local Usage
	96197  -  Run Bytes Sent By Job
	803  -  Run Bytes Received By Job
	Partitionable Resources :    Usage  Request Allocated 
	   Cpus                 :     3.01        4         4 
	   Disk (KB)            :   120    10485760  10633383 
	   Memory (MB)          :  1024        8000      8000 
...
