000 (5415472.345.000) 07/11 14:02:29 Job submitted from host: <137.138.156.150:9618?addrs=137.138.156.150-9618+[2001-1458-d00-14--9a]-9618&alias=bigbird13.cern.ch&noUDP&sock=schedd_1788_ff6c>
...
040 (5415472.345.000) 07/11 15:08:18 Started transferring input files
	Transferring to host: <128.142.59.26:9618?addrs=128.142.59.26-9618+[2001-1458-301-21--100-19]-9618&alias=b7s04p9552.cern.ch&noUDP&sock=slot1_1_6915_fe32_2533>
...
040 (5415472.345.000) 07/11 15:08:18 Finished transferring input files
...
001 (5415472.345.000) 07/11 15:08:19 Job executing on host: <128.142.59.26:9618?addrs=128.142.59.26-9618+[2001-1458-301-21--100-19]-9618&alias=b7s04p9552.cern.ch&noUDP&sock=startd_6461_497d>
...
006 (5415472.345.000) 07/11 15:08:27 Image size of job updated: 549412
	477  -  MemoryUsage of job (MB)
	487740  -  ResidentSetSize of job (KB)
...
006 (5415472.345.000) 07/11 15:13:27 Image size of job updated: 1590840
	1004  -  MemoryUsage of job (MB)
	1027280  -  ResidentSetSize of job (KB)
...
006 (5415472.345.000) 07/12 20:26:13 Image size of job updated: 1591820
	1004  -  MemoryUsage of job (MB)
	1027280  -  ResidentSetSize of job (KB)
...
006 (5415472.345.000) 07/12 21:01:17 Image size of job updated: 1592724
	1004  -  MemoryUsage of job (MB)
	1027980  -  ResidentSetSize of job (KB)
...
006 (5415472.345.000) 07/12 21:46:20 Image size of job updated: 1593632
	1005  -  MemoryUsage of job (MB)
	1028888  -  ResidentSetSize of job (KB)
...
006 (5415472.345.000) 07/12 22:26:24 Image size of job updated: 1594536
	1006  -  MemoryUsage of job (MB)
	1029792  -  ResidentSetSize of job (KB)
...
006 (5415472.345.000) 07/12 23:06:31 Image size of job updated: 1595444
	1007  -  MemoryUsage of job (MB)
	1030700  -  ResidentSetSize of job (KB)
...
006 (5415472.345.000) 07/12 23:46:36 Image size of job updated: 1596348
	1008  -  MemoryUsage of job (MB)
	1031604  -  ResidentSetSize of job (KB)
...
006 (5415472.345.000) 07/13 00:26:42 Image size of job updated: 1597256
	1009  -  MemoryUsage of job (MB)
	1032512  -  ResidentSetSize of job (KB)
...
006 (5415472.345.000) 07/13 01:11:47 Image size of job updated: 1598160
	1010  -  MemoryUsage of job (MB)
	1033416  -  ResidentSetSize of job (KB)
...
006 (5415472.345.000) 07/13 01:51:52 Image size of job updated: 1599064
	1011  -  MemoryUsage of job (MB)
	1034320  -  ResidentSetSize of job (KB)
...
006 (5415472.345.000) 07/13 02:26:55 Image size of job updated: 1599972
	1011  -  MemoryUsage of job (MB)
	1035228  -  ResidentSetSize of job (KB)
...
006 (5415472.345.000) 07/13 03:07:01 Image size of job updated: 1600876
	1012  -  MemoryUsage of job (MB)
	1036132  -  ResidentSetSize of job (KB)
...
006 (5415472.345.000) 07/13 03:42:06 Image size of job updated: 1601784
	1013  -  MemoryUsage of job (MB)
	1037040  -  ResidentSetSize of job (KB)
...
006 (5415472.345.000) 07/13 04:22:10 Image size of job updated: 1602688
	1014  -  MemoryUsage of job (MB)
	1037944  -  ResidentSetSize of job (KB)
...
006 (5415472.345.000) 07/13 04:57:16 Image size of job updated: 1603592
	1015  -  MemoryUsage of job (MB)
	1038848  -  ResidentSetSize of job (KB)
...
006 (5415472.345.000) 07/13 05:37:20 Image size of job updated: 1604500
	1016  -  MemoryUsage of job (MB)
	1039756  -  ResidentSetSize of job (KB)
...
006 (5415472.345.000) 07/13 06:22:24 Image size of job updated: 1609028
	1020  -  MemoryUsage of job (MB)
	1044284  -  ResidentSetSize of job (KB)
...
006 (5415472.345.000) 07/13 10:07:51 Image size of job updated: 1612100
	1022  -  MemoryUsage of job (MB)
	1045832  -  ResidentSetSize of job (KB)
...
006 (5415472.345.000) 07/13 10:22:51 Image size of job updated: 1612100
	1022  -  MemoryUsage of job (MB)
	1045844  -  ResidentSetSize of job (KB)
...
006 (5415472.345.000) 07/13 10:47:54 Image size of job updated: 1612100
	1022  -  MemoryUsage of job (MB)
	1045856  -  ResidentSetSize of job (KB)
...
006 (5415472.345.000) 07/13 11:07:56 Image size of job updated: 1612100
	1022  -  MemoryUsage of job (MB)
	1045868  -  ResidentSetSize of job (KB)
...
006 (5415472.345.000) 07/13 11:27:56 Image size of job updated: 1612100
	1022  -  MemoryUsage of job (MB)
	1045880  -  ResidentSetSize of job (KB)
...
006 (5415472.345.000) 07/13 11:47:59 Image size of job updated: 1612100
	1022  -  MemoryUsage of job (MB)
	1045892  -  ResidentSetSize of job (KB)
...
006 (5415472.345.000) 07/13 12:13:02 Image size of job updated: 1612100
	1022  -  MemoryUsage of job (MB)
	1045904  -  ResidentSetSize of job (KB)
...
006 (5415472.345.000) 07/13 12:33:03 Image size of job updated: 1612100
	1022  -  MemoryUsage of job (MB)
	1045916  -  ResidentSetSize of job (KB)
...
006 (5415472.345.000) 07/13 12:53:04 Image size of job updated: 1612100
	1022  -  MemoryUsage of job (MB)
	1045928  -  ResidentSetSize of job (KB)
...
006 (5415472.345.000) 07/13 13:13:06 Image size of job updated: 1612100
	1022  -  MemoryUsage of job (MB)
	1045940  -  ResidentSetSize of job (KB)
...
006 (5415472.345.000) 07/13 13:33:07 Image size of job updated: 1612100
	1022  -  MemoryUsage of job (MB)
	1045952  -  ResidentSetSize of job (KB)
...
006 (5415472.345.000) 07/13 13:58:09 Image size of job updated: 1612100
	1022  -  MemoryUsage of job (MB)
	1045964  -  ResidentSetSize of job (KB)
...
006 (5415472.345.000) 07/13 14:13:12 Image size of job updated: 1612100
	1022  -  MemoryUsage of job (MB)
	1045976  -  ResidentSetSize of job (KB)
...
006 (5415472.345.000) 07/13 14:33:13 Image size of job updated: 1612100
	1022  -  MemoryUsage of job (MB)
	1045988  -  ResidentSetSize of job (KB)
...
006 (5415472.345.000) 07/13 14:53:15 Image size of job updated: 1612100
	1022  -  MemoryUsage of job (MB)
	1046000  -  ResidentSetSize of job (KB)
...
006 (5415472.345.000) 07/13 15:13:17 Image size of job updated: 1612100
	1022  -  MemoryUsage of job (MB)
	1046012  -  ResidentSetSize of job (KB)
...
006 (5415472.345.000) 07/13 15:33:20 Image size of job updated: 1612100
	1022  -  MemoryUsage of job (MB)
	1046024  -  ResidentSetSize of job (KB)
...
006 (5415472.345.000) 07/13 15:53:23 Image size of job updated: 1612100
	1022  -  MemoryUsage of job (MB)
	1046036  -  ResidentSetSize of job (KB)
...
006 (5415472.345.000) 07/13 16:13:24 Image size of job updated: 1612100
	1022  -  MemoryUsage of job (MB)
	1046048  -  ResidentSetSize of job (KB)
...
006 (5415472.345.000) 07/13 16:33:27 Image size of job updated: 1612100
	1022  -  MemoryUsage of job (MB)
	1046060  -  ResidentSetSize of job (KB)
...
006 (5415472.345.000) 07/13 16:58:31 Image size of job updated: 1612100
	1022  -  MemoryUsage of job (MB)
	1046072  -  ResidentSetSize of job (KB)
...
006 (5415472.345.000) 07/13 17:18:33 Image size of job updated: 1612100
	1022  -  MemoryUsage of job (MB)
	1046084  -  ResidentSetSize of job (KB)
...
006 (5415472.345.000) 07/13 17:42:31 Image size of job updated: 1612100
	1022  -  MemoryUsage of job (MB)
	1046096  -  ResidentSetSize of job (KB)
...
006 (5415472.345.000) 07/13 18:02:34 Image size of job updated: 1612100
	1022  -  MemoryUsage of job (MB)
	1046108  -  ResidentSetSize of job (KB)
...
006 (5415472.345.000) 07/13 18:22:37 Image size of job updated: 1612100
	1022  -  MemoryUsage of job (MB)
	1046120  -  ResidentSetSize of job (KB)
...
006 (5415472.345.000) 07/13 18:47:39 Image size of job updated: 1612100
	1022  -  MemoryUsage of job (MB)
	1046132  -  ResidentSetSize of job (KB)
...
006 (5415472.345.000) 07/13 19:07:40 Image size of job updated: 1612100
	1022  -  MemoryUsage of job (MB)
	1046144  -  ResidentSetSize of job (KB)
...
006 (5415472.345.000) 07/13 19:32:44 Image size of job updated: 1612100
	1022  -  MemoryUsage of job (MB)
	1046156  -  ResidentSetSize of job (KB)
...
006 (5415472.345.000) 07/13 19:52:46 Image size of job updated: 1612100
	1022  -  MemoryUsage of job (MB)
	1046168  -  ResidentSetSize of job (KB)
...
006 (5415472.345.000) 07/13 20:17:48 Image size of job updated: 1612100
	1022  -  MemoryUsage of job (MB)
	1046180  -  ResidentSetSize of job (KB)
...
006 (5415472.345.000) 07/13 20:37:51 Image size of job updated: 1612100
	1022  -  MemoryUsage of job (MB)
	1046192  -  ResidentSetSize of job (KB)
...
006 (5415472.345.000) 07/13 21:02:54 Image size of job updated: 1612100
	1022  -  MemoryUsage of job (MB)
	1046204  -  ResidentSetSize of job (KB)
...
006 (5415472.345.000) 07/13 21:22:57 Image size of job updated: 1612100
	1022  -  MemoryUsage of job (MB)
	1046216  -  ResidentSetSize of job (KB)
...
006 (5415472.345.000) 07/13 21:48:01 Image size of job updated: 1612100
	1022  -  MemoryUsage of job (MB)
	1046228  -  ResidentSetSize of job (KB)
...
006 (5415472.345.000) 07/13 22:13:04 Image size of job updated: 1612100
	1022  -  MemoryUsage of job (MB)
	1046240  -  ResidentSetSize of job (KB)
...
006 (5415472.345.000) 07/13 22:33:06 Image size of job updated: 1612100
	1022  -  MemoryUsage of job (MB)
	1046252  -  ResidentSetSize of job (KB)
...
006 (5415472.345.000) 07/13 22:58:09 Image size of job updated: 1612100
	1022  -  MemoryUsage of job (MB)
	1046264  -  ResidentSetSize of job (KB)
...
006 (5415472.345.000) 07/13 23:18:11 Image size of job updated: 1612100
	1022  -  MemoryUsage of job (MB)
	1046276  -  ResidentSetSize of job (KB)
...
006 (5415472.345.000) 07/13 23:43:13 Image size of job updated: 1612100
	1022  -  MemoryUsage of job (MB)
	1046288  -  ResidentSetSize of job (KB)
...
006 (5415472.345.000) 07/14 00:03:14 Image size of job updated: 1612100
	1022  -  MemoryUsage of job (MB)
	1046300  -  ResidentSetSize of job (KB)
...
006 (5415472.345.000) 07/14 00:28:18 Image size of job updated: 1612100
	1022  -  MemoryUsage of job (MB)
	1046312  -  ResidentSetSize of job (KB)
...
006 (5415472.345.000) 07/14 00:48:19 Image size of job updated: 1612100
	1022  -  MemoryUsage of job (MB)
	1046324  -  ResidentSetSize of job (KB)
...
006 (5415472.345.000) 07/14 01:13:21 Image size of job updated: 1612100
	1022  -  MemoryUsage of job (MB)
	1046336  -  ResidentSetSize of job (KB)
...
006 (5415472.345.000) 07/14 01:33:24 Image size of job updated: 1612100
	1022  -  MemoryUsage of job (MB)
	1046348  -  ResidentSetSize of job (KB)
...
006 (5415472.345.000) 07/14 01:48:26 Image size of job updated: 1612100
	1022  -  MemoryUsage of job (MB)
	1046352  -  ResidentSetSize of job (KB)
...
006 (5415472.345.000) 07/14 01:53:27 Image size of job updated: 1612100
	1022  -  MemoryUsage of job (MB)
	1046360  -  ResidentSetSize of job (KB)
...
006 (5415472.345.000) 07/14 02:08:27 Image size of job updated: 1612100
	1022  -  MemoryUsage of job (MB)
	1046372  -  ResidentSetSize of job (KB)
...
006 (5415472.345.000) 07/14 02:28:29 Image size of job updated: 1612100
	1022  -  MemoryUsage of job (MB)
	1046384  -  ResidentSetSize of job (KB)
...
006 (5415472.345.000) 07/14 02:48:32 Image size of job updated: 1612100
	1022  -  MemoryUsage of job (MB)
	1046396  -  ResidentSetSize of job (KB)
...
006 (5415472.345.000) 07/14 03:08:33 Image size of job updated: 1612100
	1022  -  MemoryUsage of job (MB)
	1046408  -  ResidentSetSize of job (KB)
...
006 (5415472.345.000) 07/14 03:28:34 Image size of job updated: 1612100
	1022  -  MemoryUsage of job (MB)
	1046420  -  ResidentSetSize of job (KB)
...
006 (5415472.345.000) 07/14 03:48:37 Image size of job updated: 1612100
	1022  -  MemoryUsage of job (MB)
	1046432  -  ResidentSetSize of job (KB)
...
006 (5415472.345.000) 07/14 04:13:38 Image size of job updated: 1612100
	1022  -  MemoryUsage of job (MB)
	1046444  -  ResidentSetSize of job (KB)
...
006 (5415472.345.000) 07/14 04:33:41 Image size of job updated: 1612100
	1022  -  MemoryUsage of job (MB)
	1046456  -  ResidentSetSize of job (KB)
...
006 (5415472.345.000) 07/14 04:53:43 Image size of job updated: 1612100
	1022  -  MemoryUsage of job (MB)
	1046464  -  ResidentSetSize of job (KB)
...
006 (5415472.345.000) 07/14 04:58:44 Image size of job updated: 1612100
	1022  -  MemoryUsage of job (MB)
	1046468  -  ResidentSetSize of job (KB)
...
006 (5415472.345.000) 07/14 05:18:47 Image size of job updated: 1612100
	1022  -  MemoryUsage of job (MB)
	1046480  -  ResidentSetSize of job (KB)
...
006 (5415472.345.000) 07/14 05:43:49 Image size of job updated: 1612100
	1022  -  MemoryUsage of job (MB)
	1046492  -  ResidentSetSize of job (KB)
...
006 (5415472.345.000) 07/14 06:03:50 Image size of job updated: 1612100
	1022  -  MemoryUsage of job (MB)
	1046504  -  ResidentSetSize of job (KB)
...
006 (5415472.345.000) 07/14 06:28:51 Image size of job updated: 1612100
	1022  -  MemoryUsage of job (MB)
	1046516  -  ResidentSetSize of job (KB)
...
006 (5415472.345.000) 07/14 06:48:53 Image size of job updated: 1612100
	1022  -  MemoryUsage of job (MB)
	1046528  -  ResidentSetSize of job (KB)
...
006 (5415472.345.000) 07/14 07:13:57 Image size of job updated: 1612100
	1023  -  MemoryUsage of job (MB)
	1046540  -  ResidentSetSize of job (KB)
...
006 (5415472.345.000) 07/14 07:33:59 Image size of job updated: 1612100
	1023  -  MemoryUsage of job (MB)
	1046552  -  ResidentSetSize of job (KB)
...
006 (5415472.345.000) 07/14 07:59:01 Image size of job updated: 1612100
	1023  -  MemoryUsage of job (MB)
	1046564  -  ResidentSetSize of job (KB)
...
006 (5415472.345.000) 07/14 08:19:04 Image size of job updated: 1612100
	1023  -  MemoryUsage of job (MB)
	1046576  -  ResidentSetSize of job (KB)
...
006 (5415472.345.000) 07/14 08:44:07 Image size of job updated: 1612100
	1023  -  MemoryUsage of job (MB)
	1046588  -  ResidentSetSize of job (KB)
...
006 (5415472.345.000) 07/14 09:04:09 Image size of job updated: 1612100
	1023  -  MemoryUsage of job (MB)
	1046600  -  ResidentSetSize of job (KB)
...
006 (5415472.345.000) 07/14 09:29:10 Image size of job updated: 1612100
	1023  -  MemoryUsage of job (MB)
	1046612  -  ResidentSetSize of job (KB)
...
006 (5415472.345.000) 07/14 09:49:11 Image size of job updated: 1612100
	1023  -  MemoryUsage of job (MB)
	1046624  -  ResidentSetSize of job (KB)
...
006 (5415472.345.000) 07/14 10:09:12 Image size of job updated: 1612100
	1023  -  MemoryUsage of job (MB)
	1046636  -  ResidentSetSize of job (KB)
...
006 (5415472.345.000) 07/14 10:29:15 Image size of job updated: 1612100
	1023  -  MemoryUsage of job (MB)
	1046644  -  ResidentSetSize of job (KB)
...
006 (5415472.345.000) 07/14 10:34:16 Image size of job updated: 1612100
	1023  -  MemoryUsage of job (MB)
	1046648  -  ResidentSetSize of job (KB)
...
006 (5415472.345.000) 07/14 10:54:20 Image size of job updated: 1612100
	1023  -  MemoryUsage of job (MB)
	1046660  -  ResidentSetSize of job (KB)
...
006 (5415472.345.000) 07/14 11:14:22 Image size of job updated: 1612100
	1023  -  MemoryUsage of job (MB)
	1046672  -  ResidentSetSize of job (KB)
...
006 (5415472.345.000) 07/14 11:34:24 Image size of job updated: 1612100
	1023  -  MemoryUsage of job (MB)
	1046684  -  ResidentSetSize of job (KB)
...
006 (5415472.345.000) 07/14 11:54:27 Image size of job updated: 1612100
	1023  -  MemoryUsage of job (MB)
	1046696  -  ResidentSetSize of job (KB)
...
006 (5415472.345.000) 07/14 12:14:29 Image size of job updated: 1612100
	1023  -  MemoryUsage of job (MB)
	1046708  -  ResidentSetSize of job (KB)
...
006 (5415472.345.000) 07/14 12:34:32 Image size of job updated: 1612100
	1023  -  MemoryUsage of job (MB)
	1046720  -  ResidentSetSize of job (KB)
...
006 (5415472.345.000) 07/14 12:54:35 Image size of job updated: 1612100
	1023  -  MemoryUsage of job (MB)
	1046732  -  ResidentSetSize of job (KB)
...
006 (5415472.345.000) 07/14 13:14:37 Image size of job updated: 1612100
	1023  -  MemoryUsage of job (MB)
	1046744  -  ResidentSetSize of job (KB)
...
006 (5415472.345.000) 07/14 13:34:39 Image size of job updated: 1612100
	1023  -  MemoryUsage of job (MB)
	1046756  -  ResidentSetSize of job (KB)
...
006 (5415472.345.000) 07/14 13:59:42 Image size of job updated: 1612100
	1023  -  MemoryUsage of job (MB)
	1046768  -  ResidentSetSize of job (KB)
...
006 (5415472.345.000) 07/14 14:19:46 Image size of job updated: 1612100
	1023  -  MemoryUsage of job (MB)
	1046780  -  ResidentSetSize of job (KB)
...
006 (5415472.345.000) 07/14 14:39:49 Image size of job updated: 1612100
	1023  -  MemoryUsage of job (MB)
	1046792  -  ResidentSetSize of job (KB)
...
006 (5415472.345.000) 07/14 14:59:52 Image size of job updated: 1612100
	1023  -  MemoryUsage of job (MB)
	1046804  -  ResidentSetSize of job (KB)
...
006 (5415472.345.000) 07/14 15:24:55 Image size of job updated: 1612100
	1023  -  MemoryUsage of job (MB)
	1046816  -  ResidentSetSize of job (KB)
...
006 (5415472.345.000) 07/14 15:44:56 Image size of job updated: 1612100
	1023  -  MemoryUsage of job (MB)
	1046828  -  ResidentSetSize of job (KB)
...
006 (5415472.345.000) 07/14 16:04:57 Image size of job updated: 1612100
	1023  -  MemoryUsage of job (MB)
	1046840  -  ResidentSetSize of job (KB)
...
006 (5415472.345.000) 07/14 16:24:58 Image size of job updated: 1612100
	1023  -  MemoryUsage of job (MB)
	1046852  -  ResidentSetSize of job (KB)
...
006 (5415472.345.000) 07/14 16:45:02 Image size of job updated: 1612100
	1023  -  MemoryUsage of job (MB)
	1046856  -  ResidentSetSize of job (KB)
...
006 (5415472.345.000) 07/14 16:50:02 Image size of job updated: 1612100
	1023  -  MemoryUsage of job (MB)
	1046864  -  ResidentSetSize of job (KB)
...
006 (5415472.345.000) 07/14 17:10:04 Image size of job updated: 1612100
	1023  -  MemoryUsage of job (MB)
	1046876  -  ResidentSetSize of job (KB)
...
006 (5415472.345.000) 07/14 17:35:06 Image size of job updated: 1612100
	1023  -  MemoryUsage of job (MB)
	1046888  -  ResidentSetSize of job (KB)
...
006 (5415472.345.000) 07/14 17:55:07 Image size of job updated: 1612100
	1023  -  MemoryUsage of job (MB)
	1046896  -  ResidentSetSize of job (KB)
...
006 (5415472.345.000) 07/14 18:00:08 Image size of job updated: 1612100
	1023  -  MemoryUsage of job (MB)
	1046900  -  ResidentSetSize of job (KB)
...
006 (5415472.345.000) 07/14 18:20:11 Image size of job updated: 1612100
	1023  -  MemoryUsage of job (MB)
	1046912  -  ResidentSetSize of job (KB)
...
006 (5415472.345.000) 07/14 18:45:13 Image size of job updated: 1612100
	1023  -  MemoryUsage of job (MB)
	1046924  -  ResidentSetSize of job (KB)
...
006 (5415472.345.000) 07/14 19:05:13 Image size of job updated: 1612100
	1023  -  MemoryUsage of job (MB)
	1046932  -  ResidentSetSize of job (KB)
...
006 (5415472.345.000) 07/14 19:10:13 Image size of job updated: 1612100
	1023  -  MemoryUsage of job (MB)
	1046936  -  ResidentSetSize of job (KB)
...
006 (5415472.345.000) 07/14 19:30:14 Image size of job updated: 1612100
	1023  -  MemoryUsage of job (MB)
	1046948  -  ResidentSetSize of job (KB)
...
006 (5415472.345.000) 07/14 19:55:17 Image size of job updated: 1612100
	1023  -  MemoryUsage of job (MB)
	1046960  -  ResidentSetSize of job (KB)
...
006 (5415472.345.000) 07/14 20:15:19 Image size of job updated: 1612100
	1023  -  MemoryUsage of job (MB)
	1046972  -  ResidentSetSize of job (KB)
...
006 (5415472.345.000) 07/14 20:40:20 Image size of job updated: 1612100
	1023  -  MemoryUsage of job (MB)
	1046984  -  ResidentSetSize of job (KB)
...
007 (5415472.345.000) 07/14 21:04:48 Shadow exception!
	Assertion ERROR on (result)
	0  -  Run Bytes Sent By Job
	803  -  Run Bytes Received By Job
...
040 (5415472.345.000) 07/15 00:10:42 Started transferring input files
	Transferring to host: <128.142.79.125:9618?addrs=128.142.79.125-9618+[2001-1458-301-f4--100-254]-9618&alias=b7s12n1473.cern.ch&noUDP&sock=slot1_8_5736_47e2_62782>
...
040 (5415472.345.000) 07/15 00:10:43 Finished transferring input files
...
001 (5415472.345.000) 07/15 00:10:43 Job executing on host: <128.142.79.125:9618?addrs=128.142.79.125-9618+[2001-1458-301-f4--100-254]-9618&alias=b7s12n1473.cern.ch&noUDP&sock=startd_4587_e102>
...
040 (5415472.345.000) 07/18 00:00:45 Started transferring output files
...
040 (5415472.345.000) 07/18 00:00:45 Finished transferring output files
...
004 (5415472.345.000) 07/18 00:00:45 Job was evicted.
	(0) CPU times
		Usr 8 16:59:08, Sys 0 00:01:56  -  Run Remote Usage
		Usr 0 00:00:00, Sys 0 00:00:00  -  Run Local Usage
	96424  -  Run Bytes Sent By Job
	803  -  Run Bytes Received By Job
	Partitionable Resources :    Usage  Request Allocated 
	   Cpus                 :     3.02        4         4 
	   Disk (KB)            :   122    10485760  10810420 
	   Memory (MB)          :  1221        8000      8000 
...
