000 (5415472.094.000) 07/11 14:02:29 Job submitted from host: <137.138.156.150:9618?addrs=137.138.156.150-9618+[2001-1458-d00-14--9a]-9618&alias=bigbird13.cern.ch&noUDP&sock=schedd_1788_ff6c>
...
040 (5415472.094.000) 07/11 14:10:22 Started transferring input files
	Transferring to host: <128.142.74.208:9618?addrs=128.142.74.208-9618&alias=b7s11n8167.cern.ch&noUDP&sock=slot1_1_3021_5154_13175>
...
040 (5415472.094.000) 07/11 14:10:22 Finished transferring input files
...
001 (5415472.094.000) 07/11 14:10:23 Job executing on host: <128.142.74.208:9618?addrs=128.142.74.208-9618&alias=b7s11n8167.cern.ch&noUDP&sock=startd_2106_1e8a>
...
006 (5415472.094.000) 07/11 14:10:31 Image size of job updated: 436060
	52  -  MemoryUsage of job (MB)
	52508  -  ResidentSetSize of job (KB)
...
006 (5415472.094.000) 07/11 14:15:32 Image size of job updated: 1591072
	1004  -  MemoryUsage of job (MB)
	1027512  -  ResidentSetSize of job (KB)
...
006 (5415472.094.000) 07/13 20:33:29 Image size of job updated: 1592052
	1005  -  MemoryUsage of job (MB)
	1028280  -  ResidentSetSize of job (KB)
...
006 (5415472.094.000) 07/13 21:38:36 Image size of job updated: 1592960
	1006  -  MemoryUsage of job (MB)
	1029188  -  ResidentSetSize of job (KB)
...
006 (5415472.094.000) 07/13 22:38:44 Image size of job updated: 1593864
	1006  -  MemoryUsage of job (MB)
	1030092  -  ResidentSetSize of job (KB)
...
006 (5415472.094.000) 07/13 23:48:53 Image size of job updated: 1594772
	1007  -  MemoryUsage of job (MB)
	1031000  -  ResidentSetSize of job (KB)
...
006 (5415472.094.000) 07/14 00:53:59 Image size of job updated: 1595676
	1008  -  MemoryUsage of job (MB)
	1031904  -  ResidentSetSize of job (KB)
...
006 (5415472.094.000) 07/14 01:59:07 Image size of job updated: 1596580
	1009  -  MemoryUsage of job (MB)
	1032808  -  ResidentSetSize of job (KB)
...
006 (5415472.094.000) 07/14 03:04:13 Image size of job updated: 1596580
	1010  -  MemoryUsage of job (MB)
	1033716  -  ResidentSetSize of job (KB)
...
006 (5415472.094.000) 07/14 03:09:13 Image size of job updated: 1597488
	1010  -  MemoryUsage of job (MB)
	1033716  -  ResidentSetSize of job (KB)
...
006 (5415472.094.000) 07/14 04:14:17 Image size of job updated: 1598392
	1011  -  MemoryUsage of job (MB)
	1034620  -  ResidentSetSize of job (KB)
...
006 (5415472.094.000) 07/14 05:19:23 Image size of job updated: 1599300
	1012  -  MemoryUsage of job (MB)
	1035528  -  ResidentSetSize of job (KB)
...
006 (5415472.094.000) 07/14 06:24:30 Image size of job updated: 1600204
	1013  -  MemoryUsage of job (MB)
	1036432  -  ResidentSetSize of job (KB)
...
006 (5415472.094.000) 07/14 07:29:39 Image size of job updated: 1601112
	1014  -  MemoryUsage of job (MB)
	1037340  -  ResidentSetSize of job (KB)
...
006 (5415472.094.000) 07/14 08:34:44 Image size of job updated: 1602016
	1014  -  MemoryUsage of job (MB)
	1038244  -  ResidentSetSize of job (KB)
...
006 (5415472.094.000) 07/14 09:39:51 Image size of job updated: 1602920
	1015  -  MemoryUsage of job (MB)
	1039148  -  ResidentSetSize of job (KB)
...
006 (5415472.094.000) 07/14 10:44:57 Image size of job updated: 1603828
	1016  -  MemoryUsage of job (MB)
	1040056  -  ResidentSetSize of job (KB)
...
006 (5415472.094.000) 07/14 11:50:02 Image size of job updated: 1604732
	1017  -  MemoryUsage of job (MB)
	1040960  -  ResidentSetSize of job (KB)
...
006 (5415472.094.000) 07/14 13:00:11 Image size of job updated: 1605640
	1018  -  MemoryUsage of job (MB)
	1041868  -  ResidentSetSize of job (KB)
...
006 (5415472.094.000) 07/14 14:05:16 Image size of job updated: 1606544
	1019  -  MemoryUsage of job (MB)
	1042772  -  ResidentSetSize of job (KB)
...
006 (5415472.094.000) 07/14 15:10:22 Image size of job updated: 1607448
	1020  -  MemoryUsage of job (MB)
	1043676  -  ResidentSetSize of job (KB)
...
006 (5415472.094.000) 07/14 16:15:31 Image size of job updated: 1608356
	1021  -  MemoryUsage of job (MB)
	1044584  -  ResidentSetSize of job (KB)
...
006 (5415472.094.000) 07/14 17:20:37 Image size of job updated: 1609260
	1021  -  MemoryUsage of job (MB)
	1045488  -  ResidentSetSize of job (KB)
...
006 (5415472.094.000) 07/14 17:50:41 Image size of job updated: 1612332
	1023  -  MemoryUsage of job (MB)
	1047036  -  ResidentSetSize of job (KB)
...
006 (5415472.094.000) 07/14 17:55:41 Image size of job updated: 1612332
	1023  -  MemoryUsage of job (MB)
	1047044  -  ResidentSetSize of job (KB)
...
006 (5415472.094.000) 07/14 18:00:42 Image size of job updated: 1612332
	1023  -  MemoryUsage of job (MB)
	1047048  -  ResidentSetSize of job (KB)
...
006 (5415472.094.000) 07/14 18:30:46 Image size of job updated: 1612332
	1023  -  MemoryUsage of job (MB)
	1047060  -  ResidentSetSize of job (KB)
...
006 (5415472.094.000) 07/14 19:00:48 Image size of job updated: 1612332
	1023  -  MemoryUsage of job (MB)
	1047072  -  ResidentSetSize of job (KB)
...
006 (5415472.094.000) 07/14 19:20:50 Image size of job updated: 1613240
	1024  -  MemoryUsage of job (MB)
	1047980  -  ResidentSetSize of job (KB)
...
006 (5415472.094.000) 07/14 19:30:51 Image size of job updated: 1613240
	1024  -  MemoryUsage of job (MB)
	1047992  -  ResidentSetSize of job (KB)
...
006 (5415472.094.000) 07/14 20:05:54 Image size of job updated: 1613240
	1024  -  MemoryUsage of job (MB)
	1048004  -  ResidentSetSize of job (KB)
...
006 (5415472.094.000) 07/14 20:20:56 Image size of job updated: 1614144
	1025  -  MemoryUsage of job (MB)
	1048908  -  ResidentSetSize of job (KB)
...
006 (5415472.094.000) 07/14 20:35:58 Image size of job updated: 1614144
	1025  -  MemoryUsage of job (MB)
	1048920  -  ResidentSetSize of job (KB)
...
006 (5415472.094.000) 07/14 21:07:20 Image size of job updated: 1614144
	1025  -  MemoryUsage of job (MB)
	1048932  -  ResidentSetSize of job (KB)
...
006 (5415472.094.000) 07/14 21:17:21 Image size of job updated: 1615048
	1026  -  MemoryUsage of job (MB)
	1049836  -  ResidentSetSize of job (KB)
...
006 (5415472.094.000) 07/14 21:37:25 Image size of job updated: 1615048
	1026  -  MemoryUsage of job (MB)
	1049848  -  ResidentSetSize of job (KB)
...
006 (5415472.094.000) 07/14 22:12:29 Image size of job updated: 1615048
	1026  -  MemoryUsage of job (MB)
	1049860  -  ResidentSetSize of job (KB)
...
006 (5415472.094.000) 07/14 22:22:30 Image size of job updated: 1615956
	1027  -  MemoryUsage of job (MB)
	1050768  -  ResidentSetSize of job (KB)
...
006 (5415472.094.000) 07/14 22:47:33 Image size of job updated: 1615956
	1027  -  MemoryUsage of job (MB)
	1050780  -  ResidentSetSize of job (KB)
...
006 (5415472.094.000) 07/14 23:17:36 Image size of job updated: 1615956
	1027  -  MemoryUsage of job (MB)
	1050792  -  ResidentSetSize of job (KB)
...
006 (5415472.094.000) 07/14 23:22:36 Image size of job updated: 1616860
	1028  -  MemoryUsage of job (MB)
	1051696  -  ResidentSetSize of job (KB)
...
006 (5415472.094.000) 07/14 23:52:39 Image size of job updated: 1616860
	1028  -  MemoryUsage of job (MB)
	1051708  -  ResidentSetSize of job (KB)
...
006 (5415472.094.000) 07/15 00:27:42 Image size of job updated: 1617768
	1028  -  MemoryUsage of job (MB)
	1052628  -  ResidentSetSize of job (KB)
...
006 (5415472.094.000) 07/15 01:02:46 Image size of job updated: 1617768
	1028  -  MemoryUsage of job (MB)
	1052640  -  ResidentSetSize of job (KB)
...
006 (5415472.094.000) 07/15 01:32:49 Image size of job updated: 1618672
	1029  -  MemoryUsage of job (MB)
	1053544  -  ResidentSetSize of job (KB)
...
006 (5415472.094.000) 07/15 01:37:49 Image size of job updated: 1618672
	1029  -  MemoryUsage of job (MB)
	1053556  -  ResidentSetSize of job (KB)
...
006 (5415472.094.000) 07/15 02:07:54 Image size of job updated: 1618672
	1029  -  MemoryUsage of job (MB)
	1053568  -  ResidentSetSize of job (KB)
...
006 (5415472.094.000) 07/15 02:32:55 Image size of job updated: 1619580
	1030  -  MemoryUsage of job (MB)
	1054476  -  ResidentSetSize of job (KB)
...
006 (5415472.094.000) 07/15 02:42:56 Image size of job updated: 1619580
	1030  -  MemoryUsage of job (MB)
	1054488  -  ResidentSetSize of job (KB)
...
006 (5415472.094.000) 07/15 03:18:00 Image size of job updated: 1619580
	1030  -  MemoryUsage of job (MB)
	1054500  -  ResidentSetSize of job (KB)
...
006 (5415472.094.000) 07/15 03:38:03 Image size of job updated: 1620484
	1031  -  MemoryUsage of job (MB)
	1055404  -  ResidentSetSize of job (KB)
...
006 (5415472.094.000) 07/15 03:53:05 Image size of job updated: 1620484
	1031  -  MemoryUsage of job (MB)
	1055416  -  ResidentSetSize of job (KB)
...
006 (5415472.094.000) 07/15 04:28:09 Image size of job updated: 1620484
	1031  -  MemoryUsage of job (MB)
	1055428  -  ResidentSetSize of job (KB)
...
006 (5415472.094.000) 07/15 04:48:11 Image size of job updated: 1621388
	1032  -  MemoryUsage of job (MB)
	1056332  -  ResidentSetSize of job (KB)
...
006 (5415472.094.000) 07/15 05:03:12 Image size of job updated: 1621388
	1032  -  MemoryUsage of job (MB)
	1056344  -  ResidentSetSize of job (KB)
...
006 (5415472.094.000) 07/15 05:38:16 Image size of job updated: 1621388
	1032  -  MemoryUsage of job (MB)
	1056356  -  ResidentSetSize of job (KB)
...
006 (5415472.094.000) 07/15 05:53:18 Image size of job updated: 1621388
	1033  -  MemoryUsage of job (MB)
	1057264  -  ResidentSetSize of job (KB)
...
006 (5415472.094.000) 07/15 05:58:19 Image size of job updated: 1622296
	1033  -  MemoryUsage of job (MB)
	1057264  -  ResidentSetSize of job (KB)
...
006 (5415472.094.000) 07/15 06:18:22 Image size of job updated: 1622296
	1033  -  MemoryUsage of job (MB)
	1057276  -  ResidentSetSize of job (KB)
...
006 (5415472.094.000) 07/15 06:53:26 Image size of job updated: 1622296
	1033  -  MemoryUsage of job (MB)
	1057288  -  ResidentSetSize of job (KB)
...
006 (5415472.094.000) 07/15 07:03:27 Image size of job updated: 1623200
	1034  -  MemoryUsage of job (MB)
	1058192  -  ResidentSetSize of job (KB)
...
006 (5415472.094.000) 07/15 07:28:31 Image size of job updated: 1623200
	1034  -  MemoryUsage of job (MB)
	1058204  -  ResidentSetSize of job (KB)
...
006 (5415472.094.000) 07/15 08:08:34 Image size of job updated: 1623200
	1034  -  MemoryUsage of job (MB)
	1058216  -  ResidentSetSize of job (KB)
...
006 (5415472.094.000) 07/15 08:13:35 Image size of job updated: 1624108
	1035  -  MemoryUsage of job (MB)
	1059124  -  ResidentSetSize of job (KB)
...
006 (5415472.094.000) 07/15 08:43:37 Image size of job updated: 1624108
	1035  -  MemoryUsage of job (MB)
	1059136  -  ResidentSetSize of job (KB)
...
006 (5415472.094.000) 07/15 09:18:43 Image size of job updated: 1624108
	1035  -  MemoryUsage of job (MB)
	1059148  -  ResidentSetSize of job (KB)
...
006 (5415472.094.000) 07/15 09:23:43 Image size of job updated: 1625012
	1036  -  MemoryUsage of job (MB)
	1060052  -  ResidentSetSize of job (KB)
...
006 (5415472.094.000) 07/15 09:53:45 Image size of job updated: 1625012
	1036  -  MemoryUsage of job (MB)
	1060064  -  ResidentSetSize of job (KB)
...
006 (5415472.094.000) 07/15 10:28:49 Image size of job updated: 1629540
	1040  -  MemoryUsage of job (MB)
	1064592  -  ResidentSetSize of job (KB)
...
006 (5415472.094.000) 07/15 10:33:49 Image size of job updated: 1629540
	1040  -  MemoryUsage of job (MB)
	1064604  -  ResidentSetSize of job (KB)
...
006 (5415472.094.000) 07/15 11:08:53 Image size of job updated: 1629540
	1040  -  MemoryUsage of job (MB)
	1064616  -  ResidentSetSize of job (KB)
...
006 (5415472.094.000) 07/15 11:43:55 Image size of job updated: 1629540
	1040  -  MemoryUsage of job (MB)
	1064628  -  ResidentSetSize of job (KB)
...
006 (5415472.094.000) 07/15 12:19:02 Image size of job updated: 1629540
	1040  -  MemoryUsage of job (MB)
	1064640  -  ResidentSetSize of job (KB)
...
006 (5415472.094.000) 07/15 12:54:08 Image size of job updated: 1629540
	1040  -  MemoryUsage of job (MB)
	1064652  -  ResidentSetSize of job (KB)
...
006 (5415472.094.000) 07/15 13:29:13 Image size of job updated: 1629540
	1040  -  MemoryUsage of job (MB)
	1064664  -  ResidentSetSize of job (KB)
...
006 (5415472.094.000) 07/15 14:09:11 Image size of job updated: 1629540
	1040  -  MemoryUsage of job (MB)
	1064676  -  ResidentSetSize of job (KB)
...
006 (5415472.094.000) 07/15 14:38:33 Image size of job updated: 1629540
	1040  -  MemoryUsage of job (MB)
	1064688  -  ResidentSetSize of job (KB)
...
006 (5415472.094.000) 07/15 15:13:36 Image size of job updated: 1629540
	1040  -  MemoryUsage of job (MB)
	1064700  -  ResidentSetSize of job (KB)
...
006 (5415472.094.000) 07/15 15:48:41 Image size of job updated: 1629540
	1040  -  MemoryUsage of job (MB)
	1064712  -  ResidentSetSize of job (KB)
...
006 (5415472.094.000) 07/15 16:28:45 Image size of job updated: 1629540
	1040  -  MemoryUsage of job (MB)
	1064724  -  ResidentSetSize of job (KB)
...
006 (5415472.094.000) 07/15 17:03:49 Image size of job updated: 1629540
	1040  -  MemoryUsage of job (MB)
	1064736  -  ResidentSetSize of job (KB)
...
006 (5415472.094.000) 07/15 17:38:53 Image size of job updated: 1629540
	1040  -  MemoryUsage of job (MB)
	1064748  -  ResidentSetSize of job (KB)
...
006 (5415472.094.000) 07/15 18:13:57 Image size of job updated: 1629540
	1040  -  MemoryUsage of job (MB)
	1064760  -  ResidentSetSize of job (KB)
...
006 (5415472.094.000) 07/15 18:51:51 Image size of job updated: 1629540
	1040  -  MemoryUsage of job (MB)
	1064772  -  ResidentSetSize of job (KB)
...
006 (5415472.094.000) 07/15 19:26:55 Image size of job updated: 1629540
	1040  -  MemoryUsage of job (MB)
	1064784  -  ResidentSetSize of job (KB)
...
006 (5415472.094.000) 07/15 20:01:59 Image size of job updated: 1629540
	1040  -  MemoryUsage of job (MB)
	1064796  -  ResidentSetSize of job (KB)
...
006 (5415472.094.000) 07/15 20:37:03 Image size of job updated: 1629540
	1040  -  MemoryUsage of job (MB)
	1064808  -  ResidentSetSize of job (KB)
...
006 (5415472.094.000) 07/15 21:12:09 Image size of job updated: 1629540
	1040  -  MemoryUsage of job (MB)
	1064820  -  ResidentSetSize of job (KB)
...
006 (5415472.094.000) 07/15 21:47:14 Image size of job updated: 1629540
	1040  -  MemoryUsage of job (MB)
	1064832  -  ResidentSetSize of job (KB)
...
006 (5415472.094.000) 07/15 22:22:18 Image size of job updated: 1629540
	1040  -  MemoryUsage of job (MB)
	1064844  -  ResidentSetSize of job (KB)
...
006 (5415472.094.000) 07/15 22:57:23 Image size of job updated: 1629540
	1040  -  MemoryUsage of job (MB)
	1064856  -  ResidentSetSize of job (KB)
...
006 (5415472.094.000) 07/15 23:37:28 Image size of job updated: 1629540
	1040  -  MemoryUsage of job (MB)
	1064868  -  ResidentSetSize of job (KB)
...
006 (5415472.094.000) 07/16 00:12:33 Image size of job updated: 1629540
	1040  -  MemoryUsage of job (MB)
	1064880  -  ResidentSetSize of job (KB)
...
006 (5415472.094.000) 07/16 00:47:37 Image size of job updated: 1629540
	1040  -  MemoryUsage of job (MB)
	1064892  -  ResidentSetSize of job (KB)
...
006 (5415472.094.000) 07/16 01:27:41 Image size of job updated: 1629540
	1040  -  MemoryUsage of job (MB)
	1064904  -  ResidentSetSize of job (KB)
...
006 (5415472.094.000) 07/16 02:02:42 Image size of job updated: 1629540
	1040  -  MemoryUsage of job (MB)
	1064916  -  ResidentSetSize of job (KB)
...
006 (5415472.094.000) 07/16 02:37:47 Image size of job updated: 1629540
	1040  -  MemoryUsage of job (MB)
	1064928  -  ResidentSetSize of job (KB)
...
006 (5415472.094.000) 07/16 03:12:50 Image size of job updated: 1629540
	1040  -  MemoryUsage of job (MB)
	1064940  -  ResidentSetSize of job (KB)
...
006 (5415472.094.000) 07/16 03:47:51 Image size of job updated: 1629540
	1040  -  MemoryUsage of job (MB)
	1064952  -  ResidentSetSize of job (KB)
...
006 (5415472.094.000) 07/16 04:22:55 Image size of job updated: 1629540
	1041  -  MemoryUsage of job (MB)
	1064964  -  ResidentSetSize of job (KB)
...
006 (5415472.094.000) 07/16 04:57:58 Image size of job updated: 1629540
	1041  -  MemoryUsage of job (MB)
	1064976  -  ResidentSetSize of job (KB)
...
006 (5415472.094.000) 07/16 05:32:59 Image size of job updated: 1629540
	1041  -  MemoryUsage of job (MB)
	1064988  -  ResidentSetSize of job (KB)
...
006 (5415472.094.000) 07/16 06:13:02 Image size of job updated: 1629540
	1041  -  MemoryUsage of job (MB)
	1065000  -  ResidentSetSize of job (KB)
...
006 (5415472.094.000) 07/16 06:48:06 Image size of job updated: 1629540
	1041  -  MemoryUsage of job (MB)
	1065012  -  ResidentSetSize of job (KB)
...
006 (5415472.094.000) 07/16 07:23:11 Image size of job updated: 1629540
	1041  -  MemoryUsage of job (MB)
	1065024  -  ResidentSetSize of job (KB)
...
006 (5415472.094.000) 07/16 08:03:14 Image size of job updated: 1629540
	1041  -  MemoryUsage of job (MB)
	1065036  -  ResidentSetSize of job (KB)
...
006 (5415472.094.000) 07/16 08:38:17 Image size of job updated: 1629540
	1041  -  MemoryUsage of job (MB)
	1065048  -  ResidentSetSize of job (KB)
...
006 (5415472.094.000) 07/16 09:13:22 Image size of job updated: 1629540
	1041  -  MemoryUsage of job (MB)
	1065060  -  ResidentSetSize of job (KB)
...
006 (5415472.094.000) 07/16 09:48:25 Image size of job updated: 1629540
	1041  -  MemoryUsage of job (MB)
	1065072  -  ResidentSetSize of job (KB)
...
040 (5415472.094.000) 07/16 10:15:57 Started transferring output files
...
040 (5415472.094.000) 07/16 10:15:57 Finished transferring output files
...
004 (5415472.094.000) 07/16 10:15:58 Job was evicted.
	(0) CPU times
		Usr 14 00:57:18, Sys 0 00:03:35  -  Run Remote Usage
		Usr 0 00:00:00, Sys 0 00:00:00  -  Run Local Usage
	96194  -  Run Bytes Sent By Job
	803  -  Run Bytes Received By Job
	Partitionable Resources :    Usage  Request Allocated 
	   Cpus                 :     2.96        4         4 
	   Disk (KB)            :   120    10485760  10873849 
	   Memory (MB)          :  1041        8000      8000 
...
040 (5415472.094.000) 07/16 17:32:01 Started transferring input files
	Transferring to host: <128.142.70.65:9618?addrs=128.142.70.65-9618+[2001-1458-301-52--100-334]-9618&alias=b7s10n6074.cern.ch&noUDP&sock=slot1_1_4971_44e3_24664>
...
040 (5415472.094.000) 07/16 17:32:02 Finished transferring input files
...
001 (5415472.094.000) 07/16 17:32:03 Job executing on host: <128.142.70.65:9618?addrs=128.142.70.65-9618+[2001-1458-301-52--100-334]-9618&alias=b7s10n6074.cern.ch&noUDP&sock=startd_3979_d76d>
...
