000 (5415472.470.000) 07/11 14:02:30 Job submitted from host: <137.138.156.150:9618?addrs=137.138.156.150-9618+[2001-1458-d00-14--9a]-9618&alias=bigbird13.cern.ch&noUDP&sock=schedd_1788_ff6c>
...
022 (5415472.470.000) 07/12 09:07:08 Job disconnected, attempting to reconnect
    Socket between submit and execute hosts closed unexpectedly
    Trying to reconnect to slot1_4@b7s11n6109.cern.ch <128.142.75.139:9618?addrs=128.142.75.139-9618+[2001-1458-301-75--100-169]-9618&alias=b7s11n6109.cern.ch&noUDP&sock=startd_3696_ba20>
...
024 (5415472.470.000) 07/12 09:07:08 Job reconnection failed
    Job not found at execution machine
    Can not reconnect to slot1_4@b7s11n6109.cern.ch, rescheduling job
...
040 (5415472.470.000) 07/12 09:10:15 Started transferring input files
	Transferring to host: <128.142.168.140:9618?addrs=128.142.168.140-9618+[2001-1458-301-be--100-5]-9618&alias=b7g00p7453.cern.ch&noUDP&sock=slot1_7_2591_5802_7962>
...
040 (5415472.470.000) 07/12 09:10:15 Finished transferring input files
...
001 (5415472.470.000) 07/12 09:10:16 Job executing on host: <128.142.168.140:9618?addrs=128.142.168.140-9618+[2001-1458-301-be--100-5]-9618&alias=b7g00p7453.cern.ch&noUDP&sock=startd_2495_f0e2>
...
006 (5415472.470.000) 07/12 09:10:25 Image size of job updated: 327516
	22  -  MemoryUsage of job (MB)
	22480  -  ResidentSetSize of job (KB)
...
006 (5415472.470.000) 07/12 09:15:26 Image size of job updated: 1590940
	1004  -  MemoryUsage of job (MB)
	1027376  -  ResidentSetSize of job (KB)
...
006 (5415472.470.000) 07/14 06:06:41 Image size of job updated: 1591920
	1004  -  MemoryUsage of job (MB)
	1028028  -  ResidentSetSize of job (KB)
...
006 (5415472.470.000) 07/14 06:56:48 Image size of job updated: 1592828
	1005  -  MemoryUsage of job (MB)
	1028936  -  ResidentSetSize of job (KB)
...
006 (5415472.470.000) 07/14 07:46:54 Image size of job updated: 1593732
	1006  -  MemoryUsage of job (MB)
	1029840  -  ResidentSetSize of job (KB)
...
006 (5415472.470.000) 07/14 08:36:58 Image size of job updated: 1594640
	1007  -  MemoryUsage of job (MB)
	1030744  -  ResidentSetSize of job (KB)
...
006 (5415472.470.000) 07/14 09:27:03 Image size of job updated: 1595544
	1008  -  MemoryUsage of job (MB)
	1031648  -  ResidentSetSize of job (KB)
...
006 (5415472.470.000) 07/14 10:12:10 Image size of job updated: 1596448
	1009  -  MemoryUsage of job (MB)
	1032552  -  ResidentSetSize of job (KB)
...
006 (5415472.470.000) 07/14 10:57:16 Image size of job updated: 1597356
	1010  -  MemoryUsage of job (MB)
	1033460  -  ResidentSetSize of job (KB)
...
006 (5415472.470.000) 07/14 11:47:20 Image size of job updated: 1598260
	1011  -  MemoryUsage of job (MB)
	1034356  -  ResidentSetSize of job (KB)
...
006 (5415472.470.000) 07/14 12:42:27 Image size of job updated: 1599168
	1011  -  MemoryUsage of job (MB)
	1034356  -  ResidentSetSize of job (KB)
...
006 (5415472.470.000) 07/14 13:36:07 Image size of job updated: 1600072
	1011  -  MemoryUsage of job (MB)
	1034356  -  ResidentSetSize of job (KB)
...
006 (5415472.470.000) 07/14 14:30:44 Image size of job updated: 1600976
	1011  -  MemoryUsage of job (MB)
	1034356  -  ResidentSetSize of job (KB)
...
006 (5415472.470.000) 07/14 15:25:48 Image size of job updated: 1601884
	1011  -  MemoryUsage of job (MB)
	1034356  -  ResidentSetSize of job (KB)
...
006 (5415472.470.000) 07/14 16:20:54 Image size of job updated: 1602788
	1011  -  MemoryUsage of job (MB)
	1034356  -  ResidentSetSize of job (KB)
...
006 (5415472.470.000) 07/14 17:15:56 Image size of job updated: 1603696
	1011  -  MemoryUsage of job (MB)
	1034356  -  ResidentSetSize of job (KB)
...
022 (5415472.470.000) 07/14 17:48:00 Job disconnected, attempting to reconnect
    Socket between submit and execute hosts closed unexpectedly
    Trying to reconnect to slot1_7@b7g00p7453.cern.ch <128.142.168.140:9618?addrs=128.142.168.140-9618+[2001-1458-301-be--100-5]-9618&alias=b7g00p7453.cern.ch&noUDP&sock=startd_2495_f0e2>
...
023 (5415472.470.000) 07/14 17:48:01 Job reconnected to slot1_7@b7g00p7453.cern.ch
    startd address: <128.142.168.140:9618?addrs=128.142.168.140-9618+[2001-1458-301-be--100-5]-9618&alias=b7g00p7453.cern.ch&noUDP&sock=startd_2495_f0e2>
    starter address: <128.142.168.140:9618?addrs=128.142.168.140-9618+[2001-1458-301-be--100-5]-9618&alias=b7g00p7453.cern.ch&noUDP&sock=slot1_7_2591_5802_7962>
...
006 (5415472.470.000) 07/14 18:09:08 Image size of job updated: 1604600
	1011  -  MemoryUsage of job (MB)
	1034356  -  ResidentSetSize of job (KB)
...
006 (5415472.470.000) 07/14 19:02:21 Image size of job updated: 1605504
	1011  -  MemoryUsage of job (MB)
	1034356  -  ResidentSetSize of job (KB)
...
006 (5415472.470.000) 07/14 19:57:30 Image size of job updated: 1606412
	1011  -  MemoryUsage of job (MB)
	1034356  -  ResidentSetSize of job (KB)
...
007 (5415472.470.000) 07/14 20:56:49 Shadow exception!
	Assertion ERROR on (result)
	0  -  Run Bytes Sent By Job
	803  -  Run Bytes Received By Job
...
