000 (5415472.361.000) 07/11 14:02:29 Job submitted from host: <137.138.156.150:9618?addrs=137.138.156.150-9618+[2001-1458-d00-14--9a]-9618&alias=bigbird13.cern.ch&noUDP&sock=schedd_1788_ff6c>
...
040 (5415472.361.000) 07/11 16:03:44 Started transferring input files
	Transferring to host: <188.184.190.129:9618?addrs=188.184.190.129-9618+[2001-1458-301-4b--100-78]-9618&alias=b7g42n0290.cern.ch&noUDP&sock=slot1_5_20059_2149_112502>
...
040 (5415472.361.000) 07/11 16:03:44 Finished transferring input files
...
001 (5415472.361.000) 07/11 16:03:45 Job executing on host: <188.184.190.129:9618?addrs=188.184.190.129-9618+[2001-1458-301-4b--100-78]-9618&alias=b7g42n0290.cern.ch&noUDP&sock=startd_18889_dc81>
...
006 (5415472.361.000) 07/11 16:03:54 Image size of job updated: 110948
	49  -  MemoryUsage of job (MB)
	49964  -  ResidentSetSize of job (KB)
...
006 (5415472.361.000) 07/11 16:08:54 Image size of job updated: 1590924
	1004  -  MemoryUsage of job (MB)
	1027364  -  ResidentSetSize of job (KB)
...
022 (5415472.361.000) 07/13 11:30:03 Job disconnected, attempting to reconnect
    Socket between submit and execute hosts closed unexpectedly
    Trying to reconnect to slot1_5@b7g42n0290.cern.ch <188.184.190.129:9618?addrs=188.184.190.129-9618+[2001-1458-301-4b--100-78]-9618&alias=b7g42n0290.cern.ch&noUDP&sock=startd_18889_dc81>
...
023 (5415472.361.000) 07/13 11:30:03 Job reconnected to slot1_5@b7g42n0290.cern.ch
    startd address: <188.184.190.129:9618?addrs=188.184.190.129-9618+[2001-1458-301-4b--100-78]-9618&alias=b7g42n0290.cern.ch&noUDP&sock=startd_18889_dc81>
    starter address: <188.184.190.129:9618?addrs=188.184.190.129-9618+[2001-1458-301-4b--100-78]-9618&alias=b7g42n0290.cern.ch&noUDP&sock=slot1_5_20059_2149_112502>
...
006 (5415472.361.000) 07/14 04:05:19 Image size of job updated: 1591904
	1005  -  MemoryUsage of job (MB)
	1028268  -  ResidentSetSize of job (KB)
...
006 (5415472.361.000) 07/14 05:20:29 Image size of job updated: 1592812
	1006  -  MemoryUsage of job (MB)
	1029172  -  ResidentSetSize of job (KB)
...
006 (5415472.361.000) 07/14 06:40:36 Image size of job updated: 1593716
	1006  -  MemoryUsage of job (MB)
	1030080  -  ResidentSetSize of job (KB)
...
006 (5415472.361.000) 07/14 07:55:43 Image size of job updated: 1594620
	1007  -  MemoryUsage of job (MB)
	1030984  -  ResidentSetSize of job (KB)
...
006 (5415472.361.000) 07/14 09:05:50 Image size of job updated: 1595528
	1008  -  MemoryUsage of job (MB)
	1031892  -  ResidentSetSize of job (KB)
...
006 (5415472.361.000) 07/14 10:15:54 Image size of job updated: 1596432
	1009  -  MemoryUsage of job (MB)
	1032796  -  ResidentSetSize of job (KB)
...
006 (5415472.361.000) 07/14 11:26:01 Image size of job updated: 1597340
	1010  -  MemoryUsage of job (MB)
	1033704  -  ResidentSetSize of job (KB)
...
006 (5415472.361.000) 07/14 12:31:08 Image size of job updated: 1598244
	1011  -  MemoryUsage of job (MB)
	1034608  -  ResidentSetSize of job (KB)
...
006 (5415472.361.000) 07/14 13:46:15 Image size of job updated: 1599148
	1012  -  MemoryUsage of job (MB)
	1035512  -  ResidentSetSize of job (KB)
...
006 (5415472.361.000) 07/14 14:56:24 Image size of job updated: 1600056
	1013  -  MemoryUsage of job (MB)
	1036420  -  ResidentSetSize of job (KB)
...
006 (5415472.361.000) 07/14 16:11:32 Image size of job updated: 1600960
	1014  -  MemoryUsage of job (MB)
	1037324  -  ResidentSetSize of job (KB)
...
006 (5415472.361.000) 07/14 17:21:37 Image size of job updated: 1601868
	1014  -  MemoryUsage of job (MB)
	1038232  -  ResidentSetSize of job (KB)
...
006 (5415472.361.000) 07/14 18:32:41 Image size of job updated: 1601868
	1015  -  MemoryUsage of job (MB)
	1039136  -  ResidentSetSize of job (KB)
...
006 (5415472.361.000) 07/14 18:37:41 Image size of job updated: 1602772
	1015  -  MemoryUsage of job (MB)
	1039136  -  ResidentSetSize of job (KB)
...
006 (5415472.361.000) 07/14 19:52:52 Image size of job updated: 1603676
	1016  -  MemoryUsage of job (MB)
	1040040  -  ResidentSetSize of job (KB)
...
007 (5415472.361.000) 07/14 21:08:38 Shadow exception!
	Assertion ERROR on (result)
	0  -  Run Bytes Sent By Job
	803  -  Run Bytes Received By Job
...
040 (5415472.361.000) 07/15 01:35:42 Started transferring input files
	Transferring to host: <128.142.77.246:9618?addrs=128.142.77.246-9618+[2001-1458-301-f4--100-64b]-9618&alias=b7s12n9268.cern.ch&noUDP&sock=slot1_7_7936_613c_117730>
...
040 (5415472.361.000) 07/15 01:35:42 Finished transferring input files
...
001 (5415472.361.000) 07/15 01:35:43 Job executing on host: <128.142.77.246:9618?addrs=128.142.77.246-9618+[2001-1458-301-f4--100-64b]-9618&alias=b7s12n9268.cern.ch&noUDP&sock=startd_16682_0afd>
...
