000 (5415472.130.000) 07/11 14:02:29 Job submitted from host: <137.138.156.150:9618?addrs=137.138.156.150-9618+[2001-1458-d00-14--9a]-9618&alias=bigbird13.cern.ch&noUDP&sock=schedd_1788_ff6c>
...
040 (5415472.130.000) 07/11 14:15:12 Started transferring input files
	Transferring to host: <128.142.59.49:9618?addrs=128.142.59.49-9618+[2001-1458-301-21--100-30]-9618&alias=b7s04p4032.cern.ch&noUDP&sock=slot1_20_7091_0039_2072>
...
040 (5415472.130.000) 07/11 14:15:12 Finished transferring input files
...
001 (5415472.130.000) 07/11 14:15:13 Job executing on host: <128.142.59.49:9618?addrs=128.142.59.49-9618+[2001-1458-301-21--100-30]-9618&alias=b7s04p4032.cern.ch&noUDP&sock=startd_6496_4b4e>
...
006 (5415472.130.000) 07/11 14:15:22 Image size of job updated: 537132
	54  -  MemoryUsage of job (MB)
	54584  -  ResidentSetSize of job (KB)
...
006 (5415472.130.000) 07/11 14:20:22 Image size of job updated: 1590900
	1004  -  MemoryUsage of job (MB)
	1027348  -  ResidentSetSize of job (KB)
...
006 (5415472.130.000) 07/12 23:38:49 Image size of job updated: 1591884
	1005  -  MemoryUsage of job (MB)
	1028256  -  ResidentSetSize of job (KB)
...
006 (5415472.130.000) 07/13 00:18:51 Image size of job updated: 1592788
	1006  -  MemoryUsage of job (MB)
	1029160  -  ResidentSetSize of job (KB)
...
006 (5415472.130.000) 07/13 00:58:58 Image size of job updated: 1593692
	1006  -  MemoryUsage of job (MB)
	1030064  -  ResidentSetSize of job (KB)
...
006 (5415472.130.000) 07/13 01:39:02 Image size of job updated: 1594600
	1007  -  MemoryUsage of job (MB)
	1030972  -  ResidentSetSize of job (KB)
...
006 (5415472.130.000) 07/13 02:19:06 Image size of job updated: 1595504
	1008  -  MemoryUsage of job (MB)
	1031876  -  ResidentSetSize of job (KB)
...
006 (5415472.130.000) 07/13 02:59:11 Image size of job updated: 1596412
	1009  -  MemoryUsage of job (MB)
	1032784  -  ResidentSetSize of job (KB)
...
006 (5415472.130.000) 07/13 03:39:16 Image size of job updated: 1597316
	1010  -  MemoryUsage of job (MB)
	1033688  -  ResidentSetSize of job (KB)
...
006 (5415472.130.000) 07/13 04:14:19 Image size of job updated: 1598220
	1011  -  MemoryUsage of job (MB)
	1034592  -  ResidentSetSize of job (KB)
...
006 (5415472.130.000) 07/13 04:54:22 Image size of job updated: 1599128
	1012  -  MemoryUsage of job (MB)
	1035500  -  ResidentSetSize of job (KB)
...
006 (5415472.130.000) 07/13 05:34:27 Image size of job updated: 1600032
	1013  -  MemoryUsage of job (MB)
	1036404  -  ResidentSetSize of job (KB)
...
006 (5415472.130.000) 07/13 06:14:29 Image size of job updated: 1600940
	1013  -  MemoryUsage of job (MB)
	1037312  -  ResidentSetSize of job (KB)
...
006 (5415472.130.000) 07/13 06:54:31 Image size of job updated: 1601844
	1014  -  MemoryUsage of job (MB)
	1038216  -  ResidentSetSize of job (KB)
...
006 (5415472.130.000) 07/13 07:39:39 Image size of job updated: 1602748
	1015  -  MemoryUsage of job (MB)
	1039120  -  ResidentSetSize of job (KB)
...
006 (5415472.130.000) 07/13 08:24:45 Image size of job updated: 1603656
	1016  -  MemoryUsage of job (MB)
	1040028  -  ResidentSetSize of job (KB)
...
006 (5415472.130.000) 07/13 09:09:50 Image size of job updated: 1604560
	1017  -  MemoryUsage of job (MB)
	1040932  -  ResidentSetSize of job (KB)
...
006 (5415472.130.000) 07/13 09:54:55 Image size of job updated: 1605468
	1018  -  MemoryUsage of job (MB)
	1041840  -  ResidentSetSize of job (KB)
...
006 (5415472.130.000) 07/13 10:34:58 Image size of job updated: 1606372
	1019  -  MemoryUsage of job (MB)
	1042744  -  ResidentSetSize of job (KB)
...
006 (5415472.130.000) 07/13 11:15:05 Image size of job updated: 1607276
	1020  -  MemoryUsage of job (MB)
	1043648  -  ResidentSetSize of job (KB)
...
006 (5415472.130.000) 07/13 11:56:18 Image size of job updated: 1608184
	1021  -  MemoryUsage of job (MB)
	1044556  -  ResidentSetSize of job (KB)
...
006 (5415472.130.000) 07/13 12:40:49 Image size of job updated: 1609088
	1021  -  MemoryUsage of job (MB)
	1045460  -  ResidentSetSize of job (KB)
...
006 (5415472.130.000) 07/13 13:16:23 Image size of job updated: 1609996
	1022  -  MemoryUsage of job (MB)
	1046368  -  ResidentSetSize of job (KB)
...
006 (5415472.130.000) 07/13 13:36:24 Image size of job updated: 1613068
	1024  -  MemoryUsage of job (MB)
	1047916  -  ResidentSetSize of job (KB)
...
006 (5415472.130.000) 07/13 13:56:26 Image size of job updated: 1613068
	1024  -  MemoryUsage of job (MB)
	1047928  -  ResidentSetSize of job (KB)
...
006 (5415472.130.000) 07/13 14:16:27 Image size of job updated: 1613068
	1024  -  MemoryUsage of job (MB)
	1047940  -  ResidentSetSize of job (KB)
...
006 (5415472.130.000) 07/13 14:36:29 Image size of job updated: 1613068
	1024  -  MemoryUsage of job (MB)
	1047948  -  ResidentSetSize of job (KB)
...
006 (5415472.130.000) 07/13 14:41:29 Image size of job updated: 1613972
	1025  -  MemoryUsage of job (MB)
	1048856  -  ResidentSetSize of job (KB)
...
006 (5415472.130.000) 07/13 15:01:30 Image size of job updated: 1613972
	1025  -  MemoryUsage of job (MB)
	1048868  -  ResidentSetSize of job (KB)
...
006 (5415472.130.000) 07/13 15:21:33 Image size of job updated: 1614880
	1026  -  MemoryUsage of job (MB)
	1049788  -  ResidentSetSize of job (KB)
...
006 (5415472.130.000) 07/13 15:46:35 Image size of job updated: 1614880
	1026  -  MemoryUsage of job (MB)
	1049800  -  ResidentSetSize of job (KB)
...
006 (5415472.130.000) 07/13 16:01:37 Image size of job updated: 1615784
	1027  -  MemoryUsage of job (MB)
	1050704  -  ResidentSetSize of job (KB)
...
006 (5415472.130.000) 07/13 16:06:38 Image size of job updated: 1615784
	1027  -  MemoryUsage of job (MB)
	1050716  -  ResidentSetSize of job (KB)
...
006 (5415472.130.000) 07/13 16:26:41 Image size of job updated: 1615784
	1027  -  MemoryUsage of job (MB)
	1050728  -  ResidentSetSize of job (KB)
...
006 (5415472.130.000) 07/13 16:46:44 Image size of job updated: 1616688
	1027  -  MemoryUsage of job (MB)
	1051632  -  ResidentSetSize of job (KB)
...
006 (5415472.130.000) 07/13 16:51:44 Image size of job updated: 1616688
	1027  -  MemoryUsage of job (MB)
	1051644  -  ResidentSetSize of job (KB)
...
006 (5415472.130.000) 07/13 17:11:46 Image size of job updated: 1616688
	1028  -  MemoryUsage of job (MB)
	1051656  -  ResidentSetSize of job (KB)
...
006 (5415472.130.000) 07/13 17:21:46 Image size of job updated: 1617596
	1028  -  MemoryUsage of job (MB)
	1052564  -  ResidentSetSize of job (KB)
...
006 (5415472.130.000) 07/13 17:30:49 Image size of job updated: 1617596
	1028  -  MemoryUsage of job (MB)
	1052576  -  ResidentSetSize of job (KB)
...
006 (5415472.130.000) 07/13 17:50:52 Image size of job updated: 1617596
	1028  -  MemoryUsage of job (MB)
	1052588  -  ResidentSetSize of job (KB)
...
006 (5415472.130.000) 07/13 18:00:52 Image size of job updated: 1618500
	1029  -  MemoryUsage of job (MB)
	1053492  -  ResidentSetSize of job (KB)
...
006 (5415472.130.000) 07/13 18:10:52 Image size of job updated: 1618500
	1029  -  MemoryUsage of job (MB)
	1053504  -  ResidentSetSize of job (KB)
...
006 (5415472.130.000) 07/13 18:30:54 Image size of job updated: 1618500
	1029  -  MemoryUsage of job (MB)
	1053516  -  ResidentSetSize of job (KB)
...
006 (5415472.130.000) 07/13 18:40:55 Image size of job updated: 1619408
	1030  -  MemoryUsage of job (MB)
	1054424  -  ResidentSetSize of job (KB)
...
006 (5415472.130.000) 07/13 18:50:56 Image size of job updated: 1619408
	1030  -  MemoryUsage of job (MB)
	1054436  -  ResidentSetSize of job (KB)
...
006 (5415472.130.000) 07/13 19:10:56 Image size of job updated: 1619408
	1030  -  MemoryUsage of job (MB)
	1054448  -  ResidentSetSize of job (KB)
...
006 (5415472.130.000) 07/13 19:15:56 Image size of job updated: 1620312
	1031  -  MemoryUsage of job (MB)
	1055352  -  ResidentSetSize of job (KB)
...
006 (5415472.130.000) 07/13 19:30:58 Image size of job updated: 1620312
	1031  -  MemoryUsage of job (MB)
	1055364  -  ResidentSetSize of job (KB)
...
006 (5415472.130.000) 07/13 19:56:01 Image size of job updated: 1621216
	1032  -  MemoryUsage of job (MB)
	1056280  -  ResidentSetSize of job (KB)
...
006 (5415472.130.000) 07/13 20:11:04 Image size of job updated: 1621216
	1032  -  MemoryUsage of job (MB)
	1056288  -  ResidentSetSize of job (KB)
...
006 (5415472.130.000) 07/13 20:16:05 Image size of job updated: 1621216
	1032  -  MemoryUsage of job (MB)
	1056296  -  ResidentSetSize of job (KB)
...
006 (5415472.130.000) 07/13 20:31:06 Image size of job updated: 1622124
	1033  -  MemoryUsage of job (MB)
	1057212  -  ResidentSetSize of job (KB)
...
006 (5415472.130.000) 07/13 20:51:09 Image size of job updated: 1622124
	1033  -  MemoryUsage of job (MB)
	1057224  -  ResidentSetSize of job (KB)
...
006 (5415472.130.000) 07/13 21:11:12 Image size of job updated: 1623028
	1034  -  MemoryUsage of job (MB)
	1058140  -  ResidentSetSize of job (KB)
...
006 (5415472.130.000) 07/13 21:36:17 Image size of job updated: 1623028
	1034  -  MemoryUsage of job (MB)
	1058152  -  ResidentSetSize of job (KB)
...
006 (5415472.130.000) 07/13 21:51:19 Image size of job updated: 1623936
	1035  -  MemoryUsage of job (MB)
	1059060  -  ResidentSetSize of job (KB)
...
006 (5415472.130.000) 07/13 21:56:20 Image size of job updated: 1623936
	1035  -  MemoryUsage of job (MB)
	1059072  -  ResidentSetSize of job (KB)
...
006 (5415472.130.000) 07/13 22:16:24 Image size of job updated: 1623936
	1035  -  MemoryUsage of job (MB)
	1059084  -  ResidentSetSize of job (KB)
...
006 (5415472.130.000) 07/13 22:31:26 Image size of job updated: 1624840
	1036  -  MemoryUsage of job (MB)
	1059988  -  ResidentSetSize of job (KB)
...
006 (5415472.130.000) 07/13 22:36:27 Image size of job updated: 1624840
	1036  -  MemoryUsage of job (MB)
	1060000  -  ResidentSetSize of job (KB)
...
006 (5415472.130.000) 07/13 23:01:28 Image size of job updated: 1624840
	1036  -  MemoryUsage of job (MB)
	1060012  -  ResidentSetSize of job (KB)
...
006 (5415472.130.000) 07/13 23:11:28 Image size of job updated: 1625744
	1037  -  MemoryUsage of job (MB)
	1060916  -  ResidentSetSize of job (KB)
...
006 (5415472.130.000) 07/13 23:21:28 Image size of job updated: 1625744
	1037  -  MemoryUsage of job (MB)
	1060928  -  ResidentSetSize of job (KB)
...
006 (5415472.130.000) 07/13 23:41:32 Image size of job updated: 1625744
	1037  -  MemoryUsage of job (MB)
	1060940  -  ResidentSetSize of job (KB)
...
006 (5415472.130.000) 07/13 23:51:33 Image size of job updated: 1626652
	1037  -  MemoryUsage of job (MB)
	1061848  -  ResidentSetSize of job (KB)
...
006 (5415472.130.000) 07/14 00:06:33 Image size of job updated: 1626652
	1037  -  MemoryUsage of job (MB)
	1061860  -  ResidentSetSize of job (KB)
...
006 (5415472.130.000) 07/14 00:26:35 Image size of job updated: 1626652
	1037  -  MemoryUsage of job (MB)
	1061872  -  ResidentSetSize of job (KB)
...
006 (5415472.130.000) 07/14 00:31:36 Image size of job updated: 1627556
	1038  -  MemoryUsage of job (MB)
	1062776  -  ResidentSetSize of job (KB)
...
006 (5415472.130.000) 07/14 00:51:39 Image size of job updated: 1627556
	1038  -  MemoryUsage of job (MB)
	1062788  -  ResidentSetSize of job (KB)
...
006 (5415472.130.000) 07/14 01:11:41 Image size of job updated: 1627556
	1038  -  MemoryUsage of job (MB)
	1062800  -  ResidentSetSize of job (KB)
...
006 (5415472.130.000) 07/14 01:16:41 Image size of job updated: 1628464
	1039  -  MemoryUsage of job (MB)
	1063708  -  ResidentSetSize of job (KB)
...
006 (5415472.130.000) 07/14 01:31:41 Image size of job updated: 1628464
	1039  -  MemoryUsage of job (MB)
	1063720  -  ResidentSetSize of job (KB)
...
006 (5415472.130.000) 07/14 01:51:41 Image size of job updated: 1628464
	1039  -  MemoryUsage of job (MB)
	1063732  -  ResidentSetSize of job (KB)
...
006 (5415472.130.000) 07/14 01:56:41 Image size of job updated: 1629368
	1040  -  MemoryUsage of job (MB)
	1064636  -  ResidentSetSize of job (KB)
...
006 (5415472.130.000) 07/14 02:16:43 Image size of job updated: 1629368
	1040  -  MemoryUsage of job (MB)
	1064648  -  ResidentSetSize of job (KB)
...
006 (5415472.130.000) 07/14 02:36:45 Image size of job updated: 1630276
	1041  -  MemoryUsage of job (MB)
	1065568  -  ResidentSetSize of job (KB)
...
006 (5415472.130.000) 07/14 03:01:50 Image size of job updated: 1630276
	1041  -  MemoryUsage of job (MB)
	1065580  -  ResidentSetSize of job (KB)
...
006 (5415472.130.000) 07/14 03:16:51 Image size of job updated: 1631180
	1042  -  MemoryUsage of job (MB)
	1066484  -  ResidentSetSize of job (KB)
...
006 (5415472.130.000) 07/14 03:21:51 Image size of job updated: 1631180
	1042  -  MemoryUsage of job (MB)
	1066496  -  ResidentSetSize of job (KB)
...
006 (5415472.130.000) 07/14 03:46:53 Image size of job updated: 1631180
	1042  -  MemoryUsage of job (MB)
	1066508  -  ResidentSetSize of job (KB)
...
006 (5415472.130.000) 07/14 04:01:55 Image size of job updated: 1632084
	1043  -  MemoryUsage of job (MB)
	1067412  -  ResidentSetSize of job (KB)
...
006 (5415472.130.000) 07/14 04:06:56 Image size of job updated: 1632084
	1043  -  MemoryUsage of job (MB)
	1067424  -  ResidentSetSize of job (KB)
...
006 (5415472.130.000) 07/14 04:31:58 Image size of job updated: 1632084
	1043  -  MemoryUsage of job (MB)
	1067436  -  ResidentSetSize of job (KB)
...
006 (5415472.130.000) 07/14 04:47:00 Image size of job updated: 1632992
	1044  -  MemoryUsage of job (MB)
	1068344  -  ResidentSetSize of job (KB)
...
006 (5415472.130.000) 07/14 04:57:01 Image size of job updated: 1632992
	1044  -  MemoryUsage of job (MB)
	1068356  -  ResidentSetSize of job (KB)
...
006 (5415472.130.000) 07/14 05:17:04 Image size of job updated: 1632992
	1044  -  MemoryUsage of job (MB)
	1068368  -  ResidentSetSize of job (KB)
...
006 (5415472.130.000) 07/14 05:32:06 Image size of job updated: 1633896
	1045  -  MemoryUsage of job (MB)
	1069272  -  ResidentSetSize of job (KB)
...
006 (5415472.130.000) 07/14 05:42:07 Image size of job updated: 1633896
	1045  -  MemoryUsage of job (MB)
	1069284  -  ResidentSetSize of job (KB)
...
006 (5415472.130.000) 07/14 06:02:10 Image size of job updated: 1633896
	1045  -  MemoryUsage of job (MB)
	1069296  -  ResidentSetSize of job (KB)
...
006 (5415472.130.000) 07/14 06:12:11 Image size of job updated: 1634804
	1046  -  MemoryUsage of job (MB)
	1070204  -  ResidentSetSize of job (KB)
...
006 (5415472.130.000) 07/14 06:27:12 Image size of job updated: 1634804
	1046  -  MemoryUsage of job (MB)
	1070216  -  ResidentSetSize of job (KB)
...
006 (5415472.130.000) 07/14 06:47:14 Image size of job updated: 1634804
	1046  -  MemoryUsage of job (MB)
	1070228  -  ResidentSetSize of job (KB)
...
006 (5415472.130.000) 07/14 06:52:15 Image size of job updated: 1635708
	1047  -  MemoryUsage of job (MB)
	1071132  -  ResidentSetSize of job (KB)
...
006 (5415472.130.000) 07/14 07:07:16 Image size of job updated: 1635708
	1047  -  MemoryUsage of job (MB)
	1071144  -  ResidentSetSize of job (KB)
...
006 (5415472.130.000) 07/14 07:32:20 Image size of job updated: 1635708
	1047  -  MemoryUsage of job (MB)
	1071156  -  ResidentSetSize of job (KB)
...
006 (5415472.130.000) 07/14 07:37:20 Image size of job updated: 1636612
	1047  -  MemoryUsage of job (MB)
	1072060  -  ResidentSetSize of job (KB)
...
006 (5415472.130.000) 07/14 07:52:20 Image size of job updated: 1636612
	1047  -  MemoryUsage of job (MB)
	1072072  -  ResidentSetSize of job (KB)
...
006 (5415472.130.000) 07/14 08:17:23 Image size of job updated: 1637520
	1048  -  MemoryUsage of job (MB)
	1072992  -  ResidentSetSize of job (KB)
...
006 (5415472.130.000) 07/14 08:37:25 Image size of job updated: 1637520
	1048  -  MemoryUsage of job (MB)
	1073004  -  ResidentSetSize of job (KB)
...
006 (5415472.130.000) 07/14 08:57:26 Image size of job updated: 1638424
	1049  -  MemoryUsage of job (MB)
	1073920  -  ResidentSetSize of job (KB)
...
006 (5415472.130.000) 07/14 09:22:29 Image size of job updated: 1638424
	1049  -  MemoryUsage of job (MB)
	1073932  -  ResidentSetSize of job (KB)
...
006 (5415472.130.000) 07/14 09:37:30 Image size of job updated: 1639332
	1050  -  MemoryUsage of job (MB)
	1074840  -  ResidentSetSize of job (KB)
...
006 (5415472.130.000) 07/14 09:42:30 Image size of job updated: 1639332
	1050  -  MemoryUsage of job (MB)
	1074852  -  ResidentSetSize of job (KB)
...
006 (5415472.130.000) 07/14 10:02:32 Image size of job updated: 1639332
	1050  -  MemoryUsage of job (MB)
	1074864  -  ResidentSetSize of job (KB)
...
006 (5415472.130.000) 07/14 10:17:34 Image size of job updated: 1643860
	1055  -  MemoryUsage of job (MB)
	1079392  -  ResidentSetSize of job (KB)
...
006 (5415472.130.000) 07/14 10:22:34 Image size of job updated: 1643860
	1055  -  MemoryUsage of job (MB)
	1079404  -  ResidentSetSize of job (KB)
...
006 (5415472.130.000) 07/14 10:42:38 Image size of job updated: 1643860
	1055  -  MemoryUsage of job (MB)
	1079416  -  ResidentSetSize of job (KB)
...
006 (5415472.130.000) 07/14 11:02:40 Image size of job updated: 1643860
	1055  -  MemoryUsage of job (MB)
	1079428  -  ResidentSetSize of job (KB)
...
006 (5415472.130.000) 07/14 11:22:42 Image size of job updated: 1643860
	1055  -  MemoryUsage of job (MB)
	1079440  -  ResidentSetSize of job (KB)
...
006 (5415472.130.000) 07/14 11:42:43 Image size of job updated: 1643860
	1055  -  MemoryUsage of job (MB)
	1079448  -  ResidentSetSize of job (KB)
...
006 (5415472.130.000) 07/14 11:47:44 Image size of job updated: 1643860
	1055  -  MemoryUsage of job (MB)
	1079452  -  ResidentSetSize of job (KB)
...
006 (5415472.130.000) 07/14 12:07:47 Image size of job updated: 1643860
	1055  -  MemoryUsage of job (MB)
	1079464  -  ResidentSetSize of job (KB)
...
006 (5415472.130.000) 07/14 12:32:50 Image size of job updated: 1643860
	1055  -  MemoryUsage of job (MB)
	1079476  -  ResidentSetSize of job (KB)
...
006 (5415472.130.000) 07/14 12:52:53 Image size of job updated: 1643860
	1055  -  MemoryUsage of job (MB)
	1079488  -  ResidentSetSize of job (KB)
...
006 (5415472.130.000) 07/14 13:17:54 Image size of job updated: 1643860
	1055  -  MemoryUsage of job (MB)
	1079500  -  ResidentSetSize of job (KB)
...
006 (5415472.130.000) 07/14 13:42:56 Image size of job updated: 1643860
	1055  -  MemoryUsage of job (MB)
	1079512  -  ResidentSetSize of job (KB)
...
006 (5415472.130.000) 07/14 14:08:01 Image size of job updated: 1643860
	1055  -  MemoryUsage of job (MB)
	1079524  -  ResidentSetSize of job (KB)
...
006 (5415472.130.000) 07/14 14:33:03 Image size of job updated: 1643860
	1055  -  MemoryUsage of job (MB)
	1079536  -  ResidentSetSize of job (KB)
...
006 (5415472.130.000) 07/14 14:58:05 Image size of job updated: 1643860
	1055  -  MemoryUsage of job (MB)
	1079548  -  ResidentSetSize of job (KB)
...
006 (5415472.130.000) 07/14 15:18:07 Image size of job updated: 1643860
	1055  -  MemoryUsage of job (MB)
	1079560  -  ResidentSetSize of job (KB)
...
006 (5415472.130.000) 07/14 15:43:11 Image size of job updated: 1643860
	1055  -  MemoryUsage of job (MB)
	1079572  -  ResidentSetSize of job (KB)
...
006 (5415472.130.000) 07/14 16:08:13 Image size of job updated: 1643860
	1055  -  MemoryUsage of job (MB)
	1079584  -  ResidentSetSize of job (KB)
...
006 (5415472.130.000) 07/14 16:33:14 Image size of job updated: 1643860
	1055  -  MemoryUsage of job (MB)
	1079596  -  ResidentSetSize of job (KB)
...
006 (5415472.130.000) 07/14 16:53:16 Image size of job updated: 1643860
	1055  -  MemoryUsage of job (MB)
	1079608  -  ResidentSetSize of job (KB)
...
006 (5415472.130.000) 07/14 17:18:18 Image size of job updated: 1643860
	1055  -  MemoryUsage of job (MB)
	1079620  -  ResidentSetSize of job (KB)
...
006 (5415472.130.000) 07/14 17:43:22 Image size of job updated: 1643860
	1055  -  MemoryUsage of job (MB)
	1079632  -  ResidentSetSize of job (KB)
...
006 (5415472.130.000) 07/15 13:01:31 Image size of job updated: 1647956
	1055  -  MemoryUsage of job (MB)
	1079632  -  ResidentSetSize of job (KB)
...
006 (5415472.130.000) 07/17 19:57:38 Image size of job updated: 1686288
	1055  -  MemoryUsage of job (MB)
	1079632  -  ResidentSetSize of job (KB)
...
040 (5415472.130.000) 07/17 19:57:38 Started transferring output files
...
040 (5415472.130.000) 07/17 19:57:41 Finished transferring output files
...
005 (5415472.130.000) 07/17 19:57:41 Job terminated.
	(1) Normal termination (return value 0)
		Usr 19 06:47:45, Sys 0 00:30:30  -  Run Remote Usage
		Usr 0 00:00:00, Sys 0 00:00:00  -  Run Local Usage
		Usr 19 06:47:45, Sys 0 00:30:30  -  Total Remote Usage
		Usr 0 00:00:00, Sys 0 00:00:00  -  Total Local Usage
	37348804  -  Run Bytes Sent By Job
	803  -  Run Bytes Received By Job
	37348804  -  Total Bytes Sent By Job
	803  -  Total Bytes Received By Job
	Partitionable Resources :    Usage  Request Allocated 
	   Cpus                 :     3.08        4         4 
	   Disk (KB)            : 36500    10485760  11283119 
	   Memory (MB)          :  1055        8000      8000 

	Job terminated of its own accord at 2021-07-17T17:57:38Z.
...
