000 (5415472.366.000) 07/11 14:02:29 Job submitted from host: <137.138.156.150:9618?addrs=137.138.156.150-9618+[2001-1458-d00-14--9a]-9618&alias=bigbird13.cern.ch&noUDP&sock=schedd_1788_ff6c>
...
040 (5415472.366.000) 07/11 16:03:46 Started transferring input files
	Transferring to host: <188.184.196.214:9618?addrs=188.184.196.214-9618+[2001-1458-301-102--100-a5]-9618&alias=b7g24n0380.cern.ch&noUDP&sock=slot1_1_23459_bcd3_117638>
...
040 (5415472.366.000) 07/11 16:03:46 Finished transferring input files
...
001 (5415472.366.000) 07/11 16:03:47 Job executing on host: <188.184.196.214:9618?addrs=188.184.196.214-9618+[2001-1458-301-102--100-a5]-9618&alias=b7g24n0380.cern.ch&noUDP&sock=startd_20288_7580>
...
006 (5415472.366.000) 07/11 16:03:55 Image size of job updated: 127528
	48  -  MemoryUsage of job (MB)
	48932  -  ResidentSetSize of job (KB)
...
006 (5415472.366.000) 07/11 16:08:55 Image size of job updated: 1590892
	1004  -  MemoryUsage of job (MB)
	1027324  -  ResidentSetSize of job (KB)
...
006 (5415472.366.000) 07/14 03:22:42 Image size of job updated: 1591872
	1005  -  MemoryUsage of job (MB)
	1028228  -  ResidentSetSize of job (KB)
...
006 (5415472.366.000) 07/14 04:32:48 Image size of job updated: 1592776
	1006  -  MemoryUsage of job (MB)
	1029132  -  ResidentSetSize of job (KB)
...
006 (5415472.366.000) 07/14 05:47:52 Image size of job updated: 1593684
	1006  -  MemoryUsage of job (MB)
	1030040  -  ResidentSetSize of job (KB)
...
006 (5415472.366.000) 07/14 06:58:00 Image size of job updated: 1594588
	1007  -  MemoryUsage of job (MB)
	1030944  -  ResidentSetSize of job (KB)
...
006 (5415472.366.000) 07/14 08:13:06 Image size of job updated: 1595496
	1008  -  MemoryUsage of job (MB)
	1031852  -  ResidentSetSize of job (KB)
...
006 (5415472.366.000) 07/14 09:18:11 Image size of job updated: 1596400
	1009  -  MemoryUsage of job (MB)
	1032756  -  ResidentSetSize of job (KB)
...
006 (5415472.366.000) 07/14 10:23:16 Image size of job updated: 1596400
	1010  -  MemoryUsage of job (MB)
	1033660  -  ResidentSetSize of job (KB)
...
006 (5415472.366.000) 07/14 10:28:16 Image size of job updated: 1597308
	1010  -  MemoryUsage of job (MB)
	1033660  -  ResidentSetSize of job (KB)
...
006 (5415472.366.000) 07/14 11:38:22 Image size of job updated: 1598212
	1011  -  MemoryUsage of job (MB)
	1034568  -  ResidentSetSize of job (KB)
...
006 (5415472.366.000) 07/14 12:48:28 Image size of job updated: 1599116
	1012  -  MemoryUsage of job (MB)
	1035472  -  ResidentSetSize of job (KB)
...
006 (5415472.366.000) 07/14 14:03:33 Image size of job updated: 1600024
	1013  -  MemoryUsage of job (MB)
	1036380  -  ResidentSetSize of job (KB)
...
006 (5415472.366.000) 07/14 15:23:42 Image size of job updated: 1600928
	1013  -  MemoryUsage of job (MB)
	1037284  -  ResidentSetSize of job (KB)
...
006 (5415472.366.000) 07/14 16:38:52 Image size of job updated: 1601836
	1014  -  MemoryUsage of job (MB)
	1038192  -  ResidentSetSize of job (KB)
...
006 (5415472.366.000) 07/14 17:53:58 Image size of job updated: 1602740
	1015  -  MemoryUsage of job (MB)
	1039096  -  ResidentSetSize of job (KB)
...
006 (5415472.366.000) 07/14 19:14:08 Image size of job updated: 1603644
	1016  -  MemoryUsage of job (MB)
	1040000  -  ResidentSetSize of job (KB)
...
006 (5415472.366.000) 07/14 20:29:16 Image size of job updated: 1604552
	1017  -  MemoryUsage of job (MB)
	1040908  -  ResidentSetSize of job (KB)
...
006 (5415472.366.000) 07/14 21:45:48 Image size of job updated: 1605456
	1018  -  MemoryUsage of job (MB)
	1041812  -  ResidentSetSize of job (KB)
...
006 (5415472.366.000) 07/14 23:05:58 Image size of job updated: 1606364
	1019  -  MemoryUsage of job (MB)
	1042720  -  ResidentSetSize of job (KB)
...
006 (5415472.366.000) 07/15 00:21:05 Image size of job updated: 1607268
	1020  -  MemoryUsage of job (MB)
	1043624  -  ResidentSetSize of job (KB)
...
006 (5415472.366.000) 07/15 01:36:09 Image size of job updated: 1608172
	1021  -  MemoryUsage of job (MB)
	1044528  -  ResidentSetSize of job (KB)
...
006 (5415472.366.000) 07/15 02:46:16 Image size of job updated: 1609080
	1021  -  MemoryUsage of job (MB)
	1045436  -  ResidentSetSize of job (KB)
...
006 (5415472.366.000) 07/15 03:56:21 Image size of job updated: 1609984
	1022  -  MemoryUsage of job (MB)
	1046340  -  ResidentSetSize of job (KB)
...
006 (5415472.366.000) 07/15 04:31:24 Image size of job updated: 1613056
	1024  -  MemoryUsage of job (MB)
	1047888  -  ResidentSetSize of job (KB)
...
006 (5415472.366.000) 07/15 04:41:26 Image size of job updated: 1613056
	1024  -  MemoryUsage of job (MB)
	1047900  -  ResidentSetSize of job (KB)
...
006 (5415472.366.000) 07/15 05:16:30 Image size of job updated: 1613056
	1024  -  MemoryUsage of job (MB)
	1047912  -  ResidentSetSize of job (KB)
...
006 (5415472.366.000) 07/15 05:56:33 Image size of job updated: 1613056
	1024  -  MemoryUsage of job (MB)
	1047924  -  ResidentSetSize of job (KB)
...
006 (5415472.366.000) 07/15 06:21:36 Image size of job updated: 1613964
	1025  -  MemoryUsage of job (MB)
	1048832  -  ResidentSetSize of job (KB)
...
006 (5415472.366.000) 07/15 06:36:38 Image size of job updated: 1613964
	1025  -  MemoryUsage of job (MB)
	1048844  -  ResidentSetSize of job (KB)
...
006 (5415472.366.000) 07/15 07:16:41 Image size of job updated: 1613964
	1025  -  MemoryUsage of job (MB)
	1048856  -  ResidentSetSize of job (KB)
...
006 (5415472.366.000) 07/15 07:36:43 Image size of job updated: 1614868
	1026  -  MemoryUsage of job (MB)
	1049760  -  ResidentSetSize of job (KB)
...
006 (5415472.366.000) 07/15 07:56:45 Image size of job updated: 1614868
	1026  -  MemoryUsage of job (MB)
	1049772  -  ResidentSetSize of job (KB)
...
006 (5415472.366.000) 07/15 08:36:52 Image size of job updated: 1614868
	1026  -  MemoryUsage of job (MB)
	1049784  -  ResidentSetSize of job (KB)
...
006 (5415472.366.000) 07/15 08:51:54 Image size of job updated: 1615772
	1027  -  MemoryUsage of job (MB)
	1050688  -  ResidentSetSize of job (KB)
...
006 (5415472.366.000) 07/15 09:16:56 Image size of job updated: 1615772
	1027  -  MemoryUsage of job (MB)
	1050700  -  ResidentSetSize of job (KB)
...
006 (5415472.366.000) 07/15 09:57:01 Image size of job updated: 1615772
	1027  -  MemoryUsage of job (MB)
	1050712  -  ResidentSetSize of job (KB)
...
006 (5415472.366.000) 07/15 10:12:02 Image size of job updated: 1616680
	1027  -  MemoryUsage of job (MB)
	1051620  -  ResidentSetSize of job (KB)
...
006 (5415472.366.000) 07/15 10:42:05 Image size of job updated: 1616680
	1027  -  MemoryUsage of job (MB)
	1051632  -  ResidentSetSize of job (KB)
...
006 (5415472.366.000) 07/15 11:22:11 Image size of job updated: 1616680
	1027  -  MemoryUsage of job (MB)
	1051644  -  ResidentSetSize of job (KB)
...
006 (5415472.366.000) 07/15 11:27:11 Image size of job updated: 1617584
	1028  -  MemoryUsage of job (MB)
	1052548  -  ResidentSetSize of job (KB)
...
006 (5415472.366.000) 07/15 12:02:17 Image size of job updated: 1617584
	1028  -  MemoryUsage of job (MB)
	1052560  -  ResidentSetSize of job (KB)
...
006 (5415472.366.000) 07/15 12:42:21 Image size of job updated: 1618492
	1029  -  MemoryUsage of job (MB)
	1053480  -  ResidentSetSize of job (KB)
...
006 (5415472.366.000) 07/15 13:22:26 Image size of job updated: 1618492
	1029  -  MemoryUsage of job (MB)
	1053492  -  ResidentSetSize of job (KB)
...
006 (5415472.366.000) 07/15 13:57:28 Image size of job updated: 1618492
	1030  -  MemoryUsage of job (MB)
	1054396  -  ResidentSetSize of job (KB)
...
006 (5415472.366.000) 07/15 14:02:29 Image size of job updated: 1619396
	1030  -  MemoryUsage of job (MB)
	1054408  -  ResidentSetSize of job (KB)
...
006 (5415472.366.000) 07/15 14:42:34 Image size of job updated: 1619396
	1030  -  MemoryUsage of job (MB)
	1054420  -  ResidentSetSize of job (KB)
...
006 (5415472.366.000) 07/15 15:17:37 Image size of job updated: 1620304
	1031  -  MemoryUsage of job (MB)
	1055328  -  ResidentSetSize of job (KB)
...
006 (5415472.366.000) 07/15 15:22:37 Image size of job updated: 1620304
	1031  -  MemoryUsage of job (MB)
	1055340  -  ResidentSetSize of job (KB)
...
006 (5415472.366.000) 07/15 16:02:44 Image size of job updated: 1620304
	1031  -  MemoryUsage of job (MB)
	1055344  -  ResidentSetSize of job (KB)
...
006 (5415472.366.000) 07/15 16:07:44 Image size of job updated: 1620304
	1031  -  MemoryUsage of job (MB)
	1055352  -  ResidentSetSize of job (KB)
...
006 (5415472.366.000) 07/15 16:32:47 Image size of job updated: 1621208
	1032  -  MemoryUsage of job (MB)
	1056256  -  ResidentSetSize of job (KB)
...
006 (5415472.366.000) 07/15 16:47:49 Image size of job updated: 1621208
	1032  -  MemoryUsage of job (MB)
	1056268  -  ResidentSetSize of job (KB)
...
006 (5415472.366.000) 07/15 17:27:55 Image size of job updated: 1621208
	1032  -  MemoryUsage of job (MB)
	1056280  -  ResidentSetSize of job (KB)
...
006 (5415472.366.000) 07/15 17:47:57 Image size of job updated: 1622112
	1033  -  MemoryUsage of job (MB)
	1057184  -  ResidentSetSize of job (KB)
...
006 (5415472.366.000) 07/15 18:07:58 Image size of job updated: 1622112
	1033  -  MemoryUsage of job (MB)
	1057196  -  ResidentSetSize of job (KB)
...
006 (5415472.366.000) 07/15 18:48:03 Image size of job updated: 1622112
	1033  -  MemoryUsage of job (MB)
	1057208  -  ResidentSetSize of job (KB)
...
006 (5415472.366.000) 07/15 19:03:03 Image size of job updated: 1623020
	1034  -  MemoryUsage of job (MB)
	1058116  -  ResidentSetSize of job (KB)
...
006 (5415472.366.000) 07/15 19:28:06 Image size of job updated: 1623020
	1034  -  MemoryUsage of job (MB)
	1058128  -  ResidentSetSize of job (KB)
...
006 (5415472.366.000) 07/15 20:08:11 Image size of job updated: 1623020
	1034  -  MemoryUsage of job (MB)
	1058140  -  ResidentSetSize of job (KB)
...
006 (5415472.366.000) 07/15 20:18:12 Image size of job updated: 1623924
	1035  -  MemoryUsage of job (MB)
	1059044  -  ResidentSetSize of job (KB)
...
006 (5415472.366.000) 07/15 20:43:16 Image size of job updated: 1623924
	1035  -  MemoryUsage of job (MB)
	1059056  -  ResidentSetSize of job (KB)
...
006 (5415472.366.000) 07/15 21:23:18 Image size of job updated: 1623924
	1035  -  MemoryUsage of job (MB)
	1059068  -  ResidentSetSize of job (KB)
...
006 (5415472.366.000) 07/15 21:28:19 Image size of job updated: 1624832
	1036  -  MemoryUsage of job (MB)
	1059976  -  ResidentSetSize of job (KB)
...
006 (5415472.366.000) 07/15 21:58:24 Image size of job updated: 1624832
	1036  -  MemoryUsage of job (MB)
	1059988  -  ResidentSetSize of job (KB)
...
006 (5415472.366.000) 07/15 22:38:31 Image size of job updated: 1624832
	1036  -  MemoryUsage of job (MB)
	1060000  -  ResidentSetSize of job (KB)
...
006 (5415472.366.000) 07/15 22:43:31 Image size of job updated: 1625736
	1037  -  MemoryUsage of job (MB)
	1060904  -  ResidentSetSize of job (KB)
...
006 (5415472.366.000) 07/15 23:18:34 Image size of job updated: 1625736
	1037  -  MemoryUsage of job (MB)
	1060916  -  ResidentSetSize of job (KB)
...
006 (5415472.366.000) 07/15 23:58:38 Image size of job updated: 1626640
	1037  -  MemoryUsage of job (MB)
	1061832  -  ResidentSetSize of job (KB)
...
006 (5415472.366.000) 07/16 00:38:43 Image size of job updated: 1626640
	1037  -  MemoryUsage of job (MB)
	1061844  -  ResidentSetSize of job (KB)
...
006 (5415472.366.000) 07/16 01:13:47 Image size of job updated: 1627548
	1038  -  MemoryUsage of job (MB)
	1062752  -  ResidentSetSize of job (KB)
...
006 (5415472.366.000) 07/16 01:18:48 Image size of job updated: 1627548
	1038  -  MemoryUsage of job (MB)
	1062764  -  ResidentSetSize of job (KB)
...
006 (5415472.366.000) 07/16 01:58:53 Image size of job updated: 1627548
	1038  -  MemoryUsage of job (MB)
	1062776  -  ResidentSetSize of job (KB)
...
006 (5415472.366.000) 07/16 02:28:56 Image size of job updated: 1628452
	1039  -  MemoryUsage of job (MB)
	1063680  -  ResidentSetSize of job (KB)
...
006 (5415472.366.000) 07/16 02:38:58 Image size of job updated: 1628452
	1039  -  MemoryUsage of job (MB)
	1063692  -  ResidentSetSize of job (KB)
...
006 (5415472.366.000) 07/16 03:19:01 Image size of job updated: 1628452
	1039  -  MemoryUsage of job (MB)
	1063704  -  ResidentSetSize of job (KB)
...
006 (5415472.366.000) 07/16 03:39:04 Image size of job updated: 1629360
	1040  -  MemoryUsage of job (MB)
	1064612  -  ResidentSetSize of job (KB)
...
006 (5415472.366.000) 07/16 03:54:06 Image size of job updated: 1629360
	1040  -  MemoryUsage of job (MB)
	1064624  -  ResidentSetSize of job (KB)
...
006 (5415472.366.000) 07/16 04:29:09 Image size of job updated: 1629360
	1040  -  MemoryUsage of job (MB)
	1064636  -  ResidentSetSize of job (KB)
...
006 (5415472.366.000) 07/16 04:49:11 Image size of job updated: 1630264
	1041  -  MemoryUsage of job (MB)
	1065540  -  ResidentSetSize of job (KB)
...
006 (5415472.366.000) 07/16 05:04:13 Image size of job updated: 1630264
	1041  -  MemoryUsage of job (MB)
	1065552  -  ResidentSetSize of job (KB)
...
006 (5415472.366.000) 07/16 05:39:16 Image size of job updated: 1630264
	1041  -  MemoryUsage of job (MB)
	1065560  -  ResidentSetSize of job (KB)
...
006 (5415472.366.000) 07/16 05:44:17 Image size of job updated: 1630264
	1041  -  MemoryUsage of job (MB)
	1065564  -  ResidentSetSize of job (KB)
...
006 (5415472.366.000) 07/16 05:54:18 Image size of job updated: 1631168
	1042  -  MemoryUsage of job (MB)
	1066468  -  ResidentSetSize of job (KB)
...
006 (5415472.366.000) 07/16 06:59:22 Image size of job updated: 1632076
	1042  -  MemoryUsage of job (MB)
	1066468  -  ResidentSetSize of job (KB)
...
006 (5415472.366.000) 07/16 08:09:27 Image size of job updated: 1632980
	1042  -  MemoryUsage of job (MB)
	1066468  -  ResidentSetSize of job (KB)
...
006 (5415472.366.000) 07/16 09:14:36 Image size of job updated: 1633888
	1042  -  MemoryUsage of job (MB)
	1066468  -  ResidentSetSize of job (KB)
...
006 (5415472.366.000) 07/16 10:14:41 Image size of job updated: 1634792
	1042  -  MemoryUsage of job (MB)
	1066468  -  ResidentSetSize of job (KB)
...
006 (5415472.366.000) 07/16 11:19:50 Image size of job updated: 1635700
	1042  -  MemoryUsage of job (MB)
	1066468  -  ResidentSetSize of job (KB)
...
006 (5415472.366.000) 07/16 12:15:06 Image size of job updated: 1636604
	1042  -  MemoryUsage of job (MB)
	1066468  -  ResidentSetSize of job (KB)
...
006 (5415472.366.000) 07/16 13:25:13 Image size of job updated: 1637508
	1042  -  MemoryUsage of job (MB)
	1066468  -  ResidentSetSize of job (KB)
...
006 (5415472.366.000) 07/16 14:30:19 Image size of job updated: 1642036
	1042  -  MemoryUsage of job (MB)
	1066468  -  ResidentSetSize of job (KB)
...
006 (5415472.366.000) 07/18 14:06:26 Image size of job updated: 1646132
	1042  -  MemoryUsage of job (MB)
	1066468  -  ResidentSetSize of job (KB)
...
040 (5415472.366.000) 07/19 16:04:12 Started transferring output files
...
040 (5415472.366.000) 07/19 16:04:12 Finished transferring output files
...
009 (5415472.366.000) 07/19 16:04:12 Job was aborted.
	Job removed by SYSTEM_PERIODIC_REMOVE due to wall time exceeded allowed max.
...
