000 (5415472.010.000) 07/11 14:02:28 Job submitted from host: <137.138.156.150:9618?addrs=137.138.156.150-9618+[2001-1458-d00-14--9a]-9618&alias=bigbird13.cern.ch&noUDP&sock=schedd_1788_ff6c>
...
040 (5415472.010.000) 07/11 14:03:18 Started transferring input files
	Transferring to host: <128.142.77.234:9618?addrs=128.142.77.234-9618&alias=b7s12n4087.cern.ch&noUDP&sock=slot1_11_6418_cfbe_59472>
...
040 (5415472.010.000) 07/11 14:03:18 Finished transferring input files
...
001 (5415472.010.000) 07/11 14:03:19 Job executing on host: <128.142.77.234:9618?addrs=128.142.77.234-9618&alias=b7s12n4087.cern.ch&noUDP&sock=startd_5079_599b>
...
006 (5415472.010.000) 07/11 14:03:28 Image size of job updated: 99964
	33  -  MemoryUsage of job (MB)
	33420  -  ResidentSetSize of job (KB)
...
006 (5415472.010.000) 07/11 14:08:29 Image size of job updated: 1591000
	1004  -  MemoryUsage of job (MB)
	1027456  -  ResidentSetSize of job (KB)
...
006 (5415472.010.000) 07/13 20:18:49 Image size of job updated: 1591980
	1004  -  MemoryUsage of job (MB)
	1027456  -  ResidentSetSize of job (KB)
...
006 (5415472.010.000) 07/13 21:28:56 Image size of job updated: 1592888
	1004  -  MemoryUsage of job (MB)
	1027456  -  ResidentSetSize of job (KB)
...
006 (5415472.010.000) 07/13 22:34:01 Image size of job updated: 1593792
	1004  -  MemoryUsage of job (MB)
	1027456  -  ResidentSetSize of job (KB)
...
006 (5415472.010.000) 07/13 23:44:07 Image size of job updated: 1594696
	1004  -  MemoryUsage of job (MB)
	1027456  -  ResidentSetSize of job (KB)
...
006 (5415472.010.000) 07/14 00:54:16 Image size of job updated: 1595604
	1004  -  MemoryUsage of job (MB)
	1027456  -  ResidentSetSize of job (KB)
...
006 (5415472.010.000) 07/14 01:59:22 Image size of job updated: 1596508
	1004  -  MemoryUsage of job (MB)
	1027456  -  ResidentSetSize of job (KB)
...
006 (5415472.010.000) 07/14 02:54:28 Image size of job updated: 1597416
	1004  -  MemoryUsage of job (MB)
	1027456  -  ResidentSetSize of job (KB)
...
006 (5415472.010.000) 07/14 04:04:34 Image size of job updated: 1598320
	1004  -  MemoryUsage of job (MB)
	1027456  -  ResidentSetSize of job (KB)
...
006 (5415472.010.000) 07/14 05:14:41 Image size of job updated: 1599228
	1004  -  MemoryUsage of job (MB)
	1027456  -  ResidentSetSize of job (KB)
...
006 (5415472.010.000) 07/14 06:19:47 Image size of job updated: 1600132
	1004  -  MemoryUsage of job (MB)
	1027456  -  ResidentSetSize of job (KB)
...
006 (5415472.010.000) 07/14 07:24:56 Image size of job updated: 1601036
	1004  -  MemoryUsage of job (MB)
	1027456  -  ResidentSetSize of job (KB)
...
006 (5415472.010.000) 07/14 08:30:00 Image size of job updated: 1601944
	1004  -  MemoryUsage of job (MB)
	1027456  -  ResidentSetSize of job (KB)
...
006 (5415472.010.000) 07/14 09:20:04 Image size of job updated: 1602848
	1004  -  MemoryUsage of job (MB)
	1027456  -  ResidentSetSize of job (KB)
...
006 (5415472.010.000) 07/14 10:25:12 Image size of job updated: 1603756
	1004  -  MemoryUsage of job (MB)
	1027456  -  ResidentSetSize of job (KB)
...
006 (5415472.010.000) 07/14 11:30:16 Image size of job updated: 1604660
	1004  -  MemoryUsage of job (MB)
	1027456  -  ResidentSetSize of job (KB)
...
006 (5415472.010.000) 07/14 12:40:24 Image size of job updated: 1605564
	1004  -  MemoryUsage of job (MB)
	1027456  -  ResidentSetSize of job (KB)
...
006 (5415472.010.000) 07/14 13:45:31 Image size of job updated: 1610092
	1004  -  MemoryUsage of job (MB)
	1027456  -  ResidentSetSize of job (KB)
...
006 (5415472.010.000) 07/14 18:21:02 Image size of job updated: 1613164
	1004  -  MemoryUsage of job (MB)
	1027456  -  ResidentSetSize of job (KB)
...
007 (5415472.010.000) 07/14 21:09:53 Shadow exception!
	Assertion ERROR on (result)
	0  -  Run Bytes Sent By Job
	803  -  Run Bytes Received By Job
...
040 (5415472.010.000) 07/14 21:16:37 Started transferring input files
	Transferring to host: <128.142.193.144:9618?addrs=128.142.193.144-9618+[2001-1458-301-cc--100-e1]-9618&alias=b7g52n2888.cern.ch&noUDP&sock=slot1_11_653_d8f4_115700>
...
040 (5415472.010.000) 07/14 21:16:38 Finished transferring input files
...
001 (5415472.010.000) 07/14 21:16:44 Job executing on host: <128.142.193.144:9618?addrs=128.142.193.144-9618+[2001-1458-301-cc--100-e1]-9618&alias=b7g52n2888.cern.ch&noUDP&sock=startd_17808_62a1>
...
040 (5415472.010.000) 07/15 20:18:18 Started transferring output files
...
040 (5415472.010.000) 07/15 20:18:18 Finished transferring output files
...
005 (5415472.010.000) 07/15 20:18:18 Job terminated.
	(1) Normal termination (return value 0)
		Usr 2 21:11:26, Sys 0 00:01:03  -  Run Remote Usage
		Usr 0 00:00:00, Sys 0 00:00:00  -  Run Local Usage
		Usr 12 07:51:23, Sys 0 00:03:39  -  Total Remote Usage
		Usr 0 00:00:00, Sys 0 00:00:00  -  Total Local Usage
	96189  -  Run Bytes Sent By Job
	803  -  Run Bytes Received By Job
	96189  -  Total Bytes Sent By Job
	1606  -  Total Bytes Received By Job
	Partitionable Resources :    Usage  Request Allocated 
	   Cpus                 :     3.09        4         4 
	   Disk (KB)            :   122    10485760  10706147 
	   Memory (MB)          :  1221        8000      8000 

	Job terminated of its own accord at 2021-07-15T18:18:18Z.
...
