000 (5415472.411.000) 07/11 14:02:29 Job submitted from host: <137.138.156.150:9618?addrs=137.138.156.150-9618+[2001-1458-d00-14--9a]-9618&alias=bigbird13.cern.ch&noUDP&sock=schedd_1788_ff6c>
...
040 (5415472.411.000) 07/12 05:15:59 Started transferring input files
	Transferring to host: <128.142.81.222:9618?addrs=128.142.81.222-9618+[2001-1458-301-f5--100-624]-9618&alias=b7s13n2411.cern.ch&noUDP&sock=slot1_7_11567_bf6f_105874>
...
040 (5415472.411.000) 07/12 05:15:59 Finished transferring input files
...
001 (5415472.411.000) 07/12 05:16:01 Job executing on host: <128.142.81.222:9618?addrs=128.142.81.222-9618+[2001-1458-301-f5--100-624]-9618&alias=b7s13n2411.cern.ch&noUDP&sock=startd_16409_c9a2>
...
006 (5415472.411.000) 07/12 05:16:09 Image size of job updated: 396488
	38  -  MemoryUsage of job (MB)
	38520  -  ResidentSetSize of job (KB)
...
006 (5415472.411.000) 07/12 05:21:09 Image size of job updated: 1591128
	1004  -  MemoryUsage of job (MB)
	1027584  -  ResidentSetSize of job (KB)
...
006 (5415472.411.000) 07/14 10:27:49 Image size of job updated: 1592112
	1005  -  MemoryUsage of job (MB)
	1028492  -  ResidentSetSize of job (KB)
...
006 (5415472.411.000) 07/14 11:22:51 Image size of job updated: 1593016
	1006  -  MemoryUsage of job (MB)
	1029396  -  ResidentSetSize of job (KB)
...
006 (5415472.411.000) 07/14 12:23:01 Image size of job updated: 1593924
	1007  -  MemoryUsage of job (MB)
	1030304  -  ResidentSetSize of job (KB)
...
006 (5415472.411.000) 07/14 13:18:07 Image size of job updated: 1594828
	1008  -  MemoryUsage of job (MB)
	1031208  -  ResidentSetSize of job (KB)
...
006 (5415472.411.000) 07/14 14:08:11 Image size of job updated: 1595732
	1008  -  MemoryUsage of job (MB)
	1032112  -  ResidentSetSize of job (KB)
...
006 (5415472.411.000) 07/14 15:08:17 Image size of job updated: 1596640
	1009  -  MemoryUsage of job (MB)
	1033020  -  ResidentSetSize of job (KB)
...
006 (5415472.411.000) 07/14 16:13:24 Image size of job updated: 1597544
	1010  -  MemoryUsage of job (MB)
	1033924  -  ResidentSetSize of job (KB)
...
006 (5415472.411.000) 07/14 17:18:32 Image size of job updated: 1598452
	1011  -  MemoryUsage of job (MB)
	1034832  -  ResidentSetSize of job (KB)
...
006 (5415472.411.000) 07/14 18:23:42 Image size of job updated: 1599356
	1012  -  MemoryUsage of job (MB)
	1035736  -  ResidentSetSize of job (KB)
...
006 (5415472.411.000) 07/14 19:28:48 Image size of job updated: 1600260
	1013  -  MemoryUsage of job (MB)
	1036640  -  ResidentSetSize of job (KB)
...
006 (5415472.411.000) 07/14 20:33:54 Image size of job updated: 1601168
	1014  -  MemoryUsage of job (MB)
	1037548  -  ResidentSetSize of job (KB)
...
006 (5415472.411.000) 07/14 21:41:40 Image size of job updated: 1602072
	1015  -  MemoryUsage of job (MB)
	1038452  -  ResidentSetSize of job (KB)
...
006 (5415472.411.000) 07/14 22:41:45 Image size of job updated: 1602980
	1015  -  MemoryUsage of job (MB)
	1039360  -  ResidentSetSize of job (KB)
...
006 (5415472.411.000) 07/14 23:46:55 Image size of job updated: 1603884
	1016  -  MemoryUsage of job (MB)
	1040264  -  ResidentSetSize of job (KB)
...
006 (5415472.411.000) 07/15 01:02:04 Image size of job updated: 1604788
	1017  -  MemoryUsage of job (MB)
	1041168  -  ResidentSetSize of job (KB)
...
006 (5415472.411.000) 07/15 02:12:11 Image size of job updated: 1605696
	1018  -  MemoryUsage of job (MB)
	1042076  -  ResidentSetSize of job (KB)
...
006 (5415472.411.000) 07/15 03:22:20 Image size of job updated: 1606600
	1019  -  MemoryUsage of job (MB)
	1042980  -  ResidentSetSize of job (KB)
...
006 (5415472.411.000) 07/15 04:32:28 Image size of job updated: 1607508
	1020  -  MemoryUsage of job (MB)
	1043888  -  ResidentSetSize of job (KB)
...
006 (5415472.411.000) 07/15 05:37:34 Image size of job updated: 1608412
	1021  -  MemoryUsage of job (MB)
	1044792  -  ResidentSetSize of job (KB)
...
006 (5415472.411.000) 07/15 06:42:43 Image size of job updated: 1612940
	1025  -  MemoryUsage of job (MB)
	1049320  -  ResidentSetSize of job (KB)
...
006 (5415472.411.000) 07/15 08:27:55 Image size of job updated: 1616012
	1027  -  MemoryUsage of job (MB)
	1050868  -  ResidentSetSize of job (KB)
...
006 (5415472.411.000) 07/15 08:37:56 Image size of job updated: 1616012
	1027  -  MemoryUsage of job (MB)
	1050880  -  ResidentSetSize of job (KB)
...
006 (5415472.411.000) 07/15 09:13:02 Image size of job updated: 1616012
	1027  -  MemoryUsage of job (MB)
	1050892  -  ResidentSetSize of job (KB)
...
006 (5415472.411.000) 07/15 09:48:06 Image size of job updated: 1616012
	1027  -  MemoryUsage of job (MB)
	1050904  -  ResidentSetSize of job (KB)
...
006 (5415472.411.000) 07/15 10:23:10 Image size of job updated: 1616012
	1027  -  MemoryUsage of job (MB)
	1050912  -  ResidentSetSize of job (KB)
...
006 (5415472.411.000) 07/15 10:28:11 Image size of job updated: 1616012
	1027  -  MemoryUsage of job (MB)
	1050916  -  ResidentSetSize of job (KB)
...
006 (5415472.411.000) 07/15 10:58:14 Image size of job updated: 1616012
	1027  -  MemoryUsage of job (MB)
	1050928  -  ResidentSetSize of job (KB)
...
006 (5415472.411.000) 07/15 11:33:16 Image size of job updated: 1616012
	1027  -  MemoryUsage of job (MB)
	1050940  -  ResidentSetSize of job (KB)
...
006 (5415472.411.000) 07/15 12:08:21 Image size of job updated: 1616012
	1027  -  MemoryUsage of job (MB)
	1050952  -  ResidentSetSize of job (KB)
...
006 (5415472.411.000) 07/15 12:43:25 Image size of job updated: 1616012
	1027  -  MemoryUsage of job (MB)
	1050964  -  ResidentSetSize of job (KB)
...
006 (5415472.411.000) 07/15 13:23:29 Image size of job updated: 1616012
	1027  -  MemoryUsage of job (MB)
	1050976  -  ResidentSetSize of job (KB)
...
006 (5415472.411.000) 07/15 13:58:32 Image size of job updated: 1616012
	1027  -  MemoryUsage of job (MB)
	1050988  -  ResidentSetSize of job (KB)
...
006 (5415472.411.000) 07/15 14:33:35 Image size of job updated: 1616012
	1027  -  MemoryUsage of job (MB)
	1051000  -  ResidentSetSize of job (KB)
...
006 (5415472.411.000) 07/15 15:13:40 Image size of job updated: 1616012
	1027  -  MemoryUsage of job (MB)
	1051012  -  ResidentSetSize of job (KB)
...
006 (5415472.411.000) 07/15 15:48:45 Image size of job updated: 1616012
	1027  -  MemoryUsage of job (MB)
	1051024  -  ResidentSetSize of job (KB)
...
006 (5415472.411.000) 07/15 16:28:50 Image size of job updated: 1616012
	1027  -  MemoryUsage of job (MB)
	1051036  -  ResidentSetSize of job (KB)
...
006 (5415472.411.000) 07/15 17:03:53 Image size of job updated: 1616012
	1027  -  MemoryUsage of job (MB)
	1051048  -  ResidentSetSize of job (KB)
...
006 (5415472.411.000) 07/15 17:38:57 Image size of job updated: 1616012
	1027  -  MemoryUsage of job (MB)
	1051060  -  ResidentSetSize of job (KB)
...
006 (5415472.411.000) 07/15 18:14:00 Image size of job updated: 1616012
	1027  -  MemoryUsage of job (MB)
	1051072  -  ResidentSetSize of job (KB)
...
006 (5415472.411.000) 07/15 18:54:34 Image size of job updated: 1616012
	1027  -  MemoryUsage of job (MB)
	1051084  -  ResidentSetSize of job (KB)
...
006 (5415472.411.000) 07/15 19:24:38 Image size of job updated: 1616012
	1027  -  MemoryUsage of job (MB)
	1051092  -  ResidentSetSize of job (KB)
...
006 (5415472.411.000) 07/15 19:29:39 Image size of job updated: 1616012
	1027  -  MemoryUsage of job (MB)
	1051096  -  ResidentSetSize of job (KB)
...
006 (5415472.411.000) 07/15 19:59:42 Image size of job updated: 1616012
	1027  -  MemoryUsage of job (MB)
	1051100  -  ResidentSetSize of job (KB)
...
006 (5415472.411.000) 07/15 20:04:42 Image size of job updated: 1616012
	1027  -  MemoryUsage of job (MB)
	1051108  -  ResidentSetSize of job (KB)
...
006 (5415472.411.000) 07/15 20:39:47 Image size of job updated: 1616012
	1027  -  MemoryUsage of job (MB)
	1051120  -  ResidentSetSize of job (KB)
...
006 (5415472.411.000) 07/15 21:14:49 Image size of job updated: 1616012
	1027  -  MemoryUsage of job (MB)
	1051132  -  ResidentSetSize of job (KB)
...
006 (5415472.411.000) 07/15 21:49:51 Image size of job updated: 1616012
	1027  -  MemoryUsage of job (MB)
	1051144  -  ResidentSetSize of job (KB)
...
006 (5415472.411.000) 07/15 22:24:57 Image size of job updated: 1616012
	1027  -  MemoryUsage of job (MB)
	1051156  -  ResidentSetSize of job (KB)
...
006 (5415472.411.000) 07/15 23:00:01 Image size of job updated: 1616012
	1027  -  MemoryUsage of job (MB)
	1051168  -  ResidentSetSize of job (KB)
...
006 (5415472.411.000) 07/15 23:40:05 Image size of job updated: 1616012
	1027  -  MemoryUsage of job (MB)
	1051180  -  ResidentSetSize of job (KB)
...
006 (5415472.411.000) 07/16 00:15:09 Image size of job updated: 1616012
	1027  -  MemoryUsage of job (MB)
	1051188  -  ResidentSetSize of job (KB)
...
006 (5415472.411.000) 07/16 00:20:10 Image size of job updated: 1616012
	1027  -  MemoryUsage of job (MB)
	1051192  -  ResidentSetSize of job (KB)
...
006 (5415472.411.000) 07/16 00:55:14 Image size of job updated: 1616012
	1027  -  MemoryUsage of job (MB)
	1051204  -  ResidentSetSize of job (KB)
...
006 (5415472.411.000) 07/16 01:35:20 Image size of job updated: 1616012
	1027  -  MemoryUsage of job (MB)
	1051216  -  ResidentSetSize of job (KB)
...
006 (5415472.411.000) 07/16 02:15:25 Image size of job updated: 1616012
	1027  -  MemoryUsage of job (MB)
	1051228  -  ResidentSetSize of job (KB)
...
006 (5415472.411.000) 07/16 02:55:31 Image size of job updated: 1616012
	1027  -  MemoryUsage of job (MB)
	1051240  -  ResidentSetSize of job (KB)
...
006 (5415472.411.000) 07/16 03:30:34 Image size of job updated: 1616012
	1027  -  MemoryUsage of job (MB)
	1051244  -  ResidentSetSize of job (KB)
...
006 (5415472.411.000) 07/16 03:35:34 Image size of job updated: 1616012
	1027  -  MemoryUsage of job (MB)
	1051252  -  ResidentSetSize of job (KB)
...
006 (5415472.411.000) 07/16 04:10:35 Image size of job updated: 1616012
	1027  -  MemoryUsage of job (MB)
	1051264  -  ResidentSetSize of job (KB)
...
006 (5415472.411.000) 07/16 04:45:39 Image size of job updated: 1616012
	1027  -  MemoryUsage of job (MB)
	1051272  -  ResidentSetSize of job (KB)
...
006 (5415472.411.000) 07/16 04:50:40 Image size of job updated: 1616012
	1027  -  MemoryUsage of job (MB)
	1051276  -  ResidentSetSize of job (KB)
...
006 (5415472.411.000) 07/16 05:20:43 Image size of job updated: 1616012
	1027  -  MemoryUsage of job (MB)
	1051280  -  ResidentSetSize of job (KB)
...
006 (5415472.411.000) 07/16 05:25:44 Image size of job updated: 1616012
	1027  -  MemoryUsage of job (MB)
	1051288  -  ResidentSetSize of job (KB)
...
006 (5415472.411.000) 07/16 06:00:46 Image size of job updated: 1616012
	1027  -  MemoryUsage of job (MB)
	1051300  -  ResidentSetSize of job (KB)
...
006 (5415472.411.000) 07/16 06:35:49 Image size of job updated: 1616012
	1027  -  MemoryUsage of job (MB)
	1051312  -  ResidentSetSize of job (KB)
...
006 (5415472.411.000) 07/16 07:10:54 Image size of job updated: 1616012
	1027  -  MemoryUsage of job (MB)
	1051324  -  ResidentSetSize of job (KB)
...
006 (5415472.411.000) 07/16 07:45:58 Image size of job updated: 1616012
	1027  -  MemoryUsage of job (MB)
	1051336  -  ResidentSetSize of job (KB)
...
006 (5415472.411.000) 07/16 08:21:02 Image size of job updated: 1616012
	1027  -  MemoryUsage of job (MB)
	1051348  -  ResidentSetSize of job (KB)
...
006 (5415472.411.000) 07/16 08:56:03 Image size of job updated: 1616012
	1027  -  MemoryUsage of job (MB)
	1051360  -  ResidentSetSize of job (KB)
...
006 (5415472.411.000) 07/16 09:26:06 Image size of job updated: 1616012
	1027  -  MemoryUsage of job (MB)
	1051372  -  ResidentSetSize of job (KB)
...
006 (5415472.411.000) 07/16 10:01:08 Image size of job updated: 1616012
	1027  -  MemoryUsage of job (MB)
	1051384  -  ResidentSetSize of job (KB)
...
006 (5415472.411.000) 07/16 10:36:12 Image size of job updated: 1616012
	1027  -  MemoryUsage of job (MB)
	1051396  -  ResidentSetSize of job (KB)
...
006 (5415472.411.000) 07/16 11:06:16 Image size of job updated: 1616012
	1027  -  MemoryUsage of job (MB)
	1051408  -  ResidentSetSize of job (KB)
...
006 (5415472.411.000) 07/16 11:36:20 Image size of job updated: 1616012
	1027  -  MemoryUsage of job (MB)
	1051420  -  ResidentSetSize of job (KB)
...
006 (5415472.411.000) 07/16 12:06:27 Image size of job updated: 1616012
	1027  -  MemoryUsage of job (MB)
	1051432  -  ResidentSetSize of job (KB)
...
006 (5415472.411.000) 07/16 12:40:59 Image size of job updated: 1616012
	1027  -  MemoryUsage of job (MB)
	1051444  -  ResidentSetSize of job (KB)
...
006 (5415472.411.000) 07/16 13:11:02 Image size of job updated: 1616012
	1027  -  MemoryUsage of job (MB)
	1051456  -  ResidentSetSize of job (KB)
...
006 (5415472.411.000) 07/16 13:41:05 Image size of job updated: 1616012
	1027  -  MemoryUsage of job (MB)
	1051468  -  ResidentSetSize of job (KB)
...
006 (5415472.411.000) 07/16 14:11:07 Image size of job updated: 1616012
	1027  -  MemoryUsage of job (MB)
	1051480  -  ResidentSetSize of job (KB)
...
006 (5415472.411.000) 07/16 14:46:10 Image size of job updated: 1616012
	1027  -  MemoryUsage of job (MB)
	1051492  -  ResidentSetSize of job (KB)
...
006 (5415472.411.000) 07/16 15:21:14 Image size of job updated: 1616012
	1027  -  MemoryUsage of job (MB)
	1051504  -  ResidentSetSize of job (KB)
...
006 (5415472.411.000) 07/16 15:51:18 Image size of job updated: 1616012
	1027  -  MemoryUsage of job (MB)
	1051516  -  ResidentSetSize of job (KB)
...
006 (5415472.411.000) 07/16 16:26:22 Image size of job updated: 1616012
	1027  -  MemoryUsage of job (MB)
	1051528  -  ResidentSetSize of job (KB)
...
006 (5415472.411.000) 07/16 16:56:24 Image size of job updated: 1616012
	1027  -  MemoryUsage of job (MB)
	1051540  -  ResidentSetSize of job (KB)
...
006 (5415472.411.000) 07/16 17:26:27 Image size of job updated: 1616012
	1027  -  MemoryUsage of job (MB)
	1051552  -  ResidentSetSize of job (KB)
...
006 (5415472.411.000) 07/16 18:01:31 Image size of job updated: 1616012
	1027  -  MemoryUsage of job (MB)
	1051564  -  ResidentSetSize of job (KB)
...
006 (5415472.411.000) 07/16 18:36:34 Image size of job updated: 1616012
	1027  -  MemoryUsage of job (MB)
	1051576  -  ResidentSetSize of job (KB)
...
006 (5415472.411.000) 07/16 19:06:36 Image size of job updated: 1616012
	1027  -  MemoryUsage of job (MB)
	1051588  -  ResidentSetSize of job (KB)
...
006 (5415472.411.000) 07/16 19:41:39 Image size of job updated: 1616012
	1027  -  MemoryUsage of job (MB)
	1051600  -  ResidentSetSize of job (KB)
...
006 (5415472.411.000) 07/16 20:16:42 Image size of job updated: 1616012
	1027  -  MemoryUsage of job (MB)
	1051612  -  ResidentSetSize of job (KB)
...
006 (5415472.411.000) 07/16 20:46:44 Image size of job updated: 1616012
	1027  -  MemoryUsage of job (MB)
	1051620  -  ResidentSetSize of job (KB)
...
006 (5415472.411.000) 07/16 20:51:45 Image size of job updated: 1616012
	1027  -  MemoryUsage of job (MB)
	1051624  -  ResidentSetSize of job (KB)
...
006 (5415472.411.000) 07/16 21:21:48 Image size of job updated: 1616012
	1027  -  MemoryUsage of job (MB)
	1051636  -  ResidentSetSize of job (KB)
...
006 (5415472.411.000) 07/16 21:56:52 Image size of job updated: 1616012
	1027  -  MemoryUsage of job (MB)
	1051648  -  ResidentSetSize of job (KB)
...
006 (5415472.411.000) 07/16 22:26:53 Image size of job updated: 1616012
	1028  -  MemoryUsage of job (MB)
	1051652  -  ResidentSetSize of job (KB)
...
006 (5415472.411.000) 07/16 22:31:54 Image size of job updated: 1616012
	1028  -  MemoryUsage of job (MB)
	1051660  -  ResidentSetSize of job (KB)
...
006 (5415472.411.000) 07/16 23:01:57 Image size of job updated: 1616012
	1028  -  MemoryUsage of job (MB)
	1051672  -  ResidentSetSize of job (KB)
...
006 (5415472.411.000) 07/16 23:36:59 Image size of job updated: 1616012
	1028  -  MemoryUsage of job (MB)
	1051684  -  ResidentSetSize of job (KB)
...
006 (5415472.411.000) 07/17 00:12:03 Image size of job updated: 1616012
	1028  -  MemoryUsage of job (MB)
	1051696  -  ResidentSetSize of job (KB)
...
006 (5415472.411.000) 07/17 00:47:06 Image size of job updated: 1616012
	1028  -  MemoryUsage of job (MB)
	1051708  -  ResidentSetSize of job (KB)
...
006 (5415472.411.000) 07/17 01:22:09 Image size of job updated: 1616012
	1028  -  MemoryUsage of job (MB)
	1051720  -  ResidentSetSize of job (KB)
...
006 (5415472.411.000) 07/17 01:52:13 Image size of job updated: 1616012
	1028  -  MemoryUsage of job (MB)
	1051732  -  ResidentSetSize of job (KB)
...
006 (5415472.411.000) 07/17 02:27:18 Image size of job updated: 1616012
	1028  -  MemoryUsage of job (MB)
	1051744  -  ResidentSetSize of job (KB)
...
006 (5415472.411.000) 07/17 02:57:22 Image size of job updated: 1616012
	1028  -  MemoryUsage of job (MB)
	1051756  -  ResidentSetSize of job (KB)
...
006 (5415472.411.000) 07/17 03:27:26 Image size of job updated: 1616012
	1028  -  MemoryUsage of job (MB)
	1051768  -  ResidentSetSize of job (KB)
...
006 (5415472.411.000) 07/17 03:57:27 Image size of job updated: 1616012
	1028  -  MemoryUsage of job (MB)
	1051780  -  ResidentSetSize of job (KB)
...
006 (5415472.411.000) 07/17 04:32:32 Image size of job updated: 1616012
	1028  -  MemoryUsage of job (MB)
	1051792  -  ResidentSetSize of job (KB)
...
006 (5415472.411.000) 07/17 05:07:35 Image size of job updated: 1616012
	1028  -  MemoryUsage of job (MB)
	1051804  -  ResidentSetSize of job (KB)
...
006 (5415472.411.000) 07/17 05:37:38 Image size of job updated: 1616012
	1028  -  MemoryUsage of job (MB)
	1051816  -  ResidentSetSize of job (KB)
...
006 (5415472.411.000) 07/17 06:12:41 Image size of job updated: 1616012
	1028  -  MemoryUsage of job (MB)
	1051828  -  ResidentSetSize of job (KB)
...
006 (5415472.411.000) 07/17 06:42:47 Image size of job updated: 1616012
	1028  -  MemoryUsage of job (MB)
	1051840  -  ResidentSetSize of job (KB)
...
006 (5415472.411.000) 07/17 07:12:50 Image size of job updated: 1616012
	1028  -  MemoryUsage of job (MB)
	1051852  -  ResidentSetSize of job (KB)
...
006 (5415472.411.000) 07/17 07:42:53 Image size of job updated: 1616012
	1028  -  MemoryUsage of job (MB)
	1051864  -  ResidentSetSize of job (KB)
...
006 (5415472.411.000) 07/17 08:12:56 Image size of job updated: 1616012
	1028  -  MemoryUsage of job (MB)
	1051876  -  ResidentSetSize of job (KB)
...
006 (5415472.411.000) 07/17 08:48:01 Image size of job updated: 1616012
	1028  -  MemoryUsage of job (MB)
	1051888  -  ResidentSetSize of job (KB)
...
006 (5415472.411.000) 07/17 09:18:05 Image size of job updated: 1616012
	1028  -  MemoryUsage of job (MB)
	1051900  -  ResidentSetSize of job (KB)
...
006 (5415472.411.000) 07/17 09:48:08 Image size of job updated: 1616012
	1028  -  MemoryUsage of job (MB)
	1051912  -  ResidentSetSize of job (KB)
...
006 (5415472.411.000) 07/17 10:23:11 Image size of job updated: 1616012
	1028  -  MemoryUsage of job (MB)
	1051924  -  ResidentSetSize of job (KB)
...
006 (5415472.411.000) 07/17 10:53:12 Image size of job updated: 1616012
	1028  -  MemoryUsage of job (MB)
	1051936  -  ResidentSetSize of job (KB)
...
006 (5415472.411.000) 07/17 11:23:16 Image size of job updated: 1616012
	1028  -  MemoryUsage of job (MB)
	1051948  -  ResidentSetSize of job (KB)
...
006 (5415472.411.000) 07/17 11:53:19 Image size of job updated: 1616012
	1028  -  MemoryUsage of job (MB)
	1051960  -  ResidentSetSize of job (KB)
...
006 (5415472.411.000) 07/17 12:23:23 Image size of job updated: 1616012
	1028  -  MemoryUsage of job (MB)
	1051972  -  ResidentSetSize of job (KB)
...
006 (5415472.411.000) 07/17 12:58:27 Image size of job updated: 1616012
	1028  -  MemoryUsage of job (MB)
	1051984  -  ResidentSetSize of job (KB)
...
006 (5415472.411.000) 07/17 13:28:30 Image size of job updated: 1616012
	1028  -  MemoryUsage of job (MB)
	1051996  -  ResidentSetSize of job (KB)
...
006 (5415472.411.000) 07/17 13:58:33 Image size of job updated: 1616012
	1028  -  MemoryUsage of job (MB)
	1052008  -  ResidentSetSize of job (KB)
...
006 (5415472.411.000) 07/17 14:28:36 Image size of job updated: 1616012
	1028  -  MemoryUsage of job (MB)
	1052020  -  ResidentSetSize of job (KB)
...
006 (5415472.411.000) 07/17 15:03:40 Image size of job updated: 1616012
	1028  -  MemoryUsage of job (MB)
	1052032  -  ResidentSetSize of job (KB)
...
006 (5415472.411.000) 07/17 15:38:42 Image size of job updated: 1616012
	1028  -  MemoryUsage of job (MB)
	1052044  -  ResidentSetSize of job (KB)
...
006 (5415472.411.000) 07/17 16:13:47 Image size of job updated: 1616012
	1028  -  MemoryUsage of job (MB)
	1052056  -  ResidentSetSize of job (KB)
...
006 (5415472.411.000) 07/17 16:43:49 Image size of job updated: 1616012
	1028  -  MemoryUsage of job (MB)
	1052068  -  ResidentSetSize of job (KB)
...
006 (5415472.411.000) 07/17 17:18:51 Image size of job updated: 1616012
	1028  -  MemoryUsage of job (MB)
	1052080  -  ResidentSetSize of job (KB)
...
006 (5415472.411.000) 07/17 17:53:57 Image size of job updated: 1616012
	1028  -  MemoryUsage of job (MB)
	1052092  -  ResidentSetSize of job (KB)
...
006 (5415472.411.000) 07/17 18:29:00 Image size of job updated: 1616012
	1028  -  MemoryUsage of job (MB)
	1052104  -  ResidentSetSize of job (KB)
...
006 (5415472.411.000) 07/17 19:04:00 Image size of job updated: 1616012
	1028  -  MemoryUsage of job (MB)
	1052116  -  ResidentSetSize of job (KB)
...
006 (5415472.411.000) 07/17 19:34:02 Image size of job updated: 1616012
	1028  -  MemoryUsage of job (MB)
	1052128  -  ResidentSetSize of job (KB)
...
040 (5415472.411.000) 07/17 20:00:30 Started transferring output files
...
040 (5415472.411.000) 07/17 20:00:30 Finished transferring output files
...
004 (5415472.411.000) 07/17 20:00:30 Job was evicted.
	(0) CPU times
		Usr 16 04:57:50, Sys 0 00:04:41  -  Run Remote Usage
		Usr 0 00:00:00, Sys 0 00:00:00  -  Run Local Usage
	96417  -  Run Bytes Sent By Job
	803  -  Run Bytes Received By Job
	Partitionable Resources :    Usage  Request Allocated 
	   Cpus                 :     2.86        4         4 
	   Disk (KB)            :   121    10485760  10731166 
	   Memory (MB)          :  1028        8000      8000 
...
