000 (5415472.028.000) 07/11 14:02:28 Job submitted from host: <137.138.156.150:9618?addrs=137.138.156.150-9618+[2001-1458-d00-14--9a]-9618&alias=bigbird13.cern.ch&noUDP&sock=schedd_1788_ff6c>
...
040 (5415472.028.000) 07/11 14:03:24 Started transferring input files
	Transferring to host: <128.142.56.156:9618?addrs=128.142.56.156-9618+[2001-1458-301-6--100-9b]-9618&alias=b7s01p3504.cern.ch&noUDP&sock=slot1_30_44820_7e98_6374>
...
040 (5415472.028.000) 07/11 14:03:24 Finished transferring input files
...
001 (5415472.028.000) 07/11 14:03:25 Job executing on host: <128.142.56.156:9618?addrs=128.142.56.156-9618+[2001-1458-301-6--100-9b]-9618&alias=b7s01p3504.cern.ch&noUDP&sock=startd_41731_92cc>
...
006 (5415472.028.000) 07/11 14:03:34 Image size of job updated: 570632
	55  -  MemoryUsage of job (MB)
	55324  -  ResidentSetSize of job (KB)
...
006 (5415472.028.000) 07/11 14:08:34 Image size of job updated: 1590928
	1007  -  MemoryUsage of job (MB)
	1031080  -  ResidentSetSize of job (KB)
...
006 (5415472.028.000) 07/12 11:40:44 Image size of job updated: 1590928
	1010  -  MemoryUsage of job (MB)
	1034080  -  ResidentSetSize of job (KB)
...
006 (5415472.028.000) 07/12 20:21:34 Image size of job updated: 1591912
	1011  -  MemoryUsage of job (MB)
	1034988  -  ResidentSetSize of job (KB)
...
006 (5415472.028.000) 07/12 20:56:37 Image size of job updated: 1592816
	1012  -  MemoryUsage of job (MB)
	1035892  -  ResidentSetSize of job (KB)
...
006 (5415472.028.000) 07/12 21:36:41 Image size of job updated: 1593720
	1013  -  MemoryUsage of job (MB)
	1036796  -  ResidentSetSize of job (KB)
...
006 (5415472.028.000) 07/12 22:21:46 Image size of job updated: 1594628
	1014  -  MemoryUsage of job (MB)
	1037704  -  ResidentSetSize of job (KB)
...
006 (5415472.028.000) 07/12 22:56:49 Image size of job updated: 1595532
	1015  -  MemoryUsage of job (MB)
	1038608  -  ResidentSetSize of job (KB)
...
006 (5415472.028.000) 07/12 23:41:51 Image size of job updated: 1596440
	1016  -  MemoryUsage of job (MB)
	1039516  -  ResidentSetSize of job (KB)
...
006 (5415472.028.000) 07/13 00:16:54 Image size of job updated: 1597344
	1017  -  MemoryUsage of job (MB)
	1040420  -  ResidentSetSize of job (KB)
...
006 (5415472.028.000) 07/13 00:56:58 Image size of job updated: 1598252
	1017  -  MemoryUsage of job (MB)
	1041328  -  ResidentSetSize of job (KB)
...
006 (5415472.028.000) 07/13 01:37:02 Image size of job updated: 1599156
	1018  -  MemoryUsage of job (MB)
	1042232  -  ResidentSetSize of job (KB)
...
006 (5415472.028.000) 07/13 02:22:07 Image size of job updated: 1600060
	1019  -  MemoryUsage of job (MB)
	1043136  -  ResidentSetSize of job (KB)
...
006 (5415472.028.000) 07/13 03:02:10 Image size of job updated: 1600968
	1020  -  MemoryUsage of job (MB)
	1044044  -  ResidentSetSize of job (KB)
...
006 (5415472.028.000) 07/13 03:42:15 Image size of job updated: 1601872
	1021  -  MemoryUsage of job (MB)
	1044948  -  ResidentSetSize of job (KB)
...
006 (5415472.028.000) 07/13 04:22:17 Image size of job updated: 1602780
	1022  -  MemoryUsage of job (MB)
	1045856  -  ResidentSetSize of job (KB)
...
006 (5415472.028.000) 07/13 05:02:22 Image size of job updated: 1603684
	1023  -  MemoryUsage of job (MB)
	1046760  -  ResidentSetSize of job (KB)
...
006 (5415472.028.000) 07/13 05:42:27 Image size of job updated: 1604588
	1024  -  MemoryUsage of job (MB)
	1047664  -  ResidentSetSize of job (KB)
...
006 (5415472.028.000) 07/13 06:27:33 Image size of job updated: 1605496
	1024  -  MemoryUsage of job (MB)
	1048572  -  ResidentSetSize of job (KB)
...
006 (5415472.028.000) 07/13 07:07:36 Image size of job updated: 1606400
	1025  -  MemoryUsage of job (MB)
	1049476  -  ResidentSetSize of job (KB)
...
006 (5415472.028.000) 07/13 07:47:40 Image size of job updated: 1607308
	1026  -  MemoryUsage of job (MB)
	1050384  -  ResidentSetSize of job (KB)
...
006 (5415472.028.000) 07/13 08:27:43 Image size of job updated: 1608212
	1027  -  MemoryUsage of job (MB)
	1051288  -  ResidentSetSize of job (KB)
...
006 (5415472.028.000) 07/13 09:07:49 Image size of job updated: 1609116
	1028  -  MemoryUsage of job (MB)
	1052192  -  ResidentSetSize of job (KB)
...
006 (5415472.028.000) 07/13 09:52:51 Image size of job updated: 1610024
	1029  -  MemoryUsage of job (MB)
	1053100  -  ResidentSetSize of job (KB)
...
006 (5415472.028.000) 07/13 10:12:53 Image size of job updated: 1613096
	1030  -  MemoryUsage of job (MB)
	1054648  -  ResidentSetSize of job (KB)
...
006 (5415472.028.000) 07/13 10:27:54 Image size of job updated: 1613096
	1030  -  MemoryUsage of job (MB)
	1054652  -  ResidentSetSize of job (KB)
...
006 (5415472.028.000) 07/13 10:32:55 Image size of job updated: 1613096
	1030  -  MemoryUsage of job (MB)
	1054660  -  ResidentSetSize of job (KB)
...
006 (5415472.028.000) 07/13 10:53:27 Image size of job updated: 1613096
	1030  -  MemoryUsage of job (MB)
	1054672  -  ResidentSetSize of job (KB)
...
006 (5415472.028.000) 07/13 11:13:29 Image size of job updated: 1613096
	1030  -  MemoryUsage of job (MB)
	1054684  -  ResidentSetSize of job (KB)
...
006 (5415472.028.000) 07/13 11:18:29 Image size of job updated: 1614000
	1031  -  MemoryUsage of job (MB)
	1055588  -  ResidentSetSize of job (KB)
...
006 (5415472.028.000) 07/13 11:43:18 Image size of job updated: 1614000
	1031  -  MemoryUsage of job (MB)
	1055600  -  ResidentSetSize of job (KB)
...
006 (5415472.028.000) 07/13 11:55:11 Image size of job updated: 1614908
	1032  -  MemoryUsage of job (MB)
	1056520  -  ResidentSetSize of job (KB)
...
006 (5415472.028.000) 07/13 12:12:21 Image size of job updated: 1614908
	1032  -  MemoryUsage of job (MB)
	1056532  -  ResidentSetSize of job (KB)
...
006 (5415472.028.000) 07/13 12:27:21 Image size of job updated: 1615812
	1033  -  MemoryUsage of job (MB)
	1057436  -  ResidentSetSize of job (KB)
...
006 (5415472.028.000) 07/13 12:32:22 Image size of job updated: 1615812
	1033  -  MemoryUsage of job (MB)
	1057448  -  ResidentSetSize of job (KB)
...
006 (5415472.028.000) 07/13 12:47:23 Image size of job updated: 1615812
	1033  -  MemoryUsage of job (MB)
	1057460  -  ResidentSetSize of job (KB)
...
006 (5415472.028.000) 07/13 13:02:23 Image size of job updated: 1616716
	1034  -  MemoryUsage of job (MB)
	1058364  -  ResidentSetSize of job (KB)
...
006 (5415472.028.000) 07/13 13:07:24 Image size of job updated: 1616716
	1034  -  MemoryUsage of job (MB)
	1058376  -  ResidentSetSize of job (KB)
...
006 (5415472.028.000) 07/13 13:27:25 Image size of job updated: 1616716
	1034  -  MemoryUsage of job (MB)
	1058388  -  ResidentSetSize of job (KB)
...
006 (5415472.028.000) 07/13 13:42:27 Image size of job updated: 1617624
	1035  -  MemoryUsage of job (MB)
	1059296  -  ResidentSetSize of job (KB)
...
006 (5415472.028.000) 07/13 13:47:28 Image size of job updated: 1617624
	1035  -  MemoryUsage of job (MB)
	1059308  -  ResidentSetSize of job (KB)
...
006 (5415472.028.000) 07/13 14:07:31 Image size of job updated: 1617624
	1035  -  MemoryUsage of job (MB)
	1059320  -  ResidentSetSize of job (KB)
...
006 (5415472.028.000) 07/13 14:17:32 Image size of job updated: 1618528
	1036  -  MemoryUsage of job (MB)
	1060224  -  ResidentSetSize of job (KB)
...
006 (5415472.028.000) 07/13 14:27:32 Image size of job updated: 1618528
	1036  -  MemoryUsage of job (MB)
	1060236  -  ResidentSetSize of job (KB)
...
006 (5415472.028.000) 07/13 14:47:35 Image size of job updated: 1618528
	1036  -  MemoryUsage of job (MB)
	1060248  -  ResidentSetSize of job (KB)
...
006 (5415472.028.000) 07/13 14:57:35 Image size of job updated: 1619436
	1037  -  MemoryUsage of job (MB)
	1061156  -  ResidentSetSize of job (KB)
...
006 (5415472.028.000) 07/13 15:02:36 Image size of job updated: 1619436
	1037  -  MemoryUsage of job (MB)
	1061168  -  ResidentSetSize of job (KB)
...
006 (5415472.028.000) 07/13 15:22:38 Image size of job updated: 1619436
	1037  -  MemoryUsage of job (MB)
	1061180  -  ResidentSetSize of job (KB)
...
006 (5415472.028.000) 07/13 15:27:38 Image size of job updated: 1620340
	1038  -  MemoryUsage of job (MB)
	1062084  -  ResidentSetSize of job (KB)
...
006 (5415472.028.000) 07/13 15:42:39 Image size of job updated: 1620340
	1038  -  MemoryUsage of job (MB)
	1062096  -  ResidentSetSize of job (KB)
...
006 (5415472.028.000) 07/13 16:02:41 Image size of job updated: 1620340
	1038  -  MemoryUsage of job (MB)
	1062108  -  ResidentSetSize of job (KB)
...
006 (5415472.028.000) 07/13 16:07:42 Image size of job updated: 1621248
	1039  -  MemoryUsage of job (MB)
	1063016  -  ResidentSetSize of job (KB)
...
006 (5415472.028.000) 07/13 16:22:43 Image size of job updated: 1621248
	1039  -  MemoryUsage of job (MB)
	1063028  -  ResidentSetSize of job (KB)
...
006 (5415472.028.000) 07/13 16:42:46 Image size of job updated: 1621248
	1039  -  MemoryUsage of job (MB)
	1063036  -  ResidentSetSize of job (KB)
...
006 (5415472.028.000) 07/13 16:47:47 Image size of job updated: 1622152
	1040  -  MemoryUsage of job (MB)
	1063944  -  ResidentSetSize of job (KB)
...
006 (5415472.028.000) 07/13 17:07:48 Image size of job updated: 1622152
	1040  -  MemoryUsage of job (MB)
	1063956  -  ResidentSetSize of job (KB)
...
006 (5415472.028.000) 07/13 17:27:50 Image size of job updated: 1623056
	1040  -  MemoryUsage of job (MB)
	1064872  -  ResidentSetSize of job (KB)
...
006 (5415472.028.000) 07/13 17:47:53 Image size of job updated: 1623056
	1040  -  MemoryUsage of job (MB)
	1064884  -  ResidentSetSize of job (KB)
...
006 (5415472.028.000) 07/13 18:07:55 Image size of job updated: 1623964
	1041  -  MemoryUsage of job (MB)
	1065792  -  ResidentSetSize of job (KB)
...
006 (5415472.028.000) 07/13 18:12:56 Image size of job updated: 1623964
	1041  -  MemoryUsage of job (MB)
	1065804  -  ResidentSetSize of job (KB)
...
006 (5415472.028.000) 07/13 18:32:59 Image size of job updated: 1623964
	1041  -  MemoryUsage of job (MB)
	1065816  -  ResidentSetSize of job (KB)
...
006 (5415472.028.000) 07/13 18:53:02 Image size of job updated: 1624868
	1042  -  MemoryUsage of job (MB)
	1066720  -  ResidentSetSize of job (KB)
...
006 (5415472.028.000) 07/13 18:58:02 Image size of job updated: 1624868
	1042  -  MemoryUsage of job (MB)
	1066732  -  ResidentSetSize of job (KB)
...
006 (5415472.028.000) 07/13 19:23:05 Image size of job updated: 1624868
	1042  -  MemoryUsage of job (MB)
	1066744  -  ResidentSetSize of job (KB)
...
006 (5415472.028.000) 07/13 19:38:05 Image size of job updated: 1625776
	1043  -  MemoryUsage of job (MB)
	1067652  -  ResidentSetSize of job (KB)
...
006 (5415472.028.000) 07/13 19:43:07 Image size of job updated: 1625776
	1043  -  MemoryUsage of job (MB)
	1067664  -  ResidentSetSize of job (KB)
...
006 (5415472.028.000) 07/13 20:08:10 Image size of job updated: 1625776
	1043  -  MemoryUsage of job (MB)
	1067676  -  ResidentSetSize of job (KB)
...
006 (5415472.028.000) 07/13 20:18:11 Image size of job updated: 1625776
	1044  -  MemoryUsage of job (MB)
	1068580  -  ResidentSetSize of job (KB)
...
006 (5415472.028.000) 07/13 20:23:12 Image size of job updated: 1626680
	1044  -  MemoryUsage of job (MB)
	1068580  -  ResidentSetSize of job (KB)
...
006 (5415472.028.000) 07/13 20:33:13 Image size of job updated: 1626680
	1044  -  MemoryUsage of job (MB)
	1068592  -  ResidentSetSize of job (KB)
...
006 (5415472.028.000) 07/13 20:58:16 Image size of job updated: 1626680
	1044  -  MemoryUsage of job (MB)
	1068604  -  ResidentSetSize of job (KB)
...
006 (5415472.028.000) 07/13 21:08:17 Image size of job updated: 1627584
	1045  -  MemoryUsage of job (MB)
	1069508  -  ResidentSetSize of job (KB)
...
006 (5415472.028.000) 07/13 21:23:19 Image size of job updated: 1627584
	1045  -  MemoryUsage of job (MB)
	1069520  -  ResidentSetSize of job (KB)
...
006 (5415472.028.000) 07/13 21:48:21 Image size of job updated: 1627584
	1045  -  MemoryUsage of job (MB)
	1069532  -  ResidentSetSize of job (KB)
...
006 (5415472.028.000) 07/13 21:53:21 Image size of job updated: 1628492
	1046  -  MemoryUsage of job (MB)
	1070440  -  ResidentSetSize of job (KB)
...
006 (5415472.028.000) 07/13 22:08:23 Image size of job updated: 1628492
	1046  -  MemoryUsage of job (MB)
	1070452  -  ResidentSetSize of job (KB)
...
006 (5415472.028.000) 07/13 22:33:24 Image size of job updated: 1628492
	1046  -  MemoryUsage of job (MB)
	1070464  -  ResidentSetSize of job (KB)
...
006 (5415472.028.000) 07/13 22:38:25 Image size of job updated: 1629396
	1047  -  MemoryUsage of job (MB)
	1071368  -  ResidentSetSize of job (KB)
...
006 (5415472.028.000) 07/13 22:58:27 Image size of job updated: 1629396
	1047  -  MemoryUsage of job (MB)
	1071380  -  ResidentSetSize of job (KB)
...
006 (5415472.028.000) 07/13 23:23:31 Image size of job updated: 1630304
	1048  -  MemoryUsage of job (MB)
	1072300  -  ResidentSetSize of job (KB)
...
006 (5415472.028.000) 07/13 23:43:32 Image size of job updated: 1630304
	1048  -  MemoryUsage of job (MB)
	1072312  -  ResidentSetSize of job (KB)
...
006 (5415472.028.000) 07/14 00:08:34 Image size of job updated: 1631208
	1049  -  MemoryUsage of job (MB)
	1073216  -  ResidentSetSize of job (KB)
...
006 (5415472.028.000) 07/14 00:13:35 Image size of job updated: 1631208
	1049  -  MemoryUsage of job (MB)
	1073228  -  ResidentSetSize of job (KB)
...
006 (5415472.028.000) 07/14 00:38:36 Image size of job updated: 1631208
	1049  -  MemoryUsage of job (MB)
	1073240  -  ResidentSetSize of job (KB)
...
006 (5415472.028.000) 07/14 01:03:41 Image size of job updated: 1632112
	1049  -  MemoryUsage of job (MB)
	1074144  -  ResidentSetSize of job (KB)
...
006 (5415472.028.000) 07/14 01:08:41 Image size of job updated: 1632112
	1049  -  MemoryUsage of job (MB)
	1074156  -  ResidentSetSize of job (KB)
...
006 (5415472.028.000) 07/14 01:33:43 Image size of job updated: 1632112
	1049  -  MemoryUsage of job (MB)
	1074168  -  ResidentSetSize of job (KB)
...
006 (5415472.028.000) 07/14 01:53:47 Image size of job updated: 1633020
	1050  -  MemoryUsage of job (MB)
	1075076  -  ResidentSetSize of job (KB)
...
006 (5415472.028.000) 07/14 01:58:48 Image size of job updated: 1633020
	1050  -  MemoryUsage of job (MB)
	1075088  -  ResidentSetSize of job (KB)
...
006 (5415472.028.000) 07/14 02:23:50 Image size of job updated: 1633020
	1050  -  MemoryUsage of job (MB)
	1075100  -  ResidentSetSize of job (KB)
...
006 (5415472.028.000) 07/14 02:38:52 Image size of job updated: 1633924
	1051  -  MemoryUsage of job (MB)
	1076004  -  ResidentSetSize of job (KB)
...
006 (5415472.028.000) 07/14 02:48:53 Image size of job updated: 1633924
	1051  -  MemoryUsage of job (MB)
	1076016  -  ResidentSetSize of job (KB)
...
006 (5415472.028.000) 07/14 03:08:56 Image size of job updated: 1633924
	1051  -  MemoryUsage of job (MB)
	1076028  -  ResidentSetSize of job (KB)
...
006 (5415472.028.000) 07/14 03:18:57 Image size of job updated: 1634832
	1052  -  MemoryUsage of job (MB)
	1076936  -  ResidentSetSize of job (KB)
...
006 (5415472.028.000) 07/14 03:33:58 Image size of job updated: 1634832
	1052  -  MemoryUsage of job (MB)
	1076948  -  ResidentSetSize of job (KB)
...
006 (5415472.028.000) 07/14 03:53:58 Image size of job updated: 1634832
	1052  -  MemoryUsage of job (MB)
	1076960  -  ResidentSetSize of job (KB)
...
006 (5415472.028.000) 07/14 04:03:59 Image size of job updated: 1635736
	1053  -  MemoryUsage of job (MB)
	1077864  -  ResidentSetSize of job (KB)
...
006 (5415472.028.000) 07/14 04:14:01 Image size of job updated: 1635736
	1053  -  MemoryUsage of job (MB)
	1077876  -  ResidentSetSize of job (KB)
...
006 (5415472.028.000) 07/14 04:39:03 Image size of job updated: 1635736
	1053  -  MemoryUsage of job (MB)
	1077888  -  ResidentSetSize of job (KB)
...
006 (5415472.028.000) 07/14 04:44:04 Image size of job updated: 1640264
	1058  -  MemoryUsage of job (MB)
	1082416  -  ResidentSetSize of job (KB)
...
006 (5415472.028.000) 07/14 04:59:06 Image size of job updated: 1640264
	1058  -  MemoryUsage of job (MB)
	1082428  -  ResidentSetSize of job (KB)
...
006 (5415472.028.000) 07/14 05:24:09 Image size of job updated: 1640264
	1058  -  MemoryUsage of job (MB)
	1082440  -  ResidentSetSize of job (KB)
...
006 (5415472.028.000) 07/14 05:49:11 Image size of job updated: 1640264
	1058  -  MemoryUsage of job (MB)
	1082452  -  ResidentSetSize of job (KB)
...
006 (5415472.028.000) 07/14 06:14:16 Image size of job updated: 1640264
	1058  -  MemoryUsage of job (MB)
	1082464  -  ResidentSetSize of job (KB)
...
006 (5415472.028.000) 07/14 06:34:19 Image size of job updated: 1640264
	1058  -  MemoryUsage of job (MB)
	1082468  -  ResidentSetSize of job (KB)
...
006 (5415472.028.000) 07/14 06:39:20 Image size of job updated: 1640264
	1058  -  MemoryUsage of job (MB)
	1082476  -  ResidentSetSize of job (KB)
...
006 (5415472.028.000) 07/14 06:59:22 Image size of job updated: 1640264
	1058  -  MemoryUsage of job (MB)
	1082488  -  ResidentSetSize of job (KB)
...
006 (5415472.028.000) 07/14 07:24:25 Image size of job updated: 1640264
	1058  -  MemoryUsage of job (MB)
	1082500  -  ResidentSetSize of job (KB)
...
006 (5415472.028.000) 07/14 07:44:28 Image size of job updated: 1640264
	1058  -  MemoryUsage of job (MB)
	1082512  -  ResidentSetSize of job (KB)
...
006 (5415472.028.000) 07/14 08:04:31 Image size of job updated: 1640264
	1058  -  MemoryUsage of job (MB)
	1082524  -  ResidentSetSize of job (KB)
...
006 (5415472.028.000) 07/14 08:29:33 Image size of job updated: 1640264
	1058  -  MemoryUsage of job (MB)
	1082536  -  ResidentSetSize of job (KB)
...
006 (5415472.028.000) 07/14 08:54:37 Image size of job updated: 1640264
	1058  -  MemoryUsage of job (MB)
	1082548  -  ResidentSetSize of job (KB)
...
006 (5415472.028.000) 07/14 09:14:38 Image size of job updated: 1640264
	1058  -  MemoryUsage of job (MB)
	1082560  -  ResidentSetSize of job (KB)
...
006 (5415472.028.000) 07/14 09:34:40 Image size of job updated: 1640264
	1058  -  MemoryUsage of job (MB)
	1082572  -  ResidentSetSize of job (KB)
...
006 (5415472.028.000) 07/14 09:59:42 Image size of job updated: 1640264
	1058  -  MemoryUsage of job (MB)
	1082584  -  ResidentSetSize of job (KB)
...
006 (5415472.028.000) 07/14 10:24:44 Image size of job updated: 1640264
	1058  -  MemoryUsage of job (MB)
	1082596  -  ResidentSetSize of job (KB)
...
006 (5415472.028.000) 07/14 10:44:46 Image size of job updated: 1640264
	1058  -  MemoryUsage of job (MB)
	1082608  -  ResidentSetSize of job (KB)
...
006 (5415472.028.000) 07/14 11:04:48 Image size of job updated: 1640264
	1058  -  MemoryUsage of job (MB)
	1082616  -  ResidentSetSize of job (KB)
...
006 (5415472.028.000) 07/14 11:09:49 Image size of job updated: 1640264
	1058  -  MemoryUsage of job (MB)
	1082620  -  ResidentSetSize of job (KB)
...
006 (5415472.028.000) 07/14 11:29:51 Image size of job updated: 1640264
	1058  -  MemoryUsage of job (MB)
	1082632  -  ResidentSetSize of job (KB)
...
006 (5415472.028.000) 07/14 11:49:54 Image size of job updated: 1640264
	1058  -  MemoryUsage of job (MB)
	1082644  -  ResidentSetSize of job (KB)
...
006 (5415472.028.000) 07/14 12:14:56 Image size of job updated: 1640264
	1058  -  MemoryUsage of job (MB)
	1082656  -  ResidentSetSize of job (KB)
...
006 (5415472.028.000) 07/14 12:39:59 Image size of job updated: 1640264
	1058  -  MemoryUsage of job (MB)
	1082668  -  ResidentSetSize of job (KB)
...
006 (5415472.028.000) 07/14 13:00:01 Image size of job updated: 1640264
	1058  -  MemoryUsage of job (MB)
	1082680  -  ResidentSetSize of job (KB)
...
006 (5415472.028.000) 07/14 13:25:02 Image size of job updated: 1640264
	1058  -  MemoryUsage of job (MB)
	1082692  -  ResidentSetSize of job (KB)
...
006 (5415472.028.000) 07/14 13:45:04 Image size of job updated: 1640264
	1058  -  MemoryUsage of job (MB)
	1082704  -  ResidentSetSize of job (KB)
...
006 (5415472.028.000) 07/14 14:10:06 Image size of job updated: 1640264
	1058  -  MemoryUsage of job (MB)
	1082716  -  ResidentSetSize of job (KB)
...
006 (5415472.028.000) 07/14 14:35:08 Image size of job updated: 1640264
	1058  -  MemoryUsage of job (MB)
	1082728  -  ResidentSetSize of job (KB)
...
006 (5415472.028.000) 07/14 15:00:09 Image size of job updated: 1640264
	1058  -  MemoryUsage of job (MB)
	1082740  -  ResidentSetSize of job (KB)
...
006 (5415472.028.000) 07/14 15:25:09 Image size of job updated: 1640264
	1058  -  MemoryUsage of job (MB)
	1082752  -  ResidentSetSize of job (KB)
...
006 (5415472.028.000) 07/14 15:45:10 Image size of job updated: 1640264
	1058  -  MemoryUsage of job (MB)
	1082764  -  ResidentSetSize of job (KB)
...
006 (5415472.028.000) 07/14 16:05:12 Image size of job updated: 1640264
	1058  -  MemoryUsage of job (MB)
	1082776  -  ResidentSetSize of job (KB)
...
006 (5415472.028.000) 07/14 16:30:15 Image size of job updated: 1640264
	1058  -  MemoryUsage of job (MB)
	1082788  -  ResidentSetSize of job (KB)
...
006 (5415472.028.000) 07/14 16:55:18 Image size of job updated: 1640264
	1058  -  MemoryUsage of job (MB)
	1082800  -  ResidentSetSize of job (KB)
...
006 (5415472.028.000) 07/14 17:20:19 Image size of job updated: 1640264
	1058  -  MemoryUsage of job (MB)
	1082812  -  ResidentSetSize of job (KB)
...
006 (5415472.028.000) 07/14 17:45:22 Image size of job updated: 1640264
	1058  -  MemoryUsage of job (MB)
	1082824  -  ResidentSetSize of job (KB)
...
006 (5415472.028.000) 07/14 18:10:23 Image size of job updated: 1640264
	1058  -  MemoryUsage of job (MB)
	1082836  -  ResidentSetSize of job (KB)
...
006 (5415472.028.000) 07/14 18:35:27 Image size of job updated: 1640264
	1058  -  MemoryUsage of job (MB)
	1082848  -  ResidentSetSize of job (KB)
...
006 (5415472.028.000) 07/14 19:00:30 Image size of job updated: 1640264
	1058  -  MemoryUsage of job (MB)
	1082860  -  ResidentSetSize of job (KB)
...
006 (5415472.028.000) 07/14 19:30:34 Image size of job updated: 1640264
	1058  -  MemoryUsage of job (MB)
	1082872  -  ResidentSetSize of job (KB)
...
006 (5415472.028.000) 07/14 19:50:35 Image size of job updated: 1640264
	1058  -  MemoryUsage of job (MB)
	1082884  -  ResidentSetSize of job (KB)
...
006 (5415472.028.000) 07/14 20:15:38 Image size of job updated: 1640264
	1058  -  MemoryUsage of job (MB)
	1082896  -  ResidentSetSize of job (KB)
...
006 (5415472.028.000) 07/14 20:40:39 Image size of job updated: 1640264
	1058  -  MemoryUsage of job (MB)
	1082908  -  ResidentSetSize of job (KB)
...
007 (5415472.028.000) 07/14 21:06:48 Shadow exception!
	Assertion ERROR on (result)
	0  -  Run Bytes Sent By Job
	803  -  Run Bytes Received By Job
...
040 (5415472.028.000) 07/14 21:21:15 Started transferring input files
	Transferring to host: <128.142.87.91:9618?addrs=128.142.87.91-9618+[2001-1458-301-f6--100-42e]-9618&alias=b7s14n9304.cern.ch&noUDP&sock=slot1_1_18074_8498_111867>
...
040 (5415472.028.000) 07/14 21:21:15 Finished transferring input files
...
001 (5415472.028.000) 07/14 21:21:16 Job executing on host: <128.142.87.91:9618?addrs=128.142.87.91-9618+[2001-1458-301-f6--100-42e]-9618&alias=b7s14n9304.cern.ch&noUDP&sock=startd_16563_6b38>
...
040 (5415472.028.000) 07/21 10:35:13 Entered queue to transfer output files
...
040 (5415472.028.000) 07/21 10:35:14 Started transferring output files
...
040 (5415472.028.000) 07/21 10:35:14 Finished transferring output files
...
004 (5415472.028.000) 07/21 10:35:14 Job was evicted.
	(0) CPU times
		Usr 18 08:25:44, Sys 0 00:06:05  -  Run Remote Usage
		Usr 0 00:00:00, Sys 0 00:00:00  -  Run Local Usage
	96441  -  Run Bytes Sent By Job
	803  -  Run Bytes Received By Job
	Partitionable Resources :    Usage  Request Allocated 
	   Cpus                 :     2.89        4         4 
	   Disk (KB)            :   122    10485760  10691305 
	   Memory (MB)          :  1221        8000      8000 
...
