000 (5415472.042.000) 07/11 14:02:28 Job submitted from host: <137.138.156.150:9618?addrs=137.138.156.150-9618+[2001-1458-d00-14--9a]-9618&alias=bigbird13.cern.ch&noUDP&sock=schedd_1788_ff6c>
...
040 (5415472.042.000) 07/11 14:03:29 Started transferring input files
	Transferring to host: <128.142.58.87:9618?addrs=128.142.58.87-9618+[2001-1458-301-16--100-56]-9618&alias=b7s03p7653.cern.ch&noUDP&sock=slot1_20_6723_b62a_2264>
...
040 (5415472.042.000) 07/11 14:03:29 Finished transferring input files
...
001 (5415472.042.000) 07/11 14:03:30 Job executing on host: <128.142.58.87:9618?addrs=128.142.58.87-9618+[2001-1458-301-16--100-56]-9618&alias=b7s03p7653.cern.ch&noUDP&sock=startd_6261_1a8c>
...
006 (5415472.042.000) 07/11 14:03:39 Image size of job updated: 570632
	44  -  MemoryUsage of job (MB)
	44220  -  ResidentSetSize of job (KB)
...
006 (5415472.042.000) 07/11 14:08:40 Image size of job updated: 1591024
	1004  -  MemoryUsage of job (MB)
	1027864  -  ResidentSetSize of job (KB)
...
006 (5415472.042.000) 07/11 21:09:20 Image size of job updated: 1591024
	1005  -  MemoryUsage of job (MB)
	1028396  -  ResidentSetSize of job (KB)
...
006 (5415472.042.000) 07/11 21:24:20 Image size of job updated: 1591024
	1006  -  MemoryUsage of job (MB)
	1029580  -  ResidentSetSize of job (KB)
...
006 (5415472.042.000) 07/11 23:34:33 Image size of job updated: 1591024
	1009  -  MemoryUsage of job (MB)
	1032560  -  ResidentSetSize of job (KB)
...
006 (5415472.042.000) 07/12 17:36:27 Image size of job updated: 1592008
	1010  -  MemoryUsage of job (MB)
	1033468  -  ResidentSetSize of job (KB)
...
006 (5415472.042.000) 07/12 18:11:31 Image size of job updated: 1592912
	1011  -  MemoryUsage of job (MB)
	1034372  -  ResidentSetSize of job (KB)
...
006 (5415472.042.000) 07/12 18:51:33 Image size of job updated: 1593816
	1012  -  MemoryUsage of job (MB)
	1035276  -  ResidentSetSize of job (KB)
...
006 (5415472.042.000) 07/12 19:26:35 Image size of job updated: 1594724
	1012  -  MemoryUsage of job (MB)
	1036184  -  ResidentSetSize of job (KB)
...
006 (5415472.042.000) 07/12 20:01:41 Image size of job updated: 1595628
	1013  -  MemoryUsage of job (MB)
	1037088  -  ResidentSetSize of job (KB)
...
006 (5415472.042.000) 07/12 20:36:44 Image size of job updated: 1596536
	1014  -  MemoryUsage of job (MB)
	1037996  -  ResidentSetSize of job (KB)
...
006 (5415472.042.000) 07/12 21:11:47 Image size of job updated: 1597440
	1015  -  MemoryUsage of job (MB)
	1038900  -  ResidentSetSize of job (KB)
...
006 (5415472.042.000) 07/12 21:46:49 Image size of job updated: 1598344
	1016  -  MemoryUsage of job (MB)
	1039804  -  ResidentSetSize of job (KB)
...
006 (5415472.042.000) 07/12 22:16:52 Image size of job updated: 1601968
	1020  -  MemoryUsage of job (MB)
	1044332  -  ResidentSetSize of job (KB)
...
006 (5415472.042.000) 07/12 22:21:53 Image size of job updated: 1602872
	1020  -  MemoryUsage of job (MB)
	1044332  -  ResidentSetSize of job (KB)
...
006 (5415472.042.000) 07/13 05:22:28 Image size of job updated: 1605944
	1022  -  MemoryUsage of job (MB)
	1045892  -  ResidentSetSize of job (KB)
...
006 (5415472.042.000) 07/13 05:42:31 Image size of job updated: 1605944
	1022  -  MemoryUsage of job (MB)
	1045904  -  ResidentSetSize of job (KB)
...
006 (5415472.042.000) 07/13 06:07:35 Image size of job updated: 1605944
	1022  -  MemoryUsage of job (MB)
	1045916  -  ResidentSetSize of job (KB)
...
006 (5415472.042.000) 07/13 06:27:36 Image size of job updated: 1605944
	1022  -  MemoryUsage of job (MB)
	1045928  -  ResidentSetSize of job (KB)
...
006 (5415472.042.000) 07/13 06:42:37 Image size of job updated: 1605944
	1022  -  MemoryUsage of job (MB)
	1045936  -  ResidentSetSize of job (KB)
...
006 (5415472.042.000) 07/13 06:47:37 Image size of job updated: 1605944
	1022  -  MemoryUsage of job (MB)
	1045940  -  ResidentSetSize of job (KB)
...
006 (5415472.042.000) 07/13 07:02:39 Image size of job updated: 1605944
	1022  -  MemoryUsage of job (MB)
	1045952  -  ResidentSetSize of job (KB)
...
006 (5415472.042.000) 07/13 07:22:41 Image size of job updated: 1605944
	1022  -  MemoryUsage of job (MB)
	1045964  -  ResidentSetSize of job (KB)
...
006 (5415472.042.000) 07/13 07:47:44 Image size of job updated: 1605944
	1022  -  MemoryUsage of job (MB)
	1045976  -  ResidentSetSize of job (KB)
...
006 (5415472.042.000) 07/13 08:12:47 Image size of job updated: 1605944
	1022  -  MemoryUsage of job (MB)
	1045988  -  ResidentSetSize of job (KB)
...
006 (5415472.042.000) 07/13 08:37:49 Image size of job updated: 1605944
	1022  -  MemoryUsage of job (MB)
	1046000  -  ResidentSetSize of job (KB)
...
006 (5415472.042.000) 07/13 09:02:51 Image size of job updated: 1605944
	1022  -  MemoryUsage of job (MB)
	1046012  -  ResidentSetSize of job (KB)
...
006 (5415472.042.000) 07/13 09:22:52 Image size of job updated: 1605944
	1022  -  MemoryUsage of job (MB)
	1046024  -  ResidentSetSize of job (KB)
...
006 (5415472.042.000) 07/13 09:42:54 Image size of job updated: 1605944
	1022  -  MemoryUsage of job (MB)
	1046036  -  ResidentSetSize of job (KB)
...
006 (5415472.042.000) 07/13 10:07:57 Image size of job updated: 1605944
	1022  -  MemoryUsage of job (MB)
	1046048  -  ResidentSetSize of job (KB)
...
006 (5415472.042.000) 07/13 10:27:58 Image size of job updated: 1605944
	1022  -  MemoryUsage of job (MB)
	1046060  -  ResidentSetSize of job (KB)
...
006 (5415472.042.000) 07/13 10:48:29 Image size of job updated: 1605944
	1022  -  MemoryUsage of job (MB)
	1046072  -  ResidentSetSize of job (KB)
...
006 (5415472.042.000) 07/13 11:08:30 Image size of job updated: 1605944
	1022  -  MemoryUsage of job (MB)
	1046084  -  ResidentSetSize of job (KB)
...
006 (5415472.042.000) 07/13 11:43:23 Image size of job updated: 1605944
	1022  -  MemoryUsage of job (MB)
	1046096  -  ResidentSetSize of job (KB)
...
006 (5415472.042.000) 07/13 11:55:19 Image size of job updated: 1605944
	1022  -  MemoryUsage of job (MB)
	1046108  -  ResidentSetSize of job (KB)
...
006 (5415472.042.000) 07/13 12:12:30 Image size of job updated: 1605944
	1022  -  MemoryUsage of job (MB)
	1046120  -  ResidentSetSize of job (KB)
...
006 (5415472.042.000) 07/13 12:32:31 Image size of job updated: 1605944
	1022  -  MemoryUsage of job (MB)
	1046132  -  ResidentSetSize of job (KB)
...
006 (5415472.042.000) 07/13 12:52:34 Image size of job updated: 1605944
	1022  -  MemoryUsage of job (MB)
	1046144  -  ResidentSetSize of job (KB)
...
006 (5415472.042.000) 07/13 13:17:36 Image size of job updated: 1605944
	1022  -  MemoryUsage of job (MB)
	1046156  -  ResidentSetSize of job (KB)
...
006 (5415472.042.000) 07/13 13:37:39 Image size of job updated: 1605944
	1022  -  MemoryUsage of job (MB)
	1046168  -  ResidentSetSize of job (KB)
...
006 (5415472.042.000) 07/13 14:02:41 Image size of job updated: 1605944
	1022  -  MemoryUsage of job (MB)
	1046180  -  ResidentSetSize of job (KB)
...
006 (5415472.042.000) 07/13 14:22:45 Image size of job updated: 1605944
	1022  -  MemoryUsage of job (MB)
	1046192  -  ResidentSetSize of job (KB)
...
006 (5415472.042.000) 07/13 14:47:46 Image size of job updated: 1605944
	1022  -  MemoryUsage of job (MB)
	1046204  -  ResidentSetSize of job (KB)
...
006 (5415472.042.000) 07/13 15:07:47 Image size of job updated: 1605944
	1022  -  MemoryUsage of job (MB)
	1046216  -  ResidentSetSize of job (KB)
...
006 (5415472.042.000) 07/13 15:32:51 Image size of job updated: 1605944
	1022  -  MemoryUsage of job (MB)
	1046228  -  ResidentSetSize of job (KB)
...
006 (5415472.042.000) 07/13 15:52:52 Image size of job updated: 1605944
	1022  -  MemoryUsage of job (MB)
	1046240  -  ResidentSetSize of job (KB)
...
006 (5415472.042.000) 07/13 16:17:54 Image size of job updated: 1605944
	1022  -  MemoryUsage of job (MB)
	1046252  -  ResidentSetSize of job (KB)
...
006 (5415472.042.000) 07/13 16:37:56 Image size of job updated: 1605944
	1022  -  MemoryUsage of job (MB)
	1046264  -  ResidentSetSize of job (KB)
...
006 (5415472.042.000) 07/13 17:02:58 Image size of job updated: 1605944
	1022  -  MemoryUsage of job (MB)
	1046276  -  ResidentSetSize of job (KB)
...
006 (5415472.042.000) 07/13 17:23:00 Image size of job updated: 1605944
	1022  -  MemoryUsage of job (MB)
	1046288  -  ResidentSetSize of job (KB)
...
006 (5415472.042.000) 07/13 17:48:05 Image size of job updated: 1605944
	1022  -  MemoryUsage of job (MB)
	1046300  -  ResidentSetSize of job (KB)
...
006 (5415472.042.000) 07/13 18:13:06 Image size of job updated: 1605944
	1022  -  MemoryUsage of job (MB)
	1046312  -  ResidentSetSize of job (KB)
...
006 (5415472.042.000) 07/13 18:33:08 Image size of job updated: 1605944
	1022  -  MemoryUsage of job (MB)
	1046316  -  ResidentSetSize of job (KB)
...
006 (5415472.042.000) 07/13 18:38:09 Image size of job updated: 1605944
	1022  -  MemoryUsage of job (MB)
	1046324  -  ResidentSetSize of job (KB)
...
006 (5415472.042.000) 07/13 18:53:11 Image size of job updated: 1605944
	1022  -  MemoryUsage of job (MB)
	1046336  -  ResidentSetSize of job (KB)
...
006 (5415472.042.000) 07/13 19:18:15 Image size of job updated: 1605944
	1022  -  MemoryUsage of job (MB)
	1046348  -  ResidentSetSize of job (KB)
...
006 (5415472.042.000) 07/13 19:38:16 Image size of job updated: 1605944
	1022  -  MemoryUsage of job (MB)
	1046360  -  ResidentSetSize of job (KB)
...
006 (5415472.042.000) 07/13 19:58:19 Image size of job updated: 1605944
	1022  -  MemoryUsage of job (MB)
	1046372  -  ResidentSetSize of job (KB)
...
006 (5415472.042.000) 07/13 20:18:20 Image size of job updated: 1605944
	1022  -  MemoryUsage of job (MB)
	1046384  -  ResidentSetSize of job (KB)
...
006 (5415472.042.000) 07/13 20:38:23 Image size of job updated: 1605944
	1022  -  MemoryUsage of job (MB)
	1046396  -  ResidentSetSize of job (KB)
...
006 (5415472.042.000) 07/13 21:03:25 Image size of job updated: 1605944
	1022  -  MemoryUsage of job (MB)
	1046408  -  ResidentSetSize of job (KB)
...
006 (5415472.042.000) 07/13 21:23:28 Image size of job updated: 1605944
	1022  -  MemoryUsage of job (MB)
	1046420  -  ResidentSetSize of job (KB)
...
006 (5415472.042.000) 07/13 21:48:30 Image size of job updated: 1605944
	1022  -  MemoryUsage of job (MB)
	1046432  -  ResidentSetSize of job (KB)
...
006 (5415472.042.000) 07/13 22:08:30 Image size of job updated: 1605944
	1022  -  MemoryUsage of job (MB)
	1046444  -  ResidentSetSize of job (KB)
...
006 (5415472.042.000) 07/13 22:33:34 Image size of job updated: 1605944
	1022  -  MemoryUsage of job (MB)
	1046456  -  ResidentSetSize of job (KB)
...
006 (5415472.042.000) 07/13 22:53:34 Image size of job updated: 1605944
	1022  -  MemoryUsage of job (MB)
	1046468  -  ResidentSetSize of job (KB)
...
006 (5415472.042.000) 07/13 23:18:39 Image size of job updated: 1605944
	1022  -  MemoryUsage of job (MB)
	1046480  -  ResidentSetSize of job (KB)
...
006 (5415472.042.000) 07/13 23:38:42 Image size of job updated: 1605944
	1022  -  MemoryUsage of job (MB)
	1046492  -  ResidentSetSize of job (KB)
...
006 (5415472.042.000) 07/13 23:58:44 Image size of job updated: 1605944
	1022  -  MemoryUsage of job (MB)
	1046504  -  ResidentSetSize of job (KB)
...
006 (5415472.042.000) 07/14 00:18:46 Image size of job updated: 1605944
	1022  -  MemoryUsage of job (MB)
	1046516  -  ResidentSetSize of job (KB)
...
006 (5415472.042.000) 07/14 00:43:49 Image size of job updated: 1605944
	1022  -  MemoryUsage of job (MB)
	1046528  -  ResidentSetSize of job (KB)
...
006 (5415472.042.000) 07/14 01:03:52 Image size of job updated: 1605944
	1023  -  MemoryUsage of job (MB)
	1046540  -  ResidentSetSize of job (KB)
...
006 (5415472.042.000) 07/14 01:28:54 Image size of job updated: 1605944
	1023  -  MemoryUsage of job (MB)
	1046552  -  ResidentSetSize of job (KB)
...
006 (5415472.042.000) 07/14 01:48:55 Image size of job updated: 1605944
	1023  -  MemoryUsage of job (MB)
	1046564  -  ResidentSetSize of job (KB)
...
006 (5415472.042.000) 07/14 02:08:59 Image size of job updated: 1605944
	1023  -  MemoryUsage of job (MB)
	1046576  -  ResidentSetSize of job (KB)
...
006 (5415472.042.000) 07/14 02:34:03 Image size of job updated: 1605944
	1023  -  MemoryUsage of job (MB)
	1046588  -  ResidentSetSize of job (KB)
...
006 (5415472.042.000) 07/14 02:54:03 Image size of job updated: 1605944
	1023  -  MemoryUsage of job (MB)
	1046600  -  ResidentSetSize of job (KB)
...
006 (5415472.042.000) 07/14 03:14:05 Image size of job updated: 1605944
	1023  -  MemoryUsage of job (MB)
	1046612  -  ResidentSetSize of job (KB)
...
006 (5415472.042.000) 07/14 03:34:06 Image size of job updated: 1605944
	1023  -  MemoryUsage of job (MB)
	1046624  -  ResidentSetSize of job (KB)
...
006 (5415472.042.000) 07/14 03:59:07 Image size of job updated: 1605944
	1023  -  MemoryUsage of job (MB)
	1046636  -  ResidentSetSize of job (KB)
...
006 (5415472.042.000) 07/14 04:19:09 Image size of job updated: 1605944
	1023  -  MemoryUsage of job (MB)
	1046648  -  ResidentSetSize of job (KB)
...
006 (5415472.042.000) 07/14 04:44:11 Image size of job updated: 1605944
	1023  -  MemoryUsage of job (MB)
	1046660  -  ResidentSetSize of job (KB)
...
006 (5415472.042.000) 07/14 05:04:14 Image size of job updated: 1605944
	1023  -  MemoryUsage of job (MB)
	1046672  -  ResidentSetSize of job (KB)
...
006 (5415472.042.000) 07/14 05:24:15 Image size of job updated: 1605944
	1023  -  MemoryUsage of job (MB)
	1046684  -  ResidentSetSize of job (KB)
...
006 (5415472.042.000) 07/14 05:49:17 Image size of job updated: 1605944
	1023  -  MemoryUsage of job (MB)
	1046696  -  ResidentSetSize of job (KB)
...
006 (5415472.042.000) 07/14 06:09:19 Image size of job updated: 1605944
	1023  -  MemoryUsage of job (MB)
	1046708  -  ResidentSetSize of job (KB)
...
006 (5415472.042.000) 07/14 06:34:21 Image size of job updated: 1605944
	1023  -  MemoryUsage of job (MB)
	1046720  -  ResidentSetSize of job (KB)
...
006 (5415472.042.000) 07/14 06:54:24 Image size of job updated: 1605944
	1023  -  MemoryUsage of job (MB)
	1046732  -  ResidentSetSize of job (KB)
...
006 (5415472.042.000) 07/14 07:14:26 Image size of job updated: 1605944
	1023  -  MemoryUsage of job (MB)
	1046736  -  ResidentSetSize of job (KB)
...
006 (5415472.042.000) 07/14 07:19:27 Image size of job updated: 1605944
	1023  -  MemoryUsage of job (MB)
	1046744  -  ResidentSetSize of job (KB)
...
006 (5415472.042.000) 07/14 07:39:29 Image size of job updated: 1605944
	1023  -  MemoryUsage of job (MB)
	1046756  -  ResidentSetSize of job (KB)
...
006 (5415472.042.000) 07/14 07:59:29 Image size of job updated: 1605944
	1023  -  MemoryUsage of job (MB)
	1046768  -  ResidentSetSize of job (KB)
...
006 (5415472.042.000) 07/14 08:19:29 Image size of job updated: 1605944
	1023  -  MemoryUsage of job (MB)
	1046780  -  ResidentSetSize of job (KB)
...
006 (5415472.042.000) 07/14 08:44:31 Image size of job updated: 1605944
	1023  -  MemoryUsage of job (MB)
	1046792  -  ResidentSetSize of job (KB)
...
006 (5415472.042.000) 07/14 08:59:32 Image size of job updated: 1605944
	1023  -  MemoryUsage of job (MB)
	1046804  -  ResidentSetSize of job (KB)
...
006 (5415472.042.000) 07/14 09:19:36 Image size of job updated: 1605944
	1023  -  MemoryUsage of job (MB)
	1046816  -  ResidentSetSize of job (KB)
...
006 (5415472.042.000) 07/14 09:44:39 Image size of job updated: 1605944
	1023  -  MemoryUsage of job (MB)
	1046828  -  ResidentSetSize of job (KB)
...
006 (5415472.042.000) 07/14 10:04:42 Image size of job updated: 1605944
	1023  -  MemoryUsage of job (MB)
	1046840  -  ResidentSetSize of job (KB)
...
006 (5415472.042.000) 07/14 10:24:44 Image size of job updated: 1605944
	1023  -  MemoryUsage of job (MB)
	1046852  -  ResidentSetSize of job (KB)
...
006 (5415472.042.000) 07/14 10:49:46 Image size of job updated: 1605944
	1023  -  MemoryUsage of job (MB)
	1046864  -  ResidentSetSize of job (KB)
...
006 (5415472.042.000) 07/14 11:09:46 Image size of job updated: 1605944
	1023  -  MemoryUsage of job (MB)
	1046876  -  ResidentSetSize of job (KB)
...
006 (5415472.042.000) 07/14 11:29:47 Image size of job updated: 1605944
	1023  -  MemoryUsage of job (MB)
	1046888  -  ResidentSetSize of job (KB)
...
006 (5415472.042.000) 07/14 11:49:50 Image size of job updated: 1605944
	1023  -  MemoryUsage of job (MB)
	1046900  -  ResidentSetSize of job (KB)
...
006 (5415472.042.000) 07/14 12:14:53 Image size of job updated: 1605944
	1023  -  MemoryUsage of job (MB)
	1046912  -  ResidentSetSize of job (KB)
...
006 (5415472.042.000) 07/14 12:34:55 Image size of job updated: 1605944
	1023  -  MemoryUsage of job (MB)
	1046924  -  ResidentSetSize of job (KB)
...
006 (5415472.042.000) 07/14 12:54:56 Image size of job updated: 1605944
	1023  -  MemoryUsage of job (MB)
	1046936  -  ResidentSetSize of job (KB)
...
006 (5415472.042.000) 07/14 13:14:59 Image size of job updated: 1605944
	1023  -  MemoryUsage of job (MB)
	1046948  -  ResidentSetSize of job (KB)
...
006 (5415472.042.000) 07/14 13:40:00 Image size of job updated: 1605944
	1023  -  MemoryUsage of job (MB)
	1046960  -  ResidentSetSize of job (KB)
...
006 (5415472.042.000) 07/14 14:00:01 Image size of job updated: 1605944
	1023  -  MemoryUsage of job (MB)
	1046972  -  ResidentSetSize of job (KB)
...
006 (5415472.042.000) 07/14 14:20:02 Image size of job updated: 1605944
	1023  -  MemoryUsage of job (MB)
	1046980  -  ResidentSetSize of job (KB)
...
006 (5415472.042.000) 07/14 14:25:02 Image size of job updated: 1605944
	1023  -  MemoryUsage of job (MB)
	1046984  -  ResidentSetSize of job (KB)
...
006 (5415472.042.000) 07/14 14:45:05 Image size of job updated: 1605944
	1023  -  MemoryUsage of job (MB)
	1046996  -  ResidentSetSize of job (KB)
...
006 (5415472.042.000) 07/14 15:05:09 Image size of job updated: 1605944
	1023  -  MemoryUsage of job (MB)
	1047008  -  ResidentSetSize of job (KB)
...
006 (5415472.042.000) 07/14 15:30:13 Image size of job updated: 1605944
	1023  -  MemoryUsage of job (MB)
	1047020  -  ResidentSetSize of job (KB)
...
006 (5415472.042.000) 07/14 15:50:17 Image size of job updated: 1605944
	1023  -  MemoryUsage of job (MB)
	1047032  -  ResidentSetSize of job (KB)
...
006 (5415472.042.000) 07/14 16:10:20 Image size of job updated: 1605944
	1023  -  MemoryUsage of job (MB)
	1047044  -  ResidentSetSize of job (KB)
...
006 (5415472.042.000) 07/14 16:35:21 Image size of job updated: 1605944
	1023  -  MemoryUsage of job (MB)
	1047056  -  ResidentSetSize of job (KB)
...
006 (5415472.042.000) 07/14 16:55:23 Image size of job updated: 1605944
	1023  -  MemoryUsage of job (MB)
	1047068  -  ResidentSetSize of job (KB)
...
006 (5415472.042.000) 07/14 17:15:25 Image size of job updated: 1605944
	1023  -  MemoryUsage of job (MB)
	1047080  -  ResidentSetSize of job (KB)
...
006 (5415472.042.000) 07/14 17:40:27 Image size of job updated: 1605944
	1023  -  MemoryUsage of job (MB)
	1047092  -  ResidentSetSize of job (KB)
...
006 (5415472.042.000) 07/14 18:00:29 Image size of job updated: 1605944
	1023  -  MemoryUsage of job (MB)
	1047104  -  ResidentSetSize of job (KB)
...
006 (5415472.042.000) 07/14 18:25:31 Image size of job updated: 1605944
	1023  -  MemoryUsage of job (MB)
	1047116  -  ResidentSetSize of job (KB)
...
006 (5415472.042.000) 07/14 18:45:34 Image size of job updated: 1605944
	1023  -  MemoryUsage of job (MB)
	1047128  -  ResidentSetSize of job (KB)
...
006 (5415472.042.000) 07/14 19:10:36 Image size of job updated: 1605944
	1023  -  MemoryUsage of job (MB)
	1047140  -  ResidentSetSize of job (KB)
...
006 (5415472.042.000) 07/14 19:30:39 Image size of job updated: 1605944
	1023  -  MemoryUsage of job (MB)
	1047152  -  ResidentSetSize of job (KB)
...
006 (5415472.042.000) 07/14 19:55:40 Image size of job updated: 1605944
	1023  -  MemoryUsage of job (MB)
	1047164  -  ResidentSetSize of job (KB)
...
006 (5415472.042.000) 07/14 20:15:42 Image size of job updated: 1605944
	1023  -  MemoryUsage of job (MB)
	1047176  -  ResidentSetSize of job (KB)
...
006 (5415472.042.000) 07/14 20:40:45 Image size of job updated: 1605944
	1023  -  MemoryUsage of job (MB)
	1047188  -  ResidentSetSize of job (KB)
...
007 (5415472.042.000) 07/14 21:00:10 Shadow exception!
	Assertion ERROR on (result)
	0  -  Run Bytes Sent By Job
	803  -  Run Bytes Received By Job
...
040 (5415472.042.000) 07/14 21:21:19 Started transferring input files
	Transferring to host: <128.142.75.192:9618?addrs=128.142.75.192-9618+[2001-1458-301-75--100-a3]-9618&alias=b7s11n7790.cern.ch&noUDP&sock=slot1_1_6024_33ee_63296>
...
040 (5415472.042.000) 07/14 21:21:19 Finished transferring input fi