000 (5415472.124.000) 07/11 14:02:29 Job submitted from host: <137.138.156.150:9618?addrs=137.138.156.150-9618+[2001-1458-d00-14--9a]-9618&alias=bigbird13.cern.ch&noUDP&sock=schedd_1788_ff6c>
...
040 (5415472.124.000) 07/11 14:15:10 Started transferring input files
	Transferring to host: <128.142.57.34:9618?addrs=128.142.57.34-9618+[2001-1458-301-7--100-21]-9618&alias=b7s02p9579.cern.ch&noUDP&sock=slot1_15_6722_01ca_4921>
...
040 (5415472.124.000) 07/11 14:15:10 Finished transferring input files
...
001 (5415472.124.000) 07/11 14:15:11 Job executing on host: <128.142.57.34:9618?addrs=128.142.57.34-9618+[2001-1458-301-7--100-21]-9618&alias=b7s02p9579.cern.ch&noUDP&sock=startd_6267_381e>
...
006 (5415472.124.000) 07/11 14:15:20 Image size of job updated: 124004
	62  -  MemoryUsage of job (MB)
	63016  -  ResidentSetSize of job (KB)
...
006 (5415472.124.000) 07/11 14:20:21 Image size of job updated: 1591040
	1004  -  MemoryUsage of job (MB)
	1027484  -  ResidentSetSize of job (KB)
...
006 (5415472.124.000) 07/12 22:44:06 Image size of job updated: 1592020
	1004  -  MemoryUsage of job (MB)
	1027484  -  ResidentSetSize of job (KB)
...
006 (5415472.124.000) 07/12 23:24:10 Image size of job updated: 1592928
	1004  -  MemoryUsage of job (MB)
	1027484  -  ResidentSetSize of job (KB)
...
006 (5415472.124.000) 07/13 00:04:13 Image size of job updated: 1593832
	1004  -  MemoryUsage of job (MB)
	1027484  -  ResidentSetSize of job (KB)
...
006 (5415472.124.000) 07/13 00:49:18 Image size of job updated: 1594736
	1004  -  MemoryUsage of job (MB)
	1027484  -  ResidentSetSize of job (KB)
...
006 (5415472.124.000) 07/13 01:29:21 Image size of job updated: 1595644
	1004  -  MemoryUsage of job (MB)
	1027484  -  ResidentSetSize of job (KB)
...
006 (5415472.124.000) 07/13 02:09:27 Image size of job updated: 1596548
	1004  -  MemoryUsage of job (MB)
	1027484  -  ResidentSetSize of job (KB)
...
006 (5415472.124.000) 07/13 02:44:31 Image size of job updated: 1597456
	1004  -  MemoryUsage of job (MB)
	1027484  -  ResidentSetSize of job (KB)
...
006 (5415472.124.000) 07/13 03:19:33 Image size of job updated: 1598360
	1004  -  MemoryUsage of job (MB)
	1027484  -  ResidentSetSize of job (KB)
...
006 (5415472.124.000) 07/13 03:54:36 Image size of job updated: 1599264
	1004  -  MemoryUsage of job (MB)
	1027484  -  ResidentSetSize of job (KB)
...
006 (5415472.124.000) 07/13 04:29:40 Image size of job updated: 1600172
	1004  -  MemoryUsage of job (MB)
	1027484  -  ResidentSetSize of job (KB)
...
006 (5415472.124.000) 07/13 05:09:46 Image size of job updated: 1601076
	1004  -  MemoryUsage of job (MB)
	1027484  -  ResidentSetSize of job (KB)
...
006 (5415472.124.000) 07/13 05:44:48 Image size of job updated: 1601984
	1004  -  MemoryUsage of job (MB)
	1027484  -  ResidentSetSize of job (KB)
...
006 (5415472.124.000) 07/13 06:24:54 Image size of job updated: 1602888
	1004  -  MemoryUsage of job (MB)
	1027484  -  ResidentSetSize of job (KB)
...
006 (5415472.124.000) 07/13 07:05:01 Image size of job updated: 1603792
	1004  -  MemoryUsage of job (MB)
	1027484  -  ResidentSetSize of job (KB)
...
006 (5415472.124.000) 07/13 07:45:04 Image size of job updated: 1604700
	1004  -  MemoryUsage of job (MB)
	1027484  -  ResidentSetSize of job (KB)
...
006 (5415472.124.000) 07/13 08:25:07 Image size of job updated: 1605604
	1004  -  MemoryUsage of job (MB)
	1027484  -  ResidentSetSize of job (KB)
...
006 (5415472.124.000) 07/13 09:05:11 Image size of job updated: 1606512
	1004  -  MemoryUsage of job (MB)
	1027484  -  ResidentSetSize of job (KB)
...
006 (5415472.124.000) 07/13 09:45:17 Image size of job updated: 1607416
	1004  -  MemoryUsage of job (MB)
	1027484  -  ResidentSetSize of job (KB)
...
006 (5415472.124.000) 07/13 10:25:19 Image size of job updated: 1608324
	1004  -  MemoryUsage of job (MB)
	1027484  -  ResidentSetSize of job (KB)
...
006 (5415472.124.000) 07/13 11:05:22 Image size of job updated: 1609228
	1004  -  MemoryUsage of job (MB)
	1027484  -  ResidentSetSize of job (KB)
...
006 (5415472.124.000) 07/13 11:45:24 Image size of job updated: 1610132
	1004  -  MemoryUsage of job (MB)
	1027484  -  ResidentSetSize of job (KB)
...
006 (5415472.124.000) 07/13 12:05:25 Image size of job updated: 1613204
	1004  -  MemoryUsage of job (MB)
	1027484  -  ResidentSetSize of job (KB)
...
006 (5415472.124.000) 07/13 13:05:31 Image size of job updated: 1614112
	1004  -  MemoryUsage of job (MB)
	1027484  -  ResidentSetSize of job (KB)
...
006 (5415472.124.000) 07/13 13:45:36 Image size of job updated: 1615016
	1004  -  MemoryUsage of job (MB)
	1027484  -  ResidentSetSize of job (KB)
...
006 (5415472.124.000) 07/13 14:20:40 Image size of job updated: 1615924
	1004  -  MemoryUsage of job (MB)
	1027484  -  ResidentSetSize of job (KB)
...
006 (5415472.124.000) 07/13 15:00:44 Image size of job updated: 1620452
	1004  -  MemoryUsage of job (MB)
	1027484  -  ResidentSetSize of job (KB)
...
007 (5415472.124.000) 07/14 21:10:02 Shadow exception!
	Assertion ERROR on (result)
	0  -  Run Bytes Sent By Job
	803  -  Run Bytes Received By Job
...
040 (5415472.124.000) 07/14 21:25:08 Started transferring input files
	Transferring to host: <128.142.72.158:9618?addrs=128.142.72.158-9618+[2001-1458-301-75--100-337]-9618&alias=b7s11n8808.cern.ch&noUDP&sock=slot1_8_5543_4b7a_72481>
...
040 (5415472.124.000) 07/14 21:25:08 Finished transferring input files
...
001 (5415472.124.000) 07/14 21:25:09 Job executing on host: <128.142.72.158:9618?addrs=128.142.72.158-9618+[2001-1458-301-75--100-337]-9618&alias=b7s11n8808.cern.ch&noUDP&sock=startd_4399_ed34>
...
040 (5415472.124.000) 07/20 07:24:14 Started transferring output files
...
040 (5415472.124.000) 07/20 07:24:14 Finished transferring output files
...
004 (5415472.124.000) 07/20 07:24:14 Job was evicted.
	(0) CPU times
		Usr 15 12:51:07, Sys 0 00:04:28  -  Run Remote Usage
		Usr 0 00:00:00, Sys 0 00:00:00  -  Run Local Usage
	96427  -  Run Bytes Sent By Job
	803  -  Run Bytes Received By Job
	Partitionable Resources :    Usage  Request Allocated 
	   Cpus                 :     2.91        4         4 
	   Disk (KB)            :   123    10485760  10835247 
	   Memory (MB)          :  1221        8000      8000 
...
