000 (5415472.458.000) 07/11 14:02:30 Job submitted from host: <137.138.156.150:9618?addrs=137.138.156.150-9618+[2001-1458-d00-14--9a]-9618&alias=bigbird13.cern.ch&noUDP&sock=schedd_1788_ff6c>
...
040 (5415472.458.000) 07/12 07:33:30 Started transferring input files
	Transferring to host: <128.142.58.111:9618?addrs=128.142.58.111-9618+[2001-1458-301-16--100-6e]-9618&alias=b7s03p0160.cern.ch&noUDP&sock=slot1_7_6736_df0b_2734>
...
040 (5415472.458.000) 07/12 07:33:30 Finished transferring input files
...
001 (5415472.458.000) 07/12 07:33:31 Job executing on host: <128.142.58.111:9618?addrs=128.142.58.111-9618+[2001-1458-301-16--100-6e]-9618&alias=b7s03p0160.cern.ch&noUDP&sock=startd_6271_f67f>
...
006 (5415472.458.000) 07/12 07:33:40 Image size of job updated: 327384
	247  -  MemoryUsage of job (MB)
	252036  -  ResidentSetSize of job (KB)
...
006 (5415472.458.000) 07/12 07:38:40 Image size of job updated: 1591008
	1004  -  MemoryUsage of job (MB)
	1027460  -  ResidentSetSize of job (KB)
...
006 (5415472.458.000) 07/13 16:48:58 Image size of job updated: 1591988
	1005  -  MemoryUsage of job (MB)
	1028364  -  ResidentSetSize of job (KB)
...
006 (5415472.458.000) 07/13 17:32:48 Image size of job updated: 1592896
	1006  -  MemoryUsage of job (MB)
	1029272  -  ResidentSetSize of job (KB)
...
006 (5415472.458.000) 07/13 18:08:29 Image size of job updated: 1593800
	1007  -  MemoryUsage of job (MB)
	1030176  -  ResidentSetSize of job (KB)
...
006 (5415472.458.000) 07/13 18:48:33 Image size of job updated: 1594708
	1007  -  MemoryUsage of job (MB)
	1031084  -  ResidentSetSize of job (KB)
...
006 (5415472.458.000) 07/13 19:23:39 Image size of job updated: 1595612
	1008  -  MemoryUsage of job (MB)
	1031988  -  ResidentSetSize of job (KB)
...
006 (5415472.458.000) 07/13 20:03:42 Image size of job updated: 1596516
	1009  -  MemoryUsage of job (MB)
	1032892  -  ResidentSetSize of job (KB)
...
006 (5415472.458.000) 07/13 20:43:47 Image size of job updated: 1597424
	1010  -  MemoryUsage of job (MB)
	1033800  -  ResidentSetSize of job (KB)
...
006 (5415472.458.000) 07/13 21:18:50 Image size of job updated: 1598328
	1011  -  MemoryUsage of job (MB)
	1034704  -  ResidentSetSize of job (KB)
...
006 (5415472.458.000) 07/13 21:58:54 Image size of job updated: 1599236
	1012  -  MemoryUsage of job (MB)
	1035612  -  ResidentSetSize of job (KB)
...
006 (5415472.458.000) 07/13 22:44:01 Image size of job updated: 1600140
	1013  -  MemoryUsage of job (MB)
	1036516  -  ResidentSetSize of job (KB)
...
006 (5415472.458.000) 07/13 23:24:06 Image size of job updated: 1601044
	1014  -  MemoryUsage of job (MB)
	1037420  -  ResidentSetSize of job (KB)
...
006 (5415472.458.000) 07/14 00:09:10 Image size of job updated: 1601952
	1014  -  MemoryUsage of job (MB)
	1038328  -  ResidentSetSize of job (KB)
...
006 (5415472.458.000) 07/14 00:54:15 Image size of job updated: 1602856
	1015  -  MemoryUsage of job (MB)
	1039232  -  ResidentSetSize of job (KB)
...
006 (5415472.458.000) 07/14 01:39:21 Image size of job updated: 1603764
	1016  -  MemoryUsage of job (MB)
	1040140  -  ResidentSetSize of job (KB)
...
006 (5415472.458.000) 07/14 02:19:24 Image size of job updated: 1604668
	1017  -  MemoryUsage of job (MB)
	1041044  -  ResidentSetSize of job (KB)
...
006 (5415472.458.000) 07/14 02:54:27 Image size of job updated: 1605572
	1018  -  MemoryUsage of job (MB)
	1041948  -  ResidentSetSize of job (KB)
...
006 (5415472.458.000) 07/14 03:34:30 Image size of job updated: 1606480
	1019  -  MemoryUsage of job (MB)
	1042856  -  ResidentSetSize of job (KB)
...
006 (5415472.458.000) 07/14 04:14:33 Image size of job updated: 1607384
	1020  -  MemoryUsage of job (MB)
	1043760  -  ResidentSetSize of job (KB)
...
006 (5415472.458.000) 07/14 04:59:40 Image size of job updated: 1608292
	1021  -  MemoryUsage of job (MB)
	1044668  -  ResidentSetSize of job (KB)
...
006 (5415472.458.000) 07/14 05:44:41 Image size of job updated: 1609196
	1022  -  MemoryUsage of job (MB)
	1045572  -  ResidentSetSize of job (KB)
...
006 (5415472.458.000) 07/14 06:29:43 Image size of job updated: 1610100
	1022  -  MemoryUsage of job (MB)
	1046476  -  ResidentSetSize of job (KB)
...
006 (5415472.458.000) 07/14 06:54:44 Image size of job updated: 1613176
	1024  -  MemoryUsage of job (MB)
	1048036  -  ResidentSetSize of job (KB)
...
006 (5415472.458.000) 07/14 07:14:48 Image size of job updated: 1613176
	1024  -  MemoryUsage of job (MB)
	1048048  -  ResidentSetSize of job (KB)
...
006 (5415472.458.000) 07/14 07:34:48 Image size of job updated: 1613176
	1024  -  MemoryUsage of job (MB)
	1048060  -  ResidentSetSize of job (KB)
...
006 (5415472.458.000) 07/14 07:54:50 Image size of job updated: 1614080
	1025  -  MemoryUsage of job (MB)
	1048976  -  ResidentSetSize of job (KB)
...
006 (5415472.458.000) 07/14 08:14:52 Image size of job updated: 1614080
	1025  -  MemoryUsage of job (MB)
	1048984  -  ResidentSetSize of job (KB)
...
006 (5415472.458.000) 07/14 08:19:53 Image size of job updated: 1614080
	1025  -  MemoryUsage of job (MB)
	1048988  -  ResidentSetSize of job (KB)
...
006 (5415472.458.000) 07/14 08:29:54 Image size of job updated: 1614984
	1026  -  MemoryUsage of job (MB)
	1049892  -  ResidentSetSize of job (KB)
...
006 (5415472.458.000) 07/14 08:34:54 Image size of job updated: 1614984
	1026  -  MemoryUsage of job (MB)
	1049904  -  ResidentSetSize of job (KB)
...
006 (5415472.458.000) 07/14 08:54:57 Image size of job updated: 1614984
	1026  -  MemoryUsage of job (MB)
	1049916  -  ResidentSetSize of job (KB)
...
006 (5415472.458.000) 07/14 09:04:58 Image size of job updated: 1615892
	1027  -  MemoryUsage of job (MB)
	1050824  -  ResidentSetSize of job (KB)
...
006 (5415472.458.000) 07/14 09:14:59 Image size of job updated: 1615892
	1027  -  MemoryUsage of job (MB)
	1050836  -  ResidentSetSize of job (KB)
...
006 (5415472.458.000) 07/14 09:35:00 Image size of job updated: 1615892
	1027  -  MemoryUsage of job (MB)
	1050848  -  ResidentSetSize of job (KB)
...
006 (5415472.458.000) 07/14 09:45:02 Image size of job updated: 1616796
	1028  -  MemoryUsage of job (MB)
	1051752  -  ResidentSetSize of job (KB)
...
006 (5415472.458.000) 07/14 09:55:04 Image size of job updated: 1616796
	1028  -  MemoryUsage of job (MB)
	1051764  -  ResidentSetSize of job (KB)
...
006 (5415472.458.000) 07/14 10:15:06 Image size of job updated: 1616796
	1028  -  MemoryUsage of job (MB)
	1051776  -  ResidentSetSize of job (KB)
...
006 (5415472.458.000) 07/14 10:20:07 Image size of job updated: 1617704
	1029  -  MemoryUsage of job (MB)
	1052684  -  ResidentSetSize of job (KB)
...
006 (5415472.458.000) 07/14 10:35:07 Image size of job updated: 1617704
	1029  -  MemoryUsage of job (MB)
	1052696  -  ResidentSetSize of job (KB)
...
006 (5415472.458.000) 07/14 10:55:09 Image size of job updated: 1617704
	1029  -  MemoryUsage of job (MB)
	1052708  -  ResidentSetSize of job (KB)
...
006 (5415472.458.000) 07/14 11:00:09 Image size of job updated: 1618608
	1029  -  MemoryUsage of job (MB)
	1053612  -  ResidentSetSize of job (KB)
...
006 (5415472.458.000) 07/14 11:15:11 Image size of job updated: 1618608
	1029  -  MemoryUsage of job (MB)
	1053624  -  ResidentSetSize of job (KB)
...
006 (5415472.458.000) 07/14 11:30:12 Image size of job updated: 1618608
	1029  -  MemoryUsage of job (MB)
	1053636  -  ResidentSetSize of job (KB)
...
006 (5415472.458.000) 07/14 11:35:12 Image size of job updated: 1619512
	1030  -  MemoryUsage of job (MB)
	1054540  -  ResidentSetSize of job (KB)
...
006 (5415472.458.000) 07/14 11:50:14 Image size of job updated: 1619512
	1030  -  MemoryUsage of job (MB)
	1054552  -  ResidentSetSize of job (KB)
...
006 (5415472.458.000) 07/14 12:15:18 Image size of job updated: 1620420
	1031  -  MemoryUsage of job (MB)
	1055472  -  ResidentSetSize of job (KB)
...
006 (5415472.458.000) 07/14 12:35:21 Image size of job updated: 1620420
	1031  -  MemoryUsage of job (MB)
	1055484  -  ResidentSetSize of job (KB)
...
006 (5415472.458.000) 07/14 12:55:23 Image size of job updated: 1621324
	1032  -  MemoryUsage of job (MB)
	1056400  -  ResidentSetSize of job (KB)
...
006 (5415472.458.000) 07/14 13:20:25 Image size of job updated: 1621324
	1032  -  MemoryUsage of job (MB)
	1056412  -  ResidentSetSize of job (KB)
...
006 (5415472.458.000) 07/14 13:35:26 Image size of job updated: 1622232
	1033  -  MemoryUsage of job (MB)
	1057320  -  ResidentSetSize of job (KB)
...
006 (5415472.458.000) 07/14 13:40:27 Image size of job updated: 1622232
	1033  -  MemoryUsage of job (MB)
	1057332  -  ResidentSetSize of job (KB)
...
006 (5415472.458.000) 07/14 14:20:29 Image size of job updated: 1623136
	1033  -  MemoryUsage of job (MB)
	1057332  -  ResidentSetSize of job (KB)
...
006 (5415472.458.000) 07/14 15:05:32 Image size of job updated: 1624040
	1033  -  MemoryUsage of job (MB)
	1057332  -  ResidentSetSize of job (KB)
...
006 (5415472.458.000) 07/14 15:50:37 Image size of job updated: 1624948
	1033  -  MemoryUsage of job (MB)
	1057332  -  ResidentSetSize of job (KB)
...
006 (5415472.458.000) 07/14 16:35:41 Image size of job updated: 1625852
	1033  -  MemoryUsage of job (MB)
	1057332  -  ResidentSetSize of job (KB)
...
006 (5415472.458.000) 07/14 17:20:45 Image size of job updated: 1626760
	1033  -  MemoryUsage of job (MB)
	1057332  -  ResidentSetSize of job (KB)
...
006 (5415472.458.000) 07/14 18:05:50 Image size of job updated: 1627664
	1033  -  MemoryUsage of job (MB)
	1057332  -  ResidentSetSize of job (KB)
...
006 (5415472.458.000) 07/14 18:50:54 Image size of job updated: 1632192
	1036  -  MemoryUsage of job (MB)
	1059848  -  ResidentSetSize of job (KB)
...
006 (5415472.458.000) 07/14 19:15:55 Image size of job updated: 1632192
	1036  -  MemoryUsage of job (MB)
	1059860  -  ResidentSetSize of job (KB)
...
006 (5415472.458.000) 07/14 19:40:58 Image size of job updated: 1632192
	1036  -  MemoryUsage of job (MB)
	1059872  -  ResidentSetSize of job (KB)
...
006 (5415472.458.000) 07/14 20:06:09 Image size of job updated: 1632192
	1036  -  MemoryUsage of job (MB)
	1059884  -  ResidentSetSize of job (KB)
...
006 (5415472.458.000) 07/14 20:26:12 Image size of job updated: 1632192
	1036  -  MemoryUsage of job (MB)
	1059896  -  ResidentSetSize of job (KB)
...
006 (5415472.458.000) 07/14 20:51:15 Image size of job updated: 1632192
	1036  -  MemoryUsage of job (MB)
	1059908  -  ResidentSetSize of job (KB)
...
007 (5415472.458.000) 07/14 21:00:11 Shadow exception!
	Assertion ERROR on (result)
	0  -  Run Bytes Sent By Job
	803  -  Run Bytes Received By Job
...
