000 (5415472.189.000) 07/11 14:02:29 Job submitted from host: <137.138.156.150:9618?addrs=137.138.156.150-9618+[2001-1458-d00-14--9a]-9618&alias=bigbird13.cern.ch&noUDP&sock=schedd_1788_ff6c>
...
040 (5415472.189.000) 07/11 14:16:46 Started transferring input files
	Transferring to host: <128.142.161.72:9618?addrs=128.142.161.72-9618+[2001-1458-301-b8--100-6]-9618&alias=b7g03p3572.cern.ch&noUDP&sock=slot1_47_24449_483b_105030>
...
040 (5415472.189.000) 07/11 14:16:46 Finished transferring input files
...
001 (5415472.189.000) 07/11 14:16:47 Job executing on host: <128.142.161.72:9618?addrs=128.142.161.72-9618+[2001-1458-301-b8--100-6]-9618&alias=b7g03p3572.cern.ch&noUDP&sock=startd_3110_c7a0>
...
006 (5415472.189.000) 07/11 14:16:56 Image size of job updated: 327388
	40  -  MemoryUsage of job (MB)
	40220  -  ResidentSetSize of job (KB)
...
006 (5415472.189.000) 07/11 14:21:57 Image size of job updated: 1591032
	1004  -  MemoryUsage of job (MB)
	1027488  -  ResidentSetSize of job (KB)
...
006 (5415472.189.000) 07/13 11:37:09 Image size of job updated: 1592016
	1004  -  MemoryUsage of job (MB)
	1027512  -  ResidentSetSize of job (KB)
...
006 (5415472.189.000) 07/13 12:27:12 Image size of job updated: 1592920
	1005  -  MemoryUsage of job (MB)
	1028416  -  ResidentSetSize of job (KB)
...
006 (5415472.189.000) 07/13 13:20:40 Image size of job updated: 1593828
	1006  -  MemoryUsage of job (MB)
	1029324  -  ResidentSetSize of job (KB)
...
006 (5415472.189.000) 07/13 14:20:46 Image size of job updated: 1594732
	1007  -  MemoryUsage of job (MB)
	1030228  -  ResidentSetSize of job (KB)
...
006 (5415472.189.000) 07/13 15:20:51 Image size of job updated: 1595636
	1007  -  MemoryUsage of job (MB)
	1030228  -  ResidentSetSize of job (KB)
...
006 (5415472.189.000) 07/13 16:15:58 Image size of job updated: 1596544
	1007  -  MemoryUsage of job (MB)
	1030228  -  ResidentSetSize of job (KB)
...
006 (5415472.189.000) 07/13 17:06:04 Image size of job updated: 1597448
	1007  -  MemoryUsage of job (MB)
	1031004  -  ResidentSetSize of job (KB)
...
006 (5415472.189.000) 07/13 17:56:26 Image size of job updated: 1598356
	1008  -  MemoryUsage of job (MB)
	1031912  -  ResidentSetSize of job (KB)
...
006 (5415472.189.000) 07/13 18:48:22 Image size of job updated: 1599260
	1009  -  MemoryUsage of job (MB)
	1032816  -  ResidentSetSize of job (KB)
...
006 (5415472.189.000) 07/13 19:33:26 Image size of job updated: 1600168
	1010  -  MemoryUsage of job (MB)
	1033724  -  ResidentSetSize of job (KB)
...
006 (5415472.189.000) 07/13 20:23:28 Image size of job updated: 1601072
	1011  -  MemoryUsage of job (MB)
	1034628  -  ResidentSetSize of job (KB)
...
006 (5415472.189.000) 07/13 21:13:31 Image size of job updated: 1601976
	1012  -  MemoryUsage of job (MB)
	1035532  -  ResidentSetSize of job (KB)
...
006 (5415472.189.000) 07/13 22:03:38 Image size of job updated: 1602884
	1013  -  MemoryUsage of job (MB)
	1036440  -  ResidentSetSize of job (KB)
...
006 (5415472.189.000) 07/13 22:53:43 Image size of job updated: 1603788
	1014  -  MemoryUsage of job (MB)
	1037344  -  ResidentSetSize of job (KB)
...
006 (5415472.189.000) 07/13 23:53:50 Image size of job updated: 1604696
	1014  -  MemoryUsage of job (MB)
	1038252  -  ResidentSetSize of job (KB)
...
006 (5415472.189.000) 07/14 00:48:55 Image size of job updated: 1605600
	1015  -  MemoryUsage of job (MB)
	1039156  -  ResidentSetSize of job (KB)
...
006 (5415472.189.000) 07/14 01:44:00 Image size of job updated: 1606504
	1016  -  MemoryUsage of job (MB)
	1040060  -  ResidentSetSize of job (KB)
...
006 (5415472.189.000) 07/14 02:34:06 Image size of job updated: 1607412
	1017  -  MemoryUsage of job (MB)
	1040968  -  ResidentSetSize of job (KB)
...
006 (5415472.189.000) 07/14 03:34:13 Image size of job updated: 1608316
	1018  -  MemoryUsage of job (MB)
	1041872  -  ResidentSetSize of job (KB)
...
006 (5415472.189.000) 07/14 04:29:15 Image size of job updated: 1609224
	1019  -  MemoryUsage of job (MB)
	1042780  -  ResidentSetSize of job (KB)
...
006 (5415472.189.000) 07/14 05:24:21 Image size of job updated: 1610128
	1020  -  MemoryUsage of job (MB)
	1043684  -  ResidentSetSize of job (KB)
...
006 (5415472.189.000) 07/14 05:54:26 Image size of job updated: 1613200
	1021  -  MemoryUsage of job (MB)
	1045232  -  ResidentSetSize of job (KB)
...
006 (5415472.189.000) 07/14 06:09:28 Image size of job updated: 1613200
	1021  -  MemoryUsage of job (MB)
	1045244  -  ResidentSetSize of job (KB)
...
006 (5415472.189.000) 07/14 06:39:30 Image size of job updated: 1613200
	1021  -  MemoryUsage of job (MB)
	1045256  -  ResidentSetSize of job (KB)
...
006 (5415472.189.000) 07/14 07:09:34 Image size of job updated: 1613200
	1021  -  MemoryUsage of job (MB)
	1045268  -  ResidentSetSize of job (KB)
...
006 (5415472.189.000) 07/14 07:24:36 Image size of job updated: 1614104
	1022  -  MemoryUsage of job (MB)
	1046172  -  ResidentSetSize of job (KB)
...
006 (5415472.189.000) 07/14 07:44:39 Image size of job updated: 1614104
	1022  -  MemoryUsage of job (MB)
	1046184  -  ResidentSetSize of job (KB)
...
006 (5415472.189.000) 07/14 08:09:42 Image size of job updated: 1614104
	1022  -  MemoryUsage of job (MB)
	1046196  -  ResidentSetSize of job (KB)
...
006 (5415472.189.000) 07/14 08:19:44 Image size of job updated: 1615012
	1023  -  MemoryUsage of job (MB)
	1047104  -  ResidentSetSize of job (KB)
...
006 (5415472.189.000) 07/14 08:39:46 Image size of job updated: 1615012
	1023  -  MemoryUsage of job (MB)
	1047116  -  ResidentSetSize of job (KB)
...
006 (5415472.189.000) 07/14 09:09:48 Image size of job updated: 1615012
	1023  -  MemoryUsage of job (MB)
	1047128  -  ResidentSetSize of job (KB)
...
006 (5415472.189.000) 07/14 09:14:48 Image size of job updated: 1615916
	1024  -  MemoryUsage of job (MB)
	1048032  -  ResidentSetSize of job (KB)
...
006 (5415472.189.000) 07/14 09:34:49 Image size of job updated: 1615916
	1024  -  MemoryUsage of job (MB)
	1048040  -  ResidentSetSize of job (KB)
...
006 (5415472.189.000) 07/14 09:39:50 Image size of job updated: 1615916
	1024  -  MemoryUsage of job (MB)
	1048044  -  ResidentSetSize of job (KB)
...
006 (5415472.189.000) 07/14 10:04:53 Image size of job updated: 1616824
	1025  -  MemoryUsage of job (MB)
	1048964  -  ResidentSetSize of job (KB)
...
006 (5415472.189.000) 07/14 10:34:57 Image size of job updated: 1616824
	1025  -  MemoryUsage of job (MB)
	1048976  -  ResidentSetSize of job (KB)
...
006 (5415472.189.000) 07/14 11:04:58 Image size of job updated: 1617728
	1026  -  MemoryUsage of job (MB)
	1049892  -  ResidentSetSize of job (KB)
...
006 (5415472.189.000) 07/14 11:35:03 Image size of job updated: 1617728
	1026  -  MemoryUsage of job (MB)
	1049904  -  ResidentSetSize of job (KB)
...
006 (5415472.189.000) 07/14 12:00:06 Image size of job updated: 1618636
	1027  -  MemoryUsage of job (MB)
	1050812  -  ResidentSetSize of job (KB)
...
006 (5415472.189.000) 07/14 12:05:06 Image size of job updated: 1618636
	1027  -  MemoryUsage of job (MB)
	1050824  -  ResidentSetSize of job (KB)
...
006 (5415472.189.000) 07/14 12:55:10 Image size of job updated: 1619540
	1028  -  MemoryUsage of job (MB)
	1051668  -  ResidentSetSize of job (KB)
...
006 (5415472.189.000) 07/14 13:00:10 Image size of job updated: 1619540
	1028  -  MemoryUsage of job (MB)
	1051680  -  ResidentSetSize of job (KB)
...
006 (5415472.189.000) 07/14 13:30:12 Image size of job updated: 1619540
	1028  -  MemoryUsage of job (MB)
	1051692  -  ResidentSetSize of job (KB)
...
006 (5415472.189.000) 07/14 13:50:14 Image size of job updated: 1620444
	1028  -  MemoryUsage of job (MB)
	1052596  -  ResidentSetSize of job (KB)
...
006 (5415472.189.000) 07/14 14:00:15 Image size of job updated: 1620444
	1028  -  MemoryUsage of job (MB)
	1052604  -  ResidentSetSize of job (KB)
...
006 (5415472.189.000) 07/14 14:45:16 Image size of job updated: 1621352
	1029  -  MemoryUsage of job (MB)
	1053396  -  ResidentSetSize of job (KB)
...
006 (5415472.189.000) 07/14 15:00:18 Image size of job updated: 1621352
	1029  -  MemoryUsage of job (MB)
	1053408  -  ResidentSetSize of job (KB)
...
006 (5415472.189.000) 07/14 15:30:20 Image size of job updated: 1621352
	1029  -  MemoryUsage of job (MB)
	1053412  -  ResidentSetSize of job (KB)
...
006 (5415472.189.000) 07/14 15:35:20 Image size of job updated: 1621352
	1029  -  MemoryUsage of job (MB)
	1053420  -  ResidentSetSize of job (KB)
...
006 (5415472.189.000) 07/14 15:45:22 Image size of job updated: 1622256
	1030  -  MemoryUsage of job (MB)
	1054316  -  ResidentSetSize of job (KB)
...
006 (5415472.189.000) 07/14 16:05:24 Image size of job updated: 1622256
	1030  -  MemoryUsage of job (MB)
	1054324  -  ResidentSetSize of job (KB)
...
006 (5415472.189.000) 07/14 16:30:27 Image size of job updated: 1622256
	1030  -  MemoryUsage of job (MB)
	1054336  -  ResidentSetSize of job (KB)
...
006 (5415472.189.000) 07/14 16:40:28 Image size of job updated: 1623164
	1031  -  MemoryUsage of job (MB)
	1055244  -  ResidentSetSize of job (KB)
...
006 (5415472.189.000) 07/14 17:00:32 Image size of job updated: 1623164
	1031  -  MemoryUsage of job (MB)
	1055252  -  ResidentSetSize of job (KB)
...
006 (5415472.189.000) 07/14 17:30:35 Image size of job updated: 1624068
	1032  -  MemoryUsage of job (MB)
	1056052  -  ResidentSetSize of job (KB)
...
006 (5415472.189.000) 07/14 18:20:40 Image size of job updated: 1624972
	1033  -  MemoryUsage of job (MB)
	1056848  -  ResidentSetSize of job (KB)
...
006 (5415472.189.000) 07/14 19:15:45 Image size of job updated: 1625880
	1033  -  MemoryUsage of job (MB)
	1057704  -  ResidentSetSize of job (KB)
...
006 (5415472.189.000) 07/14 20:10:52 Image size of job updated: 1626784
	1034  -  MemoryUsage of job (MB)
	1058436  -  ResidentSetSize of job (KB)
...
006 (5415472.189.000) 07/14 20:20:54 Image size of job updated: 1626784
	1034  -  MemoryUsage of job (MB)
	1058440  -  ResidentSetSize of job (KB)
...
006 (5415472.189.000) 07/14 20:50:56 Image size of job updated: 1626784
	1034  -  MemoryUsage of job (MB)
	1058444  -  ResidentSetSize of job (KB)
...
006 (5415472.189.000) 07/14 21:10:14 Image size of job updated: 1627692
	1034  -  MemoryUsage of job (MB)
	1058628  -  ResidentSetSize of job (KB)
...
006 (5415472.189.000) 07/14 21:20:15 Image size of job updated: 1627692
	1034  -  MemoryUsage of job (MB)
	1058640  -  ResidentSetSize of job (KB)
...
006 (5415472.189.000) 07/14 21:50:17 Image size of job updated: 1627692
	1034  -  MemoryUsage of job (MB)
	1058652  -  ResidentSetSize of job (KB)
...
006 (5415472.189.000) 07/14 22:05:18 Image size of job updated: 1632220
	1039  -  MemoryUsage of job (MB)
	1063184  -  ResidentSetSize of job (KB)
...
006 (5415472.189.000) 07/16 20:37:52 Image size of job updated: 1636316
	1039  -  MemoryUsage of job (MB)
	1063184  -  ResidentSetSize of job (KB)
...
040 (5415472.189.000) 07/19 13:00:56 Started transferring output files
...
040 (5415472.189.000) 07/19 13:00:56 Finished transferring output files
...
004 (5415472.189.000) 07/19 13:00:56 Job was evicted.
	(0) CPU times
		Usr 24 10:05:56, Sys 0 00:38:26  -  Run Remote Usage
		Usr 0 00:00:00, Sys 0 00:00:00  -  Run Local Usage
	96424  -  Run Bytes Sent By Job
	803  -  Run Bytes Received By Job
	Partitionable Resources :    Usage  Request Allocated 
	   Cpus                 :     3.00        4         4 
	   Disk (KB)            :   121    10485760  11781836 
	   Memory (MB)          :  1039        8000      8000 
...
