000 (5415472.311.000) 07/11 14:02:29 Job submitted from host: <137.138.156.150:9618?addrs=137.138.156.150-9618+[2001-1458-d00-14--9a]-9618&alias=bigbird13.cern.ch&noUDP&sock=schedd_1788_ff6c>
...
040 (5415472.311.000) 07/11 14:57:56 Started transferring input files
	Transferring to host: <188.184.192.36:9618?addrs=188.184.192.36-9618+[2001-1458-301-83--100-1ec]-9618&alias=b7g44n9416.cern.ch&noUDP&sock=slot1_1_16605_797c_62351>
...
040 (5415472.311.000) 07/11 14:57:56 Finished transferring input files
...
001 (5415472.311.000) 07/11 14:57:57 Job executing on host: <188.184.192.36:9618?addrs=188.184.192.36-9618+[2001-1458-301-83--100-1ec]-9618&alias=b7g44n9416.cern.ch&noUDP&sock=startd_16454_a765>
...
006 (5415472.311.000) 07/11 14:58:06 Image size of job updated: 523112
	71  -  MemoryUsage of job (MB)
	72216  -  ResidentSetSize of job (KB)
...
006 (5415472.311.000) 07/11 15:03:06 Image size of job updated: 1590660
	1004  -  MemoryUsage of job (MB)
	1027092  -  ResidentSetSize of job (KB)
...
006 (5415472.311.000) 07/14 06:22:55 Image size of job updated: 1591640
	1004  -  MemoryUsage of job (MB)
	1027996  -  ResidentSetSize of job (KB)
...
006 (5415472.311.000) 07/14 07:38:04 Image size of job updated: 1592544
	1005  -  MemoryUsage of job (MB)
	1028900  -  ResidentSetSize of job (KB)
...
006 (5415472.311.000) 07/14 09:03:13 Image size of job updated: 1593452
	1006  -  MemoryUsage of job (MB)
	1029808  -  ResidentSetSize of job (KB)
...
006 (5415472.311.000) 07/14 10:33:21 Image size of job updated: 1594356
	1007  -  MemoryUsage of job (MB)
	1030712  -  ResidentSetSize of job (KB)
...
006 (5415472.311.000) 07/14 12:08:27 Image size of job updated: 1595264
	1008  -  MemoryUsage of job (MB)
	1031620  -  ResidentSetSize of job (KB)
...
006 (5415472.311.000) 07/14 13:33:37 Image size of job updated: 1596168
	1009  -  MemoryUsage of job (MB)
	1032524  -  ResidentSetSize of job (KB)
...
006 (5415472.311.000) 07/14 14:53:43 Image size of job updated: 1597076
	1010  -  MemoryUsage of job (MB)
	1033432  -  ResidentSetSize of job (KB)
...
006 (5415472.311.000) 07/14 16:08:53 Image size of job updated: 1597980
	1011  -  MemoryUsage of job (MB)
	1034336  -  ResidentSetSize of job (KB)
...
006 (5415472.311.000) 07/14 17:24:01 Image size of job updated: 1598884
	1011  -  MemoryUsage of job (MB)
	1035240  -  ResidentSetSize of job (KB)
...
006 (5415472.311.000) 07/14 18:39:09 Image size of job updated: 1599792
	1012  -  MemoryUsage of job (MB)
	1036148  -  ResidentSetSize of job (KB)
...
006 (5415472.311.000) 07/14 19:54:16 Image size of job updated: 1600696
	1013  -  MemoryUsage of job (MB)
	1037052  -  ResidentSetSize of job (KB)
...
007 (5415472.311.000) 07/14 21:01:42 Shadow exception!
	Assertion ERROR on (result)
	0  -  Run Bytes Sent By Job
	803  -  Run Bytes Received By Job
...
040 (5415472.311.000) 07/14 21:26:37 Started transferring input files
	Transferring to host: <128.142.59.48:9618?addrs=128.142.59.48-9618+[2001-1458-301-21--100-2f]-9618&alias=b7s04p2230.cern.ch&noUDP&sock=slot1_30_6840_260f_5053>
...
040 (5415472.311.000) 07/14 21:26:48 Finished transferring input files
...
001 (5415472.311.000) 07/14 21:27:04 Job executing on host: <128.142.59.48:9618?addrs=128.142.59.48-9618+[2001-1458-301-21--100-2f]-9618&alias=b7s04p2230.cern.ch&noUDP&sock=startd_6381_69ea>
...
040 (5415472.311.000) 07/18 13:37:47 Started transferring output files
...
040 (5415472.311.000) 07/18 13:37:48 Finished transferring output files
...
004 (5415472.311.000) 07/18 13:37:48 Job was evicted.
	(0) CPU times
		Usr 11 09:22:16, Sys 0 00:17:29  -  Run Remote Usage
		Usr 0 00:00:00, Sys 0 00:00:00  -  Run Local Usage
	96415  -  Run Bytes Sent By Job
	803  -  Run Bytes Received By Job
	Partitionable Resources :    Usage  Request Allocated 
	   Cpus                 :     3.08        4         4 
	   Disk (KB)            :   122    10485760  11244797 
	   Memory (MB)          :  1221        8000      8000 
...
