000 (5415472.047.000) 07/11 14:02:28 Job submitted from host: <137.138.156.150:9618?addrs=137.138.156.150-9618+[2001-1458-d00-14--9a]-9618&alias=bigbird13.cern.ch&noUDP&sock=schedd_1788_ff6c>
...
040 (5415472.047.000) 07/11 14:03:31 Started transferring input files
	Transferring to host: <128.142.59.97:9618?addrs=128.142.59.97-9618+[2001-1458-301-21--100-60]-9618&alias=b7s04p7301.cern.ch&noUDP&sock=slot1_23_6794_bccd_2494>
...
040 (5415472.047.000) 07/11 14:03:31 Finished transferring input files
...
001 (5415472.047.000) 07/11 14:03:33 Job executing on host: <128.142.59.97:9618?addrs=128.142.59.97-9618+[2001-1458-301-21--100-60]-9618&alias=b7s04p7301.cern.ch&noUDP&sock=startd_6335_dc8e>
...
006 (5415472.047.000) 07/11 14:03:41 Image size of job updated: 570632
	46  -  MemoryUsage of job (MB)
	46120  -  ResidentSetSize of job (KB)
...
006 (5415472.047.000) 07/11 14:08:42 Image size of job updated: 1590976
	1004  -  MemoryUsage of job (MB)
	1027408  -  ResidentSetSize of job (KB)
...
006 (5415472.047.000) 07/12 04:05:09 Image size of job updated: 1590976
	1004  -  MemoryUsage of job (MB)
	1027608  -  ResidentSetSize of job (KB)
...
006 (5415472.047.000) 07/12 21:06:54 Image size of job updated: 1591960
	1005  -  MemoryUsage of job (MB)
	1028516  -  ResidentSetSize of job (KB)
...
006 (5415472.047.000) 07/12 21:46:57 Image size of job updated: 1592864
	1006  -  MemoryUsage of job (MB)
	1029420  -  ResidentSetSize of job (KB)
...
006 (5415472.047.000) 07/12 22:32:01 Image size of job updated: 1593772
	1007  -  MemoryUsage of job (MB)
	1030328  -  ResidentSetSize of job (KB)
...
006 (5415472.047.000) 07/12 23:12:07 Image size of job updated: 1593772
	1008  -  MemoryUsage of job (MB)
	1031232  -  ResidentSetSize of job (KB)
...
006 (5415472.047.000) 07/12 23:17:07 Image size of job updated: 1594676
	1008  -  MemoryUsage of job (MB)
	1031232  -  ResidentSetSize of job (KB)
...
006 (5415472.047.000) 07/12 23:52:09 Image size of job updated: 1595580
	1008  -  MemoryUsage of job (MB)
	1032136  -  ResidentSetSize of job (KB)
...
006 (5415472.047.000) 07/13 00:27:13 Image size of job updated: 1596488
	1009  -  MemoryUsage of job (MB)
	1033044  -  ResidentSetSize of job (KB)
...
006 (5415472.047.000) 07/13 01:07:15 Image size of job updated: 1597392
	1010  -  MemoryUsage of job (MB)
	1033948  -  ResidentSetSize of job (KB)
...
006 (5415472.047.000) 07/13 01:47:20 Image size of job updated: 1598300
	1011  -  MemoryUsage of job (MB)
	1034856  -  ResidentSetSize of job (KB)
...
006 (5415472.047.000) 07/13 02:27:24 Image size of job updated: 1599204
	1012  -  MemoryUsage of job (MB)
	1035760  -  ResidentSetSize of job (KB)
...
006 (5415472.047.000) 07/13 03:12:31 Image size of job updated: 1600112
	1013  -  MemoryUsage of job (MB)
	1036668  -  ResidentSetSize of job (KB)
...
006 (5415472.047.000) 07/13 03:52:36 Image size of job updated: 1601016
	1014  -  MemoryUsage of job (MB)
	1037572  -  ResidentSetSize of job (KB)
...
006 (5415472.047.000) 07/13 04:32:41 Image size of job updated: 1601920
	1015  -  MemoryUsage of job (MB)
	1038476  -  ResidentSetSize of job (KB)
...
006 (5415472.047.000) 07/13 05:17:47 Image size of job updated: 1602828
	1016  -  MemoryUsage of job (MB)
	1039384  -  ResidentSetSize of job (KB)
...
006 (5415472.047.000) 07/13 05:57:53 Image size of job updated: 1603732
	1016  -  MemoryUsage of job (MB)
	1040288  -  ResidentSetSize of job (KB)
...
006 (5415472.047.000) 07/13 06:37:59 Image size of job updated: 1604640
	1017  -  MemoryUsage of job (MB)
	1041196  -  ResidentSetSize of job (KB)
...
006 (5415472.047.000) 07/13 07:18:03 Image size of job updated: 1605544
	1018  -  MemoryUsage of job (MB)
	1042100  -  ResidentSetSize of job (KB)
...
006 (5415472.047.000) 07/13 08:03:08 Image size of job updated: 1606448
	1019  -  MemoryUsage of job (MB)
	1043004  -  ResidentSetSize of job (KB)
...
006 (5415472.047.000) 07/13 08:43:10 Image size of job updated: 1607356
	1020  -  MemoryUsage of job (MB)
	1043912  -  ResidentSetSize of job (KB)
...
006 (5415472.047.000) 07/13 09:28:14 Image size of job updated: 1608260
	1021  -  MemoryUsage of job (MB)
	1044816  -  ResidentSetSize of job (KB)
...
006 (5415472.047.000) 07/13 10:13:20 Image size of job updated: 1609168
	1022  -  MemoryUsage of job (MB)
	1045724  -  ResidentSetSize of job (KB)
...
006 (5415472.047.000) 07/13 10:38:29 Image size of job updated: 1612240
	1023  -  MemoryUsage of job (MB)
	1047272  -  ResidentSetSize of job (KB)
...
006 (5415472.047.000) 07/13 10:58:32 Image size of job updated: 1612240
	1023  -  MemoryUsage of job (MB)
	1047284  -  ResidentSetSize of job (KB)
...
006 (5415472.047.000) 07/13 11:24:13 Image size of job updated: 1612240
	1023  -  MemoryUsage of job (MB)
	1047296  -  ResidentSetSize of job (KB)
...
006 (5415472.047.000) 07/13 11:43:34 Image size of job updated: 1613144
	1024  -  MemoryUsage of job (MB)
	1048212  -  ResidentSetSize of job (KB)
...
006 (5415472.047.000) 07/13 12:08:38 Image size of job updated: 1613144
	1024  -  MemoryUsage of job (MB)
	1048224  -  ResidentSetSize of job (KB)
...
006 (5415472.047.000) 07/13 12:28:41 Image size of job updated: 1614048
	1025  -  MemoryUsage of job (MB)
	1049140  -  ResidentSetSize of job (KB)
...
006 (5415472.047.000) 07/13 12:53:42 Image size of job updated: 1614048
	1025  -  MemoryUsage of job (MB)
	1049152  -  ResidentSetSize of job (KB)
...
006 (5415472.047.000) 07/13 13:08:43 Image size of job updated: 1618580
	1029  -  MemoryUsage of job (MB)
	1053684  -  ResidentSetSize of job (KB)
...
006 (5415472.047.000) 07/13 13:13:44 Image size of job updated: 1618580
	1029  -  MemoryUsage of job (MB)
	1053696  -  ResidentSetSize of job (KB)
...
006 (5415472.047.000) 07/13 13:38:48 Image size of job updated: 1618580
	1030  -  MemoryUsage of job (MB)
	1053708  -  ResidentSetSize of job (KB)
...
006 (5415472.047.000) 07/13 13:58:50 Image size of job updated: 1618580
	1030  -  MemoryUsage of job (MB)
	1053716  -  ResidentSetSize of job (KB)
...
006 (5415472.047.000) 07/13 14:03:50 Image size of job updated: 1618580
	1030  -  MemoryUsage of job (MB)
	1053720  -  ResidentSetSize of job (KB)
...
006 (5415472.047.000) 07/13 14:28:53 Image size of job updated: 1618580
	1030  -  MemoryUsage of job (MB)
	1053732  -  ResidentSetSize of job (KB)
...
006 (5415472.047.000) 07/13 14:53:57 Image size of job updated: 1618580
	1030  -  MemoryUsage of job (MB)
	1053744  -  ResidentSetSize of job (KB)
...
006 (5415472.047.000) 07/13 15:13:59 Image size of job updated: 1618580
	1030  -  MemoryUsage of job (MB)
	1053756  -  ResidentSetSize of job (KB)
...
006 (5415472.047.000) 07/13 15:34:01 Image size of job updated: 1618580
	1030  -  MemoryUsage of job (MB)
	1053768  -  ResidentSetSize of job (KB)
...
006 (5415472.047.000) 07/13 15:54:03 Image size of job updated: 1618580
	1030  -  MemoryUsage of job (MB)
	1053780  -  ResidentSetSize of job (KB)
...
006 (5415472.047.000) 07/13 16:14:05 Image size of job updated: 1618580
	1030  -  MemoryUsage of job (MB)
	1053792  -  ResidentSetSize of job (KB)
...
006 (5415472.047.000) 07/13 16:39:07 Image size of job updated: 1618580
	1030  -  MemoryUsage of job (MB)
	1053804  -  ResidentSetSize of job (KB)
...
006 (5415472.047.000) 07/13 16:59:09 Image size of job updated: 1618580
	1030  -  MemoryUsage of job (MB)
	1053816  -  ResidentSetSize of job (KB)
...
006 (5415472.047.000) 07/13 17:19:12 Image size of job updated: 1618580
	1030  -  MemoryUsage of job (MB)
	1053828  -  ResidentSetSize of job (KB)
...
006 (5415472.047.000) 07/13 17:41:11 Image size of job updated: 1618580
	1030  -  MemoryUsage of job (MB)
	1053832  -  ResidentSetSize of job (KB)
...
006 (5415472.047.000) 07/13 17:46:11 Image size of job updated: 1618580
	1030  -  MemoryUsage of job (MB)
	1053840  -  ResidentSetSize of job (KB)
...
006 (5415472.047.000) 07/13 18:06:12 Image size of job updated: 1618580
	1030  -  MemoryUsage of job (MB)
	1053852  -  ResidentSetSize of job (KB)
...
006 (5415472.047.000) 07/13 18:26:12 Image size of job updated: 1618580
	1030  -  MemoryUsage of job (MB)
	1053864  -  ResidentSetSize of job (KB)
...
006 (5415472.047.000) 07/13 18:51:14 Image size of job updated: 1618580
	1030  -  MemoryUsage of job (MB)
	1053876  -  ResidentSetSize of job (KB)
...
006 (5415472.047.000) 07/13 19:11:15 Image size of job updated: 1618580
	1030  -  MemoryUsage of job (MB)
	1053888  -  ResidentSetSize of job (KB)
...
006 (5415472.047.000) 07/13 19:31:17 Image size of job updated: 1618580
	1030  -  MemoryUsage of job (MB)
	1053892  -  ResidentSetSize of job (KB)
...
006 (5415472.047.000) 07/13 19:36:17 Image size of job updated: 1618580
	1030  -  MemoryUsage of job (MB)
	1053900  -  ResidentSetSize of job (KB)
...
006 (5415472.047.000) 07/13 19:56:19 Image size of job updated: 1618580
	1030  -  MemoryUsage of job (MB)
	1053912  -  ResidentSetSize of job (KB)
...
006 (5415472.047.000) 07/13 20:21:22 Image size of job updated: 1618580
	1030  -  MemoryUsage of job (MB)
	1053924  -  ResidentSetSize of job (KB)
...
006 (5415472.047.000) 07/13 20:41:23 Image size of job updated: 1618580
	1030  -  MemoryUsage of job (MB)
	1053936  -  ResidentSetSize of job (KB)
...
006 (5415472.047.000) 07/13 21:06:26 Image size of job updated: 1618580
	1030  -  MemoryUsage of job (MB)
	1053948  -  ResidentSetSize of job (KB)
...
006 (5415472.047.000) 07/13 21:26:28 Image size of job updated: 1618580
	1030  -  MemoryUsage of job (MB)
	1053960  -  ResidentSetSize of job (KB)
...
006 (5415472.047.000) 07/13 21:46:30 Image size of job updated: 1618580
	1030  -  MemoryUsage of job (MB)
	1053972  -  ResidentSetSize of job (KB)
...
006 (5415472.047.000) 07/13 22:06:34 Image size of job updated: 1618580
	1030  -  MemoryUsage of job (MB)
	1053984  -  ResidentSetSize of job (KB)
...
006 (5415472.047.000) 07/13 22:26:36 Image size of job updated: 1618580
	1030  -  MemoryUsage of job (MB)
	1053996  -  ResidentSetSize of job (KB)
...
006 (5415472.047.000) 07/13 22:46:39 Image size of job updated: 1618580
	1030  -  MemoryUsage of job (MB)
	1054008  -  ResidentSetSize of job (KB)
...
006 (5415472.047.000) 07/13 23:06:41 Image size of job updated: 1618580
	1030  -  MemoryUsage of job (MB)
	1054020  -  ResidentSetSize of job (KB)
...
006 (5415472.047.000) 07/13 23:31:43 Image size of job updated: 1618580
	1030  -  MemoryUsage of job (MB)
	1054032  -  ResidentSetSize of job (KB)
...
006 (5415472.047.000) 07/13 23:51:44 Image size of job updated: 1618580
	1030  -  MemoryUsage of job (MB)
	1054044  -  ResidentSetSize of job (KB)
...
006 (5415472.047.000) 07/14 00:11:48 Image size of job updated: 1618580
	1030  -  MemoryUsage of job (MB)
	1054056  -  ResidentSetSize of job (KB)
...
006 (5415472.047.000) 07/14 00:31:50 Image size of job updated: 1618580
	1030  -  MemoryUsage of job (MB)
	1054068  -  ResidentSetSize of job (KB)
...
006 (5415472.047.000) 07/14 00:51:52 Image size of job updated: 1618580
	1030  -  MemoryUsage of job (MB)
	1054080  -  ResidentSetSize of job (KB)
...
006 (5415472.047.000) 07/14 01:16:52 Image size of job updated: 1618580
	1030  -  MemoryUsage of job (MB)
	1054092  -  ResidentSetSize of job (KB)
...
006 (5415472.047.000) 07/14 01:36:54 Image size of job updated: 1618580
	1030  -  MemoryUsage of job (MB)
	1054104  -  ResidentSetSize of job (KB)
...
006 (5415472.047.000) 07/14 01:56:54 Image size of job updated: 1618580
	1030  -  MemoryUsage of job (MB)
	1054116  -  ResidentSetSize of job (KB)
...
006 (5415472.047.000) 07/14 02:16:56 Image size of job updated: 1618580
	1030  -  MemoryUsage of job (MB)
	1054128  -  ResidentSetSize of job (KB)
...
006 (5415472.047.000) 07/14 02:41:58 Image size of job updated: 1618580
	1030  -  MemoryUsage of job (MB)
	1054140  -  ResidentSetSize of job (KB)
...
006 (5415472.047.000) 07/14 03:01:59 Image size of job updated: 1618580
	1030  -  MemoryUsage of job (MB)
	1054152  -  ResidentSetSize of job (KB)
...
006 (5415472.047.000) 07/14 03:22:01 Image size of job updated: 1618580
	1030  -  MemoryUsage of job (MB)
	1054164  -  ResidentSetSize of job (KB)
...
006 (5415472.047.000) 07/14 03:47:05 Image size of job updated: 1618580
	1030  -  MemoryUsage of job (MB)
	1054176  -  ResidentSetSize of job (KB)
...
006 (5415472.047.000) 07/14 04:12:09 Image size of job updated: 1618580
	1030  -  MemoryUsage of job (MB)
	1054188  -  ResidentSetSize of job (KB)
...
006 (5415472.047.000) 07/14 04:32:11 Image size of job updated: 1618580
	1030  -  MemoryUsage of job (MB)
	1054200  -  ResidentSetSize of job (KB)
...
006 (5415472.047.000) 07/14 04:57:16 Image size of job updated: 1618580
	1030  -  MemoryUsage of job (MB)
	1054212  -  ResidentSetSize of job (KB)
...
006 (5415472.047.000) 07/14 05:17:18 Image size of job updated: 1618580
	1030  -  MemoryUsage of job (MB)
	1054224  -  ResidentSetSize of job (KB)
...
006 (5415472.047.000) 07/14 05:42:20 Image size of job updated: 1618580
	1030  -  MemoryUsage of job (MB)
	1054236  -  ResidentSetSize of job (KB)
...
006 (5415472.047.000) 07/14 06:07:24 Image size of job updated: 1618580
	1030  -  MemoryUsage of job (MB)
	1054248  -  ResidentSetSize of job (KB)
...
006 (5415472.047.000) 07/14 06:32:25 Image size of job updated: 1618580
	1030  -  MemoryUsage of job (MB)
	1054260  -  ResidentSetSize of job (KB)
...
006 (5415472.047.000) 07/14 06:52:27 Image size of job updated: 1618580
	1030  -  MemoryUsage of job (MB)
	1054272  -  ResidentSetSize of job (KB)
...
006 (5415472.047.000) 07/14 07:17:29 Image size of job updated: 1618580
	1030  -  MemoryUsage of job (MB)
	1054284  -  ResidentSetSize of job (KB)
...
006 (5415472.047.000) 07/14 07:37:31 Image size of job updated: 1618580
	1030  -  MemoryUsage of job (MB)
	1054296  -  ResidentSetSize of job (KB)
...
006 (5415472.047.000) 07/14 07:57:34 Image size of job updated: 1618580
	1030  -  MemoryUsage of job (MB)
	1054308  -  ResidentSetSize of job (KB)
...
006 (5415472.047.000) 07/14 08:22:37 Image size of job updated: 1618580
	1030  -  MemoryUsage of job (MB)
	1054320  -  ResidentSetSize of job (KB)
...
006 (5415472.047.000) 07/14 08:47:38 Image size of job updated: 1618580
	1030  -  MemoryUsage of job (MB)
	1054332  -  ResidentSetSize of job (KB)
...
006 (5415472.047.000) 07/14 09:07:39 Image size of job updated: 1618580
	1030  -  MemoryUsage of job (MB)
	1054344  -  ResidentSetSize of job (KB)
...
006 (5415472.047.000) 07/14 09:27:42 Image size of job updated: 1618580
	1030  -  MemoryUsage of job (MB)
	1054356  -  ResidentSetSize of job (KB)
...
006 (5415472.047.000) 07/14 09:52:44 Image size of job updated: 1618580
	1030  -  MemoryUsage of job (MB)
	1054368  -  ResidentSetSize of job (KB)
...
006 (5415472.047.000) 07/14 10:12:49 Image size of job updated: 1618580
	1030  -  MemoryUsage of job (MB)
	1054380  -  ResidentSetSize of job (KB)
...
006 (5415472.047.000) 07/14 10:32:50 Image size of job updated: 1618580
	1030  -  MemoryUsage of job (MB)
	1054392  -  ResidentSetSize of job (KB)
...
006 (5415472.047.000) 07/14 10:52:52 Image size of job updated: 1618580
	1030  -  MemoryUsage of job (MB)
	1054404  -  ResidentSetSize of job (KB)
...
006 (5415472.047.000) 07/14 11:12:52 Image size of job updated: 1618580
	1030  -  MemoryUsage of job (MB)
	1054416  -  ResidentSetSize of job (KB)
...
006 (5415472.047.000) 07/14 11:32:55 Image size of job updated: 1618580
	1030  -  MemoryUsage of job (MB)
	1054428  -  ResidentSetSize of job (KB)
...
006 (5415472.047.000) 07/14 11:57:57 Image size of job updated: 1618580
	1030  -  MemoryUsage of job (MB)
	1054440  -  ResidentSetSize of job (KB)
...
006 (5415472.047.000) 07/14 12:17:59 Image size of job updated: 1618580
	1030  -  MemoryUsage of job (MB)
	1054452  -  ResidentSetSize of job (KB)
...
006 (5415472.047.000) 07/14 12:38:02 Image size of job updated: 1618580
	1030  -  MemoryUsage of job (MB)
	1054460  -  ResidentSetSize of job (KB)
...
006 (5415472.047.000) 07/14 12:43:03 Image size of job updated: 1618580
	1030  -  MemoryUsage of job (MB)
	1054464  -  ResidentSetSize of job (KB)
...
006 (5415472.047.000) 07/14 13:03:04 Image size of job updated: 1618580
	1030  -  MemoryUsage of job (MB)
	1054476  -  ResidentSetSize of job (KB)
...
006 (5415472.047.000) 07/14 13:23:07 Image size of job updated: 1618580
	1030  -  MemoryUsage of job (MB)
	1054488  -  ResidentSetSize of job (KB)
...
006 (5415472.047.000) 07/14 13:48:09 Image size of job updated: 1618580
	1030  -  MemoryUsage of job (MB)
	1054500  -  ResidentSetSize of job (KB)
...
006 (5415472.047.000) 07/14 14:08:12 Image size of job updated: 1618580
	1030  -  MemoryUsage of job (MB)
	1054512  -  ResidentSetSize of job (KB)
...
006 (5415472.047.000) 07/14 14:33:14 Image size of job updated: 1618580
	1030  -  MemoryUsage of job (MB)
	1054524  -  ResidentSetSize of job (KB)
...
006 (5415472.047.000) 07/14 14:53:15 Image size of job updated: 1618580
	1030  -  MemoryUsage of job (MB)
	1054536  -  ResidentSetSize of job (KB)
...
006 (5415472.047.000) 07/14 15:13:16 Image size of job updated: 1618580
	1030  -  MemoryUsage of job (MB)
	1054548  -  ResidentSetSize of job (KB)
...
006 (5415472.047.000) 07/14 15:33:17 Image size of job updated: 1618580
	1030  -  MemoryUsage of job (MB)
	1054560  -  ResidentSetSize of job (KB)
...
006 (5415472.047.000) 07/14 15:58:20 Image size of job updated: 1618580
	1030  -  MemoryUsage of job (MB)
	1054572  -  ResidentSetSize of job (KB)
...
006 (5415472.047.000) 07/14 16:18:22 Image size of job updated: 1618580
	1030  -  MemoryUsage of job (MB)
	1054576  -  ResidentSetSize of job (KB)
...
006 (5415472.047.000) 07/14 16:23:22 Image size of job updated: 1618580
	1030  -  MemoryUsage of job (MB)
	1054584  -  ResidentSetSize of job (KB)
...
006 (5415472.047.000) 07/14 16:43:25 Image size of job updated: 1618580
	1030  -  MemoryUsage of job (MB)
	1054596  -  ResidentSetSize of job (KB)
...
006 (5415472.047.000) 07/14 17:08:28 Image size of job updated: 1618580
	1030  -  MemoryUsage of job (MB)
	1054608  -  ResidentSetSize of job (KB)
...
006 (5415472.047.000) 07/14 17:13:28 Image size of job updated: 1618580
	1030  -  MemoryUsage of job (MB)
	1054612  -  ResidentSetSize of job (KB)
...
006 (5415472.047.000) 07/14 17:28:30 Image size of job updated: 1618580
	1030  -  MemoryUsage of job (MB)
	1054620  -  ResidentSetSize of job (KB)
...
006 (5415472.047.000) 07/14 17:48:33 Image size of job updated: 1618580
	1030  -  MemoryUsage of job (MB)
	1054624  -  ResidentSetSize of job (KB)
...
006 (5415472.047.000) 07/14 17:53:34 Image size of job updated: 1618580
	1030  -  MemoryUsage of job (MB)
	1054632  -  ResidentSetSize of job (KB)
...
006 (5415472.047.000) 07/14 18:13:37 Image size of job updated: 1618580
	1030  -  MemoryUsage of job (MB)
	1054644  -  ResidentSetSize of job (KB)
...
006 (5415472.047.000) 07/14 18:38:38 Image size of job updated: 1618580
	1030  -  MemoryUsage of job (MB)
	1054656  -  ResidentSetSize of job (KB)
...
006 (5415472.047.000) 07/14 18:58:39 Image size of job updated: 1618580
	1030  -  MemoryUsage of job (MB)
	1054668  -  ResidentSetSize of job (KB)
...
006 (5415472.047.000) 07/14 19:23:43 Image size of job updated: 1618580
	1030  -  MemoryUsage of job (MB)
	1054680  -  ResidentSetSize of job (KB)
...
006 (5415472.047.000) 07/14 19:43:46 Image size of job updated: 1618580
	1030  -  MemoryUsage of job (MB)
	1054692  -  ResidentSetSize of job (KB)
...
006 (5415472.047.000) 07/14 20:08:48 Image size of job updated: 1618580
	1030  -  MemoryUsage of job (MB)
	1054704  -  ResidentSetSize of job (KB)
...
006 (5415472.047.000) 07/14 20:33:50 Image size of job updated: 1618580
	1030  -  MemoryUsage of job (MB)
	1054716  -  ResidentSetSize of job (KB)
...
006 (5415472.047.000) 07/14 20:53:53 Image size of job updated: 1618580
	1031  -  MemoryUsage of job (MB)
	1054728  -  ResidentSetSize of job (KB)
...
006 (5415472.047.000) 07/14 21:16:01 Image size of job updated: 1618580
	1031  -  MemoryUsage of job (MB)
	1054740  -  ResidentSetSize of job (KB)
...
006 (5415472.047.000) 07/14 21:41:02 Image size of job updated: 1618580
	1031  -  MemoryUsage of job (MB)
	1054752  -  ResidentSetSize of job (KB)
...
006 (5415472.047.000) 07/14 22:06:04 Image size of job updated: 1618580
	1031  -  MemoryUsage of job (MB)
	1054764  -  ResidentSetSize of job (KB)
...
006 (5415472.047.000) 07/14 22:26:05 Image size of job updated: 1618580
	1031  -  MemoryUsage of job (MB)
	1054768  -  ResidentSetSize of job (KB)
...
006 (5415472.047.000) 07/14 22:31:05 Image size of job updated: 1618580
	1031  -  MemoryUsage of job (MB)
	1054776  -  ResidentSetSize of job (KB)
...
006 (5415472.047.000) 07/14 22:51:07 Image size of job updated: 1618580
	1031  -  MemoryUsage of job (MB)
	1054788  -  ResidentSetSize of job (KB)
...
006 (5415472.047.000) 07/14 23:16:10 Image size of job updated: 1618580
	1031  -  MemoryUsage of job (MB)
	1054800  -  ResidentSetSize of job (KB)
...
006 (5415472.047.000) 07/14 23:41:13 Image size of job updated: 1618580
	1031  -  MemoryUsage of job (MB)
	1054812  -  ResidentSetSize of job (KB)
...
006 (5415472.047.000) 07/15 00:01:14 Image size of job updated: 1618580
	1031  -  MemoryUsage of job (MB)
	1054824  -  ResidentSetSize of job (KB)
...
006 (5415472.047.000) 07/15 00:26:16 Image size of job updated: 1618580
	1031  -  MemoryUsage of job (MB)
	1054836  -  ResidentSetSize of job (KB)
...
006 (5415472.047.000) 07/15 00:51:19 Image size of job updated: 1618580
	1031  -  MemoryUsage of job (MB)
	1054848  -  ResidentSetSize of job (KB)
...
006 (5415472.047.000) 07/15 01:11:21 Image size of job updated: 1618580
	1031  -  MemoryUsage of job (MB)
	1054860  -  ResidentSetSize of job (KB)
...
006 (5415472.047.000) 07/15 01:36:25 Image size of job updated: 1618580
	1031  -  MemoryUsage of job (MB)
	1054872  -  ResidentSetSize of job (KB)
...
006 (5415472.047.000) 07/15 01:56:27 Image size of job updated: 1618580
	1031  -  MemoryUsage of job (MB)
	1054884  -  ResidentSetSize of job (KB)
...
006 (5415472.047.000) 07/15 02:16:29 Image size of job updated: 1618580
	1031  -  MemoryUsage of job (MB)
	1054896  -  ResidentSetSize of job (KB)
...
006 (5415472.047.000) 07/15 02:41:31 Image size of job updated: 1618580
	1031  -  MemoryUsage of job (MB)
	1054908  -  ResidentSetSize of job (KB)
...
006 (5415472.047.000) 07/15 03:01:33 Image size of job updated: 1618580
	1031  -  MemoryUsage of job (MB)
	1054920  -  ResidentSetSize of job (KB)
...
006 (5415472.047.000) 07/15 03:21:36 Image size of job updated: 1618580
	1031  -  MemoryUsage of job (MB)
	1054932  -  ResidentSetSize of job (KB)
...
006 (5415472.047.000) 07/15 03:46:39 Image size of job updated: 1618580
	1031  -  MemoryUsage of job (MB)
	1054944  -  ResidentSetSize of job (KB)
...
006 (5415472.047.000) 07/15 04:11:41 Image size of job updated: 1618580
	1031  -  MemoryUsage of job (MB)
	1054956  -  ResidentSetSize of job (KB)
...
006 (5415472.047.000) 07/15 04:31:42 Image size of job updated: 1618580
	1031  -  MemoryUsage of job (MB)
	1054968  -  ResidentSetSize of job (KB)
...
006 (5415472.047.000) 07/15 04:51:44 Image size of job updated: 1618580
	1031  -  MemoryUsage of job (MB)
	1054980  -  ResidentSetSize of job (KB)
...
006 (5415472.047.000) 07/15 05:16:48 Image size of job updated: 1618580
	1031  -  MemoryUsage of job (MB)
	1054992  -  ResidentSetSize of job (KB)
...
006 (5415472.047.000) 07/15 05:36:50 Image size of job updated: 1618580
	1031  -  MemoryUsage of job (MB)
	1055004  -  ResidentSetSize of job (KB)
...
006 (5415472.047.000) 07/15 05:56:52 Image size of job updated: 1618580
	1031  -  MemoryUsage of job (MB)
	1055016  -  ResidentSetSize of job (KB)
...
006 (5415472.047.000) 07/15 06:16:54 Image size of job updated: 1618580
	1031  -  MemoryUsage of job (MB)
	1055028  -  ResidentSetSize of job (KB)
...
006 (5415472.047.000) 07/15 06:41:57 Image size of job updated: 1618580
	1031  -  MemoryUsage of job (MB)
	1055040  -  ResidentSetSize of job (KB)
...
006 (5415472.047.000) 07/15 07:02:00 Image size of job updated: 1618580
	1031  -  MemoryUsage of job (MB)
	1055052  -  ResidentSetSize of job (KB)
...
006 (5415472.047.000) 07/15 07:27:02 Image size of job updated: 1618580
	1031  -  MemoryUsage of job (MB)
	1055064  -  ResidentSetSize of job (KB)
...
006 (5415472.047.000) 07/15 07:47:04 Image size of job updated: 1618580
	1031  -  MemoryUsage of job (MB)
	1055076  -  ResidentSetSize of job (KB)
...
006 (5415472.047.000) 07/15 08:12:08 Image size of job updated: 1618580
	1031  -  MemoryUsage of job (MB)
	1055088  -  ResidentSetSize of job (KB)
...
006 (5415472.047.000) 07/15 08:37:11 Image size of job updated: 1618580
	1031  -  MemoryUsage of job (MB)
	1055100  -  ResidentSetSize of job (KB)
...
006 (5415472.047.000) 07/15 08:57:13 Image size of job updated: 1618580
	1031  -  MemoryUsage of job (MB)
	1055112  -  ResidentSetSize of job (KB)
...
006 (5415472.047.000) 07/15 09:22:14 Image size of job updated: 1618580
	1031  -  MemoryUsage of job (MB)
	1055124  -  ResidentSetSize of job (KB)
...
006 (5415472.047.000) 07/15 09:47:17 Image size of job updated: 1618580
	1031  -  MemoryUsage of job (MB)
	1055136  -  ResidentSetSize of job (KB)
...
006 (5415472.047.000) 07/15 10:12:21 Image size of job updated: 1622676
	1033  -  MemoryUsage of job (MB)
	1057192  -  ResidentSetSize of job (KB)
...
006 (5415472.047.000) 07/15 10:32:24 Image size of job updated: 1622676
	1033  -  MemoryUsage of job (MB)
	1057200  -  ResidentSetSize of job (KB)
...
006 (5415472.047.000) 07/15 10:57:26 Image size of job updated: 1622676
	1033  -  MemoryUsage of job (MB)
	1057208  -  ResidentSetSize of job (KB)
...
006 (5415472.047.000) 07/15 11:22:30 Image size of job updated: 1622676
	1033  -  MemoryUsage of job (MB)
	1057216  -  ResidentSetSize of job (KB)
...
006 (5415472.047.000) 07/15 11:42:32 Image size of job updated: 1622676
	1033  -  MemoryUsage of job (MB)
	1057224  -  ResidentSetSize of job (KB)
...
006 (5415472.047.000) 07/15 12:07:34 Image size of job updated: 1622676
	1033  -  MemoryUsage of job (MB)
	1057232  -  ResidentSetSize of job (KB)
...
006 (5415472.047.000) 07/15 12:32:38 Image size of job updated: 1622676
	1033  -  MemoryUsage of job (MB)
	1057240  -  ResidentSetSize of job (KB)
...
006 (5415472.047.000) 07/15 12:52:40 Image size of job updated: 1622676
	1033  -  MemoryUsage of job (MB)
	1057248  -  ResidentSetSize of job (KB)
...
006 (5415472.047.000) 07/15 13:17:43 Image size of job updated: 1622676
	1033  -  MemoryUsage of job (MB)
	1057256  -  ResidentSetSize of job (KB)
...
006 (5415472.047.000) 07/15 13:42:45 Image size of job updated: 1622676
	1033  -  MemoryUsage of job (MB)
	1057264  -  ResidentSetSize of job (KB)
...
006 (5415472.047.000) 07/15 14:02:47 Image size of job updated: 1622676
	1033  -  MemoryUsage of job (MB)
	1057272  -  ResidentSetSize of job (KB)
...
006 (5415472.047.000) 07/15 14:28:45 Image size of job updated: 1622676
	1033  -  MemoryUsage of job (MB)
	1057280  -  ResidentSetSize of job (KB)
...
006 (5415472.047.000) 07/15 14:48:48 Image size of job updated: 1622676
	1033  -  MemoryUsage of job (MB)
	1057288  -  ResidentSetSize of job (KB)
...
006 (5415472.047.000) 07/15 15:13:50 Image size of job updated: 1622676
	1033  -  MemoryUsage of job (MB)
	1057296  -  ResidentSetSize of job (KB)
...
006 (5415472.047.000) 07/15 15:33:53 Image size of job updated: 1622676
	1033  -  MemoryUsage of job (MB)
	1057304  -  ResidentSetSize of job (KB)
...
006 (5415472.047.000) 07/15 15:58:57 Image size of job updated: 1622676
	1033  -  MemoryUsage of job (MB)
	1057312  -  ResidentSetSize of job (KB)
...
006 (5415472.047.000) 07/15 16:18:58 Image size of job updated: 1622676
	1033  -  MemoryUsage of job (MB)
	1057320  -  ResidentSetSize of job (KB)
...
006 (5415472.047.000) 07/15 16:43:58 Image size of job updated: 1622676
	1033  -  MemoryUsage of job (MB)
	1057328  -  ResidentSetSize of job (KB)
...
006 (5415472.047.000) 07/15 17:03:58 Image size of job updated: 1622676
	1033  -  MemoryUsage of job (MB)
	1057336  -  ResidentSetSize of job (KB)
...
006 (5415472.047.000) 07/15 17:23:59 Image size of job updated: 1622676
	1033  -  MemoryUsage of job (MB)
	1057344  -  ResidentSetSize of job (KB)
...
006 (5415472.047.000) 07/15 17:44:02 Image size of job updated: 1622676
	1033  -  MemoryUsage of job (MB)
	1057352  -  ResidentSetSize of job (KB)
...
006 (5415472.047.000) 07/15 18:09:04 Image size of job updated: 1622676
	1033  -  MemoryUsage of job (MB)
	1057360  -  ResidentSetSize of job (KB)
...
006 (5415472.047.000) 07/15 18:29:06 Image size of job updated: 1622676
	1033  -  MemoryUsage of job (MB)
	1057368  -  ResidentSetSize of job (KB)
...
006 (5415472.047.000) 07/15 18:49:10 Image size of job updated: 1622676
	1033  -  MemoryUsage of job (MB)
	1057376  -  ResidentSetSize of job (KB)
...
006 (5415472.047.000) 07/15 19:14:12 Image size of job updated: 1622676
	1033  -  MemoryUsage of job (MB)
	1057384  -  ResidentSetSize of job (KB)
...
006 (5415472.047.000) 07/15 19:34:14 Image size of job updated: 1622676
	1033  -  MemoryUsage of job (MB)
	1057392  -  ResidentSetSize of job (KB)
...
006 (5415472.047.000) 07/15 19:54:16 Image size of job updated: 1622676
	1033  -  MemoryUsage of job (MB)
	1057400  -  ResidentSetSize of job (KB)
...
006 (5415472.047.000) 07/15 20:14:18 Image size of job updated: 1622676
	1033  -  MemoryUsage of job (MB)
	1057408  -  ResidentSetSize of job (KB)
...
006 (5415472.047.000) 07/16 23:41:28 Image size of job updated: 1668700
	1033  -  MemoryUsage of job (MB)
	1057408  -  ResidentSetSize of job (KB)
...
040 (5415472.047.000) 07/16 23:41:28 Started transferring output files
...
040 (5415472.047.000) 07/16 23:41:30 Finished transferring output files
...
005 (5415472.047.000) 07/16 23:41:30 Job terminated.
	(1) Normal termination (return value 0)
		Usr 16 15:29:39, Sys 0 00:35:31  -  Run Remote Usage
		Usr 0 00:00:00, Sys 0 00:00:00  -  Run Local Usage
		Usr 16 15:29:39, Sys 0 00:35:31  -  Total Remote Usage
		Usr 0 00:00:00, Sys 0 00:00:00  -  Total Local Usage
	36846328  -  Run Bytes Sent By Job
	803  -  Run Bytes Received By Job
	36846328  -  Total Bytes Sent By Job
	803  -  Total Bytes Received By Job
	Partitionable Resources :    Usage  Request Allocated 
	   Cpus                 :     3.06        4         4 
	   Disk (KB)            : 36009    10485760  12359098 
	   Memory (MB)          :  1033        8000      8000 

	Job terminated of its own accord at 2021-07-16T21:41:28Z.
...
