000 (5415472.039.000) 07/11 14:02:28 Job submitted from host: <137.138.156.150:9618?addrs=137.138.156.150-9618+[2001-1458-d00-14--9a]-9618&alias=bigbird13.cern.ch&noUDP&sock=schedd_1788_ff6c>
...
040 (5415472.039.000) 07/11 14:03:28 Started transferring input files
	Transferring to host: <128.142.58.109:9618?addrs=128.142.58.109-9618+[2001-1458-301-16--100-6c]-9618&alias=b7s03p6566.cern.ch&noUDP&sock=slot1_17_6871_fdb0_2144>
...
040 (5415472.039.000) 07/11 14:03:28 Finished transferring input files
...
001 (5415472.039.000) 07/11 14:03:30 Job executing on host: <128.142.58.109:9618?addrs=128.142.58.109-9618+[2001-1458-301-16--100-6c]-9618&alias=b7s03p6566.cern.ch&noUDP&sock=startd_6420_2a1b>
...
006 (5415472.039.000) 07/11 14:03:38 Image size of job updated: 105168
	44  -  MemoryUsage of job (MB)
	44080  -  ResidentSetSize of job (KB)
...
006 (5415472.039.000) 07/11 14:08:38 Image size of job updated: 1590996
	1004  -  MemoryUsage of job (MB)
	1027436  -  ResidentSetSize of job (KB)
...
006 (5415472.039.000) 07/12 18:46:42 Image size of job updated: 1591980
	1005  -  MemoryUsage of job (MB)
	1028336  -  ResidentSetSize of job (KB)
...
006 (5415472.039.000) 07/12 19:21:46 Image size of job updated: 1592884
	1006  -  MemoryUsage of job (MB)
	1029240  -  ResidentSetSize of job (KB)
...
006 (5415472.039.000) 07/12 19:56:49 Image size of job updated: 1593792
	1007  -  MemoryUsage of job (MB)
	1030148  -  ResidentSetSize of job (KB)
...
006 (5415472.039.000) 07/12 20:31:52 Image size of job updated: 1594696
	1007  -  MemoryUsage of job (MB)
	1031052  -  ResidentSetSize of job (KB)
...
006 (5415472.039.000) 07/12 21:06:55 Image size of job updated: 1595600
	1008  -  MemoryUsage of job (MB)
	1031956  -  ResidentSetSize of job (KB)
...
006 (5415472.039.000) 07/12 21:36:58 Image size of job updated: 1596508
	1009  -  MemoryUsage of job (MB)
	1032864  -  ResidentSetSize of job (KB)
...
006 (5415472.039.000) 07/12 22:12:02 Image size of job updated: 1597412
	1010  -  MemoryUsage of job (MB)
	1033768  -  ResidentSetSize of job (KB)
...
006 (5415472.039.000) 07/12 22:47:06 Image size of job updated: 1598320
	1011  -  MemoryUsage of job (MB)
	1034676  -  ResidentSetSize of job (KB)
...
006 (5415472.039.000) 07/12 23:22:09 Image size of job updated: 1599224
	1012  -  MemoryUsage of job (MB)
	1035580  -  ResidentSetSize of job (KB)
...
006 (5415472.039.000) 07/12 23:52:11 Image size of job updated: 1600128
	1013  -  MemoryUsage of job (MB)
	1036484  -  ResidentSetSize of job (KB)
...
006 (5415472.039.000) 07/13 00:27:13 Image size of job updated: 1601036
	1014  -  MemoryUsage of job (MB)
	1037392  -  ResidentSetSize of job (KB)
...
006 (5415472.039.000) 07/13 01:02:17 Image size of job updated: 1601940
	1014  -  MemoryUsage of job (MB)
	1038296  -  ResidentSetSize of job (KB)
...
006 (5415472.039.000) 07/13 01:32:21 Image size of job updated: 1602848
	1015  -  MemoryUsage of job (MB)
	1039204  -  ResidentSetSize of job (KB)
...
006 (5415472.039.000) 07/13 02:07:24 Image size of job updated: 1607376
	1020  -  MemoryUsage of job (MB)
	1043732  -  ResidentSetSize of job (KB)
...
006 (5415472.039.000) 07/13 06:12:53 Image size of job updated: 1610448
	1021  -  MemoryUsage of job (MB)
	1045208  -  ResidentSetSize of job (KB)
...
006 (5415472.039.000) 07/13 06:32:55 Image size of job updated: 1610448
	1021  -  MemoryUsage of job (MB)
	1045220  -  ResidentSetSize of job (KB)
...
006 (5415472.039.000) 07/13 06:52:58 Image size of job updated: 1610448
	1021  -  MemoryUsage of job (MB)
	1045232  -  ResidentSetSize of job (KB)
...
006 (5415472.039.000) 07/13 07:13:02 Image size of job updated: 1610448
	1021  -  MemoryUsage of job (MB)
	1045244  -  ResidentSetSize of job (KB)
...
006 (5415472.039.000) 07/13 07:38:03 Image size of job updated: 1610448
	1021  -  MemoryUsage of job (MB)
	1045256  -  ResidentSetSize of job (KB)
...
006 (5415472.039.000) 07/13 08:03:06 Image size of job updated: 1610448
	1021  -  MemoryUsage of job (MB)
	1045268  -  ResidentSetSize of job (KB)
...
006 (5415472.039.000) 07/13 08:33:09 Image size of job updated: 1610448
	1021  -  MemoryUsage of job (MB)
	1045280  -  ResidentSetSize of job (KB)
...
006 (5415472.039.000) 07/13 08:53:10 Image size of job updated: 1610448
	1021  -  MemoryUsage of job (MB)
	1045292  -  ResidentSetSize of job (KB)
...
006 (5415472.039.000) 07/13 09:18:12 Image size of job updated: 1610448
	1021  -  MemoryUsage of job (MB)
	1045304  -  ResidentSetSize of job (KB)
...
006 (5415472.039.000) 07/13 09:38:13 Image size of job updated: 1610448
	1021  -  MemoryUsage of job (MB)
	1045316  -  ResidentSetSize of job (KB)
...
006 (5415472.039.000) 07/13 10:03:14 Image size of job updated: 1610448
	1021  -  MemoryUsage of job (MB)
	1045328  -  ResidentSetSize of job (KB)
...
006 (5415472.039.000) 07/13 10:23:16 Image size of job updated: 1610448
	1021  -  MemoryUsage of job (MB)
	1045340  -  ResidentSetSize of job (KB)
...
006 (5415472.039.000) 07/13 10:48:30 Image size of job updated: 1610448
	1021  -  MemoryUsage of job (MB)
	1045352  -  ResidentSetSize of job (KB)
...
006 (5415472.039.000) 07/13 11:08:33 Image size of job updated: 1610448
	1021  -  MemoryUsage of job (MB)
	1045364  -  ResidentSetSize of job (KB)
...
006 (5415472.039.000) 07/13 11:28:34 Image size of job updated: 1610448
	1021  -  MemoryUsage of job (MB)
	1045376  -  ResidentSetSize of job (KB)
...
006 (5415472.039.000) 07/13 11:53:36 Image size of job updated: 1610448
	1021  -  MemoryUsage of job (MB)
	1045388  -  ResidentSetSize of job (KB)
...
006 (5415472.039.000) 07/13 12:13:37 Image size of job updated: 1610448
	1021  -  MemoryUsage of job (MB)
	1045400  -  ResidentSetSize of job (KB)
...
006 (5415472.039.000) 07/13 12:33:38 Image size of job updated: 1610448
	1021  -  MemoryUsage of job (MB)
	1045412  -  ResidentSetSize of job (KB)
...
006 (5415472.039.000) 07/13 12:53:39 Image size of job updated: 1610448
	1021  -  MemoryUsage of job (MB)
	1045424  -  ResidentSetSize of job (KB)
...
006 (5415472.039.000) 07/13 13:13:39 Image size of job updated: 1610448
	1021  -  MemoryUsage of job (MB)
	1045436  -  ResidentSetSize of job (KB)
...
006 (5415472.039.000) 07/13 22:36:37 Image size of job updated: 1610448
	1021  -  MemoryUsage of job (MB)
	1045448  -  ResidentSetSize of job (KB)
...
006 (5415472.039.000) 07/13 22:56:40 Image size of job updated: 1610448
	1021  -  MemoryUsage of job (MB)
	1045460  -  ResidentSetSize of job (KB)
...
006 (5415472.039.000) 07/13 23:21:44 Image size of job updated: 1610448
	1021  -  MemoryUsage of job (MB)
	1045472  -  ResidentSetSize of job (KB)
...
006 (5415472.039.000) 07/14 01:16:56 Image size of job updated: 1610448
	1021  -  MemoryUsage of job (MB)
	1045476  -  ResidentSetSize of job (KB)
...
006 (5415472.039.000) 07/14 01:41:58 Image size of job updated: 1610448
	1021  -  MemoryUsage of job (MB)
	1045488  -  ResidentSetSize of job (KB)
...
006 (5415472.039.000) 07/14 02:02:01 Image size of job updated: 1610448
	1021  -  MemoryUsage of job (MB)
	1045500  -  ResidentSetSize of job (KB)
...
006 (5415472.039.000) 07/14 02:22:04 Image size of job updated: 1610448
	1022  -  MemoryUsage of job (MB)
	1045512  -  ResidentSetSize of job (KB)
...
006 (5415472.039.000) 07/14 02:47:07 Image size of job updated: 1610448
	1022  -  MemoryUsage of job (MB)
	1045520  -  ResidentSetSize of job (KB)
...
006 (5415472.039.000) 07/14 03:07:08 Image size of job updated: 1610448
	1022  -  MemoryUsage of job (MB)
	1045524  -  ResidentSetSize of job (KB)
...
006 (5415472.039.000) 07/14 03:32:10 Image size of job updated: 1610448
	1022  -  MemoryUsage of job (MB)
	1045528  -  ResidentSetSize of job (KB)
...
006 (5415472.039.000) 07/14 03:52:14 Image size of job updated: 1610448
	1022  -  MemoryUsage of job (MB)
	1045536  -  ResidentSetSize of job (KB)
...
006 (5415472.039.000) 07/14 04:12:14 Image size of job updated: 1610448
	1022  -  MemoryUsage of job (MB)
	1045548  -  ResidentSetSize of job (KB)
...
006 (5415472.039.000) 07/14 04:32:17 Image size of job updated: 1610448
	1022  -  MemoryUsage of job (MB)
	1045560  -  ResidentSetSize of job (KB)
...
006 (5415472.039.000) 07/14 04:52:18 Image size of job updated: 1610448
	1022  -  MemoryUsage of job (MB)
	1045572  -  ResidentSetSize of job (KB)
...
006 (5415472.039.000) 07/14 05:12:21 Image size of job updated: 1610448
	1022  -  MemoryUsage of job (MB)
	1045584  -  ResidentSetSize of job (KB)
...
006 (5415472.039.000) 07/14 05:37:23 Image size of job updated: 1610448
	1022  -  MemoryUsage of job (MB)
	1045596  -  ResidentSetSize of job (KB)
...
006 (5415472.039.000) 07/14 05:57:24 Image size of job updated: 1610448
	1022  -  MemoryUsage of job (MB)
	1045608  -  ResidentSetSize of job (KB)
...
006 (5415472.039.000) 07/14 06:17:25 Image size of job updated: 1610448
	1022  -  MemoryUsage of job (MB)
	1045620  -  ResidentSetSize of job (KB)
...
006 (5415472.039.000) 07/14 06:37:28 Image size of job updated: 1610448
	1022  -  MemoryUsage of job (MB)
	1045632  -  ResidentSetSize of job (KB)
...
006 (5415472.039.000) 07/14 06:57:31 Image size of job updated: 1610448
	1022  -  MemoryUsage of job (MB)
	1045644  -  ResidentSetSize of job (KB)
...
006 (5415472.039.000) 07/14 07:17:32 Image size of job updated: 1610448
	1022  -  MemoryUsage of job (MB)
	1045656  -  ResidentSetSize of job (KB)
...
006 (5415472.039.000) 07/14 07:37:33 Image size of job updated: 1610448
	1022  -  MemoryUsage of job (MB)
	1045668  -  ResidentSetSize of job (KB)
...
006 (5415472.039.000) 07/14 07:57:35 Image size of job updated: 1610448
	1022  -  MemoryUsage of job (MB)
	1045680  -  ResidentSetSize of job (KB)
...
006 (5415472.039.000) 07/14 08:12:35 Image size of job updated: 1610448
	1022  -  MemoryUsage of job (MB)
	1045684  -  ResidentSetSize of job (KB)
...
006 (5415472.039.000) 07/14 08:17:35 Image size of job updated: 1610448
	1022  -  MemoryUsage of job (MB)
	1045692  -  ResidentSetSize of job (KB)
...
006 (5415472.039.000) 07/14 08:32:36 Image size of job updated: 1610448
	1022  -  MemoryUsage of job (MB)
	1045704  -  ResidentSetSize of job (KB)
...
006 (5415472.039.000) 07/14 08:52:38 Image size of job updated: 1610448
	1022  -  MemoryUsage of job (MB)
	1045716  -  ResidentSetSize of job (KB)
...
006 (5415472.039.000) 07/14 09:12:40 Image size of job updated: 1610448
	1022  -  MemoryUsage of job (MB)
	1045728  -  ResidentSetSize of job (KB)
...
006 (5415472.039.000) 07/14 09:32:41 Image size of job updated: 1610448
	1022  -  MemoryUsage of job (MB)
	1045740  -  ResidentSetSize of job (KB)
...
006 (5415472.039.000) 07/14 09:52:43 Image size of job updated: 1610448
	1022  -  MemoryUsage of job (MB)
	1045752  -  ResidentSetSize of job (KB)
...
006 (5415472.039.000) 07/14 10:07:46 Image size of job updated: 1610448
	1022  -  MemoryUsage of job (MB)
	1045756  -  ResidentSetSize of job (KB)
...
006 (5415472.039.000) 07/14 10:12:46 Image size of job updated: 1610448
	1022  -  MemoryUsage of job (MB)
	1045764  -  ResidentSetSize of job (KB)
...
006 (5415472.039.000) 07/14 10:27:47 Image size of job updated: 1610448
	1022  -  MemoryUsage of job (MB)
	1045776  -  ResidentSetSize of job (KB)
...
006 (5415472.039.000) 07/14 10:47:49 Image size of job updated: 1610448
	1022  -  MemoryUsage of job (MB)
	1045788  -  ResidentSetSize of job (KB)
...
007 (5415472.039.000) 07/14 21:10:17 Shadow exception!
	Assertion ERROR on (result)
	0  -  Run Bytes Sent By Job
	803  -  Run Bytes Received By Job
...
040 (5415472.039.000) 07/14 21:21:18 Started transferring input files
	Transferring to host: <128.142.84.65:9618?addrs=128.142.84.65-9618+[2001-1458-301-f6--100-5b1]-9618&alias=b7s14n3506.cern.ch&noUDP&sock=slot1_2_5839_da87_58182>
...
040 (5415472.039.000) 07/14 21:21:18 Finished transferring input files
...
001 (5415472.039.000) 07/14 21:21:19 Job executing on host: <128.142.84.65:9618?addrs=128.142.84.65-9618+[2001-1458-301-f6--100-5b1]-9618&alias=b7s14n3506.cern.ch&noUDP&sock=startd_4715_ad21>
...
