000 (5415472.244.000) 07/11 14:02:29 Job submitted from host: <137.138.156.150:9618?addrs=137.138.156.150-9618+[2001-1458-d00-14--9a]-9618&alias=bigbird13.cern.ch&noUDP&sock=schedd_1788_ff6c>
...
040 (5415472.244.000) 07/11 14:25:59 Started transferring input files
	Transferring to host: <128.142.81.144:9618?addrs=128.142.81.144-9618+[2001-1458-301-f5--100-4f7]-9618&alias=b7s13n5673.cern.ch&noUDP&sock=slot1_1_5319_7771_61193>
...
040 (5415472.244.000) 07/11 14:25:59 Finished transferring input files
...
001 (5415472.244.000) 07/11 14:26:00 Job executing on host: <128.142.81.144:9618?addrs=128.142.81.144-9618+[2001-1458-301-f5--100-4f7]-9618&alias=b7s13n5673.cern.ch&noUDP&sock=startd_3999_8f52>
...
006 (5415472.244.000) 07/11 14:26:08 Image size of job updated: 83196
	54  -  MemoryUsage of job (MB)
	55296  -  ResidentSetSize of job (KB)
...
006 (5415472.244.000) 07/11 14:31:09 Image size of job updated: 1591028
	1004  -  MemoryUsage of job (MB)
	1027468  -  ResidentSetSize of job (KB)
...
006 (5415472.244.000) 07/13 15:30:10 Image size of job updated: 1592008
	1004  -  MemoryUsage of job (MB)
	1027676  -  ResidentSetSize of job (KB)
...
006 (5415472.244.000) 07/13 16:40:16 Image size of job updated: 1592916
	1005  -  MemoryUsage of job (MB)
	1028584  -  ResidentSetSize of job (KB)
...
006 (5415472.244.000) 07/13 17:47:51 Image size of job updated: 1593820
	1006  -  MemoryUsage of job (MB)
	1029488  -  ResidentSetSize of job (KB)
...
006 (5415472.244.000) 07/13 18:59:10 Image size of job updated: 1594724
	1007  -  MemoryUsage of job (MB)
	1030392  -  ResidentSetSize of job (KB)
...
006 (5415472.244.000) 07/13 20:04:17 Image size of job updated: 1595632
	1008  -  MemoryUsage of job (MB)
	1031300  -  ResidentSetSize of job (KB)
...
006 (5415472.244.000) 07/13 21:14:24 Image size of job updated: 1596536
	1009  -  MemoryUsage of job (MB)
	1032204  -  ResidentSetSize of job (KB)
...
006 (5415472.244.000) 07/13 22:29:31 Image size of job updated: 1597444
	1009  -  MemoryUsage of job (MB)
	1033112  -  ResidentSetSize of job (KB)
...
006 (5415472.244.000) 07/13 23:39:39 Image size of job updated: 1598348
	1010  -  MemoryUsage of job (MB)
	1034016  -  ResidentSetSize of job (KB)
...
006 (5415472.244.000) 07/14 00:49:46 Image size of job updated: 1599252
	1011  -  MemoryUsage of job (MB)
	1034920  -  ResidentSetSize of job (KB)
...
006 (5415472.244.000) 07/14 01:59:52 Image size of job updated: 1600160
	1012  -  MemoryUsage of job (MB)
	1035828  -  ResidentSetSize of job (KB)
...
006 (5415472.244.000) 07/14 03:09:55 Image size of job updated: 1601064
	1013  -  MemoryUsage of job (MB)
	1036732  -  ResidentSetSize of job (KB)
...
006 (5415472.244.000) 07/14 04:14:59 Image size of job updated: 1601972
	1014  -  MemoryUsage of job (MB)
	1037640  -  ResidentSetSize of job (KB)
...
006 (5415472.244.000) 07/14 05:15:03 Image size of job updated: 1602876
	1015  -  MemoryUsage of job (MB)
	1038544  -  ResidentSetSize of job (KB)
...
006 (5415472.244.000) 07/14 06:15:10 Image size of job updated: 1602876
	1016  -  MemoryUsage of job (MB)
	1039448  -  ResidentSetSize of job (KB)
...
006 (5415472.244.000) 07/14 06:20:11 Image size of job updated: 1603780
	1016  -  MemoryUsage of job (MB)
	1039448  -  ResidentSetSize of job (KB)
...
006 (5415472.244.000) 07/14 07:20:17 Image size of job updated: 1604688
	1016  -  MemoryUsage of job (MB)
	1040352  -  ResidentSetSize of job (KB)
...
006 (5415472.244.000) 07/14 08:20:23 Image size of job updated: 1605592
	1016  -  MemoryUsage of job (MB)
	1040352  -  ResidentSetSize of job (KB)
...
006 (5415472.244.000) 07/14 09:30:27 Image size of job updated: 1606500
	1017  -  MemoryUsage of job (MB)
	1040740  -  ResidentSetSize of job (KB)
...
006 (5415472.244.000) 07/14 10:30:34 Image size of job updated: 1607404
	1018  -  MemoryUsage of job (MB)
	1041644  -  ResidentSetSize of job (KB)
...
006 (5415472.244.000) 07/14 11:25:42 Image size of job updated: 1608308
	1019  -  MemoryUsage of job (MB)
	1042492  -  ResidentSetSize of job (KB)
...
006 (5415472.244.000) 07/14 12:20:48 Image size of job updated: 1609216
	1019  -  MemoryUsage of job (MB)
	1043400  -  ResidentSetSize of job (KB)
...
006 (5415472.244.000) 07/14 13:20:56 Image size of job updated: 1610120
	1020  -  MemoryUsage of job (MB)
	1044304  -  ResidentSetSize of job (KB)
...
006 (5415472.244.000) 07/14 13:50:57 Image size of job updated: 1613192
	1022  -  MemoryUsage of job (MB)
	1045852  -  ResidentSetSize of job (KB)
...
006 (5415472.244.000) 07/14 13:55:57 Image size of job updated: 1613192
	1022  -  MemoryUsage of job (MB)
	1045864  -  ResidentSetSize of job (KB)
...
040 (5415472.244.000) 07/14 14:16:00 Started transferring output files
...
040 (5415472.244.000) 07/14 14:16:00 Finished transferring output files
...
004 (5415472.244.000) 07/14 14:16:00 Job was evicted.
	(0) CPU times
		Usr 8 16:42:54, Sys 0 00:01:58  -  Run Remote Usage
		Usr 0 00:00:00, Sys 0 00:00:00  -  Run Local Usage
	96192  -  Run Bytes Sent By Job
	803  -  Run Bytes Received By Job
	Partitionable Resources :    Usage  Request Allocated 
	   Cpus                 :     3.03        4         4 
	   Disk (KB)            :   120    10485760  10846646 
	   Memory (MB)          :  1022        8000      8000 
...
040 (5415472.244.000) 07/14 21:26:23 Started transferring input files
	Transferring to host: <128.142.85.241:9618?addrs=128.142.85.241-9618+[2001-1458-301-f6--100-392]-9618&alias=b7s14n6689.cern.ch&noUDP&sock=slot1_1_6804_c88e_70559>
...
040 (5415472.244.000) 07/14 21:27:23 Finished transferring input files
...
001 (5415472.244.000) 07/14 21:29:09 Job executing on host: <128.142.85.241:9618?addrs=128.142.85.241-9618+[2001-1458-301-f6--100-392]-9618&alias=b7s14n6689.cern.ch&noUDP&sock=startd_5404_45e2>
...
040 (5415472.244.000) 07/18 17:53:48 Started transferring output files
...
040 (5415472.244.000) 07/18 17:53:48 Finished transferring output files
...
004 (5415472.244.000) 07/18 17:53:48 Job was evicted.
	(0) CPU times
		Usr 11 03:24:17, Sys 0 00:02:25  -  Run Remote Usage
		Usr 0 00:00:00, Sys 0 00:00:00  -  Run Local Usage
	96420  -  Run Bytes Sent By Job
	96995  -  Run Bytes Received By Job
	Partitionable Resources :    Usage  Request Allocated 
	   Cpus                 :     2.92        4         4 
	   Disk (KB)            :   123    10485760  10827149 
	   Memory (MB)          :  1221        8000      8000 
...
