000 (5415472.107.000) 07/11 14:02:29 Job submitted from host: <137.138.156.150:9618?addrs=137.138.156.150-9618+[2001-1458-d00-14--9a]-9618&alias=bigbird13.cern.ch&noUDP&sock=schedd_1788_ff6c>
...
040 (5415472.107.000) 07/11 14:10:24 Started transferring input files
	Transferring to host: <128.142.85.22:9618?addrs=128.142.85.22-9618+[2001-1458-301-f6--100-3c0]-9618&alias=b7s14n1769.cern.ch&noUDP&sock=slot1_9_6027_510e_61207>
...
040 (5415472.107.000) 07/11 14:10:24 Finished transferring input files
...
001 (5415472.107.000) 07/11 14:10:25 Job executing on host: <128.142.85.22:9618?addrs=128.142.85.22-9618+[2001-1458-301-f6--100-3c0]-9618&alias=b7s14n1769.cern.ch&noUDP&sock=startd_4937_f328>
...
006 (5415472.107.000) 07/11 14:10:34 Image size of job updated: 104252
	63  -  MemoryUsage of job (MB)
	64284  -  ResidentSetSize of job (KB)
...
006 (5415472.107.000) 07/11 14:15:35 Image size of job updated: 1591040
	1004  -  MemoryUsage of job (MB)
	1027484  -  ResidentSetSize of job (KB)
...
006 (5415472.107.000) 07/13 17:19:11 Image size of job updated: 1592024
	1005  -  MemoryUsage of job (MB)
	1028364  -  ResidentSetSize of job (KB)
...
006 (5415472.107.000) 07/13 18:29:48 Image size of job updated: 1592928
	1006  -  MemoryUsage of job (MB)
	1029268  -  ResidentSetSize of job (KB)
...
006 (5415472.107.000) 07/13 19:39:56 Image size of job updated: 1593832
	1007  -  MemoryUsage of job (MB)
	1030172  -  ResidentSetSize of job (KB)
...
006 (5415472.107.000) 07/13 20:50:05 Image size of job updated: 1594740
	1007  -  MemoryUsage of job (MB)
	1031080  -  ResidentSetSize of job (KB)
...
006 (5415472.107.000) 07/13 22:00:11 Image size of job updated: 1595644
	1008  -  MemoryUsage of job (MB)
	1031984  -  ResidentSetSize of job (KB)
...
006 (5415472.107.000) 07/13 23:10:16 Image size of job updated: 1596552
	1009  -  MemoryUsage of job (MB)
	1032892  -  ResidentSetSize of job (KB)
...
006 (5415472.107.000) 07/14 00:20:23 Image size of job updated: 1597456
	1010  -  MemoryUsage of job (MB)
	1033796  -  ResidentSetSize of job (KB)
...
006 (5415472.107.000) 07/14 01:25:29 Image size of job updated: 1598360
	1011  -  MemoryUsage of job (MB)
	1034700  -  ResidentSetSize of job (KB)
...
006 (5415472.107.000) 07/14 02:30:33 Image size of job updated: 1599268
	1012  -  MemoryUsage of job (MB)
	1035608  -  ResidentSetSize of job (KB)
...
006 (5415472.107.000) 07/14 03:40:40 Image size of job updated: 1600172
	1013  -  MemoryUsage of job (MB)
	1036512  -  ResidentSetSize of job (KB)
...
006 (5415472.107.000) 07/14 04:45:48 Image size of job updated: 1601080
	1014  -  MemoryUsage of job (MB)
	1037420  -  ResidentSetSize of job (KB)
...
006 (5415472.107.000) 07/14 05:50:57 Image size of job updated: 1601984
	1014  -  MemoryUsage of job (MB)
	1038324  -  ResidentSetSize of job (KB)
...
006 (5415472.107.000) 07/14 06:56:05 Image size of job updated: 1602888
	1015  -  MemoryUsage of job (MB)
	1039228  -  ResidentSetSize of job (KB)
...
006 (5415472.107.000) 07/14 08:01:12 Image size of job updated: 1603796
	1016  -  MemoryUsage of job (MB)
	1040136  -  ResidentSetSize of job (KB)
...
006 (5415472.107.000) 07/14 09:11:16 Image size of job updated: 1604700
	1017  -  MemoryUsage of job (MB)
	1041040  -  ResidentSetSize of job (KB)
...
006 (5415472.107.000) 07/14 10:16:23 Image size of job updated: 1605608
	1018  -  MemoryUsage of job (MB)
	1041948  -  ResidentSetSize of job (KB)
...
006 (5415472.107.000) 07/14 11:26:31 Image size of job updated: 1606512
	1019  -  MemoryUsage of job (MB)
	1042852  -  ResidentSetSize of job (KB)
...
006 (5415472.107.000) 07/14 12:31:37 Image size of job updated: 1607416
	1020  -  MemoryUsage of job (MB)
	1043756  -  ResidentSetSize of job (KB)
...
006 (5415472.107.000) 07/14 13:41:45 Image size of job updated: 1608324
	1021  -  MemoryUsage of job (MB)
	1044664  -  ResidentSetSize of job (KB)
...
006 (5415472.107.000) 07/14 14:51:53 Image size of job updated: 1609228
	1022  -  MemoryUsage of job (MB)
	1045568  -  ResidentSetSize of job (KB)
...
006 (5415472.107.000) 07/14 15:21:56 Image size of job updated: 1612300
	1023  -  MemoryUsage of job (MB)
	1047116  -  ResidentSetSize of job (KB)
...
006 (5415472.107.000) 07/14 15:31:57 Image size of job updated: 1612300
	1023  -  MemoryUsage of job (MB)
	1047128  -  ResidentSetSize of job (KB)
...
006 (5415472.107.000) 07/14 16:06:59 Image size of job updated: 1612300
	1023  -  MemoryUsage of job (MB)
	1047140  -  ResidentSetSize of job (KB)
...
006 (5415472.107.000) 07/14 16:42:02 Image size of job updated: 1612300
	1023  -  MemoryUsage of job (MB)
	1047152  -  ResidentSetSize of job (KB)
...
006 (5415472.107.000) 07/14 17:07:06 Image size of job updated: 1613208
	1024  -  MemoryUsage of job (MB)
	1048060  -  ResidentSetSize of job (KB)
...
006 (5415472.107.000) 07/14 17:17:06 Image size of job updated: 1613208
	1024  -  MemoryUsage of job (MB)
	1048072  -  ResidentSetSize of job (KB)
...
022 (5415472.107.000) 07/14 17:48:02 Job disconnected, attempting to reconnect
    Socket between submit and execute hosts closed unexpectedly
    Trying to reconnect to slot1_9@b7s14n1769.cern.ch <128.142.85.22:9618?addrs=128.142.85.22-9618+[2001-1458-301-f6--100-3c0]-9618&alias=b7s14n1769.cern.ch&noUDP&sock=startd_4937_f328>
...
023 (5415472.107.000) 07/14 17:48:02 Job reconnected to slot1_9@b7s14n1769.cern.ch
    startd address: <128.142.85.22:9618?addrs=128.142.85.22-9618+[2001-1458-301-f6--100-3c0]-9618&alias=b7s14n1769.cern.ch&noUDP&sock=startd_4937_f328>
    starter address: <128.142.85.22:9618?addrs=128.142.85.22-9618+[2001-1458-301-f6--100-3c0]-9618&alias=b7s14n1769.cern.ch&noUDP&sock=slot1_9_6027_510e_61207>
...
006 (5415472.107.000) 07/14 18:05:40 Image size of job updated: 1613208
	1024  -  MemoryUsage of job (MB)
	1048084  -  ResidentSetSize of job (KB)
...
006 (5415472.107.000) 07/14 18:19:47 Image size of job updated: 1614112
	1025  -  MemoryUsage of job (MB)
	1048988  -  ResidentSetSize of job (KB)
...
006 (5415472.107.000) 07/14 18:28:15 Image size of job updated: 1614112
	1025  -  MemoryUsage of job (MB)
	1049000  -  ResidentSetSize of job (KB)
...
006 (5415472.107.000) 07/14 19:03:23 Image size of job updated: 1614112
	1025  -  MemoryUsage of job (MB)
	1049012  -  ResidentSetSize of job (KB)
...
006 (5415472.107.000) 07/14 19:18:25 Image size of job updated: 1615020
	1026  -  MemoryUsage of job (MB)
	1049920  -  ResidentSetSize of job (KB)
...
006 (5415472.107.000) 07/14 19:38:28 Image size of job updated: 1615020
	1026  -  MemoryUsage of job (MB)
	1049932  -  ResidentSetSize of job (KB)
...
006 (5415472.107.000) 07/14 20:18:30 Image size of job updated: 1615020
	1026  -  MemoryUsage of job (MB)
	1049944  -  ResidentSetSize of job (KB)
...
006 (5415472.107.000) 07/14 20:28:31 Image size of job updated: 1615924
	1027  -  MemoryUsage of job (MB)
	1050848  -  ResidentSetSize of job (KB)
...
006 (5415472.107.000) 07/14 20:53:34 Image size of job updated: 1615924
	1027  -  MemoryUsage of job (MB)
	1050860  -  ResidentSetSize of job (KB)
...
006 (5415472.107.000) 07/14 21:30:30 Image size of job updated: 1615924
	1027  -  MemoryUsage of job (MB)
	1050872  -  ResidentSetSize of job (KB)
...
006 (5415472.107.000) 07/14 21:40:32 Image size of job updated: 1616828
	1028  -  MemoryUsage of job (MB)
	1051776  -  ResidentSetSize of job (KB)
...
006 (5415472.107.000) 07/14 22:10:36 Image size of job updated: 1616828
	1028  -  MemoryUsage of job (MB)
	1051788  -  ResidentSetSize of job (KB)
...
006 (5415472.107.000) 07/14 22:45:39 Image size of job updated: 1616828
	1028  -  MemoryUsage of job (MB)
	1051800  -  ResidentSetSize of job (KB)
...
006 (5415472.107.000) 07/14 22:50:39 Image size of job updated: 1617736
	1029  -  MemoryUsage of job (MB)
	1052708  -  ResidentSetSize of job (KB)
...
006 (5415472.107.000) 07/14 23:20:41 Image size of job updated: 1617736
	1029  -  MemoryUsage of job (MB)
	1052720  -  ResidentSetSize of job (KB)
...
006 (5415472.107.000) 07/15 00:00:44 Image size of job updated: 1618640
	1029  -  MemoryUsage of job (MB)
	1053636  -  ResidentSetSize of job (KB)
...
006 (5415472.107.000) 07/15 00:35:47 Image size of job updated: 1618640
	1029  -  MemoryUsage of job (MB)
	1053648  -  ResidentSetSize of job (KB)
...
006 (5415472.107.000) 07/15 01:05:49 Image size of job updated: 1619548
	1030  -  MemoryUsage of job (MB)
	1054556  -  ResidentSetSize of job (KB)
...
006 (5415472.107.000) 07/15 01:10:50 Image size of job updated: 1619548
	1030  -  MemoryUsage of job (MB)
	1054568  -  ResidentSetSize of job (KB)
...
006 (5415472.107.000) 07/15 01:45:52 Image size of job updated: 1619548
	1030  -  MemoryUsage of job (MB)
	1054580  -  ResidentSetSize of job (KB)
...
006 (5415472.107.000) 07/15 02:10:54 Image size of job updated: 1620452
	1031  -  MemoryUsage of job (MB)
	1055484  -  ResidentSetSize of job (KB)
...
006 (5415472.107.000) 07/15 02:20:56 Image size of job updated: 1620452
	1031  -  MemoryUsage of job (MB)
	1055496  -  ResidentSetSize of job (KB)
...
006 (5415472.107.000) 07/15 02:56:01 Image size of job updated: 1620452
	1031  -  MemoryUsage of job (MB)
	1055508  -  ResidentSetSize of job (KB)
...
006 (5415472.107.000) 07/15 03:16:02 Image size of job updated: 1621356
	1032  -  MemoryUsage of job (MB)
	1056412  -  ResidentSetSize of job (KB)
...
006 (5415472.107.000) 07/15 03:26:03 Image size of job updated: 1621356
	1032  -  MemoryUsage of job (MB)
	1056424  -  ResidentSetSize of job (KB)
...
006 (5415472.107.000) 07/15 04:01:06 Image size of job updated: 1621356
	1032  -  MemoryUsage of job (MB)
	1056436  -  ResidentSetSize of job (KB)
...
006 (5415472.107.000) 07/15 04:21:07 Image size of job updated: 1622264
	1033  -  MemoryUsage of job (MB)
	1057344  -  ResidentSetSize of job (KB)
...
006 (5415472.107.000) 07/15 04:36:09 Image size of job updated: 1622264
	1033  -  MemoryUsage of job (MB)
	1057356  -  ResidentSetSize of job (KB)
...
006 (5415472.107.000) 07/15 05:06:13 Image size of job updated: 1622264
	1033  -  MemoryUsage of job (MB)
	1057368  -  ResidentSetSize of job (KB)
...
006 (5415472.107.000) 07/15 05:21:14 Image size of job updated: 1623168
	1034  -  MemoryUsage of job (MB)
	1058272  -  ResidentSetSize of job (KB)
...
006 (5415472.107.000) 07/15 05:36:16 Image size of job updated: 1623168
	1034  -  MemoryUsage of job (MB)
	1058276  -  ResidentSetSize of job (KB)
...
006 (5415472.107.000) 07/15 05:41:17 Image size of job updated: 1623168
	1034  -  MemoryUsage of job (MB)
	1058284  -  ResidentSetSize of job (KB)
...
006 (5415472.107.000) 07/15 06:11:21 Image size of job updated: 1623168
	1034  -  MemoryUsage of job (MB)
	1058296  -  ResidentSetSize of job (KB)
...
006 (5415472.107.000) 07/15 06:16:21 Image size of job updated: 1624076
	1035  -  MemoryUsage of job (MB)
	1059204  -  ResidentSetSize of job (KB)
...
006 (5415472.107.000) 07/15 06:41:22 Image size of job updated: 1624076
	1035  -  MemoryUsage of job (MB)
	1059216  -  ResidentSetSize of job (KB)
...
006 (5415472.107.000) 07/15 07:06:23 Image size of job updated: 1624076
	1035  -  MemoryUsage of job (MB)
	1059228  -  ResidentSetSize of job (KB)
...
006 (5415472.107.000) 07/15 07:11:23 Image size of job updated: 1624980
	1036  -  MemoryUsage of job (MB)
	1060132  -  ResidentSetSize of job (KB)
...
006 (5415472.107.000) 07/15 07:36:27 Image size of job updated: 1624980
	1036  -  MemoryUsage of job (MB)
	1060144  -  ResidentSetSize of job (KB)
...
006 (5415472.107.000) 07/15 08:01:28 Image size of job updated: 1624980
	1036  -  MemoryUsage of job (MB)
	1060156  -  ResidentSetSize of job (KB)
...
006 (5415472.107.000) 07/15 08:06:28 Image size of job updated: 1625884
	1037  -  MemoryUsage of job (MB)
	1061060  -  ResidentSetSize of job (KB)
...
006 (5415472.107.000) 07/15 08:31:30 Image size of job updated: 1625884
	1037  -  MemoryUsage of job (MB)
	1061072  -  ResidentSetSize of job (KB)
...
006 (5415472.107.000) 07/15 09:06:33 Image size of job updated: 1626792
	1038  -  MemoryUsage of job (MB)
	1061992  -  ResidentSetSize of job (KB)
...
006 (5415472.107.000) 07/15 09:41:36 Image size of job updated: 1626792
	1038  -  MemoryUsage of job (MB)
	1061996  -  ResidentSetSize of job (KB)
...
006 (5415472.107.000) 07/15 09:46:37 Image size of job updated: 1626792
	1038  -  MemoryUsage of job (MB)
	1062004  -  ResidentSetSize of job (KB)
...
006 (5415472.107.000) 07/15 10:11:39 Image size of job updated: 1627696
	1038  -  MemoryUsage of job (MB)
	1062908  -  ResidentSetSize of job (KB)
...
006 (5415472.107.000) 07/15 10:21:39 Image size of job updated: 1627696
	1039  -  MemoryUsage of job (MB)
	1062920  -  ResidentSetSize of job (KB)
...
006 (5415472.107.000) 07/15 10:51:43 Image size of job updated: 1627696
	1039  -  MemoryUsage of job (MB)
	1062932  -  ResidentSetSize of job (KB)
...
006 (5415472.107.000) 07/15 11:16:47 Image size of job updated: 1628604
	1039  -  MemoryUsage of job (MB)
	1063840  -  ResidentSetSize of job (KB)
...
006 (5415472.107.000) 07/15 11:26:48 Image size of job updated: 1628604
	1039  -  MemoryUsage of job (MB)
	1063852  -  ResidentSetSize of job (KB)
...
006 (5415472.107.000) 07/15 12:01:51 Image size of job updated: 1628604
	1039  -  MemoryUsage of job (MB)
	1063864  -  ResidentSetSize of job (KB)
...
006 (5415472.107.000) 07/15 12:21:53 Image size of job updated: 1629508
	1040  -  MemoryUsage of job (MB)
	1064768  -  ResidentSetSize of job (KB)
...
006 (5415472.107.000) 07/15 12:36:56 Image size of job updated: 1629508
	1040  -  MemoryUsage of job (MB)
	1064780  -  ResidentSetSize of job (KB)
...
006 (5415472.107.000) 07/15 13:12:00 Image size of job updated: 1629508
	1040  -  MemoryUsage of job (MB)
	1064792  -  ResidentSetSize of job (KB)
...
006 (5415472.107.000) 07/15 13:27:00 Image size of job updated: 1634036
	1045  -  MemoryUsage of job (MB)
	1069320  -  ResidentSetSize of job (KB)
...
006 (5415472.107.000) 07/15 13:42:01 Image size of job updated: 1634036
	1045  -  MemoryUsage of job (MB)
	1069332  -  ResidentSetSize of job (KB)
...
006 (5415472.107.000) 07/15 14:17:56 Image size of job updated: 1634036
	1045  -  MemoryUsage of job (MB)
	1069344  -  ResidentSetSize of job (KB)
...
006 (5415472.107.000) 07/15 14:53:00 Image size of job updated: 1634036
	1045  -  MemoryUsage of job (MB)
	1069356  -  ResidentSetSize of job (KB)
...
006 (5415472.107.000) 07/15 15:33:05 Image size of job updated: 1634036
	1045  -  MemoryUsage of job (MB)
	1069368  -  ResidentSetSize of job (KB)
...
006 (5415472.107.000) 07/15 16:08:07 Image size of job updated: 1634036
	1045  -  MemoryUsage of job (MB)
	1069380  -  ResidentSetSize of job (KB)
...
006 (5415472.107.000) 07/15 16:43:10 Image size of job updated: 1634036
	1045  -  MemoryUsage of job (MB)
	1069392  -  ResidentSetSize of job (KB)
...
006 (5415472.107.000) 07/15 17:18:13 Image size of job updated: 1634036
	1045  -  MemoryUsage of job (MB)
	1069396  -  ResidentSetSize of job (KB)
...
006 (5415472.107.000) 07/15 17:23:13 Image size of job updated: 1634036
	1045  -  MemoryUsage of job (MB)
	1069404  -  ResidentSetSize of job (KB)
...
006 (5415472.107.000) 07/15 17:58:15 Image size of job updated: 1634036
	1045  -  MemoryUsage of job (MB)
	1069416  -  ResidentSetSize of job (KB)
...
006 (5415472.107.000) 07/15 18:33:20 Image size of job updated: 1634036
	1045  -  MemoryUsage of job (MB)
	1069428  -  ResidentSetSize of job (KB)
...
006 (5415472.107.000) 07/15 19:08:24 Image size of job updated: 1634036
	1045  -  MemoryUsage of job (MB)
	1069440  -  ResidentSetSize of job (KB)
...
006 (5415472.107.000) 07/15 19:48:28 Image size of job updated: 1634036
	1045  -  MemoryUsage of job (MB)
	1069452  -  ResidentSetSize of job (KB)
...
006 (5415472.107.000) 07/15 20:23:30 Image size of job updated: 1634036
	1045  -  MemoryUsage of job (MB)
	1069464  -  ResidentSetSize of job (KB)
...
006 (5415472.107.000) 07/15 20:58:32 Image size of job updated: 1634036
	1045  -  MemoryUsage of job (MB)
	1069476  -  ResidentSetSize of job (KB)
...
006 (5415472.107.000) 07/15 21:33:34 Image size of job updated: 1634036
	1045  -  MemoryUsage of job (MB)
	1069488  -  ResidentSetSize of job (KB)
...
006 (5415472.107.000) 07/15 22:08:38 Image size of job updated: 1634036
	1045  -  MemoryUsage of job (MB)
	1069500  -  ResidentSetSize of job (KB)
...
006 (5415472.107.000) 07/15 22:43:41 Image size of job updated: 1634036
	1045  -  MemoryUsage of job (MB)
	1069512  -  ResidentSetSize of job (KB)
...
006 (5415472.107.000) 07/15 23:23:46 Image size of job updated: 1634036
	1045  -  MemoryUsage of job (MB)
	1069524  -  ResidentSetSize of job (KB)
...
006 (5415472.107.000) 07/15 23:58:48 Image size of job updated: 1634036
	1045  -  MemoryUsage of job (MB)
	1069536  -  ResidentSetSize of job (KB)
...
006 (5415472.107.000) 07/16 00:38:51 Image size of job updated: 1634036
	1045  -  MemoryUsage of job (MB)
	1069548  -  ResidentSetSize of job (KB)
...
006 (5415472.107.000) 07/16 01:13:54 Image size of job updated: 1634036
	1045  -  MemoryUsage of job (MB)
	1069560  -  ResidentSetSize of job (KB)
...
006 (5415472.107.000) 07/16 01:48:57 Image size of job updated: 1634036
	1045  -  MemoryUsage of job (MB)
	1069572  -  ResidentSetSize of job (KB)
...
006 (5415472.107.000) 07/16 02:24:00 Image size of job updated: 1634036
	1045  -  MemoryUsage of job (MB)
	1069576  -  ResidentSetSize of job (KB)
...
006 (5415472.107.000) 07/16 02:29:00 Image size of job updated: 1634036
	1045  -  MemoryUsage of job (MB)
	1069584  -  ResidentSetSize of job (KB)
...
006 (5415472.107.000) 07/16 03:04:04 Image size of job updated: 1634036
	1045  -  MemoryUsage of job (MB)
	1069596  -  ResidentSetSize of job (KB)
...
006 (5415472.107.000) 07/16 03:39:09 Image size of job updated: 1634036
	1045  -  MemoryUsage of job (MB)
	1069608  -  ResidentSetSize of job (KB)
...
006 (5415472.107.000) 07/16 04:14:12 Image size of job updated: 1634036
	1045  -  MemoryUsage of job (MB)
	1069620  -  ResidentSetSize of job (KB)
...
006 (5415472.107.000) 07/16 04:49:15 Image size of job updated: 1634036
	1045  -  MemoryUsage of job (MB)
	1069628  -  ResidentSetSize of job (KB)
...
006 (5415472.107.000) 07/16 04:54:16 Image size of job updated: 1634036
	1045  -  MemoryUsage of job (MB)
	1069632  -  ResidentSetSize of job (KB)
...
006 (5415472.107.000) 07/16 05:29:20 Image size of job updated: 1634036
	1045  -  MemoryUsage of job (MB)
	1069644  -  ResidentSetSize of job (KB)
...
006 (5415472.107.000) 07/16 06:04:25 Image size of job updated: 1634036
	1045  -  MemoryUsage of job (MB)
	1069656  -  ResidentSetSize of job (KB)
...
006 (5415472.107.000) 07/16 06:39:27 Image size of job updated: 1634036
	1045  -  MemoryUsage of job (MB)
	1069668  -  ResidentSetSize of job (KB)
...
006 (5415472.107.000) 07/16 07:14:30 Image size of job updated: 1634036
	1045  -  MemoryUsage of job (MB)
	1069680  -  ResidentSetSize of job (KB)
...
006 (5415472.107.000) 07/16 07:49:34 Image size of job updated: 1634036
	1045  -  MemoryUsage of job (MB)
	1069692  -  ResidentSetSize of job (KB)
...
006 (5415472.107.000) 07/16 08:24:36 Image size of job updated: 1634036
	1045  -  MemoryUsage of job (MB)
	1069704  -  ResidentSetSize of job (KB)
...
006 (5415472.107.000) 07/16 08:54:41 Image size of job updated: 1634036
	1045  -  MemoryUsage of job (MB)
	1069716  -  ResidentSetSize of job (KB)
...
006 (5415472.107.000) 07/16 09:24:44 Image size of job updated: 1634036
	1045  -  MemoryUsage of job (MB)
	1069728  -  ResidentSetSize of job (KB)
...
006 (5415472.107.000) 07/16 09:59:46 Image size of job updated: 1634036
	1045  -  MemoryUsage of job (MB)
	1069740  -  ResidentSetSize of job (KB)
...
006 (5415472.107.000) 07/16 10:34:50 Image size of job updated: 1634036
	1045  -  MemoryUsage of job (MB)
	1069752  -  ResidentSetSize of job (KB)
...
006 (5415472.107.000) 07/16 11:04:55 Image size of job updated: 1634036
	1045  -  MemoryUsage of job (MB)
	1069764  -  ResidentSetSize of job (KB)
...
006 (5415472.107.000) 07/16 11:39:59 Image size of job updated: 1634036
	1045  -  MemoryUsage of job (MB)
	1069776  -  ResidentSetSize of job (KB)
...
006 (5415472.107.000) 07/16 12:16:11 Image size of job updated: 1634036
	1045  -  MemoryUsage of job (MB)
	1069788  -  ResidentSetSize of job (KB)
...
006 (5415472.107.000) 07/16 12:45:19 Image size of job updated: 1634036
	1045  -  MemoryUsage of job (MB)
	1069800  -  ResidentSetSize of job (KB)
...
006 (5415472.107.000) 07/16 13:20:21 Image size of job updated: 1634036
	1045  -  MemoryUsage of job (MB)
	1069812  -  ResidentSetSize of job (KB)
...
006 (5415472.107.000) 07/16 13:50:23 Image size of job updated: 1634036
	1045  -  MemoryUsage of job (MB)
	1069824  -  ResidentSetSize of job (KB)
...
006 (5415472.107.000) 07/16 14:25:25 Image size of job updated: 1634036
	1045  -  MemoryUsage of job (MB)
	1069836  -  ResidentSetSize of job (KB)
...
006 (5415472.107.000) 07/16 15:00:32 Image size of job updated: 1634036
	1045  -  MemoryUsage of job (MB)
	1069848  -  ResidentSetSize of job (KB)
...
006 (5415472.107.000) 07/16 15:30:35 Image size of job updated: 1634036
	1045  -  MemoryUsage of job (MB)
	1069860  -  ResidentSetSize of job (KB)
...
006 (5415472.107.000) 07/16 16:05:39 Image size of job updated: 1634036
	1045  -  MemoryUsage of job (MB)
	1069872  -  ResidentSetSize of job (KB)
...
040 (5415472.107.000) 07/16 16:06:48 Started transferring output files
...
040 (5415472.107.000) 07/16 16:06:48 Finished transferring output files
...
004 (5415472.107.000) 07/16 16:06:48 Job was evicted.
	(0) CPU times
		Usr 14 15:57:32, Sys 0 00:04:14  -  Run Remote Usage
		Usr 0 00:00:00, Sys 0 00:00:00  -  Run Local Usage
	96864  -  Run Bytes Sent By Job
	803  -  Run Bytes Received By Job
	Partitionable Resources :    Usage  Request Allocated 
	   Cpus                 :     3.02        4         4 
	   Disk (KB)            :   121    10485760  10818019 
	   Memory (MB)          :  1045        8000      8000 
...
040 (5415472.107.000) 07/16 22:43:36 Started transferring input files
	Transferring to host: <188.184.192.92:9618?addrs=188.184.192.92-9618+[2001-1458-301-83--100-2e]-9618&alias=b7g44n0084.cern.ch&noUDP&sock=slot1_1_3106_3537_20950>
...
040 (5415472.107.000) 07/16 22:43:36 Finished transferring input files
...
