000 (5415472.027.000) 07/11 14:02:28 Job submitted from host: <137.138.156.150:9618?addrs=137.138.156.150-9618+[2001-1458-d00-14--9a]-9618&alias=bigbird13.cern.ch&noUDP&sock=schedd_1788_ff6c>
...
040 (5415472.027.000) 07/11 14:03:24 Started transferring input files
	Transferring to host: <128.142.56.163:9618?addrs=128.142.56.163-9618+[2001-1458-301-6--100-a2]-9618&alias=b7s01p3622.cern.ch&noUDP&sock=slot1_12_42570_2a7c_6580>
...
040 (5415472.027.000) 07/11 14:03:24 Finished transferring input files
...
001 (5415472.027.000) 07/11 14:03:25 Job executing on host: <128.142.56.163:9618?addrs=128.142.56.163-9618+[2001-1458-301-6--100-a2]-9618&alias=b7s01p3622.cern.ch&noUDP&sock=startd_39478_33ed>
...
006 (5415472.027.000) 07/11 14:03:34 Image size of job updated: 570632
	54  -  MemoryUsage of job (MB)
	54328  -  ResidentSetSize of job (KB)
...
006 (5415472.027.000) 07/11 14:08:35 Image size of job updated: 1590968
	1004  -  MemoryUsage of job (MB)
	1027420  -  ResidentSetSize of job (KB)
...
006 (5415472.027.000) 07/12 21:56:36 Image size of job updated: 1591952
	1005  -  MemoryUsage of job (MB)
	1028328  -  ResidentSetSize of job (KB)
...
006 (5415472.027.000) 07/12 22:41:38 Image size of job updated: 1592856
	1006  -  MemoryUsage of job (MB)
	1029232  -  ResidentSetSize of job (KB)
...
006 (5415472.027.000) 07/12 23:21:41 Image size of job updated: 1593764
	1006  -  MemoryUsage of job (MB)
	1030140  -  ResidentSetSize of job (KB)
...
006 (5415472.027.000) 07/13 00:06:46 Image size of job updated: 1594668
	1007  -  MemoryUsage of job (MB)
	1031044  -  ResidentSetSize of job (KB)
...
006 (5415472.027.000) 07/13 00:46:49 Image size of job updated: 1595572
	1008  -  MemoryUsage of job (MB)
	1031948  -  ResidentSetSize of job (KB)
...
006 (5415472.027.000) 07/13 01:26:51 Image size of job updated: 1596480
	1009  -  MemoryUsage of job (MB)
	1032856  -  ResidentSetSize of job (KB)
...
006 (5415472.027.000) 07/13 02:11:54 Image size of job updated: 1597384
	1010  -  MemoryUsage of job (MB)
	1033760  -  ResidentSetSize of job (KB)
...
006 (5415472.027.000) 07/13 02:51:56 Image size of job updated: 1598292
	1011  -  MemoryUsage of job (MB)
	1034668  -  ResidentSetSize of job (KB)
...
006 (5415472.027.000) 07/13 03:37:00 Image size of job updated: 1599196
	1012  -  MemoryUsage of job (MB)
	1035572  -  ResidentSetSize of job (KB)
...
006 (5415472.027.000) 07/13 04:17:04 Image size of job updated: 1600100
	1013  -  MemoryUsage of job (MB)
	1036476  -  ResidentSetSize of job (KB)
...
006 (5415472.027.000) 07/13 05:02:07 Image size of job updated: 1601008
	1014  -  MemoryUsage of job (MB)
	1037384  -  ResidentSetSize of job (KB)
...
006 (5415472.027.000) 07/13 05:42:10 Image size of job updated: 1601912
	1014  -  MemoryUsage of job (MB)
	1038288  -  ResidentSetSize of job (KB)
...
006 (5415472.027.000) 07/13 06:17:12 Image size of job updated: 1602820
	1015  -  MemoryUsage of job (MB)
	1039196  -  ResidentSetSize of job (KB)
...
006 (5415472.027.000) 07/13 06:52:15 Image size of job updated: 1603724
	1016  -  MemoryUsage of job (MB)
	1040100  -  ResidentSetSize of job (KB)
...
006 (5415472.027.000) 07/13 07:27:17 Image size of job updated: 1604628
	1017  -  MemoryUsage of job (MB)
	1041004  -  ResidentSetSize of job (KB)
...
006 (5415472.027.000) 07/13 08:12:23 Image size of job updated: 1605536
	1018  -  MemoryUsage of job (MB)
	1041912  -  ResidentSetSize of job (KB)
...
006 (5415472.027.000) 07/13 08:57:29 Image size of job updated: 1606440
	1019  -  MemoryUsage of job (MB)
	1042816  -  ResidentSetSize of job (KB)
...
006 (5415472.027.000) 07/13 09:42:31 Image size of job updated: 1607348
	1020  -  MemoryUsage of job (MB)
	1043724  -  ResidentSetSize of job (KB)
...
006 (5415472.027.000) 07/13 10:27:37 Image size of job updated: 1608252
	1021  -  MemoryUsage of job (MB)
	1044628  -  ResidentSetSize of job (KB)
...
006 (5415472.027.000) 07/13 11:13:32 Image size of job updated: 1609156
	1022  -  MemoryUsage of job (MB)
	1045532  -  ResidentSetSize of job (KB)
...
006 (5415472.027.000) 07/13 11:55:09 Image size of job updated: 1610064
	1022  -  MemoryUsage of job (MB)
	1046440  -  ResidentSetSize of job (KB)
...
006 (5415472.027.000) 07/13 12:12:16 Image size of job updated: 1610064
	1024  -  MemoryUsage of job (MB)
	1047988  -  ResidentSetSize of job (KB)
...
006 (5415472.027.000) 07/13 12:17:16 Image size of job updated: 1613136
	1024  -  MemoryUsage of job (MB)
	1047988  -  ResidentSetSize of job (KB)
...
006 (5415472.027.000) 07/13 12:27:17 Image size of job updated: 1613136
	1024  -  MemoryUsage of job (MB)
	1048000  -  ResidentSetSize of job (KB)
...
006 (5415472.027.000) 07/13 12:47:18 Image size of job updated: 1613136
	1024  -  MemoryUsage of job (MB)
	1048012  -  ResidentSetSize of job (KB)
...
006 (5415472.027.000) 07/13 13:12:21 Image size of job updated: 1613136
	1024  -  MemoryUsage of job (MB)
	1048024  -  ResidentSetSize of job (KB)
...
006 (5415472.027.000) 07/13 13:17:22 Image size of job updated: 1614040
	1025  -  MemoryUsage of job (MB)
	1048928  -  ResidentSetSize of job (KB)
...
006 (5415472.027.000) 07/13 13:32:23 Image size of job updated: 1614040
	1025  -  MemoryUsage of job (MB)
	1048940  -  ResidentSetSize of job (KB)
...
006 (5415472.027.000) 07/13 13:57:26 Image size of job updated: 1614040
	1025  -  MemoryUsage of job (MB)
	1048952  -  ResidentSetSize of job (KB)
...
006 (5415472.027.000) 07/13 14:02:26 Image size of job updated: 1614948
	1026  -  MemoryUsage of job (MB)
	1049860  -  ResidentSetSize of job (KB)
...
006 (5415472.027.000) 07/13 14:22:27 Image size of job updated: 1614948
	1026  -  MemoryUsage of job (MB)
	1049872  -  ResidentSetSize of job (KB)
...
006 (5415472.027.000) 07/13 14:42:29 Image size of job updated: 1615852
	1027  -  MemoryUsage of job (MB)
	1050788  -  ResidentSetSize of job (KB)
...
006 (5415472.027.000) 07/13 14:57:29 Image size of job updated: 1615852
	1027  -  MemoryUsage of job (MB)
	1050800  -  ResidentSetSize of job (KB)
...
006 (5415472.027.000) 07/13 15:17:30 Image size of job updated: 1616760
	1028  -  MemoryUsage of job (MB)
	1051708  -  ResidentSetSize of job (KB)
...
006 (5415472.027.000) 07/13 16:02:35 Image size of job updated: 1617664
	1028  -  MemoryUsage of job (MB)
	1051708  -  ResidentSetSize of job (KB)
...
006 (5415472.027.000) 07/13 16:47:40 Image size of job updated: 1618568
	1028  -  MemoryUsage of job (MB)
	1051708  -  ResidentSetSize of job (KB)
...
006 (5415472.027.000) 07/13 17:27:43 Image size of job updated: 1619476
	1028  -  MemoryUsage of job (MB)
	1051708  -  ResidentSetSize of job (KB)
...
006 (5415472.027.000) 07/13 18:07:51 Image size of job updated: 1620380
	1028  -  MemoryUsage of job (MB)
	1051708  -  ResidentSetSize of job (KB)
...
006 (5415472.027.000) 07/13 18:52:53 Image size of job updated: 1621288
	1028  -  MemoryUsage of job (MB)
	1051708  -  ResidentSetSize of job (KB)
...
006 (5415472.027.000) 07/13 19:37:58 Image size of job updated: 1622192
	1028  -  MemoryUsage of job (MB)
	1051708  -  ResidentSetSize of job (KB)
...
006 (5415472.027.000) 07/13 20:18:02 Image size of job updated: 1623096
	1028  -  MemoryUsage of job (MB)
	1051708  -  ResidentSetSize of job (KB)
...
006 (5415472.027.000) 07/13 21:03:08 Image size of job updated: 1624004
	1028  -  MemoryUsage of job (MB)
	1051708  -  ResidentSetSize of job (KB)
...
006 (5415472.027.000) 07/13 21:48:12 Image size of job updated: 1624908
	1028  -  MemoryUsage of job (MB)
	1051708  -  ResidentSetSize of job (KB)
...
006 (5415472.027.000) 07/13 22:28:15 Image size of job updated: 1625816
	1028  -  MemoryUsage of job (MB)
	1051708  -  ResidentSetSize of job (KB)
...
006 (5415472.027.000) 07/13 23:13:20 Image size of job updated: 1626720
	1028  -  MemoryUsage of job (MB)
	1051708  -  ResidentSetSize of job (KB)
...
006 (5415472.027.000) 07/13 23:53:23 Image size of job updated: 1627624
	1028  -  MemoryUsage of job (MB)
	1051708  -  ResidentSetSize of job (KB)
...
006 (5415472.027.000) 07/14 00:33:27 Image size of job updated: 1628532
	1028  -  MemoryUsage of job (MB)
	1051708  -  ResidentSetSize of job (KB)
...
006 (5415472.027.000) 07/14 01:13:31 Image size of job updated: 1629436
	1028  -  MemoryUsage of job (MB)
	1051708  -  ResidentSetSize of job (KB)
...
006 (5415472.027.000) 07/14 01:58:37 Image size of job updated: 1633964
	1028  -  MemoryUsage of job (MB)
	1051708  -  ResidentSetSize of job (KB)
...
007 (5415472.027.000) 07/14 21:07:30 Shadow exception!
	Assertion ERROR on (result)
	0  -  Run Bytes Sent By Job
	803  -  Run Bytes Received By Job
...
040 (5415472.027.000) 07/14 21:21:15 Started transferring input files
	Transferring to host: <128.142.193.200:9618?addrs=128.142.193.200-9618+[2001-1458-301-cc--100-382]-9618&alias=b7g52n0095.cern.ch&noUDP&sock=slot1_8_7255_8dc0_119163>
...
040 (5415472.027.000) 07/14 21:21:15 Finished transferring input files
...
001 (5415472.027.000) 07/14 21:21:16 Job executing on host: <128.142.193.200:9618?addrs=128.142.193.200-9618+[2001-1458-301-cc--100-382]-9618&alias=b7g52n0095.cern.ch&noUDP&sock=startd_2915_06a9>
...
040 (5415472.027.000) 07/19 15:20:52 Started transferring output files
...
040 (5415472.027.000) 07/19 15:20:52 Finished transferring output files
...
004 (5415472.027.000) 07/19 15:20:52 Job was evicted.
	(0) CPU times
		Usr 13 08:01:54, Sys 0 00:04:49  -  Run Remote Usage
		Usr 0 00:00:00, Sys 0 00:00:00  -  Run Local Usage
	96430  -  Run Bytes Sent By Job
	803  -  Run Bytes Received By Job
	Partitionable Resources :    Usage  Request Allocated 
	   Cpus                 :     2.89        4         4 
	   Disk (KB)            :   122    10485760  10753270 
	   Memory (MB)          :  1221        8000      8000 
...
