000 (5415472.320.000) 07/11 14:02:29 Job submitted from host: <137.138.156.150:9618?addrs=137.138.156.150-9618+[2001-1458-d00-14--9a]-9618&alias=bigbird13.cern.ch&noUDP&sock=schedd_1788_ff6c>
...
040 (5415472.320.000) 07/11 15:03:20 Started transferring input files
	Transferring to host: <128.142.56.158:9618?addrs=128.142.56.158-9618+[2001-1458-301-6--100-9d]-9618&alias=b7s01p2846.cern.ch&noUDP&sock=slot1_1_48935_e25f_6295>
...
040 (5415472.320.000) 07/11 15:03:20 Finished transferring input files
...
001 (5415472.320.000) 07/11 15:03:21 Job executing on host: <128.142.56.158:9618?addrs=128.142.56.158-9618+[2001-1458-301-6--100-9d]-9618&alias=b7s01p2846.cern.ch&noUDP&sock=startd_45847_ce9d>
...
006 (5415472.320.000) 07/11 15:03:30 Image size of job updated: 127068
	65  -  MemoryUsage of job (MB)
	66080  -  ResidentSetSize of job (KB)
...
006 (5415472.320.000) 07/11 15:08:31 Image size of job updated: 1591008
	1004  -  MemoryUsage of job (MB)
	1027440  -  ResidentSetSize of job (KB)
...
006 (5415472.320.000) 07/13 00:31:58 Image size of job updated: 1591992
	1005  -  MemoryUsage of job (MB)
	1028348  -  ResidentSetSize of job (KB)
...
006 (5415472.320.000) 07/13 01:12:04 Image size of job updated: 1592896
	1006  -  MemoryUsage of job (MB)
	1029252  -  ResidentSetSize of job (KB)
...
006 (5415472.320.000) 07/13 01:57:10 Image size of job updated: 1593804
	1007  -  MemoryUsage of job (MB)
	1030160  -  ResidentSetSize of job (KB)
...
006 (5415472.320.000) 07/13 02:37:12 Image size of job updated: 1594708
	1007  -  MemoryUsage of job (MB)
	1031064  -  ResidentSetSize of job (KB)
...
006 (5415472.320.000) 07/13 03:17:15 Image size of job updated: 1595612
	1008  -  MemoryUsage of job (MB)
	1031968  -  ResidentSetSize of job (KB)
...
006 (5415472.320.000) 07/13 03:57:18 Image size of job updated: 1596520
	1009  -  MemoryUsage of job (MB)
	1032876  -  ResidentSetSize of job (KB)
...
006 (5415472.320.000) 07/13 04:42:24 Image size of job updated: 1597424
	1010  -  MemoryUsage of job (MB)
	1033780  -  ResidentSetSize of job (KB)
...
006 (5415472.320.000) 07/13 05:22:27 Image size of job updated: 1598332
	1011  -  MemoryUsage of job (MB)
	1034688  -  ResidentSetSize of job (KB)
...
006 (5415472.320.000) 07/13 06:02:34 Image size of job updated: 1599236
	1012  -  MemoryUsage of job (MB)
	1035592  -  ResidentSetSize of job (KB)
...
006 (5415472.320.000) 07/13 06:42:36 Image size of job updated: 1600140
	1013  -  MemoryUsage of job (MB)
	1036496  -  ResidentSetSize of job (KB)
...
006 (5415472.320.000) 07/13 07:27:37 Image size of job updated: 1601048
	1014  -  MemoryUsage of job (MB)
	1037404  -  ResidentSetSize of job (KB)
...
006 (5415472.320.000) 07/13 08:07:44 Image size of job updated: 1601952
	1014  -  MemoryUsage of job (MB)
	1038308  -  ResidentSetSize of job (KB)
...
006 (5415472.320.000) 07/13 08:52:48 Image size of job updated: 1602860
	1015  -  MemoryUsage of job (MB)
	1039216  -  ResidentSetSize of job (KB)
...
006 (5415472.320.000) 07/13 09:32:52 Image size of job updated: 1603764
	1016  -  MemoryUsage of job (MB)
	1040120  -  ResidentSetSize of job (KB)
...
006 (5415472.320.000) 07/13 10:17:57 Image size of job updated: 1604668
	1017  -  MemoryUsage of job (MB)
	1041024  -  ResidentSetSize of job (KB)
...
006 (5415472.320.000) 07/13 11:03:31 Image size of job updated: 1605576
	1018  -  MemoryUsage of job (MB)
	1041932  -  ResidentSetSize of job (KB)
...
006 (5415472.320.000) 07/13 11:43:13 Image size of job updated: 1606480
	1019  -  MemoryUsage of job (MB)
	1042836  -  ResidentSetSize of job (KB)
...
006 (5415472.320.000) 07/13 12:27:11 Image size of job updated: 1607388
	1020  -  MemoryUsage of job (MB)
	1043744  -  ResidentSetSize of job (KB)
...
006 (5415472.320.000) 07/13 13:07:15 Image size of job updated: 1608292
	1021  -  MemoryUsage of job (MB)
	1044648  -  ResidentSetSize of job (KB)
...
006 (5415472.320.000) 07/13 13:42:21 Image size of job updated: 1608292
	1021  -  MemoryUsage of job (MB)
	1044652  -  ResidentSetSize of job (KB)
...
006 (5415472.320.000) 07/13 13:52:23 Image size of job updated: 1609200
	1022  -  MemoryUsage of job (MB)
	1045556  -  ResidentSetSize of job (KB)
...
006 (5415472.320.000) 07/13 14:32:29 Image size of job updated: 1610104
	1022  -  MemoryUsage of job (MB)
	1046460  -  ResidentSetSize of job (KB)
...
006 (5415472.320.000) 07/13 14:47:31 Image size of job updated: 1613176
	1024  -  MemoryUsage of job (MB)
	1048008  -  ResidentSetSize of job (KB)
...
006 (5415472.320.000) 07/13 15:02:32 Image size of job updated: 1613176
	1024  -  MemoryUsage of job (MB)
	1048020  -  ResidentSetSize of job (KB)
...
006 (5415472.320.000) 07/13 15:22:34 Image size of job updated: 1613176
	1024  -  MemoryUsage of job (MB)
	1048032  -  ResidentSetSize of job (KB)
...
006 (5415472.320.000) 07/13 15:42:37 Image size of job updated: 1613176
	1024  -  MemoryUsage of job (MB)
	1048044  -  ResidentSetSize of job (KB)
...
006 (5415472.320.000) 07/13 15:52:38 Image size of job updated: 1614080
	1025  -  MemoryUsage of job (MB)
	1048948  -  ResidentSetSize of job (KB)
...
006 (5415472.320.000) 07/13 16:07:39 Image size of job updated: 1614080
	1025  -  MemoryUsage of job (MB)
	1048960  -  ResidentSetSize of job (KB)
...
006 (5415472.320.000) 07/13 16:27:41 Image size of job updated: 1614080
	1025  -  MemoryUsage of job (MB)
	1048972  -  ResidentSetSize of job (KB)
...
006 (5415472.320.000) 07/13 16:32:41 Image size of job updated: 1614988
	1026  -  MemoryUsage of job (MB)
	1049880  -  ResidentSetSize of job (KB)
...
006 (5415472.320.000) 07/13 16:47:41 Image size of job updated: 1614988
	1026  -  MemoryUsage of job (MB)
	1049884  -  ResidentSetSize of job (KB)
...
006 (5415472.320.000) 07/13 16:52:42 Image size of job updated: 1614988
	1026  -  MemoryUsage of job (MB)
	1049892  -  ResidentSetSize of job (KB)
...
006 (5415472.320.000) 07/13 17:12:45 Image size of job updated: 1614988
	1026  -  MemoryUsage of job (MB)
	1049904  -  ResidentSetSize of job (KB)
...
006 (5415472.320.000) 07/13 17:17:45 Image size of job updated: 1615892
	1027  -  MemoryUsage of job (MB)
	1050808  -  ResidentSetSize of job (KB)
...
006 (5415472.320.000) 07/13 17:37:50 Image size of job updated: 1615892
	1027  -  MemoryUsage of job (MB)
	1050812  -  ResidentSetSize of job (KB)
...
006 (5415472.320.000) 07/13 17:42:51 Image size of job updated: 1615892
	1027  -  MemoryUsage of job (MB)
	1050820  -  ResidentSetSize of job (KB)
...
006 (5415472.320.000) 07/13 18:02:52 Image size of job updated: 1616800
	1028  -  MemoryUsage of job (MB)
	1051732  -  ResidentSetSize of job (KB)
...
006 (5415472.320.000) 07/13 18:07:52 Image size of job updated: 1616800
	1028  -  MemoryUsage of job (MB)
	1051740  -  ResidentSetSize of job (KB)
...
006 (5415472.320.000) 07/13 18:27:54 Image size of job updated: 1616800
	1028  -  MemoryUsage of job (MB)
	1051752  -  ResidentSetSize of job (KB)
...
006 (5415472.320.000) 07/13 18:47:56 Image size of job updated: 1617704
	1028  -  MemoryUsage of job (MB)
	1052656  -  ResidentSetSize of job (KB)
...
006 (5415472.320.000) 07/13 18:52:57 Image size of job updated: 1617704
	1028  -  MemoryUsage of job (MB)
	1052668  -  ResidentSetSize of job (KB)
...
006 (5415472.320.000) 07/13 19:18:00 Image size of job updated: 1617704
	1029  -  MemoryUsage of job (MB)
	1052680  -  ResidentSetSize of job (KB)
...
006 (5415472.320.000) 07/13 19:33:01 Image size of job updated: 1618608
	1029  -  MemoryUsage of job (MB)
	1053584  -  ResidentSetSize of job (KB)
...
006 (5415472.320.000) 07/13 19:38:02 Image size of job updated: 1618608
	1029  -  MemoryUsage of job (MB)
	1053596  -  ResidentSetSize of job (KB)
...
006 (5415472.320.000) 07/13 20:03:05 Image size of job updated: 1618608
	1029  -  MemoryUsage of job (MB)
	1053608  -  ResidentSetSize of job (KB)
...
006 (5415472.320.000) 07/13 20:18:05 Image size of job updated: 1619516
	1030  -  MemoryUsage of job (MB)
	1054516  -  ResidentSetSize of job (KB)
...
006 (5415472.320.000) 07/13 20:28:07 Image size of job updated: 1619516
	1030  -  MemoryUsage of job (MB)
	1054528  -  ResidentSetSize of job (KB)
...
006 (5415472.320.000) 07/13 20:48:08 Image size of job updated: 1619516
	1030  -  MemoryUsage of job (MB)
	1054540  -  ResidentSetSize of job (KB)
...
006 (5415472.320.000) 07/13 20:58:08 Image size of job updated: 1620420
	1031  -  MemoryUsage of job (MB)
	1055444  -  ResidentSetSize of job (KB)
...
006 (5415472.320.000) 07/13 21:13:09 Image size of job updated: 1620420
	1031  -  MemoryUsage of job (MB)
	1055456  -  ResidentSetSize of job (KB)
...
006 (5415472.320.000) 07/13 21:33:11 Image size of job updated: 1620420
	1031  -  MemoryUsage of job (MB)
	1055468  -  ResidentSetSize of job (KB)
...
006 (5415472.320.000) 07/13 21:43:12 Image size of job updated: 1621328
	1032  -  MemoryUsage of job (MB)
	1056376  -  ResidentSetSize of job (KB)
...
006 (5415472.320.000) 07/13 21:58:13 Image size of job updated: 1621328
	1032  -  MemoryUsage of job (MB)
	1056388  -  ResidentSetSize of job (KB)
...
006 (5415472.320.000) 07/13 22:18:13 Image size of job updated: 1621328
	1032  -  MemoryUsage of job (MB)
	1056400  -  ResidentSetSize of job (KB)
...
006 (5415472.320.000) 07/13 22:23:13 Image size of job updated: 1621328
	1033  -  MemoryUsage of job (MB)
	1057304  -  ResidentSetSize of job (KB)
...
006 (5415472.320.000) 07/13 22:28:13 Image size of job updated: 1622232
	1033  -  MemoryUsage of job (MB)
	1057304  -  ResidentSetSize of job (KB)
...
006 (5415472.320.000) 07/13 22:43:15 Image size of job updated: 1622232
	1033  -  MemoryUsage of job (MB)
	1057316  -  ResidentSetSize of job (KB)
...
006 (5415472.320.000) 07/13 23:08:17 Image size of job updated: 1623136
	1034  -  MemoryUsage of job (MB)
	1058232  -  ResidentSetSize of job (KB)
...
006 (5415472.320.000) 07/13 23:28:19 Image size of job updated: 1623136
	1034  -  MemoryUsage of job (MB)
	1058244  -  ResidentSetSize of job (KB)
...
006 (5415472.320.000) 07/13 23:48:20 Image size of job updated: 1624044
	1035  -  MemoryUsage of job (MB)
	1059164  -  ResidentSetSize of job (KB)
...
006 (5415472.320.000) 07/14 00:13:21 Image size of job updated: 1624044
	1035  -  MemoryUsage of job (MB)
	1059176  -  ResidentSetSize of job (KB)
...
006 (5415472.320.000) 07/14 00:28:23 Image size of job updated: 1624948
	1036  -  MemoryUsage of job (MB)
	1060080  -  ResidentSetSize of job (KB)
...
006 (5415472.320.000) 07/14 00:33:23 Image size of job updated: 1624948
	1036  -  MemoryUsage of job (MB)
	1060092  -  ResidentSetSize of job (KB)
...
006 (5415472.320.000) 07/14 00:53:25 Image size of job updated: 1624948
	1036  -  MemoryUsage of job (MB)
	1060104  -  ResidentSetSize of job (KB)
...
006 (5415472.320.000) 07/14 01:08:27 Image size of job updated: 1624948
	1037  -  MemoryUsage of job (MB)
	1061012  -  ResidentSetSize of job (KB)
...
006 (5415472.320.000) 07/14 01:13:27 Image size of job updated: 1625856
	1037  -  MemoryUsage of job (MB)
	1061012  -  ResidentSetSize of job (KB)
...
006 (5415472.320.000) 07/14 01:18:28 Image size of job updated: 1625856
	1037  -  MemoryUsage of job (MB)
	1061024  -  ResidentSetSize of job (KB)
...
006 (5415472.320.000) 07/14 01:38:29 Image size of job updated: 1625856
	1037  -  MemoryUsage of job (MB)
	1061036  -  ResidentSetSize of job (KB)
...
006 (5415472.320.000) 07/14 01:53:30 Image size of job updated: 1626760
	1038  -  MemoryUsage of job (MB)
	1061940  -  ResidentSetSize of job (KB)
...
006 (5415472.320.000) 07/14 01:58:31 Image size of job updated: 1626760
	1038  -  MemoryUsage of job (MB)
	1061952  -  ResidentSetSize of job (KB)
...
006 (5415472.320.000) 07/14 02:18:32 Image size of job updated: 1626760
	1038  -  MemoryUsage of job (MB)
	1061964  -  ResidentSetSize of job (KB)
...
006 (5415472.320.000) 07/14 02:28:33 Image size of job updated: 1627668
	1038  -  MemoryUsage of job (MB)
	1062872  -  ResidentSetSize of job (KB)
...
006 (5415472.320.000) 07/14 02:38:34 Image size of job updated: 1627668
	1038  -  MemoryUsage of job (MB)
	1062884  -  ResidentSetSize of job (KB)
...
006 (5415472.320.000) 07/14 03:03:37 Image size of job updated: 1627668
	1038  -  MemoryUsage of job (MB)
	1062896  -  ResidentSetSize of job (KB)
...
006 (5415472.320.000) 07/14 03:13:38 Image size of job updated: 1632196
	1043  -  MemoryUsage of job (MB)
	1067424  -  ResidentSetSize of job (KB)
...
006 (5415472.320.000) 07/14 03:23:39 Image size of job updated: 1632196
	1043  -  MemoryUsage of job (MB)
	1067436  -  ResidentSetSize of job (KB)
...
006 (5415472.320.000) 07/14 03:48:41 Image size of job updated: 1632196
	1043  -  MemoryUsage of job (MB)
	1067448  -  ResidentSetSize of job (KB)
...
006 (5415472.320.000) 07/14 04:08:42 Image size of job updated: 1632196
	1043  -  MemoryUsage of job (MB)
	1067460  -  ResidentSetSize of job (KB)
...
006 (5415472.320.000) 07/14 04:33:45 Image size of job updated: 1632196
	1043  -  MemoryUsage of job (MB)
	1067472  -  ResidentSetSize of job (KB)
...
006 (5415472.320.000) 07/14 04:53:47 Image size of job updated: 1632196
	1043  -  MemoryUsage of job (MB)
	1067484  -  ResidentSetSize of job (KB)
...
006 (5415472.320.000) 07/14 05:18:48 Image size of job updated: 1632196
	1043  -  MemoryUsage of job (MB)
	1067496  -  ResidentSetSize of job (KB)
...
006 (5415472.320.000) 07/14 05:38:51 Image size of job updated: 1632196
	1043  -  MemoryUsage of job (MB)
	1067508  -  ResidentSetSize of job (KB)
...
006 (5415472.320.000) 07/14 05:58:55 Image size of job updated: 1632196
	1043  -  MemoryUsage of job (MB)
	1067520  -  ResidentSetSize of job (KB)
...
006 (5415472.320.000) 07/14 06:23:57 Image size of job updated: 1632196
	1043  -  MemoryUsage of job (MB)
	1067532  -  ResidentSetSize of job (KB)
...
006 (5415472.320.000) 07/14 06:43:59 Image size of job updated: 1632196
	1043  -  MemoryUsage of job (MB)
	1067544  -  ResidentSetSize of job (KB)
...
006 (5415472.320.000) 07/14 07:04:01 Image size of job updated: 1632196
	1043  -  MemoryUsage of job (MB)
	1067556  -  ResidentSetSize of job (KB)
...
006 (5415472.320.000) 07/14 07:29:03 Image size of job updated: 1632196
	1043  -  MemoryUsage of job (MB)
	1067568  -  ResidentSetSize of job (KB)
...
006 (5415472.320.000) 07/14 07:49:03 Image size of job updated: 1632196
	1043  -  MemoryUsage of job (MB)
	1067580  -  ResidentSetSize of job (KB)
...
006 (5415472.320.000) 07/14 08:09:06 Image size of job updated: 1632196
	1043  -  MemoryUsage of job (MB)
	1067592  -  ResidentSetSize of job (KB)
...
006 (5415472.320.000) 07/14 08:29:08 Image size of job updated: 1632196
	1043  -  MemoryUsage of job (MB)
	1067604  -  ResidentSetSize of job (KB)
...
006 (5415472.320.000) 07/14 08:49:11 Image size of job updated: 1632196
	1043  -  MemoryUsage of job (MB)
	1067616  -  ResidentSetSize of job (KB)
...
006 (5415472.320.000) 07/14 09:09:15 Image size of job updated: 1632196
	1043  -  MemoryUsage of job (MB)
	1067628  -  ResidentSetSize of job (KB)
...
006 (5415472.320.000) 07/14 09:29:18 Image size of job updated: 1632196
	1043  -  MemoryUsage of job (MB)
	1067640  -  ResidentSetSize of job (KB)
...
006 (5415472.320.000) 07/14 09:49:22 Image size of job updated: 1632196
	1043  -  MemoryUsage of job (MB)
	1067652  -  ResidentSetSize of job (KB)
...
006 (5415472.320.000) 07/14 10:09:24 Image size of job updated: 1632196
	1043  -  MemoryUsage of job (MB)
	1067664  -  ResidentSetSize of job (KB)
...
006 (5415472.320.000) 07/14 10:24:24 Image size of job updated: 1632196
	1043  -  MemoryUsage of job (MB)
	1067676  -  ResidentSetSize of job (KB)
...
006 (5415472.320.000) 07/14 10:44:27 Image size of job updated: 1632196
	1043  -  MemoryUsage of job (MB)
	1067688  -  ResidentSetSize of job (KB)
...
006 (5415472.320.000) 07/14 10:59:29 Image size of job updated: 1632196
	1043  -  MemoryUsage of job (MB)
	1067700  -  ResidentSetSize of job (KB)
...
006 (5415472.320.000) 07/14 11:19:31 Image size of job updated: 1632196
	1043  -  MemoryUsage of job (MB)
	1067712  -  ResidentSetSize of job (KB)
...
006 (5415472.320.000) 07/14 11:39:33 Image size of job updated: 1632196
	1043  -  MemoryUsage of job (MB)
	1067724  -  ResidentSetSize of job (KB)
...
006 (5415472.320.000) 07/14 11:54:34 Image size of job updated: 1632196
	1043  -  MemoryUsage of job (MB)
	1067736  -  ResidentSetSize of job (KB)
...
006 (5415472.320.000) 07/14 12:09:36 Image size of job updated: 1632196
	1043  -  MemoryUsage of job (MB)
	1067748  -  ResidentSetSize of job (KB)
...
006 (5415472.320.000) 07/14 12:29:37 Image size of job updated: 1632196
	1043  -  MemoryUsage of job (MB)
	1067760  -  ResidentSetSize of job (KB)
...
006 (5415472.320.000) 07/14 12:44:38 Image size of job updated: 1632196
	1043  -  MemoryUsage of job (MB)
	1067772  -  ResidentSetSize of job (KB)
...
006 (5415472.320.000) 07/14 12:59:41 Image size of job updated: 1632196
	1043  -  MemoryUsage of job (MB)
	1067784  -  ResidentSetSize of job (KB)
...
006 (5415472.320.000) 07/14 13:19:44 Image size of job updated: 1632196
	1043  -  MemoryUsage of job (MB)
	1067796  -  ResidentSetSize of job (KB)
...
006 (5415472.320.000) 07/14 13:44:47 Image size of job updated: 1632196
	1043  -  MemoryUsage of job (MB)
	1067808  -  ResidentSetSize of job (KB)
...
006 (5415472.320.000) 07/14 14:04:49 Image size of job updated: 1632196
	1043  -  MemoryUsage of job (MB)
	1067820  -  ResidentSetSize of job (KB)
...
006 (5415472.320.000) 07/14 14:29:53 Image size of job updated: 1632196
	1043  -  MemoryUsage of job (MB)
	1067832  -  ResidentSetSize of job (KB)
...
006 (5415472.320.000) 07/14 14:49:55 Image size of job updated: 1632196
	1043  -  MemoryUsage of job (MB)
	1067844  -  ResidentSetSize of job (KB)
...
006 (5415472.320.000) 07/14 15:14:57 Image size of job updated: 1632196
	1043  -  MemoryUsage of job (MB)
	1067856  -  ResidentSetSize of job (KB)
...
006 (5415472.320.000) 07/14 15:39:58 Image size of job updated: 1632196
	1043  -  MemoryUsage of job (MB)
	1067868  -  ResidentSetSize of job (KB)
...
006 (5415472.320.000) 07/14 16:00:00 Image size of job updated: 1632196
	1043  -  MemoryUsage of job (MB)
	1067880  -  ResidentSetSize of job (KB)
...
006 (5415472.320.000) 07/14 16:25:03 Image size of job updated: 1632196
	1043  -  MemoryUsage of job (MB)
	1067892  -  ResidentSetSize of job (KB)
...
006 (5415472.320.000) 07/14 16:50:05 Image size of job updated: 1632196
	1043  -  MemoryUsage of job (MB)
	1067904  -  ResidentSetSize of job (KB)
...
006 (5415472.320.000) 07/14 17:15:07 Image size of job updated: 1632196
	1043  -  MemoryUsage of job (MB)
	1067916  -  ResidentSetSize of job (KB)
...
006 (5415472.320.000) 07/14 17:40:09 Image size of job updated: 1632196
	1043  -  MemoryUsage of job (MB)
	1067928  -  ResidentSetSize of job (KB)
...
006 (5415472.320.000) 07/14 18:05:11 Image size of job updated: 1632196
	1043  -  MemoryUsage of job (MB)
	1067940  -  ResidentSetSize of job (KB)
...
006 (5415472.320.000) 07/14 18:25:12 Image size of job updated: 1632196
	1043  -  MemoryUsage of job (MB)
	1067952  -  ResidentSetSize of job (KB)
...
006 (5415472.320.000) 07/14 18:50:15 Image size of job updated: 1632196
	1043  -  MemoryUsage of job (MB)
	1067964  -  ResidentSetSize of job (KB)
...
006 (5415472.320.000) 07/14 19:15:18 Image size of job updated: 1632196
	1043  -  MemoryUsage of job (MB)
	1067976  -  ResidentSetSize of job (KB)
...
006 (5415472.320.000) 07/14 19:40:19 Image size of job updated: 1632196
	1043  -  MemoryUsage of job (MB)
	1067988  -  ResidentSetSize of job (KB)
...
006 (5415472.320.000) 07/14 20:00:22 Image size of job updated: 1632196
	1043  -  MemoryUsage of job (MB)
	1068000  -  ResidentSetSize of job (KB)
...
006 (5415472.320.000) 07/14 20:25:26 Image size of job updated: 1632196
	1043  -  MemoryUsage of job (MB)
	1068012  -  ResidentSetSize of job (KB)
...
006 (5415472.320.000) 07/14 20:50:58 Image size of job updated: 1632196
	1043  -  MemoryUsage of job (MB)
	1068024  -  ResidentSetSize of job (KB)
...
007 (5415472.320.000) 07/14 21:03:47 Shadow exception!
	Assertion ERROR on (result)
	0  -  Run Bytes Sent By Job
	803  -  Run Bytes Received By Job
...
040 (5415472.320.000) 07/14 21:26:39 Started transferring input files
	Transferring to host: <128.142.56.162:9618?addrs=128.142.56.162-9618+[2001-1458-301-6--100-a1]-9618&alias=b7s01p7738.cern.ch&noUDP&sock=slot1_19_47037_9252_8281>
...
040 (5415472.320.000) 07/14 21:27:22 Finished transferring input files
...
001 (5415472.320.000) 07/14 21:27:34 Job executing on host: <128.142.56.162:9618?addrs=128.142.56.162-9618+[2001-1458-301-6--100-a1]-9618&alias=b7s01p7738.cern.ch&noUDP&sock=startd_43953_ae3d>
...
006 (5415472.320.000) 07/20 17:44:37 Image size of job updated: 2364484
	1221  -  MemoryUsage of job (MB)
	1250000  -  ResidentSetSize of job (KB)
...
040 (5415472.320.000) 07/20 17:44:37 Started transferring output files
...
040 (5415472.320.000) 07/20 17:44:37 Finished transferring output files
...
005 (5415472.320.000) 07/20 17:44:37 Job terminated.
	(1) Normal termination (return value 0)
		Usr 18 00:41:48, Sys 0 00:31:08  -  Run Remote Usage
		Usr 0 00:00:00, Sys 0 00:00:00  -  Run Local Usage
		Usr 28 01:40:01, Sys 0 00:46:19  -  Total Remote Usage
		Usr 0 00:00:00, Sys 0 00:00:00  -  Total Local Usage
	105584  -  Run Bytes Sent By Job
	803  -  Run Bytes Received By Job
	105584  -  Total Bytes Sent By Job
	1606  -  Total Bytes Received By Job
	Partitionable Resources :    Usage  Request Allocated 
	   Cpus                 :     3.17        4         4 
	   Disk (KB)            :   131    10485760  11601886 
	   Memory (MB)          :  1221        8000      8000 

	Job terminated of its own accord at 2021-07-20T15:44:37Z.
...
