000 (5415472.140.000) 07/11 14:02:29 Job submitted from host: <137.138.156.150:9618?addrs=137.138.156.150-9618+[2001-1458-d00-14--9a]-9618&alias=bigbird13.cern.ch&noUDP&sock=schedd_1788_ff6c>
...
040 (5415472.140.000) 07/11 14:15:15 Started transferring input files
	Transferring to host: <128.142.84.130:9618?addrs=128.142.84.130-9618+[2001-1458-301-f6--100-58b]-9618&alias=b7s14n0712.cern.ch&noUDP&sock=slot1_1_2946_7931_55971>
...
040 (5415472.140.000) 07/11 14:15:15 Finished transferring input files
...
001 (5415472.140.000) 07/11 14:15:16 Job executing on host: <128.142.84.130:9618?addrs=128.142.84.130-9618+[2001-1458-301-f6--100-58b]-9618&alias=b7s14n0712.cern.ch&noUDP&sock=startd_2235_9a42>
...
006 (5415472.140.000) 07/11 14:15:25 Image size of job updated: 506708
	34  -  MemoryUsage of job (MB)
	34648  -  ResidentSetSize of job (KB)
...
006 (5415472.140.000) 07/11 14:20:26 Image size of job updated: 1590972
	1004  -  MemoryUsage of job (MB)
	1027420  -  ResidentSetSize of job (KB)
...
006 (5415472.140.000) 07/13 19:48:37 Image size of job updated: 1591956
	1005  -  MemoryUsage of job (MB)
	1028268  -  ResidentSetSize of job (KB)
...
006 (5415472.140.000) 07/13 20:48:44 Image size of job updated: 1592860
	1006  -  MemoryUsage of job (MB)
	1029172  -  ResidentSetSize of job (KB)
...
006 (5415472.140.000) 07/13 21:48:49 Image size of job updated: 1593768
	1006  -  MemoryUsage of job (MB)
	1030080  -  ResidentSetSize of job (KB)
...
006 (5415472.140.000) 07/13 22:48:54 Image size of job updated: 1594672
	1007  -  MemoryUsage of job (MB)
	1030984  -  ResidentSetSize of job (KB)
...
006 (5415472.140.000) 07/13 23:49:01 Image size of job updated: 1595576
	1008  -  MemoryUsage of job (MB)
	1031888  -  ResidentSetSize of job (KB)
...
006 (5415472.140.000) 07/14 00:49:06 Image size of job updated: 1596484
	1009  -  MemoryUsage of job (MB)
	1032796  -  ResidentSetSize of job (KB)
...
006 (5415472.140.000) 07/14 01:44:12 Image size of job updated: 1597388
	1010  -  MemoryUsage of job (MB)
	1033700  -  ResidentSetSize of job (KB)
...
006 (5415472.140.000) 07/14 02:54:22 Image size of job updated: 1598296
	1011  -  MemoryUsage of job (MB)
	1034608  -  ResidentSetSize of job (KB)
...
006 (5415472.140.000) 07/14 04:09:30 Image size of job updated: 1599200
	1012  -  MemoryUsage of job (MB)
	1035512  -  ResidentSetSize of job (KB)
...
006 (5415472.140.000) 07/14 05:19:39 Image size of job updated: 1600108
	1013  -  MemoryUsage of job (MB)
	1036420  -  ResidentSetSize of job (KB)
...
006 (5415472.140.000) 07/14 06:29:49 Image size of job updated: 1601012
	1014  -  MemoryUsage of job (MB)
	1037324  -  ResidentSetSize of job (KB)
...
006 (5415472.140.000) 07/14 07:34:58 Image size of job updated: 1601916
	1014  -  MemoryUsage of job (MB)
	1038228  -  ResidentSetSize of job (KB)
...
006 (5415472.140.000) 07/14 08:35:04 Image size of job updated: 1602824
	1015  -  MemoryUsage of job (MB)
	1039136  -  ResidentSetSize of job (KB)
...
006 (5415472.140.000) 07/14 09:40:08 Image size of job updated: 1603728
	1016  -  MemoryUsage of job (MB)
	1040040  -  ResidentSetSize of job (KB)
...
006 (5415472.140.000) 07/14 10:45:13 Image size of job updated: 1603728
	1017  -  MemoryUsage of job (MB)
	1040948  -  ResidentSetSize of job (KB)
...
006 (5415472.140.000) 07/14 10:50:13 Image size of job updated: 1604636
	1017  -  MemoryUsage of job (MB)
	1040948  -  ResidentSetSize of job (KB)
...
006 (5415472.140.000) 07/14 11:55:18 Image size of job updated: 1605540
	1018  -  MemoryUsage of job (MB)
	1041852  -  ResidentSetSize of job (KB)
...
006 (5415472.140.000) 07/14 13:05:26 Image size of job updated: 1606444
	1019  -  MemoryUsage of job (MB)
	1042756  -  ResidentSetSize of job (KB)
...
006 (5415472.140.000) 07/14 14:10:34 Image size of job updated: 1607352
	1020  -  MemoryUsage of job (MB)
	1043664  -  ResidentSetSize of job (KB)
...
006 (5415472.140.000) 07/14 15:15:41 Image size of job updated: 1608256
	1021  -  MemoryUsage of job (MB)
	1044568  -  ResidentSetSize of job (KB)
...
006 (5415472.140.000) 07/14 16:00:48 Image size of job updated: 1609164
	1021  -  MemoryUsage of job (MB)
	1045476  -  ResidentSetSize of job (KB)
...
006 (5415472.140.000) 07/14 16:50:51 Image size of job updated: 1610068
	1022  -  MemoryUsage of job (MB)
	1046380  -  ResidentSetSize of job (KB)
...
006 (5415472.140.000) 07/14 17:10:53 Image size of job updated: 1613140
	1024  -  MemoryUsage of job (MB)
	1047928  -  ResidentSetSize of job (KB)
...
006 (5415472.140.000) 07/14 17:25:54 Image size of job updated: 1613140
	1024  -  MemoryUsage of job (MB)
	1047940  -  ResidentSetSize of job (KB)
...
006 (5415472.140.000) 07/14 18:01:02 Image size of job updated: 1613140
	1024  -  MemoryUsage of job (MB)
	1047952  -  ResidentSetSize of job (KB)
...
006 (5415472.140.000) 07/14 18:31:06 Image size of job updated: 1613140
	1024  -  MemoryUsage of job (MB)
	1047964  -  ResidentSetSize of job (KB)
...
006 (5415472.140.000) 07/14 18:46:06 Image size of job updated: 1614044
	1025  -  MemoryUsage of job (MB)
	1048868  -  ResidentSetSize of job (KB)
...
006 (5415472.140.000) 07/14 19:01:06 Image size of job updated: 1614044
	1025  -  MemoryUsage of job (MB)
	1048880  -  ResidentSetSize of job (KB)
...
006 (5415472.140.000) 07/14 19:36:09 Image size of job updated: 1614044
	1025  -  MemoryUsage of job (MB)
	1048892  -  ResidentSetSize of job (KB)
...
006 (5415472.140.000) 07/14 19:46:10 Image size of job updated: 1614952
	1026  -  MemoryUsage of job (MB)
	1049800  -  ResidentSetSize of job (KB)
...
006 (5415472.140.000) 07/14 20:06:14 Image size of job updated: 1614952
	1026  -  MemoryUsage of job (MB)
	1049812  -  ResidentSetSize of job (KB)
...
006 (5415472.140.000) 07/14 20:36:17 Image size of job updated: 1614952
	1026  -  MemoryUsage of job (MB)
	1049824  -  ResidentSetSize of job (KB)
...
006 (5415472.140.000) 07/14 20:46:19 Image size of job updated: 1615856
	1027  -  MemoryUsage of job (MB)
	1050728  -  ResidentSetSize of job (KB)
...
007 (5415472.140.000) 07/14 20:57:42 Shadow exception!
	Assertion ERROR on (result)
	0  -  Run Bytes Sent By Job
	803  -  Run Bytes Received By Job
...
040 (5415472.140.000) 07/14 21:25:11 Started transferring input files
	Transferring to host: <188.184.168.97:9618?addrs=188.184.168.97-9618+[2001-1458-301-c0--100-28d]-9618&alias=b7g52n5765.cern.ch&noUDP&sock=slot1_6_6579_4025_66882>
...
040 (5415472.140.000) 07/14 21:25:11 Finished transferring input files
...
001 (5415472.140.000) 07/14 21:25:13 Job executing on host: <188.184.168.97:9618?addrs=188.184.168.97-9618+[2001-1458-301-c0--100-28d]-9618&alias=b7g52n5765.cern.ch&noUDP&sock=startd_5198_f960>
...
040 (5415472.140.000) 07/19 15:54:51 Started transferring output files
...
040 (5415472.140.000) 07/19 15:54:51 Finished transferring output files
...
004 (5415472.140.000) 07/19 15:54:52 Job was evicted.
	(0) CPU times
		Usr 13 14:03:22, Sys 0 00:04:59  -  Run Remote Usage
		Usr 0 00:00:00, Sys 0 00:00:00  -  Run Local Usage
	96416  -  Run Bytes Sent By Job
	803  -  Run Bytes Received By Job
	Partitionable Resources :    Usage  Request Allocated 
	   Cpus                 :     2.92        4         4 
	   Disk (KB)            :   123    10485760  10687571 
	   Memory (MB)          :  1221        8000      8000 
...
