000 (5415472.367.000) 07/11 14:02:29 Job submitted from host: <137.138.156.150:9618?addrs=137.138.156.150-9618+[2001-1458-d00-14--9a]-9618&alias=bigbird13.cern.ch&noUDP&sock=schedd_1788_ff6c>
...
040 (5415472.367.000) 07/11 16:03:46 Started transferring input files
	Transferring to host: <188.184.197.206:9618?addrs=188.184.197.206-9618+[2001-1458-301-103--100-371]-9618&alias=b7g23n7588.cern.ch&noUDP&sock=slot1_3_4876_553f_57939>
...
040 (5415472.367.000) 07/11 16:03:46 Finished transferring input files
...
001 (5415472.367.000) 07/11 16:03:47 Job executing on host: <188.184.197.206:9618?addrs=188.184.197.206-9618+[2001-1458-301-103--100-371]-9618&alias=b7g23n7588.cern.ch&noUDP&sock=startd_3837_70fa>
...
006 (5415472.367.000) 07/11 16:03:55 Image size of job updated: 105588
	44  -  MemoryUsage of job (MB)
	44580  -  ResidentSetSize of job (KB)
...
006 (5415472.367.000) 07/11 16:08:55 Image size of job updated: 1590924
	1004  -  MemoryUsage of job (MB)
	1027356  -  ResidentSetSize of job (KB)
...
006 (5415472.367.000) 07/14 02:43:39 Image size of job updated: 1591908
	1005  -  MemoryUsage of job (MB)
	1028264  -  ResidentSetSize of job (KB)
...
006 (5415472.367.000) 07/14 03:58:44 Image size of job updated: 1592812
	1006  -  MemoryUsage of job (MB)
	1029168  -  ResidentSetSize of job (KB)
...
006 (5415472.367.000) 07/14 05:18:54 Image size of job updated: 1593716
	1006  -  MemoryUsage of job (MB)
	1030072  -  ResidentSetSize of job (KB)
...
006 (5415472.367.000) 07/14 06:39:04 Image size of job updated: 1594624
	1007  -  MemoryUsage of job (MB)
	1030980  -  ResidentSetSize of job (KB)
...
006 (5415472.367.000) 07/14 07:54:10 Image size of job updated: 1595528
	1008  -  MemoryUsage of job (MB)
	1031884  -  ResidentSetSize of job (KB)
...
006 (5415472.367.000) 07/14 09:09:20 Image size of job updated: 1596436
	1009  -  MemoryUsage of job (MB)
	1032792  -  ResidentSetSize of job (KB)
...
006 (5415472.367.000) 07/14 10:19:28 Image size of job updated: 1597340
	1010  -  MemoryUsage of job (MB)
	1033696  -  ResidentSetSize of job (KB)
...
006 (5415472.367.000) 07/14 11:34:31 Image size of job updated: 1598244
	1011  -  MemoryUsage of job (MB)
	1034600  -  ResidentSetSize of job (KB)
...
006 (5415472.367.000) 07/14 12:54:40 Image size of job updated: 1599152
	1012  -  MemoryUsage of job (MB)
	1035508  -  ResidentSetSize of job (KB)
...
006 (5415472.367.000) 07/14 14:09:50 Image size of job updated: 1600056
	1013  -  MemoryUsage of job (MB)
	1036412  -  ResidentSetSize of job (KB)
...
006 (5415472.367.000) 07/14 15:30:00 Image size of job updated: 1600964
	1014  -  MemoryUsage of job (MB)
	1037320  -  ResidentSetSize of job (KB)
...
006 (5415472.367.000) 07/14 16:45:07 Image size of job updated: 1601868
	1014  -  MemoryUsage of job (MB)
	1038224  -  ResidentSetSize of job (KB)
...
006 (5415472.367.000) 07/14 18:00:13 Image size of job updated: 1602772
	1015  -  MemoryUsage of job (MB)
	1039128  -  ResidentSetSize of job (KB)
...
006 (5415472.367.000) 07/14 19:15:20 Image size of job updated: 1603680
	1016  -  MemoryUsage of job (MB)
	1040036  -  ResidentSetSize of job (KB)
...
006 (5415472.367.000) 07/14 20:26:08 Image size of job updated: 1604584
	1017  -  MemoryUsage of job (MB)
	1040940  -  ResidentSetSize of job (KB)
...
007 (5415472.367.000) 07/14 20:59:28 Shadow exception!
	Assertion ERROR on (result)
	0  -  Run Bytes Sent By Job
	803  -  Run Bytes Received By Job
...
040 (5415472.367.000) 07/15 01:51:06 Started transferring input files
	Transferring to host: <128.142.81.188:9618?addrs=128.142.81.188-9618+[2001-1458-301-f5--100-6fe]-9618&alias=b7s13n5758.cern.ch&noUDP&sock=slot1_4_6240_64f7_50276>
...
040 (5415472.367.000) 07/15 01:51:06 Finished transferring input files
...
001 (5415472.367.000) 07/15 01:51:07 Job executing on host: <128.142.81.188:9618?addrs=128.142.81.188-9618+[2001-1458-301-f5--100-6fe]-9618&alias=b7s13n5758.cern.ch&noUDP&sock=startd_5054_33bc>
...
040 (5415472.367.000) 07/21 10:01:47 Started transferring output files
...
040 (5415472.367.000) 07/21 10:01:47 Finished transferring output files
...
004 (5415472.367.000) 07/21 10:01:47 Job was evicted.
	(0) CPU times
		Usr 18 03:14:09, Sys 0 00:04:31  -  Run Remote Usage
		Usr 0 00:00:00, Sys 0 00:00:00  -  Run Local Usage
	96415  -  Run Bytes Sent By Job
	803  -  Run Bytes Received By Job
	Partitionable Resources :    Usage  Request Allocated 
	   Cpus                 :     2.94        4         4 
	   Disk (KB)            :   123    10485760  10776025 
	   Memory (MB)          :  1221        8000      8000 
...
