000 (5415472.377.000) 07/11 14:02:29 Job submitted from host: <137.138.156.150:9618?addrs=137.138.156.150-9618+[2001-1458-d00-14--9a]-9618&alias=bigbird13.cern.ch&noUDP&sock=schedd_1788_ff6c>
...
040 (5415472.377.000) 07/11 16:03:49 Started transferring input files
	Transferring to host: <128.142.87.204:9618?addrs=128.142.87.204-9618+[2001-1458-301-f6--100-20e]-9618&alias=b7s14n6880.cern.ch&noUDP&sock=slot1_2_6307_9a1a_64337>
...
040 (5415472.377.000) 07/11 16:03:49 Finished transferring input files
...
001 (5415472.377.000) 07/11 16:03:50 Job executing on host: <128.142.87.204:9618?addrs=128.142.87.204-9618+[2001-1458-301-f6--100-20e]-9618&alias=b7s14n6880.cern.ch&noUDP&sock=startd_5106_dea9>
...
006 (5415472.377.000) 07/11 16:03:58 Image size of job updated: 106080
	45  -  MemoryUsage of job (MB)
	45096  -  ResidentSetSize of job (KB)
...
006 (5415472.377.000) 07/11 16:08:58 Image size of job updated: 1591032
	1004  -  MemoryUsage of job (MB)
	1027484  -  ResidentSetSize of job (KB)
...
006 (5415472.377.000) 07/13 18:32:55 Image size of job updated: 1592012
	1005  -  MemoryUsage of job (MB)
	1028388  -  ResidentSetSize of job (KB)
...
006 (5415472.377.000) 07/13 19:27:59 Image size of job updated: 1592920
	1006  -  MemoryUsage of job (MB)
	1029296  -  ResidentSetSize of job (KB)
...
006 (5415472.377.000) 07/13 20:43:08 Image size of job updated: 1593824
	1007  -  MemoryUsage of job (MB)
	1030200  -  ResidentSetSize of job (KB)
...
006 (5415472.377.000) 07/13 21:48:14 Image size of job updated: 1594732
	1007  -  MemoryUsage of job (MB)
	1031108  -  ResidentSetSize of job (KB)
...
006 (5415472.377.000) 07/13 22:58:25 Image size of job updated: 1595636
	1008  -  MemoryUsage of job (MB)
	1032012  -  ResidentSetSize of job (KB)
...
006 (5415472.377.000) 07/14 00:03:31 Image size of job updated: 1596540
	1009  -  MemoryUsage of job (MB)
	1032916  -  ResidentSetSize of job (KB)
...
006 (5415472.377.000) 07/14 01:08:37 Image size of job updated: 1597448
	1010  -  MemoryUsage of job (MB)
	1033824  -  ResidentSetSize of job (KB)
...
006 (5415472.377.000) 07/14 01:58:43 Image size of job updated: 1598352
	1011  -  MemoryUsage of job (MB)
	1034728  -  ResidentSetSize of job (KB)
...
006 (5415472.377.000) 07/14 02:48:48 Image size of job updated: 1599260
	1012  -  MemoryUsage of job (MB)
	1035636  -  ResidentSetSize of job (KB)
...
006 (5415472.377.000) 07/14 03:48:51 Image size of job updated: 1600164
	1013  -  MemoryUsage of job (MB)
	1036540  -  ResidentSetSize of job (KB)
...
006 (5415472.377.000) 07/14 04:49:00 Image size of job updated: 1601072
	1014  -  MemoryUsage of job (MB)
	1037448  -  ResidentSetSize of job (KB)
...
006 (5415472.377.000) 07/14 05:49:08 Image size of job updated: 1601976
	1015  -  MemoryUsage of job (MB)
	1038352  -  ResidentSetSize of job (KB)
...
006 (5415472.377.000) 07/14 06:44:15 Image size of job updated: 1602880
	1015  -  MemoryUsage of job (MB)
	1039256  -  ResidentSetSize of job (KB)
...
006 (5415472.377.000) 07/14 07:39:20 Image size of job updated: 1603788
	1016  -  MemoryUsage of job (MB)
	1040036  -  ResidentSetSize of job (KB)
...
006 (5415472.377.000) 07/14 08:49:24 Image size of job updated: 1604692
	1017  -  MemoryUsage of job (MB)
	1040940  -  ResidentSetSize of job (KB)
...
006 (5415472.377.000) 07/14 09:39:30 Image size of job updated: 1605600
	1018  -  MemoryUsage of job (MB)
	1041848  -  ResidentSetSize of job (KB)
...
006 (5415472.377.000) 07/14 10:29:36 Image size of job updated: 1606504
	1019  -  MemoryUsage of job (MB)
	1042752  -  ResidentSetSize of job (KB)
...
006 (5415472.377.000) 07/14 11:14:43 Image size of job updated: 1607408
	1020  -  MemoryUsage of job (MB)
	1043656  -  ResidentSetSize of job (KB)
...
006 (5415472.377.000) 07/14 12:04:49 Image size of job updated: 1608316
	1021  -  MemoryUsage of job (MB)
	1044564  -  ResidentSetSize of job (KB)
...
006 (5415472.377.000) 07/14 13:14:54 Image size of job updated: 1609220
	1021  -  MemoryUsage of job (MB)
	1045468  -  ResidentSetSize of job (KB)
...
006 (5415472.377.000) 07/14 14:25:05 Image size of job updated: 1610128
	1021  -  MemoryUsage of job (MB)
	1045468  -  ResidentSetSize of job (KB)
...
006 (5415472.377.000) 07/14 15:00:08 Image size of job updated: 1613200
	1021  -  MemoryUsage of job (MB)
	1045468  -  ResidentSetSize of job (KB)
...
006 (5415472.377.000) 07/14 16:45:17 Image size of job updated: 1614104
	1021  -  MemoryUsage of job (MB)
	1045468  -  ResidentSetSize of job (KB)
...
006 (5415472.377.000) 07/14 17:55:28 Image size of job updated: 1615008
	1021  -  MemoryUsage of job (MB)
	1045468  -  ResidentSetSize of job (KB)
...
006 (5415472.377.000) 07/14 19:05:37 Image size of job updated: 1615916
	1021  -  MemoryUsage of job (MB)
	1045468  -  ResidentSetSize of job (KB)
...
006 (5415472.377.000) 07/14 20:10:44 Image size of job updated: 1616820
	1021  -  MemoryUsage of job (MB)
	1045468  -  ResidentSetSize of job (KB)
...
007 (5415472.377.000) 07/14 21:02:35 Shadow exception!
	Assertion ERROR on (result)
	0  -  Run Bytes Sent By Job
	803  -  Run Bytes Received By Job
...
