000 (5415472.281.000) 07/11 14:02:29 Job submitted from host: <137.138.156.150:9618?addrs=137.138.156.150-9618+[2001-1458-d00-14--9a]-9618&alias=bigbird13.cern.ch&noUDP&sock=schedd_1788_ff6c>
...
040 (5415472.281.000) 07/11 14:48:31 Started transferring input files
	Transferring to host: <188.184.169.236:9618?addrs=188.184.169.236-9618+[2001-1458-301-c0--100-44]-9618&alias=b7g52n1829.cern.ch&noUDP&sock=slot1_3_24110_6d0e_119246>
...
040 (5415472.281.000) 07/11 14:48:32 Finished transferring input files
...
001 (5415472.281.000) 07/11 14:48:32 Job executing on host: <188.184.169.236:9618?addrs=188.184.169.236-9618+[2001-1458-301-c0--100-44]-9618&alias=b7g52n1829.cern.ch&noUDP&sock=startd_15152_9716>
...
006 (5415472.281.000) 07/11 14:48:41 Image size of job updated: 570628
	51  -  MemoryUsage of job (MB)
	51228  -  ResidentSetSize of job (KB)
...
006 (5415472.281.000) 07/11 14:53:42 Image size of job updated: 1591028
	1004  -  MemoryUsage of job (MB)
	1027468  -  ResidentSetSize of job (KB)
...
006 (5415472.281.000) 07/13 19:08:11 Image size of job updated: 1592008
	1005  -  MemoryUsage of job (MB)
	1028372  -  ResidentSetSize of job (KB)
...
006 (5415472.281.000) 07/13 20:18:17 Image size of job updated: 1592916
	1006  -  MemoryUsage of job (MB)
	1029280  -  ResidentSetSize of job (KB)
...
006 (5415472.281.000) 07/13 21:23:21 Image size of job updated: 1593820
	1007  -  MemoryUsage of job (MB)
	1030184  -  ResidentSetSize of job (KB)
...
006 (5415472.281.000) 07/13 22:33:29 Image size of job updated: 1594724
	1007  -  MemoryUsage of job (MB)
	1031088  -  ResidentSetSize of job (KB)
...
006 (5415472.281.000) 07/13 23:43:35 Image size of job updated: 1595632
	1008  -  MemoryUsage of job (MB)
	1031996  -  ResidentSetSize of job (KB)
...
006 (5415472.281.000) 07/14 00:48:42 Image size of job updated: 1596536
	1009  -  MemoryUsage of job (MB)
	1032900  -  ResidentSetSize of job (KB)
...
006 (5415472.281.000) 07/14 02:03:46 Image size of job updated: 1597444
	1010  -  MemoryUsage of job (MB)
	1033808  -  ResidentSetSize of job (KB)
...
006 (5415472.281.000) 07/14 03:13:52 Image size of job updated: 1598348
	1011  -  MemoryUsage of job (MB)
	1034712  -  ResidentSetSize of job (KB)
...
006 (5415472.281.000) 07/14 04:34:01 Image size of job updated: 1599252
	1012  -  MemoryUsage of job (MB)
	1035616  -  ResidentSetSize of job (KB)
...
006 (5415472.281.000) 07/14 05:09:04 Image size of job updated: 1599252
	1013  -  MemoryUsage of job (MB)
	1036804  -  ResidentSetSize of job (KB)
...
006 (5415472.281.000) 07/14 05:59:08 Image size of job updated: 1600160
	1014  -  MemoryUsage of job (MB)
	1037712  -  ResidentSetSize of job (KB)
...
006 (5415472.281.000) 07/14 07:14:16 Image size of job updated: 1601064
	1015  -  MemoryUsage of job (MB)
	1038616  -  ResidentSetSize of job (KB)
...
006 (5415472.281.000) 07/14 08:09:23 Image size of job updated: 1601064
	1016  -  MemoryUsage of job (MB)
	1039524  -  ResidentSetSize of job (KB)
...
006 (5415472.281.000) 07/14 08:14:23 Image size of job updated: 1601972
	1016  -  MemoryUsage of job (MB)
	1039524  -  ResidentSetSize of job (KB)
...
006 (5415472.281.000) 07/14 08:59:28 Image size of job updated: 1602876
	1017  -  MemoryUsage of job (MB)
	1040428  -  ResidentSetSize of job (KB)
...
006 (5415472.281.000) 07/14 09:49:32 Image size of job updated: 1603780
	1017  -  MemoryUsage of job (MB)
	1041332  -  ResidentSetSize of job (KB)
...
006 (5415472.281.000) 07/14 10:54:37 Image size of job updated: 1604688
	1018  -  MemoryUsage of job (MB)
	1042240  -  ResidentSetSize of job (KB)
...
006 (5415472.281.000) 07/14 11:59:42 Image size of job updated: 1605592
	1019  -  MemoryUsage of job (MB)
	1043144  -  ResidentSetSize of job (KB)
...
006 (5415472.281.000) 07/14 13:09:47 Image size of job updated: 1606500
	1020  -  MemoryUsage of job (MB)
	1044052  -  ResidentSetSize of job (KB)
...
006 (5415472.281.000) 07/14 14:09:53 Image size of job updated: 1607404
	1021  -  MemoryUsage of job (MB)
	1044956  -  ResidentSetSize of job (KB)
...
006 (5415472.281.000) 07/14 15:15:00 Image size of job updated: 1608312
	1022  -  MemoryUsage of job (MB)
	1045864  -  ResidentSetSize of job (KB)
...
006 (5415472.281.000) 07/14 16:10:06 Image size of job updated: 1609216
	1023  -  MemoryUsage of job (MB)
	1046768  -  ResidentSetSize of job (KB)
...
006 (5415472.281.000) 07/14 16:55:10 Image size of job updated: 1613744
	1027  -  MemoryUsage of job (MB)
	1051292  -  ResidentSetSize of job (KB)
...
006 (5415472.281.000) 07/14 17:25:13 Image size of job updated: 1616816
	1029  -  MemoryUsage of job (MB)
	1052840  -  ResidentSetSize of job (KB)
...
006 (5415472.281.000) 07/14 17:40:15 Image size of job updated: 1616816
	1029  -  MemoryUsage of job (MB)
	1052852  -  ResidentSetSize of job (KB)
...
006 (5415472.281.000) 07/14 18:05:17 Image size of job updated: 1616816
	1029  -  MemoryUsage of job (MB)
	1052864  -  ResidentSetSize of job (KB)
...
006 (5415472.281.000) 07/14 18:40:22 Image size of job updated: 1616816
	1029  -  MemoryUsage of job (MB)
	1052876  -  ResidentSetSize of job (KB)
...
006 (5415472.281.000) 07/14 19:20:26 Image size of job updated: 1616816
	1029  -  MemoryUsage of job (MB)
	1052888  -  ResidentSetSize of job (KB)
...
006 (5415472.281.000) 07/14 19:56:07 Image size of job updated: 1616816
	1029  -  MemoryUsage of job (MB)
	1052900  -  ResidentSetSize of job (KB)
...
006 (5415472.281.000) 07/14 20:31:10 Image size of job updated: 1616816
	1029  -  MemoryUsage of job (MB)
	1052912  -  ResidentSetSize of job (KB)
...
006 (5415472.281.000) 07/14 21:04:21 Image size of job updated: 1616816
	1029  -  MemoryUsage of job (MB)
	1052924  -  ResidentSetSize of job (KB)
...
006 (5415472.281.000) 07/14 21:39:25 Image size of job updated: 1616816
	1029  -  MemoryUsage of job (MB)
	1052936  -  ResidentSetSize of job (KB)
...
006 (5415472.281.000) 07/14 22:14:28 Image size of job updated: 1616816
	1029  -  MemoryUsage of job (MB)
	1052948  -  ResidentSetSize of job (KB)
...
006 (5415472.281.000) 07/14 22:49:33 Image size of job updated: 1616816
	1029  -  MemoryUsage of job (MB)
	1052960  -  ResidentSetSize of job (KB)
...
006 (5415472.281.000) 07/14 23:24:35 Image size of job updated: 1616816
	1029  -  MemoryUsage of job (MB)
	1052972  -  ResidentSetSize of job (KB)
...
006 (5415472.281.000) 07/14 23:54:39 Image size of job updated: 1616816
	1029  -  MemoryUsage of job (MB)
	1052976  -  ResidentSetSize of job (KB)
...
006 (5415472.281.000) 07/14 23:59:40 Image size of job updated: 1616816
	1029  -  MemoryUsage of job (MB)
	1052984  -  ResidentSetSize of job (KB)
...
006 (5415472.281.000) 07/15 00:24:43 Image size of job updated: 1616816
	1029  -  MemoryUsage of job (MB)
	1052988  -  ResidentSetSize of job (KB)
...
006 (5415472.281.000) 07/15 00:49:44 Image size of job updated: 1616816
	1029  -  MemoryUsage of job (MB)
	1053000  -  ResidentSetSize of job (KB)
...
006 (5415472.281.000) 07/15 01:19:46 Image size of job updated: 1616816
	1029  -  MemoryUsage of job (MB)
	1053012  -  ResidentSetSize of job (KB)
...
006 (5415472.281.000) 07/15 01:54:49 Image size of job updated: 1616816
	1029  -  MemoryUsage of job (MB)
	1053024  -  ResidentSetSize of job (KB)
...
006 (5415472.281.000) 07/15 02:19:49 Image size of job updated: 1616816
	1029  -  MemoryUsage of job (MB)
	1053036  -  ResidentSetSize of job (KB)
...
006 (5415472.281.000) 07/15 02:49:53 Image size of job updated: 1616816
	1029  -  MemoryUsage of job (MB)
	1053048  -  ResidentSetSize of job (KB)
...
006 (5415472.281.000) 07/15 03:19:57 Image size of job updated: 1616816
	1029  -  MemoryUsage of job (MB)
	1053060  -  ResidentSetSize of job (KB)
...
006 (5415472.281.000) 07/15 03:44:59 Image size of job updated: 1616816
	1029  -  MemoryUsage of job (MB)
	1053068  -  ResidentSetSize of job (KB)
...
006 (5415472.281.000) 07/15 03:49:59 Image size of job updated: 1616816
	1029  -  MemoryUsage of job (MB)
	1053072  -  ResidentSetSize of job (KB)
...
006 (5415472.281.000) 07/15 04:20:03 Image size of job updated: 1616816
	1029  -  MemoryUsage of job (MB)
	1053084  -  ResidentSetSize of job (KB)
...
006 (5415472.281.000) 07/15 04:55:06 Image size of job updated: 1616816
	1029  -  MemoryUsage of job (MB)
	1053096  -  ResidentSetSize of job (KB)
...
006 (5415472.281.000) 07/15 05:20:08 Image size of job updated: 1616816
	1029  -  MemoryUsage of job (MB)
	1053108  -  ResidentSetSize of job (KB)
...
006 (5415472.281.000) 07/15 05:45:10 Image size of job updated: 1616816
	1029  -  MemoryUsage of job (MB)
	1053112  -  ResidentSetSize of job (KB)
...
006 (5415472.281.000) 07/15 05:50:10 Image size of job updated: 1616816
	1029  -  MemoryUsage of job (MB)
	1053120  -  ResidentSetSize of job (KB)
...
006 (5415472.281.000) 07/15 06:25:15 Image size of job updated: 1616816
	1029  -  MemoryUsage of job (MB)
	1053132  -  ResidentSetSize of job (KB)
...
006 (5415472.281.000) 07/15 06:50:18 Image size of job updated: 1616816
	1029  -  MemoryUsage of job (MB)
	1053144  -  ResidentSetSize of job (KB)
...
006 (5415472.281.000) 07/15 07:20:20 Image size of job updated: 1616816
	1029  -  MemoryUsage of job (MB)
	1053156  -  ResidentSetSize of job (KB)
...
006 (5415472.281.000) 07/15 07:55:22 Image size of job updated: 1616816
	1029  -  MemoryUsage of job (MB)
	1053168  -  ResidentSetSize of job (KB)
...
006 (5415472.281.000) 07/15 08:25:25 Image size of job updated: 1616816
	1029  -  MemoryUsage of job (MB)
	1053180  -  ResidentSetSize of job (KB)
...
006 (5415472.281.000) 07/15 08:50:27 Image size of job updated: 1616816
	1029  -  MemoryUsage of job (MB)
	1053192  -  ResidentSetSize of job (KB)
...
006 (5415472.281.000) 07/15 09:20:30 Image size of job updated: 1616816
	1029  -  MemoryUsage of job (MB)
	1053204  -  ResidentSetSize of job (KB)
...
006 (5415472.281.000) 07/15 09:55:34 Image size of job updated: 1616816
	1029  -  MemoryUsage of job (MB)
	1053216  -  ResidentSetSize of job (KB)
...
006 (5415472.281.000) 07/15 10:25:37 Image size of job updated: 1616816
	1029  -  MemoryUsage of job (MB)
	1053228  -  ResidentSetSize of job (KB)
...
006 (5415472.281.000) 07/15 11:00:38 Image size of job updated: 1616816
	1029  -  MemoryUsage of job (MB)
	1053240  -  ResidentSetSize of job (KB)
...
006 (5415472.281.000) 07/15 11:30:41 Image size of job updated: 1616816
	1029  -  MemoryUsage of job (MB)
	1053252  -  ResidentSetSize of job (KB)
...
006 (5415472.281.000) 07/15 12:00:44 Image size of job updated: 1616816
	1029  -  MemoryUsage of job (MB)
	1053264  -  ResidentSetSize of job (KB)
...
006 (5415472.281.000) 07/15 12:35:46 Image size of job updated: 1616816
	1029  -  MemoryUsage of job (MB)
	1053276  -  ResidentSetSize of job (KB)
...
006 (5415472.281.000) 07/15 13:00:49 Image size of job updated: 1616816
	1029  -  MemoryUsage of job (MB)
	1053288  -  ResidentSetSize of job (KB)
...
006 (5415472.281.000) 07/15 13:25:52 Image size of job updated: 1616816
	1029  -  MemoryUsage of job (MB)
	1053300  -  ResidentSetSize of job (KB)
...
006 (5415472.281.000) 07/15 14:00:56 Image size of job updated: 1616816
	1029  -  MemoryUsage of job (MB)
	1053312  -  ResidentSetSize of job (KB)
...
006 (5415472.281.000) 07/15 14:30:59 Image size of job updated: 1616816
	1029  -  MemoryUsage of job (MB)
	1053324  -  ResidentSetSize of job (KB)
...
006 (5415472.281.000) 07/15 14:56:02 Image size of job updated: 1616816
	1029  -  MemoryUsage of job (MB)
	1053336  -  ResidentSetSize of job (KB)
...
006 (5415472.281.000) 07/15 15:26:05 Image size of job updated: 1616816
	1029  -  MemoryUsage of job (MB)
	1053348  -  ResidentSetSize of job (KB)
...
006 (5415472.281.000) 07/15 15:56:06 Image size of job updated: 1616816
	1029  -  MemoryUsage of job (MB)
	1053360  -  ResidentSetSize of job (KB)
...
006 (5415472.281.000) 07/15 16:26:09 Image size of job updated: 1616816
	1029  -  MemoryUsage of job (MB)
	1053372  -  ResidentSetSize of job (KB)
...
006 (5415472.281.000) 07/15 17:01:11 Image size of job updated: 1616816
	1029  -  MemoryUsage of job (MB)
	1053384  -  ResidentSetSize of job (KB)
...
006 (5415472.281.000) 07/15 17:36:16 Image size of job updated: 1616816
	1029  -  MemoryUsage of job (MB)
	1053396  -  ResidentSetSize of job (KB)
...
006 (5415472.281.000) 07/15 18:06:17 Image size of job updated: 1616816
	1029  -  MemoryUsage of job (MB)
	1053400  -  ResidentSetSize of job (KB)
...
006 (5415472.281.000) 07/15 18:11:18 Image size of job updated: 1616816
	1029  -  MemoryUsage of job (MB)
	1053408  -  ResidentSetSize of job (KB)
...
006 (5415472.281.000) 07/15 18:46:22 Image size of job updated: 1616816
	1029  -  MemoryUsage of job (MB)
	1053420  -  ResidentSetSize of job (KB)
...
006 (5415472.281.000) 07/15 19:16:26 Image size of job updated: 1616816
	1029  -  MemoryUsage of job (MB)
	1053424  -  ResidentSetSize of job (KB)
...
006 (5415472.281.000) 07/15 19:21:26 Image size of job updated: 1616816
	1029  -  MemoryUsage of job (MB)
	1053432  -  ResidentSetSize of job (KB)
...
006 (5415472.281.000) 07/15 19:56:28 Image size of job updated: 1616816
	1029  -  MemoryUsage of job (MB)
	1053444  -  ResidentSetSize of job (KB)
...
006 (5415472.281.000) 07/15 20:26:32 Image size of job updated: 1616816
	1029  -  MemoryUsage of job (MB)
	1053456  -  ResidentSetSize of job (KB)
...
006 (5415472.281.000) 07/15 21:01:36 Image size of job updated: 1616816
	1029  -  MemoryUsage of job (MB)
	1053468  -  ResidentSetSize of job (KB)
...
006 (5415472.281.000) 07/15 21:36:40 Image size of job updated: 1616816
	1029  -  MemoryUsage of job (MB)
	1053476  -  ResidentSetSize of job (KB)
...
006 (5415472.281.000) 07/15 21:41:41 Image size of job updated: 1616816
	1029  -  MemoryUsage of job (MB)
	1053480  -  ResidentSetSize of job (KB)
...
006 (5415472.281.000) 07/15 22:16:44 Image size of job updated: 1616816
	1029  -  MemoryUsage of job (MB)
	1053492  -  ResidentSetSize of job (KB)
...
006 (5415472.281.000) 07/15 22:41:49 Image size of job updated: 1616816
	1029  -  MemoryUsage of job (MB)
	1053500  -  ResidentSetSize of job (KB)
...
006 (5415472.281.000) 07/15 22:46:49 Image size of job updated: 1616816
	1029  -  MemoryUsage of job (MB)
	1053504  -  ResidentSetSize of job (KB)
...
006 (5415472.281.000) 07/15 23:16:51 Image size of job updated: 1616816
	1029  -  MemoryUsage of job (MB)
	1053516  -  ResidentSetSize of job (KB)
...
006 (5415472.281.000) 07/15 23:51:55 Image size of job updated: 1616816
	1029  -  MemoryUsage of job (MB)
	1053528  -  ResidentSetSize of job (KB)
...
006 (5415472.281.000) 07/16 00:16:57 Image size of job updated: 1616816
	1029  -  MemoryUsage of job (MB)
	1053540  -  ResidentSetSize of job (KB)
...
006 (5415472.281.000) 07/16 00:47:02 Image size of job updated: 1616816
	1029  -  MemoryUsage of job (MB)
	1053552  -  ResidentSetSize of job (KB)
...
006 (5415472.281.000) 07/16 01:12:04 Image size of job updated: 1616816
	1029  -  MemoryUsage of job (MB)
	1053564  -  ResidentSetSize of job (KB)
...
006 (5415472.281.000) 07/16 01:42:06 Image size of job updated: 1616816
	1029  -  MemoryUsage of job (MB)
	1053576  -  ResidentSetSize of job (KB)
...
006 (5415472.281.000) 07/16 02:17:11 Image size of job updated: 1616816
	1029  -  MemoryUsage of job (MB)
	1053588  -  ResidentSetSize of job (KB)
...
006 (5415472.281.000) 07/16 02:57:18 Image size of job updated: 1616816
	1029  -  MemoryUsage of job (MB)
	1053600  -  ResidentSetSize of job (KB)
...
006 (5415472.281.000) 07/16 03:27:21 Image size of job updated: 1616816
	1029  -  MemoryUsage of job (MB)
	1053612  -  ResidentSetSize of job (KB)
...
006 (5415472.281.000) 07/16 04:02:25 Image size of job updated: 1616816
	1029  -  MemoryUsage of job (MB)
	1053624  -  ResidentSetSize of job (KB)
...
006 (5415472.281.000) 07/16 04:37:29 Image size of job updated: 1616816
	1029  -  MemoryUsage of job (MB)
	1053636  -  ResidentSetSize of job (KB)
...
006 (5415472.281.000) 07/16 05:07:32 Image size of job updated: 1616816
	1029  -  MemoryUsage of job (MB)
	1053640  -  ResidentSetSize of job (KB)
...
006 (5415472.281.000) 07/16 05:12:33 Image size of job updated: 1616816
	1029  -  MemoryUsage of job (MB)
	1053648  -  ResidentSetSize of job (KB)
...
006 (5415472.281.000) 07/16 05:42:36 Image size of job updated: 1616816
	1029  -  MemoryUsage of job (MB)
	1053660  -  ResidentSetSize of job (KB)
...
006 (5415472.281.000) 07/16 06:17:39 Image size of job updated: 1616816
	1029  -  MemoryUsage of job (MB)
	1053672  -  ResidentSetSize of job (KB)
...
006 (5415472.281.000) 07/16 06:47:41 Image size of job updated: 1616816
	1029  -  MemoryUsage of job (MB)
	1053684  -  ResidentSetSize of job (KB)
...
006 (5415472.281.000) 07/16 07:22:43 Image size of job updated: 1616816
	1029  -  MemoryUsage of job (MB)
	1053692  -  ResidentSetSize of job (KB)
...
006 (5415472.281.000) 07/16 07:47:45 Image size of job updated: 1616816
	1030  -  MemoryUsage of job (MB)
	1053704  -  ResidentSetSize of job (KB)
...
006 (5415472.281.000) 07/16 08:07:47 Image size of job updated: 1616816
	1030  -  MemoryUsage of job (MB)
	1053716  -  ResidentSetSize of job (KB)
...
006 (5415472.281.000) 07/16 08:32:50 Image size of job updated: 1616816
	1030  -  MemoryUsage of job (MB)
	1053728  -  ResidentSetSize of job (KB)
...
006 (5415472.281.000) 07/16 08:57:52 Image size of job updated: 1616816
	1030  -  MemoryUsage of job (MB)
	1053740  -  ResidentSetSize of job (KB)
...
006 (5415472.281.000) 07/16 09:17:53 Image size of job updated: 1616816
	1030  -  MemoryUsage of job (MB)
	1053744  -  ResidentSetSize of job (KB)
...
006 (5415472.281.000) 07/16 09:22:53 Image size of job updated: 1616816
	1030  -  MemoryUsage of job (MB)
	1053752  -  ResidentSetSize of job (KB)
...
006 (5415472.281.000) 07/16 09:42:55 Image size of job updated: 1616816
	1030  -  MemoryUsage of job (MB)
	1053764  -  ResidentSetSize of job (KB)
...
006 (5415472.281.000) 07/16 10:12:58 Image size of job updated: 1616816
	1030  -  MemoryUsage of job (MB)
	1053776  -  ResidentSetSize of job (KB)
...
006 (5415472.281.000) 07/16 10:38:00 Image size of job updated: 1616816
	1030  -  MemoryUsage of job (MB)
	1053788  -  ResidentSetSize of job (KB)
...
006 (5415472.281.000) 07/16 11:08:02 Image size of job updated: 1616816
	1030  -  MemoryUsage of job (MB)
	1053800  -  ResidentSetSize of job (KB)
...
006 (5415472.281.000) 07/16 11:33:05 Image size of job updated: 1616816
	1030  -  MemoryUsage of job (MB)
	1053812  -  ResidentSetSize of job (KB)
...
006 (5415472.281.000) 07/16 11:58:06 Image size of job updated: 1616816
	1030  -  MemoryUsage of job (MB)
	1053824  -  ResidentSetSize of job (KB)
...
006 (5415472.281.000) 07/16 12:25:11 Image size of job updated: 1616816
	1030  -  MemoryUsage of job (MB)
	1053828  -  ResidentSetSize of job (KB)
...
006 (5415472.281.000) 07/16 12:50:13 Image size of job updated: 1616816
	1030  -  MemoryUsage of job (MB)
	1053840  -  ResidentSetSize of job (KB)
...
006 (5415472.281.000) 07/16 13:15:14 Image size of job updated: 1616816
	1030  -  MemoryUsage of job (MB)
	1053852  -  ResidentSetSize of job (KB)
...
006 (5415472.281.000) 07/16 13:45:18 Image size of job updated: 1616816
	1030  -  MemoryUsage of job (MB)
	1053864  -  ResidentSetSize of job (KB)
...
006 (5415472.281.000) 07/16 14:10:22 Image size of job updated: 1616816
	1030  -  MemoryUsage of job (MB)
	1053876  -  ResidentSetSize of job (KB)
...
006 (5415472.281.000) 07/16 14:35:25 Image size of job updated: 1616816
	1030  -  MemoryUsage of job (MB)
	1053888  -  ResidentSetSize of job (KB)
...
006 (5415472.281.000) 07/16 15:00:26 Image size of job updated: 1616816
	1030  -  MemoryUsage of job (MB)
	1053900  -  ResidentSetSize of job (KB)
...
040 (5415472.281.000) 07/16 15:21:51 Started transferring output files
...
040 (5415472.281.000) 07/16 15:21:51 Finished transferring output files
...
004 (5415472.281.000) 07/16 15:21:51 Job was evicted.
	(0) CPU times
		Usr 14 09:41:19, Sys 0 00:04:43  -  Run Remote Usage
		Usr 0 00:00:00, Sys 0 00:00:00  -  Run Local Usage
	96855  -  Run Bytes Sent By Job
	803  -  Run Bytes Received By Job
	Partitionable Resources :    Usage  Request Allocated 
	   Cpus                 :     3.07        4         4 
	   Disk (KB)            :   121    10485760  10712176 
	   Memory (MB)          :  1030        8000      8000 
...
