000 (5415472.355.000) 07/11 14:02:29 Job submitted from host: <137.138.156.150:9618?addrs=137.138.156.150-9618+[2001-1458-d00-14--9a]-9618&alias=bigbird13.cern.ch&noUDP&sock=schedd_1788_ff6c>
...
040 (5415472.355.000) 07/11 16:03:41 Started transferring input files
	Transferring to host: <188.184.198.94:9618?addrs=188.184.198.94-9618&alias=b7g52n6370.cern.ch&noUDP&sock=slot1_11_6032_d6ee_60293>
...
040 (5415472.355.000) 07/11 16:03:41 Finished transferring input files
...
001 (5415472.355.000) 07/11 16:03:42 Job executing on host: <188.184.198.94:9618?addrs=188.184.198.94-9618&alias=b7g52n6370.cern.ch&noUDP&sock=startd_4907_5f50>
...
006 (5415472.355.000) 07/11 16:03:50 Image size of job updated: 330464
	51  -  MemoryUsage of job (MB)
	51752  -  ResidentSetSize of job (KB)
...
006 (5415472.355.000) 07/11 16:08:50 Image size of job updated: 1590992
	1004  -  MemoryUsage of job (MB)
	1027444  -  ResidentSetSize of job (KB)
...
006 (5415472.355.000) 07/13 19:22:52 Image size of job updated: 1591976
	1004  -  MemoryUsage of job (MB)
	1027444  -  ResidentSetSize of job (KB)
...
006 (5415472.355.000) 07/13 20:27:59 Image size of job updated: 1592880
	1004  -  MemoryUsage of job (MB)
	1027444  -  ResidentSetSize of job (KB)
...
006 (5415472.355.000) 07/13 21:38:03 Image size of job updated: 1593784
	1004  -  MemoryUsage of job (MB)
	1028016  -  ResidentSetSize of job (KB)
...
006 (5415472.355.000) 07/13 22:43:07 Image size of job updated: 1594692
	1005  -  MemoryUsage of job (MB)
	1028924  -  ResidentSetSize of job (KB)
...
006 (5415472.355.000) 07/13 23:58:14 Image size of job updated: 1595596
	1006  -  MemoryUsage of job (MB)
	1029828  -  ResidentSetSize of job (KB)
...
006 (5415472.355.000) 07/14 01:03:26 Image size of job updated: 1596504
	1007  -  MemoryUsage of job (MB)
	1030736  -  ResidentSetSize of job (KB)
...
006 (5415472.355.000) 07/14 02:13:27 Image size of job updated: 1597408
	1008  -  MemoryUsage of job (MB)
	1031640  -  ResidentSetSize of job (KB)
...
006 (5415472.355.000) 07/14 03:13:33 Image size of job updated: 1598312
	1009  -  MemoryUsage of job (MB)
	1032544  -  ResidentSetSize of job (KB)
...
006 (5415472.355.000) 07/14 04:18:40 Image size of job updated: 1599220
	1009  -  MemoryUsage of job (MB)
	1033076  -  ResidentSetSize of job (KB)
...
006 (5415472.355.000) 07/14 05:23:48 Image size of job updated: 1600124
	1010  -  MemoryUsage of job (MB)
	1033980  -  ResidentSetSize of job (KB)
...
006 (5415472.355.000) 07/14 06:28:55 Image size of job updated: 1601032
	1011  -  MemoryUsage of job (MB)
	1034324  -  ResidentSetSize of job (KB)
...
006 (5415472.355.000) 07/14 07:33:59 Image size of job updated: 1601936
	1011  -  MemoryUsage of job (MB)
	1035160  -  ResidentSetSize of job (KB)
...
006 (5415472.355.000) 07/14 08:39:05 Image size of job updated: 1602844
	1012  -  MemoryUsage of job (MB)
	1035828  -  ResidentSetSize of job (KB)
...
006 (5415472.355.000) 07/14 09:44:15 Image size of job updated: 1603748
	1013  -  MemoryUsage of job (MB)
	1036372  -  ResidentSetSize of job (KB)
...
006 (5415472.355.000) 07/14 10:49:22 Image size of job updated: 1604652
	1013  -  MemoryUsage of job (MB)
	1036992  -  ResidentSetSize of job (KB)
...
006 (5415472.355.000) 07/14 11:49:29 Image size of job updated: 1605560
	1014  -  MemoryUsage of job (MB)
	1037900  -  ResidentSetSize of job (KB)
...
006 (5415472.355.000) 07/14 12:49:33 Image size of job updated: 1606464
	1014  -  MemoryUsage of job (MB)
	1037900  -  ResidentSetSize of job (KB)
...
006 (5415472.355.000) 07/14 13:59:42 Image size of job updated: 1607372
	1014  -  MemoryUsage of job (MB)
	1037900  -  ResidentSetSize of job (KB)
...
006 (5415472.355.000) 07/14 15:14:51 Image size of job updated: 1608276
	1014  -  MemoryUsage of job (MB)
	1037900  -  ResidentSetSize of job (KB)
...
040 (5415472.355.000) 07/14 16:21:08 Started transferring output files
...
040 (5415472.355.000) 07/14 16:21:08 Finished transferring output files
...
004 (5415472.355.000) 07/14 16:21:08 Job was evicted.
	(0) CPU times
		Usr 8 18:24:18, Sys 0 00:02:03  -  Run Remote Usage
		Usr 0 00:00:00, Sys 0 00:00:00  -  Run Local Usage
	96198  -  Run Bytes Sent By Job
	803  -  Run Bytes Received By Job
	Partitionable Resources :    Usage  Request Allocated 
	   Cpus                 :     2.97        4         4 
	   Disk (KB)            :   120    10485760  10775440 
	   Memory (MB)          :  1014        8000      8000 
...
040 (5415472.355.000) 07/15 01:05:18 Started transferring input files
	Transferring to host: <188.184.186.64:9618?addrs=188.184.186.64-9618+[2001-1458-301-f8--100-28]-9618&alias=b7g28n0489.cern.ch&noUDP&sock=slot1_1_4446_5bee_73566>
...
040 (5415472.355.000) 07/15 01:05:18 Finished transferring input files
...
001 (5415472.355.000) 07/15 01:05:19 Job executing on host: <188.184.186.64:9618?addrs=188.184.186.64-9618+[2001-1458-301-f8--100-28]-9618&alias=b7g28n0489.cern.ch&noUDP&sock=startd_3425_d7f5>
...
