000 (5415472.473.000) 07/11 14:02:30 Job submitted from host: <137.138.156.150:9618?addrs=137.138.156.150-9618+[2001-1458-d00-14--9a]-9618&alias=bigbird13.cern.ch&noUDP&sock=schedd_1788_ff6c>
...
040 (5415472.473.000) 07/12 09:10:15 Started transferring input files
	Transferring to host: <128.142.81.172:9618?addrs=128.142.81.172-9618+[2001-1458-301-f5--100-71a]-9618&alias=b7s13n1533.cern.ch&noUDP&sock=slot1_13_17046_32ee_68319>
...
040 (5415472.473.000) 07/12 09:10:15 Finished transferring input files
...
001 (5415472.473.000) 07/12 09:10:16 Job executing on host: <128.142.81.172:9618?addrs=128.142.81.172-9618+[2001-1458-301-f5--100-71a]-9618&alias=b7s13n1533.cern.ch&noUDP&sock=startd_16896_d441>
...
006 (5415472.473.000) 07/12 09:10:25 Image size of job updated: 108432
	47  -  MemoryUsage of job (MB)
	47388  -  ResidentSetSize of job (KB)
...
006 (5415472.473.000) 07/12 09:15:25 Image size of job updated: 1590956
	1004  -  MemoryUsage of job (MB)
	1027396  -  ResidentSetSize of job (KB)
...
006 (5415472.473.000) 07/14 12:11:34 Image size of job updated: 1591940
	1005  -  MemoryUsage of job (MB)
	1028300  -  ResidentSetSize of job (KB)
...
006 (5415472.473.000) 07/14 13:16:43 Image size of job updated: 1592844
	1006  -  MemoryUsage of job (MB)
	1029204  -  ResidentSetSize of job (KB)
...
006 (5415472.473.000) 07/14 14:26:54 Image size of job updated: 1593752
	1006  -  MemoryUsage of job (MB)
	1030112  -  ResidentSetSize of job (KB)
...
006 (5415472.473.000) 07/14 15:37:05 Image size of job updated: 1594656
	1007  -  MemoryUsage of job (MB)
	1031016  -  ResidentSetSize of job (KB)
...
006 (5415472.473.000) 07/14 16:47:12 Image size of job updated: 1595560
	1008  -  MemoryUsage of job (MB)
	1031920  -  ResidentSetSize of job (KB)
...
022 (5415472.473.000) 07/14 17:47:56 Job disconnected, attempting to reconnect
    Socket between submit and execute hosts closed unexpectedly
    Trying to reconnect to slot1_13@b7s13n1533.cern.ch <128.142.81.172:9618?addrs=128.142.81.172-9618+[2001-1458-301-f5--100-71a]-9618&alias=b7s13n1533.cern.ch&noUDP&sock=startd_16896_d441>
...
023 (5415472.473.000) 07/14 17:47:56 Job reconnected to slot1_13@b7s13n1533.cern.ch
    startd address: <128.142.81.172:9618?addrs=128.142.81.172-9618+[2001-1458-301-f5--100-71a]-9618&alias=b7s13n1533.cern.ch&noUDP&sock=startd_16896_d441>
    starter address: <128.142.81.172:9618?addrs=128.142.81.172-9618+[2001-1458-301-f5--100-71a]-9618&alias=b7s13n1533.cern.ch&noUDP&sock=slot1_13_17046_32ee_68319>
...
006 (5415472.473.000) 07/14 18:04:49 Image size of job updated: 1596468
	1009  -  MemoryUsage of job (MB)
	1032828  -  ResidentSetSize of job (KB)
...
006 (5415472.473.000) 07/14 19:16:34 Image size of job updated: 1597372
	1010  -  MemoryUsage of job (MB)
	1033732  -  ResidentSetSize of job (KB)
...
006 (5415472.473.000) 07/14 20:26:40 Image size of job updated: 1598280
	1011  -  MemoryUsage of job (MB)
	1034640  -  ResidentSetSize of job (KB)
...
007 (5415472.473.000) 07/14 21:11:26 Shadow exception!
	Assertion ERROR on (result)
	0  -  Run Bytes Sent By Job
	803  -  Run Bytes Received By Job
...
