000 (5415472.453.000) 07/11 14:02:30 Job submitted from host: <137.138.156.150:9618?addrs=137.138.156.150-9618+[2001-1458-d00-14--9a]-9618&alias=bigbird13.cern.ch&noUDP&sock=schedd_1788_ff6c>
...
040 (5415472.453.000) 07/12 06:19:43 Started transferring input files
	Transferring to host: <128.142.81.247:9618?addrs=128.142.81.247-9618+[2001-1458-301-f5--100-68a]-9618&alias=b7s13n3415.cern.ch&noUDP&sock=slot1_10_5597_57bd_61567>
...
040 (5415472.453.000) 07/12 06:19:44 Finished transferring input files
...
001 (5415472.453.000) 07/12 06:19:45 Job executing on host: <128.142.81.247:9618?addrs=128.142.81.247-9618+[2001-1458-301-f5--100-68a]-9618&alias=b7s13n3415.cern.ch&noUDP&sock=startd_4634_1df6>
...
006 (5415472.453.000) 07/12 06:19:53 Image size of job updated: 572548
	74  -  MemoryUsage of job (MB)
	74780  -  ResidentSetSize of job (KB)
...
006 (5415472.453.000) 07/12 06:24:53 Image size of job updated: 1590948
	1004  -  MemoryUsage of job (MB)
	1027392  -  ResidentSetSize of job (KB)
...
006 (5415472.453.000) 07/14 06:14:22 Image size of job updated: 1591932
	1005  -  MemoryUsage of job (MB)
	1028300  -  ResidentSetSize of job (KB)
...
006 (5415472.453.000) 07/14 07:19:32 Image size of job updated: 1592836
	1006  -  MemoryUsage of job (MB)
	1029204  -  ResidentSetSize of job (KB)
...
006 (5415472.453.000) 07/14 08:19:38 Image size of job updated: 1593740
	1006  -  MemoryUsage of job (MB)
	1030108  -  ResidentSetSize of job (KB)
...
006 (5415472.453.000) 07/14 09:34:45 Image size of job updated: 1594648
	1007  -  MemoryUsage of job (MB)
	1031016  -  ResidentSetSize of job (KB)
...
006 (5415472.453.000) 07/14 10:39:49 Image size of job updated: 1595552
	1008  -  MemoryUsage of job (MB)
	1031920  -  ResidentSetSize of job (KB)
...
006 (5415472.453.000) 07/14 11:49:57 Image size of job updated: 1596460
	1009  -  MemoryUsage of job (MB)
	1032828  -  ResidentSetSize of job (KB)
...
006 (5415472.453.000) 07/14 13:05:06 Image size of job updated: 1597364
	1010  -  MemoryUsage of job (MB)
	1033732  -  ResidentSetSize of job (KB)
...
006 (5415472.453.000) 07/14 14:20:13 Image size of job updated: 1601892
	1014  -  MemoryUsage of job (MB)
	1038260  -  ResidentSetSize of job (KB)
...
006 (5415472.453.000) 07/15 05:03:56 Image size of job updated: 1604964
	1016  -  MemoryUsage of job (MB)
	1039808  -  ResidentSetSize of job (KB)
...
006 (5415472.453.000) 07/15 05:18:58 Image size of job updated: 1604964
	1016  -  MemoryUsage of job (MB)
	1039820  -  ResidentSetSize of job (KB)
...
006 (5415472.453.000) 07/15 05:54:00 Image size of job updated: 1604964
	1016  -  MemoryUsage of job (MB)
	1039832  -  ResidentSetSize of job (KB)
...
006 (5415472.453.000) 07/15 06:24:03 Image size of job updated: 1604964
	1016  -  MemoryUsage of job (MB)
	1039844  -  ResidentSetSize of job (KB)
...
006 (5415472.453.000) 07/15 06:59:06 Image size of job updated: 1604964
	1016  -  MemoryUsage of job (MB)
	1039856  -  ResidentSetSize of job (KB)
...
006 (5415472.453.000) 07/15 07:34:09 Image size of job updated: 1604964
	1016  -  MemoryUsage of job (MB)
	1039868  -  ResidentSetSize of job (KB)
...
006 (5415472.453.000) 07/15 08:04:11 Image size of job updated: 1604964
	1016  -  MemoryUsage of job (MB)
	1039880  -  ResidentSetSize of job (KB)
...
006 (5415472.453.000) 07/15 08:39:17 Image size of job updated: 1604964
	1016  -  MemoryUsage of job (MB)
	1039892  -  ResidentSetSize of job (KB)
...
006 (5415472.453.000) 07/15 09:09:19 Image size of job updated: 1604964
	1016  -  MemoryUsage of job (MB)
	1039904  -  ResidentSetSize of job (KB)
...
006 (5415472.453.000) 07/15 09:34:20 Image size of job updated: 1604964
	1016  -  MemoryUsage of job (MB)
	1039916  -  ResidentSetSize of job (KB)
...
006 (5415472.453.000) 07/15 09:59:22 Image size of job updated: 1604964
	1016  -  MemoryUsage of job (MB)
	1039928  -  ResidentSetSize of job (KB)
...
006 (5415472.453.000) 07/15 10:24:23 Image size of job updated: 1604964
	1016  -  MemoryUsage of job (MB)
	1039940  -  ResidentSetSize of job (KB)
...
006 (5415472.453.000) 07/15 10:54:26 Image size of job updated: 1604964
	1016  -  MemoryUsage of job (MB)
	1039952  -  ResidentSetSize of job (KB)
...
006 (5415472.453.000) 07/15 11:19:27 Image size of job updated: 1604964
	1016  -  MemoryUsage of job (MB)
	1039964  -  ResidentSetSize of job (KB)
...
006 (5415472.453.000) 07/15 11:44:31 Image size of job updated: 1604964
	1016  -  MemoryUsage of job (MB)
	1039976  -  ResidentSetSize of job (KB)
...
006 (5415472.453.000) 07/15 12:09:33 Image size of job updated: 1604964
	1016  -  MemoryUsage of job (MB)
	1039988  -  ResidentSetSize of job (KB)
...
006 (5415472.453.000) 07/15 12:34:35 Image size of job updated: 1604964
	1016  -  MemoryUsage of job (MB)
	1040000  -  ResidentSetSize of job (KB)
...
006 (5415472.453.000) 07/15 13:04:40 Image size of job updated: 1604964
	1016  -  MemoryUsage of job (MB)
	1040012  -  ResidentSetSize of job (KB)
...
006 (5415472.453.000) 07/15 13:29:42 Image size of job updated: 1604964
	1016  -  MemoryUsage of job (MB)
	1040024  -  ResidentSetSize of job (KB)
...
006 (5415472.453.000) 07/15 13:54:43 Image size of job updated: 1604964
	1016  -  MemoryUsage of job (MB)
	1040036  -  ResidentSetSize of job (KB)
...
006 (5415472.453.000) 07/15 14:23:55 Image size of job updated: 1604964
	1016  -  MemoryUsage of job (MB)
	1040048  -  ResidentSetSize of job (KB)
...
006 (5415472.453.000) 07/15 14:48:57 Image size of job updated: 1604964
	1016  -  MemoryUsage of job (MB)
	1040060  -  ResidentSetSize of job (KB)
...
006 (5415472.453.000) 07/15 15:13:59 Image size of job updated: 1604964
	1016  -  MemoryUsage of job (MB)
	1040068  -  ResidentSetSize of job (KB)
...
006 (5415472.453.000) 07/15 15:18:59 Image size of job updated: 1604964
	1016  -  MemoryUsage of job (MB)
	1040072  -  ResidentSetSize of job (KB)
...
006 (5415472.453.000) 07/15 15:44:02 Image size of job updated: 1604964
	1016  -  MemoryUsage of job (MB)
	1040084  -  ResidentSetSize of job (KB)
...
006 (5415472.453.000) 07/15 16:09:04 Image size of job updated: 1604964
	1016  -  MemoryUsage of job (MB)
	1040096  -  ResidentSetSize of job (KB)
...
006 (5415472.453.000) 07/15 16:39:06 Image size of job updated: 1604964
	1016  -  MemoryUsage of job (MB)
	1040108  -  ResidentSetSize of job (KB)
...
006 (5415472.453.000) 07/15 17:04:08 Image size of job updated: 1604964
	1016  -  MemoryUsage of job (MB)
	1040120  -  ResidentSetSize of job (KB)
...
006 (5415472.453.000) 07/15 17:29:09 Image size of job updated: 1604964
	1016  -  MemoryUsage of job (MB)
	1040132  -  ResidentSetSize of job (KB)
...
006 (5415472.453.000) 07/15 17:54:14 Image size of job updated: 1604964
	1016  -  MemoryUsage of job (MB)
	1040144  -  ResidentSetSize of job (KB)
...
006 (5415472.453.000) 07/15 18:24:17 Image size of job updated: 1604964
	1016  -  MemoryUsage of job (MB)
	1040156  -  ResidentSetSize of job (KB)
...
006 (5415472.453.000) 07/15 18:54:21 Image size of job updated: 1604964
	1016  -  MemoryUsage of job (MB)
	1040168  -  ResidentSetSize of job (KB)
...
006 (5415472.453.000) 07/15 19:24:23 Image size of job updated: 1604964
	1016  -  MemoryUsage of job (MB)
	1040180  -  ResidentSetSize of job (KB)
...
006 (5415472.453.000) 07/15 19:59:25 Image size of job updated: 1604964
	1016  -  MemoryUsage of job (MB)
	1040192  -  ResidentSetSize of job (KB)
...
006 (5415472.453.000) 07/15 20:34:28 Image size of job updated: 1604964
	1016  -  MemoryUsage of job (MB)
	1040204  -  ResidentSetSize of job (KB)
...
006 (5415472.453.000) 07/15 21:04:31 Image size of job updated: 1604964
	1016  -  MemoryUsage of job (MB)
	1040216  -  ResidentSetSize of job (KB)
...
006 (5415472.453.000) 07/15 21:39:35 Image size of job updated: 1604964
	1016  -  MemoryUsage of job (MB)
	1040228  -  ResidentSetSize of job (KB)
...
006 (5415472.453.000) 07/15 22:09:38 Image size of job updated: 1604964
	1016  -  MemoryUsage of job (MB)
	1040240  -  ResidentSetSize of job (KB)
...
006 (5415472.453.000) 07/15 22:44:44 Image size of job updated: 1604964
	1016  -  MemoryUsage of job (MB)
	1040252  -  ResidentSetSize of job (KB)
...
006 (5415472.453.000) 07/15 23:14:47 Image size of job updated: 1604964
	1016  -  MemoryUsage of job (MB)
	1040256  -  ResidentSetSize of job (KB)
...
006 (5415472.453.000) 07/15 23:19:48 Image size of job updated: 1604964
	1016  -  MemoryUsage of job (MB)
	1040264  -  ResidentSetSize of job (KB)
...
006 (5415472.453.000) 07/15 23:49:50 Image size of job updated: 1604964
	1016  -  MemoryUsage of job (MB)
	1040276  -  ResidentSetSize of job (KB)
...
006 (5415472.453.000) 07/16 00:24:52 Image size of job updated: 1604964
	1016  -  MemoryUsage of job (MB)
	1040288  -  ResidentSetSize of job (KB)
...
006 (5415472.453.000) 07/16 00:59:55 Image size of job updated: 1604964
	1016  -  MemoryUsage of job (MB)
	1040300  -  ResidentSetSize of job (KB)
...
006 (5415472.453.000) 07/16 01:30:00 Image size of job updated: 1604964
	1016  -  MemoryUsage of job (MB)
	1040308  -  ResidentSetSize of job (KB)
...
006 (5415472.453.000) 07/16 01:35:00 Image size of job updated: 1604964
	1016  -  MemoryUsage of job (MB)
	1040312  -  ResidentSetSize of job (KB)
...
006 (5415472.453.000) 07/16 02:05:03 Image size of job updated: 1604964
	1016  -  MemoryUsage of job (MB)
	1040324  -  ResidentSetSize of job (KB)
...
006 (5415472.453.000) 07/16 02:40:06 Image size of job updated: 1604964
	1016  -  MemoryUsage of job (MB)
	1040336  -  ResidentSetSize of job (KB)
...
006 (5415472.453.000) 07/16 03:10:09 Image size of job updated: 1604964
	1016  -  MemoryUsage of job (MB)
	1040348  -  ResidentSetSize of job (KB)
...
006 (5415472.453.000) 07/16 03:45:11 Image size of job updated: 1604964
	1016  -  MemoryUsage of job (MB)
	1040360  -  ResidentSetSize of job (KB)
...
006 (5415472.453.000) 07/16 04:10:14 Image size of job updated: 1604964
	1016  -  MemoryUsage of job (MB)
	1040372  -  ResidentSetSize of job (KB)
...
006 (5415472.453.000) 07/16 04:40:16 Image size of job updated: 1604964
	1016  -  MemoryUsage of job (MB)
	1040384  -  ResidentSetSize of job (KB)
...
006 (5415472.453.000) 07/16 06:20:24 Image size of job updated: 1604964
	1017  -  MemoryUsage of job (MB)
	1040396  -  ResidentSetSize of job (KB)
...
006 (5415472.453.000) 07/16 07:00:29 Image size of job updated: 1604964
	1017  -  MemoryUsage of job (MB)
	1040408  -  ResidentSetSize of job (KB)
...
006 (5415472.453.000) 07/16 07:40:33 Image size of job updated: 1604964
	1017  -  MemoryUsage of job (MB)
	1040420  -  ResidentSetSize of job (KB)
...
006 (5415472.453.000) 07/16 08:20:36 Image size of job updated: 1604964
	1017  -  MemoryUsage of job (MB)
	1040432  -  ResidentSetSize of job (KB)
...
006 (5415472.453.000) 07/16 08:55:39 Image size of job updated: 1604964
	1017  -  MemoryUsage of job (MB)
	1040444  -  ResidentSetSize of job (KB)
...
006 (5415472.453.000) 07/16 09:35:42 Image size of job updated: 1604964
	1017  -  MemoryUsage of job (MB)
	1040456  -  ResidentSetSize of job (KB)
...
006 (5415472.453.000) 07/16 10:10:45 Image size of job updated: 1604964
	1017  -  MemoryUsage of job (MB)
	1040468  -  ResidentSetSize of job (KB)
...
006 (5415472.453.000) 07/16 10:45:47 Image size of job updated: 1604964
	1017  -  MemoryUsage of job (MB)
	1040480  -  ResidentSetSize of job (KB)
...
006 (5415472.453.000) 07/16 11:20:49 Image size of job updated: 1604964
	1017  -  MemoryUsage of job (MB)
	1040492  -  ResidentSetSize of job (KB)
...
006 (5415472.453.000) 07/16 11:50:51 Image size of job updated: 1604964
	1017  -  MemoryUsage of job (MB)
	1040504  -  ResidentSetSize of job (KB)
...
006 (5415472.453.000) 07/16 12:58:45 Image size of job updated: 1604964
	1017  -  MemoryUsage of job (MB)
	1040516  -  ResidentSetSize of job (KB)
...
006 (5415472.453.000) 07/16 13:38:48 Image size of job updated: 1604964
	1017  -  MemoryUsage of job (MB)
	1040528  -  ResidentSetSize of job (KB)
...
006 (5415472.453.000) 07/16 14:13:50 Image size of job updated: 1604964
	1017  -  MemoryUsage of job (MB)
	1040540  -  ResidentSetSize of job (KB)
...
006 (5415472.453.000) 07/16 14:53:53 Image size of job updated: 1604964
	1017  -  MemoryUsage of job (MB)
	1040552  -  ResidentSetSize of job (KB)
...
006 (5415472.453.000) 07/16 15:33:56 Image size of job updated: 1604964
	1017  -  MemoryUsage of job (MB)
	1040564  -  ResidentSetSize of job (KB)
...
006 (5415472.453.000) 07/16 16:08:59 Image size of job updated: 1604964
	1017  -  MemoryUsage of job (MB)
	1040576  -  ResidentSetSize of job (KB)
...
006 (5415472.453.000) 07/16 16:44:03 Image size of job updated: 1604964
	1017  -  MemoryUsage of job (MB)
	1040580  -  ResidentSetSize of job (KB)
...
006 (5415472.453.000) 07/16 16:49:04 Image size of job updated: 1604964
	1017  -  MemoryUsage of job (MB)
	1040588  -  ResidentSetSize of job (KB)
...
006 (5415472.453.000) 07/16 17:19:08 Image size of job updated: 1604964
	1017  -  MemoryUsage of job (MB)
	1040600  -  ResidentSetSize of job (KB)
...
006 (5415472.453.000) 07/16 17:54:12 Image size of job updated: 1604964
	1017  -  MemoryUsage of job (MB)
	1040612  -  ResidentSetSize of job (KB)
...
006 (5415472.453.000) 07/16 18:29:16 Image size of job updated: 1604964
	1017  -  MemoryUsage of job (MB)
	1040616  -  ResidentSetSize of job (KB)
...
006 (5415472.453.000) 07/16 18:34:16 Image size of job updated: 1604964
	1017  -  MemoryUsage of job (MB)
	1040624  -  ResidentSetSize of job (KB)
...
006 (5415472.453.000) 07/16 19:14:21 Image size of job updated: 1604964
	1017  -  MemoryUsage of job (MB)
	1040636  -  ResidentSetSize of job (KB)
...
006 (5415472.453.000) 07/16 19:49:25 Image size of job updated: 1604964
	1017  -  MemoryUsage of job (MB)
	1040648  -  ResidentSetSize of job (KB)
...
006 (5415472.453.000) 07/16 20:29:29 Image size of job updated: 1604964
	1017  -  MemoryUsage of job (MB)
	1040660  -  ResidentSetSize of job (KB)
...
006 (5415472.453.000) 07/16 21:09:33 Image size of job updated: 1604964
	1017  -  MemoryUsage of job (MB)
	1040672  -  ResidentSetSize of job (KB)
...
006 (5415472.453.000) 07/16 21:49:36 Image size of job updated: 1604964
	1017  -  MemoryUsage of job (MB)
	1040684  -  ResidentSetSize of job (KB)
...
006 (5415472.453.000) 07/16 22:29:39 Image size of job updated: 1604964
	1017  -  MemoryUsage of job (MB)
	1040696  -  ResidentSetSize of job (KB)
...
006 (5415472.453.000) 07/16 23:04:41 Image size of job updated: 1604964
	1017  -  MemoryUsage of job (MB)
	1040708  -  ResidentSetSize of job (KB)
...
006 (5415472.453.000) 07/16 23:44:45 Image size of job updated: 1604964
	1017  -  MemoryUsage of job (MB)
	1040720  -  ResidentSetSize of job (KB)
...
006 (5415472.453.000) 07/17 00:19:50 Image size of job updated: 1604964
	1017  -  MemoryUsage of job (MB)
	1040732  -  ResidentSetSize of job (KB)
...
006 (5415472.453.000) 07/17 00:59:53 Image size of job updated: 1604964
	1017  -  MemoryUsage of job (MB)
	1040744  -  ResidentSetSize of job (KB)
...
006 (5415472.453.000) 07/17 01:34:56 Image size of job updated: 1604964
	1017  -  MemoryUsage of job (MB)
	1040756  -  ResidentSetSize of job (KB)
...
006 (5415472.453.000) 07/17 02:10:01 Image size of job updated: 1604964
	1017  -  MemoryUsage of job (MB)
	1040768  -  ResidentSetSize of job (KB)
...
006 (5415472.453.000) 07/17 02:45:05 Image size of job updated: 1604964
	1017  -  MemoryUsage of job (MB)
	1040780  -  ResidentSetSize of job (KB)
...
006 (5415472.453.000) 07/17 03:20:07 Image size of job updated: 1604964
	1017  -  MemoryUsage of job (MB)
	1040792  -  ResidentSetSize of job (KB)
...
006 (5415472.453.000) 07/17 03:55:12 Image size of job updated: 1604964
	1017  -  MemoryUsage of job (MB)
	1040804  -  ResidentSetSize of job (KB)
...
006 (5415472.453.000) 07/17 04:25:17 Image size of job updated: 1604964
	1017  -  MemoryUsage of job (MB)
	1040816  -  ResidentSetSize of job (KB)
...
006 (5415472.453.000) 07/17 05:00:21 Image size of job updated: 1604964
	1017  -  MemoryUsage of job (MB)
	1040828  -  ResidentSetSize of job (KB)
...
006 (5415472.453.000) 07/17 05:35:23 Image size of job updated: 1604964
	1017  -  MemoryUsage of job (MB)
	1040840  -  ResidentSetSize of job (KB)
...
006 (5415472.453.000) 07/17 06:10:28 Image size of job updated: 1604964
	1017  -  MemoryUsage of job (MB)
	1040852  -  ResidentSetSize of job (KB)
...
006 (5415472.453.000) 07/17 06:40:31 Image size of job updated: 1604964
	1017  -  MemoryUsage of job (MB)
	1040864  -  ResidentSetSize of job (KB)
...
006 (5415472.453.000) 07/17 08:25:43 Image size of job updated: 1604964
	1017  -  MemoryUsage of job (MB)
	1040872  -  ResidentSetSize of job (KB)
...
006 (5415472.453.000) 07/17 09:00:47 Image size of job updated: 1604964
	1017  -  MemoryUsage of job (MB)
	1040884  -  ResidentSetSize of job (KB)
...
006 (5415472.453.000) 07/17 09:35:51 Image size of job updated: 1604964
	1017  -  MemoryUsage of job (MB)
	1040896  -  ResidentSetSize of job (KB)
...
006 (5415472.453.000) 07/17 10:05:54 Image size of job updated: 1604964
	1017  -  MemoryUsage of job (MB)
	1040908  -  ResidentSetSize of job (KB)
...
006 (5415472.453.000) 07/17 10:41:00 Image size of job updated: 1604964
	1017  -  MemoryUsage of job (MB)
	1040920  -  ResidentSetSize of job (KB)
...
006 (5415472.453.000) 07/17 11:11:05 Image size of job updated: 1604964
	1017  -  MemoryUsage of job (MB)
	1040932  -  ResidentSetSize of job (KB)
...
006 (5415472.453.000) 07/17 11:46:10 Image size of job updated: 1604964
	1017  -  MemoryUsage of job (MB)
	1040944  -  ResidentSetSize of job (KB)
...
006 (5415472.453.000) 07/17 12:21:11 Image size of job updated: 1604964
	1017  -  MemoryUsage of job (MB)
	1040956  -  ResidentSetSize of job (KB)
...
006 (5415472.453.000) 07/17 12:56:17 Image size of job updated: 1604964
	1017  -  MemoryUsage of job (MB)
	1040968  -  ResidentSetSize of job (KB)
...
006 (5415472.453.000) 07/17 13:36:22 Image size of job updated: 1604964
	1017  -  MemoryUsage of job (MB)
	1040980  -  ResidentSetSize of job (KB)
...
006 (5415472.453.000) 07/17 14:16:27 Image size of job updated: 1604964
	1017  -  MemoryUsage of job (MB)
	1040992  -  ResidentSetSize of job (KB)
...
006 (5415472.453.000) 07/17 14:51:29 Image size of job updated: 1604964
	1017  -  MemoryUsage of job (MB)
	1041004  -  ResidentSetSize of job (KB)
...
006 (5415472.453.000) 07/17 15:31:34 Image size of job updated: 1604964
	1017  -  MemoryUsage of job (MB)
	1041016  -  ResidentSetSize of job (KB)
...
006 (5415472.453.000) 07/17 16:06:36 Image size of job updated: 1604964
	1017  -  MemoryUsage of job (MB)
	1041028  -  ResidentSetSize of job (KB)
...
006 (5415472.453.000) 07/17 16:41:40 Image size of job updated: 1604964
	1017  -  MemoryUsage of job (MB)
	1041040  -  ResidentSetSize of job (KB)
...
006 (5415472.453.000) 07/17 17:21:41 Image size of job updated: 1604964
	1017  -  MemoryUsage of job (MB)
	1041052  -  ResidentSetSize of job (KB)
...
006 (5415472.453.000) 07/17 17:56:43 Image size of job updated: 1604964
	1017  -  MemoryUsage of job (MB)
	1041064  -  ResidentSetSize of job (KB)
...
006 (5415472.453.000) 07/17 18:31:48 Image size of job updated: 1604964
	1017  -  MemoryUsage of job (MB)
	1041068  -  ResidentSetSize of job (KB)
...
006 (5415472.453.000) 07/17 18:36:49 Image size of job updated: 1604964
	1017  -  MemoryUsage of job (MB)
	1041076  -  ResidentSetSize of job (KB)
...
006 (5415472.453.000) 07/17 19:11:52 Image size of job updated: 1604964
	1017  -  MemoryUsage of job (MB)
	1041088  -  ResidentSetSize of job (KB)
...
006 (5415472.453.000) 07/17 19:46:56 Image size of job updated: 1604964
	1017  -  MemoryUsage of job (MB)
	1041100  -  ResidentSetSize of job (KB)
...
006 (5415472.453.000) 07/17 20:22:00 Image size of job updated: 1604964
	1017  -  MemoryUsage of job (MB)
	1041112  -  ResidentSetSize of job (KB)
...
006 (5415472.453.000) 07/17 20:57:04 Image size of job updated: 1604964
	1017  -  MemoryUsage of job (MB)
	1041124  -  ResidentSetSize of job (KB)
...
006 (5415472.453.000) 07/17 21:37:10 Image size of job updated: 1604964
	1017  -  MemoryUsage of job (MB)
	1041136  -  ResidentSetSize of job (KB)
...
006 (5415472.453.000) 07/17 22:12:13 Image size of job updated: 1604964
	1017  -  MemoryUsage of job (MB)
	1041148  -  ResidentSetSize of job (KB)
...
006 (5415472.453.000) 07/17 22:42:17 Image size of job updated: 1604964
	1017  -  MemoryUsage of job (MB)
	1041156  -  ResidentSetSize of job (KB)
...
006 (5415472.453.000) 07/17 22:47:18 Image size of job updated: 1604964
	1017  -  MemoryUsage of job (MB)
	1041160  -  ResidentSetSize of job (KB)
...
006 (5415472.453.000) 07/18 02:27:39 Image size of job updated: 1604964
	1017  -  MemoryUsage of job (MB)
	1041168  -  ResidentSetSize of job (KB)
...
006 (5415472.453.000) 07/18 02:32:40 Image size of job updated: 1604964
	1017  -  MemoryUsage of job (MB)
	1041172  -  ResidentSetSize of job (KB)
...
006 (5415472.453.000) 07/18 03:07:44 Image size of job updated: 1604964
	1017  -  MemoryUsage of job (MB)
	1041184  -  ResidentSetSize of job (KB)
...
006 (5415472.453.000) 07/18 03:42:47 Image size of job updated: 1604964
	1017  -  MemoryUsage of job (MB)
	1041196  -  ResidentSetSize of job (KB)
...
006 (5415472.453.000) 07/18 04:22:52 Image size of job updated: 1604964
	1017  -  MemoryUsage of job (MB)
	1041208  -  ResidentSetSize of job (KB)
...
006 (5415472.453.000) 07/18 05:22:56 Image size of job updated: 1609060
	1019  -  MemoryUsage of job (MB)
	1043264  -  ResidentSetSize of job (KB)
...
006 (5415472.453.000) 07/18 05:37:57 Image size of job updated: 1609060
	1019  -  MemoryUsage of job (MB)
	1043272  -  ResidentSetSize of job (KB)
...
006 (5415472.453.000) 07/18 06:13:00 Image size of job updated: 1609060
	1019  -  MemoryUsage of job (MB)
	1043280  -  ResidentSetSize of job (KB)
...
006 (5415472.453.000) 07/18 06:48:01 Image size of job updated: 1609060
	1019  -  MemoryUsage of job (MB)
	1043284  -  ResidentSetSize of job (KB)
...
006 (5415472.453.000) 07/18 06:53:02 Image size of job updated: 1609060
	1019  -  MemoryUsage of job (MB)
	1043288  -  ResidentSetSize of job (KB)
...
006 (5415472.453.000) 07/18 07:23:06 Image size of job updated: 1609060
	1019  -  MemoryUsage of job (MB)
	1043296  -  ResidentSetSize of job (KB)
...
006 (5415472.453.000) 07/18 08:03:12 Image size of job updated: 1609060
	1019  -  MemoryUsage of job (MB)
	1043304  -  ResidentSetSize of job (KB)
...
006 (5415472.453.000) 07/18 08:43:15 Image size of job updated: 1609060
	1019  -  MemoryUsage of job (MB)
	1043312  -  ResidentSetSize of job (KB)
...
006 (5415472.453.000) 07/18 09:18:19 Image size of job updated: 1609060
	1019  -  MemoryUsage of job (MB)
	1043320  -  ResidentSetSize of job (KB)
...
006 (5415472.453.000) 07/18 09:53:22 Image size of job updated: 1609060
	1019  -  MemoryUsage of job (MB)
	1043328  -  ResidentSetSize of job (KB)
...
006 (5415472.453.000) 07/18 10:28:27 Image size of job updated: 1609060
	1019  -  MemoryUsage of job (MB)
	1043336  -  ResidentSetSize of job (KB)
...
006 (5415472.453.000) 07/18 11:08:31 Image size of job updated: 1609060
	1019  -  MemoryUsage of job (MB)
	1043344  -  ResidentSetSize of job (KB)
...
006 (5415472.453.000) 07/18 11:43:32 Image size of job updated: 1609060
	1019  -  MemoryUsage of job (MB)
	1043352  -  ResidentSetSize of job (KB)
...
006 (5415472.453.000) 07/18 12:23:38 Image size of job updated: 1609060
	1019  -  MemoryUsage of job (MB)
	1043360  -  ResidentSetSize of job (KB)
...
006 (5415472.453.000) 07/18 12:58:44 Image size of job updated: 1609060
	1019  -  MemoryUsage of job (MB)
	1043368  -  ResidentSetSize of job (KB)
...
006 (5415472.453.000) 07/18 13:38:47 Image size of job updated: 1609060
	1019  -  MemoryUsage of job (MB)
	1043376  -  ResidentSetSize of job (KB)
...
006 (5415472.453.000) 07/18 14:13:49 Image size of job updated: 1609060
	1019  -  MemoryUsage of job (MB)
	1043384  -  ResidentSetSize of job (KB)
...
006 (5415472.453.000) 07/18 14:43:52 Image size of job updated: 1609060
	1019  -  MemoryUsage of job (MB)
	1043388  -  ResidentSetSize of job (KB)
...
006 (5415472.453.000) 07/18 14:48:52 Image size of job updated: 1609060
	1019  -  MemoryUsage of job (MB)
	1043392  -  ResidentSetSize of job (KB)
...
006 (5415472.453.000) 07/18 15:23:53 Image size of job updated: 1609060
	1019  -  MemoryUsage of job (MB)
	1043400  -  ResidentSetSize of job (KB)
...
006 (5415472.453.000) 07/18 15:58:56 Image size of job updated: 1609060
	1019  -  MemoryUsage of job (MB)
	1043408  -  ResidentSetSize of job (KB)
...
006 (5415472.453.000) 07/18 16:33:59 Image size of job updated: 1609060
	1019  -  MemoryUsage of job (MB)
	1043416  -  ResidentSetSize of job (KB)
...
006 (5415472.453.000) 07/18 17:09:03 Image size of job updated: 1609060
	1019  -  MemoryUsage of job (MB)
	1043424  -  ResidentSetSize of job (KB)
...
006 (5415472.453.000) 07/18 17:44:07 Image size of job updated: 1609060
	1019  -  MemoryUsage of job (MB)
	1043432  -  ResidentSetSize of job (KB)
...
006 (5415472.453.000) 07/18 18:24:10 Image size of job updated: 1609060
	1019  -  MemoryUsage of job (MB)
	1043440  -  ResidentSetSize of job (KB)
...
006 (5415472.453.000) 07/18 18:59:13 Image size of job updated: 1609060
	1019  -  MemoryUsage of job (MB)
	1043448  -  ResidentSetSize of job (KB)
...
006 (5415472.453.000) 07/18 19:34:16 Image size of job updated: 1609060
	1019  -  MemoryUsage of job (MB)
	1043456  -  ResidentSetSize of job (KB)
...
006 (5415472.453.000) 07/18 20:09:19 Image size of job updated: 1609060
	1020  -  MemoryUsage of job (MB)
	1043464  -  ResidentSetSize of job (KB)
...
006 (5415472.453.000) 07/18 20:44:21 Image size of job updated: 1609060
	1020  -  MemoryUsage of job (MB)
	1043472  -  ResidentSetSize of job (KB)
...
006 (5415472.453.000) 07/18 21:19:23 Image size of job updated: 1609060
	1020  -  MemoryUsage of job (MB)
	1043480  -  ResidentSetSize of job (KB)
...
006 (5415472.453.000) 07/18 21:54:26 Image size of job updated: 1609060
	1020  -  MemoryUsage of job (MB)
	1043488  -  ResidentSetSize of job (KB)
...
006 (5415472.453.000) 07/18 22:24:29 Image size of job updated: 1609060
	1020  -  MemoryUsage of job (MB)
	1043496  -  ResidentSetSize of job (KB)
...
006 (5415472.453.000) 07/18 22:59:33 Image size of job updated: 1609060
	1020  -  MemoryUsage of job (MB)
	1043504  -  ResidentSetSize of job (KB)
...
006 (5415472.453.000) 07/18 23:34:38 Image size of job updated: 1609060
	1020  -  MemoryUsage of job (MB)
	1043512  -  ResidentSetSize of job (KB)
...
006 (5415472.453.000) 07/19 00:14:41 Image size of job updated: 1609060
	1020  -  MemoryUsage of job (MB)
	1043520  -  ResidentSetSize of job (KB)
...
006 (5415472.453.000) 07/19 00:49:44 Image size of job updated: 1609060
	1020  -  MemoryUsage of job (MB)
	1043528  -  ResidentSetSize of job (KB)
...
006 (5415472.453.000) 07/19 01:24:49 Image size of job updated: 1609060
	1020  -  MemoryUsage of job (MB)
	1043536  -  ResidentSetSize of job (KB)
...
006 (5415472.453.000) 07/19 02:04:52 Image size of job updated: 1609060
	1020  -  MemoryUsage of job (MB)
	1043544  -  ResidentSetSize of job (KB)
...
006 (5415472.453.000) 07/19 02:44:57 Image size of job updated: 1609060
	1020  -  MemoryUsage of job (MB)
	1043548  -  ResidentSetSize of job (KB)
...
006 (5415472.453.000) 07/19 03:20:00 Image size of job updated: 1609060
	1020  -  MemoryUsage of job (MB)
	1043556  -  ResidentSetSize of job (KB)
...
006 (5415472.453.000) 07/19 04:00:04 Image size of job updated: 1609060
	1020  -  MemoryUsage of job (MB)
	1043564  -  ResidentSetSize of job (KB)
...
006 (5415472.453.000) 07/19 04:30:07 Image size of job updated: 1609060
	1020  -  MemoryUsage of job (MB)
	1043572  -  ResidentSetSize of job (KB)
...
006 (5415472.453.000) 07/19 07:00:22 Image size of job updated: 1609060
	1020  -  MemoryUsage of job (MB)
	1043580  -  ResidentSetSize of job (KB)
...
006 (5415472.453.000) 07/19 07:35:24 Image size of job updated: 1609060
	1020  -  MemoryUsage of job (MB)
	1043588  -  ResidentSetSize of job (KB)
...
006 (5415472.453.000) 07/19 08:10:28 Image size of job updated: 1609060
	1020  -  MemoryUsage of job (MB)
	1043596  -  ResidentSetSize of job (KB)
...
006 (5415472.453.000) 07/19 08:50:30 Image size of job updated: 1609060
	1020  -  MemoryUsage of job (MB)
	1043604  -  ResidentSetSize of job (KB)
...
006 (5415472.453.000) 07/19 09:25:33 Image size of job updated: 1609060
	1020  -  MemoryUsage of job (MB)
	1043612  -  ResidentSetSize of job (KB)
...
006 (5415472.453.000) 07/19 10:00:38 Image size of job updated: 1609060
	1020  -  MemoryUsage of job (MB)
	1043620  -  ResidentSetSize of job (KB)
...
006 (5415472.453.000) 07/19 10:35:43 Image size of job updated: 1609060
	1020  -  MemoryUsage of job (MB)
	1043628  -  ResidentSetSize of job (KB)
...
006 (5415472.453.000) 07/19 11:10:48 Image size of job updated: 1609060
	1020  -  MemoryUsage of job (MB)
	1043636  -  ResidentSetSize of job (KB)
...
006 (5415472.453.000) 07/19 11:45:52 Image size of job updated: 1609060
	1020  -  MemoryUsage of job (MB)
	1043644  -  ResidentSetSize of job (KB)
...
006 (5415472.453.000) 07/19 12:25:55 Image size of job updated: 1609060
	1020  -  MemoryUsage of job (MB)
	1043652  -  ResidentSetSize of job (KB)
...
006 (5415472.453.000) 07/19 13:01:00 Image size of job updated: 1609060
	1020  -  MemoryUsage of job (MB)
	1043660  -  ResidentSetSize of job (KB)
...
006 (5415472.453.000) 07/19 13:36:03 Image size of job updated: 1609060
	1020  -  MemoryUsage of job (MB)
	1043668  -  ResidentSetSize of job (KB)
...
006 (5415472.453.000) 07/19 14:11:07 Image size of job updated: 1609060
	1020  -  MemoryUsage of job (MB)
	1043676  -  ResidentSetSize of job (KB)
...
006 (5415472.453.000) 07/19 14:46:11 Image size of job updated: 1609060
	1020  -  MemoryUsage of job (MB)
	1043684  -  ResidentSetSize of job (KB)
...
006 (5415472.453.000) 07/19 15:21:13 Image size of job updated: 1609060
	1020  -  MemoryUsage of job (MB)
	1043692  -  ResidentSetSize of job (KB)
...
006 (5415472.453.000) 07/19 15:56:16 Image size of job updated: 1609060
	1020  -  MemoryUsage of job (MB)
	1043700  -  ResidentSetSize of job (KB)
...
006 (5415472.453.000) 07/19 16:26:19 Image size of job updated: 1609060
	1020  -  MemoryUsage of job (MB)
	1043708  -  ResidentSetSize of job (KB)
...
006 (5415472.453.000) 07/19 17:01:21 Image size of job updated: 1609060
	1020  -  MemoryUsage of job (MB)
	1043716  -  ResidentSetSize of job (KB)
...
006 (5415472.453.000) 07/19 17:36:26 Image size of job updated: 1609060
	1020  -  MemoryUsage of job (MB)
	1043724  -  ResidentSetSize of job (KB)
...
006 (5415472.453.000) 07/19 18:06:31 Image size of job updated: 1609060
	1020  -  MemoryUsage of job (MB)
	1043732  -  ResidentSetSize of job (KB)
...
006 (5415472.453.000) 07/19 18:41:35 Image size of job updated: 1609060
	1020  -  MemoryUsage of job (MB)
	1043740  -  ResidentSetSize of job (KB)
...
006 (5415472.453.000) 07/19 19:11:36 Image size of job updated: 1609060
	1020  -  MemoryUsage of job (MB)
	1043748  -  ResidentSetSize of job (KB)
...
006 (5415472.453.000) 07/20 02:49:56 Image size of job updated: 1655084
	1020  -  MemoryUsage of job (MB)
	1043748  -  ResidentSetSize of job (KB)
...
040 (5415472.453.000) 07/20 02:49:56 Started transferring output files
...
040 (5415472.453.000) 07/20 02:50:00 Finished transferring output files
...
005 (5415472.453.000) 07/20 02:50:00 Job terminated.
	(1) Normal termination (return value 0)
		Usr 22 14:49:03, Sys 0 00:05:13  -  Run Remote Usage
		Usr 0 00:00:00, Sys 0 00:00:00  -  Run Local Usage
		Usr 22 14:49:03, Sys 0 00:05:13  -  Total Remote Usage
		Usr 0 00:00:00, Sys 0 00:00:00  -  Total Local Usage
	36559856  -  Run Bytes Sent By Job
	803  -  Run Bytes Received By Job
	36559856  -  Total Bytes Sent By Job
	803  -  Total Bytes Received By Job
	Partitionable Resources :    Usage  Request Allocated 
	   Cpus                 :     2.93        4         4 
	   Disk (KB)            : 35729    10485760  10864979 
	   Memory (MB)          :  1020        8000      8000 

	Job terminated of its own accord at 2021-07-20T00:49:56Z.
...
