000 (5415472.212.000) 07/11 14:02:29 Job submitted from host: <137.138.156.150:9618?addrs=137.138.156.150-9618+[2001-1458-d00-14--9a]-9618&alias=bigbird13.cern.ch&noUDP&sock=schedd_1788_ff6c>
...
040 (5415472.212.000) 07/11 14:20:11 Started transferring input files
	Transferring to host: <128.142.80.47:9618?addrs=128.142.80.47-9618+[2001-1458-301-f5--100-33c]-9618&alias=b7s13n5978.cern.ch&noUDP&sock=slot1_2_4712_c7b9_56426>
...
040 (5415472.212.000) 07/11 14:20:11 Finished transferring input files
...
001 (5415472.212.000) 07/11 14:20:12 Job executing on host: <128.142.80.47:9618?addrs=128.142.80.47-9618+[2001-1458-301-f5--100-33c]-9618&alias=b7s13n5978.cern.ch&noUDP&sock=startd_3882_4ebd>
...
006 (5415472.212.000) 07/11 14:20:21 Image size of job updated: 461008
	38  -  MemoryUsage of job (MB)
	38520  -  ResidentSetSize of job (KB)
...
006 (5415472.212.000) 07/11 14:25:21 Image size of job updated: 1591020
	1004  -  MemoryUsage of job (MB)
	1027472  -  ResidentSetSize of job (KB)
...
006 (5415472.212.000) 07/13 18:57:57 Image size of job updated: 1592004
	1004  -  MemoryUsage of job (MB)
	1027952  -  ResidentSetSize of job (KB)
...
006 (5415472.212.000) 07/13 19:58:03 Image size of job updated: 1592908
	1005  -  MemoryUsage of job (MB)
	1028856  -  ResidentSetSize of job (KB)
...
006 (5415472.212.000) 07/13 20:53:11 Image size of job updated: 1593812
	1006  -  MemoryUsage of job (MB)
	1029760  -  ResidentSetSize of job (KB)
...
006 (5415472.212.000) 07/13 21:53:18 Image size of job updated: 1594720
	1007  -  MemoryUsage of job (MB)
	1030668  -  ResidentSetSize of job (KB)
...
006 (5415472.212.000) 07/13 22:53:26 Image size of job updated: 1595624
	1008  -  MemoryUsage of job (MB)
	1031572  -  ResidentSetSize of job (KB)
...
006 (5415472.212.000) 07/13 23:53:31 Image size of job updated: 1596532
	1009  -  MemoryUsage of job (MB)
	1032480  -  ResidentSetSize of job (KB)
...
006 (5415472.212.000) 07/14 00:48:37 Image size of job updated: 1597436
	1010  -  MemoryUsage of job (MB)
	1033384  -  ResidentSetSize of job (KB)
...
006 (5415472.212.000) 07/14 01:43:43 Image size of job updated: 1598344
	1011  -  MemoryUsage of job (MB)
	1034292  -  ResidentSetSize of job (KB)
...
006 (5415472.212.000) 07/14 02:38:46 Image size of job updated: 1599248
	1011  -  MemoryUsage of job (MB)
	1035196  -  ResidentSetSize of job (KB)
...
006 (5415472.212.000) 07/14 03:28:54 Image size of job updated: 1600152
	1012  -  MemoryUsage of job (MB)
	1036100  -  ResidentSetSize of job (KB)
...
006 (5415472.212.000) 07/14 04:18:56 Image size of job updated: 1601060
	1013  -  MemoryUsage of job (MB)
	1037008  -  ResidentSetSize of job (KB)
...
006 (5415472.212.000) 07/14 05:09:00 Image size of job updated: 1601964
	1014  -  MemoryUsage of job (MB)
	1037912  -  ResidentSetSize of job (KB)
...
006 (5415472.212.000) 07/14 05:54:06 Image size of job updated: 1602872
	1015  -  MemoryUsage of job (MB)
	1038820  -  ResidentSetSize of job (KB)
...
006 (5415472.212.000) 07/14 06:44:14 Image size of job updated: 1603776
	1016  -  MemoryUsage of job (MB)
	1039724  -  ResidentSetSize of job (KB)
...
006 (5415472.212.000) 07/14 07:29:19 Image size of job updated: 1604680
	1017  -  MemoryUsage of job (MB)
	1040628  -  ResidentSetSize of job (KB)
...
006 (5415472.212.000) 07/14 08:19:26 Image size of job updated: 1605588
	1018  -  MemoryUsage of job (MB)
	1041536  -  ResidentSetSize of job (KB)
...
006 (5415472.212.000) 07/14 09:09:30 Image size of job updated: 1606492
	1019  -  MemoryUsage of job (MB)
	1042440  -  ResidentSetSize of job (KB)
...
006 (5415472.212.000) 07/14 09:59:35 Image size of job updated: 1607400
	1019  -  MemoryUsage of job (MB)
	1043348  -  ResidentSetSize of job (KB)
...
006 (5415472.212.000) 07/14 10:44:40 Image size of job updated: 1607400
	1020  -  MemoryUsage of job (MB)
	1044252  -  ResidentSetSize of job (KB)
...
006 (5415472.212.000) 07/14 10:49:40 Image size of job updated: 1608304
	1020  -  MemoryUsage of job (MB)
	1044252  -  ResidentSetSize of job (KB)
...
006 (5415472.212.000) 07/14 11:34:45 Image size of job updated: 1609208
	1021  -  MemoryUsage of job (MB)
	1045156  -  ResidentSetSize of job (KB)
...
006 (5415472.212.000) 07/14 12:24:49 Image size of job updated: 1610116
	1022  -  MemoryUsage of job (MB)
	1046064  -  ResidentSetSize of job (KB)
...
006 (5415472.212.000) 07/14 12:44:51 Image size of job updated: 1613188
	1024  -  MemoryUsage of job (MB)
	1047612  -  ResidentSetSize of job (KB)
...
006 (5415472.212.000) 07/14 13:09:54 Image size of job updated: 1613188
	1024  -  MemoryUsage of job (MB)
	1047624  -  ResidentSetSize of job (KB)
...
006 (5415472.212.000) 07/14 13:44:58 Image size of job updated: 1613188
	1024  -  MemoryUsage of job (MB)
	1047636  -  ResidentSetSize of job (KB)
...
006 (5415472.212.000) 07/14 14:25:02 Image size of job updated: 1613188
	1024  -  MemoryUsage of job (MB)
	1047648  -  ResidentSetSize of job (KB)
...
006 (5415472.212.000) 07/14 14:30:02 Image size of job updated: 1614092
	1024  -  MemoryUsage of job (MB)
	1048552  -  ResidentSetSize of job (KB)
...
006 (5415472.212.000) 07/14 15:00:05 Image size of job updated: 1614092
	1024  -  MemoryUsage of job (MB)
	1048564  -  ResidentSetSize of job (KB)
...
006 (5415472.212.000) 07/14 15:40:10 Image size of job updated: 1615000
	1025  -  MemoryUsage of job (MB)
	1049484  -  ResidentSetSize of job (KB)
...
006 (5415472.212.000) 07/14 16:15:14 Image size of job updated: 1615000
	1025  -  MemoryUsage of job (MB)
	1049496  -  ResidentSetSize of job (KB)
...
006 (5415472.212.000) 07/14 16:50:16 Image size of job updated: 1615904
	1026  -  MemoryUsage of job (MB)
	1050412  -  ResidentSetSize of job (KB)
...
006 (5415472.212.000) 07/14 17:30:19 Image size of job updated: 1615904
	1026  -  MemoryUsage of job (MB)
	1050424  -  ResidentSetSize of job (KB)
...
006 (5415472.212.000) 07/14 18:00:23 Image size of job updated: 1616812
	1027  -  MemoryUsage of job (MB)
	1051332  -  ResidentSetSize of job (KB)
...
006 (5415472.212.000) 07/14 18:05:24 Image size of job updated: 1616812
	1027  -  MemoryUsage of job (MB)
	1051344  -  ResidentSetSize of job (KB)
...
006 (5415472.212.000) 07/14 18:40:28 Image size of job updated: 1616812
	1027  -  MemoryUsage of job (MB)
	1051356  -  ResidentSetSize of job (KB)
...
006 (5415472.212.000) 07/14 19:05:30 Image size of job updated: 1617716
	1028  -  MemoryUsage of job (MB)
	1052260  -  ResidentSetSize of job (KB)
...
006 (5415472.212.000) 07/14 19:15:30 Image size of job updated: 1617716
	1028  -  MemoryUsage of job (MB)
	1052272  -  ResidentSetSize of job (KB)
...
006 (5415472.212.000) 07/14 19:51:07 Image size of job updated: 1617716
	1028  -  MemoryUsage of job (MB)
	1052284  -  ResidentSetSize of job (KB)
...
006 (5415472.212.000) 07/14 20:15:35 Image size of job updated: 1618620
	1029  -  MemoryUsage of job (MB)
	1053188  -  ResidentSetSize of job (KB)
...
006 (5415472.212.000) 07/14 20:30:36 Image size of job updated: 1618620
	1029  -  MemoryUsage of job (MB)
	1053200  -  ResidentSetSize of job (KB)
...
006 (5415472.212.000) 07/14 21:05:27 Image size of job updated: 1618620
	1029  -  MemoryUsage of job (MB)
	1053212  -  ResidentSetSize of job (KB)
...
006 (5415472.212.000) 07/14 21:21:22 Image size of job updated: 1619528
	1030  -  MemoryUsage of job (MB)
	1054120  -  ResidentSetSize of job (KB)
...
006 (5415472.212.000) 07/14 21:41:40 Image size of job updated: 1619528
	1030  -  MemoryUsage of job (MB)
	1054132  -  ResidentSetSize of job (KB)
...
006 (5415472.212.000) 07/14 22:16:43 Image size of job updated: 1619528
	1030  -  MemoryUsage of job (MB)
	1054144  -  ResidentSetSize of job (KB)
...
006 (5415472.212.000) 07/14 22:26:43 Image size of job updated: 1620432
	1031  -  MemoryUsage of job (MB)
	1055048  -  ResidentSetSize of job (KB)
...
006 (5415472.212.000) 07/14 22:46:46 Image size of job updated: 1620432
	1031  -  MemoryUsage of job (MB)
	1055060  -  ResidentSetSize of job (KB)
...
006 (5415472.212.000) 07/14 23:26:50 Image size of job updated: 1620432
	1031  -  MemoryUsage of job (MB)
	1055072  -  ResidentSetSize of job (KB)
...
006 (5415472.212.000) 07/14 23:31:50 Image size of job updated: 1621340
	1032  -  MemoryUsage of job (MB)
	1055980  -  ResidentSetSize of job (KB)
...
006 (5415472.212.000) 07/14 23:51:51 Image size of job updated: 1621340
	1032  -  MemoryUsage of job (MB)
	1055992  -  ResidentSetSize of job (KB)
...
006 (5415472.212.000) 07/15 00:31:55 Image size of job updated: 1621340
	1032  -  MemoryUsage of job (MB)
	1056004  -  ResidentSetSize of job (KB)
...
006 (5415472.212.000) 07/15 00:36:56 Image size of job updated: 1622244
	1033  -  MemoryUsage of job (MB)
	1056908  -  ResidentSetSize of job (KB)
...
006 (5415472.212.000) 07/15 01:01:58 Image size of job updated: 1622244
	1033  -  MemoryUsage of job (MB)
	1056920  -  ResidentSetSize of job (KB)
...
006 (5415472.212.000) 07/15 01:27:00 Image size of job updated: 1623148
	1034  -  MemoryUsage of job (MB)
	1057836  -  ResidentSetSize of job (KB)
...
006 (5415472.212.000) 07/15 02:02:04 Image size of job updated: 1623148
	1034  -  MemoryUsage of job (MB)
	1057848  -  ResidentSetSize of job (KB)
...
006 (5415472.212.000) 07/15 02:27:05 Image size of job updated: 1624056
	1034  -  MemoryUsage of job (MB)
	1058756  -  ResidentSetSize of job (KB)
...
006 (5415472.212.000) 07/15 02:32:05 Image size of job updated: 1624056
	1034  -  MemoryUsage of job (MB)
	1058768  -  ResidentSetSize of job (KB)
...
006 (5415472.212.000) 07/15 02:52:06 Image size of job updated: 1624056
	1034  -  MemoryUsage of job (MB)
	1058780  -  ResidentSetSize of job (KB)
...
006 (5415472.212.000) 07/15 03:17:10 Image size of job updated: 1624960
	1035  -  MemoryUsage of job (MB)
	1059684  -  ResidentSetSize of job (KB)
...
006 (5415472.212.000) 07/15 03:22:11 Image size of job updated: 1624960
	1035  -  MemoryUsage of job (MB)
	1059696  -  ResidentSetSize of job (KB)
...
006 (5415472.212.000) 07/15 03:57:15 Image size of job updated: 1624960
	1035  -  MemoryUsage of job (MB)
	1059708  -  ResidentSetSize of job (KB)
...
006 (5415472.212.000) 07/15 04:22:17 Image size of job updated: 1625868
	1036  -  MemoryUsage of job (MB)
	1060616  -  ResidentSetSize of job (KB)
...
006 (5415472.212.000) 07/15 04:32:19 Image size of job updated: 1625868
	1036  -  MemoryUsage of job (MB)
	1060628  -  ResidentSetSize of job (KB)
...
006 (5415472.212.000) 07/15 05:07:22 Image size of job updated: 1625868
	1036  -  MemoryUsage of job (MB)
	1060640  -  ResidentSetSize of job (KB)
...
006 (5415472.212.000) 07/15 05:27:26 Image size of job updated: 1626772
	1037  -  MemoryUsage of job (MB)
	1061544  -  ResidentSetSize of job (KB)
...
006 (5415472.212.000) 07/15 05:47:27 Image size of job updated: 1626772
	1037  -  MemoryUsage of job (MB)
	1061556  -  ResidentSetSize of job (KB)
...
006 (5415472.212.000) 07/15 06:22:29 Image size of job updated: 1626772
	1037  -  MemoryUsage of job (MB)
	1061568  -  ResidentSetSize of job (KB)
...
006 (5415472.212.000) 07/15 06:37:30 Image size of job updated: 1631300
	1042  -  MemoryUsage of job (MB)
	1066096  -  ResidentSetSize of job (KB)
...
006 (5415472.212.000) 07/15 06:57:30 Image size of job updated: 1631300
	1042  -  MemoryUsage of job (MB)
	1066108  -  ResidentSetSize of job (KB)
...
006 (5415472.212.000) 07/15 07:32:32 Image size of job updated: 1631300
	1042  -  MemoryUsage of job (MB)
	1066120  -  ResidentSetSize of job (KB)
...
006 (5415472.212.000) 07/15 08:07:36 Image size of job updated: 1631300
	1042  -  MemoryUsage of job (MB)
	1066132  -  ResidentSetSize of job (KB)
...
006 (5415472.212.000) 07/15 08:42:38 Image size of job updated: 1631300
	1042  -  MemoryUsage of job (MB)
	1066136  -  ResidentSetSize of job (KB)
...
006 (5415472.212.000) 07/15 08:47:39 Image size of job updated: 1631300
	1042  -  MemoryUsage of job (MB)
	1066144  -  ResidentSetSize of job (KB)
...
006 (5415472.212.000) 07/15 09:22:44 Image size of job updated: 1631300
	1042  -  MemoryUsage of job (MB)
	1066156  -  ResidentSetSize of job (KB)
...
006 (5415472.212.000) 07/15 09:57:48 Image size of job updated: 1631300
	1042  -  MemoryUsage of job (MB)
	1066168  -  ResidentSetSize of job (KB)
...
006 (5415472.212.000) 07/15 10:32:52 Image size of job updated: 1631300
	1042  -  MemoryUsage of job (MB)
	1066172  -  ResidentSetSize of job (KB)
...
006 (5415472.212.000) 07/15 10:37:52 Image size of job updated: 1631300
	1042  -  MemoryUsage of job (MB)
	1066180  -  ResidentSetSize of job (KB)
...
006 (5415472.212.000) 07/15 11:12:54 Image size of job updated: 1631300
	1042  -  MemoryUsage of job (MB)
	1066192  -  ResidentSetSize of job (KB)
...
006 (5415472.212.000) 07/15 11:47:59 Image size of job updated: 1631300
	1042  -  MemoryUsage of job (MB)
	1066204  -  ResidentSetSize of job (KB)
...
006 (5415472.212.000) 07/15 12:28:00 Image size of job updated: 1631300
	1042  -  MemoryUsage of job (MB)
	1066216  -  ResidentSetSize of job (KB)
...
006 (5415472.212.000) 07/15 13:03:03 Image size of job updated: 1631300
	1042  -  MemoryUsage of job (MB)
	1066228  -  ResidentSetSize of job (KB)
...
006 (5415472.212.000) 07/15 13:43:07 Image size of job updated: 1631300
	1042  -  MemoryUsage of job (MB)
	1066240  -  ResidentSetSize of job (KB)
...
006 (5415472.212.000) 07/15 14:19:33 Image size of job updated: 1631300
	1042  -  MemoryUsage of job (MB)
	1066252  -  ResidentSetSize of job (KB)
...
006 (5415472.212.000) 07/15 14:54:37 Image size of job updated: 1631300
	1042  -  MemoryUsage of job (MB)
	1066256  -  ResidentSetSize of job (KB)
...
006 (5415472.212.000) 07/15 14:59:37 Image size of job updated: 1631300
	1042  -  MemoryUsage of job (MB)
	1066264  -  ResidentSetSize of job (KB)
...
006 (5415472.212.000) 07/15 15:34:42 Image size of job updated: 1631300
	1042  -  MemoryUsage of job (MB)
	1066276  -  ResidentSetSize of job (KB)
...
006 (5415472.212.000) 07/15 16:14:47 Image size of job updated: 1631300
	1042  -  MemoryUsage of job (MB)
	1066288  -  ResidentSetSize of job (KB)
...
006 (5415472.212.000) 07/15 16:49:50 Image size of job updated: 1631300
	1042  -  MemoryUsage of job (MB)
	1066300  -  ResidentSetSize of job (KB)
...
006 (5415472.212.000) 07/15 17:24:51 Image size of job updated: 1631300
	1042  -  MemoryUsage of job (MB)
	1066308  -  ResidentSetSize of job (KB)
...
006 (5415472.212.000) 07/15 17:29:51 Image size of job updated: 1631300
	1042  -  MemoryUsage of job (MB)
	1066312  -  ResidentSetSize of job (KB)
...
006 (5415472.212.000) 07/15 18:04:55 Image size of job updated: 1631300
	1042  -  MemoryUsage of job (MB)
	1066324  -  ResidentSetSize of job (KB)
...
006 (5415472.212.000) 07/15 18:47:02 Image size of job updated: 1631300
	1042  -  MemoryUsage of job (MB)
	1066336  -  ResidentSetSize of job (KB)
...
006 (5415472.212.000) 07/15 19:23:14 Image size of job updated: 1631300
	1042  -  MemoryUsage of job (MB)
	1066348  -  ResidentSetSize of job (KB)
...
006 (5415472.212.000) 07/15 19:58:18 Image size of job updated: 1631300
	1042  -  MemoryUsage of job (MB)
	1066360  -  ResidentSetSize of job (KB)
...
006 (5415472.212.000) 07/15 20:33:23 Image size of job updated: 1631300
	1042  -  MemoryUsage of job (MB)
	1066364  -  ResidentSetSize of job (KB)
...
006 (5415472.212.000) 07/15 20:38:23 Image size of job updated: 1631300
	1042  -  MemoryUsage of job (MB)
	1066372  -  ResidentSetSize of job (KB)
...
006 (5415472.212.000) 07/15 21:13:27 Image size of job updated: 1631300
	1042  -  MemoryUsage of job (MB)
	1066384  -  ResidentSetSize of job (KB)
...
006 (5415472.212.000) 07/15 21:48:31 Image size of job updated: 1631300
	1042  -  MemoryUsage of job (MB)
	1066396  -  ResidentSetSize of job (KB)
...
006 (5415472.212.000) 07/15 22:28:33 Image size of job updated: 1631300
	1042  -  MemoryUsage of job (MB)
	1066408  -  ResidentSetSize of job (KB)
...
006 (5415472.212.000) 07/15 23:03:35 Image size of job updated: 1631300
	1042  -  MemoryUsage of job (MB)
	1066420  -  ResidentSetSize of job (KB)
...
006 (5415472.212.000) 07/15 23:38:39 Image size of job updated: 1631300
	1042  -  MemoryUsage of job (MB)
	1066432  -  ResidentSetSize of job (KB)
...
006 (5415472.212.000) 07/16 00:13:44 Image size of job updated: 1631300
	1042  -  MemoryUsage of job (MB)
	1066444  -  ResidentSetSize of job (KB)
...
006 (5415472.212.000) 07/16 00:43:48 Image size of job updated: 1631300
	1042  -  MemoryUsage of job (MB)
	1066456  -  ResidentSetSize of job (KB)
...
006 (5415472.212.000) 07/16 01:18:52 Image size of job updated: 1631300
	1042  -  MemoryUsage of job (MB)
	1066468  -  ResidentSetSize of job (KB)
...
006 (5415472.212.000) 07/16 01:53:56 Image size of job updated: 1631300
	1042  -  MemoryUsage of job (MB)
	1066480  -  ResidentSetSize of job (KB)
...
006 (5415472.212.000) 07/16 02:29:00 Image size of job updated: 1631300
	1042  -  MemoryUsage of job (MB)
	1066492  -  ResidentSetSize of job (KB)
...
006 (5415472.212.000) 07/16 03:04:03 Image size of job updated: 1631300
	1042  -  MemoryUsage of job (MB)
	1066504  -  ResidentSetSize of job (KB)
...
006 (5415472.212.000) 07/16 03:44:03 Image size of job updated: 1631300
	1042  -  MemoryUsage of job (MB)
	1066516  -  ResidentSetSize of job (KB)
...
006 (5415472.212.000) 07/16 04:19:07 Image size of job updated: 1631300
	1042  -  MemoryUsage of job (MB)
	1066528  -  ResidentSetSize of job (KB)
...
006 (5415472.212.000) 07/16 04:54:12 Image size of job updated: 1631300
	1042  -  MemoryUsage of job (MB)
	1066540  -  ResidentSetSize of job (KB)
...
006 (5415472.212.000) 07/16 05:29:12 Image size of job updated: 1631300
	1042  -  MemoryUsage of job (MB)
	1066552  -  ResidentSetSize of job (KB)
...
006 (5415472.212.000) 07/16 06:04:17 Image size of job updated: 1631300
	1042  -  MemoryUsage of job (MB)
	1066564  -  ResidentSetSize of job (KB)
...
006 (5415472.212.000) 07/16 06:34:20 Image size of job updated: 1631300
	1042  -  MemoryUsage of job (MB)
	1066568  -  ResidentSetSize of job (KB)
...
006 (5415472.212.000) 07/16 06:39:20 Image size of job updated: 1631300
	1042  -  MemoryUsage of job (MB)
	1066576  -  ResidentSetSize of job (KB)
...
006 (5415472.212.000) 07/16 07:09:23 Image size of job updated: 1631300
	1042  -  MemoryUsage of job (MB)
	1066588  -  ResidentSetSize of job (KB)
...
006 (5415472.212.000) 07/16 07:44:26 Image size of job updated: 1631300
	1042  -  MemoryUsage of job (MB)
	1066600  -  ResidentSetSize of job (KB)
...
006 (5415472.212.000) 07/16 08:19:31 Image size of job updated: 1631300
	1042  -  MemoryUsage of job (MB)
	1066612  -  ResidentSetSize of job (KB)
...
006 (5415472.212.000) 07/16 08:49:33 Image size of job updated: 1631300
	1042  -  MemoryUsage of job (MB)
	1066624  -  ResidentSetSize of job (KB)
...
006 (5415472.212.000) 07/16 09:19:37 Image size of job updated: 1631300
	1042  -  MemoryUsage of job (MB)
	1066636  -  ResidentSetSize of job (KB)
...
006 (5415472.212.000) 07/16 09:54:43 Image size of job updated: 1631300
	1042  -  MemoryUsage of job (MB)
	1066648  -  ResidentSetSize of job (KB)
...
040 (5415472.212.000) 07/16 10:15:56 Started transferring output files
...
040 (5415472.212.000) 07/16 10:15:56 Finished transferring output files
...
004 (5415472.212.000) 07/16 10:15:56 Job was evicted.
	(0) CPU times
		Usr 13 23:33:14, Sys 0 00:03:25  -  Run Remote Usage
		Usr 0 00:00:00, Sys 0 00:00:00  -  Run Local Usage
	96193  -  Run Bytes Sent By Job
	803  -  Run Bytes Received By Job
	Partitionable Resources :    Usage  Request Allocated 
	   Cpus                 :     2.90        4         4 
	   Disk (KB)            :   120    10485760  10737607 
	   Memory (MB)          :  1042        8000      8000 
...
