000 (5415472.075.000) 07/11 14:02:29 Job submitted from host: <137.138.156.150:9618?addrs=137.138.156.150-9618+[2001-1458-d00-14--9a]-9618&alias=bigbird13.cern.ch&noUDP&sock=schedd_1788_ff6c>
...
040 (5415472.075.000) 07/11 14:08:28 Started transferring input files
	Transferring to host: <188.184.168.63:9618?addrs=188.184.168.63-9618+[2001-1458-301-c0--100-490]-9618&alias=b7g52n7045.cern.ch&noUDP&sock=slot1_5_6494_5c41_71032>
...
040 (5415472.075.000) 07/11 14:08:28 Finished transferring input files
...
001 (5415472.075.000) 07/11 14:08:29 Job executing on host: <188.184.168.63:9618?addrs=188.184.168.63-9618+[2001-1458-301-c0--100-490]-9618&alias=b7g52n7045.cern.ch&noUDP&sock=startd_5192_dbce>
...
006 (5415472.075.000) 07/11 14:08:37 Image size of job updated: 570628
	64  -  MemoryUsage of job (MB)
	65052  -  ResidentSetSize of job (KB)
...
006 (5415472.075.000) 07/11 14:13:38 Image size of job updated: 1591004
	1004  -  MemoryUsage of job (MB)
	1027448  -  ResidentSetSize of job (KB)
...
006 (5415472.075.000) 07/13 19:34:43 Image size of job updated: 1591984
	1005  -  MemoryUsage of job (MB)
	1028108  -  ResidentSetSize of job (KB)
...
006 (5415472.075.000) 07/13 20:24:46 Image size of job updated: 1592892
	1005  -  MemoryUsage of job (MB)
	1029016  -  ResidentSetSize of job (KB)
...
006 (5415472.075.000) 07/13 21:24:51 Image size of job updated: 1593796
	1006  -  MemoryUsage of job (MB)
	1029904  -  ResidentSetSize of job (KB)
...
006 (5415472.075.000) 07/13 22:19:53 Image size of job updated: 1594704
	1007  -  MemoryUsage of job (MB)
	1030812  -  ResidentSetSize of job (KB)
...
006 (5415472.075.000) 07/13 23:24:59 Image size of job updated: 1595608
	1008  -  MemoryUsage of job (MB)
	1031716  -  ResidentSetSize of job (KB)
...
006 (5415472.075.000) 07/14 00:30:06 Image size of job updated: 1596512
	1009  -  MemoryUsage of job (MB)
	1032620  -  ResidentSetSize of job (KB)
...
006 (5415472.075.000) 07/14 01:30:13 Image size of job updated: 1597420
	1010  -  MemoryUsage of job (MB)
	1033528  -  ResidentSetSize of job (KB)
...
006 (5415472.075.000) 07/14 02:35:17 Image size of job updated: 1598324
	1011  -  MemoryUsage of job (MB)
	1034432  -  ResidentSetSize of job (KB)
...
006 (5415472.075.000) 07/14 03:40:24 Image size of job updated: 1599232
	1012  -  MemoryUsage of job (MB)
	1035336  -  ResidentSetSize of job (KB)
...
006 (5415472.075.000) 07/14 04:45:33 Image size of job updated: 1600136
	1012  -  MemoryUsage of job (MB)
	1036240  -  ResidentSetSize of job (KB)
...
006 (5415472.075.000) 07/14 05:50:41 Image size of job updated: 1601040
	1013  -  MemoryUsage of job (MB)
	1037140  -  ResidentSetSize of job (KB)
...
006 (5415472.075.000) 07/14 06:50:47 Image size of job updated: 1601948
	1014  -  MemoryUsage of job (MB)
	1038048  -  ResidentSetSize of job (KB)
...
006 (5415472.075.000) 07/14 07:55:53 Image size of job updated: 1602852
	1015  -  MemoryUsage of job (MB)
	1038944  -  ResidentSetSize of job (KB)
...
006 (5415472.075.000) 07/14 08:55:57 Image size of job updated: 1603760
	1016  -  MemoryUsage of job (MB)
	1039852  -  ResidentSetSize of job (KB)
...
006 (5415472.075.000) 07/14 10:01:04 Image size of job updated: 1604664
	1017  -  MemoryUsage of job (MB)
	1040752  -  ResidentSetSize of job (KB)
...
006 (5415472.075.000) 07/14 11:01:14 Image size of job updated: 1605572
	1018  -  MemoryUsage of job (MB)
	1041660  -  ResidentSetSize of job (KB)
...
006 (5415472.075.000) 07/14 12:01:20 Image size of job updated: 1606476
	1019  -  MemoryUsage of job (MB)
	1042564  -  ResidentSetSize of job (KB)
...
006 (5415472.075.000) 07/14 13:01:28 Image size of job updated: 1607380
	1020  -  MemoryUsage of job (MB)
	1043468  -  ResidentSetSize of job (KB)
...
006 (5415472.075.000) 07/14 13:51:35 Image size of job updated: 1608288
	1020  -  MemoryUsage of job (MB)
	1044376  -  ResidentSetSize of job (KB)
...
040 (5415472.075.000) 07/14 13:58:30 Started transferring output files
...
040 (5415472.075.000) 07/14 13:58:30 Finished transferring output files
...
004 (5415472.075.000) 07/14 13:58:30 Job was evicted.
	(0) CPU times
		Usr 8 16:02:17, Sys 0 00:02:46  -  Run Remote Usage
		Usr 0 00:00:00, Sys 0 00:00:00  -  Run Local Usage
	96202  -  Run Bytes Sent By Job
	803  -  Run Bytes Received By Job
	Partitionable Resources :    Usage  Request Allocated 
	   Cpus                 :     2.88        4         4 
	   Disk (KB)            :   120    10485760  10879617 
	   Memory (MB)          :  1020        8000      8000 
...
040 (5415472.075.000) 07/14 21:24:09 Started transferring input files
	Transferring to host: <128.142.87.7:9618?addrs=128.142.87.7-9618+[2001-1458-301-f6--100-128]-9618&alias=b7s14n1809.cern.ch&noUDP&sock=slot1_6_15371_028a_111459>
...
040 (5415472.075.000) 07/14 21:24:09 Finished transferring input files
...
001 (5415472.075.000) 07/14 21:24:10 Job executing on host: <128.142.87.7:9618?addrs=128.142.87.7-9618+[2001-1458-301-f6--100-128]-9618&alias=b7s14n1809.cern.ch&noUDP&sock=startd_16689_d826>
...
040 (5415472.075.000) 07/17 21:14:09 Started transferring output files
...
040 (5415472.075.000) 07/17 21:14:09 Finished transferring output files
...
004 (5415472.075.000) 07/17 21:14:09 Job was evicted.
	(0) CPU times
		Usr 8 15:27:39, Sys 0 00:05:27  -  Run Remote Usage
		Usr 0 00:00:00, Sys 0 00:00:00  -  Run Local Usage
	96430  -  Run Bytes Sent By Job
	97005  -  Run Bytes Received By Job
	Partitionable Resources :    Usage  Request Allocated 
	   Cpus                 :     2.84        4         4 
	   Disk (KB)            :   123    10485760  10766705 
	   Memory (MB)          :  1221        8000      8000 
...
