000 (5415472.257.000) 07/11 14:02:29 Job submitted from host: <137.138.156.150:9618?addrs=137.138.156.150-9618+[2001-1458-d00-14--9a]-9618&alias=bigbird13.cern.ch&noUDP&sock=schedd_1788_ff6c>
...
040 (5415472.257.000) 07/11 14:31:14 Started transferring input files
	Transferring to host: <128.142.57.85:9618?addrs=128.142.57.85-9618+[2001-1458-301-7--100-54]-9618&alias=b7s02p2118.cern.ch&noUDP&sock=slot1_1_6583_11a5_4797>
...
040 (5415472.257.000) 07/11 14:31:14 Finished transferring input files
...
001 (5415472.257.000) 07/11 14:31:15 Job executing on host: <128.142.57.85:9618?addrs=128.142.57.85-9618+[2001-1458-301-7--100-54]-9618&alias=b7s02p2118.cern.ch&noUDP&sock=startd_6116_a551>
...
006 (5415472.257.000) 07/11 14:31:24 Image size of job updated: 509592
	68  -  MemoryUsage of job (MB)
	69412  -  ResidentSetSize of job (KB)
...
006 (5415472.257.000) 07/11 14:36:25 Image size of job updated: 1590728
	1004  -  MemoryUsage of job (MB)
	1027180  -  ResidentSetSize of job (KB)
...
006 (5415472.257.000) 07/13 00:29:33 Image size of job updated: 1591708
	1004  -  MemoryUsage of job (MB)
	1027368  -  ResidentSetSize of job (KB)
...
006 (5415472.257.000) 07/13 01:09:38 Image size of job updated: 1592612
	1005  -  MemoryUsage of job (MB)
	1028268  -  ResidentSetSize of job (KB)
...
006 (5415472.257.000) 07/13 01:49:43 Image size of job updated: 1593520
	1006  -  MemoryUsage of job (MB)
	1029176  -  ResidentSetSize of job (KB)
...
006 (5415472.257.000) 07/13 02:29:48 Image size of job updated: 1594424
	1006  -  MemoryUsage of job (MB)
	1030080  -  ResidentSetSize of job (KB)
...
006 (5415472.257.000) 07/13 03:09:53 Image size of job updated: 1595332
	1007  -  MemoryUsage of job (MB)
	1030984  -  ResidentSetSize of job (KB)
...
006 (5415472.257.000) 07/13 03:49:58 Image size of job updated: 1596236
	1008  -  MemoryUsage of job (MB)
	1031884  -  ResidentSetSize of job (KB)
...
006 (5415472.257.000) 07/13 04:30:02 Image size of job updated: 1597144
	1009  -  MemoryUsage of job (MB)
	1032788  -  ResidentSetSize of job (KB)
...
006 (5415472.257.000) 07/13 05:10:04 Image size of job updated: 1598048
	1010  -  MemoryUsage of job (MB)
	1033692  -  ResidentSetSize of job (KB)
...
006 (5415472.257.000) 07/13 05:45:08 Image size of job updated: 1598952
	1011  -  MemoryUsage of job (MB)
	1034596  -  ResidentSetSize of job (KB)
...
006 (5415472.257.000) 07/13 06:25:12 Image size of job updated: 1599860
	1012  -  MemoryUsage of job (MB)
	1035504  -  ResidentSetSize of job (KB)
...
006 (5415472.257.000) 07/13 07:05:18 Image size of job updated: 1600764
	1013  -  MemoryUsage of job (MB)
	1036364  -  ResidentSetSize of job (KB)
...
006 (5415472.257.000) 07/13 07:45:22 Image size of job updated: 1601672
	1013  -  MemoryUsage of job (MB)
	1037260  -  ResidentSetSize of job (KB)
...
006 (5415472.257.000) 07/13 08:25:26 Image size of job updated: 1602576
	1014  -  MemoryUsage of job (MB)
	1038164  -  ResidentSetSize of job (KB)
...
006 (5415472.257.000) 07/13 09:10:34 Image size of job updated: 1603480
	1015  -  MemoryUsage of job (MB)
	1038976  -  ResidentSetSize of job (KB)
...
006 (5415472.257.000) 07/13 09:55:40 Image size of job updated: 1604388
	1016  -  MemoryUsage of job (MB)
	1039696  -  ResidentSetSize of job (KB)
...
006 (5415472.257.000) 07/13 10:35:45 Image size of job updated: 1605292
	1017  -  MemoryUsage of job (MB)
	1040600  -  ResidentSetSize of job (KB)
...
006 (5415472.257.000) 07/13 11:20:49 Image size of job updated: 1606200
	1018  -  MemoryUsage of job (MB)
	1041508  -  ResidentSetSize of job (KB)
...
007 (5415472.257.000) 07/13 11:36:56 Shadow exception!
	Assertion ERROR on (result)
	0  -  Run Bytes Sent By Job
	803  -  Run Bytes Received By Job
...
040 (5415472.257.000) 07/14 21:26:26 Started transferring input files
	Transferring to host: <128.142.161.141:9618?addrs=128.142.161.141-9618+[2001-1458-301-b9--100-a]-9618&alias=b7g03p9957.cern.ch&noUDP&sock=slot1_43_52212_d3c4_149381>
...
040 (5415472.257.000) 07/14 21:26:41 Finished transferring input files
...
001 (5415472.257.000) 07/14 21:27:41 Job executing on host: <128.142.161.141:9618?addrs=128.142.161.141-9618+[2001-1458-301-b9--100-a]-9618&alias=b7g03p9957.cern.ch&noUDP&sock=startd_70266_35c2>
...
