000 (5415472.292.000) 07/11 14:02:29 Job submitted from host: <137.138.156.150:9618?addrs=137.138.156.150-9618+[2001-1458-d00-14--9a]-9618&alias=bigbird13.cern.ch&noUDP&sock=schedd_1788_ff6c>
...
040 (5415472.292.000) 07/11 14:48:19 Started transferring input files
	Transferring to host: <128.142.57.99:9618?addrs=128.142.57.99-9618+[2001-1458-301-7--100-62]-9618&alias=b7s02p6468.cern.ch&noUDP&sock=slot1_18_6516_dc82_5176>
...
040 (5415472.292.000) 07/11 14:48:19 Finished transferring input files
...
001 (5415472.292.000) 07/11 14:48:20 Job executing on host: <128.142.57.99:9618?addrs=128.142.57.99-9618+[2001-1458-301-7--100-62]-9618&alias=b7s02p6468.cern.ch&noUDP&sock=startd_6051_0fa9>
...
006 (5415472.292.000) 07/11 14:48:28 Image size of job updated: 806800
	387  -  MemoryUsage of job (MB)
	396208  -  ResidentSetSize of job (KB)
...
006 (5415472.292.000) 07/11 14:53:28 Image size of job updated: 1590992
	1004  -  MemoryUsage of job (MB)
	1027428  -  ResidentSetSize of job (KB)
...
006 (5415472.292.000) 07/12 23:31:31 Image size of job updated: 1591972
	1005  -  MemoryUsage of job (MB)
	1028332  -  ResidentSetSize of job (KB)
...
006 (5415472.292.000) 07/13 00:11:34 Image size of job updated: 1592876
	1006  -  MemoryUsage of job (MB)
	1029236  -  ResidentSetSize of job (KB)
...
006 (5415472.292.000) 07/13 00:51:40 Image size of job updated: 1593784
	1006  -  MemoryUsage of job (MB)
	1030144  -  ResidentSetSize of job (KB)
...
006 (5415472.292.000) 07/13 01:36:43 Image size of job updated: 1594688
	1007  -  MemoryUsage of job (MB)
	1031048  -  ResidentSetSize of job (KB)
...
006 (5415472.292.000) 07/13 02:26:46 Image size of job updated: 1595596
	1008  -  MemoryUsage of job (MB)
	1031956  -  ResidentSetSize of job (KB)
...
006 (5415472.292.000) 07/13 03:11:50 Image size of job updated: 1596500
	1009  -  MemoryUsage of job (MB)
	1032860  -  ResidentSetSize of job (KB)
...
006 (5415472.292.000) 07/13 03:56:52 Image size of job updated: 1597404
	1010  -  MemoryUsage of job (MB)
	1033764  -  ResidentSetSize of job (KB)
...
006 (5415472.292.000) 07/13 04:41:57 Image size of job updated: 1598312
	1011  -  MemoryUsage of job (MB)
	1034672  -  ResidentSetSize of job (KB)
...
006 (5415472.292.000) 07/13 05:22:01 Image size of job updated: 1599216
	1012  -  MemoryUsage of job (MB)
	1035576  -  ResidentSetSize of job (KB)
...
006 (5415472.292.000) 07/13 06:02:06 Image size of job updated: 1600124
	1013  -  MemoryUsage of job (MB)
	1036484  -  ResidentSetSize of job (KB)
...
006 (5415472.292.000) 07/13 06:42:09 Image size of job updated: 1601028
	1014  -  MemoryUsage of job (MB)
	1037388  -  ResidentSetSize of job (KB)
...
006 (5415472.292.000) 07/13 07:27:16 Image size of job updated: 1601932
	1014  -  MemoryUsage of job (MB)
	1038292  -  ResidentSetSize of job (KB)
...
006 (5415472.292.000) 07/13 08:12:21 Image size of job updated: 1602840
	1015  -  MemoryUsage of job (MB)
	1039200  -  ResidentSetSize of job (KB)
...
006 (5415472.292.000) 07/13 08:57:24 Image size of job updated: 1603744
	1016  -  MemoryUsage of job (MB)
	1040104  -  ResidentSetSize of job (KB)
...
006 (5415472.292.000) 07/13 09:42:29 Image size of job updated: 1604652
	1017  -  MemoryUsage of job (MB)
	1041012  -  ResidentSetSize of job (KB)
...
006 (5415472.292.000) 07/13 10:32:35 Image size of job updated: 1605556
	1018  -  MemoryUsage of job (MB)
	1041916  -  ResidentSetSize of job (KB)
...
006 (5415472.292.000) 07/13 11:18:31 Image size of job updated: 1606464
	1019  -  MemoryUsage of job (MB)
	1042824  -  ResidentSetSize of job (KB)
...
006 (5415472.292.000) 07/13 12:02:17 Image size of job updated: 1607368
	1020  -  MemoryUsage of job (MB)
	1043728  -  ResidentSetSize of job (KB)
...
006 (5415472.292.000) 07/13 12:37:21 Image size of job updated: 1608272
	1021  -  MemoryUsage of job (MB)
	1044632  -  ResidentSetSize of job (KB)
...
006 (5415472.292.000) 07/13 13:12:25 Image size of job updated: 1609180
	1022  -  MemoryUsage of job (MB)
	1045540  -  ResidentSetSize of job (KB)
...
006 (5415472.292.000) 07/13 13:57:28 Image size of job updated: 1610084
	1022  -  MemoryUsage of job (MB)
	1046444  -  ResidentSetSize of job (KB)
...
006 (5415472.292.000) 07/13 14:17:30 Image size of job updated: 1613156
	1024  -  MemoryUsage of job (MB)
	1047992  -  ResidentSetSize of job (KB)
...
006 (5415472.292.000) 07/13 14:27:32 Image size of job updated: 1613156
	1024  -  MemoryUsage of job (MB)
	1048004  -  ResidentSetSize of job (KB)
...
006 (5415472.292.000) 07/13 14:47:34 Image size of job updated: 1613156
	1024  -  MemoryUsage of job (MB)
	1048016  -  ResidentSetSize of job (KB)
...
006 (5415472.292.000) 07/13 15:12:37 Image size of job updated: 1613156
	1024  -  MemoryUsage of job (MB)
	1048028  -  ResidentSetSize of job (KB)
...
006 (5415472.292.000) 07/13 15:22:39 Image size of job updated: 1614064
	1025  -  MemoryUsage of job (MB)
	1048936  -  ResidentSetSize of job (KB)
...
006 (5415472.292.000) 07/13 15:32:41 Image size of job updated: 1614064
	1025  -  MemoryUsage of job (MB)
	1048948  -  ResidentSetSize of job (KB)
...
006 (5415472.292.000) 07/13 15:57:42 Image size of job updated: 1614064
	1025  -  MemoryUsage of job (MB)
	1048960  -  ResidentSetSize of job (KB)
...
006 (5415472.292.000) 07/13 16:07:44 Image size of job updated: 1614968
	1026  -  MemoryUsage of job (MB)
	1049864  -  ResidentSetSize of job (KB)
...
006 (5415472.292.000) 07/13 16:22:44 Image size of job updated: 1614968
	1026  -  MemoryUsage of job (MB)
	1049876  -  ResidentSetSize of job (KB)
...
006 (5415472.292.000) 07/13 16:42:47 Image size of job updated: 1614968
	1026  -  MemoryUsage of job (MB)
	1049888  -  ResidentSetSize of job (KB)
...
006 (5415472.292.000) 07/13 16:52:48 Image size of job updated: 1615872
	1027  -  MemoryUsage of job (MB)
	1050792  -  ResidentSetSize of job (KB)
...
006 (5415472.292.000) 07/13 17:07:50 Image size of job updated: 1615872
	1027  -  MemoryUsage of job (MB)
	1050804  -  ResidentSetSize of job (KB)
...
006 (5415472.292.000) 07/13 17:27:51 Image size of job updated: 1615872
	1027  -  MemoryUsage of job (MB)
	1050816  -  ResidentSetSize of job (KB)
...
006 (5415472.292.000) 07/13 17:32:51 Image size of job updated: 1616780
	1028  -  MemoryUsage of job (MB)
	1051724  -  ResidentSetSize of job (KB)
...
006 (5415472.292.000) 07/13 17:52:52 Image size of job updated: 1616780
	1028  -  MemoryUsage of job (MB)
	1051736  -  ResidentSetSize of job (KB)
...
006 (5415472.292.000) 07/13 18:17:53 Image size of job updated: 1617684
	1028  -  MemoryUsage of job (MB)
	1052652  -  ResidentSetSize of job (KB)
...
006 (5415472.292.000) 07/13 18:37:55 Image size of job updated: 1617684
	1028  -  MemoryUsage of job (MB)
	1052664  -  ResidentSetSize of job (KB)
...
006 (5415472.292.000) 07/13 18:57:56 Image size of job updated: 1618592
	1029  -  MemoryUsage of job (MB)
	1053572  -  ResidentSetSize of job (KB)
...
006 (5415472.292.000) 07/13 19:02:57 Image size of job updated: 1618592
	1029  -  MemoryUsage of job (MB)
	1053584  -  ResidentSetSize of job (KB)
...
006 (5415472.292.000) 07/13 19:23:00 Image size of job updated: 1618592
	1029  -  MemoryUsage of job (MB)
	1053596  -  ResidentSetSize of job (KB)
...
006 (5415472.292.000) 07/13 19:43:04 Image size of job updated: 1619496
	1030  -  MemoryUsage of job (MB)
	1054500  -  ResidentSetSize of job (KB)
...
006 (5415472.292.000) 07/13 19:48:04 Image size of job updated: 1619496
	1030  -  MemoryUsage of job (MB)
	1054512  -  ResidentSetSize of job (KB)
...
006 (5415472.292.000) 07/13 20:13:06 Image size of job updated: 1619496
	1030  -  MemoryUsage of job (MB)
	1054524  -  ResidentSetSize of job (KB)
...
006 (5415472.292.000) 07/13 20:28:07 Image size of job updated: 1620400
	1031  -  MemoryUsage of job (MB)
	1055428  -  ResidentSetSize of job (KB)
...
006 (5415472.292.000) 07/13 20:33:08 Image size of job updated: 1620400
	1031  -  MemoryUsage of job (MB)
	1055440  -  ResidentSetSize of job (KB)
...
006 (5415472.292.000) 07/13 20:58:10 Image size of job updated: 1620400
	1031  -  MemoryUsage of job (MB)
	1055452  -  ResidentSetSize of job (KB)
...
006 (5415472.292.000) 07/13 21:13:12 Image size of job updated: 1621308
	1032  -  MemoryUsage of job (MB)
	1056360  -  ResidentSetSize of job (KB)
...
006 (5415472.292.000) 07/13 21:23:14 Image size of job updated: 1621308
	1032  -  MemoryUsage of job (MB)
	1056372  -  ResidentSetSize of job (KB)
...
006 (5415472.292.000) 07/13 21:48:18 Image size of job updated: 1621308
	1032  -  MemoryUsage of job (MB)
	1056384  -  ResidentSetSize of job (KB)
...
006 (5415472.292.000) 07/13 21:58:20 Image size of job updated: 1622212
	1033  -  MemoryUsage of job (MB)
	1057288  -  ResidentSetSize of job (KB)
...
006 (5415472.292.000) 07/13 22:13:21 Image size of job updated: 1622212
	1033  -  MemoryUsage of job (MB)
	1057300  -  ResidentSetSize of job (KB)
...
006 (5415472.292.000) 07/13 22:33:23 Image size of job updated: 1622212
	1033  -  MemoryUsage of job (MB)
	1057312  -  ResidentSetSize of job (KB)
...
006 (5415472.292.000) 07/13 22:38:23 Image size of job updated: 1623120
	1034  -  MemoryUsage of job (MB)
	1058220  -  ResidentSetSize of job (KB)
...
006 (5415472.292.000) 07/13 22:53:24 Image size of job updated: 1623120
	1034  -  MemoryUsage of job (MB)
	1058232  -  ResidentSetSize of job (KB)
...
006 (5415472.292.000) 07/13 23:18:26 Image size of job updated: 1623120
	1034  -  MemoryUsage of job (MB)
	1058244  -  ResidentSetSize of job (KB)
...
006 (5415472.292.000) 07/13 23:23:26 Image size of job updated: 1627648
	1038  -  MemoryUsage of job (MB)
	1062772  -  ResidentSetSize of job (KB)
...
006 (5415472.292.000) 07/13 23:38:27 Image size of job updated: 1627648
	1038  -  MemoryUsage of job (MB)
	1062784  -  ResidentSetSize of job (KB)
...
006 (5415472.292.000) 07/14 00:03:30 Image size of job updated: 1627648
	1038  -  MemoryUsage of job (MB)
	1062796  -  ResidentSetSize of job (KB)
...
006 (5415472.292.000) 07/14 00:28:33 Image size of job updated: 1627648
	1038  -  MemoryUsage of job (MB)
	1062808  -  ResidentSetSize of job (KB)
...
006 (5415472.292.000) 07/14 00:53:36 Image size of job updated: 1627648
	1038  -  MemoryUsage of job (MB)
	1062820  -  ResidentSetSize of job (KB)
...
006 (5415472.292.000) 07/14 01:18:39 Image size of job updated: 1627648
	1038  -  MemoryUsage of job (MB)
	1062832  -  ResidentSetSize of job (KB)
...
006 (5415472.292.000) 07/14 01:43:39 Image size of job updated: 1627648
	1038  -  MemoryUsage of job (MB)
	1062844  -  ResidentSetSize of job (KB)
...
006 (5415472.292.000) 07/14 02:08:42 Image size of job updated: 1627648
	1038  -  MemoryUsage of job (MB)
	1062856  -  ResidentSetSize of job (KB)
...
006 (5415472.292.000) 07/14 02:28:46 Image size of job updated: 1627648
	1038  -  MemoryUsage of job (MB)
	1062868  -  ResidentSetSize of job (KB)
...
006 (5415472.292.000) 07/14 02:53:46 Image size of job updated: 1627648
	1038  -  MemoryUsage of job (MB)
	1062880  -  ResidentSetSize of job (KB)
...
006 (5415472.292.000) 07/14 03:18:49 Image size of job updated: 1627648
	1038  -  MemoryUsage of job (MB)
	1062892  -  ResidentSetSize of job (KB)
...
006 (5415472.292.000) 07/14 03:43:51 Image size of job updated: 1627648
	1038  -  MemoryUsage of job (MB)
	1062904  -  ResidentSetSize of job (KB)
...
006 (5415472.292.000) 07/14 04:08:55 Image size of job updated: 1627648
	1039  -  MemoryUsage of job (MB)
	1062916  -  ResidentSetSize of job (KB)
...
006 (5415472.292.000) 07/14 04:28:57 Image size of job updated: 1627648
	1039  -  MemoryUsage of job (MB)
	1062920  -  ResidentSetSize of job (KB)
...
006 (5415472.292.000) 07/14 04:33:57 Image size of job updated: 1627648
	1039  -  MemoryUsage of job (MB)
	1062928  -  ResidentSetSize of job (KB)
...
006 (5415472.292.000) 07/14 05:04:02 Image size of job updated: 1627648
	1039  -  MemoryUsage of job (MB)
	1062940  -  ResidentSetSize of job (KB)
...
006 (5415472.292.000) 07/14 05:29:04 Image size of job updated: 1627648
	1039  -  MemoryUsage of job (MB)
	1062952  -  ResidentSetSize of job (KB)
...
006 (5415472.292.000) 07/14 05:49:04 Image size of job updated: 1627648
	1039  -  MemoryUsage of job (MB)
	1062964  -  ResidentSetSize of job (KB)
...
006 (5415472.292.000) 07/14 06:19:06 Image size of job updated: 1627648
	1039  -  MemoryUsage of job (MB)
	1062976  -  ResidentSetSize of job (KB)
...
006 (5415472.292.000) 07/14 06:39:08 Image size of job updated: 1627648
	1039  -  MemoryUsage of job (MB)
	1062988  -  ResidentSetSize of job (KB)
...
006 (5415472.292.000) 07/14 07:04:11 Image size of job updated: 1627648
	1039  -  MemoryUsage of job (MB)
	1063000  -  ResidentSetSize of job (KB)
...
006 (5415472.292.000) 07/14 07:29:14 Image size of job updated: 1627648
	1039  -  MemoryUsage of job (MB)
	1063012  -  ResidentSetSize of job (KB)
...
006 (5415472.292.000) 07/14 07:49:16 Image size of job updated: 1627648
	1039  -  MemoryUsage of job (MB)
	1063024  -  ResidentSetSize of job (KB)
...
006 (5415472.292.000) 07/14 08:14:18 Image size of job updated: 1627648
	1039  -  MemoryUsage of job (MB)
	1063036  -  ResidentSetSize of job (KB)
...
006 (5415472.292.000) 07/14 08:34:18 Image size of job updated: 1627648
	1039  -  MemoryUsage of job (MB)
	1063048  -  ResidentSetSize of job (KB)
...
006 (5415472.292.000) 07/14 08:54:20 Image size of job updated: 1627648
	1039  -  MemoryUsage of job (MB)
	1063060  -  ResidentSetSize of job (KB)
...
006 (5415472.292.000) 07/14 09:14:23 Image size of job updated: 1627648
	1039  -  MemoryUsage of job (MB)
	1063072  -  ResidentSetSize of job (KB)
...
006 (5415472.292.000) 07/14 09:34:26 Image size of job updated: 1627648
	1039  -  MemoryUsage of job (MB)
	1063084  -  ResidentSetSize of job (KB)
...
006 (5415472.292.000) 07/14 09:59:26 Image size of job updated: 1627648
	1039  -  MemoryUsage of job (MB)
	1063096  -  ResidentSetSize of job (KB)
...
006 (5415472.292.000) 07/14 10:19:29 Image size of job updated: 1627648
	1039  -  MemoryUsage of job (MB)
	1063108  -  ResidentSetSize of job (KB)
...
006 (5415472.292.000) 07/14 10:39:30 Image size of job updated: 1627648
	1039  -  MemoryUsage of job (MB)
	1063120  -  ResidentSetSize of job (KB)
...
006 (5415472.292.000) 07/14 11:04:32 Image size of job updated: 1627648
	1039  -  MemoryUsage of job (MB)
	1063132  -  ResidentSetSize of job (KB)
...
006 (5415472.292.000) 07/14 11:24:35 Image size of job updated: 1627648
	1039  -  MemoryUsage of job (MB)
	1063144  -  ResidentSetSize of job (KB)
...
006 (5415472.292.000) 07/14 11:44:38 Image size of job updated: 1627648
	1039  -  MemoryUsage of job (MB)
	1063156  -  ResidentSetSize of job (KB)
...
006 (5415472.292.000) 07/14 12:09:39 Image size of job updated: 1627648
	1039  -  MemoryUsage of job (MB)
	1063168  -  ResidentSetSize of job (KB)
...
006 (5415472.292.000) 07/14 12:29:42 Image size of job updated: 1627648
	1039  -  MemoryUsage of job (MB)
	1063180  -  ResidentSetSize of job (KB)
...
006 (5415472.292.000) 07/14 12:54:44 Image size of job updated: 1627648
	1039  -  MemoryUsage of job (MB)
	1063192  -  ResidentSetSize of job (KB)
...
006 (5415472.292.000) 07/14 13:14:46 Image size of job updated: 1627648
	1039  -  MemoryUsage of job (MB)
	1063204  -  ResidentSetSize of job (KB)
...
006 (5415472.292.000) 07/14 13:34:49 Image size of job updated: 1627648
	1039  -  MemoryUsage of job (MB)
	1063216  -  ResidentSetSize of job (KB)
...
006 (5415472.292.000) 07/14 13:54:53 Image size of job updated: 1627648
	1039  -  MemoryUsage of job (MB)
	1063228  -  ResidentSetSize of job (KB)
...
006 (5415472.292.000) 07/14 14:19:55 Image size of job updated: 1627648
	1039  -  MemoryUsage of job (MB)
	1063240  -  ResidentSetSize of job (KB)
...
006 (5415472.292.000) 07/14 14:39:58 Image size of job updated: 1627648
	1039  -  MemoryUsage of job (MB)
	1063252  -  ResidentSetSize of job (KB)
...
006 (5415472.292.000) 07/14 15:05:01 Image size of job updated: 1627648
	1039  -  MemoryUsage of job (MB)
	1063264  -  ResidentSetSize of job (KB)
...
006 (5415472.292.000) 07/14 15:25:05 Image size of job updated: 1627648
	1039  -  MemoryUsage of job (MB)
	1063276  -  ResidentSetSize of job (KB)
...
006 (5415472.292.000) 07/14 15:45:08 Image size of job updated: 1627648
	1039  -  MemoryUsage of job (MB)
	1063288  -  ResidentSetSize of job (KB)
...
006 (5415472.292.000) 07/14 16:05:09 Image size of job updated: 1627648
	1039  -  MemoryUsage of job (MB)
	1063300  -  ResidentSetSize of job (KB)
...
006 (5415472.292.000) 07/14 16:25:10 Image size of job updated: 1627648
	1039  -  MemoryUsage of job (MB)
	1063312  -  ResidentSetSize of job (KB)
...
006 (5415472.292.000) 07/14 16:45:10 Image size of job updated: 1627648
	1039  -  MemoryUsage of job (MB)
	1063324  -  ResidentSetSize of job (KB)
...
006 (5415472.292.000) 07/14 17:05:12 Image size of job updated: 1627648
	1039  -  MemoryUsage of job (MB)
	1063336  -  ResidentSetSize of job (KB)
...
006 (5415472.292.000) 07/14 17:25:15 Image size of job updated: 1627648
	1039  -  MemoryUsage of job (MB)
	1063348  -  ResidentSetSize of job (KB)
...
006 (5415472.292.000) 07/14 17:50:17 Image size of job updated: 1627648
	1039  -  MemoryUsage of job (MB)
	1063360  -  ResidentSetSize of job (KB)
...
006 (5415472.292.000) 07/14 18:10:19 Image size of job updated: 1627648
	1039  -  MemoryUsage of job (MB)
	1063372  -  ResidentSetSize of job (KB)
...
006 (5415472.292.000) 07/14 18:35:22 Image size of job updated: 1627648
	1039  -  MemoryUsage of job (MB)
	1063384  -  ResidentSetSize of job (KB)
...
006 (5415472.292.000) 07/14 18:55:25 Image size of job updated: 1627648
	1039  -  MemoryUsage of job (MB)
	1063396  -  ResidentSetSize of job (KB)
...
006 (5415472.292.000) 07/14 19:20:28 Image size of job updated: 1627648
	1039  -  MemoryUsage of job (MB)
	1063408  -  ResidentSetSize of job (KB)
...
006 (5415472.292.000) 07/14 19:40:29 Image size of job updated: 1627648
	1039  -  MemoryUsage of job (MB)
	1063420  -  ResidentSetSize of job (KB)
...
006 (5415472.292.000) 07/14 20:01:09 Image size of job updated: 1627648
	1039  -  MemoryUsage of job (MB)
	1063432  -  ResidentSetSize of job (KB)
...
006 (5415472.292.000) 07/14 20:21:13 Image size of job updated: 1627648
	1039  -  MemoryUsage of job (MB)
	1063444  -  ResidentSetSize of job (KB)
...
006 (5415472.292.000) 07/14 20:41:16 Image size of job updated: 1627648
	1039  -  MemoryUsage of job (MB)
	1063456  -  ResidentSetSize of job (KB)
...
006 (5415472.292.000) 07/14 21:07:51 Image size of job updated: 1627648
	1039  -  MemoryUsage of job (MB)
	1063468  -  ResidentSetSize of job (KB)
...
006 (5415472.292.000) 07/14 21:31:34 Image size of job updated: 1627648
	1039  -  MemoryUsage of job (MB)
	1063480  -  ResidentSetSize of job (KB)
...
006 (5415472.292.000) 07/14 21:52:34 Image size of job updated: 1627648
	1039  -  MemoryUsage of job (MB)
	1063492  -  ResidentSetSize of job (KB)
...
006 (5415472.292.000) 07/14 22:12:36 Image size of job updated: 1627648
	1039  -  MemoryUsage of job (MB)
	1063504  -  ResidentSetSize of job (KB)
...
006 (5415472.292.000) 07/14 22:37:40 Image size of job updated: 1627648
	1039  -  MemoryUsage of job (MB)
	1063516  -  ResidentSetSize of job (KB)
...
006 (5415472.292.000) 07/14 23:02:42 Image size of job updated: 1627648
	1039  -  MemoryUsage of job (MB)
	1063528  -  ResidentSetSize of job (KB)
...
006 (5415472.292.000) 07/14 23:22:45 Image size of job updated: 1627648
	1039  -  MemoryUsage of job (MB)
	1063540  -  ResidentSetSize of job (KB)
...
006 (5415472.292.000) 07/14 23:47:49 Image size of job updated: 1627648
	1039  -  MemoryUsage of job (MB)
	1063552  -  ResidentSetSize of job (KB)
...
006 (5415472.292.000) 07/15 00:07:50 Image size of job updated: 1627648
	1039  -  MemoryUsage of job (MB)
	1063564  -  ResidentSetSize of job (KB)
...
006 (5415472.292.000) 07/15 00:27:53 Image size of job updated: 1627648
	1039  -  MemoryUsage of job (MB)
	1063576  -  ResidentSetSize of job (KB)
...
006 (5415472.292.000) 07/15 00:52:55 Image size of job updated: 1627648
	1039  -  MemoryUsage of job (MB)
	1063588  -  ResidentSetSize of job (KB)
...
006 (5415472.292.000) 07/15 01:12:59 Image size of job updated: 1627648
	1039  -  MemoryUsage of job (MB)
	1063600  -  ResidentSetSize of job (KB)
...
006 (5415472.292.000) 07/15 01:33:01 Image size of job updated: 1627648
	1039  -  MemoryUsage of job (MB)
	1063612  -  ResidentSetSize of job (KB)
...
006 (5415472.292.000) 07/15 01:53:02 Image size of job updated: 1627648
	1039  -  MemoryUsage of job (MB)
	1063624  -  ResidentSetSize of job (KB)
...
006 (5415472.292.000) 07/15 02:13:03 Image size of job updated: 1627648
	1039  -  MemoryUsage of job (MB)
	1063636  -  ResidentSetSize of job (KB)
...
006 (5415472.292.000) 07/15 02:28:05 Image size of job updated: 1627648
	1039  -  MemoryUsage of job (MB)
	1063648  -  ResidentSetSize of job (KB)
...
006 (5415472.292.000) 07/15 02:48:08 Image size of job updated: 1627648
	1039  -  MemoryUsage of job (MB)
	1063660  -  ResidentSetSize of job (KB)
...
006 (5415472.292.000) 07/15 03:08:10 Image size of job updated: 1627648
	1039  -  MemoryUsage of job (MB)
	1063672  -  ResidentSetSize of job (KB)
...
006 (5415472.292.000) 07/15 03:33:13 Image size of job updated: 1627648
	1039  -  MemoryUsage of job (MB)
	1063684  -  ResidentSetSize of job (KB)
...
006 (5415472.292.000) 07/15 03:53:16 Image size of job updated: 1627648
	1039  -  MemoryUsage of job (MB)
	1063696  -  ResidentSetSize of job (KB)
...
006 (5415472.292.000) 07/15 04:13:18 Image size of job updated: 1627648
	1039  -  MemoryUsage of job (MB)
	1063708  -  ResidentSetSize of job (KB)
...
006 (5415472.292.000) 07/15 04:38:20 Image size of job updated: 1627648
	1039  -  MemoryUsage of job (MB)
	1063720  -  ResidentSetSize of job (KB)
...
006 (5415472.292.000) 07/15 04:58:22 Image size of job updated: 1627648
	1039  -  MemoryUsage of job (MB)
	1063732  -  ResidentSetSize of job (KB)
...
006 (5415472.292.000) 07/15 05:23:25 Image size of job updated: 1627648
	1039  -  MemoryUsage of job (MB)
	1063744  -  ResidentSetSize of job (KB)
...
006 (5415472.292.000) 07/15 05:43:26 Image size of job updated: 1627648
	1039  -  MemoryUsage of job (MB)
	1063756  -  ResidentSetSize of job (KB)
...
006 (5415472.292.000) 07/15 06:08:29 Image size of job updated: 1627648
	1039  -  MemoryUsage of job (MB)
	1063768  -  ResidentSetSize of job (KB)
...
006 (5415472.292.000) 07/15 06:28:31 Image size of job updated: 1627648
	1039  -  MemoryUsage of job (MB)
	1063780  -  ResidentSetSize of job (KB)
...
006 (5415472.292.000) 07/15 06:53:32 Image size of job updated: 1627648
	1039  -  MemoryUsage of job (MB)
	1063792  -  ResidentSetSize of job (KB)
...
006 (5415472.292.000) 07/15 07:18:35 Image size of job updated: 1627648
	1039  -  MemoryUsage of job (MB)
	1063804  -  ResidentSetSize of job (KB)
...
006 (5415472.292.000) 07/15 07:38:36 Image size of job updated: 1627648
	1039  -  MemoryUsage of job (MB)
	1063816  -  ResidentSetSize of job (KB)
...
006 (5415472.292.000) 07/15 08:03:38 Image size of job updated: 1627648
	1039  -  MemoryUsage of job (MB)
	1063828  -  ResidentSetSize of job (KB)
...
006 (5415472.292.000) 07/15 08:23:42 Image size of job updated: 1627648
	1039  -  MemoryUsage of job (MB)
	1063840  -  ResidentSetSize of job (KB)
...
006 (5415472.292.000) 07/15 08:43:43 Image size of job updated: 1627648
	1039  -  MemoryUsage of job (MB)
	1063852  -  ResidentSetSize of job (KB)
...
006 (5415472.292.000) 07/15 09:08:45 Image size of job updated: 1627648
	1039  -  MemoryUsage of job (MB)
	1063864  -  ResidentSetSize of job (KB)
...
006 (5415472.292.000) 07/15 09:33:48 Image size of job updated: 1627648
	1039  -  MemoryUsage of job (MB)
	1063876  -  ResidentSetSize of job (KB)
...
006 (5415472.292.000) 07/15 09:53:49 Image size of job updated: 1627648
	1039  -  MemoryUsage of job (MB)
	1063888  -  ResidentSetSize of job (KB)
...
006 (5415472.292.000) 07/15 10:18:50 Image size of job updated: 1627648
	1039  -  MemoryUsage of job (MB)
	1063900  -  ResidentSetSize of job (KB)
...
006 (5415472.292.000) 07/15 10:43:51 Image size of job updated: 1627648
	1039  -  MemoryUsage of job (MB)
	1063912  -  ResidentSetSize of job (KB)
...
006 (5415472.292.000) 07/15 11:08:55 Image size of job updated: 1627648
	1039  -  MemoryUsage of job (MB)
	1063924  -  ResidentSetSize of job (KB)
...
006 (5415472.292.000) 07/15 11:28:58 Image size of job updated: 1627648
	1039  -  MemoryUsage of job (MB)
	1063936  -  ResidentSetSize of job (KB)
...
006 (5415472.292.000) 07/15 11:54:01 Image size of job updated: 1627648
	1040  -  MemoryUsage of job (MB)
	1063948  -  ResidentSetSize of job (KB)
...
006 (5415472.292.000) 07/15 12:14:03 Image size of job updated: 1627648
	1040  -  MemoryUsage of job (MB)
	1063960  -  ResidentSetSize of job (KB)
...
006 (5415472.292.000) 07/15 14:14:11 Image size of job updated: 1631744
	1040  -  MemoryUsage of job (MB)
	1063960  -  ResidentSetSize of job (KB)
...
006 (5415472.292.000) 07/17 12:30:52 Image size of job updated: 1677760
	1040  -  MemoryUsage of job (MB)
	1063960  -  ResidentSetSize of job (KB)
...
040 (5415472.292.000) 07/17 12:30:52 Started transferring output files
...
040 (5415472.292.000) 07/17 12:30:55 Finished transferring output files
...
005 (5415472.292.000) 07/17 12:30:55 Job terminated.
	(1) Normal termination (return value 0)
		Usr 18 05:02:44, Sys 0 00:30:14  -  Run Remote Usage
		Usr 0 00:00:00, Sys 0 00:00:00  -  Run Local Usage
		Usr 18 05:02:44, Sys 0 00:30:14  -  Total Remote Usage
		Usr 0 00:00:00, Sys 0 00:00:00  -  Total Local Usage
	37004960  -  Run Bytes Sent By Job
	803  -  Run Bytes Received By Job
	37004960  -  Total Bytes Sent By Job
	803  -  Total Bytes Received By Job
	Partitionable Resources :    Usage  Request Allocated 
	   Cpus                 :     3.08        4         4 
	   Disk (KB)            : 36164    10485760  12009421 
	   Memory (MB)          :  1040        8000      8000 

	Job terminated of its own accord at 2021-07-17T10:30:52Z.
...
