000 (5415472.234.000) 07/11 14:02:29 Job submitted from host: <137.138.156.150:9618?addrs=137.138.156.150-9618+[2001-1458-d00-14--9a]-9618&alias=bigbird13.cern.ch&noUDP&sock=schedd_1788_ff6c>
...
040 (5415472.234.000) 07/11 14:20:18 Started transferring input files
	Transferring to host: <128.142.57.126:9618?addrs=128.142.57.126-9618+[2001-1458-301-7--100-7d]-9618&alias=b7s02p0455.cern.ch&noUDP&sock=slot1_30_7178_4cdd_4582>
...
040 (5415472.234.000) 07/11 14:20:18 Finished transferring input files
...
001 (5415472.234.000) 07/11 14:20:25 Job executing on host: <128.142.57.126:9618?addrs=128.142.57.126-9618+[2001-1458-301-7--100-7d]-9618&alias=b7s02p0455.cern.ch&noUDP&sock=startd_6717_e1bc>
...
006 (5415472.234.000) 07/11 14:20:34 Image size of job updated: 259256
	195  -  MemoryUsage of job (MB)
	198916  -  ResidentSetSize of job (KB)
...
006 (5415472.234.000) 07/11 14:25:34 Image size of job updated: 1590932
	1004  -  MemoryUsage of job (MB)
	1027376  -  ResidentSetSize of job (KB)
...
006 (5415472.234.000) 07/12 22:38:40 Image size of job updated: 1591912
	1004  -  MemoryUsage of job (MB)
	1027376  -  ResidentSetSize of job (KB)
...
006 (5415472.234.000) 07/12 23:23:46 Image size of job updated: 1592816
	1004  -  MemoryUsage of job (MB)
	1027376  -  ResidentSetSize of job (KB)
...
006 (5415472.234.000) 07/13 00:03:51 Image size of job updated: 1593724
	1004  -  MemoryUsage of job (MB)
	1027376  -  ResidentSetSize of job (KB)
...
006 (5415472.234.000) 07/13 00:48:57 Image size of job updated: 1594628
	1005  -  MemoryUsage of job (MB)
	1028228  -  ResidentSetSize of job (KB)
...
006 (5415472.234.000) 07/13 01:29:01 Image size of job updated: 1595536
	1006  -  MemoryUsage of job (MB)
	1029136  -  ResidentSetSize of job (KB)
...
006 (5415472.234.000) 07/13 02:09:06 Image size of job updated: 1596440
	1006  -  MemoryUsage of job (MB)
	1030040  -  ResidentSetSize of job (KB)
...
006 (5415472.234.000) 07/13 02:54:12 Image size of job updated: 1597344
	1007  -  MemoryUsage of job (MB)
	1030936  -  ResidentSetSize of job (KB)
...
006 (5415472.234.000) 07/13 03:34:16 Image size of job updated: 1598252
	1008  -  MemoryUsage of job (MB)
	1031624  -  ResidentSetSize of job (KB)
...
006 (5415472.234.000) 07/13 04:14:21 Image size of job updated: 1599156
	1009  -  MemoryUsage of job (MB)
	1032512  -  ResidentSetSize of job (KB)
...
006 (5415472.234.000) 07/13 04:49:23 Image size of job updated: 1600064
	1010  -  MemoryUsage of job (MB)
	1033420  -  ResidentSetSize of job (KB)
...
006 (5415472.234.000) 07/13 05:29:28 Image size of job updated: 1600968
	1011  -  MemoryUsage of job (MB)
	1034324  -  ResidentSetSize of job (KB)
...
006 (5415472.234.000) 07/13 06:09:33 Image size of job updated: 1601872
	1011  -  MemoryUsage of job (MB)
	1035220  -  ResidentSetSize of job (KB)
...
006 (5415472.234.000) 07/13 06:49:36 Image size of job updated: 1602780
	1012  -  MemoryUsage of job (MB)
	1036128  -  ResidentSetSize of job (KB)
...
006 (5415472.234.000) 07/13 07:34:40 Image size of job updated: 1603684
	1013  -  MemoryUsage of job (MB)
	1037032  -  ResidentSetSize of job (KB)
...
006 (5415472.234.000) 07/13 08:14:47 Image size of job updated: 1604592
	1014  -  MemoryUsage of job (MB)
	1037936  -  ResidentSetSize of job (KB)
...
006 (5415472.234.000) 07/13 08:54:52 Image size of job updated: 1605496
	1015  -  MemoryUsage of job (MB)
	1038676  -  ResidentSetSize of job (KB)
...
006 (5415472.234.000) 07/13 09:34:58 Image size of job updated: 1606404
	1016  -  MemoryUsage of job (MB)
	1039572  -  ResidentSetSize of job (KB)
...
006 (5415472.234.000) 07/13 10:20:01 Image size of job updated: 1607308
	1017  -  MemoryUsage of job (MB)
	1040444  -  ResidentSetSize of job (KB)
...
006 (5415472.234.000) 07/13 11:00:05 Image size of job updated: 1608212
	1017  -  MemoryUsage of job (MB)
	1041348  -  ResidentSetSize of job (KB)
...
006 (5415472.234.000) 07/13 11:41:34 Image size of job updated: 1609120
	1018  -  MemoryUsage of job (MB)
	1042244  -  ResidentSetSize of job (KB)
...
006 (5415472.234.000) 07/13 12:21:39 Image size of job updated: 1610024
	1019  -  MemoryUsage of job (MB)
	1043144  -  ResidentSetSize of job (KB)
...
006 (5415472.234.000) 07/13 12:41:40 Image size of job updated: 1613096
	1021  -  MemoryUsage of job (MB)
	1044692  -  ResidentSetSize of job (KB)
...
006 (5415472.234.000) 07/13 12:46:40 Image size of job updated: 1613096
	1021  -  MemoryUsage of job (MB)
	1044704  -  ResidentSetSize of job (KB)
...
006 (5415472.234.000) 07/13 13:06:44 Image size of job updated: 1613096
	1021  -  MemoryUsage of job (MB)
	1044716  -  ResidentSetSize of job (KB)
...
006 (5415472.234.000) 07/13 13:31:47 Image size of job updated: 1613096
	1021  -  MemoryUsage of job (MB)
	1044728  -  ResidentSetSize of job (KB)
...
006 (5415472.234.000) 07/13 13:41:47 Image size of job updated: 1614004
	1022  -  MemoryUsage of job (MB)
	1045636  -  ResidentSetSize of job (KB)
...
006 (5415472.234.000) 07/13 13:51:48 Image size of job updated: 1614004
	1022  -  MemoryUsage of job (MB)
	1045648  -  ResidentSetSize of job (KB)
...
006 (5415472.234.000) 07/13 14:11:50 Image size of job updated: 1614004
	1022  -  MemoryUsage of job (MB)
	1045660  -  ResidentSetSize of job (KB)
...
006 (5415472.234.000) 07/13 14:21:52 Image size of job updated: 1614908
	1023  -  MemoryUsage of job (MB)
	1046564  -  ResidentSetSize of job (KB)
...
006 (5415472.234.000) 07/13 14:36:52 Image size of job updated: 1614908
	1023  -  MemoryUsage of job (MB)
	1046576  -  ResidentSetSize of job (KB)
...
006 (5415472.234.000) 07/13 14:51:53 Image size of job updated: 1614908
	1023  -  MemoryUsage of job (MB)
	1046588  -  ResidentSetSize of job (KB)
...
006 (5415472.234.000) 07/13 14:56:54 Image size of job updated: 1615812
	1023  -  MemoryUsage of job (MB)
	1047492  -  ResidentSetSize of job (KB)
...
006 (5415472.234.000) 07/13 15:11:57 Image size of job updated: 1615812
	1023  -  MemoryUsage of job (MB)
	1047504  -  ResidentSetSize of job (KB)
...
006 (5415472.234.000) 07/13 15:31:59 Image size of job updated: 1616720
	1024  -  MemoryUsage of job (MB)
	1048424  -  ResidentSetSize of job (KB)
...
006 (5415472.234.000) 07/13 15:52:01 Image size of job updated: 1616720
	1024  -  MemoryUsage of job (MB)
	1048436  -  ResidentSetSize of job (KB)
...
006 (5415472.234.000) 07/13 16:12:03 Image size of job updated: 1616720
	1025  -  MemoryUsage of job (MB)
	1049352  -  ResidentSetSize of job (KB)
...
006 (5415472.234.000) 07/13 16:17:04 Image size of job updated: 1617624
	1025  -  MemoryUsage of job (MB)
	1049352  -  ResidentSetSize of job (KB)
...
006 (5415472.234.000) 07/13 16:37:08 Image size of job updated: 1617624
	1025  -  MemoryUsage of job (MB)
	1049364  -  ResidentSetSize of job (KB)
...
006 (5415472.234.000) 07/13 16:57:09 Image size of job updated: 1618532
	1026  -  MemoryUsage of job (MB)
	1050284  -  ResidentSetSize of job (KB)
...
006 (5415472.234.000) 07/13 17:32:50 Image size of job updated: 1619436
	1027  -  MemoryUsage of job (MB)
	1051168  -  ResidentSetSize of job (KB)
...
006 (5415472.234.000) 07/13 17:37:50 Image size of job updated: 1619436
	1027  -  MemoryUsage of job (MB)
	1051180  -  ResidentSetSize of job (KB)
...
006 (5415472.234.000) 07/13 17:57:52 Image size of job updated: 1619436
	1027  -  MemoryUsage of job (MB)
	1051192  -  ResidentSetSize of job (KB)
...
006 (5415472.234.000) 07/13 18:12:53 Image size of job updated: 1620340
	1028  -  MemoryUsage of job (MB)
	1052096  -  ResidentSetSize of job (KB)
...
006 (5415472.234.000) 07/13 18:17:53 Image size of job updated: 1620340
	1028  -  MemoryUsage of job (MB)
	1052108  -  ResidentSetSize of job (KB)
...
006 (5415472.234.000) 07/13 18:37:55 Image size of job updated: 1620340
	1028  -  MemoryUsage of job (MB)
	1052120  -  ResidentSetSize of job (KB)
...
006 (5415472.234.000) 07/13 18:47:56 Image size of job updated: 1621248
	1029  -  MemoryUsage of job (MB)
	1053028  -  ResidentSetSize of job (KB)
...
006 (5415472.234.000) 07/13 18:52:57 Image size of job updated: 1621248
	1029  -  MemoryUsage of job (MB)
	1053036  -  ResidentSetSize of job (KB)
...
006 (5415472.234.000) 07/13 18:57:57 Image size of job updated: 1621248
	1029  -  MemoryUsage of job (MB)
	1053040  -  ResidentSetSize of job (KB)
...
006 (5415472.234.000) 07/13 19:17:58 Image size of job updated: 1621248
	1029  -  MemoryUsage of job (MB)
	1053048  -  ResidentSetSize of job (KB)
...
006 (5415472.234.000) 07/13 19:22:58 Image size of job updated: 1622152
	1030  -  MemoryUsage of job (MB)
	1053952  -  ResidentSetSize of job (KB)
...
006 (5415472.234.000) 07/13 20:03:03 Image size of job updated: 1623060
	1031  -  MemoryUsage of job (MB)
	1054784  -  ResidentSetSize of job (KB)
...
006 (5415472.234.000) 07/13 20:18:03 Image size of job updated: 1623060
	1031  -  MemoryUsage of job (MB)
	1054796  -  ResidentSetSize of job (KB)
...
006 (5415472.234.000) 07/13 20:38:05 Image size of job updated: 1623964
	1031  -  MemoryUsage of job (MB)
	1055712  -  ResidentSetSize of job (KB)
...
006 (5415472.234.000) 07/13 20:58:06 Image size of job updated: 1623964
	1031  -  MemoryUsage of job (MB)
	1055724  -  ResidentSetSize of job (KB)
...
006 (5415472.234.000) 07/13 21:13:07 Image size of job updated: 1623964
	1031  -  MemoryUsage of job (MB)
	1055736  -  ResidentSetSize of job (KB)
...
006 (5415472.234.000) 07/13 21:18:07 Image size of job updated: 1628492
	1036  -  MemoryUsage of job (MB)
	1060264  -  ResidentSetSize of job (KB)
...
006 (5415472.234.000) 07/13 21:33:10 Image size of job updated: 1628492
	1036  -  MemoryUsage of job (MB)
	1060276  -  ResidentSetSize of job (KB)
...
006 (5415472.234.000) 07/13 21:53:13 Image size of job updated: 1628492
	1036  -  MemoryUsage of job (MB)
	1060288  -  ResidentSetSize of job (KB)
...
006 (5415472.234.000) 07/13 22:08:13 Image size of job updated: 1628492
	1036  -  MemoryUsage of job (MB)
	1060300  -  ResidentSetSize of job (KB)
...
006 (5415472.234.000) 07/13 22:28:15 Image size of job updated: 1628492
	1036  -  MemoryUsage of job (MB)
	1060312  -  ResidentSetSize of job (KB)
...
006 (5415472.234.000) 07/13 23:08:22 Image size of job updated: 1628492
	1036  -  MemoryUsage of job (MB)
	1060324  -  ResidentSetSize of job (KB)
...
006 (5415472.234.000) 07/13 23:33:26 Image size of job updated: 1628492
	1036  -  MemoryUsage of job (MB)
	1060336  -  ResidentSetSize of job (KB)
...
006 (5415472.234.000) 07/13 23:53:28 Image size of job updated: 1628492
	1036  -  MemoryUsage of job (MB)
	1060348  -  ResidentSetSize of job (KB)
...
006 (5415472.234.000) 07/14 00:18:30 Image size of job updated: 1628492
	1036  -  MemoryUsage of job (MB)
	1060360  -  ResidentSetSize of job (KB)
...
006 (5415472.234.000) 07/14 00:38:31 Image size of job updated: 1628492
	1036  -  MemoryUsage of job (MB)
	1060372  -  ResidentSetSize of job (KB)
...
006 (5415472.234.000) 07/14 00:58:33 Image size of job updated: 1628492
	1036  -  MemoryUsage of job (MB)
	1060376  -  ResidentSetSize of job (KB)
...
006 (5415472.234.000) 07/14 01:23:37 Image size of job updated: 1628492
	1036  -  MemoryUsage of job (MB)
	1060388  -  ResidentSetSize of job (KB)
...
006 (5415472.234.000) 07/14 01:43:41 Image size of job updated: 1628492
	1036  -  MemoryUsage of job (MB)
	1060400  -  ResidentSetSize of job (KB)
...
006 (5415472.234.000) 07/14 01:58:44 Image size of job updated: 1628492
	1036  -  MemoryUsage of job (MB)
	1060412  -  ResidentSetSize of job (KB)
...
006 (5415472.234.000) 07/14 02:18:47 Image size of job updated: 1628492
	1036  -  MemoryUsage of job (MB)
	1060420  -  ResidentSetSize of job (KB)
...
006 (5415472.234.000) 07/14 02:43:49 Image size of job updated: 1628492
	1036  -  MemoryUsage of job (MB)
	1060432  -  ResidentSetSize of job (KB)
...
006 (5415472.234.000) 07/14 03:03:51 Image size of job updated: 1628492
	1036  -  MemoryUsage of job (MB)
	1060444  -  ResidentSetSize of job (KB)
...
006 (5415472.234.000) 07/14 03:23:55 Image size of job updated: 1628492
	1036  -  MemoryUsage of job (MB)
	1060456  -  ResidentSetSize of job (KB)
...
006 (5415472.234.000) 07/14 03:43:56 Image size of job updated: 1628492
	1036  -  MemoryUsage of job (MB)
	1060468  -  ResidentSetSize of job (KB)
...
006 (5415472.234.000) 07/14 04:03:57 Image size of job updated: 1628492
	1036  -  MemoryUsage of job (MB)
	1060480  -  ResidentSetSize of job (KB)
...
006 (5415472.234.000) 07/14 05:59:10 Image size of job updated: 1628492
	1036  -  MemoryUsage of job (MB)
	1060488  -  ResidentSetSize of job (KB)
...
006 (5415472.234.000) 07/14 06:29:30 Image size of job updated: 1628492
	1036  -  MemoryUsage of job (MB)
	1060500  -  ResidentSetSize of job (KB)
...
006 (5415472.234.000) 07/14 06:49:15 Image size of job updated: 1628492
	1036  -  MemoryUsage of job (MB)
	1060512  -  ResidentSetSize of job (KB)
...
006 (5415472.234.000) 07/14 07:09:17 Image size of job updated: 1628492
	1036  -  MemoryUsage of job (MB)
	1060524  -  ResidentSetSize of job (KB)
...
006 (5415472.234.000) 07/14 07:29:20 Image size of job updated: 1628492
	1036  -  MemoryUsage of job (MB)
	1060536  -  ResidentSetSize of job (KB)
...
006 (5415472.234.000) 07/14 07:54:23 Image size of job updated: 1628492
	1036  -  MemoryUsage of job (MB)
	1060548  -  ResidentSetSize of job (KB)
...
006 (5415472.234.000) 07/14 08:14:25 Image size of job updated: 1628492
	1036  -  MemoryUsage of job (MB)
	1060560  -  ResidentSetSize of job (KB)
...
006 (5415472.234.000) 07/14 08:34:28 Image size of job updated: 1628492
	1036  -  MemoryUsage of job (MB)
	1060572  -  ResidentSetSize of job (KB)
...
006 (5415472.234.000) 07/14 08:54:31 Image size of job updated: 1628492
	1036  -  MemoryUsage of job (MB)
	1060584  -  ResidentSetSize of job (KB)
...
006 (5415472.234.000) 07/14 09:14:35 Image size of job updated: 1628492
	1036  -  MemoryUsage of job (MB)
	1060596  -  ResidentSetSize of job (KB)
...
006 (5415472.234.000) 07/14 09:34:37 Image size of job updated: 1628492
	1036  -  MemoryUsage of job (MB)
	1060604  -  ResidentSetSize of job (KB)
...
006 (5415472.234.000) 07/14 09:49:37 Image size of job updated: 1628492
	1036  -  MemoryUsage of job (MB)
	1060616  -  ResidentSetSize of job (KB)
...
006 (5415472.234.000) 07/14 10:09:39 Image size of job updated: 1628492
	1036  -  MemoryUsage of job (MB)
	1060620  -  ResidentSetSize of job (KB)
...
006 (5415472.234.000) 07/14 10:29:42 Image size of job updated: 1628492
	1036  -  MemoryUsage of job (MB)
	1060632  -  ResidentSetSize of job (KB)
...
006 (5415472.234.000) 07/14 10:49:45 Image size of job updated: 1628492
	1036  -  MemoryUsage of job (MB)
	1060644  -  ResidentSetSize of job (KB)
...
006 (5415472.234.000) 07/14 11:09:48 Image size of job updated: 1628492
	1036  -  MemoryUsage of job (MB)
	1060652  -  ResidentSetSize of job (KB)
...
006 (5415472.234.000) 07/14 11:29:49 Image size of job updated: 1628492
	1036  -  MemoryUsage of job (MB)
	1060664  -  ResidentSetSize of job (KB)
...
006 (5415472.234.000) 07/14 11:49:49 Image size of job updated: 1628492
	1036  -  MemoryUsage of job (MB)
	1060672  -  ResidentSetSize of job (KB)
...
006 (5415472.234.000) 07/14 12:09:49 Image size of job updated: 1628492
	1036  -  MemoryUsage of job (MB)
	1060684  -  ResidentSetSize of job (KB)
...
006 (5415472.234.000) 07/14 12:29:51 Image size of job updated: 1628492
	1036  -  MemoryUsage of job (MB)
	1060696  -  ResidentSetSize of job (KB)
...
006 (5415472.234.000) 07/14 12:49:52 Image size of job updated: 1628492
	1036  -  MemoryUsage of job (MB)
	1060708  -  ResidentSetSize of job (KB)
...
006 (5415472.234.000) 07/14 13:09:53 Image size of job updated: 1628492
	1036  -  MemoryUsage of job (MB)
	1060720  -  ResidentSetSize of job (KB)
...
006 (5415472.234.000) 07/14 13:34:54 Image size of job updated: 1628492
	1036  -  MemoryUsage of job (MB)
	1060732  -  ResidentSetSize of job (KB)
...
006 (5415472.234.000) 07/14 13:54:57 Image size of job updated: 1628492
	1036  -  MemoryUsage of job (MB)
	1060744  -  ResidentSetSize of job (KB)
...
006 (5415472.234.000) 07/15 09:33:37 Image size of job updated: 1632588
	1036  -  MemoryUsage of job (MB)
	1060744  -  ResidentSetSize of job (KB)
...
006 (5415472.234.000) 07/17 07:00:57 Image size of job updated: 1678608
	1036  -  MemoryUsage of job (MB)
	1060744  -  ResidentSetSize of job (KB)
...
040 (5415472.234.000) 07/17 07:00:57 Started transferring output files
...
040 (5415472.234.000) 07/17 07:01:00 Finished transferring output files
...
005 (5415472.234.000) 07/17 07:01:00 Job terminated.
	(1) Normal termination (return value 0)
		Usr 17 13:55:05, Sys 0 00:28:57  -  Run Remote Usage
		Usr 0 00:00:00, Sys 0 00:00:00  -  Run Local Usage
		Usr 17 13:55:05, Sys 0 00:28:57  -  Total Remote Usage
		Usr 0 00:00:00, Sys 0 00:00:00  -  Total Local Usage
	37032596  -  Run Bytes Sent By Job
	803  -  Run Bytes Received By Job
	37032596  -  Total Bytes Sent By Job
	803  -  Total Bytes Received By Job
	Partitionable Resources :    Usage  Request Allocated 
	   Cpus                 :     3.10        4         4 
	   Disk (KB)            : 36191    10485760  11278059 
	   Memory (MB)          :  1036        8000      8000 

	Job terminated of its own accord at 2021-07-17T05:00:57Z.
...
