000 (5415472.180.000) 07/11 14:02:29 Job submitted from host: <137.138.156.150:9618?addrs=137.138.156.150-9618+[2001-1458-d00-14--9a]-9618&alias=bigbird13.cern.ch&noUDP&sock=schedd_1788_ff6c>
...
040 (5415472.180.000) 07/11 14:16:43 Started transferring input files
	Transferring to host: <128.142.57.149:9618?addrs=128.142.57.149-9618+[2001-1458-301-7--100-94]-9618&alias=b7s02p6948.cern.ch&noUDP&sock=slot1_2_6708_248a_5006>
...
040 (5415472.180.000) 07/11 14:16:43 Finished transferring input files
...
001 (5415472.180.000) 07/11 14:16:44 Job executing on host: <128.142.57.149:9618?addrs=128.142.57.149-9618+[2001-1458-301-7--100-94]-9618&alias=b7s02p6948.cern.ch&noUDP&sock=startd_6240_b30f>
...
006 (5415472.180.000) 07/11 14:16:53 Image size of job updated: 106608
	45  -  MemoryUsage of job (MB)
	45608  -  ResidentSetSize of job (KB)
...
006 (5415472.180.000) 07/11 14:21:53 Image size of job updated: 1591036
	1004  -  MemoryUsage of job (MB)
	1027472  -  ResidentSetSize of job (KB)
...
006 (5415472.180.000) 07/12 23:45:28 Image size of job updated: 1592016
	1005  -  MemoryUsage of job (MB)
	1028344  -  ResidentSetSize of job (KB)
...
006 (5415472.180.000) 07/13 00:25:33 Image size of job updated: 1592920
	1006  -  MemoryUsage of job (MB)
	1029248  -  ResidentSetSize of job (KB)
...
006 (5415472.180.000) 07/13 01:10:37 Image size of job updated: 1593828
	1007  -  MemoryUsage of job (MB)
	1030156  -  ResidentSetSize of job (KB)
...
006 (5415472.180.000) 07/13 01:55:43 Image size of job updated: 1594732
	1007  -  MemoryUsage of job (MB)
	1031060  -  ResidentSetSize of job (KB)
...
006 (5415472.180.000) 07/13 02:35:50 Image size of job updated: 1595640
	1008  -  MemoryUsage of job (MB)
	1031968  -  ResidentSetSize of job (KB)
...
006 (5415472.180.000) 07/13 03:15:55 Image size of job updated: 1596544
	1009  -  MemoryUsage of job (MB)
	1032872  -  ResidentSetSize of job (KB)
...
006 (5415472.180.000) 07/13 03:56:00 Image size of job updated: 1597448
	1010  -  MemoryUsage of job (MB)
	1033776  -  ResidentSetSize of job (KB)
...
006 (5415472.180.000) 07/13 04:36:04 Image size of job updated: 1598356
	1011  -  MemoryUsage of job (MB)
	1034684  -  ResidentSetSize of job (KB)
...
006 (5415472.180.000) 07/13 05:16:08 Image size of job updated: 1599260
	1012  -  MemoryUsage of job (MB)
	1035588  -  ResidentSetSize of job (KB)
...
006 (5415472.180.000) 07/13 05:56:09 Image size of job updated: 1600168
	1013  -  MemoryUsage of job (MB)
	1036496  -  ResidentSetSize of job (KB)
...
006 (5415472.180.000) 07/13 06:36:14 Image size of job updated: 1601072
	1014  -  MemoryUsage of job (MB)
	1037400  -  ResidentSetSize of job (KB)
...
006 (5415472.180.000) 07/13 07:16:19 Image size of job updated: 1601980
	1014  -  MemoryUsage of job (MB)
	1038304  -  ResidentSetSize of job (KB)
...
006 (5415472.180.000) 07/13 08:01:23 Image size of job updated: 1602884
	1015  -  MemoryUsage of job (MB)
	1039212  -  ResidentSetSize of job (KB)
...
006 (5415472.180.000) 07/13 08:46:26 Image size of job updated: 1603788
	1016  -  MemoryUsage of job (MB)
	1040116  -  ResidentSetSize of job (KB)
...
006 (5415472.180.000) 07/13 09:31:32 Image size of job updated: 1604696
	1017  -  MemoryUsage of job (MB)
	1041024  -  ResidentSetSize of job (KB)
...
006 (5415472.180.000) 07/13 10:11:39 Image size of job updated: 1605600
	1018  -  MemoryUsage of job (MB)
	1041928  -  ResidentSetSize of job (KB)
...
006 (5415472.180.000) 07/13 10:51:42 Image size of job updated: 1606508
	1019  -  MemoryUsage of job (MB)
	1042836  -  ResidentSetSize of job (KB)
...
006 (5415472.180.000) 07/13 11:31:47 Image size of job updated: 1607412
	1020  -  MemoryUsage of job (MB)
	1043740  -  ResidentSetSize of job (KB)
...
006 (5415472.180.000) 07/13 12:12:16 Image size of job updated: 1608316
	1021  -  MemoryUsage of job (MB)
	1044644  -  ResidentSetSize of job (KB)
...
006 (5415472.180.000) 07/13 12:52:15 Image size of job updated: 1609224
	1022  -  MemoryUsage of job (MB)
	1045552  -  ResidentSetSize of job (KB)
...
006 (5415472.180.000) 07/13 13:11:36 Image size of job updated: 1612296
	1023  -  MemoryUsage of job (MB)
	1047100  -  ResidentSetSize of job (KB)
...
006 (5415472.180.000) 07/13 13:26:37 Image size of job updated: 1612296
	1023  -  MemoryUsage of job (MB)
	1047112  -  ResidentSetSize of job (KB)
...
006 (5415472.180.000) 07/13 13:51:39 Image size of job updated: 1612296
	1023  -  MemoryUsage of job (MB)
	1047124  -  ResidentSetSize of job (KB)
...
006 (5415472.180.000) 07/13 14:11:40 Image size of job updated: 1612296
	1023  -  MemoryUsage of job (MB)
	1047136  -  ResidentSetSize of job (KB)
...
006 (5415472.180.000) 07/13 14:16:41 Image size of job updated: 1613200
	1024  -  MemoryUsage of job (MB)
	1048040  -  ResidentSetSize of job (KB)
...
006 (5415472.180.000) 07/13 14:36:43 Image size of job updated: 1613200
	1024  -  MemoryUsage of job (MB)
	1048052  -  ResidentSetSize of job (KB)
...
006 (5415472.180.000) 07/13 14:56:45 Image size of job updated: 1614108
	1025  -  MemoryUsage of job (MB)
	1048972  -  ResidentSetSize of job (KB)
...
006 (5415472.180.000) 07/13 15:21:46 Image size of job updated: 1614108
	1025  -  MemoryUsage of job (MB)
	1048984  -  ResidentSetSize of job (KB)
...
006 (5415472.180.000) 07/13 15:41:47 Image size of job updated: 1615012
	1026  -  MemoryUsage of job (MB)
	1049900  -  ResidentSetSize of job (KB)
...
006 (5415472.180.000) 07/13 16:06:49 Image size of job updated: 1615012
	1026  -  MemoryUsage of job (MB)
	1049912  -  ResidentSetSize of job (KB)
...
006 (5415472.180.000) 07/13 16:21:50 Image size of job updated: 1615916
	1027  -  MemoryUsage of job (MB)
	1050816  -  ResidentSetSize of job (KB)
...
006 (5415472.180.000) 07/13 16:26:51 Image size of job updated: 1615916
	1027  -  MemoryUsage of job (MB)
	1050828  -  ResidentSetSize of job (KB)
...
006 (5415472.180.000) 07/13 16:51:55 Image size of job updated: 1615916
	1027  -  MemoryUsage of job (MB)
	1050840  -  ResidentSetSize of job (KB)
...
006 (5415472.180.000) 07/13 17:01:56 Image size of job updated: 1616824
	1028  -  MemoryUsage of job (MB)
	1051748  -  ResidentSetSize of job (KB)
...
006 (5415472.180.000) 07/13 17:11:57 Image size of job updated: 1616824
	1028  -  MemoryUsage of job (MB)
	1051760  -  ResidentSetSize of job (KB)
...
006 (5415472.180.000) 07/13 17:32:00 Image size of job updated: 1616824
	1028  -  MemoryUsage of job (MB)
	1051772  -  ResidentSetSize of job (KB)
...
006 (5415472.180.000) 07/13 17:42:01 Image size of job updated: 1617728
	1029  -  MemoryUsage of job (MB)
	1052676  -  ResidentSetSize of job (KB)
...
006 (5415472.180.000) 07/13 17:52:02 Image size of job updated: 1617728
	1029  -  MemoryUsage of job (MB)
	1052688  -  ResidentSetSize of job (KB)
...
006 (5415472.180.000) 07/13 18:12:06 Image size of job updated: 1617728
	1029  -  MemoryUsage of job (MB)
	1052700  -  ResidentSetSize of job (KB)
...
006 (5415472.180.000) 07/13 18:22:07 Image size of job updated: 1618636
	1029  -  MemoryUsage of job (MB)
	1053608  -  ResidentSetSize of job (KB)
...
006 (5415472.180.000) 07/13 18:32:08 Image size of job updated: 1618636
	1029  -  MemoryUsage of job (MB)
	1053620  -  ResidentSetSize of job (KB)
...
006 (5415472.180.000) 07/13 18:57:10 Image size of job updated: 1618636
	1029  -  MemoryUsage of job (MB)
	1053632  -  ResidentSetSize of job (KB)
...
006 (5415472.180.000) 07/13 19:02:10 Image size of job updated: 1619540
	1030  -  MemoryUsage of job (MB)
	1054536  -  ResidentSetSize of job (KB)
...
006 (5415472.180.000) 07/13 19:17:12 Image size of job updated: 1619540
	1030  -  MemoryUsage of job (MB)
	1054548  -  ResidentSetSize of job (KB)
...
006 (5415472.180.000) 07/13 19:37:14 Image size of job updated: 1619540
	1030  -  MemoryUsage of job (MB)
	1054560  -  ResidentSetSize of job (KB)
...
006 (5415472.180.000) 07/13 19:42:15 Image size of job updated: 1620444
	1031  -  MemoryUsage of job (MB)
	1055464  -  ResidentSetSize of job (KB)
...
006 (5415472.180.000) 07/13 19:57:16 Image size of job updated: 1620444
	1031  -  MemoryUsage of job (MB)
	1055476  -  ResidentSetSize of job (KB)
...
006 (5415472.180.000) 07/13 20:22:19 Image size of job updated: 1621352
	1032  -  MemoryUsage of job (MB)
	1056396  -  ResidentSetSize of job (KB)
...
006 (5415472.180.000) 07/13 20:42:20 Image size of job updated: 1621352
	1032  -  MemoryUsage of job (MB)
	1056408  -  ResidentSetSize of job (KB)
...
006 (5415472.180.000) 07/13 21:02:22 Image size of job updated: 1622256
	1033  -  MemoryUsage of job (MB)
	1057324  -  ResidentSetSize of job (KB)
...
006 (5415472.180.000) 07/13 21:22:23 Image size of job updated: 1622256
	1033  -  MemoryUsage of job (MB)
	1057336  -  ResidentSetSize of job (KB)
...
006 (5415472.180.000) 07/13 21:42:25 Image size of job updated: 1623164
	1034  -  MemoryUsage of job (MB)
	1058256  -  ResidentSetSize of job (KB)
...
006 (5415472.180.000) 07/13 22:02:26 Image size of job updated: 1623164
	1034  -  MemoryUsage of job (MB)
	1058268  -  ResidentSetSize of job (KB)
...
006 (5415472.180.000) 07/13 22:22:28 Image size of job updated: 1624068
	1035  -  MemoryUsage of job (MB)
	1059172  -  ResidentSetSize of job (KB)
...
006 (5415472.180.000) 07/13 22:27:29 Image size of job updated: 1624068
	1035  -  MemoryUsage of job (MB)
	1059184  -  ResidentSetSize of job (KB)
...
006 (5415472.180.000) 07/13 22:47:30 Image size of job updated: 1624068
	1035  -  MemoryUsage of job (MB)
	1059196  -  ResidentSetSize of job (KB)
...
006 (5415472.180.000) 07/13 23:02:32 Image size of job updated: 1624976
	1036  -  MemoryUsage of job (MB)
	1060104  -  ResidentSetSize of job (KB)
...
006 (5415472.180.000) 07/13 23:07:33 Image size of job updated: 1624976
	1036  -  MemoryUsage of job (MB)
	1060108  -  ResidentSetSize of job (KB)
...
006 (5415472.180.000) 07/13 23:12:34 Image size of job updated: 1624976
	1036  -  MemoryUsage of job (MB)
	1060116  -  ResidentSetSize of job (KB)
...
006 (5415472.180.000) 07/13 23:32:34 Image size of job updated: 1624976
	1036  -  MemoryUsage of job (MB)
	1060128  -  ResidentSetSize of job (KB)
...
006 (5415472.180.000) 07/13 23:42:35 Image size of job updated: 1625880
	1037  -  MemoryUsage of job (MB)
	1061032  -  ResidentSetSize of job (KB)
...
006 (5415472.180.000) 07/13 23:52:37 Image size of job updated: 1625880
	1037  -  MemoryUsage of job (MB)
	1061044  -  ResidentSetSize of job (KB)
...
006 (5415472.180.000) 07/14 00:17:38 Image size of job updated: 1625880
	1037  -  MemoryUsage of job (MB)
	1061056  -  ResidentSetSize of job (KB)
...
006 (5415472.180.000) 07/14 00:22:38 Image size of job updated: 1626784
	1038  -  MemoryUsage of job (MB)
	1061960  -  ResidentSetSize of job (KB)
...
006 (5415472.180.000) 07/14 00:37:39 Image size of job updated: 1626784
	1038  -  MemoryUsage of job (MB)
	1061972  -  ResidentSetSize of job (KB)
...
006 (5415472.180.000) 07/14 01:02:41 Image size of job updated: 1626784
	1038  -  MemoryUsage of job (MB)
	1061984  -  ResidentSetSize of job (KB)
...
006 (5415472.180.000) 07/14 01:07:42 Image size of job updated: 1627692
	1038  -  MemoryUsage of job (MB)
	1062892  -  ResidentSetSize of job (KB)
...
006 (5415472.180.000) 07/14 01:22:43 Image size of job updated: 1627692
	1038  -  MemoryUsage of job (MB)
	1062904  -  ResidentSetSize of job (KB)
...
006 (5415472.180.000) 07/14 01:47:44 Image size of job updated: 1628596
	1039  -  MemoryUsage of job (MB)
	1063820  -  ResidentSetSize of job (KB)
...
006 (5415472.180.000) 07/14 02:07:48 Image size of job updated: 1628596
	1039  -  MemoryUsage of job (MB)
	1063832  -  ResidentSetSize of job (KB)
...
006 (5415472.180.000) 07/14 02:27:49 Image size of job updated: 1629504
	1040  -  MemoryUsage of job (MB)
	1064752  -  ResidentSetSize of job (KB)
...
006 (5415472.180.000) 07/14 02:52:51 Image size of job updated: 1629504
	1040  -  MemoryUsage of job (MB)
	1064764  -  ResidentSetSize of job (KB)
...
006 (5415472.180.000) 07/14 03:07:53 Image size of job updated: 1630408
	1041  -  MemoryUsage of job (MB)
	1065668  -  ResidentSetSize of job (KB)
...
006 (5415472.180.000) 07/14 03:12:53 Image size of job updated: 1630408
	1041  -  MemoryUsage of job (MB)
	1065680  -  ResidentSetSize of job (KB)
...
006 (5415472.180.000) 07/14 03:32:53 Image size of job updated: 1630408
	1041  -  MemoryUsage of job (MB)
	1065692  -  ResidentSetSize of job (KB)
...
006 (5415472.180.000) 07/14 03:47:55 Image size of job updated: 1634936
	1046  -  MemoryUsage of job (MB)
	1070220  -  ResidentSetSize of job (KB)
...
006 (5415472.180.000) 07/14 03:52:56 Image size of job updated: 1634936
	1046  -  MemoryUsage of job (MB)
	1070232  -  ResidentSetSize of job (KB)
...
006 (5415472.180.000) 07/14 04:12:59 Image size of job updated: 1634936
	1046  -  MemoryUsage of job (MB)
	1070244  -  ResidentSetSize of job (KB)
...
006 (5415472.180.000) 07/14 04:33:01 Image size of job updated: 1634936
	1046  -  MemoryUsage of job (MB)
	1070256  -  ResidentSetSize of job (KB)
...
006 (5415472.180.000) 07/14 04:53:03 Image size of job updated: 1634936
	1046  -  MemoryUsage of job (MB)
	1070268  -  ResidentSetSize of job (KB)
...
006 (5415472.180.000) 07/14 05:13:05 Image size of job updated: 1634936
	1046  -  MemoryUsage of job (MB)
	1070280  -  ResidentSetSize of job (KB)
...
006 (5415472.180.000) 07/14 05:33:08 Image size of job updated: 1634936
	1046  -  MemoryUsage of job (MB)
	1070292  -  ResidentSetSize of job (KB)
...
006 (5415472.180.000) 07/14 05:58:11 Image size of job updated: 1634936
	1046  -  MemoryUsage of job (MB)
	1070304  -  ResidentSetSize of job (KB)
...
006 (5415472.180.000) 07/14 06:18:13 Image size of job updated: 1634936
	1046  -  MemoryUsage of job (MB)
	1070316  -  ResidentSetSize of job (KB)
...
006 (5415472.180.000) 07/14 06:38:15 Image size of job updated: 1634936
	1046  -  MemoryUsage of job (MB)
	1070328  -  ResidentSetSize of job (KB)
...
006 (5415472.180.000) 07/14 06:58:17 Image size of job updated: 1634936
	1046  -  MemoryUsage of job (MB)
	1070340  -  ResidentSetSize of job (KB)
...
006 (5415472.180.000) 07/14 07:23:21 Image size of job updated: 1634936
	1046  -  MemoryUsage of job (MB)
	1070352  -  ResidentSetSize of job (KB)
...
006 (5415472.180.000) 07/14 07:43:22 Image size of job updated: 1634936
	1046  -  MemoryUsage of job (MB)
	1070364  -  ResidentSetSize of job (KB)
...
006 (5415472.180.000) 07/14 08:03:24 Image size of job updated: 1634936
	1046  -  MemoryUsage of job (MB)
	1070376  -  ResidentSetSize of job (KB)
...
006 (5415472.180.000) 07/14 08:28:27 Image size of job updated: 1634936
	1046  -  MemoryUsage of job (MB)
	1070388  -  ResidentSetSize of job (KB)
...
006 (5415472.180.000) 07/14 08:48:29 Image size of job updated: 1634936
	1046  -  MemoryUsage of job (MB)
	1070400  -  ResidentSetSize of job (KB)
...
006 (5415472.180.000) 07/14 09:08:30 Image size of job updated: 1634936
	1046  -  MemoryUsage of job (MB)
	1070412  -  ResidentSetSize of job (KB)
...
006 (5415472.180.000) 07/14 09:28:31 Image size of job updated: 1634936
	1046  -  MemoryUsage of job (MB)
	1070424  -  ResidentSetSize of job (KB)
...
006 (5415472.180.000) 07/14 09:48:35 Image size of job updated: 1634936
	1046  -  MemoryUsage of job (MB)
	1070436  -  ResidentSetSize of job (KB)
...
006 (5415472.180.000) 07/14 10:13:38 Image size of job updated: 1634936
	1046  -  MemoryUsage of job (MB)
	1070448  -  ResidentSetSize of job (KB)
...
006 (5415472.180.000) 07/14 10:33:41 Image size of job updated: 1634936
	1046  -  MemoryUsage of job (MB)
	1070460  -  ResidentSetSize of job (KB)
...
006 (5415472.180.000) 07/14 10:53:41 Image size of job updated: 1634936
	1046  -  MemoryUsage of job (MB)
	1070472  -  ResidentSetSize of job (KB)
...
006 (5415472.180.000) 07/14 11:18:42 Image size of job updated: 1634936
	1046  -  MemoryUsage of job (MB)
	1070484  -  ResidentSetSize of job (KB)
...
006 (5415472.180.000) 07/14 11:38:44 Image size of job updated: 1634936
	1046  -  MemoryUsage of job (MB)
	1070496  -  ResidentSetSize of job (KB)
...
006 (5415472.180.000) 07/14 11:58:45 Image size of job updated: 1634936
	1046  -  MemoryUsage of job (MB)
	1070504  -  ResidentSetSize of job (KB)
...
006 (5415472.180.000) 07/14 12:03:45 Image size of job updated: 1634936
	1046  -  MemoryUsage of job (MB)
	1070508  -  ResidentSetSize of job (KB)
...
006 (5415472.180.000) 07/14 12:23:47 Image size of job updated: 1634936
	1046  -  MemoryUsage of job (MB)
	1070520  -  ResidentSetSize of job (KB)
...
006 (5415472.180.000) 07/14 12:43:48 Image size of job updated: 1634936
	1046  -  MemoryUsage of job (MB)
	1070532  -  ResidentSetSize of job (KB)
...
006 (5415472.180.000) 07/14 13:08:52 Image size of job updated: 1634936
	1046  -  MemoryUsage of job (MB)
	1070544  -  ResidentSetSize of job (KB)
...
006 (5415472.180.000) 07/14 13:33:55 Image size of job updated: 1634936
	1046  -  MemoryUsage of job (MB)
	1070556  -  ResidentSetSize of job (KB)
...
006 (5415472.180.000) 07/14 13:58:56 Image size of job updated: 1634936
	1046  -  MemoryUsage of job (MB)
	1070568  -  ResidentSetSize of job (KB)
...
006 (5415472.180.000) 07/14 14:18:58 Image size of job updated: 1634936
	1046  -  MemoryUsage of job (MB)
	1070580  -  ResidentSetSize of job (KB)
...
006 (5415472.180.000) 07/14 14:39:01 Image size of job updated: 1634936
	1046  -  MemoryUsage of job (MB)
	1070592  -  ResidentSetSize of job (KB)
...
006 (5415472.180.000) 07/14 15:04:03 Image size of job updated: 1634936
	1046  -  MemoryUsage of job (MB)
	1070604  -  ResidentSetSize of job (KB)
...
006 (5415472.180.000) 07/14 15:29:04 Image size of job updated: 1634936
	1046  -  MemoryUsage of job (MB)
	1070616  -  ResidentSetSize of job (KB)
...
006 (5415472.180.000) 07/14 15:49:06 Image size of job updated: 1634936
	1046  -  MemoryUsage of job (MB)
	1070628  -  ResidentSetSize of job (KB)
...
006 (5415472.180.000) 07/14 16:14:08 Image size of job updated: 1634936
	1046  -  MemoryUsage of job (MB)
	1070640  -  ResidentSetSize of job (KB)
...
006 (5415472.180.000) 07/14 16:34:08 Image size of job updated: 1634936
	1046  -  MemoryUsage of job (MB)
	1070652  -  ResidentSetSize of job (KB)
...
006 (5415472.180.000) 07/14 16:59:10 Image size of job updated: 1634936
	1046  -  MemoryUsage of job (MB)
	1070664  -  ResidentSetSize of job (KB)
...
006 (5415472.180.000) 07/14 17:24:12 Image size of job updated: 1634936
	1046  -  MemoryUsage of job (MB)
	1070676  -  ResidentSetSize of job (KB)
...
006 (5415472.180.000) 07/14 17:49:16 Image size of job updated: 1634936
	1046  -  MemoryUsage of job (MB)
	1070688  -  ResidentSetSize of job (KB)
...
006 (5415472.180.000) 07/14 18:09:19 Image size of job updated: 1634936
	1046  -  MemoryUsage of job (MB)
	1070700  -  ResidentSetSize of job (KB)
...
006 (5415472.180.000) 07/14 18:34:23 Image size of job updated: 1634936
	1046  -  MemoryUsage of job (MB)
	1070712  -  ResidentSetSize of job (KB)
...
006 (5415472.180.000) 07/14 18:54:25 Image size of job updated: 1634936
	1046  -  MemoryUsage of job (MB)
	1070724  -  ResidentSetSize of job (KB)
...
006 (5415472.180.000) 07/14 19:19:26 Image size of job updated: 1634936
	1046  -  MemoryUsage of job (MB)
	1070736  -  ResidentSetSize of job (KB)
...
006 (5415472.180.000) 07/14 19:44:29 Image size of job updated: 1634936
	1046  -  MemoryUsage of job (MB)
	1070748  -  ResidentSetSize of job (KB)
...
006 (5415472.180.000) 07/14 20:06:59 Image size of job updated: 1634936
	1046  -  MemoryUsage of job (MB)
	1070760  -  ResidentSetSize of job (KB)
...
006 (5415472.180.000) 07/14 20:27:01 Image size of job updated: 1634936
	1046  -  MemoryUsage of job (MB)
	1070772  -  ResidentSetSize of job (KB)
...
006 (5415472.180.000) 07/14 20:52:05 Image size of job updated: 1634936
	1046  -  MemoryUsage of job (MB)
	1070784  -  ResidentSetSize of job (KB)
...
007 (5415472.180.000) 07/14 21:05:16 Shadow exception!
	Assertion ERROR on (result)
	0  -  Run Bytes Sent By Job
	803  -  Run Bytes Received By Job
...
040 (5415472.180.000) 07/14 21:25:23 Started transferring input files
	Transferring to host: <128.142.56.154:9618?addrs=128.142.56.154-9618+[2001-1458-301-6--100-99]-9618&alias=b7s01p2419.cern.ch&noUDP&sock=slot1_26_54030_c5ce_9279>
...
040 (5415472.180.000) 07/14 21:25:23 Finished transferring input files
...
001 (5415472.180.000) 07/14 21:25:28 Job executing on host: <128.142.56.154:9618?addrs=128.142.56.154-9618+[2001-1458-301-6--100-99]-9618&alias=b7s01p2419.cern.ch&noUDP&sock=startd_50925_e489>
...
040 (5415472.180.000) 07/20 20:03:45 Started transferring output files
...
040 (5415472.180.000) 07/20 20:03:45 Finished transferring output files
...
005 (5415472.180.000) 07/20 20:03:45 Job terminated.
	(1) Normal termination (return value 0)
		Usr 18 08:40:57, Sys 0 00:33:09  -  Run Remote Usage
		Usr 0 00:00:00, Sys 0 00:00:00  -  Run Local Usage
		Usr 28 11:33:01, Sys 0 00:49:59  -  Total Remote Usage
		Usr 0 00:00:00, Sys 0 00:00:00  -  Total Local Usage
	105585  -  Run Bytes Sent By Job
	803  -  Run Bytes Received By Job
	105585  -  Total Bytes Sent By Job
	1606  -  Total Bytes Received By Job
	Partitionable Resources :    Usage  Request Allocated 
	   Cpus                 :     3.06        4         4 
	   Disk (KB)            :   131    10485760  11264321 
	   Memory (MB)          :  1221        8000      8000 

	Job terminated of its own accord at 2021-07-20T18:03:45Z.
...
