000 (5415472.016.000) 07/11 14:02:28 Job submitted from host: <137.138.156.150:9618?addrs=137.138.156.150-9618+[2001-1458-d00-14--9a]-9618&alias=bigbird13.cern.ch&noUDP&sock=schedd_1788_ff6c>
...
040 (5415472.016.000) 07/11 14:03:21 Started transferring input files
	Transferring to host: <128.142.77.53:9618?addrs=128.142.77.53-9618+[2001-1458-301-f4--100-d]-9618&alias=b7s12n3105.cern.ch&noUDP&sock=slot1_12_5898_6ca9_59110>
...
040 (5415472.016.000) 07/11 14:03:21 Finished transferring input files
...
001 (5415472.016.000) 07/11 14:03:22 Job executing on host: <128.142.77.53:9618?addrs=128.142.77.53-9618+[2001-1458-301-f4--100-d]-9618&alias=b7s12n3105.cern.ch&noUDP&sock=startd_4719_6b82>
...
006 (5415472.016.000) 07/11 14:03:30 Image size of job updated: 52164
	21  -  MemoryUsage of job (MB)
	21428  -  ResidentSetSize of job (KB)
...
006 (5415472.016.000) 07/11 14:08:31 Image size of job updated: 1590892
	1004  -  MemoryUsage of job (MB)
	1027336  -  ResidentSetSize of job (KB)
...
006 (5415472.016.000) 07/13 15:22:36 Image size of job updated: 1591872
	1004  -  MemoryUsage of job (MB)
	1027336  -  ResidentSetSize of job (KB)
...
006 (5415472.016.000) 07/13 16:17:38 Image size of job updated: 1592776
	1004  -  MemoryUsage of job (MB)
	1027336  -  ResidentSetSize of job (KB)
...
006 (5415472.016.000) 07/13 17:32:48 Image size of job updated: 1593684
	1004  -  MemoryUsage of job (MB)
	1027336  -  ResidentSetSize of job (KB)
...
006 (5415472.016.000) 07/13 18:37:54 Image size of job updated: 1594588
	1004  -  MemoryUsage of job (MB)
	1027336  -  ResidentSetSize of job (KB)
...
006 (5415472.016.000) 07/13 19:48:02 Image size of job updated: 1595496
	1004  -  MemoryUsage of job (MB)
	1027336  -  ResidentSetSize of job (KB)
...
006 (5415472.016.000) 07/13 20:43:09 Image size of job updated: 1596400
	1004  -  MemoryUsage of job (MB)
	1027336  -  ResidentSetSize of job (KB)
...
006 (5415472.016.000) 07/13 21:38:12 Image size of job updated: 1597304
	1004  -  MemoryUsage of job (MB)
	1027336  -  ResidentSetSize of job (KB)
...
006 (5415472.016.000) 07/13 22:33:18 Image size of job updated: 1598212
	1004  -  MemoryUsage of job (MB)
	1027336  -  ResidentSetSize of job (KB)
...
006 (5415472.016.000) 07/13 23:33:25 Image size of job updated: 1599116
	1004  -  MemoryUsage of job (MB)
	1027336  -  ResidentSetSize of job (KB)
...
006 (5415472.016.000) 07/14 00:23:30 Image size of job updated: 1600024
	1004  -  MemoryUsage of job (MB)
	1027336  -  ResidentSetSize of job (KB)
...
006 (5415472.016.000) 07/14 01:18:34 Image size of job updated: 1600928
	1004  -  MemoryUsage of job (MB)
	1027336  -  ResidentSetSize of job (KB)
...
006 (5415472.016.000) 07/14 02:13:39 Image size of job updated: 1601836
	1004  -  MemoryUsage of job (MB)
	1027336  -  ResidentSetSize of job (KB)
...
006 (5415472.016.000) 07/14 03:13:45 Image size of job updated: 1602740
	1004  -  MemoryUsage of job (MB)
	1027336  -  ResidentSetSize of job (KB)
...
006 (5415472.016.000) 07/14 04:13:52 Image size of job updated: 1603644
	1004  -  MemoryUsage of job (MB)
	1027336  -  ResidentSetSize of job (KB)
...
006 (5415472.016.000) 07/14 05:13:57 Image size of job updated: 1604552
	1004  -  MemoryUsage of job (MB)
	1027336  -  ResidentSetSize of job (KB)
...
006 (5415472.016.000) 07/14 06:09:02 Image size of job updated: 1605456
	1004  -  MemoryUsage of job (MB)
	1027336  -  ResidentSetSize of job (KB)
...
006 (5415472.016.000) 07/14 06:59:05 Image size of job updated: 1606364
	1004  -  MemoryUsage of job (MB)
	1027336  -  ResidentSetSize of job (KB)
...
006 (5415472.016.000) 07/14 07:49:09 Image size of job updated: 1607268
	1004  -  MemoryUsage of job (MB)
	1027336  -  ResidentSetSize of job (KB)
...
006 (5415472.016.000) 07/14 08:39:16 Image size of job updated: 1608172
	1004  -  MemoryUsage of job (MB)
	1027336  -  ResidentSetSize of job (KB)
...
006 (5415472.016.000) 07/14 09:24:22 Image size of job updated: 1609080
	1004  -  MemoryUsage of job (MB)
	1027336  -  ResidentSetSize of job (KB)
...
006 (5415472.016.000) 07/14 10:09:28 Image size of job updated: 1609984
	1004  -  MemoryUsage of job (MB)
	1027336  -  ResidentSetSize of job (KB)
...
006 (5415472.016.000) 07/14 10:34:30 Image size of job updated: 1613056
	1004  -  MemoryUsage of job (MB)
	1027336  -  ResidentSetSize of job (KB)
...
006 (5415472.016.000) 07/14 11:39:35 Image size of job updated: 1613964
	1004  -  MemoryUsage of job (MB)
	1027336  -  ResidentSetSize of job (KB)
...
006 (5415472.016.000) 07/14 12:29:40 Image size of job updated: 1614868
	1004  -  MemoryUsage of job (MB)
	1027336  -  ResidentSetSize of job (KB)
...
006 (5415472.016.000) 07/14 13:19:44 Image size of job updated: 1615772
	1004  -  MemoryUsage of job (MB)
	1027336  -  ResidentSetSize of job (KB)
...
006 (5415472.016.000) 07/14 14:14:50 Image size of job updated: 1616680
	1004  -  MemoryUsage of job (MB)
	1027336  -  ResidentSetSize of job (KB)
...
006 (5415472.016.000) 07/14 15:14:55 Image size of job updated: 1617584
	1004  -  MemoryUsage of job (MB)
	1027336  -  ResidentSetSize of job (KB)
...
006 (5415472.016.000) 07/14 16:19:58 Image size of job updated: 1618492
	1004  -  MemoryUsage of job (MB)
	1027336  -  ResidentSetSize of job (KB)
...
006 (5415472.016.000) 07/14 17:20:01 Image size of job updated: 1619396
	1004  -  MemoryUsage of job (MB)
	1027336  -  ResidentSetSize of job (KB)
...
006 (5415472.016.000) 07/14 18:20:11 Image size of job updated: 1623924
	1004  -  MemoryUsage of job (MB)
	1027336  -  ResidentSetSize of job (KB)
...
007 (5415472.016.000) 07/14 21:05:26 Shadow exception!
	Assertion ERROR on (result)
	0  -  Run Bytes Sent By Job
	803  -  Run Bytes Received By Job
...
040 (5415472.016.000) 07/14 21:16:38 Started transferring input files
	Transferring to host: <128.142.83.70:9618?addrs=128.142.83.70-9618+[2001-1458-301-f5--100-4b1]-9618&alias=b7s13n9237.cern.ch&noUDP&sock=slot1_11_18963_e61c_116275>
...
040 (5415472.016.000) 07/14 21:16:43 Finished transferring input files
...
001 (5415472.016.000) 07/14 21:16:44 Job executing on host: <128.142.83.70:9618?addrs=128.142.83.70-9618+[2001-1458-301-f5--100-4b1]-9618&alias=b7s13n9237.cern.ch&noUDP&sock=startd_16639_8c6a>
...
040 (5415472.016.000) 07/17 21:06:23 Started transferring output files
...
040 (5415472.016.000) 07/17 21:06:23 Finished transferring output files
...
004 (5415472.016.000) 07/17 21:06:24 Job was evicted.
	(0) CPU times
		Usr 8 15:58:26, Sys 0 00:02:12  -  Run Remote Usage
		Usr 0 00:00:00, Sys 0 00:00:00  -  Run Local Usage
	96419  -  Run Bytes Sent By Job
	803  -  Run Bytes Received By Job
	Partitionable Resources :    Usage  Request Allocated 
	   Cpus                 :     2.92        4         4 
	   Disk (KB)            :   122    10485760  10665554 
	   Memory (MB)          :  1221        8000      8000 
...
