000 (5415472.101.000) 07/11 14:02:29 Job submitted from host: <137.138.156.150:9618?addrs=137.138.156.150-9618+[2001-1458-d00-14--9a]-9618&alias=bigbird13.cern.ch&noUDP&sock=schedd_1788_ff6c>
...
040 (5415472.101.000) 07/11 14:10:22 Started transferring input files
	Transferring to host: <128.142.86.145:9618?addrs=128.142.86.145-9618+[2001-1458-301-f6--100-580]-9618&alias=b7s14n5549.cern.ch&noUDP&sock=slot1_10_6527_9ca2_68040>
...
040 (5415472.101.000) 07/11 14:10:22 Finished transferring input files
...
001 (5415472.101.000) 07/11 14:10:23 Job executing on host: <128.142.86.145:9618?addrs=128.142.86.145-9618+[2001-1458-301-f6--100-580]-9618&alias=b7s14n5549.cern.ch&noUDP&sock=startd_4987_3ee4>
...
006 (5415472.101.000) 07/11 14:10:32 Image size of job updated: 78296
	49  -  MemoryUsage of job (MB)
	49456  -  ResidentSetSize of job (KB)
...
006 (5415472.101.000) 07/11 14:15:32 Image size of job updated: 1590988
	1004  -  MemoryUsage of job (MB)
	1027444  -  ResidentSetSize of job (KB)
...
006 (5415472.101.000) 07/13 17:33:59 Image size of job updated: 1591972
	1004  -  MemoryUsage of job (MB)
	1028000  -  ResidentSetSize of job (KB)
...
006 (5415472.101.000) 07/13 18:29:08 Image size of job updated: 1592876
	1005  -  MemoryUsage of job (MB)
	1028828  -  ResidentSetSize of job (KB)
...
006 (5415472.101.000) 07/13 19:24:15 Image size of job updated: 1593784
	1006  -  MemoryUsage of job (MB)
	1029716  -  ResidentSetSize of job (KB)
...
006 (5415472.101.000) 07/13 20:19:22 Image size of job updated: 1593784
	1007  -  MemoryUsage of job (MB)
	1030620  -  ResidentSetSize of job (KB)
...
006 (5415472.101.000) 07/13 20:24:22 Image size of job updated: 1594688
	1007  -  MemoryUsage of job (MB)
	1030620  -  ResidentSetSize of job (KB)
...
006 (5415472.101.000) 07/13 21:14:29 Image size of job updated: 1595596
	1008  -  MemoryUsage of job (MB)
	1031528  -  ResidentSetSize of job (KB)
...
006 (5415472.101.000) 07/13 22:04:33 Image size of job updated: 1596500
	1009  -  MemoryUsage of job (MB)
	1032432  -  ResidentSetSize of job (KB)
...
006 (5415472.101.000) 07/13 23:04:40 Image size of job updated: 1597404
	1010  -  MemoryUsage of job (MB)
	1033336  -  ResidentSetSize of job (KB)
...
006 (5415472.101.000) 07/13 23:54:44 Image size of job updated: 1598312
	1011  -  MemoryUsage of job (MB)
	1034244  -  ResidentSetSize of job (KB)
...
006 (5415472.101.000) 07/14 00:49:49 Image size of job updated: 1598312
	1011  -  MemoryUsage of job (MB)
	1035148  -  ResidentSetSize of job (KB)
...
006 (5415472.101.000) 07/14 00:54:49 Image size of job updated: 1599216
	1011  -  MemoryUsage of job (MB)
	1035148  -  ResidentSetSize of job (KB)
...
006 (5415472.101.000) 07/14 01:54:56 Image size of job updated: 1600124
	1012  -  MemoryUsage of job (MB)
	1036056  -  ResidentSetSize of job (KB)
...
006 (5415472.101.000) 07/14 02:54:59 Image size of job updated: 1601028
	1013  -  MemoryUsage of job (MB)
	1036960  -  ResidentSetSize of job (KB)
...
006 (5415472.101.000) 07/14 03:50:01 Image size of job updated: 1601932
	1014  -  MemoryUsage of job (MB)
	1037864  -  ResidentSetSize of job (KB)
...
006 (5415472.101.000) 07/14 04:50:06 Image size of job updated: 1602840
	1015  -  MemoryUsage of job (MB)
	1038772  -  ResidentSetSize of job (KB)
...
006 (5415472.101.000) 07/14 05:45:12 Image size of job updated: 1603744
	1016  -  MemoryUsage of job (MB)
	1039676  -  ResidentSetSize of job (KB)
...
006 (5415472.101.000) 07/14 06:45:17 Image size of job updated: 1604652
	1017  -  MemoryUsage of job (MB)
	1040584  -  ResidentSetSize of job (KB)
...
006 (5415472.101.000) 07/14 07:45:23 Image size of job updated: 1605556
	1018  -  MemoryUsage of job (MB)
	1041488  -  ResidentSetSize of job (KB)
...
006 (5415472.101.000) 07/14 08:45:32 Image size of job updated: 1606464
	1018  -  MemoryUsage of job (MB)
	1042396  -  ResidentSetSize of job (KB)
...
006 (5415472.101.000) 07/14 09:55:43 Image size of job updated: 1607368
	1019  -  MemoryUsage of job (MB)
	1043300  -  ResidentSetSize of job (KB)
...
006 (5415472.101.000) 07/14 10:55:46 Image size of job updated: 1608272
	1020  -  MemoryUsage of job (MB)
	1044204  -  ResidentSetSize of job (KB)
...
006 (5415472.101.000) 07/14 12:05:52 Image size of job updated: 1609180
	1021  -  MemoryUsage of job (MB)
	1045112  -  ResidentSetSize of job (KB)
...
006 (5415472.101.000) 07/14 13:15:59 Image size of job updated: 1610084
	1022  -  MemoryUsage of job (MB)
	1046016  -  ResidentSetSize of job (KB)
...
006 (5415472.101.000) 07/14 13:46:02 Image size of job updated: 1613156
	1024  -  MemoryUsage of job (MB)
	1047564  -  ResidentSetSize of job (KB)
...
006 (5415472.101.000) 07/14 14:01:04 Image size of job updated: 1613156
	1024  -  MemoryUsage of job (MB)
	1047576  -  ResidentSetSize of job (KB)
...
006 (5415472.101.000) 07/14 14:36:06 Image size of job updated: 1613156
	1024  -  MemoryUsage of job (MB)
	1047588  -  ResidentSetSize of job (KB)
...
006 (5415472.101.000) 07/14 15:06:11 Image size of job updated: 1613156
	1024  -  MemoryUsage of job (MB)
	1047600  -  ResidentSetSize of job (KB)
...
006 (5415472.101.000) 07/14 15:26:12 Image size of job updated: 1614064
	1024  -  MemoryUsage of job (MB)
	1048508  -  ResidentSetSize of job (KB)
...
006 (5415472.101.000) 07/14 15:46:14 Image size of job updated: 1614064
	1024  -  MemoryUsage of job (MB)
	1048520  -  ResidentSetSize of job (KB)
...
006 (5415472.101.000) 07/14 16:21:18 Image size of job updated: 1614064
	1024  -  MemoryUsage of job (MB)
	1048532  -  ResidentSetSize of job (KB)
...
006 (5415472.101.000) 07/14 16:31:20 Image size of job updated: 1614968
	1025  -  MemoryUsage of job (MB)
	1049436  -  ResidentSetSize of job (KB)
...
006 (5415472.101.000) 07/14 16:56:24 Image size of job updated: 1614968
	1025  -  MemoryUsage of job (MB)
	1049448  -  ResidentSetSize of job (KB)
...
006 (5415472.101.000) 07/14 17:31:26 Image size of job updated: 1614968
	1025  -  MemoryUsage of job (MB)
	1049460  -  ResidentSetSize of job (KB)
...
006 (5415472.101.000) 07/14 17:42:00 Image size of job updated: 1615872
	1026  -  MemoryUsage of job (MB)
	1050364  -  ResidentSetSize of job (KB)
...
006 (5415472.101.000) 07/14 18:06:30 Image size of job updated: 1615872
	1026  -  MemoryUsage of job (MB)
	1050376  -  ResidentSetSize of job (KB)
...
006 (5415472.101.000) 07/14 18:41:35 Image size of job updated: 1615872
	1026  -  MemoryUsage of job (MB)
	1050388  -  ResidentSetSize of job (KB)
...
006 (5415472.101.000) 07/14 18:46:35 Image size of job updated: 1616780
	1027  -  MemoryUsage of job (MB)
	1051296  -  ResidentSetSize of job (KB)
...
006 (5415472.101.000) 07/14 19:16:37 Image size of job updated: 1616780
	1027  -  MemoryUsage of job (MB)
	1051308  -  ResidentSetSize of job (KB)
...
006 (5415472.101.000) 07/14 19:51:40 Image size of job updated: 1617684
	1028  -  MemoryUsage of job (MB)
	1052224  -  ResidentSetSize of job (KB)
...
006 (5415472.101.000) 07/14 20:21:43 Image size of job updated: 1617684
	1028  -  MemoryUsage of job (MB)
	1052228  -  ResidentSetSize of job (KB)
...
006 (5415472.101.000) 07/14 20:26:43 Image size of job updated: 1617684
	1028  -  MemoryUsage of job (MB)
	1052236  -  ResidentSetSize of job (KB)
...
007 (5415472.101.000) 07/14 20:59:32 Shadow exception!
	Assertion ERROR on (result)
	0  -  Run Bytes Sent By Job
	803  -  Run Bytes Received By Job
...
