000 (5415472.341.000) 07/11 14:02:29 Job submitted from host: <137.138.156.150:9618?addrs=137.138.156.150-9618+[2001-1458-d00-14--9a]-9618&alias=bigbird13.cern.ch&noUDP&sock=schedd_1788_ff6c>
...
040 (5415472.341.000) 07/11 15:08:18 Started transferring input files
	Transferring to host: <128.142.58.160:9618?addrs=128.142.58.160-9618+[2001-1458-301-16--100-9f]-9618&alias=b7s03p4729.cern.ch&noUDP&sock=slot1_11_6684_3b89_2905>
...
040 (5415472.341.000) 07/11 15:08:18 Finished transferring input files
...
001 (5415472.341.000) 07/11 15:08:19 Job executing on host: <128.142.58.160:9618?addrs=128.142.58.160-9618+[2001-1458-301-16--100-9f]-9618&alias=b7s03p4729.cern.ch&noUDP&sock=startd_6218_9bfa>
...
006 (5415472.341.000) 07/11 15:08:28 Image size of job updated: 127836
	66  -  MemoryUsage of job (MB)
	66848  -  ResidentSetSize of job (KB)
...
006 (5415472.341.000) 07/11 15:13:30 Image size of job updated: 1590996
	1004  -  MemoryUsage of job (MB)
	1027440  -  ResidentSetSize of job (KB)
...
006 (5415472.341.000) 07/11 21:24:11 Image size of job updated: 1590996
	1004  -  MemoryUsage of job (MB)
	1027996  -  ResidentSetSize of job (KB)
...
006 (5415472.341.000) 07/12 19:01:12 Image size of job updated: 1590996
	1004  -  MemoryUsage of job (MB)
	1028000  -  ResidentSetSize of job (KB)
...
006 (5415472.341.000) 07/12 21:11:25 Image size of job updated: 1591980
	1005  -  MemoryUsage of job (MB)
	1028900  -  ResidentSetSize of job (KB)
...
006 (5415472.341.000) 07/12 21:56:30 Image size of job updated: 1592884
	1006  -  MemoryUsage of job (MB)
	1029804  -  ResidentSetSize of job (KB)
...
006 (5415472.341.000) 07/12 22:36:35 Image size of job updated: 1593792
	1007  -  MemoryUsage of job (MB)
	1030712  -  ResidentSetSize of job (KB)
...
006 (5415472.341.000) 07/12 23:21:38 Image size of job updated: 1594696
	1008  -  MemoryUsage of job (MB)
	1031616  -  ResidentSetSize of job (KB)
...
006 (5415472.341.000) 07/13 00:01:41 Image size of job updated: 1595604
	1009  -  MemoryUsage of job (MB)
	1032524  -  ResidentSetSize of job (KB)
...
006 (5415472.341.000) 07/13 00:41:45 Image size of job updated: 1596508
	1010  -  MemoryUsage of job (MB)
	1033428  -  ResidentSetSize of job (KB)
...
006 (5415472.341.000) 07/13 01:26:48 Image size of job updated: 1597412
	1011  -  MemoryUsage of job (MB)
	1034332  -  ResidentSetSize of job (KB)
...
006 (5415472.341.000) 07/13 02:06:54 Image size of job updated: 1598320
	1011  -  MemoryUsage of job (MB)
	1035240  -  ResidentSetSize of job (KB)
...
006 (5415472.341.000) 07/13 02:46:59 Image size of job updated: 1599224
	1012  -  MemoryUsage of job (MB)
	1036144  -  ResidentSetSize of job (KB)
...
006 (5415472.341.000) 07/13 03:27:00 Image size of job updated: 1600132
	1013  -  MemoryUsage of job (MB)
	1037052  -  ResidentSetSize of job (KB)
...
006 (5415472.341.000) 07/13 04:12:04 Image size of job updated: 1601036
	1014  -  MemoryUsage of job (MB)
	1037956  -  ResidentSetSize of job (KB)
...
006 (5415472.341.000) 07/13 04:52:07 Image size of job updated: 1601940
	1015  -  MemoryUsage of job (MB)
	1038860  -  ResidentSetSize of job (KB)
...
006 (5415472.341.000) 07/13 05:37:10 Image size of job updated: 1602848
	1016  -  MemoryUsage of job (MB)
	1039768  -  ResidentSetSize of job (KB)
...
006 (5415472.341.000) 07/13 06:17:16 Image size of job updated: 1603752
	1017  -  MemoryUsage of job (MB)
	1040672  -  ResidentSetSize of job (KB)
...
006 (5415472.341.000) 07/13 07:02:22 Image size of job updated: 1604660
	1018  -  MemoryUsage of job (MB)
	1041580  -  ResidentSetSize of job (KB)
...
006 (5415472.341.000) 07/13 07:47:29 Image size of job updated: 1605564
	1019  -  MemoryUsage of job (MB)
	1042484  -  ResidentSetSize of job (KB)
...
006 (5415472.341.000) 07/13 08:32:33 Image size of job updated: 1606468
	1019  -  MemoryUsage of job (MB)
	1043388  -  ResidentSetSize of job (KB)
...
006 (5415472.341.000) 07/13 09:12:38 Image size of job updated: 1607376
	1020  -  MemoryUsage of job (MB)
	1044296  -  ResidentSetSize of job (KB)
...
006 (5415472.341.000) 07/13 09:57:43 Image size of job updated: 1608280
	1021  -  MemoryUsage of job (MB)
	1045200  -  ResidentSetSize of job (KB)
...
006 (5415472.341.000) 07/13 10:37:46 Image size of job updated: 1609188
	1022  -  MemoryUsage of job (MB)
	1045648  -  ResidentSetSize of job (KB)
...
006 (5415472.341.000) 07/13 11:17:52 Image size of job updated: 1610092
	1022  -  MemoryUsage of job (MB)
	1046340  -  ResidentSetSize of job (KB)
...
006 (5415472.341.000) 07/13 11:38:35 Image size of job updated: 1613164
	1024  -  MemoryUsage of job (MB)
	1047888  -  ResidentSetSize of job (KB)
...
006 (5415472.341.000) 07/13 11:43:35 Image size of job updated: 1613164
	1024  -  MemoryUsage of job (MB)
	1047900  -  ResidentSetSize of job (KB)
...
006 (5415472.341.000) 07/13 12:03:38 Image size of job updated: 1613164
	1024  -  MemoryUsage of job (MB)
	1047908  -  ResidentSetSize of job (KB)
...
006 (5415472.341.000) 07/13 12:08:38 Image size of job updated: 1613164
	1024  -  MemoryUsage of job (MB)
	1047912  -  ResidentSetSize of job (KB)
...
006 (5415472.341.000) 07/13 12:28:40 Image size of job updated: 1613164
	1024  -  MemoryUsage of job (MB)
	1047924  -  ResidentSetSize of job (KB)
...
006 (5415472.341.000) 07/13 12:38:40 Image size of job updated: 1614072
	1025  -  MemoryUsage of job (MB)
	1048832  -  ResidentSetSize of job (KB)
...
006 (5415472.341.000) 07/13 12:48:42 Image size of job updated: 1614072
	1025  -  MemoryUsage of job (MB)
	1048844  -  ResidentSetSize of job (KB)
...
006 (5415472.341.000) 07/13 13:08:45 Image size of job updated: 1614072
	1025  -  MemoryUsage of job (MB)
	1048856  -  ResidentSetSize of job (KB)
...
006 (5415472.341.000) 07/13 13:18:47 Image size of job updated: 1618600
	1029  -  MemoryUsage of job (MB)
	1053384  -  ResidentSetSize of job (KB)
...
006 (5415472.341.000) 07/13 13:28:48 Image size of job updated: 1618600
	1029  -  MemoryUsage of job (MB)
	1053396  -  ResidentSetSize of job (KB)
...
006 (5415472.341.000) 07/13 13:53:50 Image size of job updated: 1618600
	1029  -  MemoryUsage of job (MB)
	1053408  -  ResidentSetSize of job (KB)
...
006 (5415472.341.000) 07/13 14:13:54 Image size of job updated: 1618600
	1029  -  MemoryUsage of job (MB)
	1053420  -  ResidentSetSize of job (KB)
...
006 (5415472.341.000) 07/13 14:33:58 Image size of job updated: 1618600
	1029  -  MemoryUsage of job (MB)
	1053432  -  ResidentSetSize of job (KB)
...
006 (5415472.341.000) 07/13 14:49:00 Image size of job updated: 1618600
	1029  -  MemoryUsage of job (MB)
	1053444  -  ResidentSetSize of job (KB)
...
006 (5415472.341.000) 07/13 15:09:03 Image size of job updated: 1618600
	1029  -  MemoryUsage of job (MB)
	1053456  -  ResidentSetSize of job (KB)
...
006 (5415472.341.000) 07/13 15:29:06 Image size of job updated: 1618600
	1029  -  MemoryUsage of job (MB)
	1053468  -  ResidentSetSize of job (KB)
...
006 (5415472.341.000) 07/13 15:49:08 Image size of job updated: 1618600
	1029  -  MemoryUsage of job (MB)
	1053480  -  ResidentSetSize of job (KB)
...
006 (5415472.341.000) 07/13 16:09:10 Image size of job updated: 1618600
	1029  -  MemoryUsage of job (MB)
	1053492  -  ResidentSetSize of job (KB)
...
006 (5415472.341.000) 07/13 16:29:12 Image size of job updated: 1618600
	1029  -  MemoryUsage of job (MB)
	1053504  -  ResidentSetSize of job (KB)
...
006 (5415472.341.000) 07/13 16:49:14 Image size of job updated: 1618600
	1029  -  MemoryUsage of job (MB)
	1053516  -  ResidentSetSize of job (KB)
...
006 (5415472.341.000) 07/13 17:09:17 Image size of job updated: 1618600
	1029  -  MemoryUsage of job (MB)
	1053528  -  ResidentSetSize of job (KB)
...
006 (5415472.341.000) 07/13 17:32:52 Image size of job updated: 1618600
	1029  -  MemoryUsage of job (MB)
	1053540  -  ResidentSetSize of job (KB)
...
006 (5415472.341.000) 07/13 17:52:06 Image size of job updated: 1618600
	1029  -  MemoryUsage of job (MB)
	1053552  -  ResidentSetSize of job (KB)
...
006 (5415472.341.000) 07/13 18:12:15 Image size of job updated: 1618600
	1029  -  MemoryUsage of job (MB)
	1053564  -  ResidentSetSize of job (KB)
...
006 (5415472.341.000) 07/13 18:32:17 Image size of job updated: 1618600
	1029  -  MemoryUsage of job (MB)
	1053576  -  ResidentSetSize of job (KB)
...
006 (5415472.341.000) 07/13 18:57:20 Image size of job updated: 1618600
	1029  -  MemoryUsage of job (MB)
	1053588  -  ResidentSetSize of job (KB)
...
006 (5415472.341.000) 07/13 19:17:24 Image size of job updated: 1618600
	1029  -  MemoryUsage of job (MB)
	1053600  -  ResidentSetSize of job (KB)
...
006 (5415472.341.000) 07/13 19:42:28 Image size of job updated: 1618600
	1029  -  MemoryUsage of job (MB)
	1053612  -  ResidentSetSize of job (KB)
...
006 (5415472.341.000) 07/13 20:02:30 Image size of job updated: 1618600
	1029  -  MemoryUsage of job (MB)
	1053624  -  ResidentSetSize of job (KB)
...
006 (5415472.341.000) 07/13 20:22:34 Image size of job updated: 1618600
	1029  -  MemoryUsage of job (MB)
	1053636  -  ResidentSetSize of job (KB)
...
006 (5415472.341.000) 07/13 20:42:35 Image size of job updated: 1618600
	1029  -  MemoryUsage of job (MB)
	1053648  -  ResidentSetSize of job (KB)
...
006 (5415472.341.000) 07/13 21:07:36 Image size of job updated: 1618600
	1029  -  MemoryUsage of job (MB)
	1053660  -  ResidentSetSize of job (KB)
...
006 (5415472.341.000) 07/13 21:27:36 Image size of job updated: 1618600
	1029  -  MemoryUsage of job (MB)
	1053672  -  ResidentSetSize of job (KB)
...
006 (5415472.341.000) 07/13 21:47:36 Image size of job updated: 1618600
	1029  -  MemoryUsage of job (MB)
	1053684  -  ResidentSetSize of job (KB)
...
006 (5415472.341.000) 07/13 22:12:38 Image size of job updated: 1618600
	1029  -  MemoryUsage of job (MB)
	1053696  -  ResidentSetSize of job (KB)
...
006 (5415472.341.000) 07/13 22:32:39 Image size of job updated: 1618600
	1030  -  MemoryUsage of job (MB)
	1053708  -  ResidentSetSize of job (KB)
...
006 (5415472.341.000) 07/13 22:57:42 Image size of job updated: 1618600
	1030  -  MemoryUsage of job (MB)
	1053720  -  ResidentSetSize of job (KB)
...
006 (5415472.341.000) 07/13 23:17:45 Image size of job updated: 1618600
	1030  -  MemoryUsage of job (MB)
	1053732  -  ResidentSetSize of job (KB)
...
006 (5415472.341.000) 07/13 23:37:48 Image size of job updated: 1618600
	1030  -  MemoryUsage of job (MB)
	1053744  -  ResidentSetSize of job (KB)
...
006 (5415472.341.000) 07/13 23:52:50 Image size of job updated: 1618600
	1030  -  MemoryUsage of job (MB)
	1053748  -  ResidentSetSize of job (KB)
...
006 (5415472.341.000) 07/13 23:57:51 Image size of job updated: 1618600
	1030  -  MemoryUsage of job (MB)
	1053756  -  ResidentSetSize of job (KB)
...
006 (5415472.341.000) 07/14 00:17:55 Image size of job updated: 1618600
	1030  -  MemoryUsage of job (MB)
	1053768  -  ResidentSetSize of job (KB)
...
006 (5415472.341.000) 07/14 00:37:55 Image size of job updated: 1618600
	1030  -  MemoryUsage of job (MB)
	1053780  -  ResidentSetSize of job (KB)
...
006 (5415472.341.000) 07/14 00:57:57 Image size of job updated: 1618600
	1030  -  MemoryUsage of job (MB)
	1053792  -  ResidentSetSize of job (KB)
...
006 (5415472.341.000) 07/14 01:17:58 Image size of job updated: 1618600
	1030  -  MemoryUsage of job (MB)
	1053804  -  ResidentSetSize of job (KB)
...
006 (5415472.341.000) 07/14 01:27:59 Image size of job updated: 1618600
	1030  -  MemoryUsage of job (MB)
	1053808  -  ResidentSetSize of job (KB)
...
006 (5415472.341.000) 07/14 01:38:00 Image size of job updated: 1618600
	1030  -  MemoryUsage of job (MB)
	1053816  -  ResidentSetSize of job (KB)
...
006 (5415472.341.000) 07/14 01:58:02 Image size of job updated: 1618600
	1030  -  MemoryUsage of job (MB)
	1053828  -  ResidentSetSize of job (KB)
...
006 (5415472.341.000) 07/14 02:13:04 Image size of job updated: 1618600
	1030  -  MemoryUsage of job (MB)
	1053840  -  ResidentSetSize of job (KB)
...
006 (5415472.341.000) 07/14 02:33:04 Image size of job updated: 1618600
	1030  -  MemoryUsage of job (MB)
	1053852  -  ResidentSetSize of job (KB)
...
006 (5415472.341.000) 07/14 02:48:05 Image size of job updated: 1618600
	1030  -  MemoryUsage of job (MB)
	1053864  -  ResidentSetSize of job (KB)
...
006 (5415472.341.000) 07/14 03:03:06 Image size of job updated: 1618600
	1030  -  MemoryUsage of job (MB)
	1053872  -  ResidentSetSize of job (KB)
...
006 (5415472.341.000) 07/14 03:08:07 Image size of job updated: 1618600
	1030  -  MemoryUsage of job (MB)
	1053876  -  ResidentSetSize of job (KB)
...
006 (5415472.341.000) 07/14 03:23:09 Image size of job updated: 1618600
	1030  -  MemoryUsage of job (MB)
	1053888  -  ResidentSetSize of job (KB)
...
006 (5415472.341.000) 07/14 03:43:11 Image size of job updated: 1618600
	1030  -  MemoryUsage of job (MB)
	1053900  -  ResidentSetSize of job (KB)
...
006 (5415472.341.000) 07/14 03:58:13 Image size of job updated: 1618600
	1030  -  MemoryUsage of job (MB)
	1053912  -  ResidentSetSize of job (KB)
...
006 (5415472.341.000) 07/14 04:18:17 Image size of job updated: 1618600
	1030  -  MemoryUsage of job (MB)
	1053924  -  ResidentSetSize of job (KB)
...
006 (5415472.341.000) 07/14 04:38:20 Image size of job updated: 1618600
	1030  -  MemoryUsage of job (MB)
	1053936  -  ResidentSetSize of job (KB)
...
006 (5415472.341.000) 07/14 04:58:23 Image size of job updated: 1618600
	1030  -  MemoryUsage of job (MB)
	1053948  -  ResidentSetSize of job (KB)
...
006 (5415472.341.000) 07/14 05:18:26 Image size of job updated: 1618600
	1030  -  MemoryUsage of job (MB)
	1053960  -  ResidentSetSize of job (KB)
...
006 (5415472.341.000) 07/14 05:38:28 Image size of job updated: 1618600
	1030  -  MemoryUsage of job (MB)
	1053972  -  ResidentSetSize of job (KB)
...
006 (5415472.341.000) 07/14 05:58:30 Image size of job updated: 1618600
	1030  -  MemoryUsage of job (MB)
	1053984  -  ResidentSetSize of job (KB)
...
006 (5415472.341.000) 07/14 06:18:31 Image size of job updated: 1618600
	1030  -  MemoryUsage of job (MB)
	1053996  -  ResidentSetSize of job (KB)
...
006 (5415472.341.000) 07/14 06:38:31 Image size of job updated: 1618600
	1030  -  MemoryUsage of job (MB)
	1054008  -  ResidentSetSize of job (KB)
...
006 (5415472.341.000) 07/14 06:58:32 Image size of job updated: 1618600
	1030  -  MemoryUsage of job (MB)
	1054020  -  ResidentSetSize of job (KB)
...
006 (5415472.341.000) 07/14 07:23:34 Image size of job updated: 1618600
	1030  -  MemoryUsage of job (MB)
	1054032  -  ResidentSetSize of job (KB)
...
006 (5415472.341.000) 07/14 07:43:35 Image size of job updated: 1618600
	1030  -  MemoryUsage of job (MB)
	1054044  -  ResidentSetSize of job (KB)
...
006 (5415472.341.000) 07/14 08:03:36 Image size of job updated: 1618600
	1030  -  MemoryUsage of job (MB)
	1054056  -  ResidentSetSize of job (KB)
...
006 (5415472.341.000) 07/14 08:23:38 Image size of job updated: 1618600
	1030  -  MemoryUsage of job (MB)
	1054068  -  ResidentSetSize of job (KB)
...
006 (5415472.341.000) 07/14 08:43:40 Image size of job updated: 1618600
	1030  -  MemoryUsage of job (MB)
	1054080  -  ResidentSetSize of job (KB)
...
006 (5415472.341.000) 07/14 09:03:41 Image size of job updated: 1618600
	1030  -  MemoryUsage of job (MB)
	1054092  -  ResidentSetSize of job (KB)
...
006 (5415472.341.000) 07/14 09:23:42 Image size of job updated: 1618600
	1030  -  MemoryUsage of job (MB)
	1054104  -  ResidentSetSize of job (KB)
...
006 (5415472.341.000) 07/14 09:43:44 Image size of job updated: 1618600
	1030  -  MemoryUsage of job (MB)
	1054108  -  ResidentSetSize of job (KB)
...
006 (5415472.341.000) 07/14 09:48:45 Image size of job updated: 1618600
	1030  -  MemoryUsage of job (MB)
	1054116  -  ResidentSetSize of job (KB)
...
006 (5415472.341.000) 07/14 10:08:47 Image size of job updated: 1618600
	1030  -  MemoryUsage of job (MB)
	1054128  -  ResidentSetSize of job (KB)
...
006 (5415472.341.000) 07/14 10:28:50 Image size of job updated: 1618600
	1030  -  MemoryUsage of job (MB)
	1054140  -  ResidentSetSize of job (KB)
...
006 (5415472.341.000) 07/14 10:48:51 Image size of job updated: 1618600
	1030  -  MemoryUsage of job (MB)
	1054152  -  ResidentSetSize of job (KB)
...
006 (5415472.341.000) 07/14 11:08:53 Image size of job updated: 1618600
	1030  -  MemoryUsage of job (MB)
	1054164  -  ResidentSetSize of job (KB)
...
006 (5415472.341.000) 07/14 11:28:55 Image size of job updated: 1618600
	1030  -  MemoryUsage of job (MB)
	1054176  -  ResidentSetSize of job (KB)
...
006 (5415472.341.000) 07/14 11:48:58 Image size of job updated: 1618600
	1030  -  MemoryUsage of job (MB)
	1054188  -  ResidentSetSize of job (KB)
...
006 (5415472.341.000) 07/14 12:09:02 Image size of job updated: 1618600
	1030  -  MemoryUsage of job (MB)
	1054200  -  ResidentSetSize of job (KB)
...
006 (5415472.341.000) 07/14 12:29:03 Image size of job updated: 1618600
	1030  -  MemoryUsage of job (MB)
	1054212  -  ResidentSetSize of job (KB)
...
006 (5415472.341.000) 07/14 12:54:05 Image size of job updated: 1618600
	1030  -  MemoryUsage of job (MB)
	1054224  -  ResidentSetSize of job (KB)
...
006 (5415472.341.000) 07/14 13:14:08 Image size of job updated: 1618600
	1030  -  MemoryUsage of job (MB)
	1054236  -  ResidentSetSize of job (KB)
...
006 (5415472.341.000) 07/14 13:34:09 Image size of job updated: 1618600
	1030  -  MemoryUsage of job (MB)
	1054248  -  ResidentSetSize of job (KB)
...
006 (5415472.341.000) 07/14 13:59:11 Image size of job updated: 1618600
	1030  -  MemoryUsage of job (MB)
	1054260  -  ResidentSetSize of job (KB)
...
006 (5415472.341.000) 07/14 14:19:13 Image size of job updated: 1618600
	1030  -  MemoryUsage of job (MB)
	1054272  -  ResidentSetSize of job (KB)
...
006 (5415472.341.000) 07/14 14:39:16 Image size of job updated: 1618600
	1030  -  MemoryUsage of job (MB)
	1054284  -  ResidentSetSize of job (KB)
...
006 (5415472.341.000) 07/14 14:59:18 Image size of job updated: 1618600
	1030  -  MemoryUsage of job (MB)
	1054296  -  ResidentSetSize of job (KB)
...
006 (5415472.341.000) 07/14 15:19:19 Image size of job updated: 1618600
	1030  -  MemoryUsage of job (MB)
	1054308  -  ResidentSetSize of job (KB)
...
006 (5415472.341.000) 07/14 15:44:22 Image size of job updated: 1618600
	1030  -  MemoryUsage of job (MB)
	1054320  -  ResidentSetSize of job (KB)
...
006 (5415472.341.000) 07/14 16:04:24 Image size of job updated: 1618600
	1030  -  MemoryUsage of job (MB)
	1054332  -  ResidentSetSize of job (KB)
...
006 (5415472.341.000) 07/14 16:24:27 Image size of job updated: 1618600
	1030  -  MemoryUsage of job (MB)
	1054344  -  ResidentSetSize of job (KB)
...
006 (5415472.341.000) 07/14 16:49:31 Image size of job updated: 1618600
	1030  -  MemoryUsage of job (MB)
	1054356  -  ResidentSetSize of job (KB)
...
006 (5415472.341.000) 07/14 17:09:33 Image size of job updated: 1618600
	1030  -  MemoryUsage of job (MB)
	1054368  -  ResidentSetSize of job (KB)
...
006 (5415472.341.000) 07/14 17:34:37 Image size of job updated: 1618600
	1030  -  MemoryUsage of job (MB)
	1054380  -  ResidentSetSize of job (KB)
...
006 (5415472.341.000) 07/14 17:54:39 Image size of job updated: 1618600
	1030  -  MemoryUsage of job (MB)
	1054392  -  ResidentSetSize of job (KB)
...
006 (5415472.341.000) 07/14 18:14:41 Image size of job updated: 1618600
	1030  -  MemoryUsage of job (MB)
	1054396  -  ResidentSetSize of job (KB)
...
006 (5415472.341.000) 07/14 18:19:41 Image size of job updated: 1618600
	1030  -  MemoryUsage of job (MB)
	1054404  -  ResidentSetSize of job (KB)
...
006 (5415472.341.000) 07/14 18:39:44 Image size of job updated: 1618600
	1030  -  MemoryUsage of job (MB)
	1054416  -  ResidentSetSize of job (KB)
...
006 (5415472.341.000) 07/14 18:59:46 Image size of job updated: 1618600
	1030  -  MemoryUsage of job (MB)
	1054428  -  ResidentSetSize of job (KB)
...
006 (5415472.341.000) 07/14 19:19:47 Image size of job updated: 1618600
	1030  -  MemoryUsage of job (MB)
	1054440  -  ResidentSetSize of job (KB)
...
006 (5415472.341.000) 07/14 19:44:49 Image size of job updated: 1618600
	1030  -  MemoryUsage of job (MB)
	1054452  -  ResidentSetSize of job (KB)
...
006 (5415472.341.000) 07/14 20:05:03 Image size of job updated: 1618600
	1030  -  MemoryUsage of job (MB)
	1054464  -  ResidentSetSize of job (KB)
...
006 (5415472.341.000) 07/14 20:25:07 Image size of job updated: 1618600
	1030  -  MemoryUsage of job (MB)
	1054476  -  ResidentSetSize of job (KB)
...
006 (5415472.341.000) 07/14 20:50:10 Image size of job updated: 1618600
	1030  -  MemoryUsage of job (MB)
	1054488  -  ResidentSetSize of job (KB)
...
007 (5415472.341.000) 07/14 21:11:18 Shadow exception!
	Assertion ERROR on (result)
	0  -  Run Bytes Sent By Job
	803  -  Run Bytes Received By Job
...
040 (5415472.341.000) 07/15 00:10:15 Started transferring input files
	Transferring to host: <128.142.75.221:9618?addrs=128.142.75.221-9618+[2001-1458-301-75--100-321]-9618&alias=b7s11n7324.cern.ch&noUDP&sock=slot1_3_5691_9301_58563>
...
040 (5415472.341.000) 07/15 00:10:15 Finished transferring input files
...
001 (5415472.341.000) 07/15 00:10:16 Job executing on host: <128.142.75.221:9618?addrs=128.142.75.221-9618+[2001-1458-301-75--100-321]-9618&alias=b7s11n7324.cern.ch&noUDP&sock=startd_4559_ac5b>
...
040 (5415472.341.000) 07/20 16:32:58 Started transferring output files
...
040 (5415472.341.000) 07/20 16:32:58 Finished transferring output files
...
004 (5415472.341.000) 07/20 16:32:58 Job was evicted.
	(0) CPU times
		Usr 16 01:53:53, Sys 0 00:05:37  -  Run Remote Usage
		Usr 0 00:00:00, Sys 0 00:00:00  -  Run Local Usage
	96415  -  Run Bytes Sent By Job
	803  -  Run Bytes Received By Job
	Partitionable Resources :    Usage  Request Allocated 
	   Cpus                 :     2.90        4         4 
	   Disk (KB)            :   122    10485760  10811086 
	   Memory (MB)          :  1221        8000      8000 
...
