000 (5415472.229.000) 07/11 14:02:29 Job submitted from host: <137.138.156.150:9618?addrs=137.138.156.150-9618+[2001-1458-d00-14--9a]-9618&alias=bigbird13.cern.ch&noUDP&sock=schedd_1788_ff6c>
...
040 (5415472.229.000) 07/11 14:20:17 Started transferring input files
	Transferring to host: <128.142.57.59:9618?addrs=128.142.57.59-9618+[2001-1458-301-7--100-3a]-9618&alias=b7s02p7684.cern.ch&noUDP&sock=slot1_27_6769_1f6c_4929>
...
040 (5415472.229.000) 07/11 14:20:18 Finished transferring input files
...
001 (5415472.229.000) 07/11 14:20:19 Job executing on host: <128.142.57.59:9618?addrs=128.142.57.59-9618+[2001-1458-301-7--100-3a]-9618&alias=b7s02p7684.cern.ch&noUDP&sock=startd_6302_39ee>
...
006 (5415472.229.000) 07/11 14:20:27 Image size of job updated: 259252
	195  -  MemoryUsage of job (MB)
	198912  -  ResidentSetSize of job (KB)
...
006 (5415472.229.000) 07/11 14:25:28 Image size of job updated: 1590912
	1004  -  MemoryUsage of job (MB)
	1027356  -  ResidentSetSize of job (KB)
...
006 (5415472.229.000) 07/12 23:18:54 Image size of job updated: 1591892
	1005  -  MemoryUsage of job (MB)
	1028260  -  ResidentSetSize of job (KB)
...
006 (5415472.229.000) 07/12 23:53:55 Image size of job updated: 1592796
	1006  -  MemoryUsage of job (MB)
	1029164  -  ResidentSetSize of job (KB)
...
006 (5415472.229.000) 07/13 00:39:00 Image size of job updated: 1593704
	1006  -  MemoryUsage of job (MB)
	1030072  -  ResidentSetSize of job (KB)
...
006 (5415472.229.000) 07/13 01:19:03 Image size of job updated: 1594608
	1007  -  MemoryUsage of job (MB)
	1030976  -  ResidentSetSize of job (KB)
...
006 (5415472.229.000) 07/13 02:04:06 Image size of job updated: 1595516
	1008  -  MemoryUsage of job (MB)
	1031884  -  ResidentSetSize of job (KB)
...
006 (5415472.229.000) 07/13 02:44:08 Image size of job updated: 1596420
	1009  -  MemoryUsage of job (MB)
	1032788  -  ResidentSetSize of job (KB)
...
006 (5415472.229.000) 07/13 03:24:13 Image size of job updated: 1597324
	1010  -  MemoryUsage of job (MB)
	1033540  -  ResidentSetSize of job (KB)
...
006 (5415472.229.000) 07/13 04:04:14 Image size of job updated: 1598232
	1011  -  MemoryUsage of job (MB)
	1034448  -  ResidentSetSize of job (KB)
...
006 (5415472.229.000) 07/13 04:49:18 Image size of job updated: 1599136
	1012  -  MemoryUsage of job (MB)
	1035352  -  ResidentSetSize of job (KB)
...
006 (5415472.229.000) 07/13 05:29:19 Image size of job updated: 1600044
	1012  -  MemoryUsage of job (MB)
	1036260  -  ResidentSetSize of job (KB)
...
006 (5415472.229.000) 07/13 06:09:21 Image size of job updated: 1600948
	1013  -  MemoryUsage of job (MB)
	1037164  -  ResidentSetSize of job (KB)
...
006 (5415472.229.000) 07/13 06:49:26 Image size of job updated: 1601852
	1014  -  MemoryUsage of job (MB)
	1038068  -  ResidentSetSize of job (KB)
...
006 (5415472.229.000) 07/13 07:29:29 Image size of job updated: 1606384
	1019  -  MemoryUsage of job (MB)
	1042600  -  ResidentSetSize of job (KB)
...
006 (5415472.229.000) 07/13 13:41:11 Image size of job updated: 1609456
	1020  -  MemoryUsage of job (MB)
	1044148  -  ResidentSetSize of job (KB)
...
006 (5415472.229.000) 07/13 14:06:13 Image size of job updated: 1609456
	1020  -  MemoryUsage of job (MB)
	1044160  -  ResidentSetSize of job (KB)
...
006 (5415472.229.000) 07/13 14:26:15 Image size of job updated: 1609456
	1020  -  MemoryUsage of job (MB)
	1044172  -  ResidentSetSize of job (KB)
...
006 (5415472.229.000) 07/13 14:51:16 Image size of job updated: 1609456
	1020  -  MemoryUsage of job (MB)
	1044184  -  ResidentSetSize of job (KB)
...
006 (5415472.229.000) 07/13 15:16:19 Image size of job updated: 1609456
	1020  -  MemoryUsage of job (MB)
	1044196  -  ResidentSetSize of job (KB)
...
006 (5415472.229.000) 07/13 15:36:23 Image size of job updated: 1609456
	1020  -  MemoryUsage of job (MB)
	1044208  -  ResidentSetSize of job (KB)
...
006 (5415472.229.000) 07/13 16:01:24 Image size of job updated: 1609456
	1020  -  MemoryUsage of job (MB)
	1044220  -  ResidentSetSize of job (KB)
...
006 (5415472.229.000) 07/13 16:21:27 Image size of job updated: 1609456
	1020  -  MemoryUsage of job (MB)
	1044232  -  ResidentSetSize of job (KB)
...
006 (5415472.229.000) 07/13 16:41:30 Image size of job updated: 1609456
	1020  -  MemoryUsage of job (MB)
	1044244  -  ResidentSetSize of job (KB)
...
006 (5415472.229.000) 07/13 18:06:44 Image size of job updated: 1609456
	1020  -  MemoryUsage of job (MB)
	1044256  -  ResidentSetSize of job (KB)
...
006 (5415472.229.000) 07/13 18:21:47 Image size of job updated: 1609456
	1020  -  MemoryUsage of job (MB)
	1044268  -  ResidentSetSize of job (KB)
...
006 (5415472.229.000) 07/13 18:41:50 Image size of job updated: 1609456
	1020  -  MemoryUsage of job (MB)
	1044280  -  ResidentSetSize of job (KB)
...
006 (5415472.229.000) 07/13 19:01:51 Image size of job updated: 1609456
	1020  -  MemoryUsage of job (MB)
	1044292  -  ResidentSetSize of job (KB)
...
006 (5415472.229.000) 07/13 19:21:52 Image size of job updated: 1609456
	1020  -  MemoryUsage of job (MB)
	1044304  -  ResidentSetSize of job (KB)
...
006 (5415472.229.000) 07/13 19:41:54 Image size of job updated: 1609456
	1020  -  MemoryUsage of job (MB)
	1044316  -  ResidentSetSize of job (KB)
...
006 (5415472.229.000) 07/13 19:56:56 Image size of job updated: 1609456
	1020  -  MemoryUsage of job (MB)
	1044328  -  ResidentSetSize of job (KB)
...
006 (5415472.229.000) 07/13 20:16:58 Image size of job updated: 1609456
	1020  -  MemoryUsage of job (MB)
	1044340  -  ResidentSetSize of job (KB)
...
006 (5415472.229.000) 07/13 20:37:00 Image size of job updated: 1609456
	1020  -  MemoryUsage of job (MB)
	1044352  -  ResidentSetSize of job (KB)
...
006 (5415472.229.000) 07/13 20:57:01 Image size of job updated: 1609456
	1020  -  MemoryUsage of job (MB)
	1044364  -  ResidentSetSize of job (KB)
...
006 (5415472.229.000) 07/13 21:12:03 Image size of job updated: 1609456
	1020  -  MemoryUsage of job (MB)
	1044376  -  ResidentSetSize of job (KB)
...
006 (5415472.229.000) 07/13 21:32:05 Image size of job updated: 1609456
	1020  -  MemoryUsage of job (MB)
	1044388  -  ResidentSetSize of job (KB)
...
006 (5415472.229.000) 07/13 21:52:06 Image size of job updated: 1609456
	1020  -  MemoryUsage of job (MB)
	1044400  -  ResidentSetSize of job (KB)
...
006 (5415472.229.000) 07/13 22:12:07 Image size of job updated: 1609456
	1020  -  MemoryUsage of job (MB)
	1044412  -  ResidentSetSize of job (KB)
...
006 (5415472.229.000) 07/13 22:37:10 Image size of job updated: 1609456
	1020  -  MemoryUsage of job (MB)
	1044424  -  ResidentSetSize of job (KB)
...
006 (5415472.229.000) 07/13 23:02:12 Image size of job updated: 1609456
	1020  -  MemoryUsage of job (MB)
	1044436  -  ResidentSetSize of job (KB)
...
006 (5415472.229.000) 07/13 23:27:14 Image size of job updated: 1609456
	1020  -  MemoryUsage of job (MB)
	1044448  -  ResidentSetSize of job (KB)
...
006 (5415472.229.000) 07/13 23:52:16 Image size of job updated: 1609456
	1020  -  MemoryUsage of job (MB)
	1044460  -  ResidentSetSize of job (KB)
...
006 (5415472.229.000) 07/14 00:12:16 Image size of job updated: 1609456
	1020  -  MemoryUsage of job (MB)
	1044468  -  ResidentSetSize of job (KB)
...
006 (5415472.229.000) 07/14 00:17:16 Image size of job updated: 1609456
	1020  -  MemoryUsage of job (MB)
	1044472  -  ResidentSetSize of job (KB)
...
006 (5415472.229.000) 07/14 00:37:18 Image size of job updated: 1609456
	1021  -  MemoryUsage of job (MB)
	1044484  -  ResidentSetSize of job (KB)
...
006 (5415472.229.000) 07/14 04:12:46 Image size of job updated: 1609456
	1021  -  MemoryUsage of job (MB)
	1044488  -  ResidentSetSize of job (KB)
...
006 (5415472.229.000) 07/14 04:37:49 Image size of job updated: 1609456
	1021  -  MemoryUsage of job (MB)
	1044500  -  ResidentSetSize of job (KB)
...
006 (5415472.229.000) 07/14 04:57:50 Image size of job updated: 1609456
	1021  -  MemoryUsage of job (MB)
	1044512  -  ResidentSetSize of job (KB)
...
006 (5415472.229.000) 07/14 05:22:52 Image size of job updated: 1609456
	1021  -  MemoryUsage of job (MB)
	1044524  -  ResidentSetSize of job (KB)
...
006 (5415472.229.000) 07/14 05:47:53 Image size of job updated: 1609456
	1021  -  MemoryUsage of job (MB)
	1044536  -  ResidentSetSize of job (KB)
...
006 (5415472.229.000) 07/14 06:07:54 Image size of job updated: 1609456
	1021  -  MemoryUsage of job (MB)
	1044544  -  ResidentSetSize of job (KB)
...
006 (5415472.229.000) 07/14 06:12:55 Image size of job updated: 1609456
	1021  -  MemoryUsage of job (MB)
	1044548  -  ResidentSetSize of job (KB)
...
006 (5415472.229.000) 07/14 06:32:56 Image size of job updated: 1609456
	1021  -  MemoryUsage of job (MB)
	1044560  -  ResidentSetSize of job (KB)
...
006 (5415472.229.000) 07/14 06:52:57 Image size of job updated: 1609456
	1021  -  MemoryUsage of job (MB)
	1044568  -  ResidentSetSize of job (KB)
...
006 (5415472.229.000) 07/14 06:57:57 Image size of job updated: 1609456
	1021  -  MemoryUsage of job (MB)
	1044572  -  ResidentSetSize of job (KB)
...
006 (5415472.229.000) 07/14 07:18:01 Image size of job updated: 1609456
	1021  -  MemoryUsage of job (MB)
	1044584  -  ResidentSetSize of job (KB)
...
006 (5415472.229.000) 07/14 07:38:04 Image size of job updated: 1609456
	1021  -  MemoryUsage of job (MB)
	1044596  -  ResidentSetSize of job (KB)
...
006 (5415472.229.000) 07/14 07:58:07 Image size of job updated: 1609456
	1021  -  MemoryUsage of job (MB)
	1044608  -  ResidentSetSize of job (KB)
...
006 (5415472.229.000) 07/14 08:23:10 Image size of job updated: 1609456
	1021  -  MemoryUsage of job (MB)
	1044620  -  ResidentSetSize of job (KB)
...
006 (5415472.229.000) 07/14 08:43:11 Image size of job updated: 1609456
	1021  -  MemoryUsage of job (MB)
	1044632  -  ResidentSetSize of job (KB)
...
006 (5415472.229.000) 07/14 09:03:13 Image size of job updated: 1609456
	1021  -  MemoryUsage of job (MB)
	1044644  -  ResidentSetSize of job (KB)
...
006 (5415472.229.000) 07/14 09:23:16 Image size of job updated: 1609456
	1021  -  MemoryUsage of job (MB)
	1044656  -  ResidentSetSize of job (KB)
...
006 (5415472.229.000) 07/14 09:43:17 Image size of job updated: 1609456
	1021  -  MemoryUsage of job (MB)
	1044668  -  ResidentSetSize of job (KB)
...
006 (5415472.229.000) 07/14 10:03:19 Image size of job updated: 1609456
	1021  -  MemoryUsage of job (MB)
	1044680  -  ResidentSetSize of job (KB)
...
006 (5415472.229.000) 07/14 10:28:23 Image size of job updated: 1609456
	1021  -  MemoryUsage of job (MB)
	1044692  -  ResidentSetSize of job (KB)
...
006 (5415472.229.000) 07/14 10:48:26 Image size of job updated: 1609456
	1021  -  MemoryUsage of job (MB)
	1044704  -  ResidentSetSize of job (KB)
...
006 (5415472.229.000) 07/14 11:08:28 Image size of job updated: 1609456
	1021  -  MemoryUsage of job (MB)
	1044716  -  ResidentSetSize of job (KB)
...
006 (5415472.229.000) 07/14 11:33:32 Image size of job updated: 1609456
	1021  -  MemoryUsage of job (MB)
	1044728  -  ResidentSetSize of job (KB)
...
006 (5415472.229.000) 07/14 11:53:35 Image size of job updated: 1609456
	1021  -  MemoryUsage of job (MB)
	1044740  -  ResidentSetSize of job (KB)
...
006 (5415472.229.000) 07/14 12:13:36 Image size of job updated: 1609456
	1021  -  MemoryUsage of job (MB)
	1044752  -  ResidentSetSize of job (KB)
...
006 (5415472.229.000) 07/14 12:38:38 Image size of job updated: 1609456
	1021  -  MemoryUsage of job (MB)
	1044764  -  ResidentSetSize of job (KB)
...
006 (5415472.229.000) 07/14 12:58:40 Image size of job updated: 1609456
	1021  -  MemoryUsage of job (MB)
	1044776  -  ResidentSetSize of job (KB)
...
006 (5415472.229.000) 07/14 13:18:44 Image size of job updated: 1609456
	1021  -  MemoryUsage of job (MB)
	1044788  -  ResidentSetSize of job (KB)
...
006 (5415472.229.000) 07/14 13:43:47 Image size of job updated: 1609456
	1021  -  MemoryUsage of job (MB)
	1044800  -  ResidentSetSize of job (KB)
...
006 (5415472.229.000) 07/14 14:03:49 Image size of job updated: 1609456
	1021  -  MemoryUsage of job (MB)
	1044812  -  ResidentSetSize of job (KB)
...
006 (5415472.229.000) 07/14 14:28:52 Image size of job updated: 1609456
	1021  -  MemoryUsage of job (MB)
	1044824  -  ResidentSetSize of job (KB)
...
006 (5415472.229.000) 07/14 14:53:53 Image size of job updated: 1609456
	1021  -  MemoryUsage of job (MB)
	1044836  -  ResidentSetSize of job (KB)
...
006 (5415472.229.000) 07/14 15:13:56 Image size of job updated: 1609456
	1021  -  MemoryUsage of job (MB)
	1044848  -  ResidentSetSize of job (KB)
...
006 (5415472.229.000) 07/14 15:38:57 Image size of job updated: 1609456
	1021  -  MemoryUsage of job (MB)
	1044860  -  ResidentSetSize of job (KB)
...
006 (5415472.229.000) 07/14 16:03:59 Image size of job updated: 1609456
	1021  -  MemoryUsage of job (MB)
	1044872  -  ResidentSetSize of job (KB)
...
006 (5415472.229.000) 07/14 16:24:01 Image size of job updated: 1609456
	1021  -  MemoryUsage of job (MB)
	1044884  -  ResidentSetSize of job (KB)
...
006 (5415472.229.000) 07/14 16:49:02 Image size of job updated: 1609456
	1021  -  MemoryUsage of job (MB)
	1044896  -  ResidentSetSize of job (KB)
...
006 (5415472.229.000) 07/14 17:09:04 Image size of job updated: 1609456
	1021  -  MemoryUsage of job (MB)
	1044908  -  ResidentSetSize of job (KB)
...
006 (5415472.229.000) 07/14 17:34:06 Image size of job updated: 1609456
	1021  -  MemoryUsage of job (MB)
	1044920  -  ResidentSetSize of job (KB)
...
006 (5415472.229.000) 07/14 17:54:08 Image size of job updated: 1609456
	1021  -  MemoryUsage of job (MB)
	1044932  -  ResidentSetSize of job (KB)
...
006 (5415472.229.000) 07/14 18:14:11 Image size of job updated: 1609456
	1021  -  MemoryUsage of job (MB)
	1044944  -  ResidentSetSize of job (KB)
...
006 (5415472.229.000) 07/14 18:39:14 Image size of job updated: 1609456
	1021  -  MemoryUsage of job (MB)
	1044956  -  ResidentSetSize of job (KB)
...
006 (5415472.229.000) 07/14 18:59:16 Image size of job updated: 1609456
	1021  -  MemoryUsage of job (MB)
	1044968  -  ResidentSetSize of job (KB)
...
006 (5415472.229.000) 07/14 19:24:18 Image size of job updated: 1609456
	1021  -  MemoryUsage of job (MB)
	1044980  -  ResidentSetSize of job (KB)
...
006 (5415472.229.000) 07/14 19:44:19 Image size of job updated: 1609456
	1021  -  MemoryUsage of job (MB)
	1044992  -  ResidentSetSize of job (KB)
...
006 (5415472.229.000) 07/14 20:09:21 Image size of job updated: 1609456
	1021  -  MemoryUsage of job (MB)
	1045004  -  ResidentSetSize of job (KB)
...
006 (5415472.229.000) 07/14 20:29:22 Image size of job updated: 1609456
	1021  -  MemoryUsage of job (MB)
	1045016  -  ResidentSetSize of job (KB)
...
006 (5415472.229.000) 07/14 20:49:24 Image size of job updated: 1609456
	1021  -  MemoryUsage of job (MB)
	1045028  -  ResidentSetSize of job (KB)
...
006 (5415472.229.000) 07/14 21:14:30 Image size of job updated: 1609456
	1021  -  MemoryUsage of job (MB)
	1045040  -  ResidentSetSize of job (KB)
...
006 (5415472.229.000) 07/14 21:34:33 Image size of job updated: 1609456
	1021  -  MemoryUsage of job (MB)
	1045052  -  ResidentSetSize of job (KB)
...
006 (5415472.229.000) 07/14 21:54:36 Image size of job updated: 1609456
	1021  -  MemoryUsage of job (MB)
	1045064  -  ResidentSetSize of job (KB)
...
006 (5415472.229.000) 07/15 12:01:04 Image size of job updated: 1613552
	1021  -  MemoryUsage of job (MB)
	1045064  -  ResidentSetSize of job (KB)
...
006 (5415472.229.000) 07/15 12:36:09 Image size of job updated: 1613552
	1021  -  MemoryUsage of job (MB)
	1045072  -  ResidentSetSize of job (KB)
...
006 (5415472.229.000) 07/15 13:01:10 Image size of job updated: 1613552
	1021  -  MemoryUsage of job (MB)
	1045080  -  ResidentSetSize of job (KB)
...
006 (5415472.229.000) 07/15 13:16:11 Image size of job updated: 1613552
	1021  -  MemoryUsage of job (MB)
	1045088  -  ResidentSetSize of job (KB)
...
006 (5415472.229.000) 07/15 13:36:11 Image size of job updated: 1613552
	1021  -  MemoryUsage of job (MB)
	1045096  -  ResidentSetSize of job (KB)
...
006 (5415472.229.000) 07/15 13:56:13 Image size of job updated: 1613552
	1021  -  MemoryUsage of job (MB)
	1045104  -  ResidentSetSize of job (KB)
...
006 (5415472.229.000) 07/15 14:21:15 Image size of job updated: 1613552
	1021  -  MemoryUsage of job (MB)
	1045112  -  ResidentSetSize of job (KB)
...
006 (5415472.229.000) 07/15 14:41:16 Image size of job updated: 1613552
	1021  -  MemoryUsage of job (MB)
	1045120  -  ResidentSetSize of job (KB)
...
006 (5415472.229.000) 07/15 15:01:20 Image size of job updated: 1613552
	1021  -  MemoryUsage of job (MB)
	1045128  -  ResidentSetSize of job (KB)
...
006 (5415472.229.000) 07/15 15:21:22 Image size of job updated: 1613552
	1021  -  MemoryUsage of job (MB)
	1045136  -  ResidentSetSize of job (KB)
...
006 (5415472.229.000) 07/15 15:41:24 Image size of job updated: 1613552
	1021  -  MemoryUsage of job (MB)
	1045144  -  ResidentSetSize of job (KB)
...
006 (5415472.229.000) 07/15 16:01:25 Image size of job updated: 1613552
	1021  -  MemoryUsage of job (MB)
	1045152  -  ResidentSetSize of job (KB)
...
006 (5415472.229.000) 07/15 16:21:27 Image size of job updated: 1613552
	1021  -  MemoryUsage of job (MB)
	1045160  -  ResidentSetSize of job (KB)
...
006 (5415472.229.000) 07/15 16:41:29 Image size of job updated: 1613552
	1021  -  MemoryUsage of job (MB)
	1045168  -  ResidentSetSize of job (KB)
...
006 (5415472.229.000) 07/15 16:56:31 Image size of job updated: 1613552
	1021  -  MemoryUsage of job (MB)
	1045176  -  ResidentSetSize of job (KB)
...
006 (5415472.229.000) 07/15 17:16:34 Image size of job updated: 1613552
	1021  -  MemoryUsage of job (MB)
	1045184  -  ResidentSetSize of job (KB)
...
006 (5415472.229.000) 07/15 17:36:36 Image size of job updated: 1613552
	1021  -  MemoryUsage of job (MB)
	1045192  -  ResidentSetSize of job (KB)
...
006 (5415472.229.000) 07/15 17:51:38 Image size of job updated: 1613552
	1021  -  MemoryUsage of job (MB)
	1045200  -  ResidentSetSize of job (KB)
...
006 (5415472.229.000) 07/15 18:11:40 Image size of job updated: 1613552
	1021  -  MemoryUsage of job (MB)
	1045208  -  ResidentSetSize of job (KB)
...
006 (5415472.229.000) 07/15 18:31:42 Image size of job updated: 1613552
	1021  -  MemoryUsage of job (MB)
	1045216  -  ResidentSetSize of job (KB)
...
006 (5415472.229.000) 07/15 18:56:47 Image size of job updated: 1613552
	1021  -  MemoryUsage of job (MB)
	1045224  -  ResidentSetSize of job (KB)
...
006 (5415472.229.000) 07/15 19:16:49 Image size of job updated: 1613552
	1021  -  MemoryUsage of job (MB)
	1045232  -  ResidentSetSize of job (KB)
...
006 (5415472.229.000) 07/15 19:41:52 Image size of job updated: 1613552
	1021  -  MemoryUsage of job (MB)
	1045240  -  ResidentSetSize of job (KB)
...
006 (5415472.229.000) 07/15 20:01:54 Image size of job updated: 1613552
	1021  -  MemoryUsage of job (MB)
	1045248  -  ResidentSetSize of job (KB)
...
006 (5415472.229.000) 07/15 20:26:58 Image size of job updated: 1613552
	1021  -  MemoryUsage of job (MB)
	1045256  -  ResidentSetSize of job (KB)
...
006 (5415472.229.000) 07/15 20:51:59 Image size of job updated: 1613552
	1021  -  MemoryUsage of job (MB)
	1045264  -  ResidentSetSize of job (KB)
...
006 (5415472.229.000) 07/15 21:12:01 Image size of job updated: 1613552
	1021  -  MemoryUsage of job (MB)
	1045272  -  ResidentSetSize of job (KB)
...
006 (5415472.229.000) 07/15 21:32:02 Image size of job updated: 1613552
	1021  -  MemoryUsage of job (MB)
	1045280  -  ResidentSetSize of job (KB)
...
006 (5415472.229.000) 07/15 21:57:05 Image size of job updated: 1613552
	1021  -  MemoryUsage of job (MB)
	1045288  -  ResidentSetSize of job (KB)
...
006 (5415472.229.000) 07/15 22:22:09 Image size of job updated: 1613552
	1021  -  MemoryUsage of job (MB)
	1045296  -  ResidentSetSize of job (KB)
...
006 (5415472.229.000) 07/15 22:47:11 Image size of job updated: 1613552
	1021  -  MemoryUsage of job (MB)
	1045304  -  ResidentSetSize of job (KB)
...
006 (5415472.229.000) 07/15 23:12:14 Image size of job updated: 1613552
	1021  -  MemoryUsage of job (MB)
	1045312  -  ResidentSetSize of job (KB)
...
006 (5415472.229.000) 07/15 23:32:16 Image size of job updated: 1613552
	1021  -  MemoryUsage of job (MB)
	1045320  -  ResidentSetSize of job (KB)
...
006 (5415472.229.000) 07/15 23:57:19 Image size of job updated: 1613552
	1021  -  MemoryUsage of job (MB)
	1045328  -  ResidentSetSize of job (KB)
...
006 (5415472.229.000) 07/16 00:17:21 Image size of job updated: 1613552
	1021  -  MemoryUsage of job (MB)
	1045336  -  ResidentSetSize of job (KB)
...
006 (5415472.229.000) 07/16 00:42:25 Image size of job updated: 1613552
	1021  -  MemoryUsage of job (MB)
	1045344  -  ResidentSetSize of job (KB)
...
006 (5415472.229.000) 07/16 01:02:26 Image size of job updated: 1613552
	1021  -  MemoryUsage of job (MB)
	1045352  -  ResidentSetSize of job (KB)
...
006 (5415472.229.000) 07/16 01:22:27 Image size of job updated: 1613552
	1021  -  MemoryUsage of job (MB)
	1045360  -  ResidentSetSize of job (KB)
...
006 (5415472.229.000) 07/16 01:47:29 Image size of job updated: 1613552
	1021  -  MemoryUsage of job (MB)
	1045368  -  ResidentSetSize of job (KB)
...
006 (5415472.229.000) 07/16 02:07:30 Image size of job updated: 1613552
	1021  -  MemoryUsage of job (MB)
	1045376  -  ResidentSetSize of job (KB)
...
006 (5415472.229.000) 07/16 02:27:31 Image size of job updated: 1613552
	1021  -  MemoryUsage of job (MB)
	1045384  -  ResidentSetSize of job (KB)
...
006 (5415472.229.000) 07/16 02:47:34 Image size of job updated: 1613552
	1021  -  MemoryUsage of job (MB)
	1045392  -  ResidentSetSize of job (KB)
...
006 (5415472.229.000) 07/16 03:07:37 Image size of job updated: 1613552
	1021  -  MemoryUsage of job (MB)
	1045400  -  ResidentSetSize of job (KB)
...
006 (5415472.229.000) 07/16 03:27:38 Image size of job updated: 1613552
	1021  -  MemoryUsage of job (MB)
	1045408  -  ResidentSetSize of job (KB)
...
006 (5415472.229.000) 07/16 03:47:40 Image size of job updated: 1613552
	1021  -  MemoryUsage of job (MB)
	1045416  -  ResidentSetSize of job (KB)
...
006 (5415472.229.000) 07/16 04:07:41 Image size of job updated: 1613552
	1021  -  MemoryUsage of job (MB)
	1045424  -  ResidentSetSize of job (KB)
...
006 (5415472.229.000) 07/16 04:27:44 Image size of job updated: 1613552
	1021  -  MemoryUsage of job (MB)
	1045432  -  ResidentSetSize of job (KB)
...
006 (5415472.229.000) 07/16 04:52:47 Image size of job updated: 1613552
	1021  -  MemoryUsage of job (MB)
	1045440  -  ResidentSetSize of job (KB)
...
006 (5415472.229.000) 07/16 05:12:49 Image size of job updated: 1613552
	1021  -  MemoryUsage of job (MB)
	1045448  -  ResidentSetSize of job (KB)
...
006 (5415472.229.000) 07/16 05:32:51 Image size of job updated: 1613552
	1021  -  MemoryUsage of job (MB)
	1045456  -  ResidentSetSize of job (KB)
...
006 (5415472.229.000) 07/16 05:57:53 Image size of job updated: 1613552
	1021  -  MemoryUsage of job (MB)
	1045464  -  ResidentSetSize of job (KB)
...
006 (5415472.229.000) 07/16 06:17:54 Image size of job updated: 1613552
	1021  -  MemoryUsage of job (MB)
	1045472  -  ResidentSetSize of job (KB)
...
006 (5415472.229.000) 07/16 06:37:57 Image size of job updated: 1613552
	1021  -  MemoryUsage of job (MB)
	1045480  -  ResidentSetSize of job (KB)
...
006 (5415472.229.000) 07/16 06:57:59 Image size of job updated: 1613552
	1021  -  MemoryUsage of job (MB)
	1045488  -  ResidentSetSize of job (KB)
...
006 (5415472.229.000) 07/16 07:18:01 Image size of job updated: 1613552
	1021  -  MemoryUsage of job (MB)
	1045496  -  ResidentSetSize of job (KB)
...
006 (5415472.229.000) 07/16 07:38:03 Image size of job updated: 1613552
	1021  -  MemoryUsage of job (MB)
	1045504  -  ResidentSetSize of job (KB)
...
006 (5415472.229.000) 07/16 08:03:05 Image size of job updated: 1613552
	1022  -  MemoryUsage of job (MB)
	1045512  -  ResidentSetSize of job (KB)
...
006 (5415472.229.000) 07/16 08:23:08 Image size of job updated: 1613552
	1022  -  MemoryUsage of job (MB)
	1045520  -  ResidentSetSize of job (KB)
...
006 (5415472.229.000) 07/16 08:43:10 Image size of job updated: 1613552
	1022  -  MemoryUsage of job (MB)
	1045528  -  ResidentSetSize of job (KB)
...
006 (5415472.229.000) 07/16 09:08:11 Image size of job updated: 1613552
	1022  -  MemoryUsage of job (MB)
	1045536  -  ResidentSetSize of job (KB)
...
006 (5415472.229.000) 07/16 09:28:13 Image size of job updated: 1613552
	1022  -  MemoryUsage of job (MB)
	1045544  -  ResidentSetSize of job (KB)
...
006 (5415472.229.000) 07/16 09:48:16 Image size of job updated: 1613552
	1022  -  MemoryUsage of job (MB)
	1045552  -  ResidentSetSize of job (KB)
...
006 (5415472.229.000) 07/16 10:03:16 Image size of job updated: 1613552
	1022  -  MemoryUsage of job (MB)
	1045560  -  ResidentSetSize of job (KB)
...
006 (5415472.229.000) 07/16 10:23:19 Image size of job updated: 1613552
	1022  -  MemoryUsage of job (MB)
	1045564  -  ResidentSetSize of job (KB)
...
006 (5415472.229.000) 07/16 10:28:20 Image size of job updated: 1613552
	1022  -  MemoryUsage of job (MB)
	1045568  -  ResidentSetSize of job (KB)
...
006 (5415472.229.000) 07/16 10:43:22 Image size of job updated: 1613552
	1022  -  MemoryUsage of job (MB)
	1045576  -  ResidentSetSize of job (KB)
...
006 (5415472.229.000) 07/16 11:03:25 Image size of job updated: 1613552
	1022  -  MemoryUsage of job (MB)
	1045580  -  ResidentSetSize of job (KB)
...
006 (5415472.229.000) 07/16 11:08:26 Image size of job updated: 1613552
	1022  -  MemoryUsage of job (MB)
	1045584  -  ResidentSetSize of job (KB)
...
006 (5415472.229.000) 07/16 11:23:28 Image size of job updated: 1613552
	1022  -  MemoryUsage of job (MB)
	1045592  -  ResidentSetSize of job (KB)
...
006 (5415472.229.000) 07/16 11:48:29 Image size of job updated: 1613552
	1022  -  MemoryUsage of job (MB)
	1045600  -  ResidentSetSize of job (KB)
...
006 (5415472.229.000) 07/16 12:03:32 Image size of job updated: 1613552
	1022  -  MemoryUsage of job (MB)
	1045604  -  ResidentSetSize of job (KB)
...
006 (5415472.229.000) 07/16 12:08:32 Image size of job updated: 1613552
	1022  -  MemoryUsage of job (MB)
	1045608  -  ResidentSetSize of job (KB)
...
006 (5415472.229.000) 07/16 12:23:35 Image size of job updated: 1613552
	1022  -  MemoryUsage of job (MB)
	1045616  -  ResidentSetSize of job (KB)
...
006 (5415472.229.000) 07/16 12:43:38 Image size of job updated: 1613552
	1022  -  MemoryUsage of job (MB)
	1045624  -  ResidentSetSize of job (KB)
...
006 (5415472.229.000) 07/16 12:58:41 Image size of job updated: 1613552
	1022  -  MemoryUsage of job (MB)
	1045632  -  ResidentSetSize of job (KB)
...
006 (5415472.229.000) 07/16 13:18:44 Image size of job updated: 1613552
	1022  -  MemoryUsage of job (MB)
	1045640  -  ResidentSetSize of job (KB)
...
006 (5415472.229.000) 07/16 13:33:46 Image size of job updated: 1613552
	1022  -  MemoryUsage of job (MB)
	1045648  -  ResidentSetSize of job (KB)
...
006 (5415472.229.000) 07/16 13:48:47 Image size of job updated: 1613552
	1022  -  MemoryUsage of job (MB)
	1045656  -  ResidentSetSize of job (KB)
...
006 (5415472.229.000) 07/16 14:08:50 Image size of job updated: 1613552
	1022  -  MemoryUsage of job (MB)
	1045664  -  ResidentSetSize of job (KB)
...
006 (5415472.229.000) 07/16 14:23:53 Image size of job updated: 1613552
	1022  -  MemoryUsage of job (MB)
	1045672  -  ResidentSetSize of job (KB)
...
006 (5415472.229.000) 07/16 14:43:57 Image size of job updated: 1613552
	1022  -  MemoryUsage of job (MB)
	1045680  -  ResidentSetSize of job (KB)
...
006 (5415472.229.000) 07/16 14:59:00 Image size of job updated: 1613552
	1022  -  MemoryUsage of job (MB)
	1045688  -  ResidentSetSize of job (KB)
...
006 (5415472.229.000) 07/16 15:19:04 Image size of job updated: 1613552
	1022  -  MemoryUsage of job (MB)
	1045696  -  ResidentSetSize of job (KB)
...
006 (5415472.229.000) 07/16 15:34:04 Image size of job updated: 1613552
	1022  -  MemoryUsage of job (MB)
	1045704  -  ResidentSetSize of job (KB)
...
006 (5415472.229.000) 07/16 15:54:05 Image size of job updated: 1613552
	1022  -  MemoryUsage of job (MB)
	1045712  -  ResidentSetSize of job (KB)
...
006 (5415472.229.000) 07/16 16:09:06 Image size of job updated: 1613552
	1022  -  MemoryUsage of job (MB)
	1045720  -  ResidentSetSize of job (KB)
...
006 (5415472.229.000) 07/16 16:29:07 Image size of job updated: 1613552
	1022  -  MemoryUsage of job (MB)
	1045728  -  ResidentSetSize of job (KB)
...
006 (5415472.229.000) 07/16 16:49:09 Image size of job updated: 1613552
	1022  -  MemoryUsage of job (MB)
	1045736  -  ResidentSetSize of job (KB)
...
006 (5415472.229.000) 07/16 16:54:29 Image size of job updated: 1659576
	1022  -  MemoryUsage of job (MB)
	1045736  -  ResidentSetSize of job (KB)
...
040 (5415472.229.000) 07/16 16:54:29 Started transferring output files
...
040 (5415472.229.000) 07/16 16:54:32 Finished transferring output files
...
005 (5415472.229.000) 07/16 16:54:32 Job terminated.
	(1) Normal termination (return value 0)
		Usr 15 18:44:58, Sys 0 00:36:01  -  Run Remote Usage
		Usr 0 00:00:00, Sys 0 00:00:00  -  Run Local Usage
		Usr 15 18:44:58, Sys 0 00:36:01  -  Total Remote Usage
		Usr 0 00:00:00, Sys 0 00:00:00  -  Total Local Usage
	36651952  -  Run Bytes Sent By Job
	803  -  Run Bytes Received By Job
	36651952  -  Total Bytes Sent By Job
	803  -  Total Bytes Received By Job
	Partitionable Resources :    Usage  Request Allocated 
	   Cpus                 :     3.11        4         4 
	   Disk (KB)            : 35819    10485760  12261896 
	   Memory (MB)          :  1022        8000      8000 

	Job terminated of its own accord at 2021-07-16T14:54:29Z.
...
