000 (5415472.169.000) 07/11 14:02:29 Job submitted from host: <137.138.156.150:9618?addrs=137.138.156.150-9618+[2001-1458-d00-14--9a]-9618&alias=bigbird13.cern.ch&noUDP&sock=schedd_1788_ff6c>
...
040 (5415472.169.000) 07/11 14:15:23 Started transferring input files
	Transferring to host: <128.142.69.110:9618?addrs=128.142.69.110-9618+[2001-1458-301-52--100-3c6]-9618&alias=b7s10n0733.cern.ch&noUDP&sock=slot1_3_10906_0375_130751>
...
040 (5415472.169.000) 07/11 14:15:23 Finished transferring input files
...
001 (5415472.169.000) 07/11 14:15:25 Job executing on host: <128.142.69.110:9618?addrs=128.142.69.110-9618+[2001-1458-301-52--100-3c6]-9618&alias=b7s10n0733.cern.ch&noUDP&sock=startd_2312_6b0d>
...
006 (5415472.169.000) 07/11 14:15:34 Image size of job updated: 537384
	50  -  MemoryUsage of job (MB)
	50208  -  ResidentSetSize of job (KB)
...
006 (5415472.169.000) 07/11 14:20:34 Image size of job updated: 1590936
	1004  -  MemoryUsage of job (MB)
	1027376  -  ResidentSetSize of job (KB)
...
006 (5415472.169.000) 07/11 16:55:47 Image size of job updated: 1590936
	1004  -  MemoryUsage of job (MB)
	1027380  -  ResidentSetSize of job (KB)
...
006 (5415472.169.000) 07/13 17:45:31 Image size of job updated: 1591920
	1004  -  MemoryUsage of job (MB)
	1027380  -  ResidentSetSize of job (KB)
...
006 (5415472.169.000) 07/13 18:36:11 Image size of job updated: 1592824
	1004  -  MemoryUsage of job (MB)
	1027904  -  ResidentSetSize of job (KB)
...
006 (5415472.169.000) 07/13 19:26:14 Image size of job updated: 1593728
	1005  -  MemoryUsage of job (MB)
	1028808  -  ResidentSetSize of job (KB)
...
006 (5415472.169.000) 07/13 20:21:19 Image size of job updated: 1594636
	1006  -  MemoryUsage of job (MB)
	1029704  -  ResidentSetSize of job (KB)
...
006 (5415472.169.000) 07/13 21:06:24 Image size of job updated: 1595540
	1007  -  MemoryUsage of job (MB)
	1030608  -  ResidentSetSize of job (KB)
...
006 (5415472.169.000) 07/13 21:56:29 Image size of job updated: 1596448
	1008  -  MemoryUsage of job (MB)
	1031516  -  ResidentSetSize of job (KB)
...
006 (5415472.169.000) 07/13 22:51:35 Image size of job updated: 1597352
	1009  -  MemoryUsage of job (MB)
	1032420  -  ResidentSetSize of job (KB)
...
006 (5415472.169.000) 07/13 23:51:39 Image size of job updated: 1598256
	1010  -  MemoryUsage of job (MB)
	1033324  -  ResidentSetSize of job (KB)
...
006 (5415472.169.000) 07/14 00:16:41 Image size of job updated: 1598256
	1010  -  MemoryUsage of job (MB)
	1033328  -  ResidentSetSize of job (KB)
...
006 (5415472.169.000) 07/14 00:46:46 Image size of job updated: 1599164
	1010  -  MemoryUsage of job (MB)
	1034232  -  ResidentSetSize of job (KB)
...
006 (5415472.169.000) 07/14 01:41:53 Image size of job updated: 1600068
	1011  -  MemoryUsage of job (MB)
	1035136  -  ResidentSetSize of job (KB)
...
006 (5415472.169.000) 07/14 02:31:57 Image size of job updated: 1600976
	1012  -  MemoryUsage of job (MB)
	1036044  -  ResidentSetSize of job (KB)
...
006 (5415472.169.000) 07/14 03:27:01 Image size of job updated: 1601880
	1013  -  MemoryUsage of job (MB)
	1036948  -  ResidentSetSize of job (KB)
...
006 (5415472.169.000) 07/14 04:22:05 Image size of job updated: 1602784
	1014  -  MemoryUsage of job (MB)
	1037852  -  ResidentSetSize of job (KB)
...
006 (5415472.169.000) 07/14 05:12:12 Image size of job updated: 1603692
	1015  -  MemoryUsage of job (MB)
	1038760  -  ResidentSetSize of job (KB)
...
006 (5415472.169.000) 07/14 06:07:19 Image size of job updated: 1604596
	1016  -  MemoryUsage of job (MB)
	1039664  -  ResidentSetSize of job (KB)
...
006 (5415472.169.000) 07/14 07:02:24 Image size of job updated: 1605504
	1017  -  MemoryUsage of job (MB)
	1040572  -  ResidentSetSize of job (KB)
...
006 (5415472.169.000) 07/14 08:07:30 Image size of job updated: 1606408
	1018  -  MemoryUsage of job (MB)
	1041476  -  ResidentSetSize of job (KB)
...
006 (5415472.169.000) 07/14 09:17:39 Image size of job updated: 1607316
	1018  -  MemoryUsage of job (MB)
	1042384  -  ResidentSetSize of job (KB)
...
006 (5415472.169.000) 07/14 10:22:50 Image size of job updated: 1608220
	1019  -  MemoryUsage of job (MB)
	1043288  -  ResidentSetSize of job (KB)
...
006 (5415472.169.000) 07/14 11:32:57 Image size of job updated: 1609124
	1020  -  MemoryUsage of job (MB)
	1044192  -  ResidentSetSize of job (KB)
...
006 (5415472.169.000) 07/14 12:43:03 Image size of job updated: 1610032
	1021  -  MemoryUsage of job (MB)
	1045100  -  ResidentSetSize of job (KB)
...
006 (5415472.169.000) 07/14 13:13:07 Image size of job updated: 1613104
	1023  -  MemoryUsage of job (MB)
	1046648  -  ResidentSetSize of job (KB)
...
006 (5415472.169.000) 07/14 14:58:16 Image size of job updated: 1614008
	1023  -  MemoryUsage of job (MB)
	1046648  -  ResidentSetSize of job (KB)
...
006 (5415472.169.000) 07/14 16:03:21 Image size of job updated: 1614916
	1023  -  MemoryUsage of job (MB)
	1046648  -  ResidentSetSize of job (KB)
...
006 (5415472.169.000) 07/14 17:13:28 Image size of job updated: 1615820
	1023  -  MemoryUsage of job (MB)
	1046648  -  ResidentSetSize of job (KB)
...
006 (5415472.169.000) 07/14 18:23:37 Image size of job updated: 1616724
	1023  -  MemoryUsage of job (MB)
	1046648  -  ResidentSetSize of job (KB)
...
006 (5415472.169.000) 07/14 19:33:45 Image size of job updated: 1617632
	1023  -  MemoryUsage of job (MB)
	1046648  -  ResidentSetSize of job (KB)
...
006 (5415472.169.000) 07/14 20:38:53 Image size of job updated: 1618536
	1023  -  MemoryUsage of job (MB)
	1046648  -  ResidentSetSize of job (KB)
...
007 (5415472.169.000) 07/14 21:04:31 Shadow exception!
	Assertion ERROR on (result)
	0  -  Run Bytes Sent By Job
	803  -  Run Bytes Received By Job
...
040 (5415472.169.000) 07/14 21:25:18 Started transferring input files
	Transferring to host: <188.184.138.158:9618?addrs=188.184.138.158-9618+[2001-1458-301-45--100-a0]-9618&alias=b7g42n0328.cern.ch&noUDP&sock=slot1_1_4544_68b2_68887>
...
040 (5415472.169.000) 07/14 21:25:19 Finished transferring input files
...
001 (5415472.169.000) 07/14 21:25:21 Job executing on host: <188.184.138.158:9618?addrs=188.184.138.158-9618+[2001-1458-301-45--100-a0]-9618&alias=b7g42n0328.cern.ch&noUDP&sock=startd_3738_891a>
...
