000 (5415472.332.000) 07/11 14:02:29 Job submitted from host: <137.138.156.150:9618?addrs=137.138.156.150-9618+[2001-1458-d00-14--9a]-9618&alias=bigbird13.cern.ch&noUDP&sock=schedd_1788_ff6c>
...
040 (5415472.332.000) 07/11 15:03:25 Started transferring input files
	Transferring to host: <128.142.57.113:9618?addrs=128.142.57.113-9618+[2001-1458-301-7--100-70]-9618&alias=b7s02p4192.cern.ch&noUDP&sock=slot1_24_6532_2283_6184>
...
040 (5415472.332.000) 07/11 15:03:25 Finished transferring input files
...
001 (5415472.332.000) 07/11 15:03:26 Job executing on host: <128.142.57.113:9618?addrs=128.142.57.113-9618+[2001-1458-301-7--100-70]-9618&alias=b7s02p4192.cern.ch&noUDP&sock=startd_6070_17f5>
...
006 (5415472.332.000) 07/11 15:03:34 Image size of job updated: 570632
	54  -  MemoryUsage of job (MB)
	54584  -  ResidentSetSize of job (KB)
...
006 (5415472.332.000) 07/11 15:08:34 Image size of job updated: 1590924
	1004  -  MemoryUsage of job (MB)
	1027372  -  ResidentSetSize of job (KB)
...
006 (5415472.332.000) 07/12 19:06:27 Image size of job updated: 1591908
	1005  -  MemoryUsage of job (MB)
	1028280  -  ResidentSetSize of job (KB)
...
006 (5415472.332.000) 07/12 19:46:31 Image size of job updated: 1592812
	1006  -  MemoryUsage of job (MB)
	1029184  -  ResidentSetSize of job (KB)
...
006 (5415472.332.000) 07/12 20:21:34 Image size of job updated: 1593720
	1006  -  MemoryUsage of job (MB)
	1030092  -  ResidentSetSize of job (KB)
...
006 (5415472.332.000) 07/12 21:01:38 Image size of job updated: 1594624
	1007  -  MemoryUsage of job (MB)
	1030996  -  ResidentSetSize of job (KB)
...
006 (5415472.332.000) 07/12 21:36:42 Image size of job updated: 1595528
	1008  -  MemoryUsage of job (MB)
	1031900  -  ResidentSetSize of job (KB)
...
006 (5415472.332.000) 07/12 22:16:48 Image size of job updated: 1596436
	1009  -  MemoryUsage of job (MB)
	1032808  -  ResidentSetSize of job (KB)
...
006 (5415472.332.000) 07/12 22:51:51 Image size of job updated: 1597340
	1010  -  MemoryUsage of job (MB)
	1033712  -  ResidentSetSize of job (KB)
...
006 (5415472.332.000) 07/12 23:26:55 Image size of job updated: 1598248
	1011  -  MemoryUsage of job (MB)
	1034620  -  ResidentSetSize of job (KB)
...
006 (5415472.332.000) 07/13 00:01:59 Image size of job updated: 1599152
	1012  -  MemoryUsage of job (MB)
	1035524  -  ResidentSetSize of job (KB)
...
006 (5415472.332.000) 07/13 00:32:00 Image size of job updated: 1600056
	1013  -  MemoryUsage of job (MB)
	1036428  -  ResidentSetSize of job (KB)
...
006 (5415472.332.000) 07/13 01:07:02 Image size of job updated: 1600964
	1014  -  MemoryUsage of job (MB)
	1037336  -  ResidentSetSize of job (KB)
...
006 (5415472.332.000) 07/13 01:37:05 Image size of job updated: 1601868
	1014  -  MemoryUsage of job (MB)
	1038240  -  ResidentSetSize of job (KB)
...
006 (5415472.332.000) 07/13 02:12:11 Image size of job updated: 1602776
	1015  -  MemoryUsage of job (MB)
	1039148  -  ResidentSetSize of job (KB)
...
006 (5415472.332.000) 07/13 02:47:14 Image size of job updated: 1603680
	1016  -  MemoryUsage of job (MB)
	1040052  -  ResidentSetSize of job (KB)
...
006 (5415472.332.000) 07/13 03:27:19 Image size of job updated: 1604584
	1017  -  MemoryUsage of job (MB)
	1040956  -  ResidentSetSize of job (KB)
...
006 (5415472.332.000) 07/13 04:02:25 Image size of job updated: 1605492
	1018  -  MemoryUsage of job (MB)
	1041864  -  ResidentSetSize of job (KB)
...
006 (5415472.332.000) 07/13 04:42:30 Image size of job updated: 1606396
	1019  -  MemoryUsage of job (MB)
	1042768  -  ResidentSetSize of job (KB)
...
006 (5415472.332.000) 07/13 05:17:33 Image size of job updated: 1607304
	1020  -  MemoryUsage of job (MB)
	1043676  -  ResidentSetSize of job (KB)
...
006 (5415472.332.000) 07/13 05:52:35 Image size of job updated: 1608208
	1021  -  MemoryUsage of job (MB)
	1044580  -  ResidentSetSize of job (KB)
...
006 (5415472.332.000) 07/13 06:27:39 Image size of job updated: 1609112
	1021  -  MemoryUsage of job (MB)
	1045484  -  ResidentSetSize of job (KB)
...
006 (5415472.332.000) 07/13 07:02:45 Image size of job updated: 1609112
	1026  -  MemoryUsage of job (MB)
	1050016  -  ResidentSetSize of job (KB)
...
006 (5415472.332.000) 07/13 07:07:45 Image size of job updated: 1613644
	1026  -  MemoryUsage of job (MB)
	1050016  -  ResidentSetSize of job (KB)
...
006 (5415472.332.000) 07/13 07:22:45 Image size of job updated: 1616716
	1027  -  MemoryUsage of job (MB)
	1051564  -  ResidentSetSize of job (KB)
...
006 (5415472.332.000) 07/13 07:42:47 Image size of job updated: 1616716
	1027  -  MemoryUsage of job (MB)
	1051576  -  ResidentSetSize of job (KB)
...
006 (5415472.332.000) 07/13 08:07:49 Image size of job updated: 1616716
	1027  -  MemoryUsage of job (MB)
	1051588  -  ResidentSetSize of job (KB)
...
006 (5415472.332.000) 07/13 08:27:51 Image size of job updated: 1616716
	1027  -  MemoryUsage of job (MB)
	1051600  -  ResidentSetSize of job (KB)
...
006 (5415472.332.000) 07/13 08:47:52 Image size of job updated: 1616716
	1027  -  MemoryUsage of job (MB)
	1051612  -  ResidentSetSize of job (KB)
...
006 (5415472.332.000) 07/13 09:12:56 Image size of job updated: 1616716
	1027  -  MemoryUsage of job (MB)
	1051624  -  ResidentSetSize of job (KB)
...
006 (5415472.332.000) 07/13 09:32:57 Image size of job updated: 1616716
	1027  -  MemoryUsage of job (MB)
	1051636  -  ResidentSetSize of job (KB)
...
006 (5415472.332.000) 07/13 09:52:59 Image size of job updated: 1616716
	1027  -  MemoryUsage of job (MB)
	1051644  -  ResidentSetSize of job (KB)
...
006 (5415472.332.000) 07/13 09:58:00 Image size of job updated: 1616716
	1027  -  MemoryUsage of job (MB)
	1051648  -  ResidentSetSize of job (KB)
...
006 (5415472.332.000) 07/13 10:18:02 Image size of job updated: 1616716
	1028  -  MemoryUsage of job (MB)
	1051660  -  ResidentSetSize of job (KB)
...
006 (5415472.332.000) 07/13 10:38:26 Image size of job updated: 1616716
	1028  -  MemoryUsage of job (MB)
	1051672  -  ResidentSetSize of job (KB)
...
006 (5415472.332.000) 07/13 10:58:29 Image size of job updated: 1616716
	1028  -  MemoryUsage of job (MB)
	1051684  -  ResidentSetSize of job (KB)
...
006 (5415472.332.000) 07/13 11:24:02 Image size of job updated: 1616716
	1028  -  MemoryUsage of job (MB)
	1051696  -  ResidentSetSize of job (KB)
...
006 (5415472.332.000) 07/13 11:43:33 Image size of job updated: 1616716
	1028  -  MemoryUsage of job (MB)
	1051708  -  ResidentSetSize of job (KB)
...
006 (5415472.332.000) 07/13 12:03:35 Image size of job updated: 1616716
	1028  -  MemoryUsage of job (MB)
	1051720  -  ResidentSetSize of job (KB)
...
006 (5415472.332.000) 07/13 12:23:38 Image size of job updated: 1616716
	1028  -  MemoryUsage of job (MB)
	1051732  -  ResidentSetSize of job (KB)
...
006 (5415472.332.000) 07/13 12:43:41 Image size of job updated: 1616716
	1028  -  MemoryUsage of job (MB)
	1051744  -  ResidentSetSize of job (KB)
...
006 (5415472.332.000) 07/13 13:08:42 Image size of job updated: 1616716
	1028  -  MemoryUsage of job (MB)
	1051756  -  ResidentSetSize of job (KB)
...
006 (5415472.332.000) 07/13 13:28:46 Image size of job updated: 1616716
	1028  -  MemoryUsage of job (MB)
	1051768  -  ResidentSetSize of job (KB)
...
006 (5415472.332.000) 07/13 13:58:53 Image size of job updated: 1616716
	1028  -  MemoryUsage of job (MB)
	1051780  -  ResidentSetSize of job (KB)
...
006 (5415472.332.000) 07/13 14:18:55 Image size of job updated: 1616716
	1028  -  MemoryUsage of job (MB)
	1051784  -  ResidentSetSize of job (KB)
...
006 (5415472.332.000) 07/13 14:23:56 Image size of job updated: 1616716
	1028  -  MemoryUsage of job (MB)
	1051792  -  ResidentSetSize of job (KB)
...
006 (5415472.332.000) 07/13 14:43:58 Image size of job updated: 1616716
	1028  -  MemoryUsage of job (MB)
	1051804  -  ResidentSetSize of job (KB)
...
006 (5415472.332.000) 07/13 15:04:00 Image size of job updated: 1616716
	1028  -  MemoryUsage of job (MB)
	1051816  -  ResidentSetSize of job (KB)
...
006 (5415472.332.000) 07/13 15:24:03 Image size of job updated: 1616716
	1028  -  MemoryUsage of job (MB)
	1051828  -  ResidentSetSize of job (KB)
...
006 (5415472.332.000) 07/13 16:49:12 Image size of job updated: 1616716
	1028  -  MemoryUsage of job (MB)
	1051832  -  ResidentSetSize of job (KB)
...
006 (5415472.332.000) 07/13 17:14:15 Image size of job updated: 1616716
	1028  -  MemoryUsage of job (MB)
	1051844  -  ResidentSetSize of job (KB)
...
006 (5415472.332.000) 07/13 17:41:24 Image size of job updated: 1616716
	1028  -  MemoryUsage of job (MB)
	1051856  -  ResidentSetSize of job (KB)
...
006 (5415472.332.000) 07/13 18:01:27 Image size of job updated: 1616716
	1028  -  MemoryUsage of job (MB)
	1051868  -  ResidentSetSize of job (KB)
...
006 (5415472.332.000) 07/13 18:26:31 Image size of job updated: 1616716
	1028  -  MemoryUsage of job (MB)
	1051880  -  ResidentSetSize of job (KB)
...
006 (5415472.332.000) 07/13 18:46:35 Image size of job updated: 1616716
	1028  -  MemoryUsage of job (MB)
	1051892  -  ResidentSetSize of job (KB)
...
006 (5415472.332.000) 07/13 19:06:38 Image size of job updated: 1616716
	1028  -  MemoryUsage of job (MB)
	1051904  -  ResidentSetSize of job (KB)
...
006 (5415472.332.000) 07/13 19:31:39 Image size of job updated: 1616716
	1028  -  MemoryUsage of job (MB)
	1051916  -  ResidentSetSize of job (KB)
...
006 (5415472.332.000) 07/13 19:51:40 Image size of job updated: 1616716
	1028  -  MemoryUsage of job (MB)
	1051928  -  ResidentSetSize of job (KB)
...
006 (5415472.332.000) 07/13 20:16:42 Image size of job updated: 1616716
	1028  -  MemoryUsage of job (MB)
	1051940  -  ResidentSetSize of job (KB)
...
006 (5415472.332.000) 07/13 20:41:43 Image size of job updated: 1616716
	1028  -  MemoryUsage of job (MB)
	1051952  -  ResidentSetSize of job (KB)
...
006 (5415472.332.000) 07/13 21:01:46 Image size of job updated: 1616716
	1028  -  MemoryUsage of job (MB)
	1051964  -  ResidentSetSize of job (KB)
...
006 (5415472.332.000) 07/13 21:26:50 Image size of job updated: 1616716
	1028  -  MemoryUsage of job (MB)
	1051972  -  ResidentSetSize of job (KB)
...
006 (5415472.332.000) 07/13 21:46:51 Image size of job updated: 1616716
	1028  -  MemoryUsage of job (MB)
	1051984  -  ResidentSetSize of job (KB)
...
006 (5415472.332.000) 07/13 22:11:55 Image size of job updated: 1616716
	1028  -  MemoryUsage of job (MB)
	1051996  -  ResidentSetSize of job (KB)
...
006 (5415472.332.000) 07/13 22:36:58 Image size of job updated: 1616716
	1028  -  MemoryUsage of job (MB)
	1052008  -  ResidentSetSize of job (KB)
...
006 (5415472.332.000) 07/13 22:56:59 Image size of job updated: 1616716
	1028  -  MemoryUsage of job (MB)
	1052020  -  ResidentSetSize of job (KB)
...
006 (5415472.332.000) 07/13 23:22:03 Image size of job updated: 1616716
	1028  -  MemoryUsage of job (MB)
	1052032  -  ResidentSetSize of job (KB)
...
006 (5415472.332.000) 07/13 23:47:08 Image size of job updated: 1616716
	1028  -  MemoryUsage of job (MB)
	1052044  -  ResidentSetSize of job (KB)
...
006 (5415472.332.000) 07/14 00:07:11 Image size of job updated: 1616716
	1028  -  MemoryUsage of job (MB)
	1052056  -  ResidentSetSize of job (KB)
...
006 (5415472.332.000) 07/14 00:27:13 Image size of job updated: 1616716
	1028  -  MemoryUsage of job (MB)
	1052060  -  ResidentSetSize of job (KB)
...
006 (5415472.332.000) 07/14 00:32:13 Image size of job updated: 1616716
	1028  -  MemoryUsage of job (MB)
	1052068  -  ResidentSetSize of job (KB)
...
006 (5415472.332.000) 07/14 00:52:15 Image size of job updated: 1616716
	1028  -  MemoryUsage of job (MB)
	1052080  -  ResidentSetSize of job (KB)
...
006 (5415472.332.000) 07/14 01:12:16 Image size of job updated: 1616716
	1028  -  MemoryUsage of job (MB)
	1052092  -  ResidentSetSize of job (KB)
...
007 (5415472.332.000) 07/14 21:05:00 Shadow exception!
	Assertion ERROR on (result)
	0  -  Run Bytes Sent By Job
	803  -  Run Bytes Received By Job
...
040 (5415472.332.000) 07/14 22:35:10 Started transferring input files
	Transferring to host: <188.184.213.185:9618?addrs=188.184.213.185-9618+[2001-1458-301-10c--100-1ba]-9618&alias=b7g24n0692.cern.ch&noUDP&sock=slot1_6_4110_9de0_60592>
...
040 (5415472.332.000) 07/14 22:35:10 Finished transferring input files
...
001 (5415472.332.000) 07/14 22:35:11 Job executing on host: <188.184.213.185:9618?addrs=188.184.213.185-9618+[2001-1458-301-10c--100-1ba]-9618&alias=b7g24n0692.cern.ch&noUDP&sock=startd_3681_7034>
...
