000 (5415472.493.000) 07/11 14:02:30 Job submitted from host: <137.138.156.150:9618?addrs=137.138.156.150-9618+[2001-1458-d00-14--9a]-9618&alias=bigbird13.cern.ch&noUDP&sock=schedd_1788_ff6c>
...
040 (5415472.493.000) 07/12 09:10:20 Started transferring input files
	Transferring to host: <128.142.59.85:9618?addrs=128.142.59.85-9618+[2001-1458-301-21--100-54]-9618&alias=b7s04p0573.cern.ch&noUDP&sock=slot1_6_6741_64eb_2752>
...
040 (5415472.493.000) 07/12 09:10:20 Finished transferring input files
...
001 (5415472.493.000) 07/12 09:10:21 Job executing on host: <128.142.59.85:9618?addrs=128.142.59.85-9618+[2001-1458-301-21--100-54]-9618&alias=b7s04p0573.cern.ch&noUDP&sock=startd_6282_8209>
...
006 (5415472.493.000) 07/12 09:10:30 Image size of job updated: 806800
	264  -  MemoryUsage of job (MB)
	270280  -  ResidentSetSize of job (KB)
...
006 (5415472.493.000) 07/12 09:15:30 Image size of job updated: 1591056
	1004  -  MemoryUsage of job (MB)
	1027488  -  ResidentSetSize of job (KB)
...
006 (5415472.493.000) 07/13 18:04:47 Image size of job updated: 1592036
	1004  -  MemoryUsage of job (MB)
	1027564  -  ResidentSetSize of job (KB)
...
006 (5415472.493.000) 07/13 18:49:50 Image size of job updated: 1592940
	1005  -  MemoryUsage of job (MB)
	1028468  -  ResidentSetSize of job (KB)
...
006 (5415472.493.000) 07/13 19:29:53 Image size of job updated: 1593848
	1006  -  MemoryUsage of job (MB)
	1029376  -  ResidentSetSize of job (KB)
...
006 (5415472.493.000) 07/13 20:09:56 Image size of job updated: 1594752
	1006  -  MemoryUsage of job (MB)
	1030088  -  ResidentSetSize of job (KB)
...
006 (5415472.493.000) 07/13 20:50:03 Image size of job updated: 1595660
	1007  -  MemoryUsage of job (MB)
	1030996  -  ResidentSetSize of job (KB)
...
006 (5415472.493.000) 07/13 21:30:06 Image size of job updated: 1596564
	1008  -  MemoryUsage of job (MB)
	1031900  -  ResidentSetSize of job (KB)
...
006 (5415472.493.000) 07/13 22:05:12 Image size of job updated: 1597472
	1009  -  MemoryUsage of job (MB)
	1032808  -  ResidentSetSize of job (KB)
...
006 (5415472.493.000) 07/13 22:45:16 Image size of job updated: 1598376
	1010  -  MemoryUsage of job (MB)
	1033712  -  ResidentSetSize of job (KB)
...
006 (5415472.493.000) 07/13 23:25:19 Image size of job updated: 1599280
	1011  -  MemoryUsage of job (MB)
	1034616  -  ResidentSetSize of job (KB)
...
006 (5415472.493.000) 07/14 00:05:24 Image size of job updated: 1600188
	1012  -  MemoryUsage of job (MB)
	1035524  -  ResidentSetSize of job (KB)
...
006 (5415472.493.000) 07/14 00:50:28 Image size of job updated: 1601092
	1013  -  MemoryUsage of job (MB)
	1036408  -  ResidentSetSize of job (KB)
...
006 (5415472.493.000) 07/14 01:30:34 Image size of job updated: 1602000
	1014  -  MemoryUsage of job (MB)
	1037316  -  ResidentSetSize of job (KB)
...
006 (5415472.493.000) 07/14 02:15:40 Image size of job updated: 1602904
	1014  -  MemoryUsage of job (MB)
	1038220  -  ResidentSetSize of job (KB)
...
006 (5415472.493.000) 07/14 02:55:45 Image size of job updated: 1603808
	1015  -  MemoryUsage of job (MB)
	1039124  -  ResidentSetSize of job (KB)
...
006 (5415472.493.000) 07/14 03:40:51 Image size of job updated: 1604716
	1016  -  MemoryUsage of job (MB)
	1040032  -  ResidentSetSize of job (KB)
...
006 (5415472.493.000) 07/14 04:20:55 Image size of job updated: 1605620
	1017  -  MemoryUsage of job (MB)
	1040936  -  ResidentSetSize of job (KB)
...
006 (5415472.493.000) 07/14 05:06:01 Image size of job updated: 1606528
	1018  -  MemoryUsage of job (MB)
	1041844  -  ResidentSetSize of job (KB)
...
006 (5415472.493.000) 07/14 05:46:06 Image size of job updated: 1607432
	1019  -  MemoryUsage of job (MB)
	1042748  -  ResidentSetSize of job (KB)
...
006 (5415472.493.000) 07/14 06:26:11 Image size of job updated: 1608336
	1020  -  MemoryUsage of job (MB)
	1043652  -  ResidentSetSize of job (KB)
...
006 (5415472.493.000) 07/14 07:06:15 Image size of job updated: 1609244
	1021  -  MemoryUsage of job (MB)
	1044560  -  ResidentSetSize of job (KB)
...
006 (5415472.493.000) 07/14 07:46:19 Image size of job updated: 1610148
	1021  -  MemoryUsage of job (MB)
	1045464  -  ResidentSetSize of job (KB)
...
006 (5415472.493.000) 07/14 08:06:20 Image size of job updated: 1613220
	1023  -  MemoryUsage of job (MB)
	1047012  -  ResidentSetSize of job (KB)
...
006 (5415472.493.000) 07/14 08:11:21 Image size of job updated: 1613220
	1023  -  MemoryUsage of job (MB)
	1047024  -  ResidentSetSize of job (KB)
...
006 (5415472.493.000) 07/14 08:36:23 Image size of job updated: 1613220
	1023  -  MemoryUsage of job (MB)
	1047036  -  ResidentSetSize of job (KB)
...
006 (5415472.493.000) 07/14 08:56:27 Image size of job updated: 1613220
	1023  -  MemoryUsage of job (MB)
	1047048  -  ResidentSetSize of job (KB)
...
006 (5415472.493.000) 07/14 09:06:28 Image size of job updated: 1613220
	1024  -  MemoryUsage of job (MB)
	1047956  -  ResidentSetSize of job (KB)
...
006 (5415472.493.000) 07/14 09:11:28 Image size of job updated: 1614128
	1024  -  MemoryUsage of job (MB)
	1047956  -  ResidentSetSize of job (KB)
...
006 (5415472.493.000) 07/14 09:16:29 Image size of job updated: 1614128
	1024  -  MemoryUsage of job (MB)
	1047968  -  ResidentSetSize of job (KB)
...
006 (5415472.493.000) 07/14 09:41:31 Image size of job updated: 1614128
	1024  -  MemoryUsage of job (MB)
	1047980  -  ResidentSetSize of job (KB)
...
006 (5415472.493.000) 07/14 09:51:33 Image size of job updated: 1615032
	1025  -  MemoryUsage of job (MB)
	1048884  -  ResidentSetSize of job (KB)
...
006 (5415472.493.000) 07/14 10:01:34 Image size of job updated: 1615032
	1025  -  MemoryUsage of job (MB)
	1048896  -  ResidentSetSize of job (KB)
...
006 (5415472.493.000) 07/14 10:21:35 Image size of job updated: 1615032
	1025  -  MemoryUsage of job (MB)
	1048908  -  ResidentSetSize of job (KB)
...
006 (5415472.493.000) 07/14 10:26:35 Image size of job updated: 1615936
	1026  -  MemoryUsage of job (MB)
	1049812  -  ResidentSetSize of job (KB)
...
006 (5415472.493.000) 07/14 10:41:37 Image size of job updated: 1615936
	1026  -  MemoryUsage of job (MB)
	1049824  -  ResidentSetSize of job (KB)
...
006 (5415472.493.000) 07/14 11:01:40 Image size of job updated: 1615936
	1026  -  MemoryUsage of job (MB)
	1049836  -  ResidentSetSize of job (KB)
...
006 (5415472.493.000) 07/14 11:06:41 Image size of job updated: 1616844
	1027  -  MemoryUsage of job (MB)
	1050744  -  ResidentSetSize of job (KB)
...
006 (5415472.493.000) 07/14 11:21:41 Image size of job updated: 1616844
	1027  -  MemoryUsage of job (MB)
	1050756  -  ResidentSetSize of job (KB)
...
006 (5415472.493.000) 07/14 11:46:42 Image size of job updated: 1617748
	1028  -  MemoryUsage of job (MB)
	1051672  -  ResidentSetSize of job (KB)
...
006 (5415472.493.000) 07/14 12:06:45 Image size of job updated: 1617748
	1028  -  MemoryUsage of job (MB)
	1051684  -  ResidentSetSize of job (KB)
...
006 (5415472.493.000) 07/14 12:26:48 Image size of job updated: 1618656
	1028  -  MemoryUsage of job (MB)
	1052604  -  ResidentSetSize of job (KB)
...
006 (5415472.493.000) 07/14 12:46:50 Image size of job updated: 1618656
	1028  -  MemoryUsage of job (MB)
	1052616  -  ResidentSetSize of job (KB)
...
006 (5415472.493.000) 07/14 13:06:52 Image size of job updated: 1619560
	1029  -  MemoryUsage of job (MB)
	1053532  -  ResidentSetSize of job (KB)
...
006 (5415472.493.000) 07/14 13:26:55 Image size of job updated: 1619560
	1029  -  MemoryUsage of job (MB)
	1053540  -  ResidentSetSize of job (KB)
...
006 (5415472.493.000) 07/14 13:31:55 Image size of job updated: 1619560
	1029  -  MemoryUsage of job (MB)
	1053544  -  ResidentSetSize of job (KB)
...
006 (5415472.493.000) 07/14 13:46:55 Image size of job updated: 1620468
	1030  -  MemoryUsage of job (MB)
	1054452  -  ResidentSetSize of job (KB)
...
006 (5415472.493.000) 07/14 13:51:56 Image size of job updated: 1620468
	1030  -  MemoryUsage of job (MB)
	1054464  -  ResidentSetSize of job (KB)
...
006 (5415472.493.000) 07/14 14:12:00 Image size of job updated: 1620468
	1030  -  MemoryUsage of job (MB)
	1054476  -  ResidentSetSize of job (KB)
...
006 (5415472.493.000) 07/14 14:27:03 Image size of job updated: 1621372
	1031  -  MemoryUsage of job (MB)
	1055380  -  ResidentSetSize of job (KB)
...
006 (5415472.493.000) 07/14 14:37:04 Image size of job updated: 1621372
	1031  -  MemoryUsage of job (MB)
	1055392  -  ResidentSetSize of job (KB)
...
006 (5415472.493.000) 07/14 14:57:06 Image size of job updated: 1621372
	1031  -  MemoryUsage of job (MB)
	1055404  -  ResidentSetSize of job (KB)
...
006 (5415472.493.000) 07/14 15:07:07 Image size of job updated: 1622276
	1032  -  MemoryUsage of job (MB)
	1056308  -  ResidentSetSize of job (KB)
...
006 (5415472.493.000) 07/14 15:22:10 Image size of job updated: 1622276
	1032  -  MemoryUsage of job (MB)
	1056320  -  ResidentSetSize of job (KB)
...
006 (5415472.493.000) 07/14 15:42:11 Image size of job updated: 1622276
	1032  -  MemoryUsage of job (MB)
	1056332  -  ResidentSetSize of job (KB)
...
006 (5415472.493.000) 07/14 15:52:12 Image size of job updated: 1626804
	1036  -  MemoryUsage of job (MB)
	1060860  -  ResidentSetSize of job (KB)
...
006 (5415472.493.000) 07/14 16:07:14 Image size of job updated: 1626804
	1037  -  MemoryUsage of job (MB)
	1060872  -  ResidentSetSize of job (KB)
...
006 (5415472.493.000) 07/14 16:32:17 Image size of job updated: 1626804
	1037  -  MemoryUsage of job (MB)
	1060884  -  ResidentSetSize of job (KB)
...
006 (5415472.493.000) 07/14 16:52:20 Image size of job updated: 1626804
	1037  -  MemoryUsage of job (MB)
	1060896  -  ResidentSetSize of job (KB)
...
006 (5415472.493.000) 07/14 17:12:22 Image size of job updated: 1626804
	1037  -  MemoryUsage of job (MB)
	1060908  -  ResidentSetSize of job (KB)
...
006 (5415472.493.000) 07/14 17:37:24 Image size of job updated: 1626804
	1037  -  MemoryUsage of job (MB)
	1060920  -  ResidentSetSize of job (KB)
...
006 (5415472.493.000) 07/14 17:57:26 Image size of job updated: 1626804
	1037  -  MemoryUsage of job (MB)
	1060932  -  ResidentSetSize of job (KB)
...
006 (5415472.493.000) 07/14 18:22:29 Image size of job updated: 1626804
	1037  -  MemoryUsage of job (MB)
	1060944  -  ResidentSetSize of job (KB)
...
006 (5415472.493.000) 07/14 18:42:32 Image size of job updated: 1626804
	1037  -  MemoryUsage of job (MB)
	1060948  -  ResidentSetSize of job (KB)
...
006 (5415472.493.000) 07/14 18:47:32 Image size of job updated: 1626804
	1037  -  MemoryUsage of job (MB)
	1060956  -  ResidentSetSize of job (KB)
...
006 (5415472.493.000) 07/14 19:07:34 Image size of job updated: 1626804
	1037  -  MemoryUsage of job (MB)
	1060968  -  ResidentSetSize of job (KB)
...
006 (5415472.493.000) 07/14 19:32:36 Image size of job updated: 1626804
	1037  -  MemoryUsage of job (MB)
	1060980  -  ResidentSetSize of job (KB)
...
006 (5415472.493.000) 07/14 19:57:39 Image size of job updated: 1626804
	1037  -  MemoryUsage of job (MB)
	1060992  -  ResidentSetSize of job (KB)
...
006 (5415472.493.000) 07/14 20:17:41 Image size of job updated: 1626804
	1037  -  MemoryUsage of job (MB)
	1061004  -  ResidentSetSize of job (KB)
...
006 (5415472.493.000) 07/14 20:37:43 Image size of job updated: 1626804
	1037  -  MemoryUsage of job (MB)
	1061016  -  ResidentSetSize of job (KB)
...
007 (5415472.493.000) 07/14 21:06:27 Shadow exception!
	Assertion ERROR on (result)
	0  -  Run Bytes Sent By Job
	803  -  Run Bytes Received By Job
...
