000 (5415472.176.000) 07/11 14:02:29 Job submitted from host: <137.138.156.150:9618?addrs=137.138.156.150-9618+[2001-1458-d00-14--9a]-9618&alias=bigbird13.cern.ch&noUDP&sock=schedd_1788_ff6c>
...
040 (5415472.176.000) 07/11 14:15:26 Started transferring input files
	Transferring to host: <128.142.85.122:9618?addrs=128.142.85.122-9618+[2001-1458-301-f6--100-46c]-9618&alias=b7s14n7727.cern.ch&noUDP&sock=slot1_3_5901_89c9_56491>
...
040 (5415472.176.000) 07/11 14:15:26 Finished transferring input files
...
001 (5415472.176.000) 07/11 14:15:34 Job executing on host: <128.142.85.122:9618?addrs=128.142.85.122-9618+[2001-1458-301-f6--100-46c]-9618&alias=b7s14n7727.cern.ch&noUDP&sock=startd_4757_7c1c>
...
006 (5415472.176.000) 07/11 14:15:42 Image size of job updated: 122324
	61  -  MemoryUsage of job (MB)
	61984  -  ResidentSetSize of job (KB)
...
006 (5415472.176.000) 07/11 14:20:42 Image size of job updated: 1591088
	1004  -  MemoryUsage of job (MB)
	1027536  -  ResidentSetSize of job (KB)
...
006 (5415472.176.000) 07/13 16:26:12 Image size of job updated: 1592068
	1005  -  MemoryUsage of job (MB)
	1028440  -  ResidentSetSize of job (KB)
...
006 (5415472.176.000) 07/13 17:30:52 Image size of job updated: 1592976
	1006  -  MemoryUsage of job (MB)
	1029348  -  ResidentSetSize of job (KB)
...
006 (5415472.176.000) 07/13 18:16:54 Image size of job updated: 1593880
	1007  -  MemoryUsage of job (MB)
	1030252  -  ResidentSetSize of job (KB)
...
006 (5415472.176.000) 07/13 19:07:01 Image size of job updated: 1594788
	1007  -  MemoryUsage of job (MB)
	1031160  -  ResidentSetSize of job (KB)
...
006 (5415472.176.000) 07/13 20:07:08 Image size of job updated: 1595692
	1008  -  MemoryUsage of job (MB)
	1032064  -  ResidentSetSize of job (KB)
...
006 (5415472.176.000) 07/13 21:07:15 Image size of job updated: 1596596
	1009  -  MemoryUsage of job (MB)
	1032968  -  ResidentSetSize of job (KB)
...
006 (5415472.176.000) 07/13 22:12:21 Image size of job updated: 1597504
	1010  -  MemoryUsage of job (MB)
	1033876  -  ResidentSetSize of job (KB)
...
006 (5415472.176.000) 07/13 23:22:31 Image size of job updated: 1598408
	1011  -  MemoryUsage of job (MB)
	1034780  -  ResidentSetSize of job (KB)
...
006 (5415472.176.000) 07/14 00:57:40 Image size of job updated: 1599316
	1012  -  MemoryUsage of job (MB)
	1035688  -  ResidentSetSize of job (KB)
...
006 (5415472.176.000) 07/14 02:17:49 Image size of job updated: 1600220
	1013  -  MemoryUsage of job (MB)
	1036592  -  ResidentSetSize of job (KB)
...
006 (5415472.176.000) 07/14 03:37:56 Image size of job updated: 1601124
	1014  -  MemoryUsage of job (MB)
	1037496  -  ResidentSetSize of job (KB)
...
006 (5415472.176.000) 07/14 04:38:01 Image size of job updated: 1602032
	1015  -  MemoryUsage of job (MB)
	1038404  -  ResidentSetSize of job (KB)
...
006 (5415472.176.000) 07/14 05:43:08 Image size of job updated: 1602936
	1015  -  MemoryUsage of job (MB)
	1039308  -  ResidentSetSize of job (KB)
...
006 (5415472.176.000) 07/14 06:48:16 Image size of job updated: 1603844
	1016  -  MemoryUsage of job (MB)
	1040216  -  ResidentSetSize of job (KB)
...
006 (5415472.176.000) 07/14 07:53:21 Image size of job updated: 1604748
	1017  -  MemoryUsage of job (MB)
	1041120  -  ResidentSetSize of job (KB)
...
006 (5415472.176.000) 07/14 09:13:28 Image size of job updated: 1605652
	1018  -  MemoryUsage of job (MB)
	1042024  -  ResidentSetSize of job (KB)
...
006 (5415472.176.000) 07/14 10:08:33 Image size of job updated: 1606560
	1019  -  MemoryUsage of job (MB)
	1042932  -  ResidentSetSize of job (KB)
...
006 (5415472.176.000) 07/14 11:08:40 Image size of job updated: 1607464
	1020  -  MemoryUsage of job (MB)
	1043836  -  ResidentSetSize of job (KB)
...
006 (5415472.176.000) 07/14 12:03:50 Image size of job updated: 1608372
	1021  -  MemoryUsage of job (MB)
	1044744  -  ResidentSetSize of job (KB)
...
006 (5415472.176.000) 07/14 12:53:55 Image size of job updated: 1609276
	1022  -  MemoryUsage of job (MB)
	1045648  -  ResidentSetSize of job (KB)
...
006 (5415472.176.000) 07/14 13:48:59 Image size of job updated: 1613804
	1026  -  MemoryUsage of job (MB)
	1050176  -  ResidentSetSize of job (KB)
...
040 (5415472.176.000) 07/14 14:05:28 Started transferring output files
...
040 (5415472.176.000) 07/14 14:05:28 Finished transferring output files
...
004 (5415472.176.000) 07/14 14:05:29 Job was evicted.
	(0) CPU times
		Usr 8 13:04:20, Sys 0 00:01:56  -  Run Remote Usage
		Usr 0 00:00:00, Sys 0 00:00:00  -  Run Local Usage
	96183  -  Run Bytes Sent By Job
	803  -  Run Bytes Received By Job
	Partitionable Resources :    Usage  Request Allocated 
	   Cpus                 :     3.12        4         4 
	   Disk (KB)            :   120    10485760  10814666 
	   Memory (MB)          :  1026        8000      8000 
...
040 (5415472.176.000) 07/14 21:25:22 Started transferring input files
	Transferring to host: <128.142.58.124:9618?addrs=128.142.58.124-9618+[2001-1458-301-16--100-7b]-9618&alias=b7s03p8509.cern.ch&noUDP&sock=slot1_11_797_4ef9_6437>
...
040 (5415472.176.000) 07/14 21:25:26 Finished transferring input files
...
001 (5415472.176.000) 07/14 21:25:27 Job executing on host: <128.142.58.124:9618?addrs=128.142.58.124-9618+[2001-1458-301-16--100-7b]-9618&alias=b7s03p8509.cern.ch&noUDP&sock=startd_65372_5543>
...
040 (5415472.176.000) 07/19 18:31:06 Started transferring output files
...
040 (5415472.176.000) 07/19 18:31:06 Finished transferring output files
...
004 (5415472.176.000) 07/19 18:31:06 Job was evicted.
	(0) CPU times
		Usr 15 01:34:03, Sys 0 00:32:01  -  Run Remote Usage
		Usr 0 00:00:00, Sys 0 00:00:00  -  Run Local Usage
	96411  -  Run Bytes Sent By Job
	96986  -  Run Bytes Received By Job
	Partitionable Resources :    Usage  Request Allocated 
	   Cpus                 :     3.39        4         4 
	   Disk (KB)            :   123    10485760  11622554 
	   Memory (MB)          :  1221        8000      8000 
...
