000 (5415472.338.000) 07/11 14:02:29 Job submitted from host: <137.138.156.150:9618?addrs=137.138.156.150-9618+[2001-1458-d00-14--9a]-9618&alias=bigbird13.cern.ch&noUDP&sock=schedd_1788_ff6c>
...
040 (5415472.338.000) 07/11 15:08:18 Started transferring input files
	Transferring to host: <128.142.56.107:9618?addrs=128.142.56.107-9618+[2001-1458-301-6--100-6a]-9618&alias=b7s01p1962.cern.ch&noUDP&sock=slot1_4_45487_74d3_6233>
...
040 (5415472.338.000) 07/11 15:08:18 Finished transferring input files
...
001 (5415472.338.000) 07/11 15:08:19 Job executing on host: <128.142.56.107:9618?addrs=128.142.56.107-9618+[2001-1458-301-6--100-6a]-9618&alias=b7s01p1962.cern.ch&noUDP&sock=startd_42374_9e32>
...
006 (5415472.338.000) 07/11 15:08:27 Image size of job updated: 125280
	63  -  MemoryUsage of job (MB)
	64292  -  ResidentSetSize of job (KB)
...
006 (5415472.338.000) 07/11 15:13:27 Image size of job updated: 1591044
	1004  -  MemoryUsage of job (MB)
	1027480  -  ResidentSetSize of job (KB)
...
006 (5415472.338.000) 07/13 01:46:53 Image size of job updated: 1592024
	1005  -  MemoryUsage of job (MB)
	1028384  -  ResidentSetSize of job (KB)
...
006 (5415472.338.000) 07/13 02:26:57 Image size of job updated: 1592932
	1006  -  MemoryUsage of job (MB)
	1029292  -  ResidentSetSize of job (KB)
...
006 (5415472.338.000) 07/13 03:12:02 Image size of job updated: 1593836
	1007  -  MemoryUsage of job (MB)
	1030196  -  ResidentSetSize of job (KB)
...
006 (5415472.338.000) 07/13 04:02:08 Image size of job updated: 1594740
	1007  -  MemoryUsage of job (MB)
	1031100  -  ResidentSetSize of job (KB)
...
006 (5415472.338.000) 07/13 04:42:12 Image size of job updated: 1595648
	1008  -  MemoryUsage of job (MB)
	1032008  -  ResidentSetSize of job (KB)
...
006 (5415472.338.000) 07/13 05:27:17 Image size of job updated: 1595648
	1009  -  MemoryUsage of job (MB)
	1032912  -  ResidentSetSize of job (KB)
...
006 (5415472.338.000) 07/13 05:32:17 Image size of job updated: 1596552
	1009  -  MemoryUsage of job (MB)
	1032912  -  ResidentSetSize of job (KB)
...
006 (5415472.338.000) 07/13 06:12:22 Image size of job updated: 1597460
	1010  -  MemoryUsage of job (MB)
	1033820  -  ResidentSetSize of job (KB)
...
006 (5415472.338.000) 07/13 06:52:27 Image size of job updated: 1598364
	1011  -  MemoryUsage of job (MB)
	1034724  -  ResidentSetSize of job (KB)
...
006 (5415472.338.000) 07/13 07:37:34 Image size of job updated: 1599268
	1012  -  MemoryUsage of job (MB)
	1035628  -  ResidentSetSize of job (KB)
...
006 (5415472.338.000) 07/13 08:22:37 Image size of job updated: 1600176
	1013  -  MemoryUsage of job (MB)
	1036536  -  ResidentSetSize of job (KB)
...
006 (5415472.338.000) 07/13 09:02:40 Image size of job updated: 1601080
	1014  -  MemoryUsage of job (MB)
	1037440  -  ResidentSetSize of job (KB)
...
006 (5415472.338.000) 07/13 09:42:46 Image size of job updated: 1601988
	1015  -  MemoryUsage of job (MB)
	1038348  -  ResidentSetSize of job (KB)
...
006 (5415472.338.000) 07/13 10:37:48 Image size of job updated: 1602892
	1015  -  MemoryUsage of job (MB)
	1039252  -  ResidentSetSize of job (KB)
...
006 (5415472.338.000) 07/13 11:12:53 Image size of job updated: 1603796
	1016  -  MemoryUsage of job (MB)
	1040156  -  ResidentSetSize of job (KB)
...
006 (5415472.338.000) 07/13 11:57:59 Image size of job updated: 1604704
	1017  -  MemoryUsage of job (MB)
	1041064  -  ResidentSetSize of job (KB)
...
006 (5415472.338.000) 07/13 12:43:00 Image size of job updated: 1605608
	1018  -  MemoryUsage of job (MB)
	1041968  -  ResidentSetSize of job (KB)
...
006 (5415472.338.000) 07/13 13:23:06 Image size of job updated: 1606516
	1019  -  MemoryUsage of job (MB)
	1042876  -  ResidentSetSize of job (KB)
...
006 (5415472.338.000) 07/13 14:08:13 Image size of job updated: 1607420
	1020  -  MemoryUsage of job (MB)
	1043780  -  ResidentSetSize of job (KB)
...
006 (5415472.338.000) 07/13 14:53:19 Image size of job updated: 1608328
	1021  -  MemoryUsage of job (MB)
	1044688  -  ResidentSetSize of job (KB)
...
006 (5415472.338.000) 07/13 15:33:22 Image size of job updated: 1609232
	1022  -  MemoryUsage of job (MB)
	1045592  -  ResidentSetSize of job (KB)
...
006 (5415472.338.000) 07/13 16:08:25 Image size of job updated: 1610136
	1022  -  MemoryUsage of job (MB)
	1046496  -  ResidentSetSize of job (KB)
...
006 (5415472.338.000) 07/13 16:28:26 Image size of job updated: 1613208
	1024  -  MemoryUsage of job (MB)
	1048044  -  ResidentSetSize of job (KB)
...
006 (5415472.338.000) 07/13 16:33:27 Image size of job updated: 1613208
	1024  -  MemoryUsage of job (MB)
	1048056  -  ResidentSetSize of job (KB)
...
006 (5415472.338.000) 07/13 16:53:29 Image size of job updated: 1613208
	1024  -  MemoryUsage of job (MB)
	1048068  -  ResidentSetSize of job (KB)
...
006 (5415472.338.000) 07/13 17:13:30 Image size of job updated: 1613208
	1024  -  MemoryUsage of job (MB)
	1048080  -  ResidentSetSize of job (KB)
...
006 (5415472.338.000) 07/13 17:23:32 Image size of job updated: 1614116
	1025  -  MemoryUsage of job (MB)
	1048988  -  ResidentSetSize of job (KB)
...
006 (5415472.338.000) 07/13 17:31:09 Image size of job updated: 1614116
	1025  -  MemoryUsage of job (MB)
	1049000  -  ResidentSetSize of job (KB)
...
006 (5415472.338.000) 07/13 17:51:10 Image size of job updated: 1614116
	1025  -  MemoryUsage of job (MB)
	1049012  -  ResidentSetSize of job (KB)
...
006 (5415472.338.000) 07/13 18:01:11 Image size of job updated: 1615020
	1026  -  MemoryUsage of job (MB)
	1049916  -  ResidentSetSize of job (KB)
...
006 (5415472.338.000) 07/13 18:11:11 Image size of job updated: 1615020
	1026  -  MemoryUsage of job (MB)
	1049928  -  ResidentSetSize of job (KB)
...
006 (5415472.338.000) 07/13 18:31:13 Image size of job updated: 1615020
	1026  -  MemoryUsage of job (MB)
	1049940  -  ResidentSetSize of job (KB)
...
006 (5415472.338.000) 07/13 18:41:15 Image size of job updated: 1615928
	1027  -  MemoryUsage of job (MB)
	1050848  -  ResidentSetSize of job (KB)
...
006 (5415472.338.000) 07/13 18:51:16 Image size of job updated: 1615928
	1027  -  MemoryUsage of job (MB)
	1050860  -  ResidentSetSize of job (KB)
...
006 (5415472.338.000) 07/13 19:16:19 Image size of job updated: 1615928
	1027  -  MemoryUsage of job (MB)
	1050872  -  ResidentSetSize of job (KB)
...
006 (5415472.338.000) 07/13 19:21:20 Image size of job updated: 1616832
	1028  -  MemoryUsage of job (MB)
	1051776  -  ResidentSetSize of job (KB)
...
006 (5415472.338.000) 07/13 19:36:20 Image size of job updated: 1616832
	1028  -  MemoryUsage of job (MB)
	1051788  -  ResidentSetSize of job (KB)
...
006 (5415472.338.000) 07/13 19:56:23 Image size of job updated: 1616832
	1028  -  MemoryUsage of job (MB)
	1051800  -  ResidentSetSize of job (KB)
...
006 (5415472.338.000) 07/13 20:01:24 Image size of job updated: 1617736
	1029  -  MemoryUsage of job (MB)
	1052704  -  ResidentSetSize of job (KB)
...
006 (5415472.338.000) 07/13 20:21:25 Image size of job updated: 1617736
	1029  -  MemoryUsage of job (MB)
	1052716  -  ResidentSetSize of job (KB)
...
006 (5415472.338.000) 07/13 20:41:27 Image size of job updated: 1617736
	1029  -  MemoryUsage of job (MB)
	1052728  -  ResidentSetSize of job (KB)
...
006 (5415472.338.000) 07/13 20:46:27 Image size of job updated: 1618644
	1029  -  MemoryUsage of job (MB)
	1053636  -  ResidentSetSize of job (KB)
...
006 (5415472.338.000) 07/13 21:06:30 Image size of job updated: 1618644
	1029  -  MemoryUsage of job (MB)
	1053648  -  ResidentSetSize of job (KB)
...
006 (5415472.338.000) 07/13 21:26:31 Image size of job updated: 1619548
	1030  -  MemoryUsage of job (MB)
	1054564  -  ResidentSetSize of job (KB)
...
006 (5415472.338.000) 07/13 21:46:34 Image size of job updated: 1619548
	1030  -  MemoryUsage of job (MB)
	1054568  -  ResidentSetSize of job (KB)
...
006 (5415472.338.000) 07/13 21:51:35 Image size of job updated: 1619548
	1030  -  MemoryUsage of job (MB)
	1054576  -  ResidentSetSize of job (KB)
...
006 (5415472.338.000) 07/13 22:06:37 Image size of job updated: 1620456
	1031  -  MemoryUsage of job (MB)
	1055484  -  ResidentSetSize of job (KB)
...
006 (5415472.338.000) 07/13 22:11:37 Image size of job updated: 1620456
	1031  -  MemoryUsage of job (MB)
	1055496  -  ResidentSetSize of job (KB)
...
006 (5415472.338.000) 07/13 22:31:41 Image size of job updated: 1620456
	1031  -  MemoryUsage of job (MB)
	1055508  -  ResidentSetSize of job (KB)
...
006 (5415472.338.000) 07/13 22:46:42 Image size of job updated: 1621360
	1032  -  MemoryUsage of job (MB)
	1056412  -  ResidentSetSize of job (KB)
...
006 (5415472.338.000) 07/13 22:51:43 Image size of job updated: 1621360
	1032  -  MemoryUsage of job (MB)
	1056424  -  ResidentSetSize of job (KB)
...
006 (5415472.338.000) 07/13 23:16:45 Image size of job updated: 1621360
	1032  -  MemoryUsage of job (MB)
	1056436  -  ResidentSetSize of job (KB)
...
006 (5415472.338.000) 07/13 23:31:46 Image size of job updated: 1622264
	1033  -  MemoryUsage of job (MB)
	1057340  -  ResidentSetSize of job (KB)
...
006 (5415472.338.000) 07/13 23:41:48 Image size of job updated: 1622264
	1033  -  MemoryUsage of job (MB)
	1057352  -  ResidentSetSize of job (KB)
...
006 (5415472.338.000) 07/14 00:06:52 Image size of job updated: 1622264
	1033  -  MemoryUsage of job (MB)
	1057364  -  ResidentSetSize of job (KB)
...
006 (5415472.338.000) 07/14 00:16:53 Image size of job updated: 1623172
	1034  -  MemoryUsage of job (MB)
	1058272  -  ResidentSetSize of job (KB)
...
006 (5415472.338.000) 07/14 00:31:54 Image size of job updated: 1623172
	1034  -  MemoryUsage of job (MB)
	1058284  -  ResidentSetSize of job (KB)
...
006 (5415472.338.000) 07/14 00:51:57 Image size of job updated: 1623172
	1034  -  MemoryUsage of job (MB)
	1058296  -  ResidentSetSize of job (KB)
...
006 (5415472.338.000) 07/14 01:02:03 Image size of job updated: 1624076
	1035  -  MemoryUsage of job (MB)
	1059200  -  ResidentSetSize of job (KB)
...
006 (5415472.338.000) 07/14 01:16:59 Image size of job updated: 1624076
	1035  -  MemoryUsage of job (MB)
	1059212  -  ResidentSetSize of job (KB)
...
006 (5415472.338.000) 07/14 01:42:03 Image size of job updated: 1624076
	1035  -  MemoryUsage of job (MB)
	1059224  -  ResidentSetSize of job (KB)
...
006 (5415472.338.000) 07/14 01:52:04 Image size of job updated: 1624984
	1036  -  MemoryUsage of job (MB)
	1060132  -  ResidentSetSize of job (KB)
...
006 (5415472.338.000) 07/14 02:07:06 Image size of job updated: 1624984
	1036  -  MemoryUsage of job (MB)
	1060144  -  ResidentSetSize of job (KB)
...
006 (5415472.338.000) 07/14 02:32:07 Image size of job updated: 1624984
	1036  -  MemoryUsage of job (MB)
	1060156  -  ResidentSetSize of job (KB)
...
006 (5415472.338.000) 07/14 02:37:07 Image size of job updated: 1625888
	1037  -  MemoryUsage of job (MB)
	1061060  -  ResidentSetSize of job (KB)
...
006 (5415472.338.000) 07/14 02:57:09 Image size of job updated: 1625888
	1037  -  MemoryUsage of job (MB)
	1061072  -  ResidentSetSize of job (KB)
...
006 (5415472.338.000) 07/14 03:22:11 Image size of job updated: 1626796
	1038  -  MemoryUsage of job (MB)
	1061992  -  ResidentSetSize of job (KB)
...
006 (5415472.338.000) 07/14 03:47:13 Image size of job updated: 1626796
	1038  -  MemoryUsage of job (MB)
	1062004  -  ResidentSetSize of job (KB)
...
006 (5415472.338.000) 07/14 04:12:16 Image size of job updated: 1627700
	1038  -  MemoryUsage of job (MB)
	1062908  -  ResidentSetSize of job (KB)
...
006 (5415472.338.000) 07/14 04:17:16 Image size of job updated: 1627700
	1039  -  MemoryUsage of job (MB)
	1062920  -  ResidentSetSize of job (KB)
...
006 (5415472.338.000) 07/14 04:42:18 Image size of job updated: 1627700
	1039  -  MemoryUsage of job (MB)
	1062932  -  ResidentSetSize of job (KB)
...
006 (5415472.338.000) 07/14 04:57:21 Image size of job updated: 1628604
	1039  -  MemoryUsage of job (MB)
	1063836  -  ResidentSetSize of job (KB)
...
006 (5415472.338.000) 07/14 05:02:22 Image size of job updated: 1628604
	1039  -  MemoryUsage of job (MB)
	1063848  -  ResidentSetSize of job (KB)
...
006 (5415472.338.000) 07/14 05:32:25 Image size of job updated: 1628604
	1039  -  MemoryUsage of job (MB)
	1063860  -  ResidentSetSize of job (KB)
...
006 (5415472.338.000) 07/14 05:47:26 Image size of job updated: 1629512
	1040  -  MemoryUsage of job (MB)
	1064768  -  ResidentSetSize of job (KB)
...
006 (5415472.338.000) 07/14 05:52:26 Image size of job updated: 1629512
	1040  -  MemoryUsage of job (MB)
	1064780  -  ResidentSetSize of job (KB)
...
006 (5415472.338.000) 07/14 06:17:27 Image size of job updated: 1629512
	1040  -  MemoryUsage of job (MB)
	1064792  -  ResidentSetSize of job (KB)
...
006 (5415472.338.000) 07/14 06:32:28 Image size of job updated: 1630416
	1041  -  MemoryUsage of job (MB)
	1065696  -  ResidentSetSize of job (KB)
...
006 (5415472.338.000) 07/14 06:42:29 Image size of job updated: 1630416
	1041  -  MemoryUsage of job (MB)
	1065708  -  ResidentSetSize of job (KB)
...
006 (5415472.338.000) 07/14 07:07:30 Image size of job updated: 1630416
	1041  -  MemoryUsage of job (MB)
	1065720  -  ResidentSetSize of job (KB)
...
006 (5415472.338.000) 07/14 07:17:30 Image size of job updated: 1631324
	1042  -  MemoryUsage of job (MB)
	1066628  -  ResidentSetSize of job (KB)
...
006 (5415472.338.000) 07/14 07:27:31 Image size of job updated: 1631324
	1042  -  MemoryUsage of job (MB)
	1066640  -  ResidentSetSize of job (KB)
...
006 (5415472.338.000) 07/14 07:52:36 Image size of job updated: 1631324
	1042  -  MemoryUsage of job (MB)
	1066652  -  ResidentSetSize of job (KB)
...
006 (5415472.338.000) 07/14 07:57:37 Image size of job updated: 1632228
	1043  -  MemoryUsage of job (MB)
	1067556  -  ResidentSetSize of job (KB)
...
006 (5415472.338.000) 07/14 08:12:39 Image size of job updated: 1632228
	1043  -  MemoryUsage of job (MB)
	1067568  -  ResidentSetSize of job (KB)
...
006 (5415472.338.000) 07/14 08:37:42 Image size of job updated: 1632228
	1043  -  MemoryUsage of job (MB)
	1067580  -  ResidentSetSize of job (KB)
...
006 (5415472.338.000) 07/14 08:42:43 Image size of job updated: 1636756
	1047  -  MemoryUsage of job (MB)
	1072108  -  ResidentSetSize of job (KB)
...
006 (5415472.338.000) 07/14 08:57:45 Image size of job updated: 1636756
	1047  -  MemoryUsage of job (MB)
	1072120  -  ResidentSetSize of job (KB)
...
006 (5415472.338.000) 07/14 09:22:47 Image size of job updated: 1636756
	1048  -  MemoryUsage of job (MB)
	1072132  -  ResidentSetSize of job (KB)
...
006 (5415472.338.000) 07/14 09:42:47 Image size of job updated: 1636756
	1048  -  MemoryUsage of job (MB)
	1072144  -  ResidentSetSize of job (KB)
...
006 (5415472.338.000) 07/14 10:02:47 Image size of job updated: 1636756
	1048  -  MemoryUsage of job (MB)
	1072156  -  ResidentSetSize of job (KB)
...
006 (5415472.338.000) 07/14 10:27:49 Image size of job updated: 1636756
	1048  -  MemoryUsage of job (MB)
	1072168  -  ResidentSetSize of job (KB)
...
006 (5415472.338.000) 07/14 10:47:53 Image size of job updated: 1636756
	1048  -  MemoryUsage of job (MB)
	1072180  -  ResidentSetSize of job (KB)
...
006 (5415472.338.000) 07/14 11:07:56 Image size of job updated: 1636756
	1048  -  MemoryUsage of job (MB)
	1072184  -  ResidentSetSize of job (KB)
...
006 (5415472.338.000) 07/14 11:12:56 Image size of job updated: 1636756
	1048  -  MemoryUsage of job (MB)
	1072192  -  ResidentSetSize of job (KB)
...
006 (5415472.338.000) 07/14 11:32:59 Image size of job updated: 1636756
	1048  -  MemoryUsage of job (MB)
	1072204  -  ResidentSetSize of job (KB)
...
006 (5415472.338.000) 07/14 11:53:03 Image size of job updated: 1636756
	1048  -  MemoryUsage of job (MB)
	1072216  -  ResidentSetSize of job (KB)
...
006 (5415472.338.000) 07/14 12:13:06 Image size of job updated: 1636756
	1048  -  MemoryUsage of job (MB)
	1072228  -  ResidentSetSize of job (KB)
...
006 (5415472.338.000) 07/14 12:38:09 Image size of job updated: 1636756
	1048  -  MemoryUsage of job (MB)
	1072240  -  ResidentSetSize of job (KB)
...
006 (5415472.338.000) 07/14 12:58:11 Image size of job updated: 1636756
	1048  -  MemoryUsage of job (MB)
	1072252  -  ResidentSetSize of job (KB)
...
006 (5415472.338.000) 07/14 13:23:13 Image size of job updated: 1636756
	1048  -  MemoryUsage of job (MB)
	1072264  -  ResidentSetSize of job (KB)
...
006 (5415472.338.000) 07/14 13:43:16 Image size of job updated: 1636756
	1048  -  MemoryUsage of job (MB)
	1072276  -  ResidentSetSize of job (KB)
...
006 (5415472.338.000) 07/14 14:03:18 Image size of job updated: 1636756
	1048  -  MemoryUsage of job (MB)
	1072288  -  ResidentSetSize of job (KB)
...
006 (5415472.338.000) 07/14 19:43:46 Image size of job updated: 1636756
	1048  -  MemoryUsage of job (MB)
	1072296  -  ResidentSetSize of job (KB)
...
006 (5415472.338.000) 07/14 20:03:49 Image size of job updated: 1636756
	1048  -  MemoryUsage of job (MB)
	1072308  -  ResidentSetSize of job (KB)
...
006 (5415472.338.000) 07/14 20:23:50 Image size of job updated: 1636756
	1048  -  MemoryUsage of job (MB)
	1072320  -  ResidentSetSize of job (KB)
...
006 (5415472.338.000) 07/14 20:43:51 Image size of job updated: 1636756
	1048  -  MemoryUsage of job (MB)
	1072332  -  ResidentSetSize of job (KB)
...
007 (5415472.338.000) 07/14 21:01:45 Shadow exception!
	Assertion ERROR on (result)
	0  -  Run Bytes Sent By Job
	803  -  Run Bytes Received By Job
...
040 (5415472.338.000) 07/14 23:48:24 Started transferring input files
	Transferring to host: <128.142.193.177:9618?addrs=128.142.193.177-9618+[2001-1458-301-cc--100-1e9]-9618&alias=b7g52n7852.cern.ch&noUDP&sock=slot1_2_5652_185f_71177>
...
040 (5415472.338.000) 07/14 23:48:24 Finished transferring input files
...
001 (5415472.338.000) 07/14 23:48:25 Job executing on host: <128.142.193.177:9618?addrs=128.142.193.177-9618+[2001-1458-301-cc--100-1e9]-9618&alias=b7g52n7852.cern.ch&noUDP&sock=startd_4465_3274>
...
040 (5415472.338.000) 07/19 15:20:52 Started transferring output files
...
040 (5415472.338.000) 07/19 15:20:52 Finished transferring output files
...
004 (5415472.338.000) 07/19 15:20:52 Job was evicted.
	(0) CPU times
		Usr 13 04:41:51, Sys 0 00:08:46  -  Run Remote Usage
		Usr 0 00:00:00, Sys 0 00:00:00  -  Run Local Usage
	96427  -  Run Bytes Sent By Job
	803  -  Run Bytes Received By Job
	Partitionable Resources :    Usage  Request Allocated 
	   Cpus                 :     2.87        4         4 
	   Disk (KB)            :   122    10485760  10647344 
	   Memory (MB)          :  1221        8000      8000 
...
