000 (5415472.253.000) 07/11 14:02:29 Job submitted from host: <137.138.156.150:9618?addrs=137.138.156.150-9618+[2001-1458-d00-14--9a]-9618&alias=bigbird13.cern.ch&noUDP&sock=schedd_1788_ff6c>
...
040 (5415472.253.000) 07/11 14:28:12 Started transferring input files
	Transferring to host: <128.142.83.72:9618?addrs=128.142.83.72-9618&alias=b7s13n9829.cern.ch&noUDP&sock=slot1_4_2914_ed30_8622>
...
040 (5415472.253.000) 07/11 14:28:12 Finished transferring input files
...
001 (5415472.253.000) 07/11 14:28:13 Job executing on host: <128.142.83.72:9618?addrs=128.142.83.72-9618&alias=b7s13n9829.cern.ch&noUDP&sock=startd_2138_1192>
...
006 (5415472.253.000) 07/11 14:28:22 Image size of job updated: 530516
	80  -  MemoryUsage of job (MB)
	80916  -  ResidentSetSize of job (KB)
...
006 (5415472.253.000) 07/11 14:33:22 Image size of job updated: 1590892
	1004  -  MemoryUsage of job (MB)
	1027348  -  ResidentSetSize of job (KB)
...
006 (5415472.253.000) 07/13 20:14:52 Image size of job updated: 1591876
	1004  -  MemoryUsage of job (MB)
	1028052  -  ResidentSetSize of job (KB)
...
006 (5415472.253.000) 07/13 21:14:55 Image size of job updated: 1592780
	1005  -  MemoryUsage of job (MB)
	1028956  -  ResidentSetSize of job (KB)
...
006 (5415472.253.000) 07/13 22:15:01 Image size of job updated: 1593688
	1006  -  MemoryUsage of job (MB)
	1029864  -  ResidentSetSize of job (KB)
...
006 (5415472.253.000) 07/13 23:25:09 Image size of job updated: 1594592
	1007  -  MemoryUsage of job (MB)
	1030768  -  ResidentSetSize of job (KB)
...
006 (5415472.253.000) 07/14 00:35:18 Image size of job updated: 1595496
	1008  -  MemoryUsage of job (MB)
	1031672  -  ResidentSetSize of job (KB)
...
006 (5415472.253.000) 07/14 01:45:27 Image size of job updated: 1596404
	1009  -  MemoryUsage of job (MB)
	1032580  -  ResidentSetSize of job (KB)
...
006 (5415472.253.000) 07/14 03:00:36 Image size of job updated: 1597308
	1010  -  MemoryUsage of job (MB)
	1033484  -  ResidentSetSize of job (KB)
...
006 (5415472.253.000) 07/14 04:05:46 Image size of job updated: 1598216
	1011  -  MemoryUsage of job (MB)
	1034392  -  ResidentSetSize of job (KB)
...
006 (5415472.253.000) 07/14 05:00:54 Image size of job updated: 1599120
	1012  -  MemoryUsage of job (MB)
	1035296  -  ResidentSetSize of job (KB)
...
006 (5415472.253.000) 07/14 06:01:00 Image size of job updated: 1600024
	1012  -  MemoryUsage of job (MB)
	1036200  -  ResidentSetSize of job (KB)
...
006 (5415472.253.000) 07/14 07:01:09 Image size of job updated: 1600932
	1013  -  MemoryUsage of job (MB)
	1037108  -  ResidentSetSize of job (KB)
...
006 (5415472.253.000) 07/14 08:01:16 Image size of job updated: 1601836
	1014  -  MemoryUsage of job (MB)
	1038012  -  ResidentSetSize of job (KB)
...
006 (5415472.253.000) 07/14 09:06:21 Image size of job updated: 1602744
	1015  -  MemoryUsage of job (MB)
	1038920  -  ResidentSetSize of job (KB)
...
006 (5415472.253.000) 07/14 10:01:26 Image size of job updated: 1603648
	1016  -  MemoryUsage of job (MB)
	1039824  -  ResidentSetSize of job (KB)
...
006 (5415472.253.000) 07/14 10:56:33 Image size of job updated: 1603648
	1017  -  MemoryUsage of job (MB)
	1040728  -  ResidentSetSize of job (KB)
...
006 (5415472.253.000) 07/14 11:01:33 Image size of job updated: 1604552
	1017  -  MemoryUsage of job (MB)
	1040728  -  ResidentSetSize of job (KB)
...
006 (5415472.253.000) 07/14 11:56:40 Image size of job updated: 1605460
	1018  -  MemoryUsage of job (MB)
	1041636  -  ResidentSetSize of job (KB)
...
006 (5415472.253.000) 07/14 13:06:44 Image size of job updated: 1609988
	1022  -  MemoryUsage of job (MB)
	1046164  -  ResidentSetSize of job (KB)
...
006 (5415472.253.000) 07/14 18:17:18 Image size of job updated: 1613060
	1024  -  MemoryUsage of job (MB)
	1047712  -  ResidentSetSize of job (KB)
...
006 (5415472.253.000) 07/14 18:32:19 Image size of job updated: 1613060
	1024  -  MemoryUsage of job (MB)
	1047724  -  ResidentSetSize of job (KB)
...
007 (5415472.253.000) 07/14 21:05:44 Shadow exception!
	Assertion ERROR on (result)
	0  -  Run Bytes Sent By Job
	803  -  Run Bytes Received By Job
...
040 (5415472.253.000) 07/14 21:26:26 Started transferring input files
	Transferring to host: <128.142.57.28:9618?addrs=128.142.57.28-9618+[2001-1458-301-7--100-1b]-9618&alias=b7s02p0697.cern.ch&noUDP&sock=slot1_3_6586_2ec5_8321>
...
040 (5415472.253.000) 07/14 21:26:35 Finished transferring input files
...
001 (5415472.253.000) 07/14 21:26:50 Job executing on host: <128.142.57.28:9618?addrs=128.142.57.28-9618+[2001-1458-301-7--100-1b]-9618&alias=b7s02p0697.cern.ch&noUDP&sock=startd_6122_c2e2>
...
