000 (5415472.354.000) 07/11 14:02:29 Job submitted from host: <137.138.156.150:9618?addrs=137.138.156.150-9618+[2001-1458-d00-14--9a]-9618&alias=bigbird13.cern.ch&noUDP&sock=schedd_1788_ff6c>
...
040 (5415472.354.000) 07/11 16:03:41 Started transferring input files
	Transferring to host: <128.142.71.155:9618?addrs=128.142.71.155-9618+[2001-1458-301-52--100-6d]-9618&alias=b7s10n1417.cern.ch&noUDP&sock=slot1_8_2467_f97d_134776>
...
040 (5415472.354.000) 07/11 16:03:41 Finished transferring input files
...
001 (5415472.354.000) 07/11 16:03:42 Job executing on host: <128.142.71.155:9618?addrs=128.142.71.155-9618+[2001-1458-301-52--100-6d]-9618&alias=b7s10n1417.cern.ch&noUDP&sock=startd_2137_61fa>
...
006 (5415472.354.000) 07/11 16:03:51 Image size of job updated: 98392
	38  -  MemoryUsage of job (MB)
	38524  -  ResidentSetSize of job (KB)
...
006 (5415472.354.000) 07/11 16:08:51 Image size of job updated: 1590972
	1004  -  MemoryUsage of job (MB)
	1027416  -  ResidentSetSize of job (KB)
...
006 (5415472.354.000) 07/13 05:57:39 Image size of job updated: 1590972
	1004  -  MemoryUsage of job (MB)
	1027424  -  ResidentSetSize of job (KB)
...
006 (5415472.354.000) 07/13 18:22:46 Image size of job updated: 1591952
	1005  -  MemoryUsage of job (MB)
	1028320  -  ResidentSetSize of job (KB)
...
006 (5415472.354.000) 07/13 19:12:50 Image size of job updated: 1592860
	1006  -  MemoryUsage of job (MB)
	1029228  -  ResidentSetSize of job (KB)
...
006 (5415472.354.000) 07/13 20:02:55 Image size of job updated: 1593764
	1006  -  MemoryUsage of job (MB)
	1030132  -  ResidentSetSize of job (KB)
...
006 (5415472.354.000) 07/13 20:53:00 Image size of job updated: 1594672
	1007  -  MemoryUsage of job (MB)
	1031040  -  ResidentSetSize of job (KB)
...
006 (5415472.354.000) 07/13 21:38:05 Image size of job updated: 1595576
	1008  -  MemoryUsage of job (MB)
	1031944  -  ResidentSetSize of job (KB)
...
006 (5415472.354.000) 07/13 22:23:11 Image size of job updated: 1596480
	1009  -  MemoryUsage of job (MB)
	1032848  -  ResidentSetSize of job (KB)
...
006 (5415472.354.000) 07/13 23:13:14 Image size of job updated: 1597388
	1010  -  MemoryUsage of job (MB)
	1033756  -  ResidentSetSize of job (KB)
...
006 (5415472.354.000) 07/13 23:58:18 Image size of job updated: 1598292
	1011  -  MemoryUsage of job (MB)
	1034660  -  ResidentSetSize of job (KB)
...
006 (5415472.354.000) 07/14 00:48:22 Image size of job updated: 1599200
	1012  -  MemoryUsage of job (MB)
	1035568  -  ResidentSetSize of job (KB)
...
006 (5415472.354.000) 07/14 01:38:28 Image size of job updated: 1600104
	1013  -  MemoryUsage of job (MB)
	1036472  -  ResidentSetSize of job (KB)
...
006 (5415472.354.000) 07/14 02:23:32 Image size of job updated: 1601012
	1014  -  MemoryUsage of job (MB)
	1037380  -  ResidentSetSize of job (KB)
...
006 (5415472.354.000) 07/14 03:13:36 Image size of job updated: 1601916
	1014  -  MemoryUsage of job (MB)
	1038284  -  ResidentSetSize of job (KB)
...
006 (5415472.354.000) 07/14 03:58:44 Image size of job updated: 1602820
	1015  -  MemoryUsage of job (MB)
	1039188  -  ResidentSetSize of job (KB)
...
006 (5415472.354.000) 07/14 04:48:45 Image size of job updated: 1603728
	1016  -  MemoryUsage of job (MB)
	1040096  -  ResidentSetSize of job (KB)
...
006 (5415472.354.000) 07/14 05:38:47 Image size of job updated: 1604632
	1017  -  MemoryUsage of job (MB)
	1041000  -  ResidentSetSize of job (KB)
...
006 (5415472.354.000) 07/14 06:23:49 Image size of job updated: 1605540
	1018  -  MemoryUsage of job (MB)
	1041908  -  ResidentSetSize of job (KB)
...
006 (5415472.354.000) 07/14 07:13:54 Image size of job updated: 1606444
	1019  -  MemoryUsage of job (MB)
	1042812  -  ResidentSetSize of job (KB)
...
006 (5415472.354.000) 07/14 07:58:59 Image size of job updated: 1607348
	1020  -  MemoryUsage of job (MB)
	1043716  -  ResidentSetSize of job (KB)
...
006 (5415472.354.000) 07/14 08:49:03 Image size of job updated: 1608256
	1021  -  MemoryUsage of job (MB)
	1044624  -  ResidentSetSize of job (KB)
...
006 (5415472.354.000) 07/14 09:44:10 Image size of job updated: 1609160
	1022  -  MemoryUsage of job (MB)
	1045520  -  ResidentSetSize of job (KB)
...
006 (5415472.354.000) 07/14 10:54:20 Image size of job updated: 1609160
	1022  -  MemoryUsage of job (MB)
	1046428  -  ResidentSetSize of job (KB)
...
006 (5415472.354.000) 07/14 10:59:21 Image size of job updated: 1610068
	1022  -  MemoryUsage of job (MB)
	1046428  -  ResidentSetSize of job (KB)
...
006 (5415472.354.000) 07/14 11:34:24 Image size of job updated: 1613140
	1024  -  MemoryUsage of job (MB)
	1047976  -  ResidentSetSize of job (KB)
...
006 (5415472.354.000) 07/14 12:09:25 Image size of job updated: 1613140
	1024  -  MemoryUsage of job (MB)
	1047988  -  ResidentSetSize of job (KB)
...
006 (5415472.354.000) 07/14 12:49:29 Image size of job updated: 1613140
	1024  -  MemoryUsage of job (MB)
	1048000  -  ResidentSetSize of job (KB)
...
006 (5415472.354.000) 07/14 13:29:33 Image size of job updated: 1614044
	1025  -  MemoryUsage of job (MB)
	1048916  -  ResidentSetSize of job (KB)
...
006 (5415472.354.000) 07/14 14:09:38 Image size of job updated: 1614044
	1025  -  MemoryUsage of job (MB)
	1048928  -  ResidentSetSize of job (KB)
...
006 (5415472.354.000) 07/14 14:39:41 Image size of job updated: 1614948
	1026  -  MemoryUsage of job (MB)
	1049832  -  ResidentSetSize of job (KB)
...
006 (5415472.354.000) 07/14 14:44:41 Image size of job updated: 1614948
	1026  -  MemoryUsage of job (MB)
	1049844  -  ResidentSetSize of job (KB)
...
006 (5415472.354.000) 07/14 15:24:44 Image size of job updated: 1614948
	1026  -  MemoryUsage of job (MB)
	1049856  -  ResidentSetSize of job (KB)
...
006 (5415472.354.000) 07/14 15:49:47 Image size of job updated: 1615856
	1027  -  MemoryUsage of job (MB)
	1050764  -  ResidentSetSize of job (KB)
...
006 (5415472.354.000) 07/14 15:59:48 Image size of job updated: 1615856
	1027  -  MemoryUsage of job (MB)
	1050776  -  ResidentSetSize of job (KB)
...
006 (5415472.354.000) 07/14 16:34:51 Image size of job updated: 1615856
	1027  -  MemoryUsage of job (MB)
	1050788  -  ResidentSetSize of job (KB)
...
006 (5415472.354.000) 07/14 16:54:52 Image size of job updated: 1616760
	1027  -  MemoryUsage of job (MB)
	1051648  -  ResidentSetSize of job (KB)
...
006 (5415472.354.000) 07/14 18:00:01 Image size of job updated: 1617668
	1028  -  MemoryUsage of job (MB)
	1052532  -  ResidentSetSize of job (KB)
...
006 (5415472.354.000) 07/14 19:10:04 Image size of job updated: 1618572
	1029  -  MemoryUsage of job (MB)
	1052760  -  ResidentSetSize of job (KB)
...
006 (5415472.354.000) 07/14 20:16:08 Image size of job updated: 1619476
	1029  -  MemoryUsage of job (MB)
	1052760  -  ResidentSetSize of job (KB)
...
006 (5415472.354.000) 07/14 21:28:23 Image size of job updated: 1620384
	1029  -  MemoryUsage of job (MB)
	1053456  -  ResidentSetSize of job (KB)
...
006 (5415472.354.000) 07/14 21:58:25 Image size of job updated: 1620384
	1029  -  MemoryUsage of job (MB)
	1053464  -  ResidentSetSize of job (KB)
...
006 (5415472.354.000) 07/14 22:33:29 Image size of job updated: 1621288
	1030  -  MemoryUsage of job (MB)
	1054376  -  ResidentSetSize of job (KB)
...
006 (5415472.354.000) 07/14 23:08:33 Image size of job updated: 1621288
	1030  -  MemoryUsage of job (MB)
	1054384  -  ResidentSetSize of job (KB)
...
006 (5415472.354.000) 07/14 23:43:37 Image size of job updated: 1622196
	1031  -  MemoryUsage of job (MB)
	1055304  -  ResidentSetSize of job (KB)
...
006 (5415472.354.000) 07/15 00:23:41 Image size of job updated: 1622196
	1031  -  MemoryUsage of job (MB)
	1055316  -  ResidentSetSize of job (KB)
...
006 (5415472.354.000) 07/15 00:48:43 Image size of job updated: 1623100
	1032  -  MemoryUsage of job (MB)
	1056216  -  ResidentSetSize of job (KB)
...
006 (5415472.354.000) 07/15 00:53:43 Image size of job updated: 1623100
	1032  -  MemoryUsage of job (MB)
	1056228  -  ResidentSetSize of job (KB)
...
006 (5415472.354.000) 07/15 01:28:49 Image size of job updated: 1623100
	1032  -  MemoryUsage of job (MB)
	1056240  -  ResidentSetSize of job (KB)
...
006 (5415472.354.000) 07/15 01:53:50 Image size of job updated: 1624008
	1033  -  MemoryUsage of job (MB)
	1057148  -  ResidentSetSize of job (KB)
...
006 (5415472.354.000) 07/15 02:03:52 Image size of job updated: 1624008
	1033  -  MemoryUsage of job (MB)
	1057160  -  ResidentSetSize of job (KB)
...
006 (5415472.354.000) 07/15 02:33:52 Image size of job updated: 1624008
	1033  -  MemoryUsage of job (MB)
	1057172  -  ResidentSetSize of job (KB)
...
006 (5415472.354.000) 07/15 02:48:53 Image size of job updated: 1624912
	1034  -  MemoryUsage of job (MB)
	1058076  -  ResidentSetSize of job (KB)
...
006 (5415472.354.000) 07/15 03:08:54 Image size of job updated: 1624912
	1034  -  MemoryUsage of job (MB)
	1058088  -  ResidentSetSize of job (KB)
...
006 (5415472.354.000) 07/15 03:43:59 Image size of job updated: 1624912
	1034  -  MemoryUsage of job (MB)
	1058100  -  ResidentSetSize of job (KB)
...
006 (5415472.354.000) 07/15 03:59:02 Image size of job updated: 1625816
	1035  -  MemoryUsage of job (MB)
	1059004  -  ResidentSetSize of job (KB)
...
006 (5415472.354.000) 07/15 04:14:02 Image size of job updated: 1625816
	1035  -  MemoryUsage of job (MB)
	1059016  -  ResidentSetSize of job (KB)
...
006 (5415472.354.000) 07/15 04:49:07 Image size of job updated: 1625816
	1035  -  MemoryUsage of job (MB)
	1059028  -  ResidentSetSize of job (KB)
...
006 (5415472.354.000) 07/15 04:59:08 Image size of job updated: 1626724
	1036  -  MemoryUsage of job (MB)
	1059936  -  ResidentSetSize of job (KB)
...
006 (5415472.354.000) 07/15 05:24:10 Image size of job updated: 1626724
	1036  -  MemoryUsage of job (MB)
	1059948  -  ResidentSetSize of job (KB)
...
006 (5415472.354.000) 07/15 06:04:14 Image size of job updated: 1626724
	1036  -  MemoryUsage of job (MB)
	1059960  -  ResidentSetSize of job (KB)
...
006 (5415472.354.000) 07/15 06:09:15 Image size of job updated: 1627628
	1036  -  MemoryUsage of job (MB)
	1060864  -  ResidentSetSize of job (KB)
...
006 (5415472.354.000) 07/15 07:04:22 Image size of job updated: 1628536
	1037  -  MemoryUsage of job (MB)
	1061536  -  ResidentSetSize of job (KB)
...
006 (5415472.354.000) 07/15 08:09:29 Image size of job updated: 1629440
	1038  -  MemoryUsage of job (MB)
	1062136  -  ResidentSetSize of job (KB)
...
006 (5415472.354.000) 07/15 08:59:31 Image size of job updated: 1630344
	1038  -  MemoryUsage of job (MB)
	1062824  -  ResidentSetSize of job (KB)
...
006 (5415472.354.000) 07/15 09:04:32 Image size of job updated: 1630344
	1038  -  MemoryUsage of job (MB)
	1062836  -  ResidentSetSize of job (KB)
...
006 (5415472.354.000) 07/15 09:34:35 Image size of job updated: 1630344
	1038  -  MemoryUsage of job (MB)
	1062848  -  ResidentSetSize of job (KB)
...
006 (5415472.354.000) 07/15 10:04:38 Image size of job updated: 1631252
	1039  -  MemoryUsage of job (MB)
	1063756  -  ResidentSetSize of job (KB)
...
006 (5415472.354.000) 07/15 10:54:41 Image size of job updated: 1632156
	1040  -  MemoryUsage of job (MB)
	1064536  -  ResidentSetSize of job (KB)
...
006 (5415472.354.000) 07/15 11:04:43 Image size of job updated: 1632156
	1040  -  MemoryUsage of job (MB)
	1064552  -  ResidentSetSize of job (KB)
...
006 (5415472.354.000) 07/15 11:29:44 Image size of job updated: 1632156
	1040  -  MemoryUsage of job (MB)
	1064560  -  ResidentSetSize of job (KB)
...
006 (5415472.354.000) 07/15 11:44:47 Image size of job updated: 1633064
	1041  -  MemoryUsage of job (MB)
	1065468  -  ResidentSetSize of job (KB)
...
006 (5415472.354.000) 07/15 11:59:48 Image size of job updated: 1633064
	1041  -  MemoryUsage of job (MB)
	1065480  -  ResidentSetSize of job (KB)
...
006 (5415472.354.000) 07/15 12:34:53 Image size of job updated: 1633064
	1041  -  MemoryUsage of job (MB)
	1065492  -  ResidentSetSize of job (KB)
...
006 (5415472.354.000) 07/15 12:44:55 Image size of job updated: 1633968
	1042  -  MemoryUsage of job (MB)
	1066396  -  ResidentSetSize of job (KB)
...
006 (5415472.354.000) 07/15 12:59:57 Image size of job updated: 1633968
	1042  -  MemoryUsage of job (MB)
	1066408  -  ResidentSetSize of job (KB)
...
006 (5415472.354.000) 07/15 13:29:58 Image size of job updated: 1633968
	1042  -  MemoryUsage of job (MB)
	1066416  -  ResidentSetSize of job (KB)
...
006 (5415472.354.000) 07/15 13:39:59 Image size of job updated: 1638496
	1046  -  MemoryUsage of job (MB)
	1070868  -  ResidentSetSize of job (KB)
...
006 (5415472.354.000) 07/15 14:10:00 Image size of job updated: 1638496
	1046  -  MemoryUsage of job (MB)
	1070880  -  ResidentSetSize of job (KB)
...
006 (5415472.354.000) 07/15 14:45:05 Image size of job updated: 1638496
	1046  -  MemoryUsage of job (MB)
	1070892  -  ResidentSetSize of job (KB)
...
006 (5415472.354.000) 07/15 15:20:08 Image size of job updated: 1638496
	1046  -  MemoryUsage of job (MB)
	1070904  -  ResidentSetSize of job (KB)
...
006 (5415472.354.000) 07/15 15:55:12 Image size of job updated: 1638496
	1046  -  MemoryUsage of job (MB)
	1070916  -  ResidentSetSize of job (KB)
...
006 (5415472.354.000) 07/15 16:25:13 Image size of job updated: 1638496
	1046  -  MemoryUsage of job (MB)
	1070928  -  ResidentSetSize of job (KB)
...
006 (5415472.354.000) 07/15 17:00:19 Image size of job updated: 1638496
	1046  -  MemoryUsage of job (MB)
	1070940  -  ResidentSetSize of job (KB)
...
006 (5415472.354.000) 07/15 17:35:22 Image size of job updated: 1638496
	1046  -  MemoryUsage of job (MB)
	1070952  -  ResidentSetSize of job (KB)
...
006 (5415472.354.000) 07/15 18:10:26 Image size of job updated: 1638496
	1046  -  MemoryUsage of job (MB)
	1070956  -  ResidentSetSize of job (KB)
...
006 (5415472.354.000) 07/15 18:45:30 Image size of job updated: 1638496
	1046  -  MemoryUsage of job (MB)
	1070968  -  ResidentSetSize of job (KB)
...
006 (5415472.354.000) 07/15 19:25:35 Image size of job updated: 1638496
	1046  -  MemoryUsage of job (MB)
	1070980  -  ResidentSetSize of job (KB)
...
006 (5415472.354.000) 07/15 20:35:43 Image size of job updated: 1638496
	1046  -  MemoryUsage of job (MB)
	1070992  -  ResidentSetSize of job (KB)
...
006 (5415472.354.000) 07/16 00:26:06 Image size of job updated: 1638496
	1046  -  MemoryUsage of job (MB)
	1071004  -  ResidentSetSize of job (KB)
...
006 (5415472.354.000) 07/16 01:01:11 Image size of job updated: 1638496
	1046  -  MemoryUsage of job (MB)
	1071016  -  ResidentSetSize of job (KB)
...
006 (5415472.354.000) 07/16 01:36:15 Image size of job updated: 1638496
	1046  -  MemoryUsage of job (MB)
	1071028  -  ResidentSetSize of job (KB)
...
006 (5415472.354.000) 07/16 02:06:17 Image size of job updated: 1638496
	1046  -  MemoryUsage of job (MB)
	1071036  -  ResidentSetSize of job (KB)
...
006 (5415472.354.000) 07/16 02:11:18 Image size of job updated: 1638496
	1046  -  MemoryUsage of job (MB)
	1071040  -  ResidentSetSize of job (KB)
...
006 (5415472.354.000) 07/16 02:41:22 Image size of job updated: 1638496
	1046  -  MemoryUsage of job (MB)
	1071052  -  ResidentSetSize of job (KB)
...
006 (5415472.354.000) 07/16 05:26:37 Image size of job updated: 1638496
	1046  -  MemoryUsage of job (MB)
	1071060  -  ResidentSetSize of job (KB)
...
006 (5415472.354.000) 07/16 06:06:43 Image size of job updated: 1638496
	1046  -  MemoryUsage of job (MB)
	1071072  -  ResidentSetSize of job (KB)
...
006 (5415472.354.000) 07/16 06:46:48 Image size of job updated: 1638496
	1046  -  MemoryUsage of job (MB)
	1071084  -  ResidentSetSize of job (KB)
...
006 (5415472.354.000) 07/16 07:26:51 Image size of job updated: 1638496
	1046  -  MemoryUsage of job (MB)
	1071096  -  ResidentSetSize of job (KB)
...
006 (5415472.354.000) 07/16 08:06:55 Image size of job updated: 1638496
	1047  -  MemoryUsage of job (MB)
	1071108  -  ResidentSetSize of job (KB)
...
006 (5415472.354.000) 07/16 08:41:57 Image size of job updated: 1638496
	1047  -  MemoryUsage of job (MB)
	1071112  -  ResidentSetSize of job (KB)
...
006 (5415472.354.000) 07/16 09:22:03 Image size of job updated: 1638496
	1047  -  MemoryUsage of job (MB)
	1071124  -  ResidentSetSize of job (KB)
...
040 (5415472.354.000) 07/16 09:53:48 Started transferring output files
...
040 (5415472.354.000) 07/16 09:53:48 Finished transferring output files
...
004 (5415472.354.000) 07/16 09:53:49 Job was evicted.
	(0) CPU times
		Usr 13 12:21:05, Sys 0 02:23:56  -  Run Remote Usage
		Usr 0 00:00:00, Sys 0 00:00:00  -  Run Local Usage
	96203  -  Run Bytes Sent By Job
	803  -  Run Bytes Received By Job
	Partitionable Resources :    Usage  Request Allocated 
	   Cpus                 :     2.86        4         4 
	   Disk (KB)            :   120    10485760  10832855 
	   Memory (MB)          :  1047        8000      8000 
...
