000 (5415472.207.000) 07/11 14:02:29 Job submitted from host: <137.138.156.150:9618?addrs=137.138.156.150-9618+[2001-1458-d00-14--9a]-9618&alias=bigbird13.cern.ch&noUDP&sock=schedd_1788_ff6c>
...
040 (5415472.207.000) 07/11 14:20:12 Started transferring input files
	Transferring to host: <128.142.58.20:9618?addrs=128.142.58.20-9618+[2001-1458-301-16--100-13]-9618&alias=b7s03p0073.cern.ch&noUDP&sock=slot1_26_6722_01ca_4505>
...
040 (5415472.207.000) 07/11 14:20:12 Finished transferring input files
...
001 (5415472.207.000) 07/11 14:20:13 Job executing on host: <128.142.58.20:9618?addrs=128.142.58.20-9618+[2001-1458-301-16--100-13]-9618&alias=b7s03p0073.cern.ch&noUDP&sock=startd_6259_bb5c>
...
006 (5415472.207.000) 07/11 14:20:22 Image size of job updated: 570632
	62  -  MemoryUsage of job (MB)
	62748  -  ResidentSetSize of job (KB)
...
006 (5415472.207.000) 07/11 14:25:23 Image size of job updated: 1590988
	1004  -  MemoryUsage of job (MB)
	1027420  -  ResidentSetSize of job (KB)
...
006 (5415472.207.000) 07/13 00:08:49 Image size of job updated: 1591968
	1005  -  MemoryUsage of job (MB)
	1028324  -  ResidentSetSize of job (KB)
...
006 (5415472.207.000) 07/13 00:48:51 Image size of job updated: 1592872
	1006  -  MemoryUsage of job (MB)
	1029228  -  ResidentSetSize of job (KB)
...
006 (5415472.207.000) 07/13 01:28:56 Image size of job updated: 1593780
	1006  -  MemoryUsage of job (MB)
	1030136  -  ResidentSetSize of job (KB)
...
006 (5415472.207.000) 07/13 02:09:00 Image size of job updated: 1594684
	1007  -  MemoryUsage of job (MB)
	1031040  -  ResidentSetSize of job (KB)
...
006 (5415472.207.000) 07/13 02:44:05 Image size of job updated: 1595592
	1008  -  MemoryUsage of job (MB)
	1031948  -  ResidentSetSize of job (KB)
...
006 (5415472.207.000) 07/13 03:24:09 Image size of job updated: 1596496
	1009  -  MemoryUsage of job (MB)
	1032852  -  ResidentSetSize of job (KB)
...
006 (5415472.207.000) 07/13 04:04:13 Image size of job updated: 1597400
	1010  -  MemoryUsage of job (MB)
	1033756  -  ResidentSetSize of job (KB)
...
006 (5415472.207.000) 07/13 04:39:17 Image size of job updated: 1598308
	1011  -  MemoryUsage of job (MB)
	1034664  -  ResidentSetSize of job (KB)
...
006 (5415472.207.000) 07/13 05:19:21 Image size of job updated: 1599212
	1012  -  MemoryUsage of job (MB)
	1035568  -  ResidentSetSize of job (KB)
...
006 (5415472.207.000) 07/13 05:59:24 Image size of job updated: 1600120
	1013  -  MemoryUsage of job (MB)
	1036476  -  ResidentSetSize of job (KB)
...
006 (5415472.207.000) 07/13 06:34:30 Image size of job updated: 1601024
	1014  -  MemoryUsage of job (MB)
	1037380  -  ResidentSetSize of job (KB)
...
006 (5415472.207.000) 07/13 07:14:32 Image size of job updated: 1601932
	1014  -  MemoryUsage of job (MB)
	1038288  -  ResidentSetSize of job (KB)
...
006 (5415472.207.000) 07/13 07:54:35 Image size of job updated: 1602836
	1015  -  MemoryUsage of job (MB)
	1039192  -  ResidentSetSize of job (KB)
...
006 (5415472.207.000) 07/13 08:34:37 Image size of job updated: 1603740
	1016  -  MemoryUsage of job (MB)
	1040096  -  ResidentSetSize of job (KB)
...
006 (5415472.207.000) 07/13 09:14:42 Image size of job updated: 1604648
	1017  -  MemoryUsage of job (MB)
	1041004  -  ResidentSetSize of job (KB)
...
006 (5415472.207.000) 07/13 09:59:45 Image size of job updated: 1605552
	1018  -  MemoryUsage of job (MB)
	1041908  -  ResidentSetSize of job (KB)
...
006 (5415472.207.000) 07/13 10:39:48 Image size of job updated: 1606460
	1019  -  MemoryUsage of job (MB)
	1042816  -  ResidentSetSize of job (KB)
...
006 (5415472.207.000) 07/13 11:19:54 Image size of job updated: 1607364
	1020  -  MemoryUsage of job (MB)
	1043720  -  ResidentSetSize of job (KB)
...
006 (5415472.207.000) 07/13 12:03:17 Image size of job updated: 1608268
	1021  -  MemoryUsage of job (MB)
	1044624  -  ResidentSetSize of job (KB)
...
006 (5415472.207.000) 07/13 12:43:20 Image size of job updated: 1609176
	1022  -  MemoryUsage of job (MB)
	1045532  -  ResidentSetSize of job (KB)
...
006 (5415472.207.000) 07/13 13:28:24 Image size of job updated: 1610080
	1022  -  MemoryUsage of job (MB)
	1046436  -  ResidentSetSize of job (KB)
...
006 (5415472.207.000) 07/13 13:48:25 Image size of job updated: 1613152
	1024  -  MemoryUsage of job (MB)
	1047984  -  ResidentSetSize of job (KB)
...
006 (5415472.207.000) 07/13 13:53:25 Image size of job updated: 1613152
	1024  -  MemoryUsage of job (MB)
	1047996  -  ResidentSetSize of job (KB)
...
006 (5415472.207.000) 07/13 14:18:29 Image size of job updated: 1613152
	1024  -  MemoryUsage of job (MB)
	1048008  -  ResidentSetSize of job (KB)
...
006 (5415472.207.000) 07/13 14:38:32 Image size of job updated: 1613152
	1024  -  MemoryUsage of job (MB)
	1048020  -  ResidentSetSize of job (KB)
...
006 (5415472.207.000) 07/13 14:48:32 Image size of job updated: 1614060
	1025  -  MemoryUsage of job (MB)
	1048928  -  ResidentSetSize of job (KB)
...
006 (5415472.207.000) 07/13 14:58:34 Image size of job updated: 1614060
	1025  -  MemoryUsage of job (MB)
	1048940  -  ResidentSetSize of job (KB)
...
006 (5415472.207.000) 07/13 15:18:36 Image size of job updated: 1614060
	1025  -  MemoryUsage of job (MB)
	1048952  -  ResidentSetSize of job (KB)
...
006 (5415472.207.000) 07/13 15:28:37 Image size of job updated: 1614964
	1026  -  MemoryUsage of job (MB)
	1049856  -  ResidentSetSize of job (KB)
...
006 (5415472.207.000) 07/13 15:43:39 Image size of job updated: 1614964
	1026  -  MemoryUsage of job (MB)
	1049868  -  ResidentSetSize of job (KB)
...
006 (5415472.207.000) 07/13 16:03:41 Image size of job updated: 1614964
	1026  -  MemoryUsage of job (MB)
	1049880  -  ResidentSetSize of job (KB)
...
006 (5415472.207.000) 07/13 16:08:42 Image size of job updated: 1615868
	1027  -  MemoryUsage of job (MB)
	1050784  -  ResidentSetSize of job (KB)
...
006 (5415472.207.000) 07/13 16:23:44 Image size of job updated: 1615868
	1027  -  MemoryUsage of job (MB)
	1050796  -  ResidentSetSize of job (KB)
...
006 (5415472.207.000) 07/13 16:48:44 Image size of job updated: 1616776
	1028  -  MemoryUsage of job (MB)
	1051716  -  ResidentSetSize of job (KB)
...
006 (5415472.207.000) 07/13 17:08:46 Image size of job updated: 1616776
	1028  -  MemoryUsage of job (MB)
	1051728  -  ResidentSetSize of job (KB)
...
006 (5415472.207.000) 07/13 17:32:52 Image size of job updated: 1617680
	1028  -  MemoryUsage of job (MB)
	1052644  -  ResidentSetSize of job (KB)
...
006 (5415472.207.000) 07/13 17:54:44 Image size of job updated: 1617680
	1028  -  MemoryUsage of job (MB)
	1052656  -  ResidentSetSize of job (KB)
...
006 (5415472.207.000) 07/13 18:10:37 Image size of job updated: 1618588
	1029  -  MemoryUsage of job (MB)
	1053576  -  ResidentSetSize of job (KB)
...
006 (5415472.207.000) 07/13 18:30:40 Image size of job updated: 1618588
	1029  -  MemoryUsage of job (MB)
	1053588  -  ResidentSetSize of job (KB)
...
006 (5415472.207.000) 07/13 18:50:41 Image size of job updated: 1619492
	1030  -  MemoryUsage of job (MB)
	1054504  -  ResidentSetSize of job (KB)
...
006 (5415472.207.000) 07/13 19:10:43 Image size of job updated: 1619492
	1030  -  MemoryUsage of job (MB)
	1054516  -  ResidentSetSize of job (KB)
...
006 (5415472.207.000) 07/13 19:25:44 Image size of job updated: 1620396
	1031  -  MemoryUsage of job (MB)
	1055420  -  ResidentSetSize of job (KB)
...
006 (5415472.207.000) 07/13 19:30:44 Image size of job updated: 1620396
	1031  -  MemoryUsage of job (MB)
	1055432  -  ResidentSetSize of job (KB)
...
006 (5415472.207.000) 07/13 19:55:47 Image size of job updated: 1620396
	1031  -  MemoryUsage of job (MB)
	1055444  -  ResidentSetSize of job (KB)
...
006 (5415472.207.000) 07/13 20:05:47 Image size of job updated: 1624928
	1036  -  MemoryUsage of job (MB)
	1059976  -  ResidentSetSize of job (KB)
...
006 (5415472.207.000) 07/13 20:15:49 Image size of job updated: 1624928
	1036  -  MemoryUsage of job (MB)
	1059988  -  ResidentSetSize of job (KB)
...
006 (5415472.207.000) 07/13 20:35:52 Image size of job updated: 1624928
	1036  -  MemoryUsage of job (MB)
	1060000  -  ResidentSetSize of job (KB)
...
006 (5415472.207.000) 07/13 20:55:54 Image size of job updated: 1624928
	1036  -  MemoryUsage of job (MB)
	1060012  -  ResidentSetSize of job (KB)
...
006 (5415472.207.000) 07/13 21:10:56 Image size of job updated: 1624928
	1036  -  MemoryUsage of job (MB)
	1060024  -  ResidentSetSize of job (KB)
...
006 (5415472.207.000) 07/13 21:30:57 Image size of job updated: 1624928
	1036  -  MemoryUsage of job (MB)
	1060036  -  ResidentSetSize of job (KB)
...
006 (5415472.207.000) 07/13 21:50:59 Image size of job updated: 1624928
	1036  -  MemoryUsage of job (MB)
	1060048  -  ResidentSetSize of job (KB)
...
006 (5415472.207.000) 07/13 22:16:01 Image size of job updated: 1624928
	1036  -  MemoryUsage of job (MB)
	1060060  -  ResidentSetSize of job (KB)
...
006 (5415472.207.000) 07/13 22:36:04 Image size of job updated: 1624928
	1036  -  MemoryUsage of job (MB)
	1060072  -  ResidentSetSize of job (KB)
...
006 (5415472.207.000) 07/13 22:56:06 Image size of job updated: 1624928
	1036  -  MemoryUsage of job (MB)
	1060076  -  ResidentSetSize of job (KB)
...
006 (5415472.207.000) 07/13 23:01:07 Image size of job updated: 1624928
	1036  -  MemoryUsage of job (MB)
	1060084  -  ResidentSetSize of job (KB)
...
006 (5415472.207.000) 07/13 23:21:09 Image size of job updated: 1624928
	1036  -  MemoryUsage of job (MB)
	1060096  -  ResidentSetSize of job (KB)
...
006 (5415472.207.000) 07/13 23:46:11 Image size of job updated: 1624928
	1036  -  MemoryUsage of job (MB)
	1060108  -  ResidentSetSize of job (KB)
...
006 (5415472.207.000) 07/14 00:11:15 Image size of job updated: 1624928
	1036  -  MemoryUsage of job (MB)
	1060120  -  ResidentSetSize of job (KB)
...
006 (5415472.207.000) 07/14 00:31:17 Image size of job updated: 1624928
	1036  -  MemoryUsage of job (MB)
	1060128  -  ResidentSetSize of job (KB)
...
006 (5415472.207.000) 07/14 00:36:18 Image size of job updated: 1624928
	1036  -  MemoryUsage of job (MB)
	1060132  -  ResidentSetSize of job (KB)
...
006 (5415472.207.000) 07/14 00:56:22 Image size of job updated: 1624928
	1036  -  MemoryUsage of job (MB)
	1060144  -  ResidentSetSize of job (KB)
...
006 (5415472.207.000) 07/14 01:21:25 Image size of job updated: 1624928
	1036  -  MemoryUsage of job (MB)
	1060156  -  ResidentSetSize of job (KB)
...
006 (5415472.207.000) 07/14 01:41:27 Image size of job updated: 1624928
	1036  -  MemoryUsage of job (MB)
	1060168  -  ResidentSetSize of job (KB)
...
006 (5415472.207.000) 07/14 02:01:28 Image size of job updated: 1624928
	1036  -  MemoryUsage of job (MB)
	1060180  -  ResidentSetSize of job (KB)
...
006 (5415472.207.000) 07/14 02:21:30 Image size of job updated: 1624928
	1036  -  MemoryUsage of job (MB)
	1060192  -  ResidentSetSize of job (KB)
...
006 (5415472.207.000) 07/14 02:46:32 Image size of job updated: 1624928
	1036  -  MemoryUsage of job (MB)
	1060204  -  ResidentSetSize of job (KB)
...
006 (5415472.207.000) 07/14 03:06:33 Image size of job updated: 1624928
	1036  -  MemoryUsage of job (MB)
	1060216  -  ResidentSetSize of job (KB)
...
006 (5415472.207.000) 07/14 03:26:36 Image size of job updated: 1624928
	1036  -  MemoryUsage of job (MB)
	1060228  -  ResidentSetSize of job (KB)
...
006 (5415472.207.000) 07/14 03:46:39 Image size of job updated: 1624928
	1036  -  MemoryUsage of job (MB)
	1060240  -  ResidentSetSize of job (KB)
...
006 (5415472.207.000) 07/14 04:06:40 Image size of job updated: 1624928
	1036  -  MemoryUsage of job (MB)
	1060252  -  ResidentSetSize of job (KB)
...
006 (5415472.207.000) 07/14 04:26:40 Image size of job updated: 1624928
	1036  -  MemoryUsage of job (MB)
	1060264  -  ResidentSetSize of job (KB)
...
006 (5415472.207.000) 07/14 04:46:43 Image size of job updated: 1624928
	1036  -  MemoryUsage of job (MB)
	1060276  -  ResidentSetSize of job (KB)
...
006 (5415472.207.000) 07/14 05:06:46 Image size of job updated: 1624928
	1036  -  MemoryUsage of job (MB)
	1060288  -  ResidentSetSize of job (KB)
...
006 (5415472.207.000) 07/14 05:21:48 Image size of job updated: 1624928
	1036  -  MemoryUsage of job (MB)
	1060300  -  ResidentSetSize of job (KB)
...
006 (5415472.207.000) 07/14 05:41:50 Image size of job updated: 1624928
	1036  -  MemoryUsage of job (MB)
	1060312  -  ResidentSetSize of job (KB)
...
006 (5415472.207.000) 07/14 06:01:53 Image size of job updated: 1624928
	1036  -  MemoryUsage of job (MB)
	1060324  -  ResidentSetSize of job (KB)
...
006 (5415472.207.000) 07/14 06:21:54 Image size of job updated: 1624928
	1036  -  MemoryUsage of job (MB)
	1060336  -  ResidentSetSize of job (KB)
...
006 (5415472.207.000) 07/14 06:41:55 Image size of job updated: 1624928
	1036  -  MemoryUsage of job (MB)
	1060348  -  ResidentSetSize of job (KB)
...
006 (5415472.207.000) 07/14 07:01:57 Image size of job updated: 1624928
	1036  -  MemoryUsage of job (MB)
	1060360  -  ResidentSetSize of job (KB)
...
006 (5415472.207.000) 07/14 07:21:58 Image size of job updated: 1624928
	1036  -  MemoryUsage of job (MB)
	1060372  -  ResidentSetSize of job (KB)
...
006 (5415472.207.000) 07/14 07:42:01 Image size of job updated: 1624928
	1036  -  MemoryUsage of job (MB)
	1060384  -  ResidentSetSize of job (KB)
...
006 (5415472.207.000) 07/14 08:02:02 Image size of job updated: 1624928
	1036  -  MemoryUsage of job (MB)
	1060396  -  ResidentSetSize of job (KB)
...
006 (5415472.207.000) 07/14 08:22:04 Image size of job updated: 1624928
	1036  -  MemoryUsage of job (MB)
	1060408  -  ResidentSetSize of job (KB)
...
006 (5415472.207.000) 07/14 08:42:06 Image size of job updated: 1624928
	1036  -  MemoryUsage of job (MB)
	1060420  -  ResidentSetSize of job (KB)
...
006 (5415472.207.000) 07/14 09:02:08 Image size of job updated: 1624928
	1036  -  MemoryUsage of job (MB)
	1060432  -  ResidentSetSize of job (KB)
...
006 (5415472.207.000) 07/14 09:22:10 Image size of job updated: 1624928
	1036  -  MemoryUsage of job (MB)
	1060444  -  ResidentSetSize of job (KB)
...
006 (5415472.207.000) 07/14 09:42:13 Image size of job updated: 1624928
	1036  -  MemoryUsage of job (MB)
	1060456  -  ResidentSetSize of job (KB)
...
006 (5415472.207.000) 07/14 09:57:15 Image size of job updated: 1624928
	1036  -  MemoryUsage of job (MB)
	1060464  -  ResidentSetSize of job (KB)
...
006 (5415472.207.000) 07/14 10:02:15 Image size of job updated: 1624928
	1036  -  MemoryUsage of job (MB)
	1060468  -  ResidentSetSize of job (KB)
...
006 (5415472.207.000) 07/14 10:17:16 Image size of job updated: 1624928
	1036  -  MemoryUsage of job (MB)
	1060480  -  ResidentSetSize of job (KB)
...
006 (5415472.207.000) 07/14 10:37:19 Image size of job updated: 1624928
	1036  -  MemoryUsage of job (MB)
	1060492  -  ResidentSetSize of job (KB)
...
006 (5415472.207.000) 07/14 10:52:20 Image size of job updated: 1624928
	1036  -  MemoryUsage of job (MB)
	1060504  -  ResidentSetSize of job (KB)
...
006 (5415472.207.000) 07/14 11:12:22 Image size of job updated: 1624928
	1036  -  MemoryUsage of job (MB)
	1060516  -  ResidentSetSize of job (KB)
...
006 (5415472.207.000) 07/14 11:32:24 Image size of job updated: 1624928
	1036  -  MemoryUsage of job (MB)
	1060528  -  ResidentSetSize of job (KB)
...
006 (5415472.207.000) 07/14 11:52:27 Image size of job updated: 1624928
	1036  -  MemoryUsage of job (MB)
	1060540  -  ResidentSetSize of job (KB)
...
006 (5415472.207.000) 07/14 12:12:29 Image size of job updated: 1624928
	1036  -  MemoryUsage of job (MB)
	1060552  -  ResidentSetSize of job (KB)
...
006 (5415472.207.000) 07/14 12:27:30 Image size of job updated: 1624928
	1036  -  MemoryUsage of job (MB)
	1060564  -  ResidentSetSize of job (KB)
...
006 (5415472.207.000) 07/14 12:47:31 Image size of job updated: 1624928
	1036  -  MemoryUsage of job (MB)
	1060576  -  ResidentSetSize of job (KB)
...
006 (5415472.207.000) 07/14 13:07:32 Image size of job updated: 1624928
	1036  -  MemoryUsage of job (MB)
	1060588  -  ResidentSetSize of job (KB)
...
006 (5415472.207.000) 07/14 13:27:32 Image size of job updated: 1624928
	1036  -  MemoryUsage of job (MB)
	1060600  -  ResidentSetSize of job (KB)
...
006 (5415472.207.000) 07/14 13:47:35 Image size of job updated: 1624928
	1036  -  MemoryUsage of job (MB)
	1060612  -  ResidentSetSize of job (KB)
...
006 (5415472.207.000) 07/14 14:07:36 Image size of job updated: 1624928
	1036  -  MemoryUsage of job (MB)
	1060624  -  ResidentSetSize of job (KB)
...
006 (5415472.207.000) 07/14 14:27:38 Image size of job updated: 1624928
	1036  -  MemoryUsage of job (MB)
	1060636  -  ResidentSetSize of job (KB)
...
006 (5415472.207.000) 07/14 14:42:41 Image size of job updated: 1624928
	1036  -  MemoryUsage of job (MB)
	1060648  -  ResidentSetSize of job (KB)
...
006 (5415472.207.000) 07/14 15:02:44 Image size of job updated: 1624928
	1036  -  MemoryUsage of job (MB)
	1060660  -  ResidentSetSize of job (KB)
...
006 (5415472.207.000) 07/14 15:22:47 Image size of job updated: 1624928
	1036  -  MemoryUsage of job (MB)
	1060672  -  ResidentSetSize of job (KB)
...
006 (5415472.207.000) 07/14 15:37:48 Image size of job updated: 1624928
	1036  -  MemoryUsage of job (MB)
	1060684  -  ResidentSetSize of job (KB)
...
006 (5415472.207.000) 07/14 15:57:50 Image size of job updated: 1624928
	1036  -  MemoryUsage of job (MB)
	1060696  -  ResidentSetSize of job (KB)
...
006 (5415472.207.000) 07/14 16:17:52 Image size of job updated: 1624928
	1036  -  MemoryUsage of job (MB)
	1060708  -  ResidentSetSize of job (KB)
...
040 (5415472.207.000) 07/14 16:20:59 Started transferring output files
...
040 (5415472.207.000) 07/14 16:20:59 Finished transferring output files
...
004 (5415472.207.000) 07/14 16:20:59 Job was evicted.
	(0) CPU times
		Usr 9 13:21:35, Sys 0 00:20:33  -  Run Remote Usage
		Usr 0 00:00:00, Sys 0 00:00:00  -  Run Local Usage
	96192  -  Run Bytes Sent By Job
	803  -  Run Bytes Received By Job
	Partitionable Resources :    Usage  Request Allocated 
	   Cpus                 :     3.11        4         4 
	   Disk (KB)            :   120    10485760  11380015 
	   Memory (MB)          :  1036        8000      8000 
...
040 (5415472.207.000) 07/14 21:26:15 Started transferring input files
	Transferring to host: <128.142.84.82:9618?addrs=128.142.84.82-9618+[2001-1458-301-f6--100-1af]-9618&alias=b7s14n2140.cern.ch&noUDP&sock=slot1_1_6193_4755_76550>
...
040 (5415472.207.000) 07/14 21:26:42 Finished transferring input files
...
001 (5415472.207.000) 07/14 21:26:50 Job executing on host: <128.142.84.82:9618?addrs=128.142.84.82-9618+[2001-1458-301-f6--100-1af]-9618&alias=b7s14n2140.cern.ch&noUDP&sock=startd_5001_d938>
...
007 (5415472.207.000) 07/19 19:15:52 Shadow exception!
	Assertion ERROR on (result)
	0  -  Run Bytes Sent By Job
	96995  -  Run Bytes Received By Job
...
