000 (5415472.050.000) 07/11 14:02:29 Job submitted from host: <137.138.156.150:9618?addrs=137.138.156.150-9618+[2001-1458-d00-14--9a]-9618&alias=bigbird13.cern.ch&noUDP&sock=schedd_1788_ff6c>
...
040 (5415472.050.000) 07/11 14:03:32 Started transferring input files
	Transferring to host: <128.142.58.119:9618?addrs=128.142.58.119-9618+[2001-1458-301-16--100-76]-9618&alias=b7s03p7768.cern.ch&noUDP&sock=slot1_17_6711_41aa_2542>
...
040 (5415472.050.000) 07/11 14:03:32 Finished transferring input files
...
001 (5415472.050.000) 07/11 14:03:33 Job executing on host: <128.142.58.119:9618?addrs=128.142.58.119-9618+[2001-1458-301-16--100-76]-9618&alias=b7s03p7768.cern.ch&noUDP&sock=startd_6250_8f01>
...
006 (5415472.050.000) 07/11 14:03:42 Image size of job updated: 103788
	42  -  MemoryUsage of job (MB)
	42800  -  ResidentSetSize of job (KB)
...
006 (5415472.050.000) 07/11 14:08:42 Image size of job updated: 1591056
	1004  -  MemoryUsage of job (MB)
	1027504  -  ResidentSetSize of job (KB)
...
006 (5415472.050.000) 07/12 14:26:02 Image size of job updated: 1591056
	1004  -  MemoryUsage of job (MB)
	1027508  -  ResidentSetSize of job (KB)
...
006 (5415472.050.000) 07/12 21:01:45 Image size of job updated: 1592040
	1005  -  MemoryUsage of job (MB)
	1028412  -  ResidentSetSize of job (KB)
...
006 (5415472.050.000) 07/12 21:41:50 Image size of job updated: 1592944
	1006  -  MemoryUsage of job (MB)
	1029316  -  ResidentSetSize of job (KB)
...
006 (5415472.050.000) 07/12 22:16:55 Image size of job updated: 1593852
	1007  -  MemoryUsage of job (MB)
	1030224  -  ResidentSetSize of job (KB)
...
006 (5415472.050.000) 07/12 22:56:58 Image size of job updated: 1594756
	1007  -  MemoryUsage of job (MB)
	1031128  -  ResidentSetSize of job (KB)
...
006 (5415472.050.000) 07/12 23:32:04 Image size of job updated: 1595660
	1008  -  MemoryUsage of job (MB)
	1032032  -  ResidentSetSize of job (KB)
...
006 (5415472.050.000) 07/13 00:12:07 Image size of job updated: 1596568
	1009  -  MemoryUsage of job (MB)
	1032940  -  ResidentSetSize of job (KB)
...
006 (5415472.050.000) 07/13 00:52:09 Image size of job updated: 1597472
	1010  -  MemoryUsage of job (MB)
	1033844  -  ResidentSetSize of job (KB)
...
006 (5415472.050.000) 07/13 01:32:14 Image size of job updated: 1598380
	1011  -  MemoryUsage of job (MB)
	1034752  -  ResidentSetSize of job (KB)
...
006 (5415472.050.000) 07/13 02:07:18 Image size of job updated: 1599284
	1012  -  MemoryUsage of job (MB)
	1035656  -  ResidentSetSize of job (KB)
...
006 (5415472.050.000) 07/13 02:47:23 Image size of job updated: 1600188
	1013  -  MemoryUsage of job (MB)
	1036560  -  ResidentSetSize of job (KB)
...
006 (5415472.050.000) 07/13 03:27:26 Image size of job updated: 1601096
	1014  -  MemoryUsage of job (MB)
	1037468  -  ResidentSetSize of job (KB)
...
006 (5415472.050.000) 07/13 04:07:29 Image size of job updated: 1602000
	1015  -  MemoryUsage of job (MB)
	1038372  -  ResidentSetSize of job (KB)
...
006 (5415472.050.000) 07/13 04:47:33 Image size of job updated: 1602908
	1015  -  MemoryUsage of job (MB)
	1039280  -  ResidentSetSize of job (KB)
...
006 (5415472.050.000) 07/13 05:32:38 Image size of job updated: 1603812
	1016  -  MemoryUsage of job (MB)
	1040184  -  ResidentSetSize of job (KB)
...
006 (5415472.050.000) 07/13 06:07:42 Image size of job updated: 1604720
	1017  -  MemoryUsage of job (MB)
	1041088  -  ResidentSetSize of job (KB)
...
006 (5415472.050.000) 07/13 06:47:48 Image size of job updated: 1609248
	1022  -  MemoryUsage of job (MB)
	1045620  -  ResidentSetSize of job (KB)
...
006 (5415472.050.000) 07/13 10:43:30 Image size of job updated: 1612320
	1023  -  MemoryUsage of job (MB)
	1047168  -  ResidentSetSize of job (KB)
...
006 (5415472.050.000) 07/13 11:03:33 Image size of job updated: 1612320
	1023  -  MemoryUsage of job (MB)
	1047180  -  ResidentSetSize of job (KB)
...
022 (5415472.050.000) 07/13 11:28:51 Job disconnected, attempting to reconnect
    Socket between submit and execute hosts closed unexpectedly
    Trying to reconnect to slot1_17@b7s03p7768.cern.ch <128.142.58.119:9618?addrs=128.142.58.119-9618+[2001-1458-301-16--100-76]-9618&alias=b7s03p7768.cern.ch&noUDP&sock=startd_6250_8f01>
...
023 (5415472.050.000) 07/13 11:28:51 Job reconnected to slot1_17@b7s03p7768.cern.ch
    startd address: <128.142.58.119:9618?addrs=128.142.58.119-9618+[2001-1458-301-16--100-76]-9618&alias=b7s03p7768.cern.ch&noUDP&sock=startd_6250_8f01>
    starter address: <128.142.58.119:9618?addrs=128.142.58.119-9618+[2001-1458-301-16--100-76]-9618&alias=b7s03p7768.cern.ch&noUDP&sock=slot1_17_6711_41aa_2542>
...
006 (5415472.050.000) 07/13 11:44:37 Image size of job updated: 1612320
	1023  -  MemoryUsage of job (MB)
	1047192  -  ResidentSetSize of job (KB)
...
006 (5415472.050.000) 07/13 11:57:15 Image size of job updated: 1612320
	1023  -  MemoryUsage of job (MB)
	1047204  -  ResidentSetSize of job (KB)
...
006 (5415472.050.000) 07/13 12:14:50 Image size of job updated: 1612320
	1023  -  MemoryUsage of job (MB)
	1047212  -  ResidentSetSize of job (KB)
...
006 (5415472.050.000) 07/13 12:19:50 Image size of job updated: 1612320
	1023  -  MemoryUsage of job (MB)
	1047216  -  ResidentSetSize of job (KB)
...
006 (5415472.050.000) 07/13 12:39:52 Image size of job updated: 1612320
	1023  -  MemoryUsage of job (MB)
	1047228  -  ResidentSetSize of job (KB)
...
006 (5415472.050.000) 07/13 13:04:53 Image size of job updated: 1612320
	1023  -  MemoryUsage of job (MB)
	1047240  -  ResidentSetSize of job (KB)
...
006 (5415472.050.000) 07/13 13:24:55 Image size of job updated: 1612320
	1023  -  MemoryUsage of job (MB)
	1047252  -  ResidentSetSize of job (KB)
...
006 (5415472.050.000) 07/13 13:49:56 Image size of job updated: 1612320
	1023  -  MemoryUsage of job (MB)
	1047264  -  ResidentSetSize of job (KB)
...
006 (5415472.050.000) 07/13 14:14:58 Image size of job updated: 1612320
	1023  -  MemoryUsage of job (MB)
	1047276  -  ResidentSetSize of job (KB)
...
006 (5415472.050.000) 07/13 14:40:01 Image size of job updated: 1612320
	1023  -  MemoryUsage of job (MB)
	1047288  -  ResidentSetSize of job (KB)
...
006 (5415472.050.000) 07/13 15:00:05 Image size of job updated: 1612320
	1023  -  MemoryUsage of job (MB)
	1047300  -  ResidentSetSize of job (KB)
...
006 (5415472.050.000) 07/13 15:25:07 Image size of job updated: 1612320
	1023  -  MemoryUsage of job (MB)
	1047312  -  ResidentSetSize of job (KB)
...
006 (5415472.050.000) 07/13 15:45:11 Image size of job updated: 1612320
	1023  -  MemoryUsage of job (MB)
	1047324  -  ResidentSetSize of job (KB)
...
006 (5415472.050.000) 07/13 16:10:13 Image size of job updated: 1612320
	1023  -  MemoryUsage of job (MB)
	1047336  -  ResidentSetSize of job (KB)
...
006 (5415472.050.000) 07/13 16:35:15 Image size of job updated: 1612320
	1023  -  MemoryUsage of job (MB)
	1047348  -  ResidentSetSize of job (KB)
...
006 (5415472.050.000) 07/13 16:55:18 Image size of job updated: 1612320
	1023  -  MemoryUsage of job (MB)
	1047360  -  ResidentSetSize of job (KB)
...
006 (5415472.050.000) 07/13 17:20:20 Image size of job updated: 1612320
	1023  -  MemoryUsage of job (MB)
	1047372  -  ResidentSetSize of job (KB)
...
006 (5415472.050.000) 07/13 17:44:13 Image size of job updated: 1612320
	1023  -  MemoryUsage of job (MB)
	1047380  -  ResidentSetSize of job (KB)
...
006 (5415472.050.000) 07/13 17:49:13 Image size of job updated: 1612320
	1023  -  MemoryUsage of job (MB)
	1047384  -  ResidentSetSize of job (KB)
...
006 (5415472.050.000) 07/13 18:09:17 Image size of job updated: 1612320
	1023  -  MemoryUsage of job (MB)
	1047396  -  ResidentSetSize of job (KB)
...
006 (5415472.050.000) 07/13 18:34:17 Image size of job updated: 1612320
	1023  -  MemoryUsage of job (MB)
	1047408  -  ResidentSetSize of job (KB)
...
006 (5415472.050.000) 07/13 18:54:20 Image size of job updated: 1612320
	1023  -  MemoryUsage of job (MB)
	1047420  -  ResidentSetSize of job (KB)
...
006 (5415472.050.000) 07/13 19:19:22 Image size of job updated: 1612320
	1023  -  MemoryUsage of job (MB)
	1047432  -  ResidentSetSize of job (KB)
...
006 (5415472.050.000) 07/13 19:44:25 Image size of job updated: 1612320
	1023  -  MemoryUsage of job (MB)
	1047444  -  ResidentSetSize of job (KB)
...
006 (5415472.050.000) 07/13 20:09:28 Image size of job updated: 1612320
	1023  -  MemoryUsage of job (MB)
	1047456  -  ResidentSetSize of job (KB)
...
006 (5415472.050.000) 07/13 20:34:30 Image size of job updated: 1612320
	1023  -  MemoryUsage of job (MB)
	1047468  -  ResidentSetSize of job (KB)
...
006 (5415472.050.000) 07/13 20:59:33 Image size of job updated: 1612320
	1023  -  MemoryUsage of job (MB)
	1047480  -  ResidentSetSize of job (KB)
...
006 (5415472.050.000) 07/13 21:24:33 Image size of job updated: 1612320
	1023  -  MemoryUsage of job (MB)
	1047492  -  ResidentSetSize of job (KB)
...
006 (5415472.050.000) 07/13 21:49:35 Image size of job updated: 1612320
	1023  -  MemoryUsage of job (MB)
	1047504  -  ResidentSetSize of job (KB)
...
006 (5415472.050.000) 07/13 22:09:39 Image size of job updated: 1612320
	1023  -  MemoryUsage of job (MB)
	1047516  -  ResidentSetSize of job (KB)
...
006 (5415472.050.000) 07/13 22:34:40 Image size of job updated: 1612320
	1023  -  MemoryUsage of job (MB)
	1047528  -  ResidentSetSize of job (KB)
...
006 (5415472.050.000) 07/13 22:54:41 Image size of job updated: 1612320
	1023  -  MemoryUsage of job (MB)
	1047540  -  ResidentSetSize of job (KB)
...
006 (5415472.050.000) 07/13 23:19:44 Image size of job updated: 1612320
	1023  -  MemoryUsage of job (MB)
	1047552  -  ResidentSetSize of job (KB)
...
006 (5415472.050.000) 07/13 23:44:46 Image size of job updated: 1612320
	1024  -  MemoryUsage of job (MB)
	1047564  -  ResidentSetSize of job (KB)
...
006 (5415472.050.000) 07/14 00:09:49 Image size of job updated: 1612320
	1024  -  MemoryUsage of job (MB)
	1047576  -  ResidentSetSize of job (KB)
...
006 (5415472.050.000) 07/14 00:34:49 Image size of job updated: 1612320
	1024  -  MemoryUsage of job (MB)
	1047588  -  ResidentSetSize of job (KB)
...
006 (5415472.050.000) 07/14 00:59:50 Image size of job updated: 1612320
	1024  -  MemoryUsage of job (MB)
	1047600  -  ResidentSetSize of job (KB)
...
006 (5415472.050.000) 07/14 01:24:53 Image size of job updated: 1612320
	1024  -  MemoryUsage of job (MB)
	1047612  -  ResidentSetSize of job (KB)
...
006 (5415472.050.000) 07/14 01:49:55 Image size of job updated: 1612320
	1024  -  MemoryUsage of job (MB)
	1047624  -  ResidentSetSize of job (KB)
...
006 (5415472.050.000) 07/14 02:14:59 Image size of job updated: 1612320
	1024  -  MemoryUsage of job (MB)
	1047636  -  ResidentSetSize of job (KB)
...
006 (5415472.050.000) 07/14 02:35:02 Image size of job updated: 1612320
	1024  -  MemoryUsage of job (MB)
	1047640  -  ResidentSetSize of job (KB)
...
006 (5415472.050.000) 07/14 02:40:03 Image size of job updated: 1612320
	1024  -  MemoryUsage of job (MB)
	1047648  -  ResidentSetSize of job (KB)
...
006 (5415472.050.000) 07/14 03:05:07 Image size of job updated: 1612320
	1024  -  MemoryUsage of job (MB)
	1047660  -  ResidentSetSize of job (KB)
...
006 (5415472.050.000) 07/14 03:30:10 Image size of job updated: 1612320
	1024  -  MemoryUsage of job (MB)
	1047672  -  ResidentSetSize of job (KB)
...
006 (5415472.050.000) 07/14 03:55:14 Image size of job updated: 1612320
	1024  -  MemoryUsage of job (MB)
	1047684  -  ResidentSetSize of job (KB)
...
006 (5415472.050.000) 07/14 04:20:17 Image size of job updated: 1612320
	1024  -  MemoryUsage of job (MB)
	1047688  -  ResidentSetSize of job (KB)
...
006 (5415472.050.000) 07/14 04:25:17 Image size of job updated: 1612320
	1024  -  MemoryUsage of job (MB)
	1047696  -  ResidentSetSize of job (KB)
...
006 (5415472.050.000) 07/14 04:45:22 Image size of job updated: 1612320
	1024  -  MemoryUsage of job (MB)
	1047708  -  ResidentSetSize of job (KB)
...
006 (5415472.050.000) 07/14 05:15:25 Image size of job updated: 1612320
	1024  -  MemoryUsage of job (MB)
	1047720  -  ResidentSetSize of job (KB)
...
006 (5415472.050.000) 07/14 05:35:27 Image size of job updated: 1612320
	1024  -  MemoryUsage of job (MB)
	1047732  -  ResidentSetSize of job (KB)
...
006 (5415472.050.000) 07/14 05:55:28 Image size of job updated: 1612320
	1024  -  MemoryUsage of job (MB)
	1047744  -  ResidentSetSize of job (KB)
...
006 (5415472.050.000) 07/14 06:20:30 Image size of job updated: 1612320
	1024  -  MemoryUsage of job (MB)
	1047756  -  ResidentSetSize of job (KB)
...
006 (5415472.050.000) 07/14 06:40:33 Image size of job updated: 1612320
	1024  -  MemoryUsage of job (MB)
	1047768  -  ResidentSetSize of job (KB)
...
006 (5415472.050.000) 07/14 07:05:36 Image size of job updated: 1612320
	1024  -  MemoryUsage of job (MB)
	1047780  -  ResidentSetSize of job (KB)
...
006 (5415472.050.000) 07/14 07:25:37 Image size of job updated: 1612320
	1024  -  MemoryUsage of job (MB)
	1047792  -  ResidentSetSize of job (KB)
...
006 (5415472.050.000) 07/14 07:40:39 Image size of job updated: 1612320
	1024  -  MemoryUsage of job (MB)
	1047804  -  ResidentSetSize of job (KB)
...
006 (5415472.050.000) 07/14 08:00:41 Image size of job updated: 1612320
	1024  -  MemoryUsage of job (MB)
	1047816  -  ResidentSetSize of job (KB)
...
006 (5415472.050.000) 07/14 08:25:43 Image size of job updated: 1612320
	1024  -  MemoryUsage of job (MB)
	1047828  -  ResidentSetSize of job (KB)
...
006 (5415472.050.000) 07/14 08:45:47 Image size of job updated: 1612320
	1024  -  MemoryUsage of job (MB)
	1047840  -  ResidentSetSize of job (KB)
...
006 (5415472.050.000) 07/14 09:05:48 Image size of job updated: 1612320
	1024  -  MemoryUsage of job (MB)
	1047852  -  ResidentSetSize of job (KB)
...
006 (5415472.050.000) 07/14 09:25:50 Image size of job updated: 1612320
	1024  -  MemoryUsage of job (MB)
	1047864  -  ResidentSetSize of job (KB)
...
006 (5415472.050.000) 07/14 09:45:50 Image size of job updated: 1612320
	1024  -  MemoryUsage of job (MB)
	1047876  -  ResidentSetSize of job (KB)
...
006 (5415472.050.000) 07/14 10:10:54 Image size of job updated: 1612320
	1024  -  MemoryUsage of job (MB)
	1047888  -  ResidentSetSize of job (KB)
...
006 (5415472.050.000) 07/14 10:25:57 Image size of job updated: 1612320
	1024  -  MemoryUsage of job (MB)
	1047900  -  ResidentSetSize of job (KB)
...
006 (5415472.050.000) 07/14 10:46:00 Image size of job updated: 1612320
	1024  -  MemoryUsage of job (MB)
	1047912  -  ResidentSetSize of job (KB)
...
006 (5415472.050.000) 07/14 11:06:03 Image size of job updated: 1612320
	1024  -  MemoryUsage of job (MB)
	1047924  -  ResidentSetSize of job (KB)
...
006 (5415472.050.000) 07/14 11:26:05 Image size of job updated: 1612320
	1024  -  MemoryUsage of job (MB)
	1047936  -  ResidentSetSize of job (KB)
...
006 (5415472.050.000) 07/14 11:46:06 Image size of job updated: 1612320
	1024  -  MemoryUsage of job (MB)
	1047948  -  ResidentSetSize of job (KB)
...
006 (5415472.050.000) 07/14 12:06:07 Image size of job updated: 1612320
	1024  -  MemoryUsage of job (MB)
	1047960  -  ResidentSetSize of job (KB)
...
006 (5415472.050.000) 07/14 12:26:10 Image size of job updated: 1612320
	1024  -  MemoryUsage of job (MB)
	1047972  -  ResidentSetSize of job (KB)
...
006 (5415472.050.000) 07/14 12:46:11 Image size of job updated: 1612320
	1024  -  MemoryUsage of job (MB)
	1047984  -  ResidentSetSize of job (KB)
...
006 (5415472.050.000) 07/14 13:06:14 Image size of job updated: 1612320
	1024  -  MemoryUsage of job (MB)
	1047992  -  ResidentSetSize of job (KB)
...
006 (5415472.050.000) 07/14 13:11:14 Image size of job updated: 1612320
	1024  -  MemoryUsage of job (MB)
	1047996  -  ResidentSetSize of job (KB)
...
006 (5415472.050.000) 07/14 13:31:16 Image size of job updated: 1612320
	1024  -  MemoryUsage of job (MB)
	1048008  -  ResidentSetSize of job (KB)
...
006 (5415472.050.000) 07/14 13:51:19 Image size of job updated: 1612320
	1024  -  MemoryUsage of job (MB)
	1048020  -  ResidentSetSize of job (KB)
...
006 (5415472.050.000) 07/14 14:11:21 Image size of job updated: 1612320
	1024  -  MemoryUsage of job (MB)
	1048032  -  ResidentSetSize of job (KB)
...
006 (5415472.050.000) 07/14 14:31:22 Image size of job updated: 1612320
	1024  -  MemoryUsage of job (MB)
	1048044  -  ResidentSetSize of job (KB)
...
006 (5415472.050.000) 07/14 14:51:22 Image size of job updated: 1612320
	1024  -  MemoryUsage of job (MB)
	1048056  -  ResidentSetSize of job (KB)
...
006 (5415472.050.000) 07/14 15:11:25 Image size of job updated: 1612320
	1024  -  MemoryUsage of job (MB)
	1048068  -  ResidentSetSize of job (KB)
...
006 (5415472.050.000) 07/14 15:31:27 Image size of job updated: 1612320
	1024  -  MemoryUsage of job (MB)
	1048080  -  ResidentSetSize of job (KB)
...
006 (5415472.050.000) 07/14 15:46:29 Image size of job updated: 1612320
	1024  -  MemoryUsage of job (MB)
	1048092  -  ResidentSetSize of job (KB)
...
006 (5415472.050.000) 07/14 16:06:30 Image size of job updated: 1612320
	1024  -  MemoryUsage of job (MB)
	1048104  -  ResidentSetSize of job (KB)
...
006 (5415472.050.000) 07/14 16:26:33 Image size of job updated: 1612320
	1024  -  MemoryUsage of job (MB)
	1048116  -  ResidentSetSize of job (KB)
...
006 (5415472.050.000) 07/14 16:46:34 Image size of job updated: 1612320
	1024  -  MemoryUsage of job (MB)
	1048128  -  ResidentSetSize of job (KB)
...
006 (5415472.050.000) 07/14 17:11:37 Image size of job updated: 1612320
	1024  -  MemoryUsage of job (MB)
	1048140  -  ResidentSetSize of job (KB)
...
006 (5415472.050.000) 07/14 17:31:38 Image size of job updated: 1612320
	1024  -  MemoryUsage of job (MB)
	1048152  -  ResidentSetSize of job (KB)
...
006 (5415472.050.000) 07/14 17:56:41 Image size of job updated: 1612320
	1024  -  MemoryUsage of job (MB)
	1048164  -  ResidentSetSize of job (KB)
...
006 (5415472.050.000) 07/14 18:16:43 Image size of job updated: 1612320
	1024  -  MemoryUsage of job (MB)
	1048176  -  ResidentSetSize of job (KB)
...
006 (5415472.050.000) 07/14 18:36:44 Image size of job updated: 1612320
	1024  -  MemoryUsage of job (MB)
	1048188  -  ResidentSetSize of job (KB)
...
006 (5415472.050.000) 07/14 18:56:47 Image size of job updated: 1612320
	1024  -  MemoryUsage of job (MB)
	1048200  -  ResidentSetSize of job (KB)
...
006 (5415472.050.000) 07/14 19:21:49 Image size of job updated: 1612320
	1024  -  MemoryUsage of job (MB)
	1048212  -  ResidentSetSize of job (KB)
...
006 (5415472.050.000) 07/14 19:41:50 Image size of job updated: 1612320
	1024  -  MemoryUsage of job (MB)
	1048224  -  ResidentSetSize of job (KB)
...
006 (5415472.050.000) 07/14 20:01:51 Image size of job updated: 1612320
	1024  -  MemoryUsage of job (MB)
	1048236  -  ResidentSetSize of job (KB)
...
006 (5415472.050.000) 07/14 20:21:53 Image size of job updated: 1612320
	1024  -  MemoryUsage of job (MB)
	1048248  -  ResidentSetSize of job (KB)
...
006 (5415472.050.000) 07/14 20:41:55 Image size of job updated: 1612320
	1024  -  MemoryUsage of job (MB)
	1048260  -  ResidentSetSize of job (KB)
...
006 (5415472.050.000) 07/14 21:00:17 Image size of job updated: 1612320
	1024  -  MemoryUsage of job (MB)
	1048272  -  ResidentSetSize of job (KB)
...
007 (5415472.050.000) 07/14 21:09:50 Shadow exception!
	Assertion ERROR on (result)
	0  -  Run Bytes Sent By Job
	803  -  Run Bytes Received By Job
...
040 (5415472.050.000) 07/14 21:21:22 Started transferring input files
	Transferring to host: <128.142.85.42:9618?addrs=128.142.85.42-9618+[2001-1458-301-f6--100-1be]-9618&alias=b7s14n6010.cern.ch&noUDP&sock=slot1_4_4894_0400_58324>
...
040 (5415472.050.000) 07/14 21:21:22 Finished transferring input files
...
