000 (5415472.423.000) 07/11 14:02:30 Job submitted from host: <137.138.156.150:9618?addrs=137.138.156.150-9618+[2001-1458-d00-14--9a]-9618&alias=bigbird13.cern.ch&noUDP&sock=schedd_1788_ff6c>
...
040 (5415472.423.000) 07/11 16:21:26 Started transferring input files
	Transferring to host: <128.142.56.61:9618?addrs=128.142.56.61-9618+[2001-1458-301-6--100-3c]-9618&alias=b7s01p2423.cern.ch&noUDP&sock=slot1_12_43494_3522_7087>
...
040 (5415472.423.000) 07/11 16:21:26 Finished transferring input files
...
001 (5415472.423.000) 07/11 16:21:27 Job executing on host: <128.142.56.61:9618?addrs=128.142.56.61-9618+[2001-1458-301-6--100-3c]-9618&alias=b7s01p2423.cern.ch&noUDP&sock=startd_40391_71e4>
...
006 (5415472.423.000) 07/11 16:21:36 Image size of job updated: 806800
	462  -  MemoryUsage of job (MB)
	472540  -  ResidentSetSize of job (KB)
...
006 (5415472.423.000) 07/11 16:26:36 Image size of job updated: 1590996
	1004  -  MemoryUsage of job (MB)
	1027432  -  ResidentSetSize of job (KB)
...
006 (5415472.423.000) 07/13 01:40:00 Image size of job updated: 1591976
	1004  -  MemoryUsage of job (MB)
	1027432  -  ResidentSetSize of job (KB)
...
006 (5415472.423.000) 07/13 02:20:05 Image size of job updated: 1592884
	1004  -  MemoryUsage of job (MB)
	1027432  -  ResidentSetSize of job (KB)
...
006 (5415472.423.000) 07/13 03:00:10 Image size of job updated: 1593788
	1004  -  MemoryUsage of job (MB)
	1027432  -  ResidentSetSize of job (KB)
...
006 (5415472.423.000) 07/13 03:40:13 Image size of job updated: 1594692
	1004  -  MemoryUsage of job (MB)
	1027972  -  ResidentSetSize of job (KB)
...
006 (5415472.423.000) 07/13 04:25:18 Image size of job updated: 1595600
	1005  -  MemoryUsage of job (MB)
	1028880  -  ResidentSetSize of job (KB)
...
006 (5415472.423.000) 07/13 05:05:20 Image size of job updated: 1596504
	1006  -  MemoryUsage of job (MB)
	1029784  -  ResidentSetSize of job (KB)
...
006 (5415472.423.000) 07/13 05:45:25 Image size of job updated: 1597412
	1007  -  MemoryUsage of job (MB)
	1030692  -  ResidentSetSize of job (KB)
...
006 (5415472.423.000) 07/13 06:25:30 Image size of job updated: 1598316
	1008  -  MemoryUsage of job (MB)
	1031596  -  ResidentSetSize of job (KB)
...
006 (5415472.423.000) 07/13 07:10:35 Image size of job updated: 1599220
	1009  -  MemoryUsage of job (MB)
	1032500  -  ResidentSetSize of job (KB)
...
006 (5415472.423.000) 07/13 07:55:39 Image size of job updated: 1600128
	1010  -  MemoryUsage of job (MB)
	1033408  -  ResidentSetSize of job (KB)
...
006 (5415472.423.000) 07/13 08:40:44 Image size of job updated: 1601032
	1011  -  MemoryUsage of job (MB)
	1034312  -  ResidentSetSize of job (KB)
...
006 (5415472.423.000) 07/13 09:25:50 Image size of job updated: 1601940
	1011  -  MemoryUsage of job (MB)
	1035220  -  ResidentSetSize of job (KB)
...
006 (5415472.423.000) 07/13 10:10:56 Image size of job updated: 1602844
	1012  -  MemoryUsage of job (MB)
	1036124  -  ResidentSetSize of job (KB)
...
006 (5415472.423.000) 07/13 10:51:00 Image size of job updated: 1603748
	1013  -  MemoryUsage of job (MB)
	1037028  -  ResidentSetSize of job (KB)
...
006 (5415472.423.000) 07/13 11:36:15 Image size of job updated: 1604656
	1014  -  MemoryUsage of job (MB)
	1037916  -  ResidentSetSize of job (KB)
...
006 (5415472.423.000) 07/13 12:12:25 Image size of job updated: 1605560
	1015  -  MemoryUsage of job (MB)
	1038800  -  ResidentSetSize of job (KB)
...
006 (5415472.423.000) 07/13 12:57:29 Image size of job updated: 1606468
	1015  -  MemoryUsage of job (MB)
	1038800  -  ResidentSetSize of job (KB)
...
006 (5415472.423.000) 07/13 13:32:36 Image size of job updated: 1606468
	1015  -  MemoryUsage of job (MB)
	1039180  -  ResidentSetSize of job (KB)
...
006 (5415472.423.000) 07/13 13:37:37 Image size of job updated: 1607372
	1015  -  MemoryUsage of job (MB)
	1039180  -  ResidentSetSize of job (KB)
...
006 (5415472.423.000) 07/13 14:12:40 Image size of job updated: 1608280
	1016  -  MemoryUsage of job (MB)
	1040088  -  ResidentSetSize of job (KB)
...
006 (5415472.423.000) 07/13 14:52:45 Image size of job updated: 1609184
	1017  -  MemoryUsage of job (MB)
	1040992  -  ResidentSetSize of job (KB)
...
006 (5415472.423.000) 07/13 15:27:48 Image size of job updated: 1613712
	1022  -  MemoryUsage of job (MB)
	1045520  -  ResidentSetSize of job (KB)
...
006 (5415472.423.000) 07/13 15:42:50 Image size of job updated: 1616784
	1023  -  MemoryUsage of job (MB)
	1047068  -  ResidentSetSize of job (KB)
...
006 (5415472.423.000) 07/13 15:52:51 Image size of job updated: 1616784
	1023  -  MemoryUsage of job (MB)
	1047080  -  ResidentSetSize of job (KB)
...
006 (5415472.423.000) 07/13 16:12:54 Image size of job updated: 1616784
	1023  -  MemoryUsage of job (MB)
	1047092  -  ResidentSetSize of job (KB)
...
006 (5415472.423.000) 07/13 16:32:56 Image size of job updated: 1616784
	1023  -  MemoryUsage of job (MB)
	1047104  -  ResidentSetSize of job (KB)
...
006 (5415472.423.000) 07/13 16:52:58 Image size of job updated: 1616784
	1023  -  MemoryUsage of job (MB)
	1047116  -  ResidentSetSize of job (KB)
...
006 (5415472.423.000) 07/13 17:18:01 Image size of job updated: 1616784
	1023  -  MemoryUsage of job (MB)
	1047128  -  ResidentSetSize of job (KB)
...
006 (5415472.423.000) 07/13 17:38:03 Image size of job updated: 1616784
	1023  -  MemoryUsage of job (MB)
	1047140  -  ResidentSetSize of job (KB)
...
006 (5415472.423.000) 07/13 17:58:05 Image size of job updated: 1616784
	1023  -  MemoryUsage of job (MB)
	1047152  -  ResidentSetSize of job (KB)
...
006 (5415472.423.000) 07/13 18:23:08 Image size of job updated: 1616784
	1023  -  MemoryUsage of job (MB)
	1047164  -  ResidentSetSize of job (KB)
...
006 (5415472.423.000) 07/13 18:43:10 Image size of job updated: 1616784
	1023  -  MemoryUsage of job (MB)
	1047176  -  ResidentSetSize of job (KB)
...
006 (5415472.423.000) 07/13 19:08:13 Image size of job updated: 1616784
	1023  -  MemoryUsage of job (MB)
	1047188  -  ResidentSetSize of job (KB)
...
006 (5415472.423.000) 07/13 19:28:17 Image size of job updated: 1616784
	1023  -  MemoryUsage of job (MB)
	1047200  -  ResidentSetSize of job (KB)
...
006 (5415472.423.000) 07/13 19:48:20 Image size of job updated: 1616784
	1023  -  MemoryUsage of job (MB)
	1047212  -  ResidentSetSize of job (KB)
...
006 (5415472.423.000) 07/13 20:13:22 Image size of job updated: 1616784
	1023  -  MemoryUsage of job (MB)
	1047224  -  ResidentSetSize of job (KB)
...
006 (5415472.423.000) 07/13 20:33:25 Image size of job updated: 1616784
	1023  -  MemoryUsage of job (MB)
	1047236  -  ResidentSetSize of job (KB)
...
006 (5415472.423.000) 07/14 06:34:33 Image size of job updated: 1616784
	1023  -  MemoryUsage of job (MB)
	1047244  -  ResidentSetSize of job (KB)
...
006 (5415472.423.000) 07/14 06:59:36 Image size of job updated: 1616784
	1023  -  MemoryUsage of job (MB)
	1047256  -  ResidentSetSize of job (KB)
...
006 (5415472.423.000) 07/14 07:19:39 Image size of job updated: 1616784
	1023  -  MemoryUsage of job (MB)
	1047268  -  ResidentSetSize of job (KB)
...
006 (5415472.423.000) 07/14 07:44:40 Image size of job updated: 1616784
	1023  -  MemoryUsage of job (MB)
	1047280  -  ResidentSetSize of job (KB)
...
006 (5415472.423.000) 07/14 08:04:42 Image size of job updated: 1616784
	1023  -  MemoryUsage of job (MB)
	1047292  -  ResidentSetSize of job (KB)
...
006 (5415472.423.000) 07/14 08:24:45 Image size of job updated: 1616784
	1023  -  MemoryUsage of job (MB)
	1047304  -  ResidentSetSize of job (KB)
...
006 (5415472.423.000) 07/14 08:44:47 Image size of job updated: 1616784
	1023  -  MemoryUsage of job (MB)
	1047316  -  ResidentSetSize of job (KB)
...
006 (5415472.423.000) 07/14 09:09:51 Image size of job updated: 1616784
	1023  -  MemoryUsage of job (MB)
	1047328  -  ResidentSetSize of job (KB)
...
006 (5415472.423.000) 07/14 09:29:51 Image size of job updated: 1616784
	1023  -  MemoryUsage of job (MB)
	1047340  -  ResidentSetSize of job (KB)
...
006 (5415472.423.000) 07/14 09:49:54 Image size of job updated: 1616784
	1023  -  MemoryUsage of job (MB)
	1047352  -  ResidentSetSize of job (KB)
...
007 (5415472.423.000) 07/14 21:13:10 Shadow exception!
	Assertion ERROR on (result)
	0  -  Run Bytes Sent By Job
	803  -  Run Bytes Received By Job
...
