000 (5415472.326.000) 07/11 14:02:29 Job submitted from host: <137.138.156.150:9618?addrs=137.138.156.150-9618+[2001-1458-d00-14--9a]-9618&alias=bigbird13.cern.ch&noUDP&sock=schedd_1788_ff6c>
...
040 (5415472.326.000) 07/11 15:03:22 Started transferring input files
	Transferring to host: <128.142.56.98:9618?addrs=128.142.56.98-9618+[2001-1458-301-6--100-61]-9618&alias=b7s01p3999.cern.ch&noUDP&sock=slot1_3_45495_17d3_6554>
...
040 (5415472.326.000) 07/11 15:03:22 Finished transferring input files
...
001 (5415472.326.000) 07/11 15:03:23 Job executing on host: <128.142.56.98:9618?addrs=128.142.56.98-9618+[2001-1458-301-6--100-61]-9618&alias=b7s01p3999.cern.ch&noUDP&sock=startd_42375_4dca>
...
006 (5415472.326.000) 07/11 15:03:32 Image size of job updated: 122712
	61  -  MemoryUsage of job (MB)
	61728  -  ResidentSetSize of job (KB)
...
006 (5415472.326.000) 07/11 15:08:32 Image size of job updated: 1590972
	1004  -  MemoryUsage of job (MB)
	1027404  -  ResidentSetSize of job (KB)
...
006 (5415472.326.000) 07/11 15:13:33 Image size of job updated: 1590972
	1004  -  MemoryUsage of job (MB)
	1027408  -  ResidentSetSize of job (KB)
...
006 (5415472.326.000) 07/12 23:51:41 Image size of job updated: 1591952
	1004  -  MemoryUsage of job (MB)
	1027408  -  ResidentSetSize of job (KB)
...
006 (5415472.326.000) 07/13 00:31:45 Image size of job updated: 1592856
	1004  -  MemoryUsage of job (MB)
	1027880  -  ResidentSetSize of job (KB)
...
006 (5415472.326.000) 07/13 01:11:50 Image size of job updated: 1593764
	1005  -  MemoryUsage of job (MB)
	1028788  -  ResidentSetSize of job (KB)
...
006 (5415472.326.000) 07/13 01:56:55 Image size of job updated: 1594668
	1006  -  MemoryUsage of job (MB)
	1029692  -  ResidentSetSize of job (KB)
...
006 (5415472.326.000) 07/13 02:36:58 Image size of job updated: 1595576
	1007  -  MemoryUsage of job (MB)
	1030600  -  ResidentSetSize of job (KB)
...
006 (5415472.326.000) 07/13 03:12:02 Image size of job updated: 1596480
	1008  -  MemoryUsage of job (MB)
	1031504  -  ResidentSetSize of job (KB)
...
006 (5415472.326.000) 07/13 03:52:06 Image size of job updated: 1597384
	1009  -  MemoryUsage of job (MB)
	1032408  -  ResidentSetSize of job (KB)
...
006 (5415472.326.000) 07/13 04:32:09 Image size of job updated: 1598292
	1010  -  MemoryUsage of job (MB)
	1033316  -  ResidentSetSize of job (KB)
...
006 (5415472.326.000) 07/13 05:07:11 Image size of job updated: 1599196
	1010  -  MemoryUsage of job (MB)
	1034220  -  ResidentSetSize of job (KB)
...
006 (5415472.326.000) 07/13 05:42:15 Image size of job updated: 1600104
	1011  -  MemoryUsage of job (MB)
	1035128  -  ResidentSetSize of job (KB)
...
006 (5415472.326.000) 07/13 06:12:18 Image size of job updated: 1601008
	1012  -  MemoryUsage of job (MB)
	1036032  -  ResidentSetSize of job (KB)
...
006 (5415472.326.000) 07/13 06:47:20 Image size of job updated: 1601916
	1013  -  MemoryUsage of job (MB)
	1036940  -  ResidentSetSize of job (KB)
...
006 (5415472.326.000) 07/13 07:27:24 Image size of job updated: 1602820
	1014  -  MemoryUsage of job (MB)
	1037844  -  ResidentSetSize of job (KB)
...
006 (5415472.326.000) 07/13 08:12:31 Image size of job updated: 1603724
	1015  -  MemoryUsage of job (MB)
	1038748  -  ResidentSetSize of job (KB)
...
006 (5415472.326.000) 07/13 08:57:35 Image size of job updated: 1604632
	1016  -  MemoryUsage of job (MB)
	1039656  -  ResidentSetSize of job (KB)
...
006 (5415472.326.000) 07/13 09:42:39 Image size of job updated: 1605536
	1017  -  MemoryUsage of job (MB)
	1040560  -  ResidentSetSize of job (KB)
...
006 (5415472.326.000) 07/13 10:22:45 Image size of job updated: 1606444
	1018  -  MemoryUsage of job (MB)
	1041468  -  ResidentSetSize of job (KB)
...
006 (5415472.326.000) 07/13 11:08:29 Image size of job updated: 1607348
	1018  -  MemoryUsage of job (MB)
	1042372  -  ResidentSetSize of job (KB)
...
006 (5415472.326.000) 07/13 11:48:51 Image size of job updated: 1608252
	1019  -  MemoryUsage of job (MB)
	1043276  -  ResidentSetSize of job (KB)
...
006 (5415472.326.000) 07/13 12:28:55 Image size of job updated: 1609160
	1020  -  MemoryUsage of job (MB)
	1044184  -  ResidentSetSize of job (KB)
...
006 (5415472.326.000) 07/13 13:08:58 Image size of job updated: 1610064
	1021  -  MemoryUsage of job (MB)
	1045084  -  ResidentSetSize of job (KB)
...
006 (5415472.326.000) 07/13 13:28:59 Image size of job updated: 1613136
	1022  -  MemoryUsage of job (MB)
	1046456  -  ResidentSetSize of job (KB)
...
006 (5415472.326.000) 07/13 13:38:59 Image size of job updated: 1613136
	1022  -  MemoryUsage of job (MB)
	1046464  -  ResidentSetSize of job (KB)
...
006 (5415472.326.000) 07/13 13:59:00 Image size of job updated: 1613136
	1022  -  MemoryUsage of job (MB)
	1046476  -  ResidentSetSize of job (KB)
...
006 (5415472.326.000) 07/13 14:19:03 Image size of job updated: 1613136
	1022  -  MemoryUsage of job (MB)
	1046488  -  ResidentSetSize of job (KB)
...
006 (5415472.326.000) 07/13 14:29:04 Image size of job updated: 1614044
	1023  -  MemoryUsage of job (MB)
	1047396  -  ResidentSetSize of job (KB)
...
006 (5415472.326.000) 07/13 14:39:04 Image size of job updated: 1614044
	1023  -  MemoryUsage of job (MB)
	1047408  -  ResidentSetSize of job (KB)
...
006 (5415472.326.000) 07/13 14:59:06 Image size of job updated: 1614044
	1023  -  MemoryUsage of job (MB)
	1047420  -  ResidentSetSize of job (KB)
...
006 (5415472.326.000) 07/13 15:04:07 Image size of job updated: 1614948
	1024  -  MemoryUsage of job (MB)
	1048324  -  ResidentSetSize of job (KB)
...
006 (5415472.326.000) 07/13 15:19:09 Image size of job updated: 1614948
	1024  -  MemoryUsage of job (MB)
	1048328  -  ResidentSetSize of job (KB)
...
006 (5415472.326.000) 07/13 15:39:12 Image size of job updated: 1614948
	1024  -  MemoryUsage of job (MB)
	1048340  -  ResidentSetSize of job (KB)
...
006 (5415472.326.000) 07/13 15:44:12 Image size of job updated: 1615852
	1025  -  MemoryUsage of job (MB)
	1049244  -  ResidentSetSize of job (KB)
...
006 (5415472.326.000) 07/13 16:29:18 Image size of job updated: 1616760
	1026  -  MemoryUsage of job (MB)
	1050092  -  ResidentSetSize of job (KB)
...
006 (5415472.326.000) 07/13 16:44:20 Image size of job updated: 1616760
	1026  -  MemoryUsage of job (MB)
	1050104  -  ResidentSetSize of job (KB)
...
006 (5415472.326.000) 07/13 17:04:21 Image size of job updated: 1616760
	1026  -  MemoryUsage of job (MB)
	1050108  -  ResidentSetSize of job (KB)
...
006 (5415472.326.000) 07/13 17:09:21 Image size of job updated: 1617664
	1027  -  MemoryUsage of job (MB)
	1051020  -  ResidentSetSize of job (KB)
...
006 (5415472.326.000) 07/13 17:31:56 Image size of job updated: 1617664
	1027  -  MemoryUsage of job (MB)
	1051032  -  ResidentSetSize of job (KB)
...
006 (5415472.326.000) 07/13 17:50:36 Image size of job updated: 1618572
	1028  -  MemoryUsage of job (MB)
	1051952  -  ResidentSetSize of job (KB)
...
006 (5415472.326.000) 07/13 18:10:37 Image size of job updated: 1618572
	1028  -  MemoryUsage of job (MB)
	1051964  -  ResidentSetSize of job (KB)
...
006 (5415472.326.000) 07/13 18:25:37 Image size of job updated: 1618572
	1032  -  MemoryUsage of job (MB)
	1056492  -  ResidentSetSize of job (KB)
...
006 (5415472.326.000) 07/13 18:30:38 Image size of job updated: 1623100
	1032  -  MemoryUsage of job (MB)
	1056504  -  ResidentSetSize of job (KB)
...
006 (5415472.326.000) 07/13 18:50:40 Image size of job updated: 1623100
	1032  -  MemoryUsage of job (MB)
	1056516  -  ResidentSetSize of job (KB)
...
006 (5415472.326.000) 07/13 19:15:45 Image size of job updated: 1623100
	1032  -  MemoryUsage of job (MB)
	1056528  -  ResidentSetSize of job (KB)
...
006 (5415472.326.000) 07/13 19:35:49 Image size of job updated: 1623100
	1032  -  MemoryUsage of job (MB)
	1056540  -  ResidentSetSize of job (KB)
...
006 (5415472.326.000) 07/13 20:20:52 Image size of job updated: 1623100
	1032  -  MemoryUsage of job (MB)
	1056544  -  ResidentSetSize of job (KB)
...
006 (5415472.326.000) 07/13 21:05:57 Image size of job updated: 1623100
	1032  -  MemoryUsage of job (MB)
	1056548  -  ResidentSetSize of job (KB)
...
006 (5415472.326.000) 07/13 21:25:59 Image size of job updated: 1623100
	1032  -  MemoryUsage of job (MB)
	1056560  -  ResidentSetSize of job (KB)
...
006 (5415472.326.000) 07/13 21:51:01 Image size of job updated: 1623100
	1032  -  MemoryUsage of job (MB)
	1056572  -  ResidentSetSize of job (KB)
...
006 (5415472.326.000) 07/13 22:11:05 Image size of job updated: 1623100
	1032  -  MemoryUsage of job (MB)
	1056580  -  ResidentSetSize of job (KB)
...
006 (5415472.326.000) 07/13 22:31:07 Image size of job updated: 1623100
	1032  -  MemoryUsage of job (MB)
	1056592  -  ResidentSetSize of job (KB)
...
006 (5415472.326.000) 07/13 22:51:10 Image size of job updated: 1623100
	1032  -  MemoryUsage of job (MB)
	1056604  -  ResidentSetSize of job (KB)
...
006 (5415472.326.000) 07/13 23:11:12 Image size of job updated: 1623100
	1032  -  MemoryUsage of job (MB)
	1056616  -  ResidentSetSize of job (KB)
...
006 (5415472.326.000) 07/13 23:36:15 Image size of job updated: 1623100
	1032  -  MemoryUsage of job (MB)
	1056624  -  ResidentSetSize of job (KB)
...
006 (5415472.326.000) 07/14 13:27:47 Image size of job updated: 1623100
	1032  -  MemoryUsage of job (MB)
	1056632  -  ResidentSetSize of job (KB)
...
006 (5415472.326.000) 07/14 13:52:50 Image size of job updated: 1623100
	1032  -  MemoryUsage of job (MB)
	1056644  -  ResidentSetSize of job (KB)
...
006 (5415472.326.000) 07/14 14:12:52 Image size of job updated: 1623100
	1032  -  MemoryUsage of job (MB)
	1056656  -  ResidentSetSize of job (KB)
...
006 (5415472.326.000) 07/14 14:32:54 Image size of job updated: 1623100
	1032  -  MemoryUsage of job (MB)
	1056668  -  ResidentSetSize of job (KB)
...
006 (5415472.326.000) 07/14 14:57:56 Image size of job updated: 1623100
	1032  -  MemoryUsage of job (MB)
	1056680  -  ResidentSetSize of job (KB)
...
006 (5415472.326.000) 07/14 15:17:58 Image size of job updated: 1623100
	1032  -  MemoryUsage of job (MB)
	1056692  -  ResidentSetSize of job (KB)
...
006 (5415472.326.000) 07/14 15:38:00 Image size of job updated: 1623100
	1032  -  MemoryUsage of job (MB)
	1056704  -  ResidentSetSize of job (KB)
...
006 (5415472.326.000) 07/14 15:58:02 Image size of job updated: 1623100
	1032  -  MemoryUsage of job (MB)
	1056716  -  ResidentSetSize of job (KB)
...
006 (5415472.326.000) 07/14 16:23:04 Image size of job updated: 1623100
	1032  -  MemoryUsage of job (MB)
	1056728  -  ResidentSetSize of job (KB)
...
006 (5415472.326.000) 07/14 16:43:04 Image size of job updated: 1623100
	1032  -  MemoryUsage of job (MB)
	1056740  -  ResidentSetSize of job (KB)
...
006 (5415472.326.000) 07/14 17:08:05 Image size of job updated: 1623100
	1032  -  MemoryUsage of job (MB)
	1056752  -  ResidentSetSize of job (KB)
...
006 (5415472.326.000) 07/14 17:28:05 Image size of job updated: 1623100
	1032  -  MemoryUsage of job (MB)
	1056764  -  ResidentSetSize of job (KB)
...
006 (5415472.326.000) 07/14 17:53:06 Image size of job updated: 1623100
	1033  -  MemoryUsage of job (MB)
	1056776  -  ResidentSetSize of job (KB)
...
006 (5415472.326.000) 07/14 18:13:08 Image size of job updated: 1623100
	1033  -  MemoryUsage of job (MB)
	1056788  -  ResidentSetSize of job (KB)
...
006 (5415472.326.000) 07/14 18:38:11 Image size of job updated: 1623100
	1033  -  MemoryUsage of job (MB)
	1056800  -  ResidentSetSize of job (KB)
...
006 (5415472.326.000) 07/14 18:58:15 Image size of job updated: 1623100
	1033  -  MemoryUsage of job (MB)
	1056812  -  ResidentSetSize of job (KB)
...
006 (5415472.326.000) 07/14 19:23:18 Image size of job updated: 1623100
	1033  -  MemoryUsage of job (MB)
	1056824  -  ResidentSetSize of job (KB)
...
006 (5415472.326.000) 07/14 19:43:19 Image size of job updated: 1623100
	1033  -  MemoryUsage of job (MB)
	1056836  -  ResidentSetSize of job (KB)
...
006 (5415472.326.000) 07/14 20:03:23 Image size of job updated: 1623100
	1033  -  MemoryUsage of job (MB)
	1056848  -  ResidentSetSize of job (KB)
...
006 (5415472.326.000) 07/14 20:28:26 Image size of job updated: 1623100
	1033  -  MemoryUsage of job (MB)
	1056860  -  ResidentSetSize of job (KB)
...
006 (5415472.326.000) 07/14 20:48:27 Image size of job updated: 1623100
	1033  -  MemoryUsage of job (MB)
	1056872  -  ResidentSetSize of job (KB)
...
007 (5415472.326.000) 07/14 21:09:09 Shadow exception!
	Assertion ERROR on (result)
	0  -  Run Bytes Sent By Job
	803  -  Run Bytes Received By Job
...
040 (5415472.326.000) 07/14 21:26:40 Started transferring input files
	Transferring to host: <128.142.57.34:9618?addrs=128.142.57.34-9618+[2001-1458-301-7--100-21]-9618&alias=b7s02p9579.cern.ch&noUDP&sock=slot1_5_6722_01ca_8216>
...
040 (5415472.326.000) 07/14 21:27:06 Finished transferring input files
...
001 (5415472.326.000) 07/14 21:27:50 Job executing on host: <128.142.57.34:9618?addrs=128.142.57.34-9618+[2001-1458-301-7--100-21]-9618&alias=b7s02p9579.cern.ch&noUDP&sock=startd_6267_381e>
...
040 (5415472.326.000) 07/18 13:37:49 Started transferring output files
...
040 (5415472.326.000) 07/18 13:37:49 Finished transferring output files
...
004 (5415472.326.000) 07/18 13:37:49 Job was evicted.
	(0) CPU times
		Usr 11 08:49:33, Sys 0 00:14:49  -  Run Remote Usage
		Usr 0 00:00:00, Sys 0 00:00:00  -  Run Local Usage
	96431  -  Run Bytes Sent By Job
	803  -  Run Bytes Received By Job
	Partitionable Resources :    Usage  Request Allocated 
	   Cpus                 :     3.10        4         4 
	   Disk (KB)            :   122    10485760  11396212 
	   Memory (MB)          :  1221        8000      8000 
...
