000 (5415472.302.000) 07/11 14:02:29 Job submitted from host: <137.138.156.150:9618?addrs=137.138.156.150-9618+[2001-1458-d00-14--9a]-9618&alias=bigbird13.cern.ch&noUDP&sock=schedd_1788_ff6c>
...
040 (5415472.302.000) 07/11 14:48:24 Started transferring input files
	Transferring to host: <128.142.58.97:9618?addrs=128.142.58.97-9618+[2001-1458-301-16--100-60]-9618&alias=b7s03p4961.cern.ch&noUDP&sock=slot1_17_6818_a5ce_2649>
...
040 (5415472.302.000) 07/11 14:48:24 Finished transferring input files
...
001 (5415472.302.000) 07/11 14:48:25 Job executing on host: <128.142.58.97:9618?addrs=128.142.58.97-9618+[2001-1458-301-16--100-60]-9618&alias=b7s03p4961.cern.ch&noUDP&sock=startd_6355_9473>
...
006 (5415472.302.000) 07/11 14:48:34 Image size of job updated: 119388
	58  -  MemoryUsage of job (MB)
	58404  -  ResidentSetSize of job (KB)
...
006 (5415472.302.000) 07/11 14:53:35 Image size of job updated: 1590964
	1004  -  MemoryUsage of job (MB)
	1027400  -  ResidentSetSize of job (KB)
...
006 (5415472.302.000) 07/13 02:07:20 Image size of job updated: 1591944
	1005  -  MemoryUsage of job (MB)
	1028304  -  ResidentSetSize of job (KB)
...
006 (5415472.302.000) 07/13 02:52:25 Image size of job updated: 1592852
	1006  -  MemoryUsage of job (MB)
	1029212  -  ResidentSetSize of job (KB)
...
006 (5415472.302.000) 07/13 03:32:30 Image size of job updated: 1593756
	1006  -  MemoryUsage of job (MB)
	1030116  -  ResidentSetSize of job (KB)
...
006 (5415472.302.000) 07/13 04:17:35 Image size of job updated: 1594660
	1007  -  MemoryUsage of job (MB)
	1031020  -  ResidentSetSize of job (KB)
...
006 (5415472.302.000) 07/13 05:07:40 Image size of job updated: 1595568
	1008  -  MemoryUsage of job (MB)
	1031928  -  ResidentSetSize of job (KB)
...
006 (5415472.302.000) 07/13 05:47:43 Image size of job updated: 1596472
	1009  -  MemoryUsage of job (MB)
	1032832  -  ResidentSetSize of job (KB)
...
006 (5415472.302.000) 07/13 06:27:46 Image size of job updated: 1597380
	1010  -  MemoryUsage of job (MB)
	1033740  -  ResidentSetSize of job (KB)
...
006 (5415472.302.000) 07/13 07:12:50 Image size of job updated: 1598284
	1011  -  MemoryUsage of job (MB)
	1034644  -  ResidentSetSize of job (KB)
...
006 (5415472.302.000) 07/13 07:57:55 Image size of job updated: 1599188
	1012  -  MemoryUsage of job (MB)
	1035548  -  ResidentSetSize of job (KB)
...
006 (5415472.302.000) 07/13 08:42:59 Image size of job updated: 1600096
	1013  -  MemoryUsage of job (MB)
	1036456  -  ResidentSetSize of job (KB)
...
006 (5415472.302.000) 07/13 09:28:03 Image size of job updated: 1601000
	1014  -  MemoryUsage of job (MB)
	1037360  -  ResidentSetSize of job (KB)
...
006 (5415472.302.000) 07/13 10:13:09 Image size of job updated: 1601908
	1014  -  MemoryUsage of job (MB)
	1038268  -  ResidentSetSize of job (KB)
...
006 (5415472.302.000) 07/13 10:53:28 Image size of job updated: 1602812
	1015  -  MemoryUsage of job (MB)
	1039172  -  ResidentSetSize of job (KB)
...
006 (5415472.302.000) 07/13 11:43:08 Image size of job updated: 1603716
	1016  -  MemoryUsage of job (MB)
	1040076  -  ResidentSetSize of job (KB)
...
006 (5415472.302.000) 07/13 12:21:59 Image size of job updated: 1603716
	1017  -  MemoryUsage of job (MB)
	1040984  -  ResidentSetSize of job (KB)
...
006 (5415472.302.000) 07/13 12:27:00 Image size of job updated: 1604624
	1017  -  MemoryUsage of job (MB)
	1040984  -  ResidentSetSize of job (KB)
...
006 (5415472.302.000) 07/13 13:07:05 Image size of job updated: 1605528
	1018  -  MemoryUsage of job (MB)
	1041888  -  ResidentSetSize of job (KB)
...
006 (5415472.302.000) 07/13 13:52:10 Image size of job updated: 1606436
	1019  -  MemoryUsage of job (MB)
	1042796  -  ResidentSetSize of job (KB)
...
006 (5415472.302.000) 07/13 14:37:12 Image size of job updated: 1607340
	1020  -  MemoryUsage of job (MB)
	1043700  -  ResidentSetSize of job (KB)
...
006 (5415472.302.000) 07/13 15:17:16 Image size of job updated: 1608248
	1021  -  MemoryUsage of job (MB)
	1044608  -  ResidentSetSize of job (KB)
...
006 (5415472.302.000) 07/13 16:02:19 Image size of job updated: 1609152
	1022  -  MemoryUsage of job (MB)
	1045512  -  ResidentSetSize of job (KB)
...
006 (5415472.302.000) 07/13 16:42:24 Image size of job updated: 1610056
	1022  -  MemoryUsage of job (MB)
	1046416  -  ResidentSetSize of job (KB)
...
006 (5415472.302.000) 07/13 17:02:27 Image size of job updated: 1613128
	1024  -  MemoryUsage of job (MB)
	1047964  -  ResidentSetSize of job (KB)
...
006 (5415472.302.000) 07/13 17:07:28 Image size of job updated: 1613128
	1024  -  MemoryUsage of job (MB)
	1047976  -  ResidentSetSize of job (KB)
...
006 (5415472.302.000) 07/13 17:27:30 Image size of job updated: 1613128
	1024  -  MemoryUsage of job (MB)
	1047988  -  ResidentSetSize of job (KB)
...
006 (5415472.302.000) 07/13 17:52:50 Image size of job updated: 1613128
	1024  -  MemoryUsage of job (MB)
	1048000  -  ResidentSetSize of job (KB)
...
006 (5415472.302.000) 07/13 18:07:52 Image size of job updated: 1614036
	1025  -  MemoryUsage of job (MB)
	1048908  -  ResidentSetSize of job (KB)
...
006 (5415472.302.000) 07/13 18:12:53 Image size of job updated: 1614036
	1025  -  MemoryUsage of job (MB)
	1048920  -  ResidentSetSize of job (KB)
...
006 (5415472.302.000) 07/13 18:32:55 Image size of job updated: 1614036
	1025  -  MemoryUsage of job (MB)
	1048932  -  ResidentSetSize of job (KB)
...
006 (5415472.302.000) 07/13 18:47:56 Image size of job updated: 1614940
	1026  -  MemoryUsage of job (MB)
	1049836  -  ResidentSetSize of job (KB)
...
006 (5415472.302.000) 07/13 18:57:57 Image size of job updated: 1614940
	1026  -  MemoryUsage of job (MB)
	1049848  -  ResidentSetSize of job (KB)
...
006 (5415472.302.000) 07/13 19:22:58 Image size of job updated: 1614940
	1026  -  MemoryUsage of job (MB)
	1049860  -  ResidentSetSize of job (KB)
...
006 (5415472.302.000) 07/13 19:38:00 Image size of job updated: 1615848
	1027  -  MemoryUsage of job (MB)
	1050768  -  ResidentSetSize of job (KB)
...
006 (5415472.302.000) 07/13 19:48:02 Image size of job updated: 1615848
	1027  -  MemoryUsage of job (MB)
	1050780  -  ResidentSetSize of job (KB)
...
006 (5415472.302.000) 07/13 20:13:04 Image size of job updated: 1615848
	1027  -  MemoryUsage of job (MB)
	1050792  -  ResidentSetSize of job (KB)
...
006 (5415472.302.000) 07/13 20:23:05 Image size of job updated: 1616752
	1028  -  MemoryUsage of job (MB)
	1051696  -  ResidentSetSize of job (KB)
...
006 (5415472.302.000) 07/13 20:38:06 Image size of job updated: 1616752
	1028  -  MemoryUsage of job (MB)
	1051708  -  ResidentSetSize of job (KB)
...
006 (5415472.302.000) 07/13 21:03:09 Image size of job updated: 1616752
	1028  -  MemoryUsage of job (MB)
	1051720  -  ResidentSetSize of job (KB)
...
006 (5415472.302.000) 07/13 21:08:10 Image size of job updated: 1617656
	1028  -  MemoryUsage of job (MB)
	1052624  -  ResidentSetSize of job (KB)
...
006 (5415472.302.000) 07/13 21:28:12 Image size of job updated: 1617656
	1028  -  MemoryUsage of job (MB)
	1052636  -  ResidentSetSize of job (KB)
...
006 (5415472.302.000) 07/13 21:53:14 Image size of job updated: 1617656
	1028  -  MemoryUsage of job (MB)
	1052648  -  ResidentSetSize of job (KB)
...
006 (5415472.302.000) 07/13 21:58:14 Image size of job updated: 1618564
	1029  -  MemoryUsage of job (MB)
	1053556  -  ResidentSetSize of job (KB)
...
006 (5415472.302.000) 07/13 22:23:17 Image size of job updated: 1618564
	1029  -  MemoryUsage of job (MB)
	1053568  -  ResidentSetSize of job (KB)
...
006 (5415472.302.000) 07/13 22:38:19 Image size of job updated: 1618564
	1029  -  MemoryUsage of job (MB)
	1053572  -  ResidentSetSize of job (KB)
...
006 (5415472.302.000) 07/13 22:48:21 Image size of job updated: 1618564
	1030  -  MemoryUsage of job (MB)
	1054484  -  ResidentSetSize of job (KB)
...
006 (5415472.302.000) 07/13 22:53:22 Image size of job updated: 1619468
	1030  -  MemoryUsage of job (MB)
	1054484  -  ResidentSetSize of job (KB)
...
006 (5415472.302.000) 07/13 23:13:24 Image size of job updated: 1619468
	1030  -  MemoryUsage of job (MB)
	1054496  -  ResidentSetSize of job (KB)
...
006 (5415472.302.000) 07/13 23:38:26 Image size of job updated: 1620376
	1031  -  MemoryUsage of job (MB)
	1055404  -  ResidentSetSize of job (KB)
...
006 (5415472.302.000) 07/13 23:43:26 Image size of job updated: 1620376
	1031  -  MemoryUsage of job (MB)
	1055416  -  ResidentSetSize of job (KB)
...
006 (5415472.302.000) 07/14 00:08:29 Image size of job updated: 1620376
	1031  -  MemoryUsage of job (MB)
	1055428  -  ResidentSetSize of job (KB)
...
006 (5415472.302.000) 07/14 00:33:29 Image size of job updated: 1621280
	1032  -  MemoryUsage of job (MB)
	1056332  -  ResidentSetSize of job (KB)
...
006 (5415472.302.000) 07/14 00:38:30 Image size of job updated: 1621280
	1032  -  MemoryUsage of job (MB)
	1056344  -  ResidentSetSize of job (KB)
...
006 (5415472.302.000) 07/14 01:03:32 Image size of job updated: 1621280
	1032  -  MemoryUsage of job (MB)
	1056356  -  ResidentSetSize of job (KB)
...
006 (5415472.302.000) 07/14 01:23:33 Image size of job updated: 1622184
	1033  -  MemoryUsage of job (MB)
	1057260  -  ResidentSetSize of job (KB)
...
006 (5415472.302.000) 07/14 01:33:35 Image size of job updated: 1622184
	1033  -  MemoryUsage of job (MB)
	1057272  -  ResidentSetSize of job (KB)
...
006 (5415472.302.000) 07/14 01:58:38 Image size of job updated: 1622184
	1033  -  MemoryUsage of job (MB)
	1057284  -  ResidentSetSize of job (KB)
...
006 (5415472.302.000) 07/14 02:08:40 Image size of job updated: 1623092
	1034  -  MemoryUsage of job (MB)
	1058192  -  ResidentSetSize of job (KB)
...
006 (5415472.302.000) 07/14 02:18:41 Image size of job updated: 1623092
	1034  -  MemoryUsage of job (MB)
	1058204  -  ResidentSetSize of job (KB)
...
006 (5415472.302.000) 07/14 02:43:41 Image size of job updated: 1623092
	1034  -  MemoryUsage of job (MB)
	1058216  -  ResidentSetSize of job (KB)
...
006 (5415472.302.000) 07/14 02:53:42 Image size of job updated: 1623996
	1035  -  MemoryUsage of job (MB)
	1059120  -  ResidentSetSize of job (KB)
...
006 (5415472.302.000) 07/14 03:03:44 Image size of job updated: 1623996
	1035  -  MemoryUsage of job (MB)
	1059132  -  ResidentSetSize of job (KB)
...
006 (5415472.302.000) 07/14 03:28:48 Image size of job updated: 1623996
	1035  -  MemoryUsage of job (MB)
	1059144  -  ResidentSetSize of job (KB)
...
006 (5415472.302.000) 07/14 03:38:48 Image size of job updated: 1624904
	1036  -  MemoryUsage of job (MB)
	1060052  -  ResidentSetSize of job (KB)
...
006 (5415472.302.000) 07/14 03:53:50 Image size of job updated: 1624904
	1036  -  MemoryUsage of job (MB)
	1060064  -  ResidentSetSize of job (KB)
...
006 (5415472.302.000) 07/14 04:18:52 Image size of job updated: 1624904
	1036  -  MemoryUsage of job (MB)
	1060076  -  ResidentSetSize of job (KB)
...
006 (5415472.302.000) 07/14 04:23:52 Image size of job updated: 1625808
	1037  -  MemoryUsage of job (MB)
	1060980  -  ResidentSetSize of job (KB)
...
006 (5415472.302.000) 07/14 04:38:54 Image size of job updated: 1625808
	1037  -  MemoryUsage of job (MB)
	1060992  -  ResidentSetSize of job (KB)
...
006 (5415472.302.000) 07/14 05:03:56 Image size of job updated: 1625808
	1037  -  MemoryUsage of job (MB)
	1061004  -  ResidentSetSize of job (KB)
...
006 (5415472.302.000) 07/14 05:08:56 Image size of job updated: 1626716
	1038  -  MemoryUsage of job (MB)
	1061912  -  ResidentSetSize of job (KB)
...
006 (5415472.302.000) 07/14 05:28:58 Image size of job updated: 1626716
	1038  -  MemoryUsage of job (MB)
	1061924  -  ResidentSetSize of job (KB)
...
006 (5415472.302.000) 07/14 05:54:01 Image size of job updated: 1627620
	1038  -  MemoryUsage of job (MB)
	1062840  -  ResidentSetSize of job (KB)
...
006 (5415472.302.000) 07/14 06:19:03 Image size of job updated: 1627620
	1038  -  MemoryUsage of job (MB)
	1062852  -  ResidentSetSize of job (KB)
...
006 (5415472.302.000) 07/14 06:39:07 Image size of job updated: 1628524
	1039  -  MemoryUsage of job (MB)
	1063756  -  ResidentSetSize of job (KB)
...
006 (5415472.302.000) 07/14 06:44:08 Image size of job updated: 1628524
	1039  -  MemoryUsage of job (MB)
	1063768  -  ResidentSetSize of job (KB)
...
006 (5415472.302.000) 07/14 07:04:08 Image size of job updated: 1628524
	1039  -  MemoryUsage of job (MB)
	1063780  -  ResidentSetSize of job (KB)
...
006 (5415472.302.000) 07/14 07:19:10 Image size of job updated: 1629432
	1040  -  MemoryUsage of job (MB)
	1064688  -  ResidentSetSize of job (KB)
...
006 (5415472.302.000) 07/14 07:24:10 Image size of job updated: 1629432
	1040  -  MemoryUsage of job (MB)
	1064700  -  ResidentSetSize of job (KB)
...
006 (5415472.302.000) 07/14 07:49:12 Image size of job updated: 1629432
	1040  -  MemoryUsage of job (MB)
	1064712  -  ResidentSetSize of job (KB)
...
006 (5415472.302.000) 07/14 07:59:13 Image size of job updated: 1630336
	1041  -  MemoryUsage of job (MB)
	1065616  -  ResidentSetSize of job (KB)
...
006 (5415472.302.000) 07/14 08:09:15 Image size of job updated: 1630336
	1041  -  MemoryUsage of job (MB)
	1065628  -  ResidentSetSize of job (KB)
...
006 (5415472.302.000) 07/14 08:29:17 Image size of job updated: 1630336
	1041  -  MemoryUsage of job (MB)
	1065640  -  ResidentSetSize of job (KB)
...
006 (5415472.302.000) 07/14 08:39:18 Image size of job updated: 1631244
	1042  -  MemoryUsage of job (MB)
	1066548  -  ResidentSetSize of job (KB)
...
006 (5415472.302.000) 07/14 08:49:20 Image size of job updated: 1631244
	1042  -  MemoryUsage of job (MB)
	1066560  -  ResidentSetSize of job (KB)
...
006 (5415472.302.000) 07/14 09:09:21 Image size of job updated: 1631244
	1042  -  MemoryUsage of job (MB)
	1066572  -  ResidentSetSize of job (KB)
...
006 (5415472.302.000) 07/14 09:14:21 Image size of job updated: 1632148
	1043  -  MemoryUsage of job (MB)
	1067476  -  ResidentSetSize of job (KB)
...
006 (5415472.302.000) 07/14 09:24:21 Image size of job updated: 1632148
	1043  -  MemoryUsage of job (MB)
	1067488  -  ResidentSetSize of job (KB)
...
006 (5415472.302.000) 07/14 09:44:25 Image size of job updated: 1632148
	1043  -  MemoryUsage of job (MB)
	1067500  -  ResidentSetSize of job (KB)
...
006 (5415472.302.000) 07/14 09:49:25 Image size of job updated: 1636676
	1047  -  MemoryUsage of job (MB)
	1072028  -  ResidentSetSize of job (KB)
...
006 (5415472.302.000) 07/14 10:04:26 Image size of job updated: 1636676
	1047  -  MemoryUsage of job (MB)
	1072040  -  ResidentSetSize of job (KB)
...
006 (5415472.302.000) 07/14 10:24:29 Image size of job updated: 1636676
	1047  -  MemoryUsage of job (MB)
	1072052  -  ResidentSetSize of job (KB)
...
006 (5415472.302.000) 07/14 10:49:31 Image size of job updated: 1636676
	1047  -  MemoryUsage of job (MB)
	1072064  -  ResidentSetSize of job (KB)
...
006 (5415472.302.000) 07/14 11:09:32 Image size of job updated: 1636676
	1047  -  MemoryUsage of job (MB)
	1072076  -  ResidentSetSize of job (KB)
...
006 (5415472.302.000) 07/14 11:29:35 Image size of job updated: 1636676
	1047  -  MemoryUsage of job (MB)
	1072088  -  ResidentSetSize of job (KB)
...
006 (5415472.302.000) 07/14 11:49:36 Image size of job updated: 1636676
	1047  -  MemoryUsage of job (MB)
	1072100  -  ResidentSetSize of job (KB)
...
006 (5415472.302.000) 07/14 12:09:37 Image size of job updated: 1636676
	1047  -  MemoryUsage of job (MB)
	1072112  -  ResidentSetSize of job (KB)
...
006 (5415472.302.000) 07/14 12:29:39 Image size of job updated: 1636676
	1047  -  MemoryUsage of job (MB)
	1072124  -  ResidentSetSize of job (KB)
...
006 (5415472.302.000) 07/14 12:44:41 Image size of job updated: 1636676
	1048  -  MemoryUsage of job (MB)
	1072136  -  ResidentSetSize of job (KB)
...
006 (5415472.302.000) 07/14 13:04:44 Image size of job updated: 1636676
	1048  -  MemoryUsage of job (MB)
	1072148  -  ResidentSetSize of job (KB)
...
006 (5415472.302.000) 07/14 13:24:47 Image size of job updated: 1636676
	1048  -  MemoryUsage of job (MB)
	1072160  -  ResidentSetSize of job (KB)
...
006 (5415472.302.000) 07/14 13:49:48 Image size of job updated: 1636676
	1048  -  MemoryUsage of job (MB)
	1072172  -  ResidentSetSize of job (KB)
...
006 (5415472.302.000) 07/14 14:09:49 Image size of job updated: 1636676
	1048  -  MemoryUsage of job (MB)
	1072184  -  ResidentSetSize of job (KB)
...
006 (5415472.302.000) 07/14 14:34:53 Image size of job updated: 1636676
	1048  -  MemoryUsage of job (MB)
	1072196  -  ResidentSetSize of job (KB)
...
006 (5415472.302.000) 07/14 14:54:55 Image size of job updated: 1636676
	1048  -  MemoryUsage of job (MB)
	1072208  -  ResidentSetSize of job (KB)
...
006 (5415472.302.000) 07/14 15:14:57 Image size of job updated: 1636676
	1048  -  MemoryUsage of job (MB)
	1072220  -  ResidentSetSize of job (KB)
...
006 (5415472.302.000) 07/14 15:39:59 Image size of job updated: 1636676
	1048  -  MemoryUsage of job (MB)
	1072232  -  ResidentSetSize of job (KB)
...
006 (5415472.302.000) 07/14 16:00:02 Image size of job updated: 1636676
	1048  -  MemoryUsage of job (MB)
	1072244  -  ResidentSetSize of job (KB)
...
006 (5415472.302.000) 07/14 16:25:03 Image size of job updated: 1636676
	1048  -  MemoryUsage of job (MB)
	1072256  -  ResidentSetSize of job (KB)
...
006 (5415472.302.000) 07/14 16:45:06 Image size of job updated: 1636676
	1048  -  MemoryUsage of job (MB)
	1072268  -  ResidentSetSize of job (KB)
...
006 (5415472.302.000) 07/14 17:10:08 Image size of job updated: 1636676
	1048  -  MemoryUsage of job (MB)
	1072280  -  ResidentSetSize of job (KB)
...
006 (5415472.302.000) 07/14 17:30:11 Image size of job updated: 1636676
	1048  -  MemoryUsage of job (MB)
	1072292  -  ResidentSetSize of job (KB)
...
006 (5415472.302.000) 07/14 17:55:14 Image size of job updated: 1636676
	1048  -  MemoryUsage of job (MB)
	1072304  -  ResidentSetSize of job (KB)
...
006 (5415472.302.000) 07/14 18:15:17 Image size of job updated: 1636676
	1048  -  MemoryUsage of job (MB)
	1072316  -  ResidentSetSize of job (KB)
...
006 (5415472.302.000) 07/14 18:40:19 Image size of job updated: 1636676
	1048  -  MemoryUsage of job (MB)
	1072328  -  ResidentSetSize of job (KB)
...
006 (5415472.302.000) 07/14 19:05:22 Image size of job updated: 1636676
	1048  -  MemoryUsage of job (MB)
	1072340  -  ResidentSetSize of job (KB)
...
006 (5415472.302.000) 07/14 19:30:24 Image size of job updated: 1636676
	1048  -  MemoryUsage of job (MB)
	1072352  -  ResidentSetSize of job (KB)
...
006 (5415472.302.000) 07/14 19:55:28 Image size of job updated: 1636676
	1048  -  MemoryUsage of job (MB)
	1072364  -  ResidentSetSize of job (KB)
...
006 (5415472.302.000) 07/14 20:20:31 Image size of job updated: 1636676
	1048  -  MemoryUsage of job (MB)
	1072376  -  ResidentSetSize of job (KB)
...
006 (5415472.302.000) 07/14 20:40:34 Image size of job updated: 1636676
	1048  -  MemoryUsage of job (MB)
	1072380  -  ResidentSetSize of job (KB)
...
006 (5415472.302.000) 07/14 20:45:35 Image size of job updated: 1636676
	1048  -  MemoryUsage of job (MB)
	1072388  -  ResidentSetSize of job (KB)
...
007 (5415472.302.000) 07/14 21:03:52 Shadow exception!
	Assertion ERROR on (result)
	0  -  Run Bytes Sent By Job
	803  -  Run Bytes Received By Job
...
040 (5415472.302.000) 07/14 21:26:36 Started transferring input files
	Transferring to host: <128.142.86.125:9618?addrs=128.142.86.125-9618+[2001-1458-301-f6--100-db]-9618&alias=b7s14n2962.cern.ch&noUDP&sock=slot1_3_5952_78eb_76434>
...
040 (5415472.302.000) 07/14 21:26:50 Finished transferring input files
...
001 (5415472.302.000) 07/14 21:27:36 Job executing on host: <128.142.86.125:9618?addrs=128.142.86.125-9618+[2001-1458-301-f6--100-db]-9618&alias=b7s14n2962.cern.ch&noUDP&sock=startd_4697_546d>
...
