000 (5415472.155.000) 07/11 14:02:29 Job submitted from host: <137.138.156.150:9618?addrs=137.138.156.150-9618+[2001-1458-d00-14--9a]-9618&alias=bigbird13.cern.ch&noUDP&sock=schedd_1788_ff6c>
...
040 (5415472.155.000) 07/11 14:15:19 Started transferring input files
	Transferring to host: <128.142.75.72:9618?addrs=128.142.75.72-9618+[2001-1458-301-75--100-3d4]-9618&alias=b7s11n5602.cern.ch&noUDP&sock=slot1_4_5574_231c_56206>
...
040 (5415472.155.000) 07/11 14:15:19 Finished transferring input files
...
001 (5415472.155.000) 07/11 14:15:20 Job executing on host: <128.142.75.72:9618?addrs=128.142.75.72-9618+[2001-1458-301-75--100-3d4]-9618&alias=b7s11n5602.cern.ch&noUDP&sock=startd_4409_c926>
...
006 (5415472.155.000) 07/11 14:15:29 Image size of job updated: 118236
	58  -  MemoryUsage of job (MB)
	58636  -  ResidentSetSize of job (KB)
...
006 (5415472.155.000) 07/11 14:20:30 Image size of job updated: 1590988
	1004  -  MemoryUsage of job (MB)
	1027424  -  ResidentSetSize of job (KB)
...
006 (5415472.155.000) 07/13 19:54:59 Image size of job updated: 1591968
	1005  -  MemoryUsage of job (MB)
	1028324  -  ResidentSetSize of job (KB)
...
006 (5415472.155.000) 07/13 21:00:07 Image size of job updated: 1592876
	1006  -  MemoryUsage of job (MB)
	1029232  -  ResidentSetSize of job (KB)
...
006 (5415472.155.000) 07/13 22:10:15 Image size of job updated: 1593780
	1006  -  MemoryUsage of job (MB)
	1030136  -  ResidentSetSize of job (KB)
...
006 (5415472.155.000) 07/13 23:20:24 Image size of job updated: 1594684
	1007  -  MemoryUsage of job (MB)
	1031040  -  ResidentSetSize of job (KB)
...
006 (5415472.155.000) 07/14 00:30:33 Image size of job updated: 1595592
	1008  -  MemoryUsage of job (MB)
	1031948  -  ResidentSetSize of job (KB)
...
006 (5415472.155.000) 07/14 01:45:41 Image size of job updated: 1596496
	1009  -  MemoryUsage of job (MB)
	1032852  -  ResidentSetSize of job (KB)
...
006 (5415472.155.000) 07/14 02:55:48 Image size of job updated: 1597404
	1010  -  MemoryUsage of job (MB)
	1033760  -  ResidentSetSize of job (KB)
...
006 (5415472.155.000) 07/14 04:00:54 Image size of job updated: 1598308
	1011  -  MemoryUsage of job (MB)
	1034664  -  ResidentSetSize of job (KB)
...
006 (5415472.155.000) 07/14 05:01:00 Image size of job updated: 1599216
	1012  -  MemoryUsage of job (MB)
	1035572  -  ResidentSetSize of job (KB)
...
006 (5415472.155.000) 07/14 06:06:05 Image size of job updated: 1600120
	1013  -  MemoryUsage of job (MB)
	1036476  -  ResidentSetSize of job (KB)
...
006 (5415472.155.000) 07/14 07:11:22 Image size of job updated: 1601024
	1014  -  MemoryUsage of job (MB)
	1037380  -  ResidentSetSize of job (KB)
...
006 (5415472.155.000) 07/14 08:16:28 Image size of job updated: 1601932
	1014  -  MemoryUsage of job (MB)
	1038288  -  ResidentSetSize of job (KB)
...
006 (5415472.155.000) 07/14 09:16:35 Image size of job updated: 1602836
	1015  -  MemoryUsage of job (MB)
	1039192  -  ResidentSetSize of job (KB)
...
006 (5415472.155.000) 07/14 10:21:46 Image size of job updated: 1603744
	1016  -  MemoryUsage of job (MB)
	1040100  -  ResidentSetSize of job (KB)
...
006 (5415472.155.000) 07/14 11:21:51 Image size of job updated: 1604648
	1017  -  MemoryUsage of job (MB)
	1041004  -  ResidentSetSize of job (KB)
...
006 (5415472.155.000) 07/14 12:31:55 Image size of job updated: 1605552
	1018  -  MemoryUsage of job (MB)
	1041908  -  ResidentSetSize of job (KB)
...
006 (5415472.155.000) 07/14 13:31:59 Image size of job updated: 1606460
	1019  -  MemoryUsage of job (MB)
	1042816  -  ResidentSetSize of job (KB)
...
006 (5415472.155.000) 07/14 14:42:05 Image size of job updated: 1607364
	1020  -  MemoryUsage of job (MB)
	1043720  -  ResidentSetSize of job (KB)
...
006 (5415472.155.000) 07/14 15:47:16 Image size of job updated: 1608272
	1021  -  MemoryUsage of job (MB)
	1044628  -  ResidentSetSize of job (KB)
...
006 (5415472.155.000) 07/14 16:52:23 Image size of job updated: 1609176
	1022  -  MemoryUsage of job (MB)
	1045532  -  ResidentSetSize of job (KB)
...
006 (5415472.155.000) 07/14 18:02:14 Image size of job updated: 1610080
	1022  -  MemoryUsage of job (MB)
	1046436  -  ResidentSetSize of job (KB)
...
006 (5415472.155.000) 07/14 18:31:14 Image size of job updated: 1613152
	1024  -  MemoryUsage of job (MB)
	1047996  -  ResidentSetSize of job (KB)
...
006 (5415472.155.000) 07/14 19:06:20 Image size of job updated: 1613152
	1024  -  MemoryUsage of job (MB)
	1048008  -  ResidentSetSize of job (KB)
...
006 (5415472.155.000) 07/14 19:41:22 Image size of job updated: 1613152
	1024  -  MemoryUsage of job (MB)
	1048020  -  ResidentSetSize of job (KB)
...
006 (5415472.155.000) 07/14 20:06:25 Image size of job updated: 1614060
	1025  -  MemoryUsage of job (MB)
	1048928  -  ResidentSetSize of job (KB)
...
006 (5415472.155.000) 07/14 20:11:26 Image size of job updated: 1614060
	1025  -  MemoryUsage of job (MB)
	1048940  -  ResidentSetSize of job (KB)
...
006 (5415472.155.000) 07/14 20:46:29 Image size of job updated: 1614060
	1025  -  MemoryUsage of job (MB)
	1048952  -  ResidentSetSize of job (KB)
...
007 (5415472.155.000) 07/14 21:04:58 Shadow exception!
	Assertion ERROR on (result)
	0  -  Run Bytes Sent By Job
	803  -  Run Bytes Received By Job
...
040 (5415472.155.000) 07/14 21:25:16 Started transferring input files
	Transferring to host: <128.142.240.26:9618?addrs=128.142.240.26-9618+[2001-1458-301-f9--100-28]-9618&alias=b7g28n0604.cern.ch&noUDP&sock=slot1_2_24544_37df_6741>
...
040 (5415472.155.000) 07/14 21:25:16 Finished transferring input files
...
001 (5415472.155.000) 07/14 21:25:17 Job executing on host: <128.142.240.26:9618?addrs=128.142.240.26-9618+[2001-1458-301-f9--100-28]-9618&alias=b7g28n0604.cern.ch&noUDP&sock=startd_24507_5791>
...
