000 (5415472.492.000) 07/11 14:02:30 Job submitted from host: <137.138.156.150:9618?addrs=137.138.156.150-9618+[2001-1458-d00-14--9a]-9618&alias=bigbird13.cern.ch&noUDP&sock=schedd_1788_ff6c>
...
040 (5415472.492.000) 07/12 09:10:22 Started transferring input files
	Transferring to host: <128.142.193.227:9618?addrs=128.142.193.227-9618+[2001-1458-301-cc--100-148]-9618&alias=b7g52n9977.cern.ch&noUDP&sock=slot1_10_6187_0d15_65468>
...
040 (5415472.492.000) 07/12 09:10:22 Finished transferring input files
...
001 (5415472.492.000) 07/12 09:10:23 Job executing on host: <128.142.193.227:9618?addrs=128.142.193.227-9618+[2001-1458-301-cc--100-148]-9618&alias=b7g52n9977.cern.ch&noUDP&sock=startd_4827_7fbd>
...
006 (5415472.492.000) 07/12 09:10:32 Image size of job updated: 173720
	46  -  MemoryUsage of job (MB)
	46620  -  ResidentSetSize of job (KB)
...
006 (5415472.492.000) 07/12 09:15:32 Image size of job updated: 1590964
	1004  -  MemoryUsage of job (MB)
	1027404  -  ResidentSetSize of job (KB)
...
006 (5415472.492.000) 07/14 05:17:41 Image size of job updated: 1591944
	1005  -  MemoryUsage of job (MB)
	1028268  -  ResidentSetSize of job (KB)
...
006 (5415472.492.000) 07/14 06:32:45 Image size of job updated: 1592848
	1006  -  MemoryUsage of job (MB)
	1029172  -  ResidentSetSize of job (KB)
...
006 (5415472.492.000) 07/14 07:42:54 Image size of job updated: 1593756
	1006  -  MemoryUsage of job (MB)
	1030080  -  ResidentSetSize of job (KB)
...
006 (5415472.492.000) 07/14 08:52:59 Image size of job updated: 1594660
	1007  -  MemoryUsage of job (MB)
	1030984  -  ResidentSetSize of job (KB)
...
006 (5415472.492.000) 07/14 09:58:04 Image size of job updated: 1595568
	1008  -  MemoryUsage of job (MB)
	1031892  -  ResidentSetSize of job (KB)
...
006 (5415472.492.000) 07/14 11:03:11 Image size of job updated: 1596472
	1009  -  MemoryUsage of job (MB)
	1032796  -  ResidentSetSize of job (KB)
...
006 (5415472.492.000) 07/14 12:03:20 Image size of job updated: 1597376
	1010  -  MemoryUsage of job (MB)
	1033700  -  ResidentSetSize of job (KB)
...
006 (5415472.492.000) 07/14 13:13:24 Image size of job updated: 1598284
	1011  -  MemoryUsage of job (MB)
	1034608  -  ResidentSetSize of job (KB)
...
006 (5415472.492.000) 07/14 14:23:32 Image size of job updated: 1599188
	1012  -  MemoryUsage of job (MB)
	1035512  -  ResidentSetSize of job (KB)
...
006 (5415472.492.000) 07/14 15:33:39 Image size of job updated: 1600096
	1013  -  MemoryUsage of job (MB)
	1036420  -  ResidentSetSize of job (KB)
...
006 (5415472.492.000) 07/14 16:43:44 Image size of job updated: 1601000
	1014  -  MemoryUsage of job (MB)
	1037324  -  ResidentSetSize of job (KB)
...
006 (5415472.492.000) 07/14 17:48:52 Image size of job updated: 1601904
	1014  -  MemoryUsage of job (MB)
	1038228  -  ResidentSetSize of job (KB)
...
006 (5415472.492.000) 07/14 18:49:00 Image size of job updated: 1602812
	1015  -  MemoryUsage of job (MB)
	1039136  -  ResidentSetSize of job (KB)
...
006 (5415472.492.000) 07/14 19:59:06 Image size of job updated: 1603716
	1016  -  MemoryUsage of job (MB)
	1040040  -  ResidentSetSize of job (KB)
...
007 (5415472.492.000) 07/14 21:05:19 Shadow exception!
	Assertion ERROR on (result)
	0  -  Run Bytes Sent By Job
	803  -  Run Bytes Received By Job
...
