000 (5415472.088.000) 07/11 14:02:29 Job submitted from host: <137.138.156.150:9618?addrs=137.138.156.150-9618+[2001-1458-d00-14--9a]-9618&alias=bigbird13.cern.ch&noUDP&sock=schedd_1788_ff6c>
...
040 (5415472.088.000) 07/11 14:10:19 Started transferring input files
	Transferring to host: <128.142.86.186:9618?addrs=128.142.86.186-9618+[2001-1458-301-f6--100-1c9]-9618&alias=b7s14n2932.cern.ch&noUDP&sock=slot1_1_5772_a564_61065>
...
040 (5415472.088.000) 07/11 14:10:19 Finished transferring input files
...
001 (5415472.088.000) 07/11 14:10:20 Job executing on host: <128.142.86.186:9618?addrs=128.142.86.186-9618+[2001-1458-301-f6--100-1c9]-9618&alias=b7s14n2932.cern.ch&noUDP&sock=startd_4566_7985>
...
006 (5415472.088.000) 07/11 14:10:28 Image size of job updated: 455576
	45  -  MemoryUsage of job (MB)
	45864  -  ResidentSetSize of job (KB)
...
006 (5415472.088.000) 07/11 14:15:28 Image size of job updated: 1591168
	1004  -  MemoryUsage of job (MB)
	1027616  -  ResidentSetSize of job (KB)
...
006 (5415472.088.000) 07/13 16:29:42 Image size of job updated: 1592148
	1004  -  MemoryUsage of job (MB)
	1027616  -  ResidentSetSize of job (KB)
...
006 (5415472.088.000) 07/13 17:37:53 Image size of job updated: 1593056
	1004  -  MemoryUsage of job (MB)
	1027616  -  ResidentSetSize of job (KB)
...
006 (5415472.088.000) 07/13 18:30:18 Image size of job updated: 1593960
	1004  -  MemoryUsage of job (MB)
	1027616  -  ResidentSetSize of job (KB)
...
006 (5415472.088.000) 07/13 19:20:25 Image size of job updated: 1594864
	1004  -  MemoryUsage of job (MB)
	1027616  -  ResidentSetSize of job (KB)
...
006 (5415472.088.000) 07/13 20:15:31 Image size of job updated: 1595772
	1004  -  MemoryUsage of job (MB)
	1027616  -  ResidentSetSize of job (KB)
...
006 (5415472.088.000) 07/13 21:05:34 Image size of job updated: 1596676
	1004  -  MemoryUsage of job (MB)
	1027616  -  ResidentSetSize of job (KB)
...
006 (5415472.088.000) 07/13 22:00:43 Image size of job updated: 1597584
	1004  -  MemoryUsage of job (MB)
	1027616  -  ResidentSetSize of job (KB)
...
006 (5415472.088.000) 07/13 22:55:49 Image size of job updated: 1598488
	1004  -  MemoryUsage of job (MB)
	1027616  -  ResidentSetSize of job (KB)
...
006 (5415472.088.000) 07/13 23:50:53 Image size of job updated: 1599392
	1004  -  MemoryUsage of job (MB)
	1027616  -  ResidentSetSize of job (KB)
...
006 (5415472.088.000) 07/14 00:40:55 Image size of job updated: 1600300
	1004  -  MemoryUsage of job (MB)
	1027616  -  ResidentSetSize of job (KB)
...
006 (5415472.088.000) 07/14 01:26:01 Image size of job updated: 1601204
	1004  -  MemoryUsage of job (MB)
	1027616  -  ResidentSetSize of job (KB)
...
006 (5415472.088.000) 07/14 02:16:07 Image size of job updated: 1602112
	1004  -  MemoryUsage of job (MB)
	1027616  -  ResidentSetSize of job (KB)
...
006 (5415472.088.000) 07/14 03:16:17 Image size of job updated: 1603016
	1004  -  MemoryUsage of job (MB)
	1027616  -  ResidentSetSize of job (KB)
...
006 (5415472.088.000) 07/14 04:26:21 Image size of job updated: 1603924
	1004  -  MemoryUsage of job (MB)
	1027616  -  ResidentSetSize of job (KB)
...
006 (5415472.088.000) 07/14 05:31:27 Image size of job updated: 1604828
	1004  -  MemoryUsage of job (MB)
	1027616  -  ResidentSetSize of job (KB)
...
006 (5415472.088.000) 07/14 06:41:34 Image size of job updated: 1605732
	1004  -  MemoryUsage of job (MB)
	1027616  -  ResidentSetSize of job (KB)
...
006 (5415472.088.000) 07/14 07:46:42 Image size of job updated: 1606640
	1004  -  MemoryUsage of job (MB)
	1027616  -  ResidentSetSize of job (KB)
...
006 (5415472.088.000) 07/14 08:51:51 Image size of job updated: 1607544
	1004  -  MemoryUsage of job (MB)
	1027616  -  ResidentSetSize of job (KB)
...
006 (5415472.088.000) 07/14 09:46:58 Image size of job updated: 1608452
	1004  -  MemoryUsage of job (MB)
	1027616  -  ResidentSetSize of job (KB)
...
006 (5415472.088.000) 07/14 10:57:06 Image size of job updated: 1609356
	1004  -  MemoryUsage of job (MB)
	1027616  -  ResidentSetSize of job (KB)
...
006 (5415472.088.000) 07/14 12:07:11 Image size of job updated: 1610260
	1004  -  MemoryUsage of job (MB)
	1027616  -  ResidentSetSize of job (KB)
...
006 (5415472.088.000) 07/14 12:42:16 Image size of job updated: 1613332
	1004  -  MemoryUsage of job (MB)
	1027616  -  ResidentSetSize of job (KB)
...
006 (5415472.088.000) 07/14 14:22:26 Image size of job updated: 1614240
	1004  -  MemoryUsage of job (MB)
	1027616  -  ResidentSetSize of job (KB)
...
006 (5415472.088.000) 07/14 15:32:35 Image size of job updated: 1615144
	1004  -  MemoryUsage of job (MB)
	1027616  -  ResidentSetSize of job (KB)
...
006 (5415472.088.000) 07/14 16:27:40 Image size of job updated: 1616052
	1004  -  MemoryUsage of job (MB)
	1027616  -  ResidentSetSize of job (KB)
...
006 (5415472.088.000) 07/14 17:32:45 Image size of job updated: 1616956
	1004  -  MemoryUsage of job (MB)
	1027616  -  ResidentSetSize of job (KB)
...
006 (5415472.088.000) 07/14 18:37:52 Image size of job updated: 1617860
	1004  -  MemoryUsage of job (MB)
	1027616  -  ResidentSetSize of job (KB)
...
006 (5415472.088.000) 07/14 19:43:00 Image size of job updated: 1618768
	1004  -  MemoryUsage of job (MB)
	1027616  -  ResidentSetSize of job (KB)
...
006 (5415472.088.000) 07/14 20:48:07 Image size of job updated: 1619672
	1004  -  MemoryUsage of job (MB)
	1027616  -  ResidentSetSize of job (KB)
...
007 (5415472.088.000) 07/14 21:09:42 Shadow exception!
	Assertion ERROR on (result)
	0  -  Run Bytes Sent By Job
	803  -  Run Bytes Received By Job
...
040 (5415472.088.000) 07/14 21:21:30 Started transferring input files
	Transferring to host: <128.142.59.81:9618?addrs=128.142.59.81-9618+[2001-1458-301-21--100-50]-9618&alias=b7s04p1549.cern.ch&noUDP&sock=slot1_2_7179_013d_5213>
...
040 (5415472.088.000) 07/14 21:21:30 Finished transferring input files
...
001 (5415472.088.000) 07/14 21:21:31 Job executing on host: <128.142.59.81:9618?addrs=128.142.59.81-9618+[2001-1458-301-21--100-50]-9618&alias=b7s04p1549.cern.ch&noUDP&sock=startd_6584_a7a3>
...
040 (5415472.088.000) 07/20 14:06:11 Started transferring output files
...
040 (5415472.088.000) 07/20 14:06:11 Finished transferring output files
...
005 (5415472.088.000) 07/20 14:06:11 Job terminated.
	(1) Normal termination (return value 0)
		Usr 17 12:45:16, Sys 0 00:34:42  -  Run Remote Usage
		Usr 0 00:00:00, Sys 0 00:00:00  -  Run Local Usage
		Usr 27 00:18:36, Sys 0 00:36:46  -  Total Remote Usage
		Usr 0 00:00:00, Sys 0 00:00:00  -  Total Local Usage
	96421  -  Run Bytes Sent By Job
	803  -  Run Bytes Received By Job
	96421  -  Total Bytes Sent By Job
	1606  -  Total Bytes Received By Job
	Partitionable Resources :    Usage  Request Allocated 
	   Cpus                 :     3.10        4         4 
	   Disk (KB)            :   122    10485760  11359213 
	   Memory (MB)          :  1221        8000      8000 

	Job terminated of its own accord at 2021-07-20T12:06:11Z.
...
