000 (5415472.255.000) 07/11 14:02:29 Job submitted from host: <137.138.156.150:9618?addrs=137.138.156.150-9618+[2001-1458-d00-14--9a]-9618&alias=bigbird13.cern.ch&noUDP&sock=schedd_1788_ff6c>
...
040 (5415472.255.000) 07/11 14:31:15 Started transferring input files
	Transferring to host: <128.142.56.71:9618?addrs=128.142.56.71-9618+[2001-1458-301-6--100-46]-9618&alias=b7s01p6423.cern.ch&noUDP&sock=slot1_11_43192_6bd5_5141>
...
040 (5415472.255.000) 07/11 14:31:15 Finished transferring input files
...
001 (5415472.255.000) 07/11 14:31:16 Job executing on host: <128.142.56.71:9618?addrs=128.142.56.71-9618+[2001-1458-301-6--100-46]-9618&alias=b7s01p6423.cern.ch&noUDP&sock=startd_40088_9cb2>
...
006 (5415472.255.000) 07/11 14:31:25 Image size of job updated: 570632
	67  -  MemoryUsage of job (MB)
	67620  -  ResidentSetSize of job (KB)
...
006 (5415472.255.000) 07/11 14:36:26 Image size of job updated: 1591008
	1004  -  MemoryUsage of job (MB)
	1027448  -  ResidentSetSize of job (KB)
...
006 (5415472.255.000) 07/12 22:34:42 Image size of job updated: 1591992
	1005  -  MemoryUsage of job (MB)
	1028356  -  ResidentSetSize of job (KB)
...
006 (5415472.255.000) 07/12 23:14:48 Image size of job updated: 1592896
	1006  -  MemoryUsage of job (MB)
	1029260  -  ResidentSetSize of job (KB)
...
006 (5415472.255.000) 07/12 23:54:55 Image size of job updated: 1593800
	1007  -  MemoryUsage of job (MB)
	1030164  -  ResidentSetSize of job (KB)
...
006 (5415472.255.000) 07/13 00:35:00 Image size of job updated: 1594708
	1007  -  MemoryUsage of job (MB)
	1031072  -  ResidentSetSize of job (KB)
...
006 (5415472.255.000) 07/13 01:20:03 Image size of job updated: 1595612
	1008  -  MemoryUsage of job (MB)
	1031976  -  ResidentSetSize of job (KB)
...
006 (5415472.255.000) 07/13 02:00:08 Image size of job updated: 1596520
	1009  -  MemoryUsage of job (MB)
	1032884  -  ResidentSetSize of job (KB)
...
006 (5415472.255.000) 07/13 02:45:13 Image size of job updated: 1597424
	1010  -  MemoryUsage of job (MB)
	1033788  -  ResidentSetSize of job (KB)
...
006 (5415472.255.000) 07/13 03:25:16 Image size of job updated: 1598332
	1011  -  MemoryUsage of job (MB)
	1034696  -  ResidentSetSize of job (KB)
...
006 (5415472.255.000) 07/13 04:00:20 Image size of job updated: 1599236
	1012  -  MemoryUsage of job (MB)
	1035600  -  ResidentSetSize of job (KB)
...
006 (5415472.255.000) 07/13 04:45:23 Image size of job updated: 1600140
	1013  -  MemoryUsage of job (MB)
	1036504  -  ResidentSetSize of job (KB)
...
006 (5415472.255.000) 07/13 05:30:27 Image size of job updated: 1601048
	1014  -  MemoryUsage of job (MB)
	1037412  -  ResidentSetSize of job (KB)
...
006 (5415472.255.000) 07/13 06:10:31 Image size of job updated: 1601952
	1014  -  MemoryUsage of job (MB)
	1038316  -  ResidentSetSize of job (KB)
...
006 (5415472.255.000) 07/13 06:50:34 Image size of job updated: 1602860
	1015  -  MemoryUsage of job (MB)
	1039224  -  ResidentSetSize of job (KB)
...
006 (5415472.255.000) 07/13 07:35:38 Image size of job updated: 1603764
	1016  -  MemoryUsage of job (MB)
	1040128  -  ResidentSetSize of job (KB)
...
006 (5415472.255.000) 07/13 08:25:44 Image size of job updated: 1604668
	1017  -  MemoryUsage of job (MB)
	1041032  -  ResidentSetSize of job (KB)
...
006 (5415472.255.000) 07/13 09:15:49 Image size of job updated: 1605576
	1018  -  MemoryUsage of job (MB)
	1041940  -  ResidentSetSize of job (KB)
...
006 (5415472.255.000) 07/13 10:00:53 Image size of job updated: 1606480
	1019  -  MemoryUsage of job (MB)
	1042844  -  ResidentSetSize of job (KB)
...
006 (5415472.255.000) 07/13 10:40:59 Image size of job updated: 1607388
	1020  -  MemoryUsage of job (MB)
	1043752  -  ResidentSetSize of job (KB)
...
006 (5415472.255.000) 07/13 11:26:02 Image size of job updated: 1608292
	1021  -  MemoryUsage of job (MB)
	1044656  -  ResidentSetSize of job (KB)
...
006 (5415472.255.000) 07/13 12:11:05 Image size of job updated: 1609196
	1022  -  MemoryUsage of job (MB)
	1045560  -  ResidentSetSize of job (KB)
...
006 (5415472.255.000) 07/13 12:51:09 Image size of job updated: 1610104
	1022  -  MemoryUsage of job (MB)
	1046468  -  ResidentSetSize of job (KB)
...
006 (5415472.255.000) 07/13 13:11:10 Image size of job updated: 1613176
	1024  -  MemoryUsage of job (MB)
	1048016  -  ResidentSetSize of job (KB)
...
006 (5415472.255.000) 07/13 13:26:11 Image size of job updated: 1613176
	1024  -  MemoryUsage of job (MB)
	1048028  -  ResidentSetSize of job (KB)
...
006 (5415472.255.000) 07/13 13:46:14 Image size of job updated: 1613176
	1024  -  MemoryUsage of job (MB)
	1048040  -  ResidentSetSize of job (KB)
...
006 (5415472.255.000) 07/13 14:06:15 Image size of job updated: 1613176
	1024  -  MemoryUsage of job (MB)
	1048052  -  ResidentSetSize of job (KB)
...
006 (5415472.255.000) 07/13 14:11:16 Image size of job updated: 1614080
	1025  -  MemoryUsage of job (MB)
	1048956  -  ResidentSetSize of job (KB)
...
006 (5415472.255.000) 07/13 14:31:17 Image size of job updated: 1614080
	1025  -  MemoryUsage of job (MB)
	1048968  -  ResidentSetSize of job (KB)
...
006 (5415472.255.000) 07/13 14:51:20 Image size of job updated: 1614988
	1026  -  MemoryUsage of job (MB)
	1049888  -  ResidentSetSize of job (KB)
...
006 (5415472.255.000) 07/13 15:11:22 Image size of job updated: 1614988
	1026  -  MemoryUsage of job (MB)
	1049900  -  ResidentSetSize of job (KB)
...
006 (5415472.255.000) 07/13 15:31:25 Image size of job updated: 1615892
	1027  -  MemoryUsage of job (MB)
	1050816  -  ResidentSetSize of job (KB)
...
006 (5415472.255.000) 07/13 15:56:29 Image size of job updated: 1615892
	1027  -  MemoryUsage of job (MB)
	1050828  -  ResidentSetSize of job (KB)
...
006 (5415472.255.000) 07/13 16:11:31 Image size of job updated: 1616800
	1028  -  MemoryUsage of job (MB)
	1051736  -  ResidentSetSize of job (KB)
...
006 (5415472.255.000) 07/13 16:16:32 Image size of job updated: 1616800
	1028  -  MemoryUsage of job (MB)
	1051748  -  ResidentSetSize of job (KB)
...
006 (5415472.255.000) 07/13 16:36:35 Image size of job updated: 1616800
	1028  -  MemoryUsage of job (MB)
	1051756  -  ResidentSetSize of job (KB)
...
006 (5415472.255.000) 07/13 16:41:35 Image size of job updated: 1616800
	1028  -  MemoryUsage of job (MB)
	1051760  -  ResidentSetSize of job (KB)
...
006 (5415472.255.000) 07/13 16:56:37 Image size of job updated: 1617704
	1028  -  MemoryUsage of job (MB)
	1052664  -  ResidentSetSize of job (KB)
...
006 (5415472.255.000) 07/13 17:01:38 Image size of job updated: 1617704
	1029  -  MemoryUsage of job (MB)
	1052676  -  ResidentSetSize of job (KB)
...
006 (5415472.255.000) 07/13 17:24:39 Image size of job updated: 1617704
	1029  -  MemoryUsage of job (MB)
	1052688  -  ResidentSetSize of job (KB)
...
006 (5415472.255.000) 07/13 17:34:39 Image size of job updated: 1618608
	1029  -  MemoryUsage of job (MB)
	1053592  -  ResidentSetSize of job (KB)
...
006 (5415472.255.000) 07/13 17:44:41 Image size of job updated: 1618608
	1029  -  MemoryUsage of job (MB)
	1053604  -  ResidentSetSize of job (KB)
...
006 (5415472.255.000) 07/13 18:04:43 Image size of job updated: 1618608
	1029  -  MemoryUsage of job (MB)
	1053616  -  ResidentSetSize of job (KB)
...
006 (5415472.255.000) 07/13 18:14:44 Image size of job updated: 1619516
	1030  -  MemoryUsage of job (MB)
	1054524  -  ResidentSetSize of job (KB)
...
006 (5415472.255.000) 07/13 18:29:44 Image size of job updated: 1619516
	1030  -  MemoryUsage of job (MB)
	1054536  -  ResidentSetSize of job (KB)
...
006 (5415472.255.000) 07/13 18:49:47 Image size of job updated: 1619516
	1030  -  MemoryUsage of job (MB)
	1054548  -  ResidentSetSize of job (KB)
...
006 (5415472.255.000) 07/13 18:59:47 Image size of job updated: 1620420
	1031  -  MemoryUsage of job (MB)
	1055452  -  ResidentSetSize of job (KB)
...
006 (5415472.255.000) 07/13 19:09:48 Image size of job updated: 1620420
	1031  -  MemoryUsage of job (MB)
	1055464  -  ResidentSetSize of job (KB)
...
006 (5415472.255.000) 07/13 19:34:52 Image size of job updated: 1620420
	1031  -  MemoryUsage of job (MB)
	1055476  -  ResidentSetSize of job (KB)
...
006 (5415472.255.000) 07/13 19:39:53 Image size of job updated: 1621328
	1032  -  MemoryUsage of job (MB)
	1056384  -  ResidentSetSize of job (KB)
...
006 (5415472.255.000) 07/13 19:54:54 Image size of job updated: 1621328
	1032  -  MemoryUsage of job (MB)
	1056396  -  ResidentSetSize of job (KB)
...
006 (5415472.255.000) 07/13 20:19:57 Image size of job updated: 1625856
	1037  -  MemoryUsage of job (MB)
	1060936  -  ResidentSetSize of job (KB)
...
006 (5415472.255.000) 07/13 20:39:59 Image size of job updated: 1625856
	1037  -  MemoryUsage of job (MB)
	1060948  -  ResidentSetSize of job (KB)
...
006 (5415472.255.000) 07/13 21:05:02 Image size of job updated: 1625856
	1037  -  MemoryUsage of job (MB)
	1060960  -  ResidentSetSize of job (KB)
...
006 (5415472.255.000) 07/13 21:25:05 Image size of job updated: 1625856
	1037  -  MemoryUsage of job (MB)
	1060972  -  ResidentSetSize of job (KB)
...
006 (5415472.255.000) 07/13 21:45:08 Image size of job updated: 1625856
	1037  -  MemoryUsage of job (MB)
	1060984  -  ResidentSetSize of job (KB)
...
006 (5415472.255.000) 07/13 22:10:11 Image size of job updated: 1625856
	1037  -  MemoryUsage of job (MB)
	1060996  -  ResidentSetSize of job (KB)
...
006 (5415472.255.000) 07/13 22:35:13 Image size of job updated: 1625856
	1037  -  MemoryUsage of job (MB)
	1061008  -  ResidentSetSize of job (KB)
...
006 (5415472.255.000) 07/13 23:00:15 Image size of job updated: 1625856
	1037  -  MemoryUsage of job (MB)
	1061020  -  ResidentSetSize of job (KB)
...
006 (5415472.255.000) 07/13 23:25:16 Image size of job updated: 1625856
	1037  -  MemoryUsage of job (MB)
	1061032  -  ResidentSetSize of job (KB)
...
006 (5415472.255.000) 07/13 23:50:19 Image size of job updated: 1625856
	1037  -  MemoryUsage of job (MB)
	1061044  -  ResidentSetSize of job (KB)
...
006 (5415472.255.000) 07/14 00:15:22 Image size of job updated: 1625856
	1037  -  MemoryUsage of job (MB)
	1061056  -  ResidentSetSize of job (KB)
...
006 (5415472.255.000) 07/14 00:40:25 Image size of job updated: 1625856
	1037  -  MemoryUsage of job (MB)
	1061068  -  ResidentSetSize of job (KB)
...
006 (5415472.255.000) 07/14 01:05:27 Image size of job updated: 1625856
	1037  -  MemoryUsage of job (MB)
	1061072  -  ResidentSetSize of job (KB)
...
006 (5415472.255.000) 07/14 01:10:28 Image size of job updated: 1625856
	1037  -  MemoryUsage of job (MB)
	1061080  -  ResidentSetSize of job (KB)
...
006 (5415472.255.000) 07/14 01:30:31 Image size of job updated: 1625856
	1037  -  MemoryUsage of job (MB)
	1061092  -  ResidentSetSize of job (KB)
...
006 (5415472.255.000) 07/14 01:55:34 Image size of job updated: 1625856
	1037  -  MemoryUsage of job (MB)
	1061104  -  ResidentSetSize of job (KB)
...
006 (5415472.255.000) 07/14 02:15:35 Image size of job updated: 1625856
	1037  -  MemoryUsage of job (MB)
	1061112  -  ResidentSetSize of job (KB)
...
006 (5415472.255.000) 07/14 02:20:36 Image size of job updated: 1625856
	1037  -  MemoryUsage of job (MB)
	1061116  -  ResidentSetSize of job (KB)
...
006 (5415472.255.000) 07/14 02:40:39 Image size of job updated: 1625856
	1037  -  MemoryUsage of job (MB)
	1061128  -  ResidentSetSize of job (KB)
...
006 (5415472.255.000) 07/14 03:05:42 Image size of job updated: 1625856
	1037  -  MemoryUsage of job (MB)
	1061140  -  ResidentSetSize of job (KB)
...
006 (5415472.255.000) 07/14 03:25:44 Image size of job updated: 1625856
	1037  -  MemoryUsage of job (MB)
	1061152  -  ResidentSetSize of job (KB)
...
006 (5415472.255.000) 07/14 03:50:45 Image size of job updated: 1625856
	1037  -  MemoryUsage of job (MB)
	1061164  -  ResidentSetSize of job (KB)
...
006 (5415472.255.000) 07/14 04:15:49 Image size of job updated: 1625856
	1037  -  MemoryUsage of job (MB)
	1061176  -  ResidentSetSize of job (KB)
...
006 (5415472.255.000) 07/14 04:35:51 Image size of job updated: 1625856
	1037  -  MemoryUsage of job (MB)
	1061188  -  ResidentSetSize of job (KB)
...
006 (5415472.255.000) 07/14 05:00:54 Image size of job updated: 1625856
	1037  -  MemoryUsage of job (MB)
	1061200  -  ResidentSetSize of job (KB)
...
006 (5415472.255.000) 07/14 05:25:57 Image size of job updated: 1625856
	1037  -  MemoryUsage of job (MB)
	1061212  -  ResidentSetSize of job (KB)
...
006 (5415472.255.000) 07/14 05:50:58 Image size of job updated: 1625856
	1037  -  MemoryUsage of job (MB)
	1061224  -  ResidentSetSize of job (KB)
...
006 (5415472.255.000) 07/14 06:15:59 Image size of job updated: 1625856
	1037  -  MemoryUsage of job (MB)
	1061236  -  ResidentSetSize of job (KB)
...
006 (5415472.255.000) 07/14 06:36:20 Image size of job updated: 1625856
	1037  -  MemoryUsage of job (MB)
	1061248  -  ResidentSetSize of job (KB)
...
006 (5415472.255.000) 07/14 07:01:22 Image size of job updated: 1625856
	1037  -  MemoryUsage of job (MB)
	1061260  -  ResidentSetSize of job (KB)
...
006 (5415472.255.000) 07/14 07:26:23 Image size of job updated: 1625856
	1037  -  MemoryUsage of job (MB)
	1061272  -  ResidentSetSize of job (KB)
...
006 (5415472.255.000) 07/14 07:46:26 Image size of job updated: 1625856
	1037  -  MemoryUsage of job (MB)
	1061284  -  ResidentSetSize of job (KB)
...
006 (5415472.255.000) 07/14 08:11:27 Image size of job updated: 1625856
	1037  -  MemoryUsage of job (MB)
	1061296  -  ResidentSetSize of job (KB)
...
006 (5415472.255.000) 07/14 08:31:30 Image size of job updated: 1625856
	1037  -  MemoryUsage of job (MB)
	1061308  -  ResidentSetSize of job (KB)
...
006 (5415472.255.000) 07/14 08:56:34 Image size of job updated: 1625856
	1037  -  MemoryUsage of job (MB)
	1061320  -  ResidentSetSize of job (KB)
...
006 (5415472.255.000) 07/14 09:21:36 Image size of job updated: 1625856
	1037  -  MemoryUsage of job (MB)
	1061332  -  ResidentSetSize of job (KB)
...
006 (5415472.255.000) 07/14 09:41:37 Image size of job updated: 1625856
	1037  -  MemoryUsage of job (MB)
	1061344  -  ResidentSetSize of job (KB)
...
006 (5415472.255.000) 07/14 10:01:39 Image size of job updated: 1625856
	1037  -  MemoryUsage of job (MB)
	1061356  -  ResidentSetSize of job (KB)
...
006 (5415472.255.000) 07/14 10:21:39 Image size of job updated: 1625856
	1037  -  MemoryUsage of job (MB)
	1061368  -  ResidentSetSize of job (KB)
...
006 (5415472.255.000) 07/14 10:36:40 Image size of job updated: 1625856
	1037  -  MemoryUsage of job (MB)
	1061380  -  ResidentSetSize of job (KB)
...
006 (5415472.255.000) 07/14 10:56:43 Image size of job updated: 1625856
	1037  -  MemoryUsage of job (MB)
	1061392  -  ResidentSetSize of job (KB)
...
006 (5415472.255.000) 07/14 11:21:45 Image size of job updated: 1625856
	1037  -  MemoryUsage of job (MB)
	1061404  -  ResidentSetSize of job (KB)
...
006 (5415472.255.000) 07/14 11:41:46 Image size of job updated: 1625856
	1037  -  MemoryUsage of job (MB)
	1061416  -  ResidentSetSize of job (KB)
...
006 (5415472.255.000) 07/14 12:01:47 Image size of job updated: 1625856
	1037  -  MemoryUsage of job (MB)
	1061428  -  ResidentSetSize of job (KB)
...
006 (5415472.255.000) 07/14 12:21:48 Image size of job updated: 1625856
	1037  -  MemoryUsage of job (MB)
	1061440  -  ResidentSetSize of job (KB)
...
006 (5415472.255.000) 07/14 12:41:50 Image size of job updated: 1625856
	1037  -  MemoryUsage of job (MB)
	1061452  -  ResidentSetSize of job (KB)
...
006 (5415472.255.000) 07/14 13:06:53 Image size of job updated: 1625856
	1037  -  MemoryUsage of job (MB)
	1061464  -  ResidentSetSize of job (KB)
...
006 (5415472.255.000) 07/14 13:26:56 Image size of job updated: 1625856
	1037  -  MemoryUsage of job (MB)
	1061476  -  ResidentSetSize of job (KB)
...
006 (5415472.255.000) 07/14 13:51:59 Image size of job updated: 1625856
	1037  -  MemoryUsage of job (MB)
	1061488  -  ResidentSetSize of job (KB)
...
006 (5415472.255.000) 07/14 14:12:01 Image size of job updated: 1625856
	1037  -  MemoryUsage of job (MB)
	1061500  -  ResidentSetSize of job (KB)
...
006 (5415472.255.000) 07/14 14:32:05 Image size of job updated: 1625856
	1037  -  MemoryUsage of job (MB)
	1061512  -  ResidentSetSize of job (KB)
...
006 (5415472.255.000) 07/14 14:52:07 Image size of job updated: 1625856
	1037  -  MemoryUsage of job (MB)
	1061524  -  ResidentSetSize of job (KB)
...
006 (5415472.255.000) 07/14 15:12:10 Image size of job updated: 1625856
	1037  -  MemoryUsage of job (MB)
	1061536  -  ResidentSetSize of job (KB)
...
006 (5415472.255.000) 07/14 15:32:12 Image size of job updated: 1625856
	1037  -  MemoryUsage of job (MB)
	1061548  -  ResidentSetSize of job (KB)
...
006 (5415472.255.000) 07/14 15:57:15 Image size of job updated: 1625856
	1037  -  MemoryUsage of job (MB)
	1061560  -  ResidentSetSize of job (KB)
...
006 (5415472.255.000) 07/14 16:22:19 Image size of job updated: 1625856
	1037  -  MemoryUsage of job (MB)
	1061572  -  ResidentSetSize of job (KB)
...
006 (5415472.255.000) 07/14 16:42:19 Image size of job updated: 1625856
	1037  -  MemoryUsage of job (MB)
	1061584  -  ResidentSetSize of job (KB)
...
006 (5415472.255.000) 07/14 17:07:22 Image size of job updated: 1625856
	1037  -  MemoryUsage of job (MB)
	1061596  -  ResidentSetSize of job (KB)
...
006 (5415472.255.000) 07/14 17:27:23 Image size of job updated: 1625856
	1037  -  MemoryUsage of job (MB)
	1061608  -  ResidentSetSize of job (KB)
...
022 (5415472.255.000) 07/14 17:47:26 Job disconnected, attempting to reconnect
    Socket between submit and execute hosts closed unexpectedly
    Trying to reconnect to slot1_11@b7s01p6423.cern.ch <128.142.56.71:9618?addrs=128.142.56.71-9618+[2001-1458-301-6--100-46]-9618&alias=b7s01p6423.cern.ch&noUDP&sock=startd_40088_9cb2>
...
023 (5415472.255.000) 07/14 17:47:26 Job reconnected to slot1_11@b7s01p6423.cern.ch
    startd address: <128.142.56.71:9618?addrs=128.142.56.71-9618+[2001-1458-301-6--100-46]-9618&alias=b7s01p6423.cern.ch&noUDP&sock=startd_40088_9cb2>
    starter address: <128.142.56.71:9618?addrs=128.142.56.71-9618+[2001-1458-301-6--100-46]-9618&alias=b7s01p6423.cern.ch&noUDP&sock=slot1_11_43192_6bd5_5141>
...
006 (5415472.255.000) 07/14 18:02:34 Image size of job updated: 1625856
	1037  -  MemoryUsage of job (MB)
	1061620  -  ResidentSetSize of job (KB)
...
006 (5415472.255.000) 07/14 18:14:41 Image size of job updated: 1625856
	1037  -  MemoryUsage of job (MB)
	1061632  -  ResidentSetSize of job (KB)
...
006 (5415472.255.000) 07/14 18:36:57 Image size of job updated: 1625856
	1037  -  MemoryUsage of job (MB)
	1061644  -  ResidentSetSize of job (KB)
...
006 (5415472.255.000) 07/14 19:01:59 Image size of job updated: 1625856
	1037  -  MemoryUsage of job (MB)
	1061656  -  ResidentSetSize of job (KB)
...
006 (5415472.255.000) 07/14 19:27:01 Image size of job updated: 1625856
	1037  -  MemoryUsage of job (MB)
	1061668  -  ResidentSetSize of job (KB)
...
006 (5415472.255.000) 07/14 19:47:04 Image size of job updated: 1625856
	1037  -  MemoryUsage of job (MB)
	1061680  -  ResidentSetSize of job (KB)
...
006 (5415472.255.000) 07/14 20:12:06 Image size of job updated: 1625856
	1037  -  MemoryUsage of job (MB)
	1061692  -  ResidentSetSize of job (KB)
...
006 (5415472.255.000) 07/14 20:37:10 Image size of job updated: 1625856
	1037  -  MemoryUsage of job (MB)
	1061704  -  ResidentSetSize of job (KB)
...
006 (5415472.255.000) 07/14 20:57:11 Image size of job updated: 1625856
	1037  -  MemoryUsage of job (MB)
	1061716  -  ResidentSetSize of job (KB)
...
022 (5415472.255.000) 07/14 21:03:32 Job disconnected, attempting to reconnect
    Socket between submit and execute hosts closed unexpectedly
    Trying to reconnect to slot1_11@b7s01p6423.cern.ch <128.142.56.71:9618?addrs=128.142.56.71-9618+[2001-1458-301-6--100-46]-9618&alias=b7s01p6423.cern.ch&noUDP&sock=startd_40088_9cb2>
...
023 (5415472.255.000) 07/14 21:03:32 Job reconnected to slot1_11@b7s01p6423.cern.ch
    startd address: <128.142.56.71:9618?addrs=128.142.56.71-9618+[2001-1458-301-6--100-46]-9618&alias=b7s01p6423.cern.ch&noUDP&sock=startd_40088_9cb2>
    starter address: <128.142.56.71:9618?addrs=128.142.56.71-9618+[2001-1458-301-6--100-46]-9618&alias=b7s01p6423.cern.ch&noUDP&sock=slot1_11_43192_6bd5_5141>
...
006 (5415472.255.000) 07/14 21:22:35 Image size of job updated: 1625856
	1037  -  MemoryUsage of job (MB)
	1061728  -  ResidentSetSize of job (KB)
...
006 (5415472.255.000) 07/14 21:47:00 Image size of job updated: 1625856
	1037  -  MemoryUsage of job (MB)
	1061740  -  ResidentSetSize of job (KB)
...
006 (5415472.255.000) 07/14 22:07:31 Image size of job updated: 1625856
	1037  -  MemoryUsage of job (MB)
	1061752  -  ResidentSetSize of job (KB)
...
006 (5415472.255.000) 07/14 22:27:34 Image size of job updated: 1625856
	1037  -  MemoryUsage of job (MB)
	1061764  -  ResidentSetSize of job (KB)
...
006 (5415472.255.000) 07/14 22:47:35 Image size of job updated: 1625856
	1037  -  MemoryUsage of job (MB)
	1061776  -  ResidentSetSize of job (KB)
...
006 (5415472.255.000) 07/14 23:12:39 Image size of job updated: 1625856
	1037  -  MemoryUsage of job (MB)
	1061788  -  ResidentSetSize of job (KB)
...
006 (5415472.255.000) 07/14 23:32:39 Image size of job updated: 1625856
	1037  -  MemoryUsage of job (MB)
	1061800  -  ResidentSetSize of job (KB)
...
006 (5415472.255.000) 07/14 23:57:42 Image size of job updated: 1625856
	1037  -  MemoryUsage of job (MB)
	1061812  -  ResidentSetSize of job (KB)
...
006 (5415472.255.000) 07/15 00:12:44 Image size of job updated: 1625856
	1037  -  MemoryUsage of job (MB)
	1061824  -  ResidentSetSize of job (KB)
...
006 (5415472.255.000) 07/15 00:32:45 Image size of job updated: 1625856
	1037  -  MemoryUsage of job (MB)
	1061836  -  ResidentSetSize of job (KB)
...
006 (5415472.255.000) 07/15 00:52:47 Image size of job updated: 1625856
	1037  -  MemoryUsage of job (MB)
	1061848  -  ResidentSetSize of job (KB)
...
006 (5415472.255.000) 07/15 01:12:48 Image size of job updated: 1625856
	1037  -  MemoryUsage of job (MB)
	1061860  -  ResidentSetSize of job (KB)
...
006 (5415472.255.000) 07/15 01:32:48 Image size of job updated: 1625856
	1037  -  MemoryUsage of job (MB)
	1061872  -  ResidentSetSize of job (KB)
...
006 (5415472.255.000) 07/15 01:52:49 Image size of job updated: 1625856
	1037  -  MemoryUsage of job (MB)
	1061884  -  ResidentSetSize of job (KB)
...
006 (5415472.255.000) 07/15 02:07:51 Image size of job updated: 1625856
	1038  -  MemoryUsage of job (MB)
	1061896  -  ResidentSetSize of job (KB)
...
006 (5415472.255.000) 07/15 02:22:52 Image size of job updated: 1625856
	1038  -  MemoryUsage of job (MB)
	1061908  -  ResidentSetSize of job (KB)
...
006 (5415472.255.000) 07/15 02:42:54 Image size of job updated: 1625856
	1038  -  MemoryUsage of job (MB)
	1061920  -  ResidentSetSize of job (KB)
...
006 (5415472.255.000) 07/15 02:57:55 Image size of job updated: 1625856
	1038  -  MemoryUsage of job (MB)
	1061932  -  ResidentSetSize of job (KB)
...
006 (5415472.255.000) 07/15 03:17:58 Image size of job updated: 1625856
	1038  -  MemoryUsage of job (MB)
	1061944  -  ResidentSetSize of job (KB)
...
006 (5415472.255.000) 07/15 03:43:01 Image size of job updated: 1625856
	1038  -  MemoryUsage of job (MB)
	1061956  -  ResidentSetSize of job (KB)
...
006 (5415472.255.000) 07/15 04:03:04 Image size of job updated: 1625856
	1038  -  MemoryUsage of job (MB)
	1061968  -  ResidentSetSize of job (KB)
...
006 (5415472.255.000) 07/15 04:28:07 Image size of job updated: 1625856
	1038  -  MemoryUsage of job (MB)
	1061980  -  ResidentSetSize of job (KB)
...
006 (5415472.255.000) 07/15 04:53:12 Image size of job updated: 1625856
	1038  -  MemoryUsage of job (MB)
	1061992  -  ResidentSetSize of job (KB)
...
006 (5415472.255.000) 07/15 05:13:14 Image size of job updated: 1625856
	1038  -  MemoryUsage of job (MB)
	1062004  -  ResidentSetSize of job (KB)
...
006 (5415472.255.000) 07/15 05:38:18 Image size of job updated: 1625856
	1038  -  MemoryUsage of job (MB)
	1062016  -  ResidentSetSize of job (KB)
...
006 (5415472.255.000) 07/15 06:03:20 Image size of job updated: 1625856
	1038  -  MemoryUsage of job (MB)
	1062028  -  ResidentSetSize of job (KB)
...
006 (5415472.255.000) 07/15 06:28:24 Image size of job updated: 1625856
	1038  -  MemoryUsage of job (MB)
	1062040  -  ResidentSetSize of job (KB)
...
006 (5415472.255.000) 07/15 06:48:26 Image size of job updated: 1625856
	1038  -  MemoryUsage of job (MB)
	1062052  -  ResidentSetSize of job (KB)
...
006 (5415472.255.000) 07/15 07:13:28 Image size of job updated: 1625856
	1038  -  MemoryUsage of job (MB)
	1062064  -  ResidentSetSize of job (KB)
...
006 (5415472.255.000) 07/15 07:38:30 Image size of job updated: 1625856
	1038  -  MemoryUsage of job (MB)
	1062076  -  ResidentSetSize of job (KB)
...
006 (5415472.255.000) 07/15 07:58:32 Image size of job updated: 1625856
	1038  -  MemoryUsage of job (MB)
	1062088  -  ResidentSetSize of job (KB)
...
006 (5415472.255.000) 07/15 08:23:34 Image size of job updated: 1625856
	1038  -  MemoryUsage of job (MB)
	1062100  -  ResidentSetSize of job (KB)
...
006 (5415472.255.000) 07/15 08:48:35 Image size of job updated: 1625856
	1038  -  MemoryUsage of job (MB)
	1062112  -  ResidentSetSize of job (KB)
...
006 (5415472.255.000) 07/15 09:08:38 Image size of job updated: 1625856
	1038  -  MemoryUsage of job (MB)
	1062124  -  ResidentSetSize of job (KB)
...
006 (5415472.255.000) 07/15 09:33:40 Image size of job updated: 1625856
	1038  -  MemoryUsage of job (MB)
	1062136  -  ResidentSetSize of job (KB)
...
006 (5415472.255.000) 07/15 09:58:43 Image size of job updated: 1625856
	1038  -  MemoryUsage of job (MB)
	1062148  -  ResidentSetSize of job (KB)
...
006 (5415472.255.000) 07/15 10:18:46 Image size of job updated: 1625856
	1038  -  MemoryUsage of job (MB)
	1062160  -  ResidentSetSize of job (KB)
...
006 (5415472.255.000) 07/15 10:43:49 Image size of job updated: 1625856
	1038  -  MemoryUsage of job (MB)
	1062172  -  ResidentSetSize of job (KB)
...
006 (5415472.255.000) 07/15 11:03:53 Image size of job updated: 1625856
	1038  -  MemoryUsage of job (MB)
	1062184  -  ResidentSetSize of job (KB)
...
006 (5415472.255.000) 07/15 11:23:55 Image size of job updated: 1625856
	1038  -  MemoryUsage of job (MB)
	1062196  -  ResidentSetSize of job (KB)
...
006 (5415472.255.000) 07/15 11:49:02 Image size of job updated: 1625856
	1038  -  MemoryUsage of job (MB)
	1062208  -  ResidentSetSize of job (KB)
...
006 (5415472.255.000) 07/15 12:08:57 Image size of job updated: 1625856
	1038  -  MemoryUsage of job (MB)
	1062220  -  ResidentSetSize of job (KB)
...
006 (5415472.255.000) 07/15 12:33:58 Image size of job updated: 1629952
	1040  -  MemoryUsage of job (MB)
	1064276  -  ResidentSetSize of job (KB)
...
006 (5415472.255.000) 07/15 12:54:00 Image size of job updated: 1629952
	1040  -  MemoryUsage of job (MB)
	1064284  -  ResidentSetSize of job (KB)
...
006 (5415472.255.000) 07/15 13:14:03 Image size of job updated: 1629952
	1040  -  MemoryUsage of job (MB)
	1064292  -  ResidentSetSize of job (KB)
...
006 (5415472.255.000) 07/15 13:34:05 Image size of job updated: 1629952
	1040  -  MemoryUsage of job (MB)
	1064300  -  ResidentSetSize of job (KB)
...
006 (5415472.255.000) 07/15 13:59:08 Image size of job updated: 1629952
	1040  -  MemoryUsage of job (MB)
	1064308  -  ResidentSetSize of job (KB)
...
006 (5415472.255.000) 07/15 14:23:36 Image size of job updated: 1629952
	1040  -  MemoryUsage of job (MB)
	1064316  -  ResidentSetSize of job (KB)
...
006 (5415472.255.000) 07/15 14:42:18 Image size of job updated: 1629952
	1040  -  MemoryUsage of job (MB)
	1064324  -  ResidentSetSize of job (KB)
...
006 (5415472.255.000) 07/15 15:07:22 Image size of job updated: 1629952
	1040  -  MemoryUsage of job (MB)
	1064332  -  ResidentSetSize of job (KB)
...
006 (5415472.255.000) 07/15 15:32:25 Image size of job updated: 1629952
	1040  -  MemoryUsage of job (MB)
	1064340  -  ResidentSetSize of job (KB)
...
006 (5415472.255.000) 07/15 15:57:27 Image size of job updated: 1629952
	1040  -  MemoryUsage of job (MB)
	1064348  -  ResidentSetSize of job (KB)
...
006 (5415472.255.000) 07/15 16:17:29 Image size of job updated: 1629952
	1040  -  MemoryUsage of job (MB)
	1064356  -  ResidentSetSize of job (KB)
...
006 (5415472.255.000) 07/15 16:42:31 Image size of job updated: 1629952
	1040  -  MemoryUsage of job (MB)
	1064364  -  ResidentSetSize of job (KB)
...
006 (5415472.255.000) 07/15 17:02:33 Image size of job updated: 1629952
	1040  -  MemoryUsage of job (MB)
	1064372  -  ResidentSetSize of job (KB)
...
006 (5415472.255.000) 07/15 17:27:35 Image size of job updated: 1629952
	1040  -  MemoryUsage of job (MB)
	1064380  -  ResidentSetSize of job (KB)
...
006 (5415472.255.000) 07/15 17:47:36 Image size of job updated: 1629952
	1040  -  MemoryUsage of job (MB)
	1064388  -  ResidentSetSize of job (KB)
...
006 (5415472.255.000) 07/15 18:12:37 Image size of job updated: 1629952
	1040  -  MemoryUsage of job (MB)
	1064396  -  ResidentSetSize of job (KB)
...
006 (5415472.255.000) 07/15 18:37:39 Image size of job updated: 1629952
	1040  -  MemoryUsage of job (MB)
	1064404  -  ResidentSetSize of job (KB)
...
006 (5415472.255.000) 07/15 18:57:41 Image size of job updated: 1629952
	1040  -  MemoryUsage of job (MB)
	1064412  -  ResidentSetSize of job (KB)
...
006 (5415472.255.000) 07/15 19:17:43 Image size of job updated: 1629952
	1040  -  MemoryUsage of job (MB)
	1064420  -  ResidentSetSize of job (KB)
...
006 (5415472.255.000) 07/15 19:42:45 Image size of job updated: 1629952
	1040  -  MemoryUsage of job (MB)
	1064428  -  ResidentSetSize of job (KB)
...
006 (5415472.255.000) 07/15 20:02:46 Image size of job updated: 1629952
	1040  -  MemoryUsage of job (MB)
	1064436  -  ResidentSetSize of job (KB)
...
006 (5415472.255.000) 07/15 20:27:50 Image size of job updated: 1629952
	1040  -  MemoryUsage of job (MB)
	1064444  -  ResidentSetSize of job (KB)
...
006 (5415472.255.000) 07/15 20:52:53 Image size of job updated: 1629952
	1040  -  MemoryUsage of job (MB)
	1064452  -  ResidentSetSize of job (KB)
...
006 (5415472.255.000) 07/15 21:12:54 Image size of job updated: 1629952
	1040  -  MemoryUsage of job (MB)
	1064460  -  ResidentSetSize of job (KB)
...
006 (5415472.255.000) 07/15 21:37:57 Image size of job updated: 1629952
	1040  -  MemoryUsage of job (MB)
	1064468  -  ResidentSetSize of job (KB)
...
006 (5415472.255.000) 07/15 21:57:58 Image size of job updated: 1629952
	1040  -  MemoryUsage of job (MB)
	1064476  -  ResidentSetSize of job (KB)
...
006 (5415472.255.000) 07/15 22:23:00 Image size of job updated: 1629952
	1040  -  MemoryUsage of job (MB)
	1064484  -  ResidentSetSize of job (KB)
...
006 (5415472.255.000) 07/15 22:48:02 Image size of job updated: 1629952
	1040  -  MemoryUsage of job (MB)
	1064492  -  ResidentSetSize of job (KB)
...
006 (5415472.255.000) 07/15 23:08:05 Image size of job updated: 1629952
	1040  -  MemoryUsage of job (MB)
	1064500  -  ResidentSetSize of job (KB)
...
006 (5415472.255.000) 07/15 23:33:07 Image size of job updated: 1629952
	1040  -  MemoryUsage of job (MB)
	1064508  -  ResidentSetSize of job (KB)
...
006 (5415472.255.000) 07/15 23:53:09 Image size of job updated: 1629952
	1040  -  MemoryUsage of job (MB)
	1064516  -  ResidentSetSize of job (KB)
...
006 (5415472.255.000) 07/16 00:18:12 Image size of job updated: 1629952
	1040  -  MemoryUsage of job (MB)
	1064524  -  ResidentSetSize of job (KB)
...
006 (5415472.255.000) 07/16 00:38:13 Image size of job updated: 1629952
	1040  -  MemoryUsage of job (MB)
	1064532  -  ResidentSetSize of job (KB)
...
006 (5415472.255.000) 07/16 01:03:13 Image size of job updated: 1629952
	1040  -  MemoryUsage of job (MB)
	1064540  -  ResidentSetSize of job (KB)
...
006 (5415472.255.000) 07/16 01:23:14 Image size of job updated: 1629952
	1040  -  MemoryUsage of job (MB)
	1064548  -  ResidentSetSize of job (KB)
...
006 (5415472.255.000) 07/16 01:43:16 Image size of job updated: 1629952
	1040  -  MemoryUsage of job (MB)
	1064556  -  ResidentSetSize of job (KB)
...
006 (5415472.255.000) 07/16 02:08:18 Image size of job updated: 1629952
	1040  -  MemoryUsage of job (MB)
	1064564  -  ResidentSetSize of job (KB)
...
006 (5415472.255.000) 07/16 02:28:20 Image size of job updated: 1629952
	1040  -  MemoryUsage of job (MB)
	1064572  -  ResidentSetSize of job (KB)
...
006 (5415472.255.000) 07/16 02:48:23 Image size of job updated: 1629952
	1040  -  MemoryUsage of job (MB)
	1064580  -  ResidentSetSize of job (KB)
...
006 (5415472.255.000) 07/16 03:08:25 Image size of job updated: 1629952
	1040  -  MemoryUsage of job (MB)
	1064588  -  ResidentSetSize of job (KB)
...
006 (5415472.255.000) 07/16 03:28:26 Image size of job updated: 1629952
	1040  -  MemoryUsage of job (MB)
	1064596  -  ResidentSetSize of job (KB)
...
006 (5415472.255.000) 07/16 03:48:27 Image size of job updated: 1629952
	1040  -  MemoryUsage of job (MB)
	1064604  -  ResidentSetSize of job (KB)
...
006 (5415472.255.000) 07/16 04:08:29 Image size of job updated: 1629952
	1040  -  MemoryUsage of job (MB)
	1064612  -  ResidentSetSize of job (KB)
...
006 (5415472.255.000) 07/16 04:33:31 Image size of job updated: 1629952
	1040  -  MemoryUsage of job (MB)
	1064620  -  ResidentSetSize of job (KB)
...
006 (5415472.255.000) 07/16 04:53:32 Image size of job updated: 1629952
	1040  -  MemoryUsage of job (MB)
	1064628  -  ResidentSetSize of job (KB)
...
006 (5415472.255.000) 07/16 05:13:35 Image size of job updated: 1629952
	1040  -  MemoryUsage of job (MB)
	1064636  -  ResidentSetSize of job (KB)
...
006 (5415472.255.000) 07/16 05:38:38 Image size of job updated: 1629952
	1040  -  MemoryUsage of job (MB)
	1064644  -  ResidentSetSize of job (KB)
...
006 (5415472.255.000) 07/16 05:58:38 Image size of job updated: 1629952
	1040  -  MemoryUsage of job (MB)
	1064652  -  ResidentSetSize of job (KB)
...
006 (5415472.255.000) 07/16 06:18:41 Image size of job updated: 1629952
	1040  -  MemoryUsage of job (MB)
	1064660  -  ResidentSetSize of job (KB)
...
006 (5415472.255.000) 07/16 06:43:46 Image size of job updated: 1629952
	1040  -  MemoryUsage of job (MB)
	1064668  -  ResidentSetSize of job (KB)
...
006 (5415472.255.000) 07/16 07:03:48 Image size of job updated: 1629952
	1040  -  MemoryUsage of job (MB)
	1064676  -  ResidentSetSize of job (KB)
...
006 (5415472.255.000) 07/16 07:23:50 Image size of job updated: 1629952
	1040  -  MemoryUsage of job (MB)
	1064684  -  ResidentSetSize of job (KB)
...
006 (5415472.255.000) 07/16 07:43:54 Image size of job updated: 1629952
	1040  -  MemoryUsage of job (MB)
	1064692  -  ResidentSetSize of job (KB)
...
006 (5415472.255.000) 07/16 08:03:55 Image size of job updated: 1629952
	1040  -  MemoryUsage of job (MB)
	1064700  -  ResidentSetSize of job (KB)
...
006 (5415472.255.000) 07/16 08:18:56 Image size of job updated: 1629952
	1040  -  MemoryUsage of job (MB)
	1064708  -  ResidentSetSize of job (KB)
...
006 (5415472.255.000) 07/16 08:38:58 Image size of job updated: 1629952
	1040  -  MemoryUsage of job (MB)
	1064716  -  ResidentSetSize of job (KB)
...
006 (5415472.255.000) 07/16 08:58:59 Image size of job updated: 1629952
	1040  -  MemoryUsage of job (MB)
	1064724  -  ResidentSetSize of job (KB)
...
006 (5415472.255.000) 07/16 09:19:02 Image size of job updated: 1629952
	1040  -  MemoryUsage of job (MB)
	1064732  -  ResidentSetSize of job (KB)
...
006 (5415472.255.000) 07/16 09:39:04 Image size of job updated: 1629952
	1040  -  MemoryUsage of job (MB)
	1064740  -  ResidentSetSize of job (KB)
...
006 (5415472.255.000) 07/16 09:59:07 Image size of job updated: 1629952
	1040  -  MemoryUsage of job (MB)
	1064748  -  ResidentSetSize of job (KB)
...
006 (5415472.255.000) 07/16 10:24:09 Image size of job updated: 1629952
	1040  -  MemoryUsage of job (MB)
	1064756  -  ResidentSetSize of job (KB)
...
006 (5415472.255.000) 07/16 10:44:10 Image size of job updated: 1629952
	1040  -  MemoryUsage of job (MB)
	1064764  -  ResidentSetSize of job (KB)
...
006 (5415472.255.000) 07/16 11:04:10 Image size of job updated: 1629952
	1040  -  MemoryUsage of job (MB)
	1064772  -  ResidentSetSize of job (KB)
...
006 (5415472.255.000) 07/16 11:24:11 Image size of job updated: 1629952
	1040  -  MemoryUsage of job (MB)
	1064780  -  ResidentSetSize of job (KB)
...
006 (5415472.255.000) 07/16 11:44:13 Image size of job updated: 1629952
	1040  -  MemoryUsage of job (MB)
	1064788  -  ResidentSetSize of job (KB)
...
006 (5415472.255.000) 07/16 11:59:14 Image size of job updated: 1629952
	1040  -  MemoryUsage of job (MB)
	1064796  -  ResidentSetSize of job (KB)
...
006 (5415472.255.000) 07/16 12:19:30 Image size of job updated: 1629952
	1040  -  MemoryUsage of job (MB)
	1064804  -  ResidentSetSize of job (KB)
...
006 (5415472.255.000) 07/16 12:39:31 Image size of job updated: 1629952
	1040  -  MemoryUsage of job (MB)
	1064812  -  ResidentSetSize of job (KB)
...
006 (5415472.255.000) 07/16 12:59:34 Image size of job updated: 1629952
	1040  -  MemoryUsage of job (MB)
	1064820  -  ResidentSetSize of job (KB)
...
006 (5415472.255.000) 07/16 13:14:35 Image size of job updated: 1629952
	1040  -  MemoryUsage of job (MB)
	1064828  -  ResidentSetSize of job (KB)
...
006 (5415472.255.000) 07/16 13:34:36 Image size of job updated: 1629952
	1040  -  MemoryUsage of job (MB)
	1064836  -  ResidentSetSize of job (KB)
...
006 (5415472.255.000) 07/16 13:49:36 Image size of job updated: 1629952
	1040  -  MemoryUsage of job (MB)
	1064844  -  ResidentSetSize of job (KB)
...
006 (5415472.255.000) 07/16 14:09:37 Image size of job updated: 1629952
	1040  -  MemoryUsage of job (MB)
	1064852  -  ResidentSetSize of job (KB)
...
006 (5415472.255.000) 07/16 14:29:48 Image size of job updated: 1629952
	1040  -  MemoryUsage of job (MB)
	1064860  -  ResidentSetSize of job (KB)
...
006 (5415472.255.000) 07/16 14:49:42 Image size of job updated: 1629952
	1040  -  MemoryUsage of job (MB)
	1064868  -  ResidentSetSize of job (KB)
...
006 (5415472.255.000) 07/16 15:04:43 Image size of job updated: 1629952
	1040  -  MemoryUsage of job (MB)
	1064876  -  ResidentSetSize of job (KB)
...
040 (5415472.255.000) 07/16 15:21:47 Started transferring output files
...
040 (5415472.255.000) 07/16 15:21:47 Finished transferring output files
...
004 (5415472.255.000) 07/16 15:21:47 Job was evicted.
	(0) CPU times
		Usr 15 13:58:34, Sys 0 00:29:06  -  Run Remote Usage
		Usr 0 00:00:00, Sys 0 00:00:00  -  Run Local Usage
	96885  -  Run Bytes Sent By Job
	803  -  Run Bytes Received By Job
	Partitionable Resources :    Usage  Request Allocated 
	   Cpus                 :     3.14        4         4 
	   Disk (KB)            :   121    10485760  11300163 
	   Memory (MB)          :  1040        8000      8000 
...
