000 (5415472.404.000) 07/11 14:02:29 Job submitted from host: <137.138.156.150:9618?addrs=137.138.156.150-9618+[2001-1458-d00-14--9a]-9618&alias=bigbird13.cern.ch&noUDP&sock=schedd_1788_ff6c>
...
040 (5415472.404.000) 07/11 16:21:45 Started transferring input files
	Transferring to host: <188.184.204.14:9618?addrs=188.184.204.14-9618+[2001-1458-301-7d--100-10]-9618&alias=b7g27n0102.cern.ch&noUDP&sock=slot1_1_25964_bc99_115419>
...
040 (5415472.404.000) 07/11 16:21:45 Finished transferring input files
...
001 (5415472.404.000) 07/11 16:21:46 Job executing on host: <188.184.204.14:9618?addrs=188.184.204.14-9618+[2001-1458-301-7d--100-10]-9618&alias=b7g27n0102.cern.ch&noUDP&sock=startd_2272_fb43>
...
006 (5415472.404.000) 07/11 16:21:56 Image size of job updated: 113264
	1  -  MemoryUsage of job (MB)
	192  -  ResidentSetSize of job (KB)
...
006 (5415472.404.000) 07/11 16:26:56 Image size of job updated: 847896
	287  -  MemoryUsage of job (MB)
	293228  -  ResidentSetSize of job (KB)
...
006 (5415472.404.000) 07/11 16:31:57 Image size of job updated: 1138208
	570  -  MemoryUsage of job (MB)
	583500  -  ResidentSetSize of job (KB)
...
006 (5415472.404.000) 07/11 16:36:58 Image size of job updated: 1581996
	1004  -  MemoryUsage of job (MB)
	1027288  -  ResidentSetSize of job (KB)
...
006 (5415472.404.000) 07/11 16:41:58 Image size of job updated: 1591052
	1004  -  MemoryUsage of job (MB)
	1027480  -  ResidentSetSize of job (KB)
...
022 (5415472.404.000) 07/13 11:33:19 Job disconnected, attempting to reconnect
    Socket between submit and execute hosts closed unexpectedly
    Trying to reconnect to slot1_1@b7g27n0102.cern.ch <188.184.204.14:9618?addrs=188.184.204.14-9618+[2001-1458-301-7d--100-10]-9618&alias=b7g27n0102.cern.ch&noUDP&sock=startd_2272_fb43>
...
023 (5415472.404.000) 07/13 11:33:19 Job reconnected to slot1_1@b7g27n0102.cern.ch
    startd address: <188.184.204.14:9618?addrs=188.184.204.14-9618+[2001-1458-301-7d--100-10]-9618&alias=b7g27n0102.cern.ch&noUDP&sock=startd_2272_fb43>
    starter address: <188.184.204.14:9618?addrs=188.184.204.14-9618+[2001-1458-301-7d--100-10]-9618&alias=b7g27n0102.cern.ch&noUDP&sock=slot1_1_25964_bc99_115419>
...
006 (5415472.404.000) 07/14 09:41:18 Image size of job updated: 1592036
	1005  -  MemoryUsage of job (MB)
	1028380  -  ResidentSetSize of job (KB)
...
006 (5415472.404.000) 07/14 10:51:22 Image size of job updated: 1592940
	1006  -  MemoryUsage of job (MB)
	1029284  -  ResidentSetSize of job (KB)
...
006 (5415472.404.000) 07/14 11:56:32 Image size of job updated: 1592940
	1007  -  MemoryUsage of job (MB)
	1030188  -  ResidentSetSize of job (KB)
...
006 (5415472.404.000) 07/14 12:01:32 Image size of job updated: 1593844
	1007  -  MemoryUsage of job (MB)
	1030188  -  ResidentSetSize of job (KB)
...
006 (5415472.404.000) 07/14 13:06:38 Image size of job updated: 1594752
	1007  -  MemoryUsage of job (MB)
	1031096  -  ResidentSetSize of job (KB)
...
006 (5415472.404.000) 07/14 14:11:47 Image size of job updated: 1595656
	1008  -  MemoryUsage of job (MB)
	1032000  -  ResidentSetSize of job (KB)
...
006 (5415472.404.000) 07/14 15:21:58 Image size of job updated: 1596564
	1009  -  MemoryUsage of job (MB)
	1032908  -  ResidentSetSize of job (KB)
...
006 (5415472.404.000) 07/14 16:37:04 Image size of job updated: 1597468
	1010  -  MemoryUsage of job (MB)
	1033812  -  ResidentSetSize of job (KB)
...
006 (5415472.404.000) 07/14 17:52:12 Image size of job updated: 1598372
	1011  -  MemoryUsage of job (MB)
	1034716  -  ResidentSetSize of job (KB)
...
006 (5415472.404.000) 07/14 19:02:23 Image size of job updated: 1599280
	1012  -  MemoryUsage of job (MB)
	1035624  -  ResidentSetSize of job (KB)
...
006 (5415472.404.000) 07/14 20:07:30 Image size of job updated: 1599280
	1013  -  MemoryUsage of job (MB)
	1036528  -  ResidentSetSize of job (KB)
...
006 (5415472.404.000) 07/14 20:12:30 Image size of job updated: 1600184
	1013  -  MemoryUsage of job (MB)
	1036528  -  ResidentSetSize of job (KB)
...
007 (5415472.404.000) 07/14 21:13:40 Shadow exception!
	Assertion ERROR on (result)
	0  -  Run Bytes Sent By Job
	803  -  Run Bytes Received By Job
...
