000 (5415472.347.000) 07/11 14:02:29 Job submitted from host: <137.138.156.150:9618?addrs=137.138.156.150-9618+[2001-1458-d00-14--9a]-9618&alias=bigbird13.cern.ch&noUDP&sock=schedd_1788_ff6c>
...
040 (5415472.347.000) 07/11 15:08:21 Started transferring input files
	Transferring to host: <128.142.58.155:9618?addrs=128.142.58.155-9618+[2001-1458-301-16--100-9a]-9618&alias=b7s03p4304.cern.ch&noUDP&sock=slot1_13_6930_8fd3_3073>
...
040 (5415472.347.000) 07/11 15:08:21 Finished transferring input files
...
001 (5415472.347.000) 07/11 15:08:22 Job executing on host: <128.142.58.155:9618?addrs=128.142.58.155-9618+[2001-1458-301-16--100-9a]-9618&alias=b7s03p4304.cern.ch&noUDP&sock=startd_6469_c63f>
...
006 (5415472.347.000) 07/11 15:08:30 Image size of job updated: 138556
	76  -  MemoryUsage of job (MB)
	77548  -  ResidentSetSize of job (KB)
...
006 (5415472.347.000) 07/11 15:13:30 Image size of job updated: 1590972
	1004  -  MemoryUsage of job (MB)
	1027408  -  ResidentSetSize of job (KB)
...
006 (5415472.347.000) 07/12 20:56:36 Image size of job updated: 1591956
	1005  -  MemoryUsage of job (MB)
	1028316  -  ResidentSetSize of job (KB)
...
006 (5415472.347.000) 07/12 21:41:42 Image size of job updated: 1592860
	1006  -  MemoryUsage of job (MB)
	1029220  -  ResidentSetSize of job (KB)
...
006 (5415472.347.000) 07/12 22:26:47 Image size of job updated: 1593768
	1006  -  MemoryUsage of job (MB)
	1030128  -  ResidentSetSize of job (KB)
...
006 (5415472.347.000) 07/12 23:11:49 Image size of job updated: 1594672
	1007  -  MemoryUsage of job (MB)
	1031032  -  ResidentSetSize of job (KB)
...
006 (5415472.347.000) 07/12 23:56:54 Image size of job updated: 1595576
	1008  -  MemoryUsage of job (MB)
	1031936  -  ResidentSetSize of job (KB)
...
006 (5415472.347.000) 07/13 00:36:56 Image size of job updated: 1596484
	1009  -  MemoryUsage of job (MB)
	1032844  -  ResidentSetSize of job (KB)
...
006 (5415472.347.000) 07/13 01:22:01 Image size of job updated: 1597388
	1010  -  MemoryUsage of job (MB)
	1033748  -  ResidentSetSize of job (KB)
...
006 (5415472.347.000) 07/13 02:02:02 Image size of job updated: 1598296
	1011  -  MemoryUsage of job (MB)
	1034656  -  ResidentSetSize of job (KB)
...
006 (5415472.347.000) 07/13 02:42:05 Image size of job updated: 1599200
	1012  -  MemoryUsage of job (MB)
	1035560  -  ResidentSetSize of job (KB)
...
006 (5415472.347.000) 07/13 03:22:09 Image size of job updated: 1600104
	1013  -  MemoryUsage of job (MB)
	1036464  -  ResidentSetSize of job (KB)
...
006 (5415472.347.000) 07/13 04:02:11 Image size of job updated: 1601012
	1014  -  MemoryUsage of job (MB)
	1037372  -  ResidentSetSize of job (KB)
...
006 (5415472.347.000) 07/13 04:42:18 Image size of job updated: 1601916
	1014  -  MemoryUsage of job (MB)
	1038276  -  ResidentSetSize of job (KB)
...
006 (5415472.347.000) 07/13 05:22:21 Image size of job updated: 1602824
	1015  -  MemoryUsage of job (MB)
	1039184  -  ResidentSetSize of job (KB)
...
006 (5415472.347.000) 07/13 05:57:24 Image size of job updated: 1603728
	1016  -  MemoryUsage of job (MB)
	1040088  -  ResidentSetSize of job (KB)
...
006 (5415472.347.000) 07/13 06:37:27 Image size of job updated: 1604636
	1017  -  MemoryUsage of job (MB)
	1040996  -  ResidentSetSize of job (KB)
...
006 (5415472.347.000) 07/13 07:12:31 Image size of job updated: 1605540
	1018  -  MemoryUsage of job (MB)
	1041900  -  ResidentSetSize of job (KB)
...
006 (5415472.347.000) 07/13 07:47:35 Image size of job updated: 1605540
	1019  -  MemoryUsage of job (MB)
	1042804  -  ResidentSetSize of job (KB)
...
006 (5415472.347.000) 07/13 07:52:35 Image size of job updated: 1606444
	1019  -  MemoryUsage of job (MB)
	1042804  -  ResidentSetSize of job (KB)
...
006 (5415472.347.000) 07/13 08:27:37 Image size of job updated: 1607352
	1020  -  MemoryUsage of job (MB)
	1043712  -  ResidentSetSize of job (KB)
...
006 (5415472.347.000) 07/13 09:07:40 Image size of job updated: 1608256
	1021  -  MemoryUsage of job (MB)
	1044616  -  ResidentSetSize of job (KB)
...
006 (5415472.347.000) 07/13 09:42:43 Image size of job updated: 1609164
	1022  -  MemoryUsage of job (MB)
	1045524  -  ResidentSetSize of job (KB)
...
006 (5415472.347.000) 07/13 10:17:47 Image size of job updated: 1610068
	1022  -  MemoryUsage of job (MB)
	1046384  -  ResidentSetSize of job (KB)
...
006 (5415472.347.000) 07/13 10:37:50 Image size of job updated: 1613140
	1024  -  MemoryUsage of job (MB)
	1047832  -  ResidentSetSize of job (KB)
...
006 (5415472.347.000) 07/13 11:32:57 Image size of job updated: 1614044
	1024  -  MemoryUsage of job (MB)
	1048248  -  ResidentSetSize of job (KB)
...
006 (5415472.347.000) 07/13 12:13:01 Image size of job updated: 1614952
	1025  -  MemoryUsage of job (MB)
	1048972  -  ResidentSetSize of job (KB)
...
006 (5415472.347.000) 07/13 12:28:04 Image size of job updated: 1614952
	1025  -  MemoryUsage of job (MB)
	1048984  -  ResidentSetSize of job (KB)
...
006 (5415472.347.000) 07/13 12:43:06 Image size of job updated: 1614952
	1025  -  MemoryUsage of job (MB)
	1048996  -  ResidentSetSize of job (KB)
...
006 (5415472.347.000) 07/13 12:48:07 Image size of job updated: 1615856
	1026  -  MemoryUsage of job (MB)
	1049900  -  ResidentSetSize of job (KB)
...
006 (5415472.347.000) 07/13 13:03:09 Image size of job updated: 1615856
	1026  -  MemoryUsage of job (MB)
	1049912  -  ResidentSetSize of job (KB)
...
006 (5415472.347.000) 07/13 13:23:11 Image size of job updated: 1616764
	1027  -  MemoryUsage of job (MB)
	1050832  -  ResidentSetSize of job (KB)
...
006 (5415472.347.000) 07/13 13:38:13 Image size of job updated: 1616764
	1027  -  MemoryUsage of job (MB)
	1050844  -  ResidentSetSize of job (KB)
...
006 (5415472.347.000) 07/13 13:58:13 Image size of job updated: 1617668
	1028  -  MemoryUsage of job (MB)
	1051760  -  ResidentSetSize of job (KB)
...
006 (5415472.347.000) 07/13 14:18:16 Image size of job updated: 1617668
	1028  -  MemoryUsage of job (MB)
	1051772  -  ResidentSetSize of job (KB)
...
006 (5415472.347.000) 07/13 14:33:19 Image size of job updated: 1618572
	1029  -  MemoryUsage of job (MB)
	1052676  -  ResidentSetSize of job (KB)
...
006 (5415472.347.000) 07/13 14:38:19 Image size of job updated: 1618572
	1029  -  MemoryUsage of job (MB)
	1052688  -  ResidentSetSize of job (KB)
...
006 (5415472.347.000) 07/13 14:53:21 Image size of job updated: 1618572
	1029  -  MemoryUsage of job (MB)
	1052696  -  ResidentSetSize of job (KB)
...
006 (5415472.347.000) 07/13 14:58:22 Image size of job updated: 1618572
	1029  -  MemoryUsage of job (MB)
	1052700  -  ResidentSetSize of job (KB)
...
006 (5415472.347.000) 07/13 15:08:23 Image size of job updated: 1619480
	1029  -  MemoryUsage of job (MB)
	1053608  -  ResidentSetSize of job (KB)
...
006 (5415472.347.000) 07/13 15:13:23 Image size of job updated: 1619480
	1029  -  MemoryUsage of job (MB)
	1053620  -  ResidentSetSize of job (KB)
...
006 (5415472.347.000) 07/13 15:33:25 Image size of job updated: 1619480
	1029  -  MemoryUsage of job (MB)
	1053632  -  ResidentSetSize of job (KB)
...
006 (5415472.347.000) 07/13 15:43:26 Image size of job updated: 1620384
	1030  -  MemoryUsage of job (MB)
	1054536  -  ResidentSetSize of job (KB)
...
006 (5415472.347.000) 07/13 15:53:26 Image size of job updated: 1620384
	1030  -  MemoryUsage of job (MB)
	1054548  -  ResidentSetSize of job (KB)
...
006 (5415472.347.000) 07/13 16:13:27 Image size of job updated: 1620384
	1030  -  MemoryUsage of job (MB)
	1054560  -  ResidentSetSize of job (KB)
...
006 (5415472.347.000) 07/13 16:18:27 Image size of job updated: 1620384
	1031  -  MemoryUsage of job (MB)
	1055468  -  ResidentSetSize of job (KB)
...
006 (5415472.347.000) 07/13 16:23:28 Image size of job updated: 1621292
	1031  -  MemoryUsage of job (MB)
	1055468  -  ResidentSetSize of job (KB)
...
006 (5415472.347.000) 07/13 16:33:28 Image size of job updated: 1621292
	1031  -  MemoryUsage of job (MB)
	1055480  -  ResidentSetSize of job (KB)
...
006 (5415472.347.000) 07/13 16:48:29 Image size of job updated: 1621292
	1031  -  MemoryUsage of job (MB)
	1055492  -  ResidentSetSize of job (KB)
...
006 (5415472.347.000) 07/13 16:58:30 Image size of job updated: 1622196
	1032  -  MemoryUsage of job (MB)
	1056396  -  ResidentSetSize of job (KB)
...
006 (5415472.347.000) 07/13 17:08:32 Image size of job updated: 1622196
	1032  -  MemoryUsage of job (MB)
	1056404  -  ResidentSetSize of job (KB)
...
006 (5415472.347.000) 07/13 17:13:32 Image size of job updated: 1622196
	1032  -  MemoryUsage of job (MB)
	1056408  -  ResidentSetSize of job (KB)
...
006 (5415472.347.000) 07/13 17:31:38 Image size of job updated: 1622196
	1032  -  MemoryUsage of job (MB)
	1056420  -  ResidentSetSize of job (KB)
...
006 (5415472.347.000) 07/13 17:40:52 Image size of job updated: 1623104
	1033  -  MemoryUsage of job (MB)
	1057328  -  ResidentSetSize of job (KB)
...
006 (5415472.347.000) 07/13 17:48:16 Image size of job updated: 1623104
	1033  -  MemoryUsage of job (MB)
	1057340  -  ResidentSetSize of job (KB)
...
006 (5415472.347.000) 07/13 18:08:19 Image size of job updated: 1624008
	1034  -  MemoryUsage of job (MB)
	1058256  -  ResidentSetSize of job (KB)
...
006 (5415472.347.000) 07/13 18:28:21 Image size of job updated: 1624008
	1034  -  MemoryUsage of job (MB)
	1058268  -  ResidentSetSize of job (KB)
...
006 (5415472.347.000) 07/13 18:48:23 Image size of job updated: 1624912
	1035  -  MemoryUsage of job (MB)
	1059184  -  ResidentSetSize of job (KB)
...
006 (5415472.347.000) 07/13 19:08:25 Image size of job updated: 1624912
	1035  -  MemoryUsage of job (MB)
	1059196  -  ResidentSetSize of job (KB)
...
006 (5415472.347.000) 07/13 19:23:27 Image size of job updated: 1625820
	1036  -  MemoryUsage of job (MB)
	1060104  -  ResidentSetSize of job (KB)
...
006 (5415472.347.000) 07/13 19:28:28 Image size of job updated: 1625820
	1036  -  MemoryUsage of job (MB)
	1060116  -  ResidentSetSize of job (KB)
...
006 (5415472.347.000) 07/13 19:48:29 Image size of job updated: 1625820
	1036  -  MemoryUsage of job (MB)
	1060128  -  ResidentSetSize of job (KB)
...
006 (5415472.347.000) 07/13 20:03:31 Image size of job updated: 1626724
	1037  -  MemoryUsage of job (MB)
	1061032  -  ResidentSetSize of job (KB)
...
006 (5415472.347.000) 07/13 20:08:31 Image size of job updated: 1626724
	1037  -  MemoryUsage of job (MB)
	1061044  -  ResidentSetSize of job (KB)
...
006 (5415472.347.000) 07/13 20:28:34 Image size of job updated: 1626724
	1037  -  MemoryUsage of job (MB)
	1061056  -  ResidentSetSize of job (KB)
...
006 (5415472.347.000) 07/13 20:43:36 Image size of job updated: 1627632
	1038  -  MemoryUsage of job (MB)
	1061964  -  ResidentSetSize of job (KB)
...
006 (5415472.347.000) 07/13 20:48:37 Image size of job updated: 1627632
	1038  -  MemoryUsage of job (MB)
	1061976  -  ResidentSetSize of job (KB)
...
006 (5415472.347.000) 07/13 21:08:39 Image size of job updated: 1627632
	1038  -  MemoryUsage of job (MB)
	1061988  -  ResidentSetSize of job (KB)
...
006 (5415472.347.000) 07/13 21:18:40 Image size of job updated: 1628536
	1038  -  MemoryUsage of job (MB)
	1062892  -  ResidentSetSize of job (KB)
...
006 (5415472.347.000) 07/13 21:28:42 Image size of job updated: 1628536
	1038  -  MemoryUsage of job (MB)
	1062904  -  ResidentSetSize of job (KB)
...
006 (5415472.347.000) 07/13 21:43:44 Image size of job updated: 1628536
	1039  -  MemoryUsage of job (MB)
	1062916  -  ResidentSetSize of job (KB)
...
006 (5415472.347.000) 07/13 21:53:45 Image size of job updated: 1629440
	1039  -  MemoryUsage of job (MB)
	1063820  -  ResidentSetSize of job (KB)
...
006 (5415472.347.000) 07/13 22:03:46 Image size of job updated: 1629440
	1039  -  MemoryUsage of job (MB)
	1063832  -  ResidentSetSize of job (KB)
...
006 (5415472.347.000) 07/13 22:23:47 Image size of job updated: 1629440
	1039  -  MemoryUsage of job (MB)
	1063844  -  ResidentSetSize of job (KB)
...
006 (5415472.347.000) 07/13 22:28:47 Image size of job updated: 1630348
	1040  -  MemoryUsage of job (MB)
	1064752  -  ResidentSetSize of job (KB)
...
006 (5415472.347.000) 07/13 22:43:50 Image size of job updated: 1630348
	1040  -  MemoryUsage of job (MB)
	1064764  -  ResidentSetSize of job (KB)
...
006 (5415472.347.000) 07/13 23:03:55 Image size of job updated: 1630348
	1040  -  MemoryUsage of job (MB)
	1064776  -  ResidentSetSize of job (KB)
...
006 (5415472.347.000) 07/13 23:08:55 Image size of job updated: 1631252
	1041  -  MemoryUsage of job (MB)
	1065680  -  ResidentSetSize of job (KB)
...
006 (5415472.347.000) 07/13 23:23:58 Image size of job updated: 1631252
	1041  -  MemoryUsage of job (MB)
	1065692  -  ResidentSetSize of job (KB)
...
006 (5415472.347.000) 07/13 23:48:59 Image size of job updated: 1632160
	1042  -  MemoryUsage of job (MB)
	1066612  -  ResidentSetSize of job (KB)
...
006 (5415472.347.000) 07/14 00:09:00 Image size of job updated: 1632160
	1042  -  MemoryUsage of job (MB)
	1066624  -  ResidentSetSize of job (KB)
...
006 (5415472.347.000) 07/14 00:34:04 Image size of job updated: 1633064
	1043  -  MemoryUsage of job (MB)
	1067540  -  ResidentSetSize of job (KB)
...
006 (5415472.347.000) 07/14 00:54:04 Image size of job updated: 1633064
	1043  -  MemoryUsage of job (MB)
	1067548  -  ResidentSetSize of job (KB)
...
006 (5415472.347.000) 07/14 00:59:06 Image size of job updated: 1633064
	1043  -  MemoryUsage of job (MB)
	1067552  -  ResidentSetSize of job (KB)
...
006 (5415472.347.000) 07/14 01:14:08 Image size of job updated: 1633968
	1044  -  MemoryUsage of job (MB)
	1068456  -  ResidentSetSize of job (KB)
...
006 (5415472.347.000) 07/14 01:19:08 Image size of job updated: 1633968
	1044  -  MemoryUsage of job (MB)
	1068468  -  ResidentSetSize of job (KB)
...
006 (5415472.347.000) 07/14 01:39:09 Image size of job updated: 1633968
	1044  -  MemoryUsage of job (MB)
	1068480  -  ResidentSetSize of job (KB)
...
006 (5415472.347.000) 07/14 01:54:11 Image size of job updated: 1634876
	1045  -  MemoryUsage of job (MB)
	1069388  -  ResidentSetSize of job (KB)
...
006 (5415472.347.000) 07/14 02:04:11 Image size of job updated: 1634876
	1045  -  MemoryUsage of job (MB)
	1069400  -  ResidentSetSize of job (KB)
...
006 (5415472.347.000) 07/14 02:24:11 Image size of job updated: 1634876
	1045  -  MemoryUsage of job (MB)
	1069412  -  ResidentSetSize of job (KB)
...
006 (5415472.347.000) 07/14 02:34:11 Image size of job updated: 1639404
	1049  -  MemoryUsage of job (MB)
	1073944  -  ResidentSetSize of job (KB)
...
006 (5415472.347.000) 07/14 02:44:11 Image size of job updated: 1639404
	1049  -  MemoryUsage of job (MB)
	1073956  -  ResidentSetSize of job (KB)
...
006 (5415472.347.000) 07/14 03:04:12 Image size of job updated: 1639404
	1049  -  MemoryUsage of job (MB)
	1073968  -  ResidentSetSize of job (KB)
...
006 (5415472.347.000) 07/14 03:24:16 Image size of job updated: 1639404
	1049  -  MemoryUsage of job (MB)
	1073980  -  ResidentSetSize of job (KB)
...
006 (5415472.347.000) 07/14 03:49:18 Image size of job updated: 1639404
	1049  -  MemoryUsage of job (MB)
	1073992  -  ResidentSetSize of job (KB)
...
006 (5415472.347.000) 07/14 04:09:21 Image size of job updated: 1639404
	1049  -  MemoryUsage of job (MB)
	1074004  -  ResidentSetSize of job (KB)
...
006 (5415472.347.000) 07/14 04:29:24 Image size of job updated: 1639404
	1049  -  MemoryUsage of job (MB)
	1074016  -  ResidentSetSize of job (KB)
...
006 (5415472.347.000) 07/14 04:49:27 Image size of job updated: 1639404
	1049  -  MemoryUsage of job (MB)
	1074028  -  ResidentSetSize of job (KB)
...
006 (5415472.347.000) 07/14 05:09:29 Image size of job updated: 1639404
	1049  -  MemoryUsage of job (MB)
	1074040  -  ResidentSetSize of job (KB)
...
006 (5415472.347.000) 07/14 05:29:31 Image size of job updated: 1639404
	1049  -  MemoryUsage of job (MB)
	1074052  -  ResidentSetSize of job (KB)
...
006 (5415472.347.000) 07/14 05:49:33 Image size of job updated: 1639404
	1049  -  MemoryUsage of job (MB)
	1074064  -  ResidentSetSize of job (KB)
...
006 (5415472.347.000) 07/14 06:09:35 Image size of job updated: 1639404
	1049  -  MemoryUsage of job (MB)
	1074076  -  ResidentSetSize of job (KB)
...
006 (5415472.347.000) 07/14 06:29:36 Image size of job updated: 1639404
	1049  -  MemoryUsage of job (MB)
	1074088  -  ResidentSetSize of job (KB)
...
006 (5415472.347.000) 07/14 06:49:38 Image size of job updated: 1639404
	1049  -  MemoryUsage of job (MB)
	1074100  -  ResidentSetSize of job (KB)
...
006 (5415472.347.000) 07/14 07:14:41 Image size of job updated: 1639404
	1049  -  MemoryUsage of job (MB)
	1074112  -  ResidentSetSize of job (KB)
...
006 (5415472.347.000) 07/14 07:34:43 Image size of job updated: 1639404
	1049  -  MemoryUsage of job (MB)
	1074124  -  ResidentSetSize of job (KB)
...
006 (5415472.347.000) 07/14 07:54:44 Image size of job updated: 1639404
	1049  -  MemoryUsage of job (MB)
	1074136  -  ResidentSetSize of job (KB)
...
006 (5415472.347.000) 07/14 08:14:45 Image size of job updated: 1639404
	1049  -  MemoryUsage of job (MB)
	1074148  -  ResidentSetSize of job (KB)
...
006 (5415472.347.000) 07/14 08:34:47 Image size of job updated: 1639404
	1049  -  MemoryUsage of job (MB)
	1074160  -  ResidentSetSize of job (KB)
...
006 (5415472.347.000) 07/14 08:54:49 Image size of job updated: 1639404
	1049  -  MemoryUsage of job (MB)
	1074172  -  ResidentSetSize of job (KB)
...
006 (5415472.347.000) 07/14 09:14:50 Image size of job updated: 1639404
	1050  -  MemoryUsage of job (MB)
	1074184  -  ResidentSetSize of job (KB)
...
006 (5415472.347.000) 07/14 09:34:52 Image size of job updated: 1639404
	1050  -  MemoryUsage of job (MB)
	1074196  -  ResidentSetSize of job (KB)
...
006 (5415472.347.000) 07/14 09:54:56 Image size of job updated: 1639404
	1050  -  MemoryUsage of job (MB)
	1074208  -  ResidentSetSize of job (KB)
...
006 (5415472.347.000) 07/14 10:09:58 Image size of job updated: 1639404
	1050  -  MemoryUsage of job (MB)
	1074216  -  ResidentSetSize of job (KB)
...
006 (5415472.347.000) 07/14 10:14:58 Image size of job updated: 1639404
	1050  -  MemoryUsage of job (MB)
	1074220  -  ResidentSetSize of job (KB)
...
006 (5415472.347.000) 07/14 10:29:59 Image size of job updated: 1639404
	1050  -  MemoryUsage of job (MB)
	1074232  -  ResidentSetSize of job (KB)
...
006 (5415472.347.000) 07/14 10:45:01 Image size of job updated: 1639404
	1050  -  MemoryUsage of job (MB)
	1074240  -  ResidentSetSize of job (KB)
...
006 (5415472.347.000) 07/14 10:50:02 Image size of job updated: 1639404
	1050  -  MemoryUsage of job (MB)
	1074244  -  ResidentSetSize of job (KB)
...
006 (5415472.347.000) 07/14 11:05:04 Image size of job updated: 1639404
	1050  -  MemoryUsage of job (MB)
	1074256  -  ResidentSetSize of job (KB)
...
006 (5415472.347.000) 07/14 11:25:04 Image size of job updated: 1639404
	1050  -  MemoryUsage of job (MB)
	1074268  -  ResidentSetSize of job (KB)
...
006 (5415472.347.000) 07/14 11:45:07 Image size of job updated: 1639404
	1050  -  MemoryUsage of job (MB)
	1074280  -  ResidentSetSize of job (KB)
...
006 (5415472.347.000) 07/14 12:00:10 Image size of job updated: 1639404
	1050  -  MemoryUsage of job (MB)
	1074292  -  ResidentSetSize of job (KB)
...
006 (5415472.347.000) 07/14 12:15:10 Image size of job updated: 1639404
	1050  -  MemoryUsage of job (MB)
	1074304  -  ResidentSetSize of job (KB)
...
006 (5415472.347.000) 07/14 12:35:14 Image size of job updated: 1639404
	1050  -  MemoryUsage of job (MB)
	1074316  -  ResidentSetSize of job (KB)
...
006 (5415472.347.000) 07/14 12:55:15 Image size of job updated: 1639404
	1050  -  MemoryUsage of job (MB)
	1074328  -  ResidentSetSize of job (KB)
...
006 (5415472.347.000) 07/14 13:10:17 Image size of job updated: 1639404
	1050  -  MemoryUsage of job (MB)
	1074340  -  ResidentSetSize of job (KB)
...
006 (5415472.347.000) 07/14 13:30:18 Image size of job updated: 1639404
	1050  -  MemoryUsage of job (MB)
	1074352  -  ResidentSetSize of job (KB)
...
006 (5415472.347.000) 07/14 13:45:20 Image size of job updated: 1639404
	1050  -  MemoryUsage of job (MB)
	1074364  -  ResidentSetSize of job (KB)
...
006 (5415472.347.000) 07/14 14:05:21 Image size of job updated: 1639404
	1050  -  MemoryUsage of job (MB)
	1074376  -  ResidentSetSize of job (KB)
...
006 (5415472.347.000) 07/14 14:25:23 Image size of job updated: 1639404
	1050  -  MemoryUsage of job (MB)
	1074388  -  ResidentSetSize of job (KB)
...
006 (5415472.347.000) 07/14 14:45:26 Image size of job updated: 1639404
	1050  -  MemoryUsage of job (MB)
	1074400  -  ResidentSetSize of job (KB)
...
006 (5415472.347.000) 07/14 15:05:28 Image size of job updated: 1639404
	1050  -  MemoryUsage of job (MB)
	1074412  -  ResidentSetSize of job (KB)
...
006 (5415472.347.000) 07/14 15:25:29 Image size of job updated: 1639404
	1050  -  MemoryUsage of job (MB)
	1074424  -  ResidentSetSize of job (KB)
...
006 (5415472.347.000) 07/14 15:40:30 Image size of job updated: 1639404
	1050  -  MemoryUsage of job (MB)
	1074436  -  ResidentSetSize of job (KB)
...
006 (5415472.347.000) 07/14 16:00:30 Image size of job updated: 1639404
	1050  -  MemoryUsage of job (MB)
	1074448  -  ResidentSetSize of job (KB)
...
006 (5415472.347.000) 07/14 16:15:31 Image size of job updated: 1639404
	1050  -  MemoryUsage of job (MB)
	1074460  -  ResidentSetSize of job (KB)
...
006 (5415472.347.000) 07/14 16:35:32 Image size of job updated: 1639404
	1050  -  MemoryUsage of job (MB)
	1074472  -  ResidentSetSize of job (KB)
...
006 (5415472.347.000) 07/14 16:55:34 Image size of job updated: 1639404
	1050  -  MemoryUsage of job (MB)
	1074484  -  ResidentSetSize of job (KB)
...
006 (5415472.347.000) 07/14 17:15:34 Image size of job updated: 1639404
	1050  -  MemoryUsage of job (MB)
	1074496  -  ResidentSetSize of job (KB)
...
006 (5415472.347.000) 07/14 17:35:36 Image size of job updated: 1639404
	1050  -  MemoryUsage of job (MB)
	1074508  -  ResidentSetSize of job (KB)
...
006 (5415472.347.000) 07/14 17:55:37 Image size of job updated: 1639404
	1050  -  MemoryUsage of job (MB)
	1074520  -  ResidentSetSize of job (KB)
...
006 (5415472.347.000) 07/14 18:20:40 Image size of job updated: 1639404
	1050  -  MemoryUsage of job (MB)
	1074532  -  ResidentSetSize of job (KB)
...
006 (5415472.347.000) 07/14 18:35:41 Image size of job updated: 1639404
	1050  -  MemoryUsage of job (MB)
	1074544  -  ResidentSetSize of job (KB)
...
006 (5415472.347.000) 07/14 19:00:45 Image size of job updated: 1639404
	1050  -  MemoryUsage of job (MB)
	1074556  -  ResidentSetSize of job (KB)
...
006 (5415472.347.000) 07/14 19:20:48 Image size of job updated: 1639404
	1050  -  MemoryUsage of job (MB)
	1074568  -  ResidentSetSize of job (KB)
...
006 (5415472.347.000) 07/14 19:40:51 Image size of job updated: 1639404
	1050  -  MemoryUsage of job (MB)
	1074580  -  ResidentSetSize of job (KB)
...
006 (5415472.347.000) 07/14 20:05:52 Image size of job updated: 1639404
	1050  -  MemoryUsage of job (MB)
	1074592  -  ResidentSetSize of job (KB)
...
006 (5415472.347.000) 07/14 20:25:53 Image size of job updated: 1639404
	1050  -  MemoryUsage of job (MB)
	1074604  -  ResidentSetSize of job (KB)
...
006 (5415472.347.000) 07/14 20:45:55 Image size of job updated: 1639404
	1050  -  MemoryUsage of job (MB)
	1074616  -  ResidentSetSize of job (KB)
...
007 (5415472.347.000) 07/14 21:01:59 Shadow exception!
	Assertion ERROR on (result)
	0  -  Run Bytes Sent By Job
	803  -  Run Bytes Received By Job
...
040 (5415472.347.000) 07/15 00:31:58 Started transferring input files
	Transferring to host: <188.184.205.7:9618?addrs=188.184.205.7-9618+[2001-1458-301-7d--100-11f]-9618&alias=b7g27n0492.cern.ch&noUDP&sock=slot1_1_16160_ee8a_117397>
...
040 (5415472.347.000) 07/15 00:31:58 Finished transferring input files
...
001 (5415472.347.000) 07/15 00:31:59 Job executing on host: <188.184.205.7:9618?addrs=188.184.205.7-9618+[2001-1458-301-7d--100-11f]-9618&alias=b7g27n0492.cern.ch&noUDP&sock=startd_2340_9fb4>
...
