000 (5415472.349.000) 07/11 14:02:29 Job submitted from host: <137.138.156.150:9618?addrs=137.138.156.150-9618+[2001-1458-d00-14--9a]-9618&alias=bigbird13.cern.ch&noUDP&sock=schedd_1788_ff6c>
...
040 (5415472.349.000) 07/11 16:03:38 Started transferring input files
	Transferring to host: <128.142.193.140:9618?addrs=128.142.193.140-9618&alias=b7g52n6136.cern.ch&noUDP&sock=slot1_2_6588_9785_71125>
...
040 (5415472.349.000) 07/11 16:03:38 Finished transferring input files
...
001 (5415472.349.000) 07/11 16:03:39 Job executing on host: <128.142.193.140:9618?addrs=128.142.193.140-9618&alias=b7g52n6136.cern.ch&noUDP&sock=startd_5322_071e>
...
006 (5415472.349.000) 07/11 16:03:48 Image size of job updated: 125796
	64  -  MemoryUsage of job (MB)
	64812  -  ResidentSetSize of job (KB)
...
006 (5415472.349.000) 07/11 16:08:49 Image size of job updated: 1590952
	1004  -  MemoryUsage of job (MB)
	1027412  -  ResidentSetSize of job (KB)
...
006 (5415472.349.000) 07/13 20:33:11 Image size of job updated: 1591936
	1005  -  MemoryUsage of job (MB)
	1028100  -  ResidentSetSize of job (KB)
...
006 (5415472.349.000) 07/13 21:38:18 Image size of job updated: 1592840
	1005  -  MemoryUsage of job (MB)
	1029004  -  ResidentSetSize of job (KB)
...
006 (5415472.349.000) 07/13 22:43:24 Image size of job updated: 1593748
	1006  -  MemoryUsage of job (MB)
	1029912  -  ResidentSetSize of job (KB)
...
006 (5415472.349.000) 07/13 23:48:28 Image size of job updated: 1594652
	1007  -  MemoryUsage of job (MB)
	1030816  -  ResidentSetSize of job (KB)
...
006 (5415472.349.000) 07/14 00:48:32 Image size of job updated: 1595556
	1008  -  MemoryUsage of job (MB)
	1031720  -  ResidentSetSize of job (KB)
...
006 (5415472.349.000) 07/14 01:48:36 Image size of job updated: 1596464
	1009  -  MemoryUsage of job (MB)
	1032628  -  ResidentSetSize of job (KB)
...
006 (5415472.349.000) 07/14 02:38:42 Image size of job updated: 1597368
	1010  -  MemoryUsage of job (MB)
	1033532  -  ResidentSetSize of job (KB)
...
006 (5415472.349.000) 07/14 03:38:44 Image size of job updated: 1598276
	1011  -  MemoryUsage of job (MB)
	1034440  -  ResidentSetSize of job (KB)
...
006 (5415472.349.000) 07/14 04:28:48 Image size of job updated: 1599180
	1012  -  MemoryUsage of job (MB)
	1035316  -  ResidentSetSize of job (KB)
...
006 (5415472.349.000) 07/14 05:28:54 Image size of job updated: 1603708
	1016  -  MemoryUsage of job (MB)
	1039804  -  ResidentSetSize of job (KB)
...
040 (5415472.349.000) 07/14 15:53:39 Started transferring output files
...
040 (5415472.349.000) 07/14 15:53:39 Finished transferring output files
...
004 (5415472.349.000) 07/14 15:53:39 Job was evicted.
	(0) CPU times
		Usr 8 13:49:45, Sys 0 00:02:24  -  Run Remote Usage
		Usr 0 00:00:00, Sys 0 00:00:00  -  Run Local Usage
	96183  -  Run Bytes Sent By Job
	803  -  Run Bytes Received By Job
	Partitionable Resources :    Usage  Request Allocated 
	   Cpus                 :     2.99        4         4 
	   Disk (KB)            :   120    10485760  10779845 
	   Memory (MB)          :  1016        8000      8000 
...
040 (5415472.349.000) 07/15 00:43:48 Started transferring input files
	Transferring to host: <128.142.86.176:9618?addrs=128.142.86.176-9618+[2001-1458-301-f6--100-a8]-9618&alias=b7s14n5184.cern.ch&noUDP&sock=slot1_1_2550_74a1_25240>
...
040 (5415472.349.000) 07/15 00:43:48 Finished transferring input files
...
001 (5415472.349.000) 07/15 00:43:49 Job executing on host: <128.142.86.176:9618?addrs=128.142.86.176-9618+[2001-1458-301-f6--100-a8]-9618&alias=b7s14n5184.cern.ch&noUDP&sock=startd_2326_0560>
...
040 (5415472.349.000) 07/18 20:16:48 Started transferring output files
...
040 (5415472.349.000) 07/18 20:16:49 Finished transferring output files
...
004 (5415472.349.000) 07/18 20:16:49 Job was evicted.
	(0) CPU times
		Usr 10 22:58:45, Sys 0 00:02:50  -  Run Remote Usage
		Usr 0 00:00:00, Sys 0 00:00:00  -  Run Local Usage
	96411  -  Run Bytes Sent By Job
	96986  -  Run Bytes Received By Job
	Partitionable Resources :    Usage  Request Allocated 
	   Cpus                 :     2.92        4         4 
	   Disk (KB)            :   123    10485760  10855366 
	   Memory (MB)          :  1221        8000      8000 
...
