000 (5415472.449.000) 07/11 14:02:30 Job submitted from host: <137.138.156.150:9618?addrs=137.138.156.150-9618+[2001-1458-d00-14--9a]-9618&alias=bigbird13.cern.ch&noUDP&sock=schedd_1788_ff6c>
...
040 (5415472.449.000) 07/12 06:06:40 Started transferring input files
	Transferring to host: <128.142.76.144:9618?addrs=128.142.76.144-9618+[2001-1458-301-f4--100-39a]-9618&alias=b7s12n5718.cern.ch&noUDP&sock=slot1_2_5692_4761_67487>
...
040 (5415472.449.000) 07/12 06:06:40 Finished transferring input files
...
001 (5415472.449.000) 07/12 06:06:41 Job executing on host: <128.142.76.144:9618?addrs=128.142.76.144-9618+[2001-1458-301-f4--100-39a]-9618&alias=b7s12n5718.cern.ch&noUDP&sock=startd_4619_d40a>
...
006 (5415472.449.000) 07/12 06:06:50 Image size of job updated: 368460
	300  -  MemoryUsage of job (MB)
	306792  -  ResidentSetSize of job (KB)
...
006 (5415472.449.000) 07/12 06:11:50 Image size of job updated: 1590940
	1004  -  MemoryUsage of job (MB)
	1027396  -  ResidentSetSize of job (KB)
...
006 (5415472.449.000) 07/14 07:03:19 Image size of job updated: 1591920
	1004  -  MemoryUsage of job (MB)
	1027396  -  ResidentSetSize of job (KB)
...
006 (5415472.449.000) 07/14 07:58:24 Image size of job updated: 1592828
	1004  -  MemoryUsage of job (MB)
	1027396  -  ResidentSetSize of job (KB)
...
006 (5415472.449.000) 07/14 08:43:29 Image size of job updated: 1593732
	1004  -  MemoryUsage of job (MB)
	1027396  -  ResidentSetSize of job (KB)
...
006 (5415472.449.000) 07/14 09:28:33 Image size of job updated: 1594640
	1004  -  MemoryUsage of job (MB)
	1027396  -  ResidentSetSize of job (KB)
...
006 (5415472.449.000) 07/14 10:13:37 Image size of job updated: 1595544
	1004  -  MemoryUsage of job (MB)
	1027396  -  ResidentSetSize of job (KB)
...
006 (5415472.449.000) 07/14 11:03:40 Image size of job updated: 1596452
	1004  -  MemoryUsage of job (MB)
	1027396  -  ResidentSetSize of job (KB)
...
006 (5415472.449.000) 07/14 11:58:47 Image size of job updated: 1597356
	1004  -  MemoryUsage of job (MB)
	1027396  -  ResidentSetSize of job (KB)
...
006 (5415472.449.000) 07/14 13:08:58 Image size of job updated: 1598260
	1004  -  MemoryUsage of job (MB)
	1027396  -  ResidentSetSize of job (KB)
...
006 (5415472.449.000) 07/14 14:19:05 Image size of job updated: 1599168
	1004  -  MemoryUsage of job (MB)
	1027396  -  ResidentSetSize of job (KB)
...
006 (5415472.449.000) 07/14 15:24:10 Image size of job updated: 1600072
	1004  -  MemoryUsage of job (MB)
	1027396  -  ResidentSetSize of job (KB)
...
006 (5415472.449.000) 07/14 16:34:17 Image size of job updated: 1600980
	1004  -  MemoryUsage of job (MB)
	1027396  -  ResidentSetSize of job (KB)
...
006 (5415472.449.000) 07/14 17:39:23 Image size of job updated: 1601884
	1004  -  MemoryUsage of job (MB)
	1027396  -  ResidentSetSize of job (KB)
...
006 (5415472.449.000) 07/14 18:39:27 Image size of job updated: 1602788
	1004  -  MemoryUsage of job (MB)
	1027396  -  ResidentSetSize of job (KB)
...
006 (5415472.449.000) 07/14 19:49:33 Image size of job updated: 1603696
	1004  -  MemoryUsage of job (MB)
	1027396  -  ResidentSetSize of job (KB)
...
007 (5415472.449.000) 07/14 21:06:46 Shadow exception!
	Assertion ERROR on (result)
	0  -  Run Bytes Sent By Job
	803  -  Run Bytes Received By Job
...
