000 (5415472.434.000) 07/11 14:02:30 Job submitted from host: <137.138.156.150:9618?addrs=137.138.156.150-9618+[2001-1458-d00-14--9a]-9618&alias=bigbird13.cern.ch&noUDP&sock=schedd_1788_ff6c>
...
040 (5415472.434.000) 07/12 05:42:47 Started transferring input files
	Transferring to host: <128.142.86.95:9618?addrs=128.142.86.95-9618+[2001-1458-301-f6--100-1a0]-9618&alias=b7s14n8515.cern.ch&noUDP&sock=slot1_2_16027_38a5_108924>
...
040 (5415472.434.000) 07/12 05:42:47 Finished transferring input files
...
001 (5415472.434.000) 07/12 05:42:48 Job executing on host: <128.142.86.95:9618?addrs=128.142.86.95-9618+[2001-1458-301-f6--100-1a0]-9618&alias=b7s14n8515.cern.ch&noUDP&sock=startd_16639_8c6a>
...
006 (5415472.434.000) 07/12 05:42:57 Image size of job updated: 516072
	156  -  MemoryUsage of job (MB)
	159136  -  ResidentSetSize of job (KB)
...
006 (5415472.434.000) 07/12 05:47:57 Image size of job updated: 1590960
	1004  -  MemoryUsage of job (MB)
	1027396  -  ResidentSetSize of job (KB)
...
006 (5415472.434.000) 07/14 09:52:18 Image size of job updated: 1591940
	1005  -  MemoryUsage of job (MB)
	1028292  -  ResidentSetSize of job (KB)
...
006 (5415472.434.000) 07/14 10:52:24 Image size of job updated: 1592848
	1006  -  MemoryUsage of job (MB)
	1029200  -  ResidentSetSize of job (KB)
...
006 (5415472.434.000) 07/14 11:52:30 Image size of job updated: 1592848
	1006  -  MemoryUsage of job (MB)
	1030100  -  ResidentSetSize of job (KB)
...
006 (5415472.434.000) 07/14 11:57:30 Image size of job updated: 1593752
	1006  -  MemoryUsage of job (MB)
	1030100  -  ResidentSetSize of job (KB)
...
006 (5415472.434.000) 07/14 12:57:35 Image size of job updated: 1594660
	1006  -  MemoryUsage of job (MB)
	1030100  -  ResidentSetSize of job (KB)
...
006 (5415472.434.000) 07/14 14:02:41 Image size of job updated: 1595564
	1006  -  MemoryUsage of job (MB)
	1030100  -  ResidentSetSize of job (KB)
...
006 (5415472.434.000) 07/14 15:12:47 Image size of job updated: 1596468
	1006  -  MemoryUsage of job (MB)
	1030100  -  ResidentSetSize of job (KB)
...
006 (5415472.434.000) 07/14 16:17:56 Image size of job updated: 1597376
	1006  -  MemoryUsage of job (MB)
	1030100  -  ResidentSetSize of job (KB)
...
006 (5415472.434.000) 07/14 17:23:02 Image size of job updated: 1598280
	1006  -  MemoryUsage of job (MB)
	1030100  -  ResidentSetSize of job (KB)
...
006 (5415472.434.000) 07/14 18:28:09 Image size of job updated: 1599188
	1006  -  MemoryUsage of job (MB)
	1030100  -  ResidentSetSize of job (KB)
...
006 (5415472.434.000) 07/14 19:28:17 Image size of job updated: 1600092
	1006  -  MemoryUsage of job (MB)
	1030100  -  ResidentSetSize of job (KB)
...
006 (5415472.434.000) 07/14 20:38:22 Image size of job updated: 1600996
	1006  -  MemoryUsage of job (MB)
	1030100  -  ResidentSetSize of job (KB)
...
006 (5415472.434.000) 07/14 21:39:58 Image size of job updated: 1601904
	1006  -  MemoryUsage of job (MB)
	1030100  -  ResidentSetSize of job (KB)
...
006 (5415472.434.000) 07/14 22:50:03 Image size of job updated: 1602808
	1006  -  MemoryUsage of job (MB)
	1030100  -  ResidentSetSize of job (KB)
...
006 (5415472.434.000) 07/14 23:55:10 Image size of job updated: 1603716
	1006  -  MemoryUsage of job (MB)
	1030100  -  ResidentSetSize of job (KB)
...
006 (5415472.434.000) 07/15 01:05:18 Image size of job updated: 1604620
	1006  -  MemoryUsage of job (MB)
	1030100  -  ResidentSetSize of job (KB)
...
006 (5415472.434.000) 07/15 02:10:23 Image size of job updated: 1605528
	1006  -  MemoryUsage of job (MB)
	1030100  -  ResidentSetSize of job (KB)
...
006 (5415472.434.000) 07/15 03:20:31 Image size of job updated: 1606432
	1006  -  MemoryUsage of job (MB)
	1030100  -  ResidentSetSize of job (KB)
...
006 (5415472.434.000) 07/15 04:35:37 Image size of job updated: 1607336
	1006  -  MemoryUsage of job (MB)
	1030100  -  ResidentSetSize of job (KB)
...
006 (5415472.434.000) 07/15 05:45:45 Image size of job updated: 1608244
	1006  -  MemoryUsage of job (MB)
	1030100  -  ResidentSetSize of job (KB)
...
006 (5415472.434.000) 07/15 07:00:53 Image size of job updated: 1609148
	1006  -  MemoryUsage of job (MB)
	1030100  -  ResidentSetSize of job (KB)
...
006 (5415472.434.000) 07/15 08:11:04 Image size of job updated: 1610056
	1006  -  MemoryUsage of job (MB)
	1030100  -  ResidentSetSize of job (KB)
...
006 (5415472.434.000) 07/15 08:46:09 Image size of job updated: 1613128
	1006  -  MemoryUsage of job (MB)
	1030100  -  ResidentSetSize of job (KB)
...
006 (5415472.434.000) 07/15 10:36:20 Image size of job updated: 1614032
	1006  -  MemoryUsage of job (MB)
	1030100  -  ResidentSetSize of job (KB)
...
006 (5415472.434.000) 07/15 11:46:28 Image size of job updated: 1614936
	1006  -  MemoryUsage of job (MB)
	1030100  -  ResidentSetSize of job (KB)
...
006 (5415472.434.000) 07/15 12:56:38 Image size of job updated: 1615844
	1006  -  MemoryUsage of job (MB)
	1030100  -  ResidentSetSize of job (KB)
...
006 (5415472.434.000) 07/15 14:06:48 Image size of job updated: 1616748
	1006  -  MemoryUsage of job (MB)
	1030100  -  ResidentSetSize of job (KB)
...
006 (5415472.434.000) 07/15 15:11:55 Image size of job updated: 1617656
	1006  -  MemoryUsage of job (MB)
	1030100  -  ResidentSetSize of job (KB)
...
006 (5415472.434.000) 07/15 16:22:03 Image size of job updated: 1618560
	1006  -  MemoryUsage of job (MB)
	1030100  -  ResidentSetSize of job (KB)
...
006 (5415472.434.000) 07/15 17:22:08 Image size of job updated: 1619464
	1006  -  MemoryUsage of job (MB)
	1030100  -  ResidentSetSize of job (KB)
...
006 (5415472.434.000) 07/15 18:22:13 Image size of job updated: 1620372
	1006  -  MemoryUsage of job (MB)
	1030100  -  ResidentSetSize of job (KB)
...
040 (5415472.434.000) 07/15 18:54:53 Started transferring output files
...
040 (5415472.434.000) 07/15 18:54:53 Finished transferring output files
...
004 (5415472.434.000) 07/15 18:54:53 Job was evicted.
	(0) CPU times
		Usr 10 07:00:43, Sys 0 00:09:52  -  Run Remote Usage
		Usr 0 00:00:00, Sys 0 00:00:00  -  Run Local Usage
	96192  -  Run Bytes Sent By Job
	803  -  Run Bytes Received By Job
	Partitionable Resources :    Usage  Request Allocated 
	   Cpus                 :     2.97        4         4 
	   Disk (KB)            :   120    10485760  10807534 
	   Memory (MB)          :  1006        8000      8000 
...
