000 (5415472.256.000) 07/11 14:02:29 Job submitted from host: <137.138.156.150:9618?addrs=137.138.156.150-9618+[2001-1458-d00-14--9a]-9618&alias=bigbird13.cern.ch&noUDP&sock=schedd_1788_ff6c>
...
040 (5415472.256.000) 07/11 14:31:14 Started transferring input files
	Transferring to host: <128.142.57.93:9618?addrs=128.142.57.93-9618+[2001-1458-301-7--100-5c]-9618&alias=b7s02p3426.cern.ch&noUDP&sock=slot1_51_3941_8a79_4866>
...
040 (5415472.256.000) 07/11 14:31:14 Finished transferring input files
...
001 (5415472.256.000) 07/11 14:31:15 Job executing on host: <128.142.57.93:9618?addrs=128.142.57.93-9618+[2001-1458-301-7--100-5c]-9618&alias=b7s02p3426.cern.ch&noUDP&sock=startd_3490_6d9d>
...
006 (5415472.256.000) 07/11 14:31:24 Image size of job updated: 512488
	68  -  MemoryUsage of job (MB)
	69160  -  ResidentSetSize of job (KB)
...
006 (5415472.256.000) 07/11 14:36:25 Image size of job updated: 1590948
	1004  -  MemoryUsage of job (MB)
	1027392  -  ResidentSetSize of job (KB)
...
006 (5415472.256.000) 07/12 22:59:43 Image size of job updated: 1591928
	1005  -  MemoryUsage of job (MB)
	1028296  -  ResidentSetSize of job (KB)
...
006 (5415472.256.000) 07/12 23:44:50 Image size of job updated: 1592836
	1006  -  MemoryUsage of job (MB)
	1029204  -  ResidentSetSize of job (KB)
...
006 (5415472.256.000) 07/13 00:24:54 Image size of job updated: 1593740
	1006  -  MemoryUsage of job (MB)
	1030108  -  ResidentSetSize of job (KB)
...
006 (5415472.256.000) 07/13 01:10:00 Image size of job updated: 1594648
	1007  -  MemoryUsage of job (MB)
	1031016  -  ResidentSetSize of job (KB)
...
006 (5415472.256.000) 07/13 01:50:05 Image size of job updated: 1595552
	1008  -  MemoryUsage of job (MB)
	1031920  -  ResidentSetSize of job (KB)
...
006 (5415472.256.000) 07/13 02:30:10 Image size of job updated: 1596456
	1009  -  MemoryUsage of job (MB)
	1032824  -  ResidentSetSize of job (KB)
...
006 (5415472.256.000) 07/13 03:05:14 Image size of job updated: 1597364
	1010  -  MemoryUsage of job (MB)
	1033732  -  ResidentSetSize of job (KB)
...
006 (5415472.256.000) 07/13 03:45:20 Image size of job updated: 1598268
	1011  -  MemoryUsage of job (MB)
	1034636  -  ResidentSetSize of job (KB)
...
006 (5415472.256.000) 07/13 04:20:24 Image size of job updated: 1599176
	1012  -  MemoryUsage of job (MB)
	1035544  -  ResidentSetSize of job (KB)
...
006 (5415472.256.000) 07/13 04:55:26 Image size of job updated: 1600080
	1013  -  MemoryUsage of job (MB)
	1036448  -  ResidentSetSize of job (KB)
...
006 (5415472.256.000) 07/13 05:35:29 Image size of job updated: 1600984
	1014  -  MemoryUsage of job (MB)
	1037352  -  ResidentSetSize of job (KB)
...
006 (5415472.256.000) 07/13 06:15:35 Image size of job updated: 1601892
	1014  -  MemoryUsage of job (MB)
	1038260  -  ResidentSetSize of job (KB)
...
006 (5415472.256.000) 07/13 07:00:43 Image size of job updated: 1602796
	1015  -  MemoryUsage of job (MB)
	1039164  -  ResidentSetSize of job (KB)
...
006 (5415472.256.000) 07/13 07:40:47 Image size of job updated: 1603704
	1016  -  MemoryUsage of job (MB)
	1040072  -  ResidentSetSize of job (KB)
...
006 (5415472.256.000) 07/13 08:25:49 Image size of job updated: 1604608
	1017  -  MemoryUsage of job (MB)
	1040976  -  ResidentSetSize of job (KB)
...
006 (5415472.256.000) 07/13 09:00:53 Image size of job updated: 1605512
	1018  -  MemoryUsage of job (MB)
	1041880  -  ResidentSetSize of job (KB)
...
006 (5415472.256.000) 07/13 09:40:58 Image size of job updated: 1605512
	1019  -  MemoryUsage of job (MB)
	1042788  -  ResidentSetSize of job (KB)
...
006 (5415472.256.000) 07/13 09:45:58 Image size of job updated: 1606420
	1019  -  MemoryUsage of job (MB)
	1042788  -  ResidentSetSize of job (KB)
...
006 (5415472.256.000) 07/13 10:25:59 Image size of job updated: 1607324
	1020  -  MemoryUsage of job (MB)
	1043692  -  ResidentSetSize of job (KB)
...
006 (5415472.256.000) 07/13 11:11:03 Image size of job updated: 1608232
	1021  -  MemoryUsage of job (MB)
	1044600  -  ResidentSetSize of job (KB)
...
006 (5415472.256.000) 07/13 11:51:05 Image size of job updated: 1609136
	1021  -  MemoryUsage of job (MB)
	1045504  -  ResidentSetSize of job (KB)
...
006 (5415472.256.000) 07/13 12:36:11 Image size of job updated: 1610040
	1022  -  MemoryUsage of job (MB)
	1046408  -  ResidentSetSize of job (KB)
...
006 (5415472.256.000) 07/13 12:56:13 Image size of job updated: 1613116
	1024  -  MemoryUsage of job (MB)
	1047968  -  ResidentSetSize of job (KB)
...
006 (5415472.256.000) 07/13 13:16:16 Image size of job updated: 1613116
	1024  -  MemoryUsage of job (MB)
	1047980  -  ResidentSetSize of job (KB)
...
006 (5415472.256.000) 07/13 13:41:19 Image size of job updated: 1613116
	1024  -  MemoryUsage of job (MB)
	1047992  -  ResidentSetSize of job (KB)
...
006 (5415472.256.000) 07/13 14:01:20 Image size of job updated: 1613116
	1025  -  MemoryUsage of job (MB)
	1048900  -  ResidentSetSize of job (KB)
...
006 (5415472.256.000) 07/13 14:06:21 Image size of job updated: 1614020
	1025  -  MemoryUsage of job (MB)
	1048912  -  ResidentSetSize of job (KB)
...
006 (5415472.256.000) 07/13 14:31:24 Image size of job updated: 1614020
	1025  -  MemoryUsage of job (MB)
	1048924  -  ResidentSetSize of job (KB)
...
006 (5415472.256.000) 07/13 14:46:25 Image size of job updated: 1614924
	1026  -  MemoryUsage of job (MB)
	1049828  -  ResidentSetSize of job (KB)
...
006 (5415472.256.000) 07/13 14:51:25 Image size of job updated: 1614924
	1026  -  MemoryUsage of job (MB)
	1049840  -  ResidentSetSize of job (KB)
...
006 (5415472.256.000) 07/13 15:16:26 Image size of job updated: 1614924
	1026  -  MemoryUsage of job (MB)
	1049852  -  ResidentSetSize of job (KB)
...
006 (5415472.256.000) 07/13 15:26:27 Image size of job updated: 1615832
	1027  -  MemoryUsage of job (MB)
	1050760  -  ResidentSetSize of job (KB)
...
006 (5415472.256.000) 07/13 15:36:28 Image size of job updated: 1615832
	1027  -  MemoryUsage of job (MB)
	1050772  -  ResidentSetSize of job (KB)
...
006 (5415472.256.000) 07/13 16:01:31 Image size of job updated: 1615832
	1027  -  MemoryUsage of job (MB)
	1050784  -  ResidentSetSize of job (KB)
...
006 (5415472.256.000) 07/13 16:11:32 Image size of job updated: 1616736
	1028  -  MemoryUsage of job (MB)
	1051688  -  ResidentSetSize of job (KB)
...
006 (5415472.256.000) 07/13 16:21:34 Image size of job updated: 1616736
	1028  -  MemoryUsage of job (MB)
	1051700  -  ResidentSetSize of job (KB)
...
006 (5415472.256.000) 07/13 16:46:37 Image size of job updated: 1616736
	1028  -  MemoryUsage of job (MB)
	1051712  -  ResidentSetSize of job (KB)
...
006 (5415472.256.000) 07/13 16:56:37 Image size of job updated: 1617644
	1028  -  MemoryUsage of job (MB)
	1052620  -  ResidentSetSize of job (KB)
...
006 (5415472.256.000) 07/13 17:06:37 Image size of job updated: 1617644
	1028  -  MemoryUsage of job (MB)
	1052632  -  ResidentSetSize of job (KB)
...
006 (5415472.256.000) 07/13 17:29:41 Image size of job updated: 1617644
	1028  -  MemoryUsage of job (MB)
	1052644  -  ResidentSetSize of job (KB)
...
006 (5415472.256.000) 07/13 17:34:42 Image size of job updated: 1618548
	1029  -  MemoryUsage of job (MB)
	1053548  -  ResidentSetSize of job (KB)
...
006 (5415472.256.000) 07/13 17:49:45 Image size of job updated: 1618548
	1029  -  MemoryUsage of job (MB)
	1053560  -  ResidentSetSize of job (KB)
...
006 (5415472.256.000) 07/13 18:09:47 Image size of job updated: 1619452
	1030  -  MemoryUsage of job (MB)
	1054476  -  ResidentSetSize of job (KB)
...
006 (5415472.256.000) 07/13 18:29:48 Image size of job updated: 1619452
	1030  -  MemoryUsage of job (MB)
	1054488  -  ResidentSetSize of job (KB)
...
006 (5415472.256.000) 07/13 18:49:49 Image size of job updated: 1620360
	1031  -  MemoryUsage of job (MB)
	1055408  -  ResidentSetSize of job (KB)
...
006 (5415472.256.000) 07/13 19:09:51 Image size of job updated: 1620360
	1031  -  MemoryUsage of job (MB)
	1055420  -  ResidentSetSize of job (KB)
...
006 (5415472.256.000) 07/13 19:29:53 Image size of job updated: 1621264
	1032  -  MemoryUsage of job (MB)
	1056336  -  ResidentSetSize of job (KB)
...
006 (5415472.256.000) 07/13 19:49:54 Image size of job updated: 1621264
	1032  -  MemoryUsage of job (MB)
	1056340  -  ResidentSetSize of job (KB)
...
006 (5415472.256.000) 07/13 19:54:54 Image size of job updated: 1621264
	1032  -  MemoryUsage of job (MB)
	1056348  -  ResidentSetSize of job (KB)
...
006 (5415472.256.000) 07/13 20:09:56 Image size of job updated: 1622172
	1033  -  MemoryUsage of job (MB)
	1057256  -  ResidentSetSize of job (KB)
...
006 (5415472.256.000) 07/13 20:14:57 Image size of job updated: 1622172
	1033  -  MemoryUsage of job (MB)
	1057268  -  ResidentSetSize of job (KB)
...
006 (5415472.256.000) 07/13 20:35:01 Image size of job updated: 1622172
	1033  -  MemoryUsage of job (MB)
	1057280  -  ResidentSetSize of job (KB)
...
006 (5415472.256.000) 07/13 20:45:03 Image size of job updated: 1623076
	1034  -  MemoryUsage of job (MB)
	1058184  -  ResidentSetSize of job (KB)
...
006 (5415472.256.000) 07/13 20:50:04 Image size of job updated: 1623076
	1034  -  MemoryUsage of job (MB)
	1058196  -  ResidentSetSize of job (KB)
...
006 (5415472.256.000) 07/13 21:10:05 Image size of job updated: 1623076
	1034  -  MemoryUsage of job (MB)
	1058208  -  ResidentSetSize of job (KB)
...
006 (5415472.256.000) 07/13 21:20:06 Image size of job updated: 1623076
	1035  -  MemoryUsage of job (MB)
	1059112  -  ResidentSetSize of job (KB)
...
006 (5415472.256.000) 07/13 21:25:06 Image size of job updated: 1623980
	1035  -  MemoryUsage of job (MB)
	1059112  -  ResidentSetSize of job (KB)
...
006 (5415472.256.000) 07/13 21:30:06 Image size of job updated: 1623980
	1035  -  MemoryUsage of job (MB)
	1059124  -  ResidentSetSize of job (KB)
...
006 (5415472.256.000) 07/13 21:50:07 Image size of job updated: 1623980
	1035  -  MemoryUsage of job (MB)
	1059136  -  ResidentSetSize of job (KB)
...
006 (5415472.256.000) 07/13 22:00:08 Image size of job updated: 1624888
	1036  -  MemoryUsage of job (MB)
	1060044  -  ResidentSetSize of job (KB)
...
006 (5415472.256.000) 07/13 22:15:11 Image size of job updated: 1624888
	1036  -  MemoryUsage of job (MB)
	1060056  -  ResidentSetSize of job (KB)
...
006 (5415472.256.000) 07/13 22:35:14 Image size of job updated: 1624888
	1036  -  MemoryUsage of job (MB)
	1060068  -  ResidentSetSize of job (KB)
...
006 (5415472.256.000) 07/13 22:40:15 Image size of job updated: 1625792
	1037  -  MemoryUsage of job (MB)
	1060972  -  ResidentSetSize of job (KB)
...
006 (5415472.256.000) 07/13 22:55:18 Image size of job updated: 1625792
	1037  -  MemoryUsage of job (MB)
	1060984  -  ResidentSetSize of job (KB)
...
006 (5415472.256.000) 07/13 23:20:20 Image size of job updated: 1625792
	1037  -  MemoryUsage of job (MB)
	1060996  -  ResidentSetSize of job (KB)
...
006 (5415472.256.000) 07/13 23:25:20 Image size of job updated: 1630320
	1041  -  MemoryUsage of job (MB)
	1065524  -  ResidentSetSize of job (KB)
...
006 (5415472.256.000) 07/13 23:45:23 Image size of job updated: 1630320
	1041  -  MemoryUsage of job (MB)
	1065536  -  ResidentSetSize of job (KB)
...
006 (5415472.256.000) 07/14 00:10:26 Image size of job updated: 1630320
	1041  -  MemoryUsage of job (MB)
	1065548  -  ResidentSetSize of job (KB)
...
006 (5415472.256.000) 07/14 00:30:29 Image size of job updated: 1630320
	1041  -  MemoryUsage of job (MB)
	1065552  -  ResidentSetSize of job (KB)
...
006 (5415472.256.000) 07/14 00:35:29 Image size of job updated: 1630320
	1041  -  MemoryUsage of job (MB)
	1065560  -  ResidentSetSize of job (KB)
...
006 (5415472.256.000) 07/14 00:55:33 Image size of job updated: 1630320
	1041  -  MemoryUsage of job (MB)
	1065572  -  ResidentSetSize of job (KB)
...
006 (5415472.256.000) 07/14 01:15:34 Image size of job updated: 1630320
	1041  -  MemoryUsage of job (MB)
	1065580  -  ResidentSetSize of job (KB)
...
006 (5415472.256.000) 07/14 01:20:34 Image size of job updated: 1630320
	1041  -  MemoryUsage of job (MB)
	1065584  -  ResidentSetSize of job (KB)
...
006 (5415472.256.000) 07/14 01:40:35 Image size of job updated: 1630320
	1041  -  MemoryUsage of job (MB)
	1065596  -  ResidentSetSize of job (KB)
...
006 (5415472.256.000) 07/14 02:00:37 Image size of job updated: 1630320
	1041  -  MemoryUsage of job (MB)
	1065608  -  ResidentSetSize of job (KB)
...
006 (5415472.256.000) 07/14 02:20:37 Image size of job updated: 1630320
	1041  -  MemoryUsage of job (MB)
	1065620  -  ResidentSetSize of job (KB)
...
006 (5415472.256.000) 07/14 02:45:38 Image size of job updated: 1630320
	1041  -  MemoryUsage of job (MB)
	1065632  -  ResidentSetSize of job (KB)
...
006 (5415472.256.000) 07/14 03:05:41 Image size of job updated: 1630320
	1041  -  MemoryUsage of job (MB)
	1065644  -  ResidentSetSize of job (KB)
...
006 (5415472.256.000) 07/14 03:25:42 Image size of job updated: 1630320
	1041  -  MemoryUsage of job (MB)
	1065656  -  ResidentSetSize of job (KB)
...
006 (5415472.256.000) 07/14 03:50:46 Image size of job updated: 1630320
	1041  -  MemoryUsage of job (MB)
	1065668  -  ResidentSetSize of job (KB)
...
006 (5415472.256.000) 07/14 04:10:47 Image size of job updated: 1630320
	1041  -  MemoryUsage of job (MB)
	1065680  -  ResidentSetSize of job (KB)
...
006 (5415472.256.000) 07/14 04:30:50 Image size of job updated: 1630320
	1041  -  MemoryUsage of job (MB)
	1065692  -  ResidentSetSize of job (KB)
...
006 (5415472.256.000) 07/14 04:50:53 Image size of job updated: 1630320
	1041  -  MemoryUsage of job (MB)
	1065704  -  ResidentSetSize of job (KB)
...
006 (5415472.256.000) 07/14 05:15:55 Image size of job updated: 1630320
	1041  -  MemoryUsage of job (MB)
	1065716  -  ResidentSetSize of job (KB)
...
006 (5415472.256.000) 07/14 05:35:57 Image size of job updated: 1630320
	1041  -  MemoryUsage of job (MB)
	1065728  -  ResidentSetSize of job (KB)
...
006 (5415472.256.000) 07/14 06:00:59 Image size of job updated: 1630320
	1041  -  MemoryUsage of job (MB)
	1065740  -  ResidentSetSize of job (KB)
...
006 (5415472.256.000) 07/14 06:21:01 Image size of job updated: 1630320
	1041  -  MemoryUsage of job (MB)
	1065752  -  ResidentSetSize of job (KB)
...
006 (5415472.256.000) 07/14 06:46:05 Image size of job updated: 1630320
	1041  -  MemoryUsage of job (MB)
	1065764  -  ResidentSetSize of job (KB)
...
006 (5415472.256.000) 07/14 07:06:08 Image size of job updated: 1630320
	1041  -  MemoryUsage of job (MB)
	1065776  -  ResidentSetSize of job (KB)
...
006 (5415472.256.000) 07/14 07:26:09 Image size of job updated: 1630320
	1041  -  MemoryUsage of job (MB)
	1065788  -  ResidentSetSize of job (KB)
...
006 (5415472.256.000) 07/14 07:46:12 Image size of job updated: 1630320
	1041  -  MemoryUsage of job (MB)
	1065800  -  ResidentSetSize of job (KB)
...
006 (5415472.256.000) 07/14 08:06:13 Image size of job updated: 1630320
	1041  -  MemoryUsage of job (MB)
	1065812  -  ResidentSetSize of job (KB)
...
006 (5415472.256.000) 07/14 08:26:15 Image size of job updated: 1630320
	1041  -  MemoryUsage of job (MB)
	1065824  -  ResidentSetSize of job (KB)
...
006 (5415472.256.000) 07/14 08:46:16 Image size of job updated: 1630320
	1041  -  MemoryUsage of job (MB)
	1065836  -  ResidentSetSize of job (KB)
...
006 (5415472.256.000) 07/14 09:06:18 Image size of job updated: 1630320
	1041  -  MemoryUsage of job (MB)
	1065848  -  ResidentSetSize of job (KB)
...
006 (5415472.256.000) 07/14 09:31:21 Image size of job updated: 1630320
	1041  -  MemoryUsage of job (MB)
	1065860  -  ResidentSetSize of job (KB)
...
006 (5415472.256.000) 07/14 09:51:24 Image size of job updated: 1630320
	1041  -  MemoryUsage of job (MB)
	1065872  -  ResidentSetSize of job (KB)
...
006 (5415472.256.000) 07/14 10:11:27 Image size of job updated: 1630320
	1041  -  MemoryUsage of job (MB)
	1065884  -  ResidentSetSize of job (KB)
...
006 (5415472.256.000) 07/14 10:26:27 Image size of job updated: 1630320
	1041  -  MemoryUsage of job (MB)
	1065888  -  ResidentSetSize of job (KB)
...
006 (5415472.256.000) 07/14 10:31:27 Image size of job updated: 1630320
	1041  -  MemoryUsage of job (MB)
	1065896  -  ResidentSetSize of job (KB)
...
006 (5415472.256.000) 07/14 10:51:29 Image size of job updated: 1630320
	1041  -  MemoryUsage of job (MB)
	1065908  -  ResidentSetSize of job (KB)
...
006 (5415472.256.000) 07/14 11:11:32 Image size of job updated: 1630320
	1041  -  MemoryUsage of job (MB)
	1065920  -  ResidentSetSize of job (KB)
...
006 (5415472.256.000) 07/14 11:31:33 Image size of job updated: 1630320
	1041  -  MemoryUsage of job (MB)
	1065932  -  ResidentSetSize of job (KB)
...
006 (5415472.256.000) 07/14 11:56:37 Image size of job updated: 1630320
	1041  -  MemoryUsage of job (MB)
	1065944  -  ResidentSetSize of job (KB)
...
006 (5415472.256.000) 07/14 12:16:39 Image size of job updated: 1630320
	1041  -  MemoryUsage of job (MB)
	1065956  -  ResidentSetSize of job (KB)
...
006 (5415472.256.000) 07/14 12:36:40 Image size of job updated: 1630320
	1041  -  MemoryUsage of job (MB)
	1065968  -  ResidentSetSize of job (KB)
...
006 (5415472.256.000) 07/14 13:01:41 Image size of job updated: 1630320
	1041  -  MemoryUsage of job (MB)
	1065980  -  ResidentSetSize of job (KB)
...
006 (5415472.256.000) 07/14 13:21:42 Image size of job updated: 1630320
	1042  -  MemoryUsage of job (MB)
	1065988  -  ResidentSetSize of job (KB)
...
006 (5415472.256.000) 07/14 13:41:46 Image size of job updated: 1630320
	1042  -  MemoryUsage of job (MB)
	1066000  -  ResidentSetSize of job (KB)
...
006 (5415472.256.000) 07/14 14:06:48 Image size of job updated: 1630320
	1042  -  MemoryUsage of job (MB)
	1066012  -  ResidentSetSize of job (KB)
...
006 (5415472.256.000) 07/14 14:26:48 Image size of job updated: 1630320
	1042  -  MemoryUsage of job (MB)
	1066024  -  ResidentSetSize of job (KB)
...
006 (5415472.256.000) 07/14 14:51:53 Image size of job updated: 1630320
	1042  -  MemoryUsage of job (MB)
	1066036  -  ResidentSetSize of job (KB)
...
006 (5415472.256.000) 07/14 15:11:57 Image size of job updated: 1630320
	1042  -  MemoryUsage of job (MB)
	1066040  -  ResidentSetSize of job (KB)
...
006 (5415472.256.000) 07/14 15:31:59 Image size of job updated: 1630320
	1042  -  MemoryUsage of job (MB)
	1066044  -  ResidentSetSize of job (KB)
...
006 (5415472.256.000) 07/15 11:11:38 Image size of job updated: 1634416
	1043  -  MemoryUsage of job (MB)
	1067320  -  ResidentSetSize of job (KB)
...
006 (5415472.256.000) 07/15 11:16:39 Image size of job updated: 1634416
	1043  -  MemoryUsage of job (MB)
	1067328  -  ResidentSetSize of job (KB)
...
006 (5415472.256.000) 07/15 11:36:41 Image size of job updated: 1634416
	1043  -  MemoryUsage of job (MB)
	1067336  -  ResidentSetSize of job (KB)
...
006 (5415472.256.000) 07/15 12:01:43 Image size of job updated: 1634416
	1043  -  MemoryUsage of job (MB)
	1067344  -  ResidentSetSize of job (KB)
...
006 (5415472.256.000) 07/15 12:21:44 Image size of job updated: 1634416
	1043  -  MemoryUsage of job (MB)
	1067352  -  ResidentSetSize of job (KB)
...
006 (5415472.256.000) 07/15 12:41:46 Image size of job updated: 1634416
	1043  -  MemoryUsage of job (MB)
	1067360  -  ResidentSetSize of job (KB)
...
006 (5415472.256.000) 07/15 13:01:47 Image size of job updated: 1634416
	1043  -  MemoryUsage of job (MB)
	1067368  -  ResidentSetSize of job (KB)
...
006 (5415472.256.000) 07/15 13:21:49 Image size of job updated: 1634416
	1043  -  MemoryUsage of job (MB)
	1067376  -  ResidentSetSize of job (KB)
...
006 (5415472.256.000) 07/15 13:41:52 Image size of job updated: 1634416
	1043  -  MemoryUsage of job (MB)
	1067384  -  ResidentSetSize of job (KB)
...
006 (5415472.256.000) 07/15 14:02:43 Image size of job updated: 1634416
	1043  -  MemoryUsage of job (MB)
	1067392  -  ResidentSetSize of job (KB)
...
006 (5415472.256.000) 07/15 14:27:45 Image size of job updated: 1634416
	1043  -  MemoryUsage of job (MB)
	1067400  -  ResidentSetSize of job (KB)
...
006 (5415472.256.000) 07/15 14:47:48 Image size of job updated: 1634416
	1043  -  MemoryUsage of job (MB)
	1067408  -  ResidentSetSize of job (KB)
...
006 (5415472.256.000) 07/15 15:12:52 Image size of job updated: 1634416
	1043  -  MemoryUsage of job (MB)
	1067416  -  ResidentSetSize of job (KB)
...
006 (5415472.256.000) 07/15 15:32:56 Image size of job updated: 1634416
	1043  -  MemoryUsage of job (MB)
	1067424  -  ResidentSetSize of job (KB)
...
006 (5415472.256.000) 07/15 15:53:00 Image size of job updated: 1634416
	1043  -  MemoryUsage of job (MB)
	1067432  -  ResidentSetSize of job (KB)
...
006 (5415472.256.000) 07/15 16:13:03 Image size of job updated: 1634416
	1043  -  MemoryUsage of job (MB)
	1067440  -  ResidentSetSize of job (KB)
...
006 (5415472.256.000) 07/15 16:38:06 Image size of job updated: 1634416
	1043  -  MemoryUsage of job (MB)
	1067448  -  ResidentSetSize of job (KB)
...
006 (5415472.256.000) 07/15 16:58:08 Image size of job updated: 1634416
	1043  -  MemoryUsage of job (MB)
	1067456  -  ResidentSetSize of job (KB)
...
006 (5415472.256.000) 07/15 17:23:11 Image size of job updated: 1634416
	1043  -  MemoryUsage of job (MB)
	1067464  -  ResidentSetSize of job (KB)
...
006 (5415472.256.000) 07/15 17:43:13 Image size of job updated: 1634416
	1043  -  MemoryUsage of job (MB)
	1067472  -  ResidentSetSize of job (KB)
...
006 (5415472.256.000) 07/15 18:03:13 Image size of job updated: 1634416
	1043  -  MemoryUsage of job (MB)
	1067480  -  ResidentSetSize of job (KB)
...
006 (5415472.256.000) 07/15 18:23:16 Image size of job updated: 1634416
	1043  -  MemoryUsage of job (MB)
	1067488  -  ResidentSetSize of job (KB)
...
006 (5415472.256.000) 07/15 18:52:05 Image size of job updated: 1634416
	1043  -  MemoryUsage of job (MB)
	1067496  -  ResidentSetSize of job (KB)
...
006 (5415472.256.000) 07/15 19:07:08 Image size of job updated: 1634416
	1043  -  MemoryUsage of job (MB)
	1067504  -  ResidentSetSize of job (KB)
...
006 (5415472.256.000) 07/15 19:32:12 Image size of job updated: 1634416
	1043  -  MemoryUsage of job (MB)
	1067512  -  ResidentSetSize of job (KB)
...
006 (5415472.256.000) 07/15 19:52:15 Image size of job updated: 1634416
	1043  -  MemoryUsage of job (MB)
	1067520  -  ResidentSetSize of job (KB)
...
006 (5415472.256.000) 07/15 20:12:18 Image size of job updated: 1634416
	1043  -  MemoryUsage of job (MB)
	1067528  -  ResidentSetSize of job (KB)
...
006 (5415472.256.000) 07/15 20:37:21 Image size of job updated: 1634416
	1043  -  MemoryUsage of job (MB)
	1067532  -  ResidentSetSize of job (KB)
...
006 (5415472.256.000) 07/15 20:57:23 Image size of job updated: 1634416
	1043  -  MemoryUsage of job (MB)
	1067540  -  ResidentSetSize of job (KB)
...
006 (5415472.256.000) 07/15 21:17:25 Image size of job updated: 1634416
	1043  -  MemoryUsage of job (MB)
	1067548  -  ResidentSetSize of job (KB)
...
006 (5415472.256.000) 07/15 21:42:26 Image size of job updated: 1634416
	1043  -  MemoryUsage of job (MB)
	1067556  -  ResidentSetSize of job (KB)
...
006 (5415472.256.000) 07/15 22:07:31 Image size of job updated: 1634416
	1043  -  MemoryUsage of job (MB)
	1067564  -  ResidentSetSize of job (KB)
...
006 (5415472.256.000) 07/15 22:27:32 Image size of job updated: 1634416
	1043  -  MemoryUsage of job (MB)
	1067572  -  ResidentSetSize of job (KB)
...
006 (5415472.256.000) 07/15 22:52:36 Image size of job updated: 1634416
	1043  -  MemoryUsage of job (MB)
	1067580  -  ResidentSetSize of job (KB)
...
006 (5415472.256.000) 07/15 23:12:37 Image size of job updated: 1634416
	1043  -  MemoryUsage of job (MB)
	1067588  -  ResidentSetSize of job (KB)
...
006 (5415472.256.000) 07/15 23:32:40 Image size of job updated: 1634416
	1043  -  MemoryUsage of job (MB)
	1067596  -  ResidentSetSize of job (KB)
...
006 (5415472.256.000) 07/15 23:57:42 Image size of job updated: 1634416
	1043  -  MemoryUsage of job (MB)
	1067604  -  ResidentSetSize of job (KB)
...
006 (5415472.256.000) 07/16 00:12:43 Image size of job updated: 1634416
	1043  -  MemoryUsage of job (MB)
	1067612  -  ResidentSetSize of job (KB)
...
006 (5415472.256.000) 07/16 00:37:44 Image size of job updated: 1634416
	1043  -  MemoryUsage of job (MB)
	1067620  -  ResidentSetSize of job (KB)
...
006 (5415472.256.000) 07/16 00:57:46 Image size of job updated: 1634416
	1043  -  MemoryUsage of job (MB)
	1067628  -  ResidentSetSize of job (KB)
...
006 (5415472.256.000) 07/16 01:17:48 Image size of job updated: 1634416
	1043  -  MemoryUsage of job (MB)
	1067636  -  ResidentSetSize of job (KB)
...
006 (5415472.256.000) 07/16 01:37:51 Image size of job updated: 1634416
	1043  -  MemoryUsage of job (MB)
	1067644  -  ResidentSetSize of job (KB)
...
006 (5415472.256.000) 07/16 01:57:52 Image size of job updated: 1634416
	1043  -  MemoryUsage of job (MB)
	1067652  -  ResidentSetSize of job (KB)
...
006 (5415472.256.000) 07/16 02:17:53 Image size of job updated: 1634416
	1043  -  MemoryUsage of job (MB)
	1067660  -  ResidentSetSize of job (KB)
...
006 (5415472.256.000) 07/16 02:37:57 Image size of job updated: 1634416
	1043  -  MemoryUsage of job (MB)
	1067668  -  ResidentSetSize of job (KB)
...
006 (5415472.256.000) 07/16 03:02:59 Image size of job updated: 1634416
	1043  -  MemoryUsage of job (MB)
	1067676  -  ResidentSetSize of job (KB)
...
006 (5415472.256.000) 07/16 03:23:00 Image size of job updated: 1634416
	1043  -  MemoryUsage of job (MB)
	1067684  -  ResidentSetSize of job (KB)
...
006 (5415472.256.000) 07/16 03:43:03 Image size of job updated: 1634416
	1043  -  MemoryUsage of job (MB)
	1067692  -  ResidentSetSize of job (KB)
...
006 (5415472.256.000) 07/16 04:03:05 Image size of job updated: 1634416
	1043  -  MemoryUsage of job (MB)
	1067700  -  ResidentSetSize of job (KB)
...
006 (5415472.256.000) 07/16 04:28:06 Image size of job updated: 1634416
	1043  -  MemoryUsage of job (MB)
	1067708  -  ResidentSetSize of job (KB)
...
006 (5415472.256.000) 07/16 04:48:09 Image size of job updated: 1634416
	1043  -  MemoryUsage of job (MB)
	1067716  -  ResidentSetSize of job (KB)
...
006 (5415472.256.000) 07/16 05:13:12 Image size of job updated: 1634416
	1043  -  MemoryUsage of job (MB)
	1067724  -  ResidentSetSize of job (KB)
...
006 (5415472.256.000) 07/16 05:33:14 Image size of job updated: 1634416
	1043  -  MemoryUsage of job (MB)
	1067732  -  ResidentSetSize of job (KB)
...
006 (5415472.256.000) 07/16 05:58:16 Image size of job updated: 1634416
	1043  -  MemoryUsage of job (MB)
	1067740  -  ResidentSetSize of job (KB)
...
006 (5415472.256.000) 07/16 06:18:17 Image size of job updated: 1634416
	1043  -  MemoryUsage of job (MB)
	1067744  -  ResidentSetSize of job (KB)
...
006 (5415472.256.000) 07/16 06:23:17 Image size of job updated: 1634416
	1043  -  MemoryUsage of job (MB)
	1067748  -  ResidentSetSize of job (KB)
...
006 (5415472.256.000) 07/16 06:43:18 Image size of job updated: 1634416
	1043  -  MemoryUsage of job (MB)
	1067756  -  ResidentSetSize of job (KB)
...
006 (5415472.256.000) 07/16 07:08:21 Image size of job updated: 1634416
	1043  -  MemoryUsage of job (MB)
	1067764  -  ResidentSetSize of job (KB)
...
006 (5415472.256.000) 07/16 07:28:23 Image size of job updated: 1634416
	1043  -  MemoryUsage of job (MB)
	1067772  -  ResidentSetSize of job (KB)
...
006 (5415472.256.000) 07/16 07:53:26 Image size of job updated: 1634416
	1043  -  MemoryUsage of job (MB)
	1067780  -  ResidentSetSize of job (KB)
...
006 (5415472.256.000) 07/16 08:13:26 Image size of job updated: 1634416
	1043  -  MemoryUsage of job (MB)
	1067788  -  ResidentSetSize of job (KB)
...
006 (5415472.256.000) 07/16 08:33:28 Image size of job updated: 1634416
	1043  -  MemoryUsage of job (MB)
	1067796  -  ResidentSetSize of job (KB)
...
006 (5415472.256.000) 07/16 08:53:31 Image size of job updated: 1634416
	1043  -  MemoryUsage of job (MB)
	1067804  -  ResidentSetSize of job (KB)
...
006 (5415472.256.000) 07/16 09:13:31 Image size of job updated: 1634416
	1043  -  MemoryUsage of job (MB)
	1067808  -  ResidentSetSize of job (KB)
...
006 (5415472.256.000) 07/16 09:18:31 Image size of job updated: 1634416
	1043  -  MemoryUsage of job (MB)
	1067812  -  ResidentSetSize of job (KB)
...
006 (5415472.256.000) 07/16 09:38:34 Image size of job updated: 1634416
	1043  -  MemoryUsage of job (MB)
	1067820  -  ResidentSetSize of job (KB)
...
006 (5415472.256.000) 07/16 09:58:35 Image size of job updated: 1634416
	1043  -  MemoryUsage of job (MB)
	1067828  -  ResidentSetSize of job (KB)
...
006 (5415472.256.000) 07/16 10:18:37 Image size of job updated: 1634416
	1043  -  MemoryUsage of job (MB)
	1067836  -  ResidentSetSize of job (KB)
...
006 (5415472.256.000) 07/16 10:38:38 Image size of job updated: 1634416
	1043  -  MemoryUsage of job (MB)
	1067840  -  ResidentSetSize of job (KB)
...
006 (5415472.256.000) 07/16 10:58:40 Image size of job updated: 1634416
	1043  -  MemoryUsage of job (MB)
	1067848  -  ResidentSetSize of job (KB)
...
006 (5415472.256.000) 07/16 11:18:41 Image size of job updated: 1634416
	1043  -  MemoryUsage of job (MB)
	1067856  -  ResidentSetSize of job (KB)
...
006 (5415472.256.000) 07/16 11:38:44 Image size of job updated: 1634416
	1043  -  MemoryUsage of job (MB)
	1067864  -  ResidentSetSize of job (KB)
...
006 (5415472.256.000) 07/16 11:58:47 Image size of job updated: 1634416
	1043  -  MemoryUsage of job (MB)
	1067872  -  ResidentSetSize of job (KB)
...
006 (5415472.256.000) 07/16 12:13:48 Image size of job updated: 1634416
	1043  -  MemoryUsage of job (MB)
	1067880  -  ResidentSetSize of job (KB)
...
006 (5415472.256.000) 07/16 12:33:48 Image size of job updated: 1634416
	1043  -  MemoryUsage of job (MB)
	1067888  -  ResidentSetSize of job (KB)
...
006 (5415472.256.000) 07/16 12:48:50 Image size of job updated: 1634416
	1043  -  MemoryUsage of job (MB)
	1067896  -  ResidentSetSize of job (KB)
...
006 (5415472.256.000) 07/16 13:08:51 Image size of job updated: 1634416
	1043  -  MemoryUsage of job (MB)
	1067904  -  ResidentSetSize of job (KB)
...
006 (5415472.256.000) 07/16 13:28:54 Image size of job updated: 1634416
	1043  -  MemoryUsage of job (MB)
	1067912  -  ResidentSetSize of job (KB)
...
006 (5415472.256.000) 07/16 13:43:54 Image size of job updated: 1634416
	1043  -  MemoryUsage of job (MB)
	1067920  -  ResidentSetSize of job (KB)
...
006 (5415472.256.000) 07/16 14:03:56 Image size of job updated: 1634416
	1043  -  MemoryUsage of job (MB)
	1067928  -  ResidentSetSize of job (KB)
...
006 (5415472.256.000) 07/16 14:23:58 Image size of job updated: 1634416
	1043  -  MemoryUsage of job (MB)
	1067936  -  ResidentSetSize of job (KB)
...
006 (5415472.256.000) 07/16 14:44:00 Image size of job updated: 1634416
	1043  -  MemoryUsage of job (MB)
	1067944  -  ResidentSetSize of job (KB)
...
006 (5415472.256.000) 07/16 14:59:03 Image size of job updated: 1634416
	1043  -  MemoryUsage of job (MB)
	1067952  -  ResidentSetSize of job (KB)
...
006 (5415472.256.000) 07/16 15:19:05 Image size of job updated: 1634416
	1043  -  MemoryUsage of job (MB)
	1067960  -  ResidentSetSize of job (KB)
...
006 (5415472.256.000) 07/16 15:39:09 Image size of job updated: 1634416
	1043  -  MemoryUsage of job (MB)
	1067968  -  ResidentSetSize of job (KB)
...
006 (5415472.256.000) 07/16 15:59:11 Image size of job updated: 1634416
	1043  -  MemoryUsage of job (MB)
	1067976  -  ResidentSetSize of job (KB)
...
006 (5415472.256.000) 07/16 16:19:14 Image size of job updated: 1634416
	1043  -  MemoryUsage of job (MB)
	1067984  -  ResidentSetSize of job (KB)
...
006 (5415472.256.000) 07/16 16:39:18 Image size of job updated: 1634416
	1043  -  MemoryUsage of job (MB)
	1067992  -  ResidentSetSize of job (KB)
...
006 (5415472.256.000) 07/16 16:59:21 Image size of job updated: 1634416
	1043  -  MemoryUsage of job (MB)
	1068000  -  ResidentSetSize of job (KB)
...
006 (5415472.256.000) 07/16 17:19:22 Image size of job updated: 1634416
	1043  -  MemoryUsage of job (MB)
	1068008  -  ResidentSetSize of job (KB)
...
006 (5415472.256.000) 07/16 17:39:22 Image size of job updated: 1634416
	1043  -  MemoryUsage of job (MB)
	1068016  -  ResidentSetSize of job (KB)
...
006 (5415472.256.000) 07/16 18:19:24 Image size of job updated: 1634416
	1043  -  MemoryUsage of job (MB)
	1068020  -  ResidentSetSize of job (KB)
...
006 (5415472.256.000) 07/16 21:49:46 Image size of job updated: 1634416
	1043  -  MemoryUsage of job (MB)
	1068028  -  ResidentSetSize of job (KB)
...
006 (5415472.256.000) 07/16 22:09:49 Image size of job updated: 1634416
	1044  -  MemoryUsage of job (MB)
	1068036  -  ResidentSetSize of job (KB)
...
006 (5415472.256.000) 07/16 22:29:51 Image size of job updated: 1634416
	1044  -  MemoryUsage of job (MB)
	1068044  -  ResidentSetSize of job (KB)
...
006 (5415472.256.000) 07/16 22:49:52 Image size of job updated: 1634416
	1044  -  MemoryUsage of job (MB)
	1068052  -  ResidentSetSize of job (KB)
...
006 (5415472.256.000) 07/16 23:09:56 Image size of job updated: 1634416
	1044  -  MemoryUsage of job (MB)
	1068060  -  ResidentSetSize of job (KB)
...
006 (5415472.256.000) 07/16 23:29:58 Image size of job updated: 1634416
	1044  -  MemoryUsage of job (MB)
	1068068  -  ResidentSetSize of job (KB)
...
006 (5415472.256.000) 07/16 23:49:59 Image size of job updated: 1634416
	1044  -  MemoryUsage of job (MB)
	1068076  -  ResidentSetSize of job (KB)
...
006 (5415472.256.000) 07/17 00:04:59 Image size of job updated: 1634416
	1044  -  MemoryUsage of job (MB)
	1068084  -  ResidentSetSize of job (KB)
...
006 (5415472.256.000) 07/17 00:25:00 Image size of job updated: 1634416
	1044  -  MemoryUsage of job (MB)
	1068092  -  ResidentSetSize of job (KB)
...
006 (5415472.256.000) 07/17 00:45:00 Image size of job updated: 1634416
	1044  -  MemoryUsage of job (MB)
	1068100  -  ResidentSetSize of job (KB)
...
006 (5415472.256.000) 07/17 01:00:01 Image size of job updated: 1634416
	1044  -  MemoryUsage of job (MB)
	1068108  -  ResidentSetSize of job (KB)
...
006 (5415472.256.000) 07/17 01:20:02 Image size of job updated: 1634416
	1044  -  MemoryUsage of job (MB)
	1068116  -  ResidentSetSize of job (KB)
...
006 (5415472.256.000) 07/17 01:40:03 Image size of job updated: 1634416
	1044  -  MemoryUsage of job (MB)
	1068124  -  ResidentSetSize of job (KB)
...
006 (5415472.256.000) 07/17 02:00:05 Image size of job updated: 1634416
	1044  -  MemoryUsage of job (MB)
	1068132  -  ResidentSetSize of job (KB)
...
006 (5415472.256.000) 07/17 02:15:06 Image size of job updated: 1634416
	1044  -  MemoryUsage of job (MB)
	1068140  -  ResidentSetSize of job (KB)
...
006 (5415472.256.000) 07/17 02:35:08 Image size of job updated: 1634416
	1044  -  MemoryUsage of job (MB)
	1068148  -  ResidentSetSize of job (KB)
...
006 (5415472.256.000) 07/17 02:55:09 Image size of job updated: 1634416
	1044  -  MemoryUsage of job (MB)
	1068156  -  ResidentSetSize of job (KB)
...
006 (5415472.256.000) 07/17 03:20:12 Image size of job updated: 1634416
	1044  -  MemoryUsage of job (MB)
	1068164  -  ResidentSetSize of job (KB)
...
006 (5415472.256.000) 07/17 03:35:14 Image size of job updated: 1634416
	1044  -  MemoryUsage of job (MB)
	1068168  -  ResidentSetSize of job (KB)
...
006 (5415472.256.000) 07/17 03:50:16 Image size of job updated: 1634416
	1044  -  MemoryUsage of job (MB)
	1068176  -  ResidentSetSize of job (KB)
...
006 (5415472.256.000) 07/17 04:10:19 Image size of job updated: 1634416
	1044  -  MemoryUsage of job (MB)
	1068184  -  ResidentSetSize of job (KB)
...
006 (5415472.256.000) 07/17 04:25:21 Image size of job updated: 1634416
	1044  -  MemoryUsage of job (MB)
	1068192  -  ResidentSetSize of job (KB)
...
006 (5415472.256.000) 07/17 04:45:23 Image size of job updated: 1634416
	1044  -  MemoryUsage of job (MB)
	1068200  -  ResidentSetSize of job (KB)
...
006 (5415472.256.000) 07/17 05:00:25 Image size of job updated: 1634416
	1044  -  MemoryUsage of job (MB)
	1068208  -  ResidentSetSize of job (KB)
...
006 (5415472.256.000) 07/17 05:20:28 Image size of job updated: 1634416
	1044  -  MemoryUsage of job (MB)
	1068216  -  ResidentSetSize of job (KB)
...
006 (5415472.256.000) 07/17 05:40:31 Image size of job updated: 1634416
	1044  -  MemoryUsage of job (MB)
	1068224  -  ResidentSetSize of job (KB)
...
006 (5415472.256.000) 07/17 06:00:32 Image size of job updated: 1634416
	1044  -  MemoryUsage of job (MB)
	1068232  -  ResidentSetSize of job (KB)
...
006 (5415472.256.000) 07/17 06:20:33 Image size of job updated: 1634416
	1044  -  MemoryUsage of job (MB)
	1068236  -  ResidentSetSize of job (KB)
...
006 (5415472.256.000) 07/17 07:00:37 Image size of job updated: 1634416
	1044  -  MemoryUsage of job (MB)
	1068240  -  ResidentSetSize of job (KB)
...
006 (5415472.256.000) 07/17 07:20:38 Image size of job updated: 1634416
	1044  -  MemoryUsage of job (MB)
	1068248  -  ResidentSetSize of job (KB)
...
006 (5415472.256.000) 07/17 07:24:22 Image size of job updated: 1680436
	1044  -  MemoryUsage of job (MB)
	1068248  -  ResidentSetSize of job (KB)
...
040 (5415472.256.000) 07/17 07:24:22 Started transferring output files
...
040 (5415472.256.000) 07/17 07:24:25 Finished transferring output files
...
005 (5415472.256.000) 07/17 07:24:25 Job terminated.
	(1) Normal termination (return value 0)
		Usr 17 15:56:18, Sys 0 00:32:52  -  Run Remote Usage
		Usr 0 00:00:00, Sys 0 00:00:00  -  Run Local Usage
		Usr 17 15:56:18, Sys 0 00:32:52  -  Total Remote Usage
		Usr 0 00:00:00, Sys 0 00:00:00  -  Total Local Usage
	37071360  -  Run Bytes Sent By Job
	803  -  Run Bytes Received By Job
	37071360  -  Total Bytes Sent By Job
	803  -  Total Bytes Received By Job
	Partitionable Resources :    Usage  Request Allocated 
	   Cpus                 :     3.13        4         4 
	   Disk (KB)            : 36229    10485760  11278007 
	   Memory (MB)          :  1044        8000      8000 

	Job terminated of its own accord at 2021-07-17T05:24:22Z.
...
