000 (5415472.265.000) 07/11 14:02:29 Job submitted from host: <137.138.156.150:9618?addrs=137.138.156.150-9618+[2001-1458-d00-14--9a]-9618&alias=bigbird13.cern.ch&noUDP&sock=schedd_1788_ff6c>
...
040 (5415472.265.000) 07/11 14:31:16 Started transferring input files
	Transferring to host: <128.142.59.86:9618?addrs=128.142.59.86-9618+[2001-1458-301-21--100-55]-9618&alias=b7s04p2139.cern.ch&noUDP&sock=slot1_2_6742_194b_2008>
...
040 (5415472.265.000) 07/11 14:31:16 Finished transferring input files
...
001 (5415472.265.000) 07/11 14:31:17 Job executing on host: <128.142.59.86:9618?addrs=128.142.59.86-9618+[2001-1458-301-21--100-55]-9618&alias=b7s04p2139.cern.ch&noUDP&sock=startd_6290_fecb>
...
006 (5415472.265.000) 07/11 14:31:27 Image size of job updated: 570632
	67  -  MemoryUsage of job (MB)
	68124  -  ResidentSetSize of job (KB)
...
006 (5415472.265.000) 07/11 14:36:27 Image size of job updated: 1590920
	1004  -  MemoryUsage of job (MB)
	1027348  -  ResidentSetSize of job (KB)
...
006 (5415472.265.000) 07/12 22:59:47 Image size of job updated: 1591904
	1005  -  MemoryUsage of job (MB)
	1028256  -  ResidentSetSize of job (KB)
...
006 (5415472.265.000) 07/12 23:39:51 Image size of job updated: 1591904
	1006  -  MemoryUsage of job (MB)
	1029160  -  ResidentSetSize of job (KB)
...
006 (5415472.265.000) 07/12 23:44:52 Image size of job updated: 1592808
	1006  -  MemoryUsage of job (MB)
	1029160  -  ResidentSetSize of job (KB)
...
006 (5415472.265.000) 07/13 00:24:54 Image size of job updated: 1593712
	1006  -  MemoryUsage of job (MB)
	1030064  -  ResidentSetSize of job (KB)
...
006 (5415472.265.000) 07/13 00:59:56 Image size of job updated: 1594620
	1007  -  MemoryUsage of job (MB)
	1030972  -  ResidentSetSize of job (KB)
...
006 (5415472.265.000) 07/13 01:39:58 Image size of job updated: 1595524
	1008  -  MemoryUsage of job (MB)
	1031876  -  ResidentSetSize of job (KB)
...
006 (5415472.265.000) 07/13 02:20:00 Image size of job updated: 1596432
	1009  -  MemoryUsage of job (MB)
	1032784  -  ResidentSetSize of job (KB)
...
006 (5415472.265.000) 07/13 02:55:03 Image size of job updated: 1597336
	1010  -  MemoryUsage of job (MB)
	1033688  -  ResidentSetSize of job (KB)
...
006 (5415472.265.000) 07/13 03:35:09 Image size of job updated: 1598240
	1011  -  MemoryUsage of job (MB)
	1034592  -  ResidentSetSize of job (KB)
...
006 (5415472.265.000) 07/13 04:15:12 Image size of job updated: 1599148
	1012  -  MemoryUsage of job (MB)
	1035500  -  ResidentSetSize of job (KB)
...
006 (5415472.265.000) 07/13 04:55:19 Image size of job updated: 1600052
	1013  -  MemoryUsage of job (MB)
	1036404  -  ResidentSetSize of job (KB)
...
006 (5415472.265.000) 07/13 05:35:24 Image size of job updated: 1600960
	1013  -  MemoryUsage of job (MB)
	1037312  -  ResidentSetSize of job (KB)
...
006 (5415472.265.000) 07/13 06:15:29 Image size of job updated: 1601864
	1014  -  MemoryUsage of job (MB)
	1038216  -  ResidentSetSize of job (KB)
...
006 (5415472.265.000) 07/13 06:55:33 Image size of job updated: 1602768
	1014  -  MemoryUsage of job (MB)
	1038216  -  ResidentSetSize of job (KB)
...
006 (5415472.265.000) 07/13 07:40:34 Image size of job updated: 1603676
	1014  -  MemoryUsage of job (MB)
	1038216  -  ResidentSetSize of job (KB)
...
006 (5415472.265.000) 07/13 08:25:40 Image size of job updated: 1604580
	1014  -  MemoryUsage of job (MB)
	1038216  -  ResidentSetSize of job (KB)
...
006 (5415472.265.000) 07/13 09:10:46 Image size of job updated: 1605488
	1014  -  MemoryUsage of job (MB)
	1038216  -  ResidentSetSize of job (KB)
...
006 (5415472.265.000) 07/13 09:55:50 Image size of job updated: 1606392
	1014  -  MemoryUsage of job (MB)
	1038216  -  ResidentSetSize of job (KB)
...
006 (5415472.265.000) 07/13 10:40:55 Image size of job updated: 1607300
	1014  -  MemoryUsage of job (MB)
	1038216  -  ResidentSetSize of job (KB)
...
006 (5415472.265.000) 07/13 11:20:58 Image size of job updated: 1611828
	1014  -  MemoryUsage of job (MB)
	1038216  -  ResidentSetSize of job (KB)
...
006 (5415472.265.000) 07/13 13:03:10 Image size of job updated: 1614900
	1014  -  MemoryUsage of job (MB)
	1038216  -  ResidentSetSize of job (KB)
...
007 (5415472.265.000) 07/14 21:07:07 Shadow exception!
	Assertion ERROR on (result)
	0  -  Run Bytes Sent By Job
	803  -  Run Bytes Received By Job
...
040 (5415472.265.000) 07/14 21:26:28 Started transferring input files
	Transferring to host: <128.142.57.57:9618?addrs=128.142.57.57-9618+[2001-1458-301-7--100-38]-9618&alias=b7s02p9163.cern.ch&noUDP&sock=slot1_13_6356_207c_8095>
...
040 (5415472.265.000) 07/14 21:27:02 Finished transferring input files
...
001 (5415472.265.000) 07/14 21:27:27 Job executing on host: <128.142.57.57:9618?addrs=128.142.57.57-9618+[2001-1458-301-7--100-38]-9618&alias=b7s02p9163.cern.ch&noUDP&sock=startd_6136_5d36>
...
