000 (5415472.245.000) 07/11 14:02:29 Job submitted from host: <137.138.156.150:9618?addrs=137.138.156.150-9618+[2001-1458-d00-14--9a]-9618&alias=bigbird13.cern.ch&noUDP&sock=schedd_1788_ff6c>
...
040 (5415472.245.000) 07/11 14:26:00 Started transferring input files
	Transferring to host: <128.142.83.216:9618?addrs=128.142.83.216-9618+[2001-1458-301-f5--100-152]-9618&alias=b7s13n6520.cern.ch&noUDP&sock=slot1_2_6636_6987_56603>
...
040 (5415472.245.000) 07/11 14:26:00 Finished transferring input files
...
001 (5415472.245.000) 07/11 14:26:01 Job executing on host: <128.142.83.216:9618?addrs=128.142.83.216-9618+[2001-1458-301-f5--100-152]-9618&alias=b7s13n6520.cern.ch&noUDP&sock=startd_5309_1c63>
...
006 (5415472.245.000) 07/11 14:26:10 Image size of job updated: 295264
	247  -  MemoryUsage of job (MB)
	252024  -  ResidentSetSize of job (KB)
...
006 (5415472.245.000) 07/11 14:31:10 Image size of job updated: 1590976
	1004  -  MemoryUsage of job (MB)
	1027432  -  ResidentSetSize of job (KB)
...
006 (5415472.245.000) 07/13 01:20:08 Image size of job updated: 1591960
	1005  -  MemoryUsage of job (MB)
	1028340  -  ResidentSetSize of job (KB)
...
006 (5415472.245.000) 07/13 02:05:15 Image size of job updated: 1592864
	1006  -  MemoryUsage of job (MB)
	1029244  -  ResidentSetSize of job (KB)
...
006 (5415472.245.000) 07/13 02:50:20 Image size of job updated: 1593772
	1007  -  MemoryUsage of job (MB)
	1030152  -  ResidentSetSize of job (KB)
...
006 (5415472.245.000) 07/13 03:30:25 Image size of job updated: 1594676
	1007  -  MemoryUsage of job (MB)
	1031056  -  ResidentSetSize of job (KB)
...
006 (5415472.245.000) 07/13 04:15:32 Image size of job updated: 1595580
	1008  -  MemoryUsage of job (MB)
	1031960  -  ResidentSetSize of job (KB)
...
006 (5415472.245.000) 07/13 05:00:39 Image size of job updated: 1596488
	1009  -  MemoryUsage of job (MB)
	1032868  -  ResidentSetSize of job (KB)
...
006 (5415472.245.000) 07/13 05:40:45 Image size of job updated: 1597392
	1010  -  MemoryUsage of job (MB)
	1033772  -  ResidentSetSize of job (KB)
...
006 (5415472.245.000) 07/13 06:25:51 Image size of job updated: 1598300
	1011  -  MemoryUsage of job (MB)
	1034680  -  ResidentSetSize of job (KB)
...
006 (5415472.245.000) 07/13 07:10:58 Image size of job updated: 1599204
	1012  -  MemoryUsage of job (MB)
	1035584  -  ResidentSetSize of job (KB)
...
006 (5415472.245.000) 07/13 07:51:02 Image size of job updated: 1600108
	1013  -  MemoryUsage of job (MB)
	1036488  -  ResidentSetSize of job (KB)
...
006 (5415472.245.000) 07/13 08:36:04 Image size of job updated: 1601016
	1014  -  MemoryUsage of job (MB)
	1037396  -  ResidentSetSize of job (KB)
...
006 (5415472.245.000) 07/13 09:21:07 Image size of job updated: 1601920
	1014  -  MemoryUsage of job (MB)
	1038300  -  ResidentSetSize of job (KB)
...
006 (5415472.245.000) 07/13 10:06:14 Image size of job updated: 1602828
	1015  -  MemoryUsage of job (MB)
	1039208  -  ResidentSetSize of job (KB)
...
006 (5415472.245.000) 07/13 10:46:16 Image size of job updated: 1603732
	1016  -  MemoryUsage of job (MB)
	1040112  -  ResidentSetSize of job (KB)
...
006 (5415472.245.000) 07/13 11:31:21 Image size of job updated: 1604640
	1017  -  MemoryUsage of job (MB)
	1041020  -  ResidentSetSize of job (KB)
...
006 (5415472.245.000) 07/13 12:16:24 Image size of job updated: 1605544
	1018  -  MemoryUsage of job (MB)
	1041924  -  ResidentSetSize of job (KB)
...
006 (5415472.245.000) 07/13 12:56:29 Image size of job updated: 1606448
	1019  -  MemoryUsage of job (MB)
	1042828  -  ResidentSetSize of job (KB)
...
006 (5415472.245.000) 07/13 13:41:31 Image size of job updated: 1607356
	1020  -  MemoryUsage of job (MB)
	1043736  -  ResidentSetSize of job (KB)
...
006 (5415472.245.000) 07/13 14:21:35 Image size of job updated: 1608260
	1021  -  MemoryUsage of job (MB)
	1044640  -  ResidentSetSize of job (KB)
...
006 (5415472.245.000) 07/13 15:06:41 Image size of job updated: 1609168
	1022  -  MemoryUsage of job (MB)
	1045548  -  ResidentSetSize of job (KB)
...
006 (5415472.245.000) 07/13 15:51:48 Image size of job updated: 1610072
	1022  -  MemoryUsage of job (MB)
	1046452  -  ResidentSetSize of job (KB)
...
006 (5415472.245.000) 07/13 16:11:49 Image size of job updated: 1613144
	1024  -  MemoryUsage of job (MB)
	1048000  -  ResidentSetSize of job (KB)
...
006 (5415472.245.000) 07/13 16:26:52 Image size of job updated: 1613144
	1024  -  MemoryUsage of job (MB)
	1048012  -  ResidentSetSize of job (KB)
...
006 (5415472.245.000) 07/13 16:36:53 Image size of job updated: 1616768
	1027  -  MemoryUsage of job (MB)
	1051636  -  ResidentSetSize of job (KB)
...
006 (5415472.245.000) 07/13 16:46:54 Image size of job updated: 1616768
	1027  -  MemoryUsage of job (MB)
	1051648  -  ResidentSetSize of job (KB)
...
006 (5415472.245.000) 07/13 17:11:56 Image size of job updated: 1616768
	1028  -  MemoryUsage of job (MB)
	1051660  -  ResidentSetSize of job (KB)
...
006 (5415472.245.000) 07/13 17:36:58 Image size of job updated: 1616768
	1028  -  MemoryUsage of job (MB)
	1051672  -  ResidentSetSize of job (KB)
...
006 (5415472.245.000) 07/13 18:02:00 Image size of job updated: 1616768
	1028  -  MemoryUsage of job (MB)
	1051684  -  ResidentSetSize of job (KB)
...
006 (5415472.245.000) 07/13 18:22:02 Image size of job updated: 1616768
	1028  -  MemoryUsage of job (MB)
	1051696  -  ResidentSetSize of job (KB)
...
006 (5415472.245.000) 07/13 18:47:06 Image size of job updated: 1616768
	1028  -  MemoryUsage of job (MB)
	1051708  -  ResidentSetSize of job (KB)
...
006 (5415472.245.000) 07/13 19:12:08 Image size of job updated: 1616768
	1028  -  MemoryUsage of job (MB)
	1051720  -  ResidentSetSize of job (KB)
...
006 (5415472.245.000) 07/13 19:32:09 Image size of job updated: 1616768
	1028  -  MemoryUsage of job (MB)
	1051732  -  ResidentSetSize of job (KB)
...
006 (5415472.245.000) 07/13 19:57:12 Image size of job updated: 1616768
	1028  -  MemoryUsage of job (MB)
	1051744  -  ResidentSetSize of job (KB)
...
006 (5415472.245.000) 07/13 20:22:13 Image size of job updated: 1616768
	1028  -  MemoryUsage of job (MB)
	1051756  -  ResidentSetSize of job (KB)
...
006 (5415472.245.000) 07/13 20:42:15 Image size of job updated: 1616768
	1028  -  MemoryUsage of job (MB)
	1051768  -  ResidentSetSize of job (KB)
...
006 (5415472.245.000) 07/13 21:07:16 Image size of job updated: 1616768
	1028  -  MemoryUsage of job (MB)
	1051780  -  ResidentSetSize of job (KB)
...
006 (5415472.245.000) 07/13 21:27:17 Image size of job updated: 1616768
	1028  -  MemoryUsage of job (MB)
	1051792  -  ResidentSetSize of job (KB)
...
006 (5415472.245.000) 07/13 21:52:21 Image size of job updated: 1616768
	1028  -  MemoryUsage of job (MB)
	1051804  -  ResidentSetSize of job (KB)
...
006 (5415472.245.000) 07/13 22:12:23 Image size of job updated: 1616768
	1028  -  MemoryUsage of job (MB)
	1051816  -  ResidentSetSize of job (KB)
...
006 (5415472.245.000) 07/13 22:37:27 Image size of job updated: 1616768
	1028  -  MemoryUsage of job (MB)
	1051828  -  ResidentSetSize of job (KB)
...
006 (5415472.245.000) 07/13 23:02:31 Image size of job updated: 1616768
	1028  -  MemoryUsage of job (MB)
	1051840  -  ResidentSetSize of job (KB)
...
006 (5415472.245.000) 07/13 23:22:34 Image size of job updated: 1616768
	1028  -  MemoryUsage of job (MB)
	1051852  -  ResidentSetSize of job (KB)
...
006 (5415472.245.000) 07/13 23:47:37 Image size of job updated: 1616768
	1028  -  MemoryUsage of job (MB)
	1051864  -  ResidentSetSize of job (KB)
...
006 (5415472.245.000) 07/14 00:12:40 Image size of job updated: 1616768
	1028  -  MemoryUsage of job (MB)
	1051876  -  ResidentSetSize of job (KB)
...
006 (5415472.245.000) 07/14 00:32:42 Image size of job updated: 1616768
	1028  -  MemoryUsage of job (MB)
	1051888  -  ResidentSetSize of job (KB)
...
006 (5415472.245.000) 07/14 00:57:44 Image size of job updated: 1616768
	1028  -  MemoryUsage of job (MB)
	1051900  -  ResidentSetSize of job (KB)
...
006 (5415472.245.000) 07/14 01:22:45 Image size of job updated: 1616768
	1028  -  MemoryUsage of job (MB)
	1051912  -  ResidentSetSize of job (KB)
...
006 (5415472.245.000) 07/14 01:42:46 Image size of job updated: 1616768
	1028  -  MemoryUsage of job (MB)
	1051920  -  ResidentSetSize of job (KB)
...
006 (5415472.245.000) 07/14 01:47:47 Image size of job updated: 1616768
	1028  -  MemoryUsage of job (MB)
	1051924  -  ResidentSetSize of job (KB)
...
006 (5415472.245.000) 07/14 02:32:51 Image size of job updated: 1616768
	1028  -  MemoryUsage of job (MB)
	1051932  -  ResidentSetSize of job (KB)
...
006 (5415472.245.000) 07/14 02:52:53 Image size of job updated: 1616768
	1028  -  MemoryUsage of job (MB)
	1051936  -  ResidentSetSize of job (KB)
...
006 (5415472.245.000) 07/14 02:57:54 Image size of job updated: 1616768
	1028  -  MemoryUsage of job (MB)
	1051940  -  ResidentSetSize of job (KB)
...
006 (5415472.245.000) 07/14 03:17:57 Image size of job updated: 1616768
	1028  -  MemoryUsage of job (MB)
	1051952  -  ResidentSetSize of job (KB)
...
040 (5415472.245.000) 07/14 22:56:41 Started transferring output files
...
040 (5415472.245.000) 07/14 22:56:41 Finished transferring output files
...
004 (5415472.245.000) 07/14 22:56:41 Job was evicted.
	(0) CPU times
		Usr 10 05:50:01, Sys 0 00:01:54  -  Run Remote Usage
		Usr 0 00:00:00, Sys 0 00:00:00  -  Run Local Usage
	96188  -  Run Bytes Sent By Job
	803  -  Run Bytes Received By Job
	Partitionable Resources :    Usage  Request Allocated 
	   Cpus                 :     3.11        4         4 
	   Disk (KB)            :   120    10485760  10878210 
	   Memory (MB)          :  1028        8000      8000 
...
040 (5415472.245.000) 07/14 23:10:56 Started transferring input files
	Transferring to host: <188.184.198.206:9618?addrs=188.184.198.206-9618+[2001-1458-301-c1--100-275]-9618&alias=b7g52n4189.cern.ch&noUDP&sock=slot1_4_26143_dbc0_122202>
...
040 (5415472.245.000) 07/14 23:10:56 Finished transferring input files
...
001 (5415472.245.000) 07/14 23:10:57 Job executing on host: <188.184.198.206:9618?addrs=188.184.198.206-9618+[2001-1458-301-c1--100-275]-9618&alias=b7g52n4189.cern.ch&noUDP&sock=startd_18241_6323>
...
