000 (5415472.413.000) 07/11 14:02:29 Job submitted from host: <137.138.156.150:9618?addrs=137.138.156.150-9618+[2001-1458-d00-14--9a]-9618&alias=bigbird13.cern.ch&noUDP&sock=schedd_1788_ff6c>
...
040 (5415472.413.000) 07/11 16:21:24 Started transferring input files
	Transferring to host: <128.142.79.198:9618?addrs=128.142.79.198-9618+[2001-1458-301-f4--100-628]-9618&alias=b7s12n1511.cern.ch&noUDP&sock=slot1_5_11588_8b50_119541>
...
040 (5415472.413.000) 07/11 16:21:25 Finished transferring input files
...
001 (5415472.413.000) 07/11 16:21:25 Job executing on host: <128.142.79.198:9618?addrs=128.142.79.198-9618+[2001-1458-301-f4--100-628]-9618&alias=b7s12n1511.cern.ch&noUDP&sock=startd_14728_c2ee>
...
006 (5415472.413.000) 07/11 16:21:34 Image size of job updated: 115296
	54  -  MemoryUsage of job (MB)
	54312  -  ResidentSetSize of job (KB)
...
006 (5415472.413.000) 07/11 16:26:35 Image size of job updated: 1591072
	1004  -  MemoryUsage of job (MB)
	1027528  -  ResidentSetSize of job (KB)
...
006 (5415472.413.000) 07/13 21:37:47 Image size of job updated: 1592056
	1004  -  MemoryUsage of job (MB)
	1027528  -  ResidentSetSize of job (KB)
...
006 (5415472.413.000) 07/13 22:47:55 Image size of job updated: 1592960
	1004  -  MemoryUsage of job (MB)
	1027528  -  ResidentSetSize of job (KB)
...
006 (5415472.413.000) 07/14 00:03:05 Image size of job updated: 1593868
	1004  -  MemoryUsage of job (MB)
	1027528  -  ResidentSetSize of job (KB)
...
006 (5415472.413.000) 07/14 01:13:11 Image size of job updated: 1594772
	1004  -  MemoryUsage of job (MB)
	1027528  -  ResidentSetSize of job (KB)
...
006 (5415472.413.000) 07/14 02:23:20 Image size of job updated: 1595680
	1004  -  MemoryUsage of job (MB)
	1027528  -  ResidentSetSize of job (KB)
...
006 (5415472.413.000) 07/14 03:33:26 Image size of job updated: 1596584
	1004  -  MemoryUsage of job (MB)
	1027528  -  ResidentSetSize of job (KB)
...
006 (5415472.413.000) 07/14 04:38:34 Image size of job updated: 1597488
	1004  -  MemoryUsage of job (MB)
	1027528  -  ResidentSetSize of job (KB)
...
006 (5415472.413.000) 07/14 05:33:42 Image size of job updated: 1598396
	1004  -  MemoryUsage of job (MB)
	1027528  -  ResidentSetSize of job (KB)
...
006 (5415472.413.000) 07/14 06:38:49 Image size of job updated: 1599300
	1004  -  MemoryUsage of job (MB)
	1027528  -  ResidentSetSize of job (KB)
...
006 (5415472.413.000) 07/14 07:43:54 Image size of job updated: 1600208
	1004  -  MemoryUsage of job (MB)
	1027528  -  ResidentSetSize of job (KB)
...
006 (5415472.413.000) 07/14 08:44:01 Image size of job updated: 1601112
	1004  -  MemoryUsage of job (MB)
	1027528  -  ResidentSetSize of job (KB)
...
006 (5415472.413.000) 07/14 09:34:04 Image size of job updated: 1602016
	1004  -  MemoryUsage of job (MB)
	1027528  -  ResidentSetSize of job (KB)
...
006 (5415472.413.000) 07/14 10:29:10 Image size of job updated: 1602924
	1004  -  MemoryUsage of job (MB)
	1027528  -  ResidentSetSize of job (KB)
...
006 (5415472.413.000) 07/14 11:29:14 Image size of job updated: 1603828
	1004  -  MemoryUsage of job (MB)
	1027528  -  ResidentSetSize of job (KB)
...
006 (5415472.413.000) 07/14 12:19:19 Image size of job updated: 1604736
	1004  -  MemoryUsage of job (MB)
	1027528  -  ResidentSetSize of job (KB)
...
006 (5415472.413.000) 07/14 13:14:26 Image size of job updated: 1605640
	1004  -  MemoryUsage of job (MB)
	1027528  -  ResidentSetSize of job (KB)
...
006 (5415472.413.000) 07/14 14:09:30 Image size of job updated: 1610168
	1004  -  MemoryUsage of job (MB)
	1027528  -  ResidentSetSize of job (KB)
...
040 (5415472.413.000) 07/14 16:11:24 Started transferring output files
...
040 (5415472.413.000) 07/14 16:11:24 Finished transferring output files
...
004 (5415472.413.000) 07/14 16:11:24 Job was evicted.
	(0) CPU times
		Usr 8 16:10:36, Sys 0 00:02:08  -  Run Remote Usage
		Usr 0 00:00:00, Sys 0 00:00:00  -  Run Local Usage
	96180  -  Run Bytes Sent By Job
	803  -  Run Bytes Received By Job
	Partitionable Resources :    Usage  Request Allocated 
	   Cpus                 :     2.98        4         4 
	   Disk (KB)            :   120    10485760  10859796 
	   Memory (MB)          :  1004        8000      8000 
...
