000 (5415472.483.000) 07/11 14:02:30 Job submitted from host: <137.138.156.150:9618?addrs=137.138.156.150-9618+[2001-1458-d00-14--9a]-9618&alias=bigbird13.cern.ch&noUDP&sock=schedd_1788_ff6c>
...
040 (5415472.483.000) 07/12 09:10:18 Started transferring input files
	Transferring to host: <128.142.56.21:9618?addrs=128.142.56.21-9618+[2001-1458-301-6--100-14]-9618&alias=b7s01p6166.cern.ch&noUDP&sock=slot1_50_50910_734f_5483>
...
040 (5415472.483.000) 07/12 09:10:18 Finished transferring input files
...
001 (5415472.483.000) 07/12 09:10:19 Job executing on host: <128.142.56.21:9618?addrs=128.142.56.21-9618+[2001-1458-301-6--100-14]-9618&alias=b7s01p6166.cern.ch&noUDP&sock=startd_47824_dd59>
...
006 (5415472.483.000) 07/12 09:10:28 Image size of job updated: 120668
	59  -  MemoryUsage of job (MB)
	59680  -  ResidentSetSize of job (KB)
...
006 (5415472.483.000) 07/12 09:15:28 Image size of job updated: 1590884
	1004  -  MemoryUsage of job (MB)
	1027316  -  ResidentSetSize of job (KB)
...
006 (5415472.483.000) 07/13 10:12:55 Image size of job updated: 1590884
	1004  -  MemoryUsage of job (MB)
	1027320  -  ResidentSetSize of job (KB)
...
006 (5415472.483.000) 07/13 17:24:39 Image size of job updated: 1591864
	1005  -  MemoryUsage of job (MB)
	1028220  -  ResidentSetSize of job (KB)
...
006 (5415472.483.000) 07/13 17:59:42 Image size of job updated: 1592772
	1006  -  MemoryUsage of job (MB)
	1029128  -  ResidentSetSize of job (KB)
...
006 (5415472.483.000) 07/13 18:40:11 Image size of job updated: 1593676
	1006  -  MemoryUsage of job (MB)
	1030032  -  ResidentSetSize of job (KB)
...
006 (5415472.483.000) 07/13 19:19:52 Image size of job updated: 1594580
	1007  -  MemoryUsage of job (MB)
	1030936  -  ResidentSetSize of job (KB)
...
006 (5415472.483.000) 07/13 19:59:56 Image size of job updated: 1595488
	1008  -  MemoryUsage of job (MB)
	1031844  -  ResidentSetSize of job (KB)
...
006 (5415472.483.000) 07/13 20:40:01 Image size of job updated: 1596392
	1009  -  MemoryUsage of job (MB)
	1032748  -  ResidentSetSize of job (KB)
...
006 (5415472.483.000) 07/13 21:15:05 Image size of job updated: 1597300
	1010  -  MemoryUsage of job (MB)
	1033656  -  ResidentSetSize of job (KB)
...
006 (5415472.483.000) 07/13 21:55:10 Image size of job updated: 1598204
	1011  -  MemoryUsage of job (MB)
	1034560  -  ResidentSetSize of job (KB)
...
006 (5415472.483.000) 07/13 22:40:16 Image size of job updated: 1599108
	1012  -  MemoryUsage of job (MB)
	1035464  -  ResidentSetSize of job (KB)
...
006 (5415472.483.000) 07/13 23:30:20 Image size of job updated: 1600016
	1013  -  MemoryUsage of job (MB)
	1036372  -  ResidentSetSize of job (KB)
...
006 (5415472.483.000) 07/14 00:10:23 Image size of job updated: 1600920
	1013  -  MemoryUsage of job (MB)
	1037276  -  ResidentSetSize of job (KB)
...
006 (5415472.483.000) 07/14 00:55:27 Image size of job updated: 1601828
	1014  -  MemoryUsage of job (MB)
	1038184  -  ResidentSetSize of job (KB)
...
006 (5415472.483.000) 07/14 01:35:32 Image size of job updated: 1602732
	1015  -  MemoryUsage of job (MB)
	1039088  -  ResidentSetSize of job (KB)
...
006 (5415472.483.000) 07/14 02:20:36 Image size of job updated: 1603636
	1016  -  MemoryUsage of job (MB)
	1039992  -  ResidentSetSize of job (KB)
...
006 (5415472.483.000) 07/14 03:00:40 Image size of job updated: 1604544
	1017  -  MemoryUsage of job (MB)
	1040900  -  ResidentSetSize of job (KB)
...
006 (5415472.483.000) 07/14 03:40:43 Image size of job updated: 1605448
	1018  -  MemoryUsage of job (MB)
	1041804  -  ResidentSetSize of job (KB)
...
006 (5415472.483.000) 07/14 04:25:48 Image size of job updated: 1609976
	1022  -  MemoryUsage of job (MB)
	1046332  -  ResidentSetSize of job (KB)
...
006 (5415472.483.000) 07/14 07:51:02 Image size of job updated: 1613048
	1024  -  MemoryUsage of job (MB)
	1047880  -  ResidentSetSize of job (KB)
...
006 (5415472.483.000) 07/14 07:56:02 Image size of job updated: 1613048
	1024  -  MemoryUsage of job (MB)
	1047892  -  ResidentSetSize of job (KB)
...
006 (5415472.483.000) 07/14 08:16:05 Image size of job updated: 1613048
	1024  -  MemoryUsage of job (MB)
	1047904  -  ResidentSetSize of job (KB)
...
006 (5415472.483.000) 07/14 08:36:08 Image size of job updated: 1613048
	1024  -  MemoryUsage of job (MB)
	1047916  -  ResidentSetSize of job (KB)
...
006 (5415472.483.000) 07/14 08:56:10 Image size of job updated: 1613048
	1024  -  MemoryUsage of job (MB)
	1047928  -  ResidentSetSize of job (KB)
...
006 (5415472.483.000) 07/14 09:16:13 Image size of job updated: 1613048
	1024  -  MemoryUsage of job (MB)
	1047940  -  ResidentSetSize of job (KB)
...
006 (5415472.483.000) 07/14 09:36:14 Image size of job updated: 1613048
	1024  -  MemoryUsage of job (MB)
	1047952  -  ResidentSetSize of job (KB)
...
006 (5415472.483.000) 07/14 09:56:16 Image size of job updated: 1613048
	1024  -  MemoryUsage of job (MB)
	1047964  -  ResidentSetSize of job (KB)
...
006 (5415472.483.000) 07/14 10:16:19 Image size of job updated: 1613048
	1024  -  MemoryUsage of job (MB)
	1047976  -  ResidentSetSize of job (KB)
...
006 (5415472.483.000) 07/14 10:36:21 Image size of job updated: 1613048
	1024  -  MemoryUsage of job (MB)
	1047988  -  ResidentSetSize of job (KB)
...
006 (5415472.483.000) 07/14 10:56:23 Image size of job updated: 1613048
	1024  -  MemoryUsage of job (MB)
	1048000  -  ResidentSetSize of job (KB)
...
006 (5415472.483.000) 07/14 11:16:26 Image size of job updated: 1613048
	1024  -  MemoryUsage of job (MB)
	1048012  -  ResidentSetSize of job (KB)
...
006 (5415472.483.000) 07/14 11:36:27 Image size of job updated: 1613048
	1024  -  MemoryUsage of job (MB)
	1048024  -  ResidentSetSize of job (KB)
...
006 (5415472.483.000) 07/14 11:56:28 Image size of job updated: 1613048
	1024  -  MemoryUsage of job (MB)
	1048036  -  ResidentSetSize of job (KB)
...
006 (5415472.483.000) 07/14 12:16:30 Image size of job updated: 1613048
	1024  -  MemoryUsage of job (MB)
	1048048  -  ResidentSetSize of job (KB)
...
006 (5415472.483.000) 07/14 12:36:32 Image size of job updated: 1613048
	1024  -  MemoryUsage of job (MB)
	1048060  -  ResidentSetSize of job (KB)
...
006 (5415472.483.000) 07/14 12:56:33 Image size of job updated: 1613048
	1024  -  MemoryUsage of job (MB)
	1048072  -  ResidentSetSize of job (KB)
...
007 (5415472.483.000) 07/14 21:08:28 Shadow exception!
	Assertion ERROR on (result)
	0  -  Run Bytes Sent By Job
	803  -  Run Bytes Received By Job
...
