000 (5415472.400.000) 07/11 14:02:29 Job submitted from host: <137.138.156.150:9618?addrs=137.138.156.150-9618+[2001-1458-d00-14--9a]-9618&alias=bigbird13.cern.ch&noUDP&sock=schedd_1788_ff6c>
...
040 (5415472.400.000) 07/11 16:03:57 Started transferring input files
	Transferring to host: <128.142.57.98:9618?addrs=128.142.57.98-9618+[2001-1458-301-7--100-61]-9618&alias=b7s02p4710.cern.ch&noUDP&sock=slot1_14_6606_4646_6781>
...
040 (5415472.400.000) 07/11 16:03:57 Finished transferring input files
...
001 (5415472.400.000) 07/11 16:04:00 Job executing on host: <128.142.57.98:9618?addrs=128.142.57.98-9618+[2001-1458-301-7--100-61]-9618&alias=b7s02p4710.cern.ch&noUDP&sock=startd_6141_cb2f>
...
006 (5415472.400.000) 07/11 16:04:08 Image size of job updated: 570632
	44  -  MemoryUsage of job (MB)
	44588  -  ResidentSetSize of job (KB)
...
006 (5415472.400.000) 07/11 16:09:09 Image size of job updated: 1591028
	1004  -  MemoryUsage of job (MB)
	1027464  -  ResidentSetSize of job (KB)
...
006 (5415472.400.000) 07/12 20:57:01 Image size of job updated: 1592008
	1005  -  MemoryUsage of job (MB)
	1028368  -  ResidentSetSize of job (KB)
...
006 (5415472.400.000) 07/12 21:37:06 Image size of job updated: 1592916
	1006  -  MemoryUsage of job (MB)
	1029276  -  ResidentSetSize of job (KB)
...
006 (5415472.400.000) 07/12 22:17:12 Image size of job updated: 1593820
	1007  -  MemoryUsage of job (MB)
	1030180  -  ResidentSetSize of job (KB)
...
006 (5415472.400.000) 07/12 23:02:16 Image size of job updated: 1594728
	1007  -  MemoryUsage of job (MB)
	1031088  -  ResidentSetSize of job (KB)
...
006 (5415472.400.000) 07/12 23:42:20 Image size of job updated: 1595632
	1008  -  MemoryUsage of job (MB)
	1031992  -  ResidentSetSize of job (KB)
...
006 (5415472.400.000) 07/13 00:17:25 Image size of job updated: 1596536
	1009  -  MemoryUsage of job (MB)
	1032892  -  ResidentSetSize of job (KB)
...
006 (5415472.400.000) 07/13 00:57:30 Image size of job updated: 1597444
	1010  -  MemoryUsage of job (MB)
	1033800  -  ResidentSetSize of job (KB)
...
006 (5415472.400.000) 07/13 01:37:34 Image size of job updated: 1598348
	1011  -  MemoryUsage of job (MB)
	1034704  -  ResidentSetSize of job (KB)
...
006 (5415472.400.000) 07/13 02:17:34 Image size of job updated: 1599256
	1012  -  MemoryUsage of job (MB)
	1035612  -  ResidentSetSize of job (KB)
...
006 (5415472.400.000) 07/13 02:57:39 Image size of job updated: 1600160
	1013  -  MemoryUsage of job (MB)
	1036516  -  ResidentSetSize of job (KB)
...
006 (5415472.400.000) 07/13 03:32:42 Image size of job updated: 1601064
	1014  -  MemoryUsage of job (MB)
	1037420  -  ResidentSetSize of job (KB)
...
006 (5415472.400.000) 07/13 04:12:48 Image size of job updated: 1601972
	1014  -  MemoryUsage of job (MB)
	1038328  -  ResidentSetSize of job (KB)
...
006 (5415472.400.000) 07/13 04:52:53 Image size of job updated: 1602876
	1015  -  MemoryUsage of job (MB)
	1039228  -  ResidentSetSize of job (KB)
...
006 (5415472.400.000) 07/13 05:32:57 Image size of job updated: 1603784
	1016  -  MemoryUsage of job (MB)
	1040136  -  ResidentSetSize of job (KB)
...
006 (5415472.400.000) 07/13 06:08:00 Image size of job updated: 1608312
	1021  -  MemoryUsage of job (MB)
	1044664  -  ResidentSetSize of job (KB)
...
006 (5415472.400.000) 07/13 10:23:27 Image size of job updated: 1611384
	1022  -  MemoryUsage of job (MB)
	1046212  -  ResidentSetSize of job (KB)
...
006 (5415472.400.000) 07/13 10:38:32 Image size of job updated: 1611384
	1022  -  MemoryUsage of job (MB)
	1046224  -  ResidentSetSize of job (KB)
...
006 (5415472.400.000) 07/13 11:03:34 Image size of job updated: 1611384
	1022  -  MemoryUsage of job (MB)
	1046236  -  ResidentSetSize of job (KB)
...
006 (5415472.400.000) 07/13 11:28:33 Image size of job updated: 1611384
	1022  -  MemoryUsage of job (MB)
	1046248  -  ResidentSetSize of job (KB)
...
006 (5415472.400.000) 07/13 11:55:22 Image size of job updated: 1611384
	1022  -  MemoryUsage of job (MB)
	1046260  -  ResidentSetSize of job (KB)
...
006 (5415472.400.000) 07/13 12:12:33 Image size of job updated: 1611384
	1022  -  MemoryUsage of job (MB)
	1046272  -  ResidentSetSize of job (KB)
...
006 (5415472.400.000) 07/13 12:37:34 Image size of job updated: 1611384
	1022  -  MemoryUsage of job (MB)
	1046284  -  ResidentSetSize of job (KB)
...
006 (5415472.400.000) 07/13 12:57:36 Image size of job updated: 1611384
	1022  -  MemoryUsage of job (MB)
	1046296  -  ResidentSetSize of job (KB)
...
006 (5415472.400.000) 07/13 13:22:38 Image size of job updated: 1611384
	1022  -  MemoryUsage of job (MB)
	1046300  -  ResidentSetSize of job (KB)
...
006 (5415472.400.000) 07/13 13:47:39 Image size of job updated: 1611384
	1022  -  MemoryUsage of job (MB)
	1046312  -  ResidentSetSize of job (KB)
...
006 (5415472.400.000) 07/13 14:12:43 Image size of job updated: 1611384
	1022  -  MemoryUsage of job (MB)
	1046324  -  ResidentSetSize of job (KB)
...
006 (5415472.400.000) 07/13 14:37:45 Image size of job updated: 1611384
	1022  -  MemoryUsage of job (MB)
	1046336  -  ResidentSetSize of job (KB)
...
006 (5415472.400.000) 07/13 15:02:47 Image size of job updated: 1611384
	1022  -  MemoryUsage of job (MB)
	1046348  -  ResidentSetSize of job (KB)
...
006 (5415472.400.000) 07/13 15:27:48 Image size of job updated: 1611384
	1022  -  MemoryUsage of job (MB)
	1046360  -  ResidentSetSize of job (KB)
...
006 (5415472.400.000) 07/13 15:52:50 Image size of job updated: 1611384
	1022  -  MemoryUsage of job (MB)
	1046372  -  ResidentSetSize of job (KB)
...
006 (5415472.400.000) 07/13 16:17:52 Image size of job updated: 1611384
	1022  -  MemoryUsage of job (MB)
	1046384  -  ResidentSetSize of job (KB)
...
006 (5415472.400.000) 07/13 16:37:53 Image size of job updated: 1611384
	1022  -  MemoryUsage of job (MB)
	1046396  -  ResidentSetSize of job (KB)
...
006 (5415472.400.000) 07/13 17:02:56 Image size of job updated: 1611384
	1022  -  MemoryUsage of job (MB)
	1046408  -  ResidentSetSize of job (KB)
...
006 (5415472.400.000) 07/13 17:27:59 Image size of job updated: 1611384
	1022  -  MemoryUsage of job (MB)
	1046420  -  ResidentSetSize of job (KB)
...
006 (5415472.400.000) 07/13 17:53:03 Image size of job updated: 1611384
	1022  -  MemoryUsage of job (MB)
	1046432  -  ResidentSetSize of job (KB)
...
006 (5415472.400.000) 07/13 18:13:06 Image size of job updated: 1611384
	1022  -  MemoryUsage of job (MB)
	1046444  -  ResidentSetSize of job (KB)
...
006 (5415472.400.000) 07/13 18:33:09 Image size of job updated: 1611384
	1022  -  MemoryUsage of job (MB)
	1046456  -  ResidentSetSize of job (KB)
...
006 (5415472.400.000) 07/13 18:53:12 Image size of job updated: 1611384
	1022  -  MemoryUsage of job (MB)
	1046468  -  ResidentSetSize of job (KB)
...
006 (5415472.400.000) 07/13 19:13:12 Image size of job updated: 1611384
	1022  -  MemoryUsage of job (MB)
	1046480  -  ResidentSetSize of job (KB)
...
006 (5415472.400.000) 07/13 19:33:13 Image size of job updated: 1611384
	1022  -  MemoryUsage of job (MB)
	1046492  -  ResidentSetSize of job (KB)
...
006 (5415472.400.000) 07/13 19:58:18 Image size of job updated: 1611384
	1022  -  MemoryUsage of job (MB)
	1046504  -  ResidentSetSize of job (KB)
...
006 (5415472.400.000) 07/13 20:18:20 Image size of job updated: 1611384
	1022  -  MemoryUsage of job (MB)
	1046516  -  ResidentSetSize of job (KB)
...
006 (5415472.400.000) 07/13 20:43:23 Image size of job updated: 1611384
	1022  -  MemoryUsage of job (MB)
	1046528  -  ResidentSetSize of job (KB)
...
006 (5415472.400.000) 07/13 21:08:25 Image size of job updated: 1611384
	1023  -  MemoryUsage of job (MB)
	1046540  -  ResidentSetSize of job (KB)
...
006 (5415472.400.000) 07/13 21:28:28 Image size of job updated: 1611384
	1023  -  MemoryUsage of job (MB)
	1046552  -  ResidentSetSize of job (KB)
...
006 (5415472.400.000) 07/13 21:53:30 Image size of job updated: 1611384
	1023  -  MemoryUsage of job (MB)
	1046564  -  ResidentSetSize of job (KB)
...
006 (5415472.400.000) 07/13 22:18:33 Image size of job updated: 1611384
	1023  -  MemoryUsage of job (MB)
	1046576  -  ResidentSetSize of job (KB)
...
006 (5415472.400.000) 07/13 22:38:35 Image size of job updated: 1611384
	1023  -  MemoryUsage of job (MB)
	1046588  -  ResidentSetSize of job (KB)
...
006 (5415472.400.000) 07/13 23:03:37 Image size of job updated: 1611384
	1023  -  MemoryUsage of job (MB)
	1046600  -  ResidentSetSize of job (KB)
...
006 (5415472.400.000) 07/13 23:28:40 Image size of job updated: 1611384
	1023  -  MemoryUsage of job (MB)
	1046612  -  ResidentSetSize of job (KB)
...
006 (5415472.400.000) 07/13 23:53:42 Image size of job updated: 1611384
	1023  -  MemoryUsage of job (MB)
	1046624  -  ResidentSetSize of job (KB)
...
006 (5415472.400.000) 07/14 00:18:45 Image size of job updated: 1611384
	1023  -  MemoryUsage of job (MB)
	1046636  -  ResidentSetSize of job (KB)
...
006 (5415472.400.000) 07/14 00:38:47 Image size of job updated: 1611384
	1023  -  MemoryUsage of job (MB)
	1046648  -  ResidentSetSize of job (KB)
...
006 (5415472.400.000) 07/14 01:03:50 Image size of job updated: 1611384
	1023  -  MemoryUsage of job (MB)
	1046660  -  ResidentSetSize of job (KB)
...
006 (5415472.400.000) 07/14 01:23:53 Image size of job updated: 1611384
	1023  -  MemoryUsage of job (MB)
	1046672  -  ResidentSetSize of job (KB)
...
006 (5415472.400.000) 07/14 01:43:55 Image size of job updated: 1611384
	1023  -  MemoryUsage of job (MB)
	1046684  -  ResidentSetSize of job (KB)
...
006 (5415472.400.000) 07/14 02:03:58 Image size of job updated: 1611384
	1023  -  MemoryUsage of job (MB)
	1046696  -  ResidentSetSize of job (KB)
...
006 (5415472.400.000) 07/14 02:28:59 Image size of job updated: 1611384
	1023  -  MemoryUsage of job (MB)
	1046708  -  ResidentSetSize of job (KB)
...
006 (5415472.400.000) 07/14 02:54:04 Image size of job updated: 1611384
	1023  -  MemoryUsage of job (MB)
	1046720  -  ResidentSetSize of job (KB)
...
006 (5415472.400.000) 07/14 03:19:05 Image size of job updated: 1611384
	1023  -  MemoryUsage of job (MB)
	1046732  -  ResidentSetSize of job (KB)
...
006 (5415472.400.000) 07/14 03:44:07 Image size of job updated: 1611384
	1023  -  MemoryUsage of job (MB)
	1046736  -  ResidentSetSize of job (KB)
...
006 (5415472.400.000) 07/14 04:34:11 Image size of job updated: 1611384
	1023  -  MemoryUsage of job (MB)
	1046748  -  ResidentSetSize of job (KB)
...
006 (5415472.400.000) 07/14 04:54:14 Image size of job updated: 1611384
	1023  -  MemoryUsage of job (MB)
	1046752  -  ResidentSetSize of job (KB)
...
006 (5415472.400.000) 07/14 04:59:15 Image size of job updated: 1611384
	1023  -  MemoryUsage of job (MB)
	1046760  -  ResidentSetSize of job (KB)
...
006 (5415472.400.000) 07/14 05:24:16 Image size of job updated: 1611384
	1023  -  MemoryUsage of job (MB)
	1046772  -  ResidentSetSize of job (KB)
...
006 (5415472.400.000) 07/14 05:49:20 Image size of job updated: 1611384
	1023  -  MemoryUsage of job (MB)
	1046784  -  ResidentSetSize of job (KB)
...
006 (5415472.400.000) 07/14 06:14:22 Image size of job updated: 1611384
	1023  -  MemoryUsage of job (MB)
	1046796  -  ResidentSetSize of job (KB)
...
006 (5415472.400.000) 07/14 06:39:23 Image size of job updated: 1611384
	1023  -  MemoryUsage of job (MB)
	1046808  -  ResidentSetSize of job (KB)
...
006 (5415472.400.000) 07/14 06:59:26 Image size of job updated: 1611384
	1023  -  MemoryUsage of job (MB)
	1046820  -  ResidentSetSize of job (KB)
...
006 (5415472.400.000) 07/14 07:24:29 Image size of job updated: 1611384
	1023  -  MemoryUsage of job (MB)
	1046832  -  ResidentSetSize of job (KB)
...
006 (5415472.400.000) 07/14 07:44:31 Image size of job updated: 1611384
	1023  -  MemoryUsage of job (MB)
	1046844  -  ResidentSetSize of job (KB)
...
006 (5415472.400.000) 07/14 08:09:35 Image size of job updated: 1611384
	1023  -  MemoryUsage of job (MB)
	1046856  -  ResidentSetSize of job (KB)
...
006 (5415472.400.000) 07/14 08:29:37 Image size of job updated: 1611384
	1023  -  MemoryUsage of job (MB)
	1046868  -  ResidentSetSize of job (KB)
...
006 (5415472.400.000) 07/14 08:54:37 Image size of job updated: 1611384
	1023  -  MemoryUsage of job (MB)
	1046880  -  ResidentSetSize of job (KB)
...
006 (5415472.400.000) 07/14 09:14:38 Image size of job updated: 1611384
	1023  -  MemoryUsage of job (MB)
	1046892  -  ResidentSetSize of job (KB)
...
006 (5415472.400.000) 07/14 09:39:42 Image size of job updated: 1611384
	1023  -  MemoryUsage of job (MB)
	1046904  -  ResidentSetSize of job (KB)
...
006 (5415472.400.000) 07/14 10:04:44 Image size of job updated: 1611384
	1023  -  MemoryUsage of job (MB)
	1046916  -  ResidentSetSize of job (KB)
...
006 (5415472.400.000) 07/14 10:24:46 Image size of job updated: 1611384
	1023  -  MemoryUsage of job (MB)
	1046928  -  ResidentSetSize of job (KB)
...
006 (5415472.400.000) 07/14 10:49:49 Image size of job updated: 1611384
	1023  -  MemoryUsage of job (MB)
	1046940  -  ResidentSetSize of job (KB)
...
006 (5415472.400.000) 07/14 11:09:50 Image size of job updated: 1611384
	1023  -  MemoryUsage of job (MB)
	1046952  -  ResidentSetSize of job (KB)
...
006 (5415472.400.000) 07/14 11:34:53 Image size of job updated: 1611384
	1023  -  MemoryUsage of job (MB)
	1046964  -  ResidentSetSize of job (KB)
...
006 (5415472.400.000) 07/14 11:54:56 Image size of job updated: 1611384
	1023  -  MemoryUsage of job (MB)
	1046976  -  ResidentSetSize of job (KB)
...
006 (5415472.400.000) 07/14 17:40:32 Image size of job updated: 1611384
	1023  -  MemoryUsage of job (MB)
	1046988  -  ResidentSetSize of job (KB)
...
006 (5415472.400.000) 07/14 18:05:34 Image size of job updated: 1611384
	1023  -  MemoryUsage of job (MB)
	1047000  -  ResidentSetSize of job (KB)
...
006 (5415472.400.000) 07/14 18:30:36 Image size of job updated: 1611384
	1023  -  MemoryUsage of job (MB)
	1047008  -  ResidentSetSize of job (KB)
...
006 (5415472.400.000) 07/14 18:35:36 Image size of job updated: 1611384
	1023  -  MemoryUsage of job (MB)
	1047012  -  ResidentSetSize of job (KB)
...
006 (5415472.400.000) 07/14 19:00:39 Image size of job updated: 1611384
	1023  -  MemoryUsage of job (MB)
	1047024  -  ResidentSetSize of job (KB)
...
006 (5415472.400.000) 07/14 19:25:43 Image size of job updated: 1611384
	1023  -  MemoryUsage of job (MB)
	1047036  -  ResidentSetSize of job (KB)
...
006 (5415472.400.000) 07/14 19:45:44 Image size of job updated: 1611384
	1023  -  MemoryUsage of job (MB)
	1047048  -  ResidentSetSize of job (KB)
...
006 (5415472.400.000) 07/14 20:05:47 Image size of job updated: 1611384
	1023  -  MemoryUsage of job (MB)
	1047060  -  ResidentSetSize of job (KB)
...
006 (5415472.400.000) 07/14 20:25:49 Image size of job updated: 1611384
	1023  -  MemoryUsage of job (MB)
	1047072  -  ResidentSetSize of job (KB)
...
006 (5415472.400.000) 07/14 20:50:51 Image size of job updated: 1611384
	1023  -  MemoryUsage of job (MB)
	1047084  -  ResidentSetSize of job (KB)
...
006 (5415472.400.000) 07/14 21:12:35 Image size of job updated: 1611384
	1023  -  MemoryUsage of job (MB)
	1047096  -  ResidentSetSize of job (KB)
...
006 (5415472.400.000) 07/14 21:32:37 Image size of job updated: 1611384
	1023  -  MemoryUsage of job (MB)
	1047108  -  ResidentSetSize of job (KB)
...
006 (5415472.400.000) 07/14 21:52:37 Image size of job updated: 1611384
	1023  -  MemoryUsage of job (MB)
	1047120  -  ResidentSetSize of job (KB)
...
006 (5415472.400.000) 07/14 22:12:39 Image size of job updated: 1611384
	1023  -  MemoryUsage of job (MB)
	1047132  -  ResidentSetSize of job (KB)
...
006 (5415472.400.000) 07/14 22:32:40 Image size of job updated: 1611384
	1023  -  MemoryUsage of job (MB)
	1047144  -  ResidentSetSize of job (KB)
...
006 (5415472.400.000) 07/14 22:52:42 Image size of job updated: 1611384
	1023  -  MemoryUsage of job (MB)
	1047156  -  ResidentSetSize of job (KB)
...
006 (5415472.400.000) 07/14 23:17:44 Image size of job updated: 1611384
	1023  -  MemoryUsage of job (MB)
	1047168  -  ResidentSetSize of job (KB)
...
006 (5415472.400.000) 07/14 23:37:45 Image size of job updated: 1611384
	1023  -  MemoryUsage of job (MB)
	1047180  -  ResidentSetSize of job (KB)
...
006 (5415472.400.000) 07/14 23:57:47 Image size of job updated: 1611384
	1023  -  MemoryUsage of job (MB)
	1047192  -  ResidentSetSize of job (KB)
...
006 (5415472.400.000) 07/15 00:22:49 Image size of job updated: 1611384
	1023  -  MemoryUsage of job (MB)
	1047204  -  ResidentSetSize of job (KB)
...
006 (5415472.400.000) 07/15 00:42:51 Image size of job updated: 1611384
	1023  -  MemoryUsage of job (MB)
	1047216  -  ResidentSetSize of job (KB)
...
006 (5415472.400.000) 07/15 01:02:51 Image size of job updated: 1611384
	1023  -  MemoryUsage of job (MB)
	1047228  -  ResidentSetSize of job (KB)
...
006 (5415472.400.000) 07/15 01:22:54 Image size of job updated: 1611384
	1023  -  MemoryUsage of job (MB)
	1047240  -  ResidentSetSize of job (KB)
...
006 (5415472.400.000) 07/15 01:42:55 Image size of job updated: 1611384
	1023  -  MemoryUsage of job (MB)
	1047252  -  ResidentSetSize of job (KB)
...
006 (5415472.400.000) 07/15 02:02:57 Image size of job updated: 1611384
	1023  -  MemoryUsage of job (MB)
	1047264  -  ResidentSetSize of job (KB)
...
006 (5415472.400.000) 07/15 02:22:59 Image size of job updated: 1611384
	1023  -  MemoryUsage of job (MB)
	1047276  -  ResidentSetSize of job (KB)
...
006 (5415472.400.000) 07/15 02:43:00 Image size of job updated: 1611384
	1023  -  MemoryUsage of job (MB)
	1047288  -  ResidentSetSize of job (KB)
...
006 (5415472.400.000) 07/15 03:03:02 Image size of job updated: 1611384
	1023  -  MemoryUsage of job (MB)
	1047300  -  ResidentSetSize of job (KB)
...
006 (5415472.400.000) 07/15 03:28:06 Image size of job updated: 1611384
	1023  -  MemoryUsage of job (MB)
	1047312  -  ResidentSetSize of job (KB)
...
006 (5415472.400.000) 07/15 03:48:08 Image size of job updated: 1611384
	1023  -  MemoryUsage of job (MB)
	1047324  -  ResidentSetSize of job (KB)
...
006 (5415472.400.000) 07/15 04:08:08 Image size of job updated: 1611384
	1023  -  MemoryUsage of job (MB)
	1047328  -  ResidentSetSize of job (KB)
...
006 (5415472.400.000) 07/15 04:13:08 Image size of job updated: 1611384
	1023  -  MemoryUsage of job (MB)
	1047336  -  ResidentSetSize of job (KB)
...
006 (5415472.400.000) 07/15 04:33:08 Image size of job updated: 1611384
	1023  -  MemoryUsage of job (MB)
	1047348  -  ResidentSetSize of job (KB)
...
006 (5415472.400.000) 07/15 04:53:12 Image size of job updated: 1611384
	1023  -  MemoryUsage of job (MB)
	1047360  -  ResidentSetSize of job (KB)
...
006 (5415472.400.000) 07/15 05:18:16 Image size of job updated: 1611384
	1023  -  MemoryUsage of job (MB)
	1047372  -  ResidentSetSize of job (KB)
...
006 (5415472.400.000) 07/15 05:43:17 Image size of job updated: 1611384
	1023  -  MemoryUsage of job (MB)
	1047384  -  ResidentSetSize of job (KB)
...
006 (5415472.400.000) 07/15 06:03:18 Image size of job updated: 1611384
	1023  -  MemoryUsage of job (MB)
	1047396  -  ResidentSetSize of job (KB)
...
006 (5415472.400.000) 07/15 06:28:21 Image size of job updated: 1611384
	1023  -  MemoryUsage of job (MB)
	1047408  -  ResidentSetSize of job (KB)
...
006 (5415472.400.000) 07/15 06:53:22 Image size of job updated: 1611384
	1023  -  MemoryUsage of job (MB)
	1047420  -  ResidentSetSize of job (KB)
...
006 (5415472.400.000) 07/15 07:13:23 Image size of job updated: 1611384
	1023  -  MemoryUsage of job (MB)
	1047432  -  ResidentSetSize of job (KB)
...
006 (5415472.400.000) 07/15 07:38:25 Image size of job updated: 1611384
	1023  -  MemoryUsage of job (MB)
	1047444  -  ResidentSetSize of job (KB)
...
006 (5415472.400.000) 07/15 08:03:26 Image size of job updated: 1611384
	1023  -  MemoryUsage of job (MB)
	1047456  -  ResidentSetSize of job (KB)
...
006 (5415472.400.000) 07/15 08:23:26 Image size of job updated: 1611384
	1023  -  MemoryUsage of job (MB)
	1047468  -  ResidentSetSize of job (KB)
...
006 (5415472.400.000) 07/15 08:43:28 Image size of job updated: 1611384
	1023  -  MemoryUsage of job (MB)
	1047480  -  ResidentSetSize of job (KB)
...
006 (5415472.400.000) 07/15 09:08:30 Image size of job updated: 1611384
	1023  -  MemoryUsage of job (MB)
	1047492  -  ResidentSetSize of job (KB)
...
006 (5415472.400.000) 07/15 09:28:33 Image size of job updated: 1611384
	1023  -  MemoryUsage of job (MB)
	1047504  -  ResidentSetSize of job (KB)
...
006 (5415472.400.000) 07/15 09:53:36 Image size of job updated: 1611384
	1023  -  MemoryUsage of job (MB)
	1047516  -  ResidentSetSize of job (KB)
...
006 (5415472.400.000) 07/15 10:13:39 Image size of job updated: 1611384
	1023  -  MemoryUsage of job (MB)
	1047528  -  ResidentSetSize of job (KB)
...
006 (5415472.400.000) 07/15 10:38:43 Image size of job updated: 1611384
	1023  -  MemoryUsage of job (MB)
	1047540  -  ResidentSetSize of job (KB)
...
006 (5415472.400.000) 07/15 11:03:48 Image size of job updated: 1615480
	1025  -  MemoryUsage of job (MB)
	1049596  -  ResidentSetSize of job (KB)
...
006 (5415472.400.000) 07/15 11:23:48 Image size of job updated: 1615480
	1026  -  MemoryUsage of job (MB)
	1049604  -  ResidentSetSize of job (KB)
...
006 (5415472.400.000) 07/15 11:43:52 Image size of job updated: 1615480
	1026  -  MemoryUsage of job (MB)
	1049612  -  ResidentSetSize of job (KB)
...
006 (5415472.400.000) 07/15 12:08:55 Image size of job updated: 1615480
	1026  -  MemoryUsage of job (MB)
	1049620  -  ResidentSetSize of job (KB)
...
006 (5415472.400.000) 07/15 12:28:57 Image size of job updated: 1615480
	1026  -  MemoryUsage of job (MB)
	1049628  -  ResidentSetSize of job (KB)
...
006 (5415472.400.000) 07/15 12:48:57 Image size of job updated: 1615480
	1026  -  MemoryUsage of job (MB)
	1049636  -  ResidentSetSize of job (KB)
...
006 (5415472.400.000) 07/15 13:13:59 Image size of job updated: 1615480
	1026  -  MemoryUsage of job (MB)
	1049644  -  ResidentSetSize of job (KB)
...
006 (5415472.400.000) 07/15 13:34:00 Image size of job updated: 1615480
	1026  -  MemoryUsage of job (MB)
	1049652  -  ResidentSetSize of job (KB)
...
006 (5415472.400.000) 07/15 13:57:48 Image size of job updated: 1615480
	1026  -  MemoryUsage of job (MB)
	1049660  -  ResidentSetSize of job (KB)
...
006 (5415472.400.000) 07/15 14:17:49 Image size of job updated: 1615480
	1026  -  MemoryUsage of job (MB)
	1049668  -  ResidentSetSize of job (KB)
...
006 (5415472.400.000) 07/15 15:27:57 Image size of job updated: 1615480
	1026  -  MemoryUsage of job (MB)
	1049676  -  ResidentSetSize of job (KB)
...
006 (5415472.400.000) 07/15 15:48:00 Image size of job updated: 1615480
	1026  -  MemoryUsage of job (MB)
	1049680  -  ResidentSetSize of job (KB)
...
006 (5415472.400.000) 07/15 16:13:03 Image size of job updated: 1615480
	1026  -  MemoryUsage of job (MB)
	1049688  -  ResidentSetSize of job (KB)
...
006 (5415472.400.000) 07/15 16:33:04 Image size of job updated: 1615480
	1026  -  MemoryUsage of job (MB)
	1049696  -  ResidentSetSize of job (KB)
...
006 (5415472.400.000) 07/15 16:53:07 Image size of job updated: 1615480
	1026  -  MemoryUsage of job (MB)
	1049704  -  ResidentSetSize of job (KB)
...
006 (5415472.400.000) 07/15 17:13:10 Image size of job updated: 1615480
	1026  -  MemoryUsage of job (MB)
	1049708  -  ResidentSetSize of job (KB)
...
006 (5415472.400.000) 07/15 17:18:10 Image size of job updated: 1615480
	1026  -  MemoryUsage of job (MB)
	1049712  -  ResidentSetSize of job (KB)
...
006 (5415472.400.000) 07/15 17:38:11 Image size of job updated: 1615480
	1026  -  MemoryUsage of job (MB)
	1049720  -  ResidentSetSize of job (KB)
...
006 (5415472.400.000) 07/15 17:58:12 Image size of job updated: 1615480
	1026  -  MemoryUsage of job (MB)
	1049728  -  ResidentSetSize of job (KB)
...
006 (5415472.400.000) 07/15 18:23:15 Image size of job updated: 1615480
	1026  -  MemoryUsage of job (MB)
	1049736  -  ResidentSetSize of job (KB)
...
006 (5415472.400.000) 07/15 18:57:35 Image size of job updated: 1615480
	1026  -  MemoryUsage of job (MB)
	1049744  -  ResidentSetSize of job (KB)
...
006 (5415472.400.000) 07/15 19:36:21 Image size of job updated: 1615480
	1026  -  MemoryUsage of job (MB)
	1049752  -  ResidentSetSize of job (KB)
...
006 (5415472.400.000) 07/15 19:56:23 Image size of job updated: 1615480
	1026  -  MemoryUsage of job (MB)
	1049760  -  ResidentSetSize of job (KB)
...
006 (5415472.400.000) 07/15 20:16:24 Image size of job updated: 1615480
	1026  -  MemoryUsage of job (MB)
	1049768  -  ResidentSetSize of job (KB)
...
006 (5415472.400.000) 07/15 20:36:26 Image size of job updated: 1615480
	1026  -  MemoryUsage of job (MB)
	1049776  -  ResidentSetSize of job (KB)
...
006 (5415472.400.000) 07/15 21:01:27 Image size of job updated: 1615480
	1026  -  MemoryUsage of job (MB)
	1049784  -  ResidentSetSize of job (KB)
...
006 (5415472.400.000) 07/15 21:26:29 Image size of job updated: 1615480
	1026  -  MemoryUsage of job (MB)
	1049792  -  ResidentSetSize of job (KB)
...
006 (5415472.400.000) 07/15 21:51:33 Image size of job updated: 1615480
	1026  -  MemoryUsage of job (MB)
	1049800  -  ResidentSetSize of job (KB)
...
006 (5415472.400.000) 07/15 22:11:36 Image size of job updated: 1615480
	1026  -  MemoryUsage of job (MB)
	1049808  -  ResidentSetSize of job (KB)
...
006 (5415472.400.000) 07/15 22:31:37 Image size of job updated: 1615480
	1026  -  MemoryUsage of job (MB)
	1049816  -  ResidentSetSize of job (KB)
...
006 (5415472.400.000) 07/15 22:51:39 Image size of job updated: 1615480
	1026  -  MemoryUsage of job (MB)
	1049824  -  ResidentSetSize of job (KB)
...
006 (5415472.400.000) 07/15 23:11:42 Image size of job updated: 1615480
	1026  -  MemoryUsage of job (MB)
	1049832  -  ResidentSetSize of job (KB)
...
006 (5415472.400.000) 07/15 23:36:45 Image size of job updated: 1615480
	1026  -  MemoryUsage of job (MB)
	1049840  -  ResidentSetSize of job (KB)
...
006 (5415472.400.000) 07/15 23:56:49 Image size of job updated: 1615480
	1026  -  MemoryUsage of job (MB)
	1049848  -  ResidentSetSize of job (KB)
...
006 (5415472.400.000) 07/16 00:16:53 Image size of job updated: 1615480
	1026  -  MemoryUsage of job (MB)
	1049856  -  ResidentSetSize of job (KB)
...
006 (5415472.400.000) 07/16 00:41:57 Image size of job updated: 1615480
	1026  -  MemoryUsage of job (MB)
	1049864  -  ResidentSetSize of job (KB)
...
006 (5415472.400.000) 07/16 01:01:59 Image size of job updated: 1615480
	1026  -  MemoryUsage of job (MB)
	1049872  -  ResidentSetSize of job (KB)
...
006 (5415472.400.000) 07/16 01:27:02 Image size of job updated: 1615480
	1026  -  MemoryUsage of job (MB)
	1049880  -  ResidentSetSize of job (KB)
...
006 (5415472.400.000) 07/16 01:47:04 Image size of job updated: 1615480
	1026  -  MemoryUsage of job (MB)
	1049888  -  ResidentSetSize of job (KB)
...
006 (5415472.400.000) 07/16 02:07:08 Image size of job updated: 1615480
	1026  -  MemoryUsage of job (MB)
	1049896  -  ResidentSetSize of job (KB)
...
006 (5415472.400.000) 07/16 02:27:08 Image size of job updated: 1615480
	1026  -  MemoryUsage of job (MB)
	1049904  -  ResidentSetSize of job (KB)
...
006 (5415472.400.000) 07/16 02:52:10 Image size of job updated: 1615480
	1026  -  MemoryUsage of job (MB)
	1049912  -  ResidentSetSize of job (KB)
...
006 (5415472.400.000) 07/16 03:12:11 Image size of job updated: 1615480
	1026  -  MemoryUsage of job (MB)
	1049920  -  ResidentSetSize of job (KB)
...
006 (5415472.400.000) 07/16 03:32:14 Image size of job updated: 1615480
	1026  -  MemoryUsage of job (MB)
	1049928  -  ResidentSetSize of job (KB)
...
006 (5415472.400.000) 07/16 03:52:15 Image size of job updated: 1615480
	1026  -  MemoryUsage of job (MB)
	1049936  -  ResidentSetSize of job (KB)
...
006 (5415472.400.000) 07/16 04:12:18 Image size of job updated: 1615480
	1026  -  MemoryUsage of job (MB)
	1049944  -  ResidentSetSize of job (KB)
...
006 (5415472.400.000) 07/16 04:32:20 Image size of job updated: 1615480
	1026  -  MemoryUsage of job (MB)
	1049952  -  ResidentSetSize of job (KB)
...
006 (5415472.400.000) 07/16 04:47:21 Image size of job updated: 1615480
	1026  -  MemoryUsage of job (MB)
	1049960  -  ResidentSetSize of job (KB)
...
006 (5415472.400.000) 07/16 05:07:24 Image size of job updated: 1615480
	1026  -  MemoryUsage of job (MB)
	1049968  -  ResidentSetSize of job (KB)
...
006 (5415472.400.000) 07/16 05:27:27 Image size of job updated: 1615480
	1026  -  MemoryUsage of job (MB)
	1049976  -  ResidentSetSize of job (KB)
...
006 (5415472.400.000) 07/16 05:47:28 Image size of job updated: 1615480
	1026  -  MemoryUsage of job (MB)
	1049984  -  ResidentSetSize of job (KB)
...
006 (5415472.400.000) 07/16 06:07:30 Image size of job updated: 1615480
	1026  -  MemoryUsage of job (MB)
	1049992  -  ResidentSetSize of job (KB)
...
006 (5415472.400.000) 07/16 06:32:31 Image size of job updated: 1615480
	1026  -  MemoryUsage of job (MB)
	1050000  -  ResidentSetSize of job (KB)
...
006 (5415472.400.000) 07/16 06:52:31 Image size of job updated: 1615480
	1026  -  MemoryUsage of job (MB)
	1050008  -  ResidentSetSize of job (KB)
...
006 (5415472.400.000) 07/16 07:12:34 Image size of job updated: 1615480
	1026  -  MemoryUsage of job (MB)
	1050016  -  ResidentSetSize of job (KB)
...
006 (5415472.400.000) 07/16 07:32:37 Image size of job updated: 1615480
	1026  -  MemoryUsage of job (MB)
	1050024  -  ResidentSetSize of job (KB)
...
006 (5415472.400.000) 07/16 07:52:40 Image size of job updated: 1615480
	1026  -  MemoryUsage of job (MB)
	1050032  -  ResidentSetSize of job (KB)
...
006 (5415472.400.000) 07/16 08:12:42 Image size of job updated: 1615480
	1026  -  MemoryUsage of job (MB)
	1050040  -  ResidentSetSize of job (KB)
...
006 (5415472.400.000) 07/16 08:32:44 Image size of job updated: 1615480
	1026  -  MemoryUsage of job (MB)
	1050048  -  ResidentSetSize of job (KB)
...
006 (5415472.400.000) 07/16 08:52:45 Image size of job updated: 1615480
	1026  -  MemoryUsage of job (MB)
	1050056  -  ResidentSetSize of job (KB)
...
006 (5415472.400.000) 07/16 09:12:46 Image size of job updated: 1615480
	1026  -  MemoryUsage of job (MB)
	1050064  -  ResidentSetSize of job (KB)
...
006 (5415472.400.000) 07/16 09:32:48 Image size of job updated: 1615480
	1026  -  MemoryUsage of job (MB)
	1050072  -  ResidentSetSize of job (KB)
...
006 (5415472.400.000) 07/16 09:52:50 Image size of job updated: 1615480
	1026  -  MemoryUsage of job (MB)
	1050080  -  ResidentSetSize of job (KB)
...
006 (5415472.400.000) 07/16 10:12:52 Image size of job updated: 1615480
	1026  -  MemoryUsage of job (MB)
	1050088  -  ResidentSetSize of job (KB)
...
006 (5415472.400.000) 07/16 10:32:55 Image size of job updated: 1615480
	1026  -  MemoryUsage of job (MB)
	1050096  -  ResidentSetSize of job (KB)
...
006 (5415472.400.000) 07/16 11:13:00 Image size of job updated: 1615480
	1026  -  MemoryUsage of job (MB)
	1050104  -  ResidentSetSize of job (KB)
...
006 (5415472.400.000) 07/16 11:33:03 Image size of job updated: 1615480
	1026  -  MemoryUsage of job (MB)
	1050112  -  ResidentSetSize of job (KB)
...
006 (5415472.400.000) 07/16 11:52:00 Image size of job updated: 1615480
	1026  -  MemoryUsage of job (MB)
	1050120  -  ResidentSetSize of job (KB)
...
006 (5415472.400.000) 07/16 12:12:01 Image size of job updated: 1615480
	1026  -  MemoryUsage of job (MB)
	1050128  -  ResidentSetSize of job (KB)
...
006 (5415472.400.000) 07/16 12:32:02 Image size of job updated: 1615480
	1026  -  MemoryUsage of job (MB)
	1050136  -  ResidentSetSize of job (KB)
...
006 (5415472.400.000) 07/16 12:52:05 Image size of job updated: 1615480
	1026  -  MemoryUsage of job (MB)
	1050144  -  ResidentSetSize of job (KB)
...
006 (5415472.400.000) 07/16 13:17:08 Image size of job updated: 1615480
	1026  -  MemoryUsage of job (MB)
	1050152  -  ResidentSetSize of job (KB)
...
006 (5415472.400.000) 07/16 13:37:10 Image size of job updated: 1615480
	1026  -  MemoryUsage of job (MB)
	1050160  -  ResidentSetSize of job (KB)
...
006 (5415472.400.000) 07/16 14:02:12 Image size of job updated: 1615480
	1026  -  MemoryUsage of job (MB)
	1050168  -  ResidentSetSize of job (KB)
...
006 (5415472.400.000) 07/16 14:22:15 Image size of job updated: 1615480
	1026  -  MemoryUsage of job (MB)
	1050176  -  ResidentSetSize of job (KB)
...
006 (5415472.400.000) 07/16 14:47:18 Image size of job updated: 1615480
	1026  -  MemoryUsage of job (MB)
	1050184  -  ResidentSetSize of job (KB)
...
006 (5415472.400.000) 07/16 15:07:20 Image size of job updated: 1615480
	1026  -  MemoryUsage of job (MB)
	1050192  -  ResidentSetSize of job (KB)
...
006 (5415472.400.000) 07/16 15:27:23 Image size of job updated: 1615480
	1026  -  MemoryUsage of job (MB)
	1050196  -  ResidentSetSize of job (KB)
...
006 (5415472.400.000) 07/16 15:32:23 Image size of job updated: 1615480
	1026  -  MemoryUsage of job (MB)
	1050200  -  ResidentSetSize of job (KB)
...
006 (5415472.400.000) 07/16 15:52:24 Image size of job updated: 1615480
	1026  -  MemoryUsage of job (MB)
	1050208  -  ResidentSetSize of job (KB)
...
006 (5415472.400.000) 07/16 16:17:25 Image size of job updated: 1615480
	1026  -  MemoryUsage of job (MB)
	1050216  -  ResidentSetSize of job (KB)
...
006 (5415472.400.000) 07/16 16:37:28 Image size of job updated: 1615480
	1026  -  MemoryUsage of job (MB)
	1050224  -  ResidentSetSize of job (KB)
...
006 (5415472.400.000) 07/16 17:02:30 Image size of job updated: 1615480
	1026  -  MemoryUsage of job (MB)
	1050232  -  ResidentSetSize of job (KB)
...
006 (5415472.400.000) 07/16 17:22:32 Image size of job updated: 1615480
	1026  -  MemoryUsage of job (MB)
	1050240  -  ResidentSetSize of job (KB)
...
006 (5415472.400.000) 07/16 17:47:35 Image size of job updated: 1615480
	1026  -  MemoryUsage of job (MB)
	1050248  -  ResidentSetSize of job (KB)
...
006 (5415472.400.000) 07/16 18:02:36 Image size of job updated: 1615480
	1026  -  MemoryUsage of job (MB)
	1050256  -  ResidentSetSize of job (KB)
...
006 (5415472.400.000) 07/16 18:22:39 Image size of job updated: 1615480
	1026  -  MemoryUsage of job (MB)
	1050264  -  ResidentSetSize of job (KB)
...
006 (5415472.400.000) 07/16 18:37:41 Image size of job updated: 1615480
	1026  -  MemoryUsage of job (MB)
	1050272  -  ResidentSetSize of job (KB)
...
006 (5415472.400.000) 07/16 18:42:41 Image size of job updated: 1661500
	1026  -  MemoryUsage of job (MB)
	1050272  -  ResidentSetSize of job (KB)
...
040 (5415472.400.000) 07/16 18:44:07 Started transferring output files
...
040 (5415472.400.000) 07/16 18:46:42 Finished transferring output files
...
005 (5415472.400.000) 07/16 18:46:42 Job terminated.
	(1) Normal termination (return value 0)
		Usr 15 20:04:01, Sys 0 00:34:16  -  Run Remote Usage
		Usr 0 00:00:00, Sys 0 00:00:00  -  Run Local Usage
		Usr 15 20:04:01, Sys 0 00:34:16  -  Total Remote Usage
		Usr 0 00:00:00, Sys 0 00:00:00  -  Total Local Usage
	36707328  -  Run Bytes Sent By Job
	803  -  Run Bytes Received By Job
	36707328  -  Total Bytes Sent By Job
	803  -  Total Bytes Received By Job
	Partitionable Resources :    Usage  Request Allocated 
	   Cpus                 :     0.01        4         4 
	   Disk (KB)            : 35873    10485760  11233117 
	   Memory (MB)          :  1026        8000      8000 

	Job terminated of its own accord at 2021-07-16T16:44:07Z.
...
