000 (5415472.166.000) 07/11 14:02:29 Job submitted from host: <137.138.156.150:9618?addrs=137.138.156.150-9618+[2001-1458-d00-14--9a]-9618&alias=bigbird13.cern.ch&noUDP&sock=schedd_1788_ff6c>
...
040 (5415472.166.000) 07/11 14:15:23 Started transferring input files
	Transferring to host: <128.142.78.16:9618?addrs=128.142.78.16-9618+[2001-1458-301-f4--100-10f]-9618&alias=b7s12n5380.cern.ch&noUDP&sock=slot1_3_5769_8844_60333>
...
040 (5415472.166.000) 07/11 14:15:23 Finished transferring input files
...
001 (5415472.166.000) 07/11 14:15:24 Job executing on host: <128.142.78.16:9618?addrs=128.142.78.16-9618+[2001-1458-301-f4--100-10f]-9618&alias=b7s12n5380.cern.ch&noUDP&sock=startd_4602_2aee>
...
006 (5415472.166.000) 07/11 14:15:33 Image size of job updated: 112656
	52  -  MemoryUsage of job (MB)
	52520  -  ResidentSetSize of job (KB)
...
006 (5415472.166.000) 07/11 14:20:33 Image size of job updated: 1590892
	1004  -  MemoryUsage of job (MB)
	1027348  -  ResidentSetSize of job (KB)
...
006 (5415472.166.000) 07/13 18:59:27 Image size of job updated: 1591876
	1005  -  MemoryUsage of job (MB)
	1028100  -  ResidentSetSize of job (KB)
...
006 (5415472.166.000) 07/13 20:09:36 Image size of job updated: 1592780
	1005  -  MemoryUsage of job (MB)
	1029004  -  ResidentSetSize of job (KB)
...
006 (5415472.166.000) 07/13 21:14:43 Image size of job updated: 1592780
	1006  -  MemoryUsage of job (MB)
	1029912  -  ResidentSetSize of job (KB)
...
006 (5415472.166.000) 07/13 21:19:43 Image size of job updated: 1593688
	1006  -  MemoryUsage of job (MB)
	1029912  -  ResidentSetSize of job (KB)
...
006 (5415472.166.000) 07/13 22:24:50 Image size of job updated: 1594592
	1007  -  MemoryUsage of job (MB)
	1030816  -  ResidentSetSize of job (KB)
...
006 (5415472.166.000) 07/13 23:34:55 Image size of job updated: 1595500
	1008  -  MemoryUsage of job (MB)
	1031724  -  ResidentSetSize of job (KB)
...
006 (5415472.166.000) 07/14 00:50:01 Image size of job updated: 1596404
	1009  -  MemoryUsage of job (MB)
	1032628  -  ResidentSetSize of job (KB)
...
006 (5415472.166.000) 07/14 02:00:07 Image size of job updated: 1597308
	1010  -  MemoryUsage of job (MB)
	1033512  -  ResidentSetSize of job (KB)
...
006 (5415472.166.000) 07/14 03:10:14 Image size of job updated: 1598216
	1011  -  MemoryUsage of job (MB)
	1034412  -  ResidentSetSize of job (KB)
...
006 (5415472.166.000) 07/14 04:20:19 Image size of job updated: 1599120
	1012  -  MemoryUsage of job (MB)
	1035308  -  ResidentSetSize of job (KB)
...
006 (5415472.166.000) 07/14 05:35:29 Image size of job updated: 1600028
	1012  -  MemoryUsage of job (MB)
	1036216  -  ResidentSetSize of job (KB)
...
006 (5415472.166.000) 07/14 06:45:34 Image size of job updated: 1600932
	1013  -  MemoryUsage of job (MB)
	1037120  -  ResidentSetSize of job (KB)
...
006 (5415472.166.000) 07/14 07:55:42 Image size of job updated: 1601836
	1014  -  MemoryUsage of job (MB)
	1038024  -  ResidentSetSize of job (KB)
...
006 (5415472.166.000) 07/14 09:00:52 Image size of job updated: 1602744
	1015  -  MemoryUsage of job (MB)
	1038932  -  ResidentSetSize of job (KB)
...
006 (5415472.166.000) 07/14 10:06:00 Image size of job updated: 1603648
	1016  -  MemoryUsage of job (MB)
	1039836  -  ResidentSetSize of job (KB)
...
006 (5415472.166.000) 07/14 11:11:08 Image size of job updated: 1604556
	1017  -  MemoryUsage of job (MB)
	1040744  -  ResidentSetSize of job (KB)
...
006 (5415472.166.000) 07/14 12:21:13 Image size of job updated: 1605460
	1018  -  MemoryUsage of job (MB)
	1041648  -  ResidentSetSize of job (KB)
...
006 (5415472.166.000) 07/14 13:26:20 Image size of job updated: 1606368
	1019  -  MemoryUsage of job (MB)
	1042556  -  ResidentSetSize of job (KB)
...
006 (5415472.166.000) 07/14 14:41:23 Image size of job updated: 1607272
	1019  -  MemoryUsage of job (MB)
	1043448  -  ResidentSetSize of job (KB)
...
006 (5415472.166.000) 07/14 15:46:29 Image size of job updated: 1608176
	1020  -  MemoryUsage of job (MB)
	1044352  -  ResidentSetSize of job (KB)
...
006 (5415472.166.000) 07/14 16:56:37 Image size of job updated: 1609084
	1021  -  MemoryUsage of job (MB)
	1045260  -  ResidentSetSize of job (KB)
...
006 (5415472.166.000) 07/14 18:06:42 Image size of job updated: 1609988
	1022  -  MemoryUsage of job (MB)
	1046164  -  ResidentSetSize of job (KB)
...
006 (5415472.166.000) 07/14 18:41:45 Image size of job updated: 1613060
	1024  -  MemoryUsage of job (MB)
	1047712  -  ResidentSetSize of job (KB)
...
006 (5415472.166.000) 07/14 18:51:47 Image size of job updated: 1613060
	1024  -  MemoryUsage of job (MB)
	1047724  -  ResidentSetSize of job (KB)
...
006 (5415472.166.000) 07/14 19:31:50 Image size of job updated: 1613060
	1024  -  MemoryUsage of job (MB)
	1047736  -  ResidentSetSize of job (KB)
...
006 (5415472.166.000) 07/14 20:06:55 Image size of job updated: 1613060
	1024  -  MemoryUsage of job (MB)
	1047748  -  ResidentSetSize of job (KB)
...
006 (5415472.166.000) 07/14 20:26:58 Image size of job updated: 1613968
	1025  -  MemoryUsage of job (MB)
	1048656  -  ResidentSetSize of job (KB)
...
006 (5415472.166.000) 07/14 20:47:01 Image size of job updated: 1613968
	1025  -  MemoryUsage of job (MB)
	1048668  -  ResidentSetSize of job (KB)
...
007 (5415472.166.000) 07/14 21:09:33 Shadow exception!
	Assertion ERROR on (result)
	0  -  Run Bytes Sent By Job
	803  -  Run Bytes Received By Job
...
040 (5415472.166.000) 07/14 21:25:35 Started transferring input files
	Transferring to host: <128.142.82.245:9618?addrs=128.142.82.245-9618+[2001-1458-301-f5--100-723]-9618&alias=b7s13n4261.cern.ch&noUDP&sock=slot1_1_16631_cb3d_120665>
...
040 (5415472.166.000) 07/14 21:25:36 Finished transferring input files
...
001 (5415472.166.000) 07/14 21:25:39 Job executing on host: <128.142.82.245:9618?addrs=128.142.82.245-9618+[2001-1458-301-f5--100-723]-9618&alias=b7s13n4261.cern.ch&noUDP&sock=startd_16706_8143>
...
040 (5415472.166.000) 07/17 21:15:19 Started transferring output files
...
040 (5415472.166.000) 07/17 21:15:19 Finished transferring output files
...
004 (5415472.166.000) 07/17 21:15:20 Job was evicted.
	(0) CPU times
		Usr 8 20:03:52, Sys 0 00:01:55  -  Run Remote Usage
		Usr 0 00:00:00, Sys 0 00:00:00  -  Run Local Usage
	96391  -  Run Bytes Sent By Job
	803  -  Run Bytes Received By Job
	Partitionable Resources :    Usage  Request Allocated 
	   Cpus                 :     3.03        4         4 
	   Disk (KB)            :   123    10485760  10896763 
	   Memory (MB)          :  1221        8000      8000 
...
