000 (5415472.136.000) 07/11 14:02:29 Job submitted from host: <137.138.156.150:9618?addrs=137.138.156.150-9618+[2001-1458-d00-14--9a]-9618&alias=bigbird13.cern.ch&noUDP&sock=schedd_1788_ff6c>
...
040 (5415472.136.000) 07/11 14:15:14 Started transferring input files
	Transferring to host: <128.142.73.132:9618?addrs=128.142.73.132-9618+[2001-1458-301-75--100-24c]-9618&alias=b7s11n5096.cern.ch&noUDP&sock=slot1_1_5281_b130_61440>
...
040 (5415472.136.000) 07/11 14:15:14 Finished transferring input files
...
001 (5415472.136.000) 07/11 14:15:16 Job executing on host: <128.142.73.132:9618?addrs=128.142.73.132-9618+[2001-1458-301-75--100-24c]-9618&alias=b7s11n5096.cern.ch&noUDP&sock=startd_4180_b5f6>
...
006 (5415472.136.000) 07/11 14:15:24 Image size of job updated: 531384
	39  -  MemoryUsage of job (MB)
	38916  -  ResidentSetSize of job (KB)
...
006 (5415472.136.000) 07/11 14:20:24 Image size of job updated: 1591024
	1004  -  MemoryUsage of job (MB)
	1027472  -  ResidentSetSize of job (KB)
...
006 (5415472.136.000) 07/13 19:30:01 Image size of job updated: 1592004
	1004  -  MemoryUsage of job (MB)
	1027472  -  ResidentSetSize of job (KB)
...
006 (5415472.136.000) 07/13 20:35:10 Image size of job updated: 1592908
	1004  -  MemoryUsage of job (MB)
	1027472  -  ResidentSetSize of job (KB)
...
006 (5415472.136.000) 07/13 21:35:15 Image size of job updated: 1593816
	1004  -  MemoryUsage of job (MB)
	1027472  -  ResidentSetSize of job (KB)
...
006 (5415472.136.000) 07/13 22:35:21 Image size of job updated: 1594720
	1004  -  MemoryUsage of job (MB)
	1027472  -  ResidentSetSize of job (KB)
...
006 (5415472.136.000) 07/13 23:45:27 Image size of job updated: 1595628
	1004  -  MemoryUsage of job (MB)
	1027472  -  ResidentSetSize of job (KB)
...
006 (5415472.136.000) 07/14 00:50:37 Image size of job updated: 1596532
	1004  -  MemoryUsage of job (MB)
	1027472  -  ResidentSetSize of job (KB)
...
006 (5415472.136.000) 07/14 01:55:43 Image size of job updated: 1597436
	1004  -  MemoryUsage of job (MB)
	1027472  -  ResidentSetSize of job (KB)
...
006 (5415472.136.000) 07/14 03:00:51 Image size of job updated: 1598344
	1004  -  MemoryUsage of job (MB)
	1027472  -  ResidentSetSize of job (KB)
...
006 (5415472.136.000) 07/14 04:05:54 Image size of job updated: 1599248
	1004  -  MemoryUsage of job (MB)
	1027472  -  ResidentSetSize of job (KB)
...
006 (5415472.136.000) 07/14 05:11:01 Image size of job updated: 1600156
	1004  -  MemoryUsage of job (MB)
	1027472  -  ResidentSetSize of job (KB)
...
006 (5415472.136.000) 07/14 06:16:08 Image size of job updated: 1601060
	1004  -  MemoryUsage of job (MB)
	1027472  -  ResidentSetSize of job (KB)
...
006 (5415472.136.000) 07/14 07:16:15 Image size of job updated: 1601968
	1004  -  MemoryUsage of job (MB)
	1027472  -  ResidentSetSize of job (KB)
...
006 (5415472.136.000) 07/14 08:16:20 Image size of job updated: 1606496
	1004  -  MemoryUsage of job (MB)
	1027472  -  ResidentSetSize of job (KB)
...
006 (5415472.136.000) 07/14 17:22:22 Image size of job updated: 1609568
	1004  -  MemoryUsage of job (MB)
	1027472  -  ResidentSetSize of job (KB)
...
007 (5415472.136.000) 07/14 21:08:51 Shadow exception!
	Assertion ERROR on (result)
	0  -  Run Bytes Sent By Job
	803  -  Run Bytes Received By Job
...
040 (5415472.136.000) 07/14 21:25:11 Started transferring input files
	Transferring to host: <128.142.85.61:9618?addrs=128.142.85.61-9618+[2001-1458-301-f6--100-2e8]-9618&alias=b7s14n8099.cern.ch&noUDP&sock=slot1_1_6897_4f72_117207>
...
040 (5415472.136.000) 07/14 21:25:11 Finished transferring input files
...
001 (5415472.136.000) 07/14 21:25:12 Job executing on host: <128.142.85.61:9618?addrs=128.142.85.61-9618+[2001-1458-301-f6--100-2e8]-9618&alias=b7s14n8099.cern.ch&noUDP&sock=startd_15890_cbfb>
...
