000 (5415472.249.000) 07/11 14:02:29 Job submitted from host: <137.138.156.150:9618?addrs=137.138.156.150-9618+[2001-1458-d00-14--9a]-9618&alias=bigbird13.cern.ch&noUDP&sock=schedd_1788_ff6c>
...
040 (5415472.249.000) 07/11 14:25:58 Started transferring input files
	Transferring to host: <128.142.82.204:9618?addrs=128.142.82.204-9618+[2001-1458-301-f5--100-4a6]-9618&alias=b7s13n3092.cern.ch&noUDP&sock=slot1_2_9228_b5f0_114464>
...
040 (5415472.249.000) 07/11 14:25:58 Finished transferring input files
...
001 (5415472.249.000) 07/11 14:25:59 Job executing on host: <128.142.82.204:9618?addrs=128.142.82.204-9618+[2001-1458-301-f5--100-4a6]-9618&alias=b7s13n3092.cern.ch&noUDP&sock=startd_16724_d9f7>
...
006 (5415472.249.000) 07/11 14:26:07 Image size of job updated: 217324
	132  -  MemoryUsage of job (MB)
	134632  -  ResidentSetSize of job (KB)
...
006 (5415472.249.000) 07/11 14:31:07 Image size of job updated: 1591052
	1004  -  MemoryUsage of job (MB)
	1027504  -  ResidentSetSize of job (KB)
...
006 (5415472.249.000) 07/13 18:11:42 Image size of job updated: 1592036
	1005  -  MemoryUsage of job (MB)
	1028180  -  ResidentSetSize of job (KB)
...
006 (5415472.249.000) 07/13 19:16:51 Image size of job updated: 1592940
	1005  -  MemoryUsage of job (MB)
	1029084  -  ResidentSetSize of job (KB)
...
006 (5415472.249.000) 07/13 20:27:01 Image size of job updated: 1593844
	1006  -  MemoryUsage of job (MB)
	1029988  -  ResidentSetSize of job (KB)
...
006 (5415472.249.000) 07/13 21:32:11 Image size of job updated: 1594752
	1007  -  MemoryUsage of job (MB)
	1030896  -  ResidentSetSize of job (KB)
...
006 (5415472.249.000) 07/13 22:37:15 Image size of job updated: 1595656
	1008  -  MemoryUsage of job (MB)
	1031800  -  ResidentSetSize of job (KB)
...
006 (5415472.249.000) 07/13 23:47:22 Image size of job updated: 1596564
	1009  -  MemoryUsage of job (MB)
	1032696  -  ResidentSetSize of job (KB)
...
006 (5415472.249.000) 07/14 00:57:32 Image size of job updated: 1597468
	1010  -  MemoryUsage of job (MB)
	1033600  -  ResidentSetSize of job (KB)
...
006 (5415472.249.000) 07/14 02:02:37 Image size of job updated: 1598372
	1011  -  MemoryUsage of job (MB)
	1034504  -  ResidentSetSize of job (KB)
...
006 (5415472.249.000) 07/14 03:02:41 Image size of job updated: 1599280
	1012  -  MemoryUsage of job (MB)
	1035412  -  ResidentSetSize of job (KB)
...
006 (5415472.249.000) 07/14 04:02:50 Image size of job updated: 1600184
	1013  -  MemoryUsage of job (MB)
	1036316  -  ResidentSetSize of job (KB)
...
006 (5415472.249.000) 07/14 04:57:55 Image size of job updated: 1601092
	1013  -  MemoryUsage of job (MB)
	1037224  -  ResidentSetSize of job (KB)
...
006 (5415472.249.000) 07/14 05:58:01 Image size of job updated: 1601996
	1014  -  MemoryUsage of job (MB)
	1038128  -  ResidentSetSize of job (KB)
...
006 (5415472.249.000) 07/14 06:58:09 Image size of job updated: 1602904
	1015  -  MemoryUsage of job (MB)
	1039036  -  ResidentSetSize of job (KB)
...
006 (5415472.249.000) 07/14 07:53:17 Image size of job updated: 1603808
	1016  -  MemoryUsage of job (MB)
	1039940  -  ResidentSetSize of job (KB)
...
006 (5415472.249.000) 07/14 08:53:23 Image size of job updated: 1604712
	1017  -  MemoryUsage of job (MB)
	1040844  -  ResidentSetSize of job (KB)
...
006 (5415472.249.000) 07/14 09:53:27 Image size of job updated: 1605620
	1018  -  MemoryUsage of job (MB)
	1041752  -  ResidentSetSize of job (KB)
...
006 (5415472.249.000) 07/14 10:53:34 Image size of job updated: 1610148
	1022  -  MemoryUsage of job (MB)
	1046280  -  ResidentSetSize of job (KB)
...
006 (5415472.249.000) 07/14 15:29:02 Image size of job updated: 1613220
	1024  -  MemoryUsage of job (MB)
	1047828  -  ResidentSetSize of job (KB)
...
006 (5415472.249.000) 07/14 15:54:03 Image size of job updated: 1613220
	1024  -  MemoryUsage of job (MB)
	1047840  -  ResidentSetSize of job (KB)
...
006 (5415472.249.000) 07/14 16:24:07 Image size of job updated: 1613220
	1024  -  MemoryUsage of job (MB)
	1047852  -  ResidentSetSize of job (KB)
...
006 (5415472.249.000) 07/14 16:59:11 Image size of job updated: 1613220
	1024  -  MemoryUsage of job (MB)
	1047864  -  ResidentSetSize of job (KB)
...
006 (5415472.249.000) 07/14 17:34:17 Image size of job updated: 1613220
	1024  -  MemoryUsage of job (MB)
	1047876  -  ResidentSetSize of job (KB)
...
006 (5415472.249.000) 07/14 18:04:21 Image size of job updated: 1613220
	1024  -  MemoryUsage of job (MB)
	1047888  -  ResidentSetSize of job (KB)
...
006 (5415472.249.000) 07/14 18:39:25 Image size of job updated: 1613220
	1024  -  MemoryUsage of job (MB)
	1047900  -  ResidentSetSize of job (KB)
...
006 (5415472.249.000) 07/14 19:09:30 Image size of job updated: 1613220
	1024  -  MemoryUsage of job (MB)
	1047912  -  ResidentSetSize of job (KB)
...
006 (5415472.249.000) 07/14 19:44:35 Image size of job updated: 1613220
	1024  -  MemoryUsage of job (MB)
	1047924  -  ResidentSetSize of job (KB)
...
006 (5415472.249.000) 07/14 20:19:37 Image size of job updated: 1613220
	1024  -  MemoryUsage of job (MB)
	1047936  -  ResidentSetSize of job (KB)
...
007 (5415472.249.000) 07/14 21:02:53 Shadow exception!
	Assertion ERROR on (result)
	0  -  Run Bytes Sent By Job
	803  -  Run Bytes Received By Job
...
040 (5415472.249.000) 07/14 21:26:25 Started transferring input files
	Transferring to host: <128.142.86.210:9618?addrs=128.142.86.210-9618+[2001-1458-301-f6--100-ca]-9618&alias=b7s14n8978.cern.ch&noUDP&sock=slot1_5_5959_678b_58914>
...
040 (5415472.249.000) 07/14 21:26:59 Finished transferring input files
...
001 (5415472.249.000) 07/14 21:27:04 Job executing on host: <128.142.86.210:9618?addrs=128.142.86.210-9618+[2001-1458-301-f6--100-ca]-9618&alias=b7s14n8978.cern.ch&noUDP&sock=startd_4840_6a78>
...
