000 (5415472.074.000) 07/11 14:02:29 Job submitted from host: <137.138.156.150:9618?addrs=137.138.156.150-9618+[2001-1458-d00-14--9a]-9618&alias=bigbird13.cern.ch&noUDP&sock=schedd_1788_ff6c>
...
040 (5415472.074.000) 07/11 14:08:25 Started transferring input files
	Transferring to host: <128.142.78.53:9618?addrs=128.142.78.53-9618+[2001-1458-301-f4--100-6c5]-9618&alias=b7s12n3646.cern.ch&noUDP&sock=slot1_10_5753_4243_71972>
...
040 (5415472.074.000) 07/11 14:08:25 Finished transferring input files
...
001 (5415472.074.000) 07/11 14:08:26 Job executing on host: <128.142.78.53:9618?addrs=128.142.78.53-9618+[2001-1458-301-f4--100-6c5]-9618&alias=b7s12n3646.cern.ch&noUDP&sock=startd_4584_d239>
...
006 (5415472.074.000) 07/11 14:08:35 Image size of job updated: 312480
	247  -  MemoryUsage of job (MB)
	252008  -  ResidentSetSize of job (KB)
...
006 (5415472.074.000) 07/11 14:13:35 Image size of job updated: 1591084
	1004  -  MemoryUsage of job (MB)
	1027524  -  ResidentSetSize of job (KB)
...
006 (5415472.074.000) 07/13 16:13:45 Image size of job updated: 1592068
	1005  -  MemoryUsage of job (MB)
	1028428  -  ResidentSetSize of job (KB)
...
006 (5415472.074.000) 07/13 17:08:49 Image size of job updated: 1592972
	1006  -  MemoryUsage of job (MB)
	1029332  -  ResidentSetSize of job (KB)
...
006 (5415472.074.000) 07/13 18:01:09 Image size of job updated: 1593880
	1007  -  MemoryUsage of job (MB)
	1030240  -  ResidentSetSize of job (KB)
...
006 (5415472.074.000) 07/13 18:56:16 Image size of job updated: 1594784
	1007  -  MemoryUsage of job (MB)
	1031144  -  ResidentSetSize of job (KB)
...
006 (5415472.074.000) 07/13 19:46:21 Image size of job updated: 1595692
	1008  -  MemoryUsage of job (MB)
	1032052  -  ResidentSetSize of job (KB)
...
006 (5415472.074.000) 07/13 20:41:28 Image size of job updated: 1596596
	1009  -  MemoryUsage of job (MB)
	1032956  -  ResidentSetSize of job (KB)
...
006 (5415472.074.000) 07/13 21:36:35 Image size of job updated: 1597500
	1010  -  MemoryUsage of job (MB)
	1033860  -  ResidentSetSize of job (KB)
...
006 (5415472.074.000) 07/13 22:21:38 Image size of job updated: 1598408
	1011  -  MemoryUsage of job (MB)
	1034768  -  ResidentSetSize of job (KB)
...
006 (5415472.074.000) 07/13 23:21:44 Image size of job updated: 1599312
	1012  -  MemoryUsage of job (MB)
	1035672  -  ResidentSetSize of job (KB)
...
006 (5415472.074.000) 07/14 00:21:49 Image size of job updated: 1600220
	1013  -  MemoryUsage of job (MB)
	1036580  -  ResidentSetSize of job (KB)
...
006 (5415472.074.000) 07/14 01:21:56 Image size of job updated: 1601124
	1014  -  MemoryUsage of job (MB)
	1037484  -  ResidentSetSize of job (KB)
...
006 (5415472.074.000) 07/14 02:22:03 Image size of job updated: 1602028
	1015  -  MemoryUsage of job (MB)
	1038388  -  ResidentSetSize of job (KB)
...
006 (5415472.074.000) 07/14 03:27:08 Image size of job updated: 1602936
	1015  -  MemoryUsage of job (MB)
	1039296  -  ResidentSetSize of job (KB)
...
006 (5415472.074.000) 07/14 04:27:11 Image size of job updated: 1603840
	1016  -  MemoryUsage of job (MB)
	1040200  -  ResidentSetSize of job (KB)
...
006 (5415472.074.000) 07/14 05:22:18 Image size of job updated: 1604748
	1017  -  MemoryUsage of job (MB)
	1041108  -  ResidentSetSize of job (KB)
...
006 (5415472.074.000) 07/14 06:27:21 Image size of job updated: 1605652
	1018  -  MemoryUsage of job (MB)
	1042012  -  ResidentSetSize of job (KB)
...
006 (5415472.074.000) 07/14 07:22:28 Image size of job updated: 1606556
	1019  -  MemoryUsage of job (MB)
	1042916  -  ResidentSetSize of job (KB)
...
006 (5415472.074.000) 07/14 08:17:35 Image size of job updated: 1606556
	1020  -  MemoryUsage of job (MB)
	1043824  -  ResidentSetSize of job (KB)
...
006 (5415472.074.000) 07/14 08:22:36 Image size of job updated: 1607464
	1020  -  MemoryUsage of job (MB)
	1043824  -  ResidentSetSize of job (KB)
...
006 (5415472.074.000) 07/14 09:17:41 Image size of job updated: 1608368
	1021  -  MemoryUsage of job (MB)
	1044728  -  ResidentSetSize of job (KB)
...
006 (5415472.074.000) 07/14 10:07:46 Image size of job updated: 1609276
	1022  -  MemoryUsage of job (MB)
	1045636  -  ResidentSetSize of job (KB)
...
006 (5415472.074.000) 07/14 11:07:52 Image size of job updated: 1610180
	1023  -  MemoryUsage of job (MB)
	1046540  -  ResidentSetSize of job (KB)
...
006 (5415472.074.000) 07/14 11:37:55 Image size of job updated: 1613252
	1024  -  MemoryUsage of job (MB)
	1048088  -  ResidentSetSize of job (KB)
...
006 (5415472.074.000) 07/14 11:52:56 Image size of job updated: 1613252
	1024  -  MemoryUsage of job (MB)
	1048100  -  ResidentSetSize of job (KB)
...
006 (5415472.074.000) 07/14 12:28:02 Image size of job updated: 1613252
	1024  -  MemoryUsage of job (MB)
	1048112  -  ResidentSetSize of job (KB)
...
006 (5415472.074.000) 07/14 13:08:07 Image size of job updated: 1613252
	1024  -  MemoryUsage of job (MB)
	1048124  -  ResidentSetSize of job (KB)
...
006 (5415472.074.000) 07/14 13:23:08 Image size of job updated: 1614160
	1025  -  MemoryUsage of job (MB)
	1049032  -  ResidentSetSize of job (KB)
...
006 (5415472.074.000) 07/14 13:48:11 Image size of job updated: 1614160
	1025  -  MemoryUsage of job (MB)
	1049044  -  ResidentSetSize of job (KB)
...
006 (5415472.074.000) 07/14 14:28:15 Image size of job updated: 1614160
	1025  -  MemoryUsage of job (MB)
	1049056  -  ResidentSetSize of job (KB)
...
006 (5415472.074.000) 07/14 14:38:16 Image size of job updated: 1615064
	1026  -  MemoryUsage of job (MB)
	1049960  -  ResidentSetSize of job (KB)
...
006 (5415472.074.000) 07/14 15:03:18 Image size of job updated: 1615064
	1026  -  MemoryUsage of job (MB)
	1049972  -  ResidentSetSize of job (KB)
...
006 (5415472.074.000) 07/14 15:38:23 Image size of job updated: 1615064
	1026  -  MemoryUsage of job (MB)
	1049984  -  ResidentSetSize of job (KB)
...
006 (5415472.074.000) 07/14 15:48:24 Image size of job updated: 1615968
	1027  -  MemoryUsage of job (MB)
	1050888  -  ResidentSetSize of job (KB)
...
006 (5415472.074.000) 07/14 16:18:31 Image size of job updated: 1615968
	1027  -  MemoryUsage of job (MB)
	1050900  -  ResidentSetSize of job (KB)
...
006 (5415472.074.000) 07/14 16:53:35 Image size of job updated: 1615968
	1027  -  MemoryUsage of job (MB)
	1050912  -  ResidentSetSize of job (KB)
...
006 (5415472.074.000) 07/14 16:58:36 Image size of job updated: 1616876
	1028  -  MemoryUsage of job (MB)
	1051820  -  ResidentSetSize of job (KB)
...
006 (5415472.074.000) 07/14 17:23:39 Image size of job updated: 1616876
	1028  -  MemoryUsage of job (MB)
	1051832  -  ResidentSetSize of job (KB)
...
006 (5415472.074.000) 07/14 17:53:42 Image size of job updated: 1617780
	1029  -  MemoryUsage of job (MB)
	1052748  -  ResidentSetSize of job (KB)
...
006 (5415472.074.000) 07/14 18:23:42 Image size of job updated: 1617780
	1029  -  MemoryUsage of job (MB)
	1052760  -  ResidentSetSize of job (KB)
...
006 (5415472.074.000) 07/14 18:53:43 Image size of job updated: 1618688
	1029  -  MemoryUsage of job (MB)
	1053668  -  ResidentSetSize of job (KB)
...
006 (5415472.074.000) 07/14 18:58:44 Image size of job updated: 1618688
	1029  -  MemoryUsage of job (MB)
	1053680  -  ResidentSetSize of job (KB)
...
006 (5415472.074.000) 07/14 19:28:48 Image size of job updated: 1618688
	1029  -  MemoryUsage of job (MB)
	1053692  -  ResidentSetSize of job (KB)
...
006 (5415472.074.000) 07/14 19:53:51 Image size of job updated: 1619592
	1030  -  MemoryUsage of job (MB)
	1054596  -  ResidentSetSize of job (KB)
...
006 (5415472.074.000) 07/14 20:03:52 Image size of job updated: 1619592
	1030  -  MemoryUsage of job (MB)
	1054608  -  ResidentSetSize of job (KB)
...
006 (5415472.074.000) 07/14 20:38:56 Image size of job updated: 1619592
	1030  -  MemoryUsage of job (MB)
	1054620  -  ResidentSetSize of job (KB)
...
006 (5415472.074.000) 07/14 21:05:29 Image size of job updated: 1620496
	1031  -  MemoryUsage of job (MB)
	1055524  -  ResidentSetSize of job (KB)
...
006 (5415472.074.000) 07/14 21:15:29 Image size of job updated: 1620496
	1031  -  MemoryUsage of job (MB)
	1055536  -  ResidentSetSize of job (KB)
...
006 (5415472.074.000) 07/14 21:50:32 Image size of job updated: 1620496
	1031  -  MemoryUsage of job (MB)
	1055548  -  ResidentSetSize of job (KB)
...
006 (5415472.074.000) 07/14 22:10:32 Image size of job updated: 1621404
	1032  -  MemoryUsage of job (MB)
	1056456  -  ResidentSetSize of job (KB)
...
006 (5415472.074.000) 07/14 22:25:34 Image size of job updated: 1621404
	1032  -  MemoryUsage of job (MB)
	1056468  -  ResidentSetSize of job (KB)
...
006 (5415472.074.000) 07/14 23:00:39 Image size of job updated: 1621404
	1032  -  MemoryUsage of job (MB)
	1056480  -  ResidentSetSize of job (KB)
...
006 (5415472.074.000) 07/14 23:15:42 Image size of job updated: 1622308
	1033  -  MemoryUsage of job (MB)
	1057384  -  ResidentSetSize of job (KB)
...
006 (5415472.074.000) 07/14 23:40:45 Image size of job updated: 1622308
	1033  -  MemoryUsage of job (MB)
	1057396  -  ResidentSetSize of job (KB)
...
006 (5415472.074.000) 07/15 00:10:48 Image size of job updated: 1622308
	1033  -  MemoryUsage of job (MB)
	1057400  -  ResidentSetSize of job (KB)
...
006 (5415472.074.000) 07/15 00:15:49 Image size of job updated: 1622308
	1033  -  MemoryUsage of job (MB)
	1057408  -  ResidentSetSize of job (KB)
...
006 (5415472.074.000) 07/15 00:20:49 Image size of job updated: 1623216
	1034  -  MemoryUsage of job (MB)
	1058316  -  ResidentSetSize of job (KB)
...
006 (5415472.074.000) 07/15 00:45:52 Image size of job updated: 1623216
	1034  -  MemoryUsage of job (MB)
	1058328  -  ResidentSetSize of job (KB)
...
006 (5415472.074.000) 07/15 01:15:54 Image size of job updated: 1623216
	1034  -  MemoryUsage of job (MB)
	1058340  -  ResidentSetSize of job (KB)
...
006 (5415472.074.000) 07/15 01:20:54 Image size of job updated: 1624120
	1035  -  MemoryUsage of job (MB)
	1059244  -  ResidentSetSize of job (KB)
...
006 (5415472.074.000) 07/15 01:50:58 Image size of job updated: 1624120
	1035  -  MemoryUsage of job (MB)
	1059256  -  ResidentSetSize of job (KB)
...
006 (5415472.074.000) 07/15 02:21:03 Image size of job updated: 1624120
	1036  -  MemoryUsage of job (MB)
	1060172  -  ResidentSetSize of job (KB)
...
006 (5415472.074.000) 07/15 02:26:03 Image size of job updated: 1625024
	1036  -  MemoryUsage of job (MB)
	1060172  -  ResidentSetSize of job (KB)
...
006 (5415472.074.000) 07/15 02:51:06 Image size of job updated: 1625024
	1036  -  MemoryUsage of job (MB)
	1060180  -  ResidentSetSize of job (KB)
...
006 (5415472.074.000) 07/15 02:56:06 Image size of job updated: 1625024
	1036  -  MemoryUsage of job (MB)
	1060184  -  ResidentSetSize of job (KB)
...
006 (5415472.074.000) 07/15 03:26:10 Image size of job updated: 1629556
	1040  -  MemoryUsage of job (MB)
	1064716  -  ResidentSetSize of job (KB)
...
006 (5415472.074.000) 07/15 03:31:11 Image size of job updated: 1629556
	1040  -  MemoryUsage of job (MB)
	1064728  -  ResidentSetSize of job (KB)
...
006 (5415472.074.000) 07/15 04:11:14 Image size of job updated: 1629556
	1040  -  MemoryUsage of job (MB)
	1064740  -  ResidentSetSize of job (KB)
...
006 (5415472.074.000) 07/15 04:51:17 Image size of job updated: 1629556
	1040  -  MemoryUsage of job (MB)
	1064752  -  ResidentSetSize of job (KB)
...
006 (5415472.074.000) 07/15 05:26:22 Image size of job updated: 1629556
	1040  -  MemoryUsage of job (MB)
	1064764  -  ResidentSetSize of job (KB)
...
006 (5415472.074.000) 07/15 06:01:25 Image size of job updated: 1629556
	1040  -  MemoryUsage of job (MB)
	1064776  -  ResidentSetSize of job (KB)
...
006 (5415472.074.000) 07/15 06:41:27 Image size of job updated: 1629556
	1040  -  MemoryUsage of job (MB)
	1064788  -  ResidentSetSize of job (KB)
...
006 (5415472.074.000) 07/15 07:16:30 Image size of job updated: 1629556
	1040  -  MemoryUsage of job (MB)
	1064800  -  ResidentSetSize of job (KB)
...
006 (5415472.074.000) 07/15 07:51:31 Image size of job updated: 1629556
	1040  -  MemoryUsage of job (MB)
	1064812  -  ResidentSetSize of job (KB)
...
006 (5415472.074.000) 07/15 08:26:34 Image size of job updated: 1629556
	1040  -  MemoryUsage of job (MB)
	1064824  -  ResidentSetSize of job (KB)
...
006 (5415472.074.000) 07/15 09:06:38 Image size of job updated: 1629556
	1040  -  MemoryUsage of job (MB)
	1064836  -  ResidentSetSize of job (KB)
...
006 (5415472.074.000) 07/15 09:46:41 Image size of job updated: 1629556
	1040  -  MemoryUsage of job (MB)
	1064848  -  ResidentSetSize of job (KB)
...
006 (5415472.074.000) 07/15 10:21:45 Image size of job updated: 1629556
	1040  -  MemoryUsage of job (MB)
	1064860  -  ResidentSetSize of job (KB)
...
006 (5415472.074.000) 07/15 11:01:51 Image size of job updated: 1629556
	1040  -  MemoryUsage of job (MB)
	1064872  -  ResidentSetSize of job (KB)
...
006 (5415472.074.000) 07/15 11:36:55 Image size of job updated: 1629556
	1040  -  MemoryUsage of job (MB)
	1064884  -  ResidentSetSize of job (KB)
...
006 (5415472.074.000) 07/15 12:11:56 Image size of job updated: 1629556
	1040  -  MemoryUsage of job (MB)
	1064896  -  ResidentSetSize of job (KB)
...
006 (5415472.074.000) 07/15 12:46:59 Image size of job updated: 1629556
	1040  -  MemoryUsage of job (MB)
	1064908  -  ResidentSetSize of job (KB)
...
006 (5415472.074.000) 07/15 13:27:03 Image size of job updated: 1629556
	1040  -  MemoryUsage of job (MB)
	1064920  -  ResidentSetSize of job (KB)
...
006 (5415472.074.000) 07/15 14:07:07 Image size of job updated: 1629556
	1040  -  MemoryUsage of job (MB)
	1064932  -  ResidentSetSize of job (KB)
...
006 (5415472.074.000) 07/15 14:42:10 Image size of job updated: 1629556
	1040  -  MemoryUsage of job (MB)
	1064944  -  ResidentSetSize of job (KB)
...
006 (5415472.074.000) 07/15 15:27:15 Image size of job updated: 1629556
	1040  -  MemoryUsage of job (MB)
	1064956  -  ResidentSetSize of job (KB)
...
006 (5415472.074.000) 07/15 16:07:20 Image size of job updated: 1629556
	1041  -  MemoryUsage of job (MB)
	1064968  -  ResidentSetSize of job (KB)
...
006 (5415472.074.000) 07/15 16:47:24 Image size of job updated: 1629556
	1041  -  MemoryUsage of job (MB)
	1064980  -  ResidentSetSize of job (KB)
...
006 (5415472.074.000) 07/15 17:27:27 Image size of job updated: 1629556
	1041  -  MemoryUsage of job (MB)
	1064992  -  ResidentSetSize of job (KB)
...
006 (5415472.074.000) 07/15 18:07:30 Image size of job updated: 1629556
	1041  -  MemoryUsage of job (MB)
	1065004  -  ResidentSetSize of job (KB)
...
040 (5415472.074.000) 07/15 18:32:00 Started transferring output files
...
040 (5415472.074.000) 07/15 18:32:00 Finished transferring output files
...
004 (5415472.074.000) 07/15 18:32:00 Job was evicted.
	(0) CPU times
		Usr 12 00:10:55, Sys 0 00:03:17  -  Run Remote Usage
		Usr 0 00:00:00, Sys 0 00:00:00  -  Run Local Usage
	96206  -  Run Bytes Sent By Job
	803  -  Run Bytes Received By Job
	Partitionable Resources :    Usage  Request Allocated 
	   Cpus                 :     2.88        4         4 
	   Disk (KB)            :   120    10485760  10659793 
	   Memory (MB)          :  1041        8000      8000 
...
040 (5415472.074.000) 07/16 04:58:27 Started transferring input files
	Transferring to host: <128.142.71.61:9618?addrs=128.142.71.61-9618+[2001-1458-301-52--100-6a5]-9618&alias=b7s10n9973.cern.ch&noUDP&sock=slot1_9_6066_cbb0_74881>
...
040 (5415472.074.000) 07/16 04:58:27 Finished transferring input files
...
001 (5415472.074.000) 07/16 04:58:28 Job executing on host: <128.142.71.61:9618?addrs=128.142.71.61-9618+[2001-1458-301-52--100-6a5]-9618&alias=b7s10n9973.cern.ch&noUDP&sock=startd_4774_2538>
...
