000 (5415472.365.000) 07/11 14:02:29 Job submitted from host: <137.138.156.150:9618?addrs=137.138.156.150-9618+[2001-1458-d00-14--9a]-9618&alias=bigbird13.cern.ch&noUDP&sock=schedd_1788_ff6c>
...
040 (5415472.365.000) 07/11 16:03:45 Started transferring input files
	Transferring to host: <188.184.210.199:9618?addrs=188.184.210.199-9618+[2001-1458-301-10b--100-25b]-9618&alias=b7g23n8005.cern.ch&noUDP&sock=slot1_1_20127_0acc_117517>
...
040 (5415472.365.000) 07/11 16:03:45 Finished transferring input files
...
001 (5415472.365.000) 07/11 16:03:46 Job executing on host: <188.184.210.199:9618?addrs=188.184.210.199-9618+[2001-1458-301-10b--100-25b]-9618&alias=b7g23n8005.cern.ch&noUDP&sock=startd_17219_6158>
...
006 (5415472.365.000) 07/11 16:03:55 Image size of job updated: 416400
	44  -  MemoryUsage of job (MB)
	44588  -  ResidentSetSize of job (KB)
...
006 (5415472.365.000) 07/11 16:08:55 Image size of job updated: 1591076
	1004  -  MemoryUsage of job (MB)
	1027516  -  ResidentSetSize of job (KB)
...
006 (5415472.365.000) 07/14 07:38:42 Image size of job updated: 1592056
	1005  -  MemoryUsage of job (MB)
	1028420  -  ResidentSetSize of job (KB)
...
006 (5415472.365.000) 07/14 08:48:51 Image size of job updated: 1592964
	1006  -  MemoryUsage of job (MB)
	1029328  -  ResidentSetSize of job (KB)
...
006 (5415472.365.000) 07/14 09:53:56 Image size of job updated: 1593868
	1007  -  MemoryUsage of job (MB)
	1030232  -  ResidentSetSize of job (KB)
...
006 (5415472.365.000) 07/14 11:09:01 Image size of job updated: 1594772
	1007  -  MemoryUsage of job (MB)
	1031136  -  ResidentSetSize of job (KB)
...
006 (5415472.365.000) 07/14 12:19:08 Image size of job updated: 1595680
	1008  -  MemoryUsage of job (MB)
	1032044  -  ResidentSetSize of job (KB)
...
006 (5415472.365.000) 07/14 13:34:16 Image size of job updated: 1596584
	1009  -  MemoryUsage of job (MB)
	1032948  -  ResidentSetSize of job (KB)
...
006 (5415472.365.000) 07/14 14:49:23 Image size of job updated: 1597492
	1010  -  MemoryUsage of job (MB)
	1033856  -  ResidentSetSize of job (KB)
...
006 (5415472.365.000) 07/14 16:04:28 Image size of job updated: 1598396
	1011  -  MemoryUsage of job (MB)
	1034760  -  ResidentSetSize of job (KB)
...
006 (5415472.365.000) 07/14 17:24:37 Image size of job updated: 1599300
	1012  -  MemoryUsage of job (MB)
	1035664  -  ResidentSetSize of job (KB)
...
006 (5415472.365.000) 07/14 18:39:45 Image size of job updated: 1600208
	1013  -  MemoryUsage of job (MB)
	1036572  -  ResidentSetSize of job (KB)
...
006 (5415472.365.000) 07/14 19:54:54 Image size of job updated: 1601112
	1014  -  MemoryUsage of job (MB)
	1037476  -  ResidentSetSize of job (KB)
...
006 (5415472.365.000) 07/14 21:11:32 Image size of job updated: 1602020
	1015  -  MemoryUsage of job (MB)
	1038384  -  ResidentSetSize of job (KB)
...
006 (5415472.365.000) 07/14 22:31:42 Image size of job updated: 1602924
	1015  -  MemoryUsage of job (MB)
	1039288  -  ResidentSetSize of job (KB)
...
006 (5415472.365.000) 07/14 23:46:52 Image size of job updated: 1603832
	1016  -  MemoryUsage of job (MB)
	1040196  -  ResidentSetSize of job (KB)
...
006 (5415472.365.000) 07/15 00:56:56 Image size of job updated: 1604736
	1017  -  MemoryUsage of job (MB)
	1041100  -  ResidentSetSize of job (KB)
...
006 (5415472.365.000) 07/15 01:57:01 Image size of job updated: 1605640
	1018  -  MemoryUsage of job (MB)
	1042004  -  ResidentSetSize of job (KB)
...
006 (5415472.365.000) 07/15 03:02:09 Image size of job updated: 1606548
	1019  -  MemoryUsage of job (MB)
	1042912  -  ResidentSetSize of job (KB)
...
006 (5415472.365.000) 07/15 04:22:15 Image size of job updated: 1607452
	1020  -  MemoryUsage of job (MB)
	1043816  -  ResidentSetSize of job (KB)
...
006 (5415472.365.000) 07/15 05:37:23 Image size of job updated: 1608360
	1021  -  MemoryUsage of job (MB)
	1044724  -  ResidentSetSize of job (KB)
...
006 (5415472.365.000) 07/15 06:57:29 Image size of job updated: 1609264
	1022  -  MemoryUsage of job (MB)
	1045628  -  ResidentSetSize of job (KB)
...
006 (5415472.365.000) 07/15 07:37:32 Image size of job updated: 1612336
	1023  -  MemoryUsage of job (MB)
	1047176  -  ResidentSetSize of job (KB)
...
006 (5415472.365.000) 07/15 07:57:34 Image size of job updated: 1612336
	1023  -  MemoryUsage of job (MB)
	1047188  -  ResidentSetSize of job (KB)
...
006 (5415472.365.000) 07/15 08:37:38 Image size of job updated: 1612336
	1023  -  MemoryUsage of job (MB)
	1047200  -  ResidentSetSize of job (KB)
...
006 (5415472.365.000) 07/15 09:22:43 Image size of job updated: 1612336
	1023  -  MemoryUsage of job (MB)
	1047212  -  ResidentSetSize of job (KB)
...
006 (5415472.365.000) 07/15 09:32:44 Image size of job updated: 1612336
	1024  -  MemoryUsage of job (MB)
	1048116  -  ResidentSetSize of job (KB)
...
006 (5415472.365.000) 07/15 09:37:45 Image size of job updated: 1613240
	1024  -  MemoryUsage of job (MB)
	1048116  -  ResidentSetSize of job (KB)
...
006 (5415472.365.000) 07/15 10:02:47 Image size of job updated: 1613240
	1024  -  MemoryUsage of job (MB)
	1048128  -  ResidentSetSize of job (KB)
...
006 (5415472.365.000) 07/15 10:47:50 Image size of job updated: 1613240
	1024  -  MemoryUsage of job (MB)
	1048140  -  ResidentSetSize of job (KB)
...
006 (5415472.365.000) 07/15 10:57:51 Image size of job updated: 1614148
	1025  -  MemoryUsage of job (MB)
	1049048  -  ResidentSetSize of job (KB)
...
006 (5415472.365.000) 07/15 11:27:52 Image size of job updated: 1614148
	1025  -  MemoryUsage of job (MB)
	1049060  -  ResidentSetSize of job (KB)
...
006 (5415472.365.000) 07/15 12:07:59 Image size of job updated: 1614148
	1025  -  MemoryUsage of job (MB)
	1049072  -  ResidentSetSize of job (KB)
...
006 (5415472.365.000) 07/15 12:12:59 Image size of job updated: 1615052
	1026  -  MemoryUsage of job (MB)
	1049976  -  ResidentSetSize of job (KB)
...
006 (5415472.365.000) 07/15 12:48:03 Image size of job updated: 1615052
	1026  -  MemoryUsage of job (MB)
	1049984  -  ResidentSetSize of job (KB)
...
006 (5415472.365.000) 07/15 12:53:04 Image size of job updated: 1615052
	1026  -  MemoryUsage of job (MB)
	1049988  -  ResidentSetSize of job (KB)
...
006 (5415472.365.000) 07/15 13:28:08 Image size of job updated: 1615960
	1027  -  MemoryUsage of job (MB)
	1050896  -  ResidentSetSize of job (KB)
...
006 (5415472.365.000) 07/15 13:33:08 Image size of job updated: 1615960
	1027  -  MemoryUsage of job (MB)
	1050908  -  ResidentSetSize of job (KB)
...
006 (5415472.365.000) 07/15 14:13:12 Image size of job updated: 1615960
	1027  -  MemoryUsage of job (MB)
	1050920  -  ResidentSetSize of job (KB)
...
006 (5415472.365.000) 07/15 14:43:16 Image size of job updated: 1616864
	1028  -  MemoryUsage of job (MB)
	1051824  -  ResidentSetSize of job (KB)
...
006 (5415472.365.000) 07/15 14:48:16 Image size of job updated: 1616864
	1028  -  MemoryUsage of job (MB)
	1051836  -  ResidentSetSize of job (KB)
...
006 (5415472.365.000) 07/15 15:28:21 Image size of job updated: 1616864
	1028  -  MemoryUsage of job (MB)
	1051848  -  ResidentSetSize of job (KB)
...
006 (5415472.365.000) 07/15 15:58:25 Image size of job updated: 1617768
	1029  -  MemoryUsage of job (MB)
	1052752  -  ResidentSetSize of job (KB)
...
006 (5415472.365.000) 07/15 16:08:25 Image size of job updated: 1617768
	1029  -  MemoryUsage of job (MB)
	1052764  -  ResidentSetSize of job (KB)
...
006 (5415472.365.000) 07/15 16:43:26 Image size of job updated: 1617768
	1029  -  MemoryUsage of job (MB)
	1052776  -  ResidentSetSize of job (KB)
...
006 (5415472.365.000) 07/15 17:08:30 Image size of job updated: 1618676
	1029  -  MemoryUsage of job (MB)
	1053684  -  ResidentSetSize of job (KB)
...
006 (5415472.365.000) 07/15 17:23:31 Image size of job updated: 1618676
	1029  -  MemoryUsage of job (MB)
	1053696  -  ResidentSetSize of job (KB)
...
006 (5415472.365.000) 07/15 17:58:33 Image size of job updated: 1618676
	1030  -  MemoryUsage of job (MB)
	1053700  -  ResidentSetSize of job (KB)
...
006 (5415472.365.000) 07/15 18:03:33 Image size of job updated: 1618676
	1030  -  MemoryUsage of job (MB)
	1053708  -  ResidentSetSize of job (KB)
...
006 (5415472.365.000) 07/15 18:23:35 Image size of job updated: 1619580
	1030  -  MemoryUsage of job (MB)
	1054612  -  ResidentSetSize of job (KB)
...
006 (5415472.365.000) 07/15 18:38:37 Image size of job updated: 1619580
	1030  -  MemoryUsage of job (MB)
	1054624  -  ResidentSetSize of job (KB)
...
006 (5415472.365.000) 07/15 19:18:41 Image size of job updated: 1619580
	1030  -  MemoryUsage of job (MB)
	1054636  -  ResidentSetSize of job (KB)
...
006 (5415472.365.000) 07/15 19:38:43 Image size of job updated: 1620488
	1031  -  MemoryUsage of job (MB)
	1055544  -  ResidentSetSize of job (KB)
...
006 (5415472.365.000) 07/15 20:03:44 Image size of job updated: 1620488
	1031  -  MemoryUsage of job (MB)
	1055556  -  ResidentSetSize of job (KB)
...
006 (5415472.365.000) 07/15 20:43:46 Image size of job updated: 1620488
	1031  -  MemoryUsage of job (MB)
	1055568  -  ResidentSetSize of job (KB)
...
006 (5415472.365.000) 07/15 20:58:48 Image size of job updated: 1621392
	1032  -  MemoryUsage of job (MB)
	1056472  -  ResidentSetSize of job (KB)
...
006 (5415472.365.000) 07/15 21:23:52 Image size of job updated: 1621392
	1032  -  MemoryUsage of job (MB)
	1056484  -  ResidentSetSize of job (KB)
...
006 (5415472.365.000) 07/15 22:08:55 Image size of job updated: 1621392
	1032  -  MemoryUsage of job (MB)
	1056496  -  ResidentSetSize of job (KB)
...
006 (5415472.365.000) 07/15 22:13:56 Image size of job updated: 1625920
	1037  -  MemoryUsage of job (MB)
	1061024  -  ResidentSetSize of job (KB)
...
006 (5415472.365.000) 07/15 22:49:01 Image size of job updated: 1625920
	1037  -  MemoryUsage of job (MB)
	1061036  -  ResidentSetSize of job (KB)
...
006 (5415472.365.000) 07/15 23:34:03 Image size of job updated: 1625920
	1037  -  MemoryUsage of job (MB)
	1061048  -  ResidentSetSize of job (KB)
...
006 (5415472.365.000) 07/16 00:19:04 Image size of job updated: 1625920
	1037  -  MemoryUsage of job (MB)
	1061060  -  ResidentSetSize of job (KB)
...
006 (5415472.365.000) 07/16 00:59:07 Image size of job updated: 1625920
	1037  -  MemoryUsage of job (MB)
	1061072  -  ResidentSetSize of job (KB)
...
006 (5415472.365.000) 07/16 01:44:13 Image size of job updated: 1625920
	1037  -  MemoryUsage of job (MB)
	1061084  -  ResidentSetSize of job (KB)
...
006 (5415472.365.000) 07/16 02:24:18 Image size of job updated: 1625920
	1037  -  MemoryUsage of job (MB)
	1061096  -  ResidentSetSize of job (KB)
...
006 (5415472.365.000) 07/16 03:04:22 Image size of job updated: 1625920
	1037  -  MemoryUsage of job (MB)
	1061104  -  ResidentSetSize of job (KB)
...
006 (5415472.365.000) 07/16 03:09:23 Image size of job updated: 1625920
	1037  -  MemoryUsage of job (MB)
	1061108  -  ResidentSetSize of job (KB)
...
006 (5415472.365.000) 07/16 03:49:25 Image size of job updated: 1625920
	1037  -  MemoryUsage of job (MB)
	1061120  -  ResidentSetSize of job (KB)
...
006 (5415472.365.000) 07/16 04:29:30 Image size of job updated: 1625920
	1037  -  MemoryUsage of job (MB)
	1061132  -  ResidentSetSize of job (KB)
...
006 (5415472.365.000) 07/16 05:09:33 Image size of job updated: 1625920
	1037  -  MemoryUsage of job (MB)
	1061144  -  ResidentSetSize of job (KB)
...
006 (5415472.365.000) 07/16 05:54:36 Image size of job updated: 1625920
	1037  -  MemoryUsage of job (MB)
	1061156  -  ResidentSetSize of job (KB)
...
006 (5415472.365.000) 07/16 06:34:40 Image size of job updated: 1625920
	1037  -  MemoryUsage of job (MB)
	1061168  -  ResidentSetSize of job (KB)
...
006 (5415472.365.000) 07/16 07:14:45 Image size of job updated: 1625920
	1037  -  MemoryUsage of job (MB)
	1061180  -  ResidentSetSize of job (KB)
...
006 (5415472.365.000) 07/16 07:54:49 Image size of job updated: 1625920
	1037  -  MemoryUsage of job (MB)
	1061192  -  ResidentSetSize of job (KB)
...
006 (5415472.365.000) 07/16 08:29:52 Image size of job updated: 1625920
	1037  -  MemoryUsage of job (MB)
	1061204  -  ResidentSetSize of job (KB)
...
006 (5415472.365.000) 07/16 09:09:57 Image size of job updated: 1625920
	1037  -  MemoryUsage of job (MB)
	1061216  -  ResidentSetSize of job (KB)
...
006 (5415472.365.000) 07/16 09:45:01 Image size of job updated: 1625920
	1037  -  MemoryUsage of job (MB)
	1061228  -  ResidentSetSize of job (KB)
...
006 (5415472.365.000) 07/16 10:20:05 Image size of job updated: 1625920
	1037  -  MemoryUsage of job (MB)
	1061236  -  ResidentSetSize of job (KB)
...
006 (5415472.365.000) 07/16 10:25:05 Image size of job updated: 1625920
	1037  -  MemoryUsage of job (MB)
	1061240  -  ResidentSetSize of job (KB)
...
006 (5415472.365.000) 07/16 11:00:09 Image size of job updated: 1625920
	1037  -  MemoryUsage of job (MB)
	1061252  -  ResidentSetSize of job (KB)
...
006 (5415472.365.000) 07/16 11:35:13 Image size of job updated: 1625920
	1037  -  MemoryUsage of job (MB)
	1061264  -  ResidentSetSize of job (KB)
...
006 (5415472.365.000) 07/16 12:15:13 Image size of job updated: 1625920
	1037  -  MemoryUsage of job (MB)
	1061276  -  ResidentSetSize of job (KB)
...
006 (5415472.365.000) 07/16 12:45:44 Image size of job updated: 1625920
	1037  -  MemoryUsage of job (MB)
	1061284  -  ResidentSetSize of job (KB)
...
006 (5415472.365.000) 07/16 12:50:44 Image size of job updated: 1625920
	1037  -  MemoryUsage of job (MB)
	1061288  -  ResidentSetSize of job (KB)
...
006 (5415472.365.000) 07/16 13:25:46 Image size of job updated: 1625920
	1037  -  MemoryUsage of job (MB)
	1061300  -  ResidentSetSize of job (KB)
...
006 (5415472.365.000) 07/16 14:00:49 Image size of job updated: 1625920
	1037  -  MemoryUsage of job (MB)
	1061312  -  ResidentSetSize of job (KB)
...
006 (5415472.365.000) 07/16 14:40:52 Image size of job updated: 1625920
	1037  -  MemoryUsage of job (MB)
	1061324  -  ResidentSetSize of job (KB)
...
006 (5415472.365.000) 07/16 15:15:56 Image size of job updated: 1625920
	1037  -  MemoryUsage of job (MB)
	1061336  -  ResidentSetSize of job (KB)
...
006 (5415472.365.000) 07/16 15:50:59 Image size of job updated: 1625920
	1037  -  MemoryUsage of job (MB)
	1061348  -  ResidentSetSize of job (KB)
...
006 (5415472.365.000) 07/16 16:26:02 Image size of job updated: 1625920
	1037  -  MemoryUsage of job (MB)
	1061352  -  ResidentSetSize of job (KB)
...
006 (5415472.365.000) 07/16 16:31:04 Image size of job updated: 1625920
	1037  -  MemoryUsage of job (MB)
	1061360  -  ResidentSetSize of job (KB)
...
006 (5415472.365.000) 07/16 17:06:09 Image size of job updated: 1625920
	1037  -  MemoryUsage of job (MB)
	1061372  -  ResidentSetSize of job (KB)
...
006 (5415472.365.000) 07/16 17:41:13 Image size of job updated: 1625920
	1037  -  MemoryUsage of job (MB)
	1061384  -  ResidentSetSize of job (KB)
...
006 (5415472.365.000) 07/16 18:16:17 Image size of job updated: 1625920
	1037  -  MemoryUsage of job (MB)
	1061388  -  ResidentSetSize of job (KB)
...
006 (5415472.365.000) 07/16 18:21:17 Image size of job updated: 1625920
	1037  -  MemoryUsage of job (MB)
	1061396  -  ResidentSetSize of job (KB)
...
006 (5415472.365.000) 07/16 18:56:23 Image size of job updated: 1625920
	1037  -  MemoryUsage of job (MB)
	1061408  -  ResidentSetSize of job (KB)
...
006 (5415472.365.000) 07/16 19:31:25 Image size of job updated: 1625920
	1037  -  MemoryUsage of job (MB)
	1061420  -  ResidentSetSize of job (KB)
...
006 (5415472.365.000) 07/16 20:11:26 Image size of job updated: 1625920
	1037  -  MemoryUsage of job (MB)
	1061432  -  ResidentSetSize of job (KB)
...
006 (5415472.365.000) 07/16 20:46:29 Image size of job updated: 1625920
	1037  -  MemoryUsage of job (MB)
	1061444  -  ResidentSetSize of job (KB)
...
006 (5415472.365.000) 07/16 21:21:32 Image size of job updated: 1625920
	1037  -  MemoryUsage of job (MB)
	1061456  -  ResidentSetSize of job (KB)
...
006 (5415472.365.000) 07/16 22:01:36 Image size of job updated: 1625920
	1037  -  MemoryUsage of job (MB)
	1061468  -  ResidentSetSize of job (KB)
...
006 (5415472.365.000) 07/16 22:36:40 Image size of job updated: 1625920
	1037  -  MemoryUsage of job (MB)
	1061480  -  ResidentSetSize of job (KB)
...
006 (5415472.365.000) 07/16 23:16:45 Image size of job updated: 1625920
	1037  -  MemoryUsage of job (MB)
	1061492  -  ResidentSetSize of job (KB)
...
006 (5415472.365.000) 07/16 23:51:49 Image size of job updated: 1625920
	1037  -  MemoryUsage of job (MB)
	1061504  -  ResidentSetSize of job (KB)
...
006 (5415472.365.000) 07/17 00:26:52 Image size of job updated: 1625920
	1037  -  MemoryUsage of job (MB)
	1061516  -  ResidentSetSize of job (KB)
...
006 (5415472.365.000) 07/17 01:01:57 Image size of job updated: 1625920
	1037  -  MemoryUsage of job (MB)
	1061528  -  ResidentSetSize of job (KB)
...
006 (5415472.365.000) 07/17 01:41:59 Image size of job updated: 1625920
	1037  -  MemoryUsage of job (MB)
	1061540  -  ResidentSetSize of job (KB)
...
006 (5415472.365.000) 07/17 02:12:02 Image size of job updated: 1625920
	1037  -  MemoryUsage of job (MB)
	1061544  -  ResidentSetSize of job (KB)
...
006 (5415472.365.000) 07/17 02:17:03 Image size of job updated: 1625920
	1037  -  MemoryUsage of job (MB)
	1061552  -  ResidentSetSize of job (KB)
...
006 (5415472.365.000) 07/17 02:52:07 Image size of job updated: 1625920
	1037  -  MemoryUsage of job (MB)
	1061564  -  ResidentSetSize of job (KB)
...
006 (5415472.365.000) 07/17 03:22:12 Image size of job updated: 1625920
	1037  -  MemoryUsage of job (MB)
	1061576  -  ResidentSetSize of job (KB)
...
006 (5415472.365.000) 07/17 03:57:16 Image size of job updated: 1625920
	1037  -  MemoryUsage of job (MB)
	1061588  -  ResidentSetSize of job (KB)
...
006 (5415472.365.000) 07/17 04:37:23 Image size of job updated: 1625920
	1037  -  MemoryUsage of job (MB)
	1061600  -  ResidentSetSize of job (KB)
...
006 (5415472.365.000) 07/17 05:12:25 Image size of job updated: 1625920
	1037  -  MemoryUsage of job (MB)
	1061612  -  ResidentSetSize of job (KB)
...
006 (5415472.365.000) 07/17 05:52:30 Image size of job updated: 1625920
	1037  -  MemoryUsage of job (MB)
	1061624  -  ResidentSetSize of job (KB)
...
006 (5415472.365.000) 07/17 06:32:33 Image size of job updated: 1625920
	1037  -  MemoryUsage of job (MB)
	1061636  -  ResidentSetSize of job (KB)
...
006 (5415472.365.000) 07/17 07:12:38 Image size of job updated: 1625920
	1037  -  MemoryUsage of job (MB)
	1061648  -  ResidentSetSize of job (KB)
...
006 (5415472.365.000) 07/17 07:52:41 Image size of job updated: 1625920
	1037  -  MemoryUsage of job (MB)
	1061660  -  ResidentSetSize of job (KB)
...
006 (5415472.365.000) 07/17 08:32:45 Image size of job updated: 1625920
	1037  -  MemoryUsage of job (MB)
	1061672  -  ResidentSetSize of job (KB)
...
006 (5415472.365.000) 07/17 09:12:48 Image size of job updated: 1625920
	1037  -  MemoryUsage of job (MB)
	1061684  -  ResidentSetSize of job (KB)
...
006 (5415472.365.000) 07/17 09:52:51 Image size of job updated: 1625920
	1037  -  MemoryUsage of job (MB)
	1061696  -  ResidentSetSize of job (KB)
...
006 (5415472.365.000) 07/17 10:32:54 Image size of job updated: 1625920
	1037  -  MemoryUsage of job (MB)
	1061708  -  ResidentSetSize of job (KB)
...
006 (5415472.365.000) 07/17 11:07:57 Image size of job updated: 1625920
	1037  -  MemoryUsage of job (MB)
	1061720  -  ResidentSetSize of job (KB)
...
006 (5415472.365.000) 07/17 11:43:02 Image size of job updated: 1625920
	1037  -  MemoryUsage of job (MB)
	1061732  -  ResidentSetSize of job (KB)
...
006 (5415472.365.000) 07/17 12:23:08 Image size of job updated: 1625920
	1037  -  MemoryUsage of job (MB)
	1061744  -  ResidentSetSize of job (KB)
...
006 (5415472.365.000) 07/17 12:58:13 Image size of job updated: 1625920
	1037  -  MemoryUsage of job (MB)
	1061756  -  ResidentSetSize of job (KB)
...
006 (5415472.365.000) 07/17 13:38:20 Image size of job updated: 1625920
	1037  -  MemoryUsage of job (MB)
	1061768  -  ResidentSetSize of job (KB)
...
006 (5415472.365.000) 07/17 14:18:22 Image size of job updated: 1625920
	1037  -  MemoryUsage of job (MB)
	1061780  -  ResidentSetSize of job (KB)
...
006 (5415472.365.000) 07/17 14:53:26 Image size of job updated: 1625920
	1037  -  MemoryUsage of job (MB)
	1061788  -  ResidentSetSize of job (KB)
...
006 (5415472.365.000) 07/17 14:58:26 Image size of job updated: 1625920
	1037  -  MemoryUsage of job (MB)
	1061792  -  ResidentSetSize of job (KB)
...
006 (5415472.365.000) 07/17 15:33:28 Image size of job updated: 1625920
	1037  -  MemoryUsage of job (MB)
	1061796  -  ResidentSetSize of job (KB)
...
006 (5415472.365.000) 07/17 15:38:29 Image size of job updated: 1625920
	1037  -  MemoryUsage of job (MB)
	1061804  -  ResidentSetSize of job (KB)
...
006 (5415472.365.000) 07/17 16:13:33 Image size of job updated: 1625920
	1037  -  MemoryUsage of job (MB)
	1061816  -  ResidentSetSize of job (KB)
...
006 (5415472.365.000) 07/17 16:53:38 Image size of job updated: 1625920
	1037  -  MemoryUsage of job (MB)
	1061828  -  ResidentSetSize of job (KB)
...
006 (5415472.365.000) 07/17 17:33:42 Image size of job updated: 1625920
	1037  -  MemoryUsage of job (MB)
	1061840  -  ResidentSetSize of job (KB)
...
006 (5415472.365.000) 07/17 18:13:46 Image size of job updated: 1625920
	1037  -  MemoryUsage of job (MB)
	1061852  -  ResidentSetSize of job (KB)
...
006 (5415472.365.000) 07/17 18:53:51 Image size of job updated: 1625920
	1037  -  MemoryUsage of job (MB)
	1061864  -  ResidentSetSize of job (KB)
...
006 (5415472.365.000) 07/17 19:38:54 Image size of job updated: 1625920
	1037  -  MemoryUsage of job (MB)
	1061876  -  ResidentSetSize of job (KB)
...
006 (5415472.365.000) 07/17 20:23:55 Image size of job updated: 1625920
	1037  -  MemoryUsage of job (MB)
	1061888  -  ResidentSetSize of job (KB)
...
006 (5415472.365.000) 07/17 21:04:00 Image size of job updated: 1625920
	1038  -  MemoryUsage of job (MB)
	1061896  -  ResidentSetSize of job (KB)
...
006 (5415472.365.000) 07/17 21:09:00 Image size of job updated: 1625920
	1038  -  MemoryUsage of job (MB)
	1061900  -  ResidentSetSize of job (KB)
...
006 (5415472.365.000) 07/17 21:44:05 Image size of job updated: 1625920
	1038  -  MemoryUsage of job (MB)
	1061912  -  ResidentSetSize of job (KB)
...
006 (5415472.365.000) 07/17 22:29:09 Image size of job updated: 1625920
	1038  -  MemoryUsage of job (MB)
	1061924  -  ResidentSetSize of job (KB)
...
006 (5415472.365.000) 07/17 23:09:11 Image size of job updated: 1625920
	1038  -  MemoryUsage of job (MB)
	1061936  -  ResidentSetSize of job (KB)
...
006 (5415472.365.000) 07/17 23:54:16 Image size of job updated: 1625920
	1038  -  MemoryUsage of job (MB)
	1061948  -  ResidentSetSize of job (KB)
...
006 (5415472.365.000) 07/18 00:39:21 Image size of job updated: 1625920
	1038  -  MemoryUsage of job (MB)
	1061960  -  ResidentSetSize of job (KB)
...
006 (5415472.365.000) 07/18 01:24:26 Image size of job updated: 1625920
	1038  -  MemoryUsage of job (MB)
	1061972  -  ResidentSetSize of job (KB)
...
006 (5415472.365.000) 07/18 02:09:30 Image size of job updated: 1625920
	1038  -  MemoryUsage of job (MB)
	1061984  -  ResidentSetSize of job (KB)
...
006 (5415472.365.000) 07/18 02:49:30 Image size of job updated: 1625920
	1038  -  MemoryUsage of job (MB)
	1061996  -  ResidentSetSize of job (KB)
...
006 (5415472.365.000) 07/18 03:34:35 Image size of job updated: 1625920
	1038  -  MemoryUsage of job (MB)
	1062008  -  ResidentSetSize of job (KB)
...
006 (5415472.365.000) 07/18 04:14:42 Image size of job updated: 1625920
	1038  -  MemoryUsage of job (MB)
	1062020  -  ResidentSetSize of job (KB)
...
006 (5415472.365.000) 07/18 04:59:44 Image size of job updated: 1625920
	1038  -  MemoryUsage of job (MB)
	1062032  -  ResidentSetSize of job (KB)
...
006 (5415472.365.000) 07/18 05:44:51 Image size of job updated: 1625920
	1038  -  MemoryUsage of job (MB)
	1062044  -  ResidentSetSize of job (KB)
...
006 (5415472.365.000) 07/18 06:29:55 Image size of job updated: 1625920
	1038  -  MemoryUsage of job (MB)
	1062056  -  ResidentSetSize of job (KB)
...
006 (5415472.365.000) 07/18 07:19:59 Image size of job updated: 1625920
	1038  -  MemoryUsage of job (MB)
	1062068  -  ResidentSetSize of job (KB)
...
006 (5415472.365.000) 07/18 08:00:02 Image size of job updated: 1625920
	1038  -  MemoryUsage of job (MB)
	1062080  -  ResidentSetSize of job (KB)
...
006 (5415472.365.000) 07/18 08:45:08 Image size of job updated: 1625920
	1038  -  MemoryUsage of job (MB)
	1062084  -  ResidentSetSize of job (KB)
...
006 (5415472.365.000) 07/18 08:50:08 Image size of job updated: 1625920
	1038  -  MemoryUsage of job (MB)
	1062092  -  ResidentSetSize of job (KB)
...
006 (5415472.365.000) 07/18 09:35:12 Image size of job updated: 1625920
	1038  -  MemoryUsage of job (MB)
	1062104  -  ResidentSetSize of job (KB)
...
006 (5415472.365.000) 07/18 10:20:17 Image size of job updated: 1625920
	1038  -  MemoryUsage of job (MB)
	1062116  -  ResidentSetSize of job (KB)
...
006 (5415472.365.000) 07/18 11:00:21 Image size of job updated: 1625920
	1038  -  MemoryUsage of job (MB)
	1062128  -  ResidentSetSize of job (KB)
...
006 (5415472.365.000) 07/18 11:50:26 Image size of job updated: 1625920
	1038  -  MemoryUsage of job (MB)
	1062140  -  ResidentSetSize of job (KB)
...
006 (5415472.365.000) 07/18 12:35:32 Image size of job updated: 1625920
	1038  -  MemoryUsage of job (MB)
	1062152  -  ResidentSetSize of job (KB)
...
006 (5415472.365.000) 07/18 13:20:38 Image size of job updated: 1625920
	1038  -  MemoryUsage of job (MB)
	1062164  -  ResidentSetSize of job (KB)
...
006 (5415472.365.000) 07/18 14:05:41 Image size of job updated: 1625920
	1038  -  MemoryUsage of job (MB)
	1062176  -  ResidentSetSize of job (KB)
...
006 (5415472.365.000) 07/18 14:50:47 Image size of job updated: 1625920
	1038  -  MemoryUsage of job (MB)
	1062180  -  ResidentSetSize of job (KB)
...
006 (5415472.365.000) 07/18 14:55:47 Image size of job updated: 1625920
	1038  -  MemoryUsage of job (MB)
	1062188  -  ResidentSetSize of job (KB)
...
006 (5415472.365.000) 07/18 15:35:51 Image size of job updated: 1625920
	1038  -  MemoryUsage of job (MB)
	1062192  -  ResidentSetSize of job (KB)
...
006 (5415472.365.000) 07/18 15:40:52 Image size of job updated: 1625920
	1038  -  MemoryUsage of job (MB)
	1062200  -  ResidentSetSize of job (KB)
...
006 (5415472.365.000) 07/18 16:20:55 Image size of job updated: 1625920
	1038  -  MemoryUsage of job (MB)
	1062212  -  ResidentSetSize of job (KB)
...
006 (5415472.365.000) 07/18 17:06:00 Image size of job updated: 1625920
	1038  -  MemoryUsage of job (MB)
	1062224  -  ResidentSetSize of job (KB)
...
006 (5415472.365.000) 07/18 17:51:03 Image size of job updated: 1625920
	1038  -  MemoryUsage of job (MB)
	1062236  -  ResidentSetSize of job (KB)
...
006 (5415472.365.000) 07/18 18:36:09 Image size of job updated: 1625920
	1038  -  MemoryUsage of job (MB)
	1062248  -  ResidentSetSize of job (KB)
...
006 (5415472.365.000) 07/18 19:21:14 Image size of job updated: 1625920
	1038  -  MemoryUsage of job (MB)
	1062256  -  ResidentSetSize of job (KB)
...
006 (5415472.365.000) 07/18 19:26:15 Image size of job updated: 1625920
	1038  -  MemoryUsage of job (MB)
	1062260  -  ResidentSetSize of job (KB)
...
006 (5415472.365.000) 07/18 20:11:18 Image size of job updated: 1625920
	1038  -  MemoryUsage of job (MB)
	1062272  -  ResidentSetSize of job (KB)
...
006 (5415472.365.000) 07/18 20:56:22 Image size of job updated: 1625920
	1038  -  MemoryUsage of job (MB)
	1062284  -  ResidentSetSize of job (KB)
...
006 (5415472.365.000) 07/18 22:01:28 Image size of job updated: 1630016
	1040  -  MemoryUsage of job (MB)
	1064340  -  ResidentSetSize of job (KB)
...
006 (5415472.365.000) 07/18 22:16:29 Image size of job updated: 1630016
	1040  -  MemoryUsage of job (MB)
	1064348  -  ResidentSetSize of job (KB)
...
006 (5415472.365.000) 07/18 22:56:34 Image size of job updated: 1630016
	1040  -  MemoryUsage of job (MB)
	1064356  -  ResidentSetSize of job (KB)
...
006 (5415472.365.000) 07/18 23:41:39 Image size of job updated: 1630016
	1040  -  MemoryUsage of job (MB)
	1064364  -  ResidentSetSize of job (KB)
...
006 (5415472.365.000) 07/19 00:26:44 Image size of job updated: 1630016
	1040  -  MemoryUsage of job (MB)
	1064372  -  ResidentSetSize of job (KB)
...
006 (5415472.365.000) 07/19 01:11:49 Image size of job updated: 1630016
	1040  -  MemoryUsage of job (MB)
	1064380  -  ResidentSetSize of job (KB)
...
006 (5415472.365.000) 07/19 01:56:51 Image size of job updated: 1630016
	1040  -  MemoryUsage of job (MB)
	1064388  -  ResidentSetSize of job (KB)
...
006 (5415472.365.000) 07/19 02:41:56 Image size of job updated: 1630016
	1040  -  MemoryUsage of job (MB)
	1064396  -  ResidentSetSize of job (KB)
...
006 (5415472.365.000) 07/19 03:27:00 Image size of job updated: 1630016
	1040  -  MemoryUsage of job (MB)
	1064404  -  ResidentSetSize of job (KB)
...
006 (5415472.365.000) 07/19 04:12:06 Image size of job updated: 1630016
	1040  -  MemoryUsage of job (MB)
	1064412  -  ResidentSetSize of job (KB)
...
006 (5415472.365.000) 07/19 04:57:07 Image size of job updated: 1630016
	1040  -  MemoryUsage of job (MB)
	1064420  -  ResidentSetSize of job (KB)
...
006 (5415472.365.000) 07/19 05:42:11 Image size of job updated: 1630016
	1040  -  MemoryUsage of job (MB)
	1064428  -  ResidentSetSize of job (KB)
...
006 (5415472.365.000) 07/19 06:27:14 Image size of job updated: 1630016
	1040  -  MemoryUsage of job (MB)
	1064436  -  ResidentSetSize of job (KB)
...
006 (5415472.365.000) 07/19 07:12:18 Image size of job updated: 1630016
	1040  -  MemoryUsage of job (MB)
	1064444  -  ResidentSetSize of job (KB)
...
006 (5415472.365.000) 07/19 07:52:24 Image size of job updated: 1630016
	1040  -  MemoryUsage of job (MB)
	1064452  -  ResidentSetSize of job (KB)
...
006 (5415472.365.000) 07/19 08:37:30 Image size of job updated: 1630016
	1040  -  MemoryUsage of job (MB)
	1064460  -  ResidentSetSize of job (KB)
...
006 (5415472.365.000) 07/19 09:27:37 Image size of job updated: 1630016
	1040  -  MemoryUsage of job (MB)
	1064468  -  ResidentSetSize of job (KB)
...
006 (5415472.365.000) 07/19 10:07:39 Image size of job updated: 1630016
	1040  -  MemoryUsage of job (MB)
	1064476  -  ResidentSetSize of job (KB)
...
006 (5415472.365.000) 07/19 10:47:43 Image size of job updated: 1630016
	1040  -  MemoryUsage of job (MB)
	1064484  -  ResidentSetSize of job (KB)
...
006 (5415472.365.000) 07/19 11:32:48 Image size of job updated: 1630016
	1040  -  MemoryUsage of job (MB)
	1064492  -  ResidentSetSize of job (KB)
...
006 (5415472.365.000) 07/19 12:12:53 Image size of job updated: 1630016
	1040  -  MemoryUsage of job (MB)
	1064500  -  ResidentSetSize of job (KB)
...
006 (5415472.365.000) 07/19 12:57:58 Image size of job updated: 1630016
	1040  -  MemoryUsage of job (MB)
	1064508  -  ResidentSetSize of job (KB)
...
006 (5415472.365.000) 07/19 13:38:04 Image size of job updated: 1630016
	1040  -  MemoryUsage of job (MB)
	1064516  -  ResidentSetSize of job (KB)
...
006 (5415472.365.000) 07/19 14:18:09 Image size of job updated: 1630016
	1040  -  MemoryUsage of job (MB)
	1064524  -  ResidentSetSize of job (KB)
...
006 (5415472.365.000) 07/19 15:03:16 Image size of job updated: 1630016
	1040  -  MemoryUsage of job (MB)
	1064528  -  ResidentSetSize of job (KB)
...
006 (5415472.365.000) 07/19 15:08:17 Image size of job updated: 1630016
	1040  -  MemoryUsage of job (MB)
	1064532  -  ResidentSetSize of job (KB)
...
006 (5415472.365.000) 07/19 15:53:21 Image size of job updated: 1630016
	1040  -  MemoryUsage of job (MB)
	1064540  -  ResidentSetSize of job (KB)
...
040 (5415472.365.000) 07/19 16:04:09 Started transferring output files
...
040 (5415472.365.000) 07/19 16:04:09 Finished transferring output files
...
009 (5415472.365.000) 07/19 16:04:09 Job was aborted.
	Job removed by SYSTEM_PERIODIC_REMOVE due to wall time exceeded allowed max.
...
