000 (5415472.389.000) 07/11 14:02:29 Job submitted from host: <137.138.156.150:9618?addrs=137.138.156.150-9618+[2001-1458-d00-14--9a]-9618&alias=bigbird13.cern.ch&noUDP&sock=schedd_1788_ff6c>
...
040 (5415472.389.000) 07/11 16:03:52 Started transferring input files
	Transferring to host: <128.142.58.87:9618?addrs=128.142.58.87-9618+[2001-1458-301-16--100-56]-9618&alias=b7s03p7653.cern.ch&noUDP&sock=slot1_23_6723_b62a_2342>
...
040 (5415472.389.000) 07/11 16:03:52 Finished transferring input files
...
001 (5415472.389.000) 07/11 16:03:53 Job executing on host: <128.142.58.87:9618?addrs=128.142.58.87-9618+[2001-1458-301-16--100-56]-9618&alias=b7s03p7653.cern.ch&noUDP&sock=startd_6261_1a8c>
...
006 (5415472.389.000) 07/11 16:04:02 Image size of job updated: 645048
	570  -  MemoryUsage of job (MB)
	583532  -  ResidentSetSize of job (KB)
...
006 (5415472.389.000) 07/11 16:09:02 Image size of job updated: 1591056
	1004  -  MemoryUsage of job (MB)
	1027500  -  ResidentSetSize of job (KB)
...
006 (5415472.389.000) 07/12 06:10:28 Image size of job updated: 1591056
	1004  -  MemoryUsage of job (MB)
	1028036  -  ResidentSetSize of job (KB)
...
006 (5415472.389.000) 07/12 06:15:29 Image size of job updated: 1591056
	1006  -  MemoryUsage of job (MB)
	1029224  -  ResidentSetSize of job (KB)
...
006 (5415472.389.000) 07/12 19:06:47 Image size of job updated: 1592040
	1006  -  MemoryUsage of job (MB)
	1030032  -  ResidentSetSize of job (KB)
...
006 (5415472.389.000) 07/12 19:41:51 Image size of job updated: 1592944
	1007  -  MemoryUsage of job (MB)
	1030936  -  ResidentSetSize of job (KB)
...
006 (5415472.389.000) 07/12 20:16:56 Image size of job updated: 1593852
	1008  -  MemoryUsage of job (MB)
	1031844  -  ResidentSetSize of job (KB)
...
006 (5415472.389.000) 07/12 20:51:59 Image size of job updated: 1594756
	1009  -  MemoryUsage of job (MB)
	1032748  -  ResidentSetSize of job (KB)
...
006 (5415472.389.000) 07/12 21:27:01 Image size of job updated: 1595660
	1010  -  MemoryUsage of job (MB)
	1033652  -  ResidentSetSize of job (KB)
...
006 (5415472.389.000) 07/12 22:02:03 Image size of job updated: 1596568
	1011  -  MemoryUsage of job (MB)
	1034560  -  ResidentSetSize of job (KB)
...
006 (5415472.389.000) 07/12 22:37:05 Image size of job updated: 1597472
	1012  -  MemoryUsage of job (MB)
	1035464  -  ResidentSetSize of job (KB)
...
006 (5415472.389.000) 07/12 23:07:08 Image size of job updated: 1598380
	1013  -  MemoryUsage of job (MB)
	1036372  -  ResidentSetSize of job (KB)
...
006 (5415472.389.000) 07/12 23:42:11 Image size of job updated: 1599284
	1013  -  MemoryUsage of job (MB)
	1037276  -  ResidentSetSize of job (KB)
...
006 (5415472.389.000) 07/13 00:12:16 Image size of job updated: 1600188
	1014  -  MemoryUsage of job (MB)
	1038180  -  ResidentSetSize of job (KB)
...
006 (5415472.389.000) 07/13 00:47:21 Image size of job updated: 1601096
	1015  -  MemoryUsage of job (MB)
	1039088  -  ResidentSetSize of job (KB)
...
006 (5415472.389.000) 07/13 01:17:22 Image size of job updated: 1602000
	1016  -  MemoryUsage of job (MB)
	1039992  -  ResidentSetSize of job (KB)
...
006 (5415472.389.000) 07/13 01:47:25 Image size of job updated: 1602908
	1017  -  MemoryUsage of job (MB)
	1040900  -  ResidentSetSize of job (KB)
...
006 (5415472.389.000) 07/13 02:22:28 Image size of job updated: 1603812
	1018  -  MemoryUsage of job (MB)
	1041804  -  ResidentSetSize of job (KB)
...
006 (5415472.389.000) 07/13 02:57:34 Image size of job updated: 1604716
	1019  -  MemoryUsage of job (MB)
	1042708  -  ResidentSetSize of job (KB)
...
006 (5415472.389.000) 07/13 03:37:37 Image size of job updated: 1605624
	1020  -  MemoryUsage of job (MB)
	1043616  -  ResidentSetSize of job (KB)
...
006 (5415472.389.000) 07/13 04:17:38 Image size of job updated: 1606528
	1020  -  MemoryUsage of job (MB)
	1044384  -  ResidentSetSize of job (KB)
...
006 (5415472.389.000) 07/13 04:57:43 Image size of job updated: 1607436
	1021  -  MemoryUsage of job (MB)
	1045280  -  ResidentSetSize of job (KB)
...
006 (5415472.389.000) 07/13 05:37:49 Image size of job updated: 1608340
	1022  -  MemoryUsage of job (MB)
	1046184  -  ResidentSetSize of job (KB)
...
006 (5415472.389.000) 07/13 06:17:55 Image size of job updated: 1612868
	1027  -  MemoryUsage of job (MB)
	1050684  -  ResidentSetSize of job (KB)
...
006 (5415472.389.000) 07/13 07:13:01 Image size of job updated: 1615940
	1028  -  MemoryUsage of job (MB)
	1052232  -  ResidentSetSize of job (KB)
...
006 (5415472.389.000) 07/13 07:23:02 Image size of job updated: 1615940
	1028  -  MemoryUsage of job (MB)
	1052244  -  ResidentSetSize of job (KB)
...
006 (5415472.389.000) 07/13 07:48:04 Image size of job updated: 1615940
	1028  -  MemoryUsage of job (MB)
	1052256  -  ResidentSetSize of job (KB)
...
006 (5415472.389.000) 07/13 08:13:06 Image size of job updated: 1615940
	1028  -  MemoryUsage of job (MB)
	1052268  -  ResidentSetSize of job (KB)
...
006 (5415472.389.000) 07/13 08:38:10 Image size of job updated: 1615940
	1028  -  MemoryUsage of job (MB)
	1052280  -  ResidentSetSize of job (KB)
...
006 (5415472.389.000) 07/13 09:03:13 Image size of job updated: 1615940
	1028  -  MemoryUsage of job (MB)
	1052292  -  ResidentSetSize of job (KB)
...
006 (5415472.389.000) 07/13 09:23:16 Image size of job updated: 1615940
	1028  -  MemoryUsage of job (MB)
	1052304  -  ResidentSetSize of job (KB)
...
006 (5415472.389.000) 07/13 09:48:20 Image size of job updated: 1615940
	1028  -  MemoryUsage of job (MB)
	1052316  -  ResidentSetSize of job (KB)
...
006 (5415472.389.000) 07/13 10:08:22 Image size of job updated: 1615940
	1028  -  MemoryUsage of job (MB)
	1052328  -  ResidentSetSize of job (KB)
...
006 (5415472.389.000) 07/13 10:33:25 Image size of job updated: 1615940
	1028  -  MemoryUsage of job (MB)
	1052340  -  ResidentSetSize of job (KB)
...
006 (5415472.389.000) 07/13 10:53:34 Image size of job updated: 1615940
	1028  -  MemoryUsage of job (MB)
	1052352  -  ResidentSetSize of job (KB)
...
006 (5415472.389.000) 07/13 11:13:36 Image size of job updated: 1615940
	1028  -  MemoryUsage of job (MB)
	1052364  -  ResidentSetSize of job (KB)
...
006 (5415472.389.000) 07/13 11:43:17 Image size of job updated: 1615940
	1028  -  MemoryUsage of job (MB)
	1052376  -  ResidentSetSize of job (KB)
...
006 (5415472.389.000) 07/13 11:55:05 Image size of job updated: 1615940
	1028  -  MemoryUsage of job (MB)
	1052388  -  ResidentSetSize of job (KB)
...
006 (5415472.389.000) 07/13 12:17:11 Image size of job updated: 1615940
	1028  -  MemoryUsage of job (MB)
	1052400  -  ResidentSetSize of job (KB)
...
006 (5415472.389.000) 07/13 12:42:14 Image size of job updated: 1615940
	1028  -  MemoryUsage of job (MB)
	1052412  -  ResidentSetSize of job (KB)
...
006 (5415472.389.000) 07/13 13:07:14 Image size of job updated: 1615940
	1028  -  MemoryUsage of job (MB)
	1052424  -  ResidentSetSize of job (KB)
...
006 (5415472.389.000) 07/13 13:27:17 Image size of job updated: 1615940
	1028  -  MemoryUsage of job (MB)
	1052436  -  ResidentSetSize of job (KB)
...
006 (5415472.389.000) 07/15 06:14:53 Image size of job updated: 1620036
	1028  -  MemoryUsage of job (MB)
	1052436  -  ResidentSetSize of job (KB)
...
006 (5415472.389.000) 07/16 17:54:27 Image size of job updated: 1666056
	1028  -  MemoryUsage of job (MB)
	1052436  -  ResidentSetSize of job (KB)
...
040 (5415472.389.000) 07/16 17:54:27 Started transferring output files
...
040 (5415472.389.000) 07/16 17:56:22 Finished transferring output files
...
005 (5415472.389.000) 07/16 17:56:22 Job terminated.
	(1) Normal termination (return value 0)
		Usr 15 16:20:27, Sys 0 00:40:39  -  Run Remote Usage
		Usr 0 00:00:00, Sys 0 00:00:00  -  Run Local Usage
		Usr 15 16:20:27, Sys 0 00:40:39  -  Total Remote Usage
		Usr 0 00:00:00, Sys 0 00:00:00  -  Total Local Usage
	36781572  -  Run Bytes Sent By Job
	803  -  Run Bytes Received By Job
	36781572  -  Total Bytes Sent By Job
	803  -  Total Bytes Received By Job
	Partitionable Resources :    Usage  Request Allocated 
	   Cpus                 :     3.06        4         4 
	   Disk (KB)            : 35946    10485760  11646380 
	   Memory (MB)          :  1028        8000      8000 

	Job terminated of its own accord at 2021-07-16T15:54:27Z.
...
