000 (5415472.401.000) 07/11 14:02:29 Job submitted from host: <137.138.156.150:9618?addrs=137.138.156.150-9618+[2001-1458-d00-14--9a]-9618&alias=bigbird13.cern.ch&noUDP&sock=schedd_1788_ff6c>
...
040 (5415472.401.000) 07/11 16:03:56 Started transferring input files
	Transferring to host: <128.142.56.109:9618?addrs=128.142.56.109-9618+[2001-1458-301-6--100-6c]-9618&alias=b7s01p3528.cern.ch&noUDP&sock=slot1_27_52383_4feb_6613>
...
040 (5415472.401.000) 07/11 16:03:56 Finished transferring input files
...
001 (5415472.401.000) 07/11 16:03:59 Job executing on host: <128.142.56.109:9618?addrs=128.142.56.109-9618+[2001-1458-301-6--100-6c]-9618&alias=b7s01p3528.cern.ch&noUDP&sock=startd_49289_bb98>
...
006 (5415472.401.000) 07/11 16:04:08 Image size of job updated: 313152
	247  -  MemoryUsage of job (MB)
	252028  -  ResidentSetSize of job (KB)
...
006 (5415472.401.000) 07/11 16:09:08 Image size of job updated: 1590964
	1004  -  MemoryUsage of job (MB)
	1027404  -  ResidentSetSize of job (KB)
...
006 (5415472.401.000) 07/12 23:32:15 Image size of job updated: 1591944
	1004  -  MemoryUsage of job (MB)
	1028096  -  ResidentSetSize of job (KB)
...
006 (5415472.401.000) 07/13 00:12:21 Image size of job updated: 1592848
	1005  -  MemoryUsage of job (MB)
	1028836  -  ResidentSetSize of job (KB)
...
006 (5415472.401.000) 07/13 00:47:25 Image size of job updated: 1593756
	1006  -  MemoryUsage of job (MB)
	1029644  -  ResidentSetSize of job (KB)
...
006 (5415472.401.000) 07/13 01:27:27 Image size of job updated: 1594660
	1007  -  MemoryUsage of job (MB)
	1030548  -  ResidentSetSize of job (KB)
...
006 (5415472.401.000) 07/13 02:07:32 Image size of job updated: 1595568
	1008  -  MemoryUsage of job (MB)
	1031456  -  ResidentSetSize of job (KB)
...
006 (5415472.401.000) 07/13 02:47:38 Image size of job updated: 1596472
	1009  -  MemoryUsage of job (MB)
	1032360  -  ResidentSetSize of job (KB)
...
006 (5415472.401.000) 07/13 03:27:42 Image size of job updated: 1597376
	1010  -  MemoryUsage of job (MB)
	1033264  -  ResidentSetSize of job (KB)
...
006 (5415472.401.000) 07/13 04:07:44 Image size of job updated: 1598284
	1010  -  MemoryUsage of job (MB)
	1034172  -  ResidentSetSize of job (KB)
...
006 (5415472.401.000) 07/13 04:52:46 Image size of job updated: 1599188
	1011  -  MemoryUsage of job (MB)
	1035076  -  ResidentSetSize of job (KB)
...
006 (5415472.401.000) 07/13 05:32:51 Image size of job updated: 1600096
	1012  -  MemoryUsage of job (MB)
	1035984  -  ResidentSetSize of job (KB)
...
006 (5415472.401.000) 07/13 06:12:57 Image size of job updated: 1601000
	1013  -  MemoryUsage of job (MB)
	1036888  -  ResidentSetSize of job (KB)
...
006 (5415472.401.000) 07/13 06:53:04 Image size of job updated: 1601908
	1014  -  MemoryUsage of job (MB)
	1037796  -  ResidentSetSize of job (KB)
...
006 (5415472.401.000) 07/13 07:38:09 Image size of job updated: 1602812
	1015  -  MemoryUsage of job (MB)
	1038700  -  ResidentSetSize of job (KB)
...
006 (5415472.401.000) 07/13 08:23:13 Image size of job updated: 1603716
	1016  -  MemoryUsage of job (MB)
	1039604  -  ResidentSetSize of job (KB)
...
006 (5415472.401.000) 07/13 09:08:19 Image size of job updated: 1604624
	1017  -  MemoryUsage of job (MB)
	1040512  -  ResidentSetSize of job (KB)
...
006 (5415472.401.000) 07/13 09:53:23 Image size of job updated: 1605528
	1018  -  MemoryUsage of job (MB)
	1041416  -  ResidentSetSize of job (KB)
...
006 (5415472.401.000) 07/13 10:48:32 Image size of job updated: 1606436
	1018  -  MemoryUsage of job (MB)
	1042324  -  ResidentSetSize of job (KB)
...
006 (5415472.401.000) 07/13 11:43:27 Image size of job updated: 1607340
	1019  -  MemoryUsage of job (MB)
	1043228  -  ResidentSetSize of job (KB)
...
006 (5415472.401.000) 07/13 12:12:32 Image size of job updated: 1608244
	1020  -  MemoryUsage of job (MB)
	1044132  -  ResidentSetSize of job (KB)
...
006 (5415472.401.000) 07/13 12:52:36 Image size of job updated: 1609152
	1021  -  MemoryUsage of job (MB)
	1045040  -  ResidentSetSize of job (KB)
...
006 (5415472.401.000) 07/13 13:32:41 Image size of job updated: 1610056
	1022  -  MemoryUsage of job (MB)
	1045944  -  ResidentSetSize of job (KB)
...
006 (5415472.401.000) 07/13 13:52:41 Image size of job updated: 1613128
	1023  -  MemoryUsage of job (MB)
	1047492  -  ResidentSetSize of job (KB)
...
006 (5415472.401.000) 07/13 13:57:42 Image size of job updated: 1613128
	1023  -  MemoryUsage of job (MB)
	1047504  -  ResidentSetSize of job (KB)
...
006 (5415472.401.000) 07/13 14:17:43 Image size of job updated: 1613128
	1023  -  MemoryUsage of job (MB)
	1047516  -  ResidentSetSize of job (KB)
...
006 (5415472.401.000) 07/13 14:37:46 Image size of job updated: 1613128
	1023  -  MemoryUsage of job (MB)
	1047528  -  ResidentSetSize of job (KB)
...
006 (5415472.401.000) 07/13 14:47:47 Image size of job updated: 1613128
	1024  -  MemoryUsage of job (MB)
	1048436  -  ResidentSetSize of job (KB)
...
006 (5415472.401.000) 07/13 14:52:48 Image size of job updated: 1614036
	1024  -  MemoryUsage of job (MB)
	1048436  -  ResidentSetSize of job (KB)
...
006 (5415472.401.000) 07/13 14:57:48 Image size of job updated: 1614036
	1024  -  MemoryUsage of job (MB)
	1048448  -  ResidentSetSize of job (KB)
...
006 (5415472.401.000) 07/13 15:17:50 Image size of job updated: 1614036
	1024  -  MemoryUsage of job (MB)
	1048460  -  ResidentSetSize of job (KB)
...
006 (5415472.401.000) 07/13 15:27:51 Image size of job updated: 1614940
	1025  -  MemoryUsage of job (MB)
	1049364  -  ResidentSetSize of job (KB)
...
006 (5415472.401.000) 07/13 15:37:51 Image size of job updated: 1614940
	1025  -  MemoryUsage of job (MB)
	1049376  -  ResidentSetSize of job (KB)
...
006 (5415472.401.000) 07/13 15:57:55 Image size of job updated: 1614940
	1025  -  MemoryUsage of job (MB)
	1049388  -  ResidentSetSize of job (KB)
...
006 (5415472.401.000) 07/13 16:02:55 Image size of job updated: 1615844
	1026  -  MemoryUsage of job (MB)
	1050292  -  ResidentSetSize of job (KB)
...
006 (5415472.401.000) 07/13 16:17:57 Image size of job updated: 1615844
	1026  -  MemoryUsage of job (MB)
	1050304  -  ResidentSetSize of job (KB)
...
006 (5415472.401.000) 07/13 16:37:57 Image size of job updated: 1615844
	1026  -  MemoryUsage of job (MB)
	1050316  -  ResidentSetSize of job (KB)
...
006 (5415472.401.000) 07/13 16:42:57 Image size of job updated: 1616752
	1027  -  MemoryUsage of job (MB)
	1051224  -  ResidentSetSize of job (KB)
...
006 (5415472.401.000) 07/13 16:57:58 Image size of job updated: 1616752
	1027  -  MemoryUsage of job (MB)
	1051236  -  ResidentSetSize of job (KB)
...
006 (5415472.401.000) 07/13 17:23:00 Image size of job updated: 1617656
	1028  -  MemoryUsage of job (MB)
	1052152  -  ResidentSetSize of job (KB)
...
006 (5415472.401.000) 07/13 17:43:01 Image size of job updated: 1617656
	1028  -  MemoryUsage of job (MB)
	1052164  -  ResidentSetSize of job (KB)
...
006 (5415472.401.000) 07/13 18:03:03 Image size of job updated: 1618564
	1029  -  MemoryUsage of job (MB)
	1053084  -  ResidentSetSize of job (KB)
...
006 (5415472.401.000) 07/13 18:28:06 Image size of job updated: 1618564
	1029  -  MemoryUsage of job (MB)
	1053096  -  ResidentSetSize of job (KB)
...
006 (5415472.401.000) 07/13 18:48:08 Image size of job updated: 1619468
	1030  -  MemoryUsage of job (MB)
	1054012  -  ResidentSetSize of job (KB)
...
006 (5415472.401.000) 07/13 19:13:09 Image size of job updated: 1619468
	1030  -  MemoryUsage of job (MB)
	1054024  -  ResidentSetSize of job (KB)
...
006 (5415472.401.000) 07/13 19:28:11 Image size of job updated: 1620376
	1031  -  MemoryUsage of job (MB)
	1054932  -  ResidentSetSize of job (KB)
...
006 (5415472.401.000) 07/13 19:38:13 Image size of job updated: 1620376
	1031  -  MemoryUsage of job (MB)
	1054944  -  ResidentSetSize of job (KB)
...
006 (5415472.401.000) 07/13 20:03:16 Image size of job updated: 1620376
	1031  -  MemoryUsage of job (MB)
	1054956  -  ResidentSetSize of job (KB)
...
006 (5415472.401.000) 07/13 20:18:17 Image size of job updated: 1621280
	1032  -  MemoryUsage of job (MB)
	1055860  -  ResidentSetSize of job (KB)
...
006 (5415472.401.000) 07/13 20:23:17 Image size of job updated: 1621280
	1032  -  MemoryUsage of job (MB)
	1055872  -  ResidentSetSize of job (KB)
...
006 (5415472.401.000) 07/13 20:48:18 Image size of job updated: 1621280
	1032  -  MemoryUsage of job (MB)
	1055884  -  ResidentSetSize of job (KB)
...
006 (5415472.401.000) 07/13 20:58:20 Image size of job updated: 1622184
	1033  -  MemoryUsage of job (MB)
	1056788  -  ResidentSetSize of job (KB)
...
006 (5415472.401.000) 07/13 21:13:21 Image size of job updated: 1622184
	1033  -  MemoryUsage of job (MB)
	1056800  -  ResidentSetSize of job (KB)
...
006 (5415472.401.000) 07/13 21:33:24 Image size of job updated: 1622184
	1033  -  MemoryUsage of job (MB)
	1056812  -  ResidentSetSize of job (KB)
...
006 (5415472.401.000) 07/13 21:43:25 Image size of job updated: 1623092
	1033  -  MemoryUsage of job (MB)
	1057720  -  ResidentSetSize of job (KB)
...
006 (5415472.401.000) 07/13 21:58:25 Image size of job updated: 1623092
	1033  -  MemoryUsage of job (MB)
	1057732  -  ResidentSetSize of job (KB)
...
006 (5415472.401.000) 07/13 22:23:27 Image size of job updated: 1623092
	1033  -  MemoryUsage of job (MB)
	1057744  -  ResidentSetSize of job (KB)
...
006 (5415472.401.000) 07/13 22:28:29 Image size of job updated: 1627620
	1038  -  MemoryUsage of job (MB)
	1062272  -  ResidentSetSize of job (KB)
...
006 (5415472.401.000) 07/13 22:43:30 Image size of job updated: 1627620
	1038  -  MemoryUsage of job (MB)
	1062284  -  ResidentSetSize of job (KB)
...
006 (5415472.401.000) 07/13 23:08:33 Image size of job updated: 1627620
	1038  -  MemoryUsage of job (MB)
	1062296  -  ResidentSetSize of job (KB)
...
006 (5415472.401.000) 07/13 23:33:34 Image size of job updated: 1627620
	1038  -  MemoryUsage of job (MB)
	1062308  -  ResidentSetSize of job (KB)
...
006 (5415472.401.000) 07/13 23:53:37 Image size of job updated: 1627620
	1038  -  MemoryUsage of job (MB)
	1062320  -  ResidentSetSize of job (KB)
...
006 (5415472.401.000) 07/14 00:18:40 Image size of job updated: 1627620
	1038  -  MemoryUsage of job (MB)
	1062332  -  ResidentSetSize of job (KB)
...
006 (5415472.401.000) 07/14 00:43:43 Image size of job updated: 1627620
	1038  -  MemoryUsage of job (MB)
	1062344  -  ResidentSetSize of job (KB)
...
006 (5415472.401.000) 07/14 01:03:46 Image size of job updated: 1627620
	1038  -  MemoryUsage of job (MB)
	1062356  -  ResidentSetSize of job (KB)
...
006 (5415472.401.000) 07/14 01:28:49 Image size of job updated: 1627620
	1038  -  MemoryUsage of job (MB)
	1062368  -  ResidentSetSize of job (KB)
...
006 (5415472.401.000) 07/14 01:53:52 Image size of job updated: 1627620
	1038  -  MemoryUsage of job (MB)
	1062380  -  ResidentSetSize of job (KB)
...
006 (5415472.401.000) 07/14 02:13:55 Image size of job updated: 1627620
	1038  -  MemoryUsage of job (MB)
	1062392  -  ResidentSetSize of job (KB)
...
006 (5415472.401.000) 07/14 02:38:58 Image size of job updated: 1627620
	1038  -  MemoryUsage of job (MB)
	1062404  -  ResidentSetSize of job (KB)
...
006 (5415472.401.000) 07/14 03:04:01 Image size of job updated: 1627620
	1038  -  MemoryUsage of job (MB)
	1062416  -  ResidentSetSize of job (KB)
...
006 (5415472.401.000) 07/14 03:29:03 Image size of job updated: 1627620
	1038  -  MemoryUsage of job (MB)
	1062428  -  ResidentSetSize of job (KB)
...
006 (5415472.401.000) 07/14 03:54:06 Image size of job updated: 1627620
	1038  -  MemoryUsage of job (MB)
	1062440  -  ResidentSetSize of job (KB)
...
006 (5415472.401.000) 07/14 04:14:07 Image size of job updated: 1627620
	1038  -  MemoryUsage of job (MB)
	1062452  -  ResidentSetSize of job (KB)
...
006 (5415472.401.000) 07/14 04:39:09 Image size of job updated: 1627620
	1038  -  MemoryUsage of job (MB)
	1062464  -  ResidentSetSize of job (KB)
...
006 (5415472.401.000) 07/14 05:04:11 Image size of job updated: 1627620
	1038  -  MemoryUsage of job (MB)
	1062476  -  ResidentSetSize of job (KB)
...
006 (5415472.401.000) 07/14 05:29:13 Image size of job updated: 1627620
	1038  -  MemoryUsage of job (MB)
	1062488  -  ResidentSetSize of job (KB)
...
006 (5415472.401.000) 07/14 05:54:16 Image size of job updated: 1627620
	1038  -  MemoryUsage of job (MB)
	1062500  -  ResidentSetSize of job (KB)
...
006 (5415472.401.000) 07/14 06:19:18 Image size of job updated: 1627620
	1038  -  MemoryUsage of job (MB)
	1062504  -  ResidentSetSize of job (KB)
...
006 (5415472.401.000) 07/14 06:24:19 Image size of job updated: 1627620
	1038  -  MemoryUsage of job (MB)
	1062512  -  ResidentSetSize of job (KB)
...
006 (5415472.401.000) 07/14 06:44:21 Image size of job updated: 1627620
	1038  -  MemoryUsage of job (MB)
	1062524  -  ResidentSetSize of job (KB)
...
006 (5415472.401.000) 07/14 07:04:23 Image size of job updated: 1627620
	1038  -  MemoryUsage of job (MB)
	1062536  -  ResidentSetSize of job (KB)
...
006 (5415472.401.000) 07/14 07:29:25 Image size of job updated: 1627620
	1038  -  MemoryUsage of job (MB)
	1062548  -  ResidentSetSize of job (KB)
...
006 (5415472.401.000) 07/14 07:54:28 Image size of job updated: 1627620
	1038  -  MemoryUsage of job (MB)
	1062560  -  ResidentSetSize of job (KB)
...
006 (5415472.401.000) 07/14 08:14:30 Image size of job updated: 1627620
	1038  -  MemoryUsage of job (MB)
	1062572  -  ResidentSetSize of job (KB)
...
006 (5415472.401.000) 07/14 08:34:31 Image size of job updated: 1627620
	1038  -  MemoryUsage of job (MB)
	1062584  -  ResidentSetSize of job (KB)
...
006 (5415472.401.000) 07/14 08:59:35 Image size of job updated: 1627620
	1038  -  MemoryUsage of job (MB)
	1062596  -  ResidentSetSize of job (KB)
...
006 (5415472.401.000) 07/14 09:19:37 Image size of job updated: 1627620
	1038  -  MemoryUsage of job (MB)
	1062608  -  ResidentSetSize of job (KB)
...
006 (5415472.401.000) 07/14 09:39:38 Image size of job updated: 1627620
	1038  -  MemoryUsage of job (MB)
	1062620  -  ResidentSetSize of job (KB)
...
006 (5415472.401.000) 07/14 10:04:40 Image size of job updated: 1627620
	1038  -  MemoryUsage of job (MB)
	1062632  -  ResidentSetSize of job (KB)
...
006 (5415472.401.000) 07/14 10:24:42 Image size of job updated: 1627620
	1038  -  MemoryUsage of job (MB)
	1062644  -  ResidentSetSize of job (KB)
...
006 (5415472.401.000) 07/14 10:44:44 Image size of job updated: 1627620
	1038  -  MemoryUsage of job (MB)
	1062656  -  ResidentSetSize of job (KB)
...
006 (5415472.401.000) 07/14 11:04:46 Image size of job updated: 1627620
	1038  -  MemoryUsage of job (MB)
	1062668  -  ResidentSetSize of job (KB)
...
006 (5415472.401.000) 07/14 11:24:48 Image size of job updated: 1627620
	1038  -  MemoryUsage of job (MB)
	1062680  -  ResidentSetSize of job (KB)
...
006 (5415472.401.000) 07/14 11:44:48 Image size of job updated: 1627620
	1038  -  MemoryUsage of job (MB)
	1062692  -  ResidentSetSize of job (KB)
...
006 (5415472.401.000) 07/14 12:09:50 Image size of job updated: 1627620
	1038  -  MemoryUsage of job (MB)
	1062704  -  ResidentSetSize of job (KB)
...
006 (5415472.401.000) 07/14 12:29:52 Image size of job updated: 1627620
	1038  -  MemoryUsage of job (MB)
	1062716  -  ResidentSetSize of job (KB)
...
006 (5415472.401.000) 07/14 12:49:54 Image size of job updated: 1627620
	1038  -  MemoryUsage of job (MB)
	1062728  -  ResidentSetSize of job (KB)
...
006 (5415472.401.000) 07/14 13:14:57 Image size of job updated: 1627620
	1038  -  MemoryUsage of job (MB)
	1062740  -  ResidentSetSize of job (KB)
...
006 (5415472.401.000) 07/14 13:34:59 Image size of job updated: 1627620
	1038  -  MemoryUsage of job (MB)
	1062752  -  ResidentSetSize of job (KB)
...
006 (5415472.401.000) 07/14 13:55:00 Image size of job updated: 1627620
	1038  -  MemoryUsage of job (MB)
	1062764  -  ResidentSetSize of job (KB)
...
006 (5415472.401.000) 07/14 14:15:03 Image size of job updated: 1627620
	1038  -  MemoryUsage of job (MB)
	1062776  -  ResidentSetSize of job (KB)
...
006 (5415472.401.000) 07/14 14:35:06 Image size of job updated: 1627620
	1038  -  MemoryUsage of job (MB)
	1062788  -  ResidentSetSize of job (KB)
...
006 (5415472.401.000) 07/14 14:55:08 Image size of job updated: 1627620
	1038  -  MemoryUsage of job (MB)
	1062800  -  ResidentSetSize of job (KB)
...
006 (5415472.401.000) 07/14 15:15:11 Image size of job updated: 1627620
	1038  -  MemoryUsage of job (MB)
	1062812  -  ResidentSetSize of job (KB)
...
006 (5415472.401.000) 07/14 15:40:14 Image size of job updated: 1627620
	1038  -  MemoryUsage of job (MB)
	1062824  -  ResidentSetSize of job (KB)
...
006 (5415472.401.000) 07/14 16:00:18 Image size of job updated: 1627620
	1038  -  MemoryUsage of job (MB)
	1062836  -  ResidentSetSize of job (KB)
...
006 (5415472.401.000) 07/14 16:20:19 Image size of job updated: 1627620
	1038  -  MemoryUsage of job (MB)
	1062848  -  ResidentSetSize of job (KB)
...
006 (5415472.401.000) 07/14 16:45:22 Image size of job updated: 1627620
	1038  -  MemoryUsage of job (MB)
	1062860  -  ResidentSetSize of job (KB)
...
006 (5415472.401.000) 07/14 17:05:22 Image size of job updated: 1627620
	1038  -  MemoryUsage of job (MB)
	1062872  -  ResidentSetSize of job (KB)
...
006 (5415472.401.000) 07/14 17:25:25 Image size of job updated: 1627620
	1038  -  MemoryUsage of job (MB)
	1062884  -  ResidentSetSize of job (KB)
...
006 (5415472.401.000) 07/14 17:50:28 Image size of job updated: 1627620
	1038  -  MemoryUsage of job (MB)
	1062896  -  ResidentSetSize of job (KB)
...
006 (5415472.401.000) 07/14 18:10:31 Image size of job updated: 1627620
	1038  -  MemoryUsage of job (MB)
	1062908  -  ResidentSetSize of job (KB)
...
006 (5415472.401.000) 07/14 18:35:33 Image size of job updated: 1627620
	1039  -  MemoryUsage of job (MB)
	1062920  -  ResidentSetSize of job (KB)
...
006 (5415472.401.000) 07/14 19:00:37 Image size of job updated: 1627620
	1039  -  MemoryUsage of job (MB)
	1062932  -  ResidentSetSize of job (KB)
...
006 (5415472.401.000) 07/14 19:20:41 Image size of job updated: 1627620
	1039  -  MemoryUsage of job (MB)
	1062940  -  ResidentSetSize of job (KB)
...
006 (5415472.401.000) 07/14 19:25:41 Image size of job updated: 1627620
	1039  -  MemoryUsage of job (MB)
	1062944  -  ResidentSetSize of job (KB)
...
006 (5415472.401.000) 07/14 19:45:43 Image size of job updated: 1627620
	1039  -  MemoryUsage of job (MB)
	1062952  -  ResidentSetSize of job (KB)
...
006 (5415472.401.000) 07/14 19:50:44 Image size of job updated: 1627620
	1039  -  MemoryUsage of job (MB)
	1062956  -  ResidentSetSize of job (KB)
...
006 (5415472.401.000) 07/14 20:10:45 Image size of job updated: 1627620
	1039  -  MemoryUsage of job (MB)
	1062968  -  ResidentSetSize of job (KB)
...
006 (5415472.401.000) 07/14 20:30:47 Image size of job updated: 1627620
	1039  -  MemoryUsage of job (MB)
	1062980  -  ResidentSetSize of job (KB)
...
006 (5415472.401.000) 07/14 20:50:50 Image size of job updated: 1627620
	1039  -  MemoryUsage of job (MB)
	1062992  -  ResidentSetSize of job (KB)
...
007 (5415472.401.000) 07/14 21:05:57 Shadow exception!
	Assertion ERROR on (result)
	0  -  Run Bytes Sent By Job
	803  -  Run Bytes Received By Job
...
