000 (5415472.118.000) 07/11 14:02:29 Job submitted from host: <137.138.156.150:9618?addrs=137.138.156.150-9618+[2001-1458-d00-14--9a]-9618&alias=bigbird13.cern.ch&noUDP&sock=schedd_1788_ff6c>
...
040 (5415472.118.000) 07/11 14:15:24 Started transferring input files
	Transferring to host: <128.142.80.147:9618?addrs=128.142.80.147-9618+[2001-1458-301-f5--100-67d]-9618&alias=b7s13n4036.cern.ch&noUDP&sock=slot1_1_4961_3923_109158>
...
040 (5415472.118.000) 07/11 14:15:25 Finished transferring input files
...
001 (5415472.118.000) 07/11 14:15:34 Job executing on host: <128.142.80.147:9618?addrs=128.142.80.147-9618+[2001-1458-301-f5--100-67d]-9618&alias=b7s13n4036.cern.ch&noUDP&sock=startd_16552_dfad>
...
006 (5415472.118.000) 07/11 14:15:42 Image size of job updated: 327388
	35  -  MemoryUsage of job (MB)
	35624  -  ResidentSetSize of job (KB)
...
006 (5415472.118.000) 07/11 14:20:42 Image size of job updated: 1591016
	1004  -  MemoryUsage of job (MB)
	1027456  -  ResidentSetSize of job (KB)
...
006 (5415472.118.000) 07/13 17:54:10 Image size of job updated: 1591996
	1005  -  MemoryUsage of job (MB)
	1028360  -  ResidentSetSize of job (KB)
...
006 (5415472.118.000) 07/13 18:50:30 Image size of job updated: 1592900
	1006  -  MemoryUsage of job (MB)
	1029264  -  ResidentSetSize of job (KB)
...
006 (5415472.118.000) 07/13 19:50:35 Image size of job updated: 1593808
	1007  -  MemoryUsage of job (MB)
	1030172  -  ResidentSetSize of job (KB)
...
006 (5415472.118.000) 07/13 20:50:43 Image size of job updated: 1594712
	1007  -  MemoryUsage of job (MB)
	1031076  -  ResidentSetSize of job (KB)
...
006 (5415472.118.000) 07/13 21:50:49 Image size of job updated: 1595620
	1008  -  MemoryUsage of job (MB)
	1031984  -  ResidentSetSize of job (KB)
...
006 (5415472.118.000) 07/13 22:55:53 Image size of job updated: 1596524
	1009  -  MemoryUsage of job (MB)
	1032888  -  ResidentSetSize of job (KB)
...
006 (5415472.118.000) 07/14 00:01:00 Image size of job updated: 1601052
	1014  -  MemoryUsage of job (MB)
	1037416  -  ResidentSetSize of job (KB)
...
006 (5415472.118.000) 07/14 14:32:31 Image size of job updated: 1604124
	1015  -  MemoryUsage of job (MB)
	1038964  -  ResidentSetSize of job (KB)
...
006 (5415472.118.000) 07/14 14:47:33 Image size of job updated: 1604124
	1015  -  MemoryUsage of job (MB)
	1038976  -  ResidentSetSize of job (KB)
...
006 (5415472.118.000) 07/14 15:17:36 Image size of job updated: 1604124
	1015  -  MemoryUsage of job (MB)
	1038984  -  ResidentSetSize of job (KB)
...
006 (5415472.118.000) 07/14 15:22:37 Image size of job updated: 1604124
	1015  -  MemoryUsage of job (MB)
	1038988  -  ResidentSetSize of job (KB)
...
006 (5415472.118.000) 07/14 15:57:41 Image size of job updated: 1604124
	1015  -  MemoryUsage of job (MB)
	1039000  -  ResidentSetSize of job (KB)
...
006 (5415472.118.000) 07/14 16:32:43 Image size of job updated: 1604124
	1015  -  MemoryUsage of job (MB)
	1039012  -  ResidentSetSize of job (KB)
...
006 (5415472.118.000) 07/14 17:07:47 Image size of job updated: 1604124
	1015  -  MemoryUsage of job (MB)
	1039024  -  ResidentSetSize of job (KB)
...
006 (5415472.118.000) 07/14 17:42:51 Image size of job updated: 1604124
	1015  -  MemoryUsage of job (MB)
	1039036  -  ResidentSetSize of job (KB)
...
006 (5415472.118.000) 07/14 18:19:10 Image size of job updated: 1604124
	1015  -  MemoryUsage of job (MB)
	1039048  -  ResidentSetSize of job (KB)
...
006 (5415472.118.000) 07/14 18:54:14 Image size of job updated: 1604124
	1015  -  MemoryUsage of job (MB)
	1039060  -  ResidentSetSize of job (KB)
...
006 (5415472.118.000) 07/14 19:29:16 Image size of job updated: 1604124
	1015  -  MemoryUsage of job (MB)
	1039072  -  ResidentSetSize of job (KB)
...
006 (5415472.118.000) 07/14 20:06:46 Image size of job updated: 1604124
	1015  -  MemoryUsage of job (MB)
	1039084  -  ResidentSetSize of job (KB)
...
006 (5415472.118.000) 07/14 20:41:50 Image size of job updated: 1604124
	1015  -  MemoryUsage of job (MB)
	1039096  -  ResidentSetSize of job (KB)
...
006 (5415472.118.000) 07/14 21:14:36 Image size of job updated: 1604124
	1015  -  MemoryUsage of job (MB)
	1039108  -  ResidentSetSize of job (KB)
...
006 (5415472.118.000) 07/14 21:49:37 Image size of job updated: 1604124
	1015  -  MemoryUsage of job (MB)
	1039120  -  ResidentSetSize of job (KB)
...
006 (5415472.118.000) 07/14 22:24:39 Image size of job updated: 1604124
	1015  -  MemoryUsage of job (MB)
	1039132  -  ResidentSetSize of job (KB)
...
006 (5415472.118.000) 07/14 22:59:45 Image size of job updated: 1604124
	1015  -  MemoryUsage of job (MB)
	1039144  -  ResidentSetSize of job (KB)
...
040 (5415472.118.000) 07/14 23:19:02 Started transferring output files
...
040 (5415472.118.000) 07/14 23:19:02 Finished transferring output files
...
004 (5415472.118.000) 07/14 23:19:03 Job was evicted.
	(0) CPU times
		Usr 9 20:21:25, Sys 0 00:02:16  -  Run Remote Usage
		Usr 0 00:00:00, Sys 0 00:00:00  -  Run Local Usage
	96188  -  Run Bytes Sent By Job
	803  -  Run Bytes Received By Job
	Partitionable Resources :    Usage  Request Allocated 
	   Cpus                 :     3.08        4         4 
	   Disk (KB)            :   120    10485760  10811712 
	   Memory (MB)          :  1015        8000      8000 
...
040 (5415472.118.000) 07/14 23:31:19 Started transferring input files
	Transferring to host: <128.142.168.148:9618?addrs=128.142.168.148-9618+[2001-1458-301-be--100-d]-9618&alias=b7g00p8858.cern.ch&noUDP&sock=slot1_10_2716_6ae8_18468>
...
040 (5415472.118.000) 07/14 23:31:19 Finished transferring input files
...
001 (5415472.118.000) 07/14 23:31:20 Job executing on host: <128.142.168.148:9618?addrs=128.142.168.148-9618+[2001-1458-301-be--100-d]-9618&alias=b7g00p8858.cern.ch&noUDP&sock=startd_2564_44eb>
...
040 (5415472.118.000) 07/20 05:24:02 Started transferring output files
...
040 (5415472.118.000) 07/20 05:24:02 Finished transferring output files
...
004 (5415472.118.000) 07/20 05:24:02 Job was evicted.
	(0) CPU times
		Usr 15 14:28:05, Sys 0 01:00:21  -  Run Remote Usage
		Usr 0 00:00:00, Sys 0 00:00:00  -  Run Local Usage
	96416  -  Run Bytes Sent By Job
	96991  -  Run Bytes Received By Job
	Partitionable Resources :    Usage  Request Allocated 
	   Cpus                 :     2.97        4         4 
	   Disk (KB)            :   122    10485760  11655151 
	   Memory (MB)          :  1221        8000      8000 
...
