000 (5415472.334.000) 07/11 14:02:29 Job submitted from host: <137.138.156.150:9618?addrs=137.138.156.150-9618+[2001-1458-d00-14--9a]-9618&alias=bigbird13.cern.ch&noUDP&sock=schedd_1788_ff6c>
...
040 (5415472.334.000) 07/11 15:03:20 Started transferring input files
	Transferring to host: <128.142.58.122:9618?addrs=128.142.58.122-9618+[2001-1458-301-16--100-79]-9618&alias=b7s03p5500.cern.ch&noUDP&sock=slot1_2_6852_9a90_2722>
...
040 (5415472.334.000) 07/11 15:03:20 Finished transferring input files
...
001 (5415472.334.000) 07/11 15:03:21 Job executing on host: <128.142.58.122:9618?addrs=128.142.58.122-9618+[2001-1458-301-16--100-79]-9618&alias=b7s03p5500.cern.ch&noUDP&sock=startd_6398_1306>
...
006 (5415472.334.000) 07/11 15:03:30 Image size of job updated: 570632
	154  -  MemoryUsage of job (MB)
	157188  -  ResidentSetSize of job (KB)
...
006 (5415472.334.000) 07/11 15:08:30 Image size of job updated: 1591044
	1004  -  MemoryUsage of job (MB)
	1027480  -  ResidentSetSize of job (KB)
...
006 (5415472.334.000) 07/12 21:56:43 Image size of job updated: 1592028
	1004  -  MemoryUsage of job (MB)
	1027480  -  ResidentSetSize of job (KB)
...
006 (5415472.334.000) 07/12 22:31:47 Image size of job updated: 1592932
	1004  -  MemoryUsage of job (MB)
	1027480  -  ResidentSetSize of job (KB)
...
006 (5415472.334.000) 07/12 23:06:51 Image size of job updated: 1593840
	1004  -  MemoryUsage of job (MB)
	1027892  -  ResidentSetSize of job (KB)
...
006 (5415472.334.000) 07/12 23:41:54 Image size of job updated: 1594744
	1005  -  MemoryUsage of job (MB)
	1028796  -  ResidentSetSize of job (KB)
...
006 (5415472.334.000) 07/13 00:21:58 Image size of job updated: 1595648
	1006  -  MemoryUsage of job (MB)
	1029700  -  ResidentSetSize of job (KB)
...
006 (5415472.334.000) 07/13 00:57:00 Image size of job updated: 1596556
	1007  -  MemoryUsage of job (MB)
	1030608  -  ResidentSetSize of job (KB)
...
006 (5415472.334.000) 07/13 01:32:02 Image size of job updated: 1597460
	1008  -  MemoryUsage of job (MB)
	1031512  -  ResidentSetSize of job (KB)
...
006 (5415472.334.000) 07/13 02:12:04 Image size of job updated: 1598368
	1009  -  MemoryUsage of job (MB)
	1032420  -  ResidentSetSize of job (KB)
...
006 (5415472.334.000) 07/13 02:57:11 Image size of job updated: 1599272
	1010  -  MemoryUsage of job (MB)
	1033324  -  ResidentSetSize of job (KB)
...
006 (5415472.334.000) 07/13 03:37:16 Image size of job updated: 1600176
	1010  -  MemoryUsage of job (MB)
	1034228  -  ResidentSetSize of job (KB)
...
006 (5415472.334.000) 07/13 04:17:19 Image size of job updated: 1601084
	1011  -  MemoryUsage of job (MB)
	1035136  -  ResidentSetSize of job (KB)
...
006 (5415472.334.000) 07/13 04:57:21 Image size of job updated: 1601988
	1012  -  MemoryUsage of job (MB)
	1036040  -  ResidentSetSize of job (KB)
...
006 (5415472.334.000) 07/13 05:37:27 Image size of job updated: 1602896
	1013  -  MemoryUsage of job (MB)
	1036948  -  ResidentSetSize of job (KB)
...
006 (5415472.334.000) 07/13 06:17:32 Image size of job updated: 1603800
	1014  -  MemoryUsage of job (MB)
	1037852  -  ResidentSetSize of job (KB)
...
006 (5415472.334.000) 07/13 06:57:37 Image size of job updated: 1604704
	1015  -  MemoryUsage of job (MB)
	1038752  -  ResidentSetSize of job (KB)
...
006 (5415472.334.000) 07/13 07:37:42 Image size of job updated: 1605612
	1016  -  MemoryUsage of job (MB)
	1039556  -  ResidentSetSize of job (KB)
...
006 (5415472.334.000) 07/13 08:22:45 Image size of job updated: 1606516
	1017  -  MemoryUsage of job (MB)
	1040460  -  ResidentSetSize of job (KB)
...
006 (5415472.334.000) 07/13 09:07:51 Image size of job updated: 1607424
	1017  -  MemoryUsage of job (MB)
	1040676  -  ResidentSetSize of job (KB)
...
006 (5415472.334.000) 07/13 09:47:57 Image size of job updated: 1608328
	1018  -  MemoryUsage of job (MB)
	1041580  -  ResidentSetSize of job (KB)
...
006 (5415472.334.000) 07/13 10:33:03 Image size of job updated: 1609236
	1019  -  MemoryUsage of job (MB)
	1042488  -  ResidentSetSize of job (KB)
...
006 (5415472.334.000) 07/13 11:13:32 Image size of job updated: 1610140
	1019  -  MemoryUsage of job (MB)
	1043392  -  ResidentSetSize of job (KB)
...
006 (5415472.334.000) 07/13 11:34:51 Image size of job updated: 1613212
	1021  -  MemoryUsage of job (MB)
	1044940  -  ResidentSetSize of job (KB)
...
006 (5415472.334.000) 07/13 11:44:53 Image size of job updated: 1613212
	1021  -  MemoryUsage of job (MB)
	1044948  -  ResidentSetSize of job (KB)
...
006 (5415472.334.000) 07/13 11:49:53 Image size of job updated: 1613212
	1021  -  MemoryUsage of job (MB)
	1044952  -  ResidentSetSize of job (KB)
...
006 (5415472.334.000) 07/13 12:09:55 Image size of job updated: 1613212
	1021  -  MemoryUsage of job (MB)
	1044964  -  ResidentSetSize of job (KB)
...
006 (5415472.334.000) 07/13 12:29:57 Image size of job updated: 1613212
	1021  -  MemoryUsage of job (MB)
	1044976  -  ResidentSetSize of job (KB)
...
006 (5415472.334.000) 07/13 12:34:57 Image size of job updated: 1614116
	1022  -  MemoryUsage of job (MB)
	1045880  -  ResidentSetSize of job (KB)
...
006 (5415472.334.000) 07/13 12:54:58 Image size of job updated: 1614116
	1022  -  MemoryUsage of job (MB)
	1045892  -  ResidentSetSize of job (KB)
...
006 (5415472.334.000) 07/13 13:15:00 Image size of job updated: 1614116
	1022  -  MemoryUsage of job (MB)
	1045904  -  ResidentSetSize of job (KB)
...
006 (5415472.334.000) 07/13 13:20:01 Image size of job updated: 1615024
	1023  -  MemoryUsage of job (MB)
	1046812  -  ResidentSetSize of job (KB)
...
006 (5415472.334.000) 07/13 13:35:02 Image size of job updated: 1615024
	1023  -  MemoryUsage of job (MB)
	1046824  -  ResidentSetSize of job (KB)
...
006 (5415472.334.000) 07/13 14:00:04 Image size of job updated: 1615928
	1024  -  MemoryUsage of job (MB)
	1047740  -  ResidentSetSize of job (KB)
...
006 (5415472.334.000) 07/13 14:25:06 Image size of job updated: 1615928
	1024  -  MemoryUsage of job (MB)
	1047752  -  ResidentSetSize of job (KB)
...
006 (5415472.334.000) 07/13 14:45:07 Image size of job updated: 1616836
	1025  -  MemoryUsage of job (MB)
	1048672  -  ResidentSetSize of job (KB)
...
006 (5415472.334.000) 07/13 15:05:10 Image size of job updated: 1616836
	1025  -  MemoryUsage of job (MB)
	1048676  -  ResidentSetSize of job (KB)
...
006 (5415472.334.000) 07/13 15:10:11 Image size of job updated: 1616836
	1025  -  MemoryUsage of job (MB)
	1048684  -  ResidentSetSize of job (KB)
...
006 (5415472.334.000) 07/13 15:25:13 Image size of job updated: 1617740
	1025  -  MemoryUsage of job (MB)
	1049588  -  ResidentSetSize of job (KB)
...
006 (5415472.334.000) 07/13 15:30:14 Image size of job updated: 1617740
	1025  -  MemoryUsage of job (MB)
	1049600  -  ResidentSetSize of job (KB)
...
006 (5415472.334.000) 07/13 15:50:14 Image size of job updated: 1617740
	1026  -  MemoryUsage of job (MB)
	1049612  -  ResidentSetSize of job (KB)
...
006 (5415472.334.000) 07/13 16:05:15 Image size of job updated: 1618644
	1026  -  MemoryUsage of job (MB)
	1050516  -  ResidentSetSize of job (KB)
...
006 (5415472.334.000) 07/13 16:10:16 Image size of job updated: 1618644
	1026  -  MemoryUsage of job (MB)
	1050528  -  ResidentSetSize of job (KB)
...
006 (5415472.334.000) 07/13 16:30:17 Image size of job updated: 1618644
	1026  -  MemoryUsage of job (MB)
	1050540  -  ResidentSetSize of job (KB)
...
006 (5415472.334.000) 07/13 16:40:19 Image size of job updated: 1619552
	1027  -  MemoryUsage of job (MB)
	1051448  -  ResidentSetSize of job (KB)
...
006 (5415472.334.000) 07/13 16:50:20 Image size of job updated: 1619552
	1027  -  MemoryUsage of job (MB)
	1051460  -  ResidentSetSize of job (KB)
...
006 (5415472.334.000) 07/13 17:25:24 Image size of job updated: 1620456
	1028  -  MemoryUsage of job (MB)
	1052344  -  ResidentSetSize of job (KB)
...
006 (5415472.334.000) 07/13 18:06:09 Image size of job updated: 1621364
	1029  -  MemoryUsage of job (MB)
	1053220  -  ResidentSetSize of job (KB)
...
006 (5415472.334.000) 07/13 18:21:12 Image size of job updated: 1621364
	1029  -  MemoryUsage of job (MB)
	1053232  -  ResidentSetSize of job (KB)
...
006 (5415472.334.000) 07/13 18:41:14 Image size of job updated: 1621364
	1029  -  MemoryUsage of job (MB)
	1053244  -  ResidentSetSize of job (KB)
...
006 (5415472.334.000) 07/13 18:46:14 Image size of job updated: 1622268
	1030  -  MemoryUsage of job (MB)
	1054148  -  ResidentSetSize of job (KB)
...
006 (5415472.334.000) 07/13 19:01:16 Image size of job updated: 1622268
	1030  -  MemoryUsage of job (MB)
	1054160  -  ResidentSetSize of job (KB)
...
006 (5415472.334.000) 07/13 19:26:18 Image size of job updated: 1623172
	1031  -  MemoryUsage of job (MB)
	1055076  -  ResidentSetSize of job (KB)
...
006 (5415472.334.000) 07/13 19:46:21 Image size of job updated: 1623172
	1031  -  MemoryUsage of job (MB)
	1055088  -  ResidentSetSize of job (KB)
...
006 (5415472.334.000) 07/13 20:11:25 Image size of job updated: 1624080
	1032  -  MemoryUsage of job (MB)
	1056008  -  ResidentSetSize of job (KB)
...
006 (5415472.334.000) 07/13 20:36:26 Image size of job updated: 1624080
	1032  -  MemoryUsage of job (MB)
	1056020  -  ResidentSetSize of job (KB)
...
006 (5415472.334.000) 07/13 20:51:27 Image size of job updated: 1624984
	1033  -  MemoryUsage of job (MB)
	1056924  -  ResidentSetSize of job (KB)
...
006 (5415472.334.000) 07/13 20:56:28 Image size of job updated: 1624984
	1033  -  MemoryUsage of job (MB)
	1056936  -  ResidentSetSize of job (KB)
...
006 (5415472.334.000) 07/13 21:16:28 Image size of job updated: 1624984
	1033  -  MemoryUsage of job (MB)
	1056948  -  ResidentSetSize of job (KB)
...
006 (5415472.334.000) 07/13 21:31:28 Image size of job updated: 1625892
	1034  -  MemoryUsage of job (MB)
	1057856  -  ResidentSetSize of job (KB)
...
006 (5415472.334.000) 07/13 21:36:28 Image size of job updated: 1625892
	1034  -  MemoryUsage of job (MB)
	1057868  -  ResidentSetSize of job (KB)
...
006 (5415472.334.000) 07/13 21:56:30 Image size of job updated: 1625892
	1034  -  MemoryUsage of job (MB)
	1057880  -  ResidentSetSize of job (KB)
...
006 (5415472.334.000) 07/13 22:11:33 Image size of job updated: 1626796
	1034  -  MemoryUsage of job (MB)
	1058784  -  ResidentSetSize of job (KB)
...
006 (5415472.334.000) 07/13 22:16:33 Image size of job updated: 1626796
	1034  -  MemoryUsage of job (MB)
	1058796  -  ResidentSetSize of job (KB)
...
006 (5415472.334.000) 07/13 22:41:36 Image size of job updated: 1626796
	1034  -  MemoryUsage of job (MB)
	1058808  -  ResidentSetSize of job (KB)
...
006 (5415472.334.000) 07/13 22:56:38 Image size of job updated: 1627704
	1035  -  MemoryUsage of job (MB)
	1059712  -  ResidentSetSize of job (KB)
...
006 (5415472.334.000) 07/13 23:06:39 Image size of job updated: 1627704
	1035  -  MemoryUsage of job (MB)
	1059724  -  ResidentSetSize of job (KB)
...
006 (5415472.334.000) 07/13 23:31:42 Image size of job updated: 1627704
	1035  -  MemoryUsage of job (MB)
	1059736  -  ResidentSetSize of job (KB)
...
006 (5415472.334.000) 07/13 23:41:43 Image size of job updated: 1628608
	1036  -  MemoryUsage of job (MB)
	1060644  -  ResidentSetSize of job (KB)
...
006 (5415472.334.000) 07/13 23:56:46 Image size of job updated: 1628608
	1036  -  MemoryUsage of job (MB)
	1060656  -  ResidentSetSize of job (KB)
...
006 (5415472.334.000) 07/14 00:21:49 Image size of job updated: 1628608
	1036  -  MemoryUsage of job (MB)
	1060668  -  ResidentSetSize of job (KB)
...
006 (5415472.334.000) 07/14 00:31:49 Image size of job updated: 1633136
	1041  -  MemoryUsage of job (MB)
	1065204  -  ResidentSetSize of job (KB)
...
006 (5415472.334.000) 07/14 00:47:16 Image size of job updated: 1633136
	1041  -  MemoryUsage of job (MB)
	1065216  -  ResidentSetSize of job (KB)
...
006 (5415472.334.000) 07/14 01:06:52 Image size of job updated: 1633136
	1041  -  MemoryUsage of job (MB)
	1065228  -  ResidentSetSize of job (KB)
...
006 (5415472.334.000) 07/14 01:31:54 Image size of job updated: 1633136
	1041  -  MemoryUsage of job (MB)
	1065240  -  ResidentSetSize of job (KB)
...
006 (5415472.334.000) 07/14 01:56:56 Image size of job updated: 1633136
	1041  -  MemoryUsage of job (MB)
	1065252  -  ResidentSetSize of job (KB)
...
006 (5415472.334.000) 07/14 02:17:00 Image size of job updated: 1633136
	1041  -  MemoryUsage of job (MB)
	1065264  -  ResidentSetSize of job (KB)
...
006 (5415472.334.000) 07/14 02:42:02 Image size of job updated: 1633136
	1041  -  MemoryUsage of job (MB)
	1065276  -  ResidentSetSize of job (KB)
...
006 (5415472.334.000) 07/14 03:02:06 Image size of job updated: 1633136
	1041  -  MemoryUsage of job (MB)
	1065288  -  ResidentSetSize of job (KB)
...
006 (5415472.334.000) 07/14 03:27:08 Image size of job updated: 1633136
	1041  -  MemoryUsage of job (MB)
	1065300  -  ResidentSetSize of job (KB)
...
006 (5415472.334.000) 07/14 03:52:09 Image size of job updated: 1633136
	1041  -  MemoryUsage of job (MB)
	1065312  -  ResidentSetSize of job (KB)
...
006 (5415472.334.000) 07/14 04:17:12 Image size of job updated: 1633136
	1041  -  MemoryUsage of job (MB)
	1065324  -  ResidentSetSize of job (KB)
...
006 (5415472.334.000) 07/14 04:37:14 Image size of job updated: 1633136
	1041  -  MemoryUsage of job (MB)
	1065336  -  ResidentSetSize of job (KB)
...
006 (5415472.334.000) 07/14 05:02:17 Image size of job updated: 1633136
	1041  -  MemoryUsage of job (MB)
	1065348  -  ResidentSetSize of job (KB)
...
006 (5415472.334.000) 07/14 05:27:18 Image size of job updated: 1633136
	1041  -  MemoryUsage of job (MB)
	1065360  -  ResidentSetSize of job (KB)
...
006 (5415472.334.000) 07/14 05:47:20 Image size of job updated: 1633136
	1041  -  MemoryUsage of job (MB)
	1065372  -  ResidentSetSize of job (KB)
...
006 (5415472.334.000) 07/14 06:12:21 Image size of job updated: 1633136
	1041  -  MemoryUsage of job (MB)
	1065384  -  ResidentSetSize of job (KB)
...
006 (5415472.334.000) 07/14 06:32:25 Image size of job updated: 1633136
	1041  -  MemoryUsage of job (MB)
	1065396  -  ResidentSetSize of job (KB)
...
006 (5415472.334.000) 07/14 06:57:28 Image size of job updated: 1633136
	1041  -  MemoryUsage of job (MB)
	1065408  -  ResidentSetSize of job (KB)
...
006 (5415472.334.000) 07/14 07:17:31 Image size of job updated: 1633136
	1041  -  MemoryUsage of job (MB)
	1065420  -  ResidentSetSize of job (KB)
...
006 (5415472.334.000) 07/14 07:42:35 Image size of job updated: 1633136
	1041  -  MemoryUsage of job (MB)
	1065432  -  ResidentSetSize of job (KB)
...
006 (5415472.334.000) 07/14 08:02:38 Image size of job updated: 1633136
	1041  -  MemoryUsage of job (MB)
	1065444  -  ResidentSetSize of job (KB)
...
006 (5415472.334.000) 07/14 08:27:41 Image size of job updated: 1633136
	1041  -  MemoryUsage of job (MB)
	1065456  -  ResidentSetSize of job (KB)
...
006 (5415472.334.000) 07/14 08:47:44 Image size of job updated: 1633136
	1041  -  MemoryUsage of job (MB)
	1065468  -  ResidentSetSize of job (KB)
...
006 (5415472.334.000) 07/14 09:07:47 Image size of job updated: 1633136
	1041  -  MemoryUsage of job (MB)
	1065480  -  ResidentSetSize of job (KB)
...
006 (5415472.334.000) 07/14 09:32:51 Image size of job updated: 1633136
	1041  -  MemoryUsage of job (MB)
	1065492  -  ResidentSetSize of job (KB)
...
006 (5415472.334.000) 07/14 09:52:54 Image size of job updated: 1633136
	1041  -  MemoryUsage of job (MB)
	1065504  -  ResidentSetSize of job (KB)
...
006 (5415472.334.000) 07/14 10:17:56 Image size of job updated: 1633136
	1041  -  MemoryUsage of job (MB)
	1065516  -  ResidentSetSize of job (KB)
...
006 (5415472.334.000) 07/14 10:37:59 Image size of job updated: 1633136
	1041  -  MemoryUsage of job (MB)
	1065528  -  ResidentSetSize of job (KB)
...
006 (5415472.334.000) 07/14 10:58:01 Image size of job updated: 1633136
	1041  -  MemoryUsage of job (MB)
	1065540  -  ResidentSetSize of job (KB)
...
006 (5415472.334.000) 07/14 11:18:04 Image size of job updated: 1633136
	1041  -  MemoryUsage of job (MB)
	1065552  -  ResidentSetSize of job (KB)
...
006 (5415472.334.000) 07/14 11:38:06 Image size of job updated: 1633136
	1041  -  MemoryUsage of job (MB)
	1065564  -  ResidentSetSize of job (KB)
...
006 (5415472.334.000) 07/14 11:58:09 Image size of job updated: 1633136
	1041  -  MemoryUsage of job (MB)
	1065576  -  ResidentSetSize of job (KB)
...
006 (5415472.334.000) 07/14 12:18:13 Image size of job updated: 1633136
	1041  -  MemoryUsage of job (MB)
	1065588  -  ResidentSetSize of job (KB)
...
006 (5415472.334.000) 07/14 12:38:14 Image size of job updated: 1633136
	1041  -  MemoryUsage of job (MB)
	1065600  -  ResidentSetSize of job (KB)
...
006 (5415472.334.000) 07/14 12:58:17 Image size of job updated: 1633136
	1041  -  MemoryUsage of job (MB)
	1065612  -  ResidentSetSize of job (KB)
...
006 (5415472.334.000) 07/14 13:18:21 Image size of job updated: 1633136
	1041  -  MemoryUsage of job (MB)
	1065624  -  ResidentSetSize of job (KB)
...
006 (5415472.334.000) 07/14 13:43:24 Image size of job updated: 1633136
	1041  -  MemoryUsage of job (MB)
	1065636  -  ResidentSetSize of job (KB)
...
006 (5415472.334.000) 07/14 14:03:27 Image size of job updated: 1633136
	1041  -  MemoryUsage of job (MB)
	1065648  -  ResidentSetSize of job (KB)
...
006 (5415472.334.000) 07/14 14:23:29 Image size of job updated: 1633136
	1041  -  MemoryUsage of job (MB)
	1065660  -  ResidentSetSize of job (KB)
...
006 (5415472.334.000) 07/14 14:48:32 Image size of job updated: 1633136
	1041  -  MemoryUsage of job (MB)
	1065672  -  ResidentSetSize of job (KB)
...
006 (5415472.334.000) 07/14 15:08:34 Image size of job updated: 1633136
	1041  -  MemoryUsage of job (MB)
	1065684  -  ResidentSetSize of job (KB)
...
006 (5415472.334.000) 07/14 15:33:37 Image size of job updated: 1633136
	1041  -  MemoryUsage of job (MB)
	1065696  -  ResidentSetSize of job (KB)
...
006 (5415472.334.000) 07/14 15:53:38 Image size of job updated: 1633136
	1041  -  MemoryUsage of job (MB)
	1065708  -  ResidentSetSize of job (KB)
...
006 (5415472.334.000) 07/14 16:13:39 Image size of job updated: 1633136
	1041  -  MemoryUsage of job (MB)
	1065720  -  ResidentSetSize of job (KB)
...
006 (5415472.334.000) 07/14 16:33:40 Image size of job updated: 1633136
	1041  -  MemoryUsage of job (MB)
	1065732  -  ResidentSetSize of job (KB)
...
006 (5415472.334.000) 07/14 16:58:42 Image size of job updated: 1633136
	1041  -  MemoryUsage of job (MB)
	1065744  -  ResidentSetSize of job (KB)
...
006 (5415472.334.000) 07/14 17:18:45 Image size of job updated: 1633136
	1041  -  MemoryUsage of job (MB)
	1065756  -  ResidentSetSize of job (KB)
...
006 (5415472.334.000) 07/14 17:38:47 Image size of job updated: 1633136
	1041  -  MemoryUsage of job (MB)
	1065768  -  ResidentSetSize of job (KB)
...
022 (5415472.334.000) 07/14 17:57:16 Job disconnected, attempting to reconnect
    Socket between submit and execute hosts closed unexpectedly
    Trying to reconnect to slot1_2@b7s03p5500.cern.ch <128.142.58.122:9618?addrs=128.142.58.122-9618+[2001-1458-301-16--100-79]-9618&alias=b7s03p5500.cern.ch&noUDP&sock=startd_6398_1306>
...
024 (5415472.334.000) 07/14 19:27:16 Job reconnection failed
    Job disconnected too long: JobLeaseDuration (5400 seconds) expired
    Can not reconnect to slot1_2@b7s03p5500.cern.ch, rescheduling job
...
040 (5415472.334.000) 07/14 23:16:30 Started transferring input files
	Transferring to host: <188.184.206.59:9618?addrs=188.184.206.59-9618+[2001-1458-301-7d--100-2a2]-9618&alias=b7g27n0136.cern.ch&noUDP&sock=slot1_2_32348_d79c_133257>
...
040 (5415472.334.000) 07/14 23:16:30 Finished transferring input files
...
001 (5415472.334.000) 07/14 23:16:31 Job executing on host: <188.184.206.59:9618?addrs=188.184.206.59-9618+[2001-1458-301-7d--100-2a2]-9618&alias=b7g27n0136.cern.ch&noUDP&sock=startd_2343_ae7c>
...
