000 (5415472.286.000) 07/11 14:02:29 Job submitted from host: <137.138.156.150:9618?addrs=137.138.156.150-9618+[2001-1458-d00-14--9a]-9618&alias=bigbird13.cern.ch&noUDP&sock=schedd_1788_ff6c>
...
040 (5415472.286.000) 07/11 14:48:18 Started transferring input files
	Transferring to host: <128.142.80.149:9618?addrs=128.142.80.149-9618+[2001-1458-301-f5--100-191]-9618&alias=b7s13n9946.cern.ch&noUDP&sock=slot1_4_8546_2e15_112253>
...
040 (5415472.286.000) 07/11 14:48:18 Finished transferring input files
...
001 (5415472.286.000) 07/11 14:48:19 Job executing on host: <128.142.80.149:9618?addrs=128.142.80.149-9618+[2001-1458-301-f5--100-191]-9618&alias=b7s13n9946.cern.ch&noUDP&sock=startd_16631_0fa8>
...
006 (5415472.286.000) 07/11 14:48:28 Image size of job updated: 570628
	49  -  MemoryUsage of job (MB)
	49696  -  ResidentSetSize of job (KB)
...
006 (5415472.286.000) 07/11 14:53:29 Image size of job updated: 1590904
	1004  -  MemoryUsage of job (MB)
	1027348  -  ResidentSetSize of job (KB)
...
006 (5415472.286.000) 07/13 14:17:28 Image size of job updated: 1591888
	1005  -  MemoryUsage of job (MB)
	1028256  -  ResidentSetSize of job (KB)
...
006 (5415472.286.000) 07/13 15:12:33 Image size of job updated: 1592792
	1006  -  MemoryUsage of job (MB)
	1029160  -  ResidentSetSize of job (KB)
...
006 (5415472.286.000) 07/13 16:12:41 Image size of job updated: 1593700
	1006  -  MemoryUsage of job (MB)
	1030068  -  ResidentSetSize of job (KB)
...
006 (5415472.286.000) 07/13 17:07:48 Image size of job updated: 1594604
	1007  -  MemoryUsage of job (MB)
	1030972  -  ResidentSetSize of job (KB)
...
006 (5415472.286.000) 07/13 18:02:54 Image size of job updated: 1595508
	1008  -  MemoryUsage of job (MB)
	1031876  -  ResidentSetSize of job (KB)
...
006 (5415472.286.000) 07/13 19:03:01 Image size of job updated: 1596416
	1009  -  MemoryUsage of job (MB)
	1032784  -  ResidentSetSize of job (KB)
...
006 (5415472.286.000) 07/13 19:53:09 Image size of job updated: 1597320
	1010  -  MemoryUsage of job (MB)
	1033688  -  ResidentSetSize of job (KB)
...
006 (5415472.286.000) 07/13 20:43:11 Image size of job updated: 1598228
	1011  -  MemoryUsage of job (MB)
	1034596  -  ResidentSetSize of job (KB)
...
006 (5415472.286.000) 07/13 21:33:18 Image size of job updated: 1599132
	1012  -  MemoryUsage of job (MB)
	1035500  -  ResidentSetSize of job (KB)
...
006 (5415472.286.000) 07/13 22:23:25 Image size of job updated: 1600036
	1013  -  MemoryUsage of job (MB)
	1036404  -  ResidentSetSize of job (KB)
...
006 (5415472.286.000) 07/13 23:23:28 Image size of job updated: 1600944
	1013  -  MemoryUsage of job (MB)
	1037312  -  ResidentSetSize of job (KB)
...
006 (5415472.286.000) 07/14 00:23:35 Image size of job updated: 1601848
	1014  -  MemoryUsage of job (MB)
	1038216  -  ResidentSetSize of job (KB)
...
006 (5415472.286.000) 07/14 01:38:43 Image size of job updated: 1602756
	1015  -  MemoryUsage of job (MB)
	1039124  -  ResidentSetSize of job (KB)
...
006 (5415472.286.000) 07/14 02:53:53 Image size of job updated: 1603660
	1016  -  MemoryUsage of job (MB)
	1040028  -  ResidentSetSize of job (KB)
...
006 (5415472.286.000) 07/14 04:08:59 Image size of job updated: 1604568
	1017  -  MemoryUsage of job (MB)
	1040936  -  ResidentSetSize of job (KB)
...
006 (5415472.286.000) 07/14 05:24:06 Image size of job updated: 1605472
	1018  -  MemoryUsage of job (MB)
	1041840  -  ResidentSetSize of job (KB)
...
006 (5415472.286.000) 07/14 06:34:14 Image size of job updated: 1606376
	1019  -  MemoryUsage of job (MB)
	1042744  -  ResidentSetSize of job (KB)
...
006 (5415472.286.000) 07/14 07:44:21 Image size of job updated: 1607284
	1020  -  MemoryUsage of job (MB)
	1043652  -  ResidentSetSize of job (KB)
...
006 (5415472.286.000) 07/14 08:59:30 Image size of job updated: 1608188
	1021  -  MemoryUsage of job (MB)
	1044556  -  ResidentSetSize of job (KB)
...
006 (5415472.286.000) 07/14 10:04:40 Image size of job updated: 1609096
	1021  -  MemoryUsage of job (MB)
	1045464  -  ResidentSetSize of job (KB)
...
006 (5415472.286.000) 07/14 10:34:42 Image size of job updated: 1612168
	1023  -  MemoryUsage of job (MB)
	1047012  -  ResidentSetSize of job (KB)
...
006 (5415472.286.000) 07/14 11:09:45 Image size of job updated: 1612168
	1023  -  MemoryUsage of job (MB)
	1047016  -  ResidentSetSize of job (KB)
...
006 (5415472.286.000) 07/14 11:14:46 Image size of job updated: 1612168
	1023  -  MemoryUsage of job (MB)
	1047024  -  ResidentSetSize of job (KB)
...
006 (5415472.286.000) 07/14 11:49:50 Image size of job updated: 1612168
	1023  -  MemoryUsage of job (MB)
	1047036  -  ResidentSetSize of job (KB)
...
006 (5415472.286.000) 07/14 12:19:55 Image size of job updated: 1613072
	1024  -  MemoryUsage of job (MB)
	1047940  -  ResidentSetSize of job (KB)
...
006 (5415472.286.000) 07/14 12:24:56 Image size of job updated: 1613072
	1024  -  MemoryUsage of job (MB)
	1047952  -  ResidentSetSize of job (KB)
...
006 (5415472.286.000) 07/14 13:00:00 Image size of job updated: 1613072
	1024  -  MemoryUsage of job (MB)
	1047960  -  ResidentSetSize of job (KB)
...
006 (5415472.286.000) 07/14 13:05:01 Image size of job updated: 1613072
	1024  -  MemoryUsage of job (MB)
	1047964  -  ResidentSetSize of job (KB)
...
006 (5415472.286.000) 07/14 13:35:05 Image size of job updated: 1613976
	1025  -  MemoryUsage of job (MB)
	1048868  -  ResidentSetSize of job (KB)
...
006 (5415472.286.000) 07/14 13:40:06 Image size of job updated: 1613976
	1025  -  MemoryUsage of job (MB)
	1048880  -  ResidentSetSize of job (KB)
...
006 (5415472.286.000) 07/14 14:20:08 Image size of job updated: 1613976
	1025  -  MemoryUsage of job (MB)
	1048892  -  ResidentSetSize of job (KB)
...
006 (5415472.286.000) 07/14 14:40:11 Image size of job updated: 1614884
	1026  -  MemoryUsage of job (MB)
	1049800  -  ResidentSetSize of job (KB)
...
006 (5415472.286.000) 07/14 14:50:11 Image size of job updated: 1614884
	1026  -  MemoryUsage of job (MB)
	1049812  -  ResidentSetSize of job (KB)
...
006 (5415472.286.000) 07/14 15:25:15 Image size of job updated: 1614884
	1026  -  MemoryUsage of job (MB)
	1049824  -  ResidentSetSize of job (KB)
...
006 (5415472.286.000) 07/14 15:45:17 Image size of job updated: 1615788
	1027  -  MemoryUsage of job (MB)
	1050728  -  ResidentSetSize of job (KB)
...
040 (5415472.286.000) 07/14 15:59:23 Started transferring output files
...
040 (5415472.286.000) 07/14 15:59:23 Finished transferring output files
...
004 (5415472.286.000) 07/14 15:59:23 Job was evicted.
	(0) CPU times
		Usr 8 20:21:40, Sys 0 00:02:17  -  Run Remote Usage
		Usr 0 00:00:00, Sys 0 00:00:00  -  Run Local Usage
	96188  -  Run Bytes Sent By Job
	803  -  Run Bytes Received By Job
	Partitionable Resources :    Usage  Request Allocated 
	   Cpus                 :     2.94        4         4 
	   Disk (KB)            :   121    10485760  10682793 
	   Memory (MB)          :  1027        8000      8000 
...
040 (5415472.286.000) 07/14 21:26:32 Started transferring input files
	Transferring to host: <128.142.59.80:9618?addrs=128.142.59.80-9618+[2001-1458-301-21--100-4f]-9618&alias=b7s04p4586.cern.ch&noUDP&sock=slot1_1_6938_32d3_5385>
...
040 (5415472.286.000) 07/14 21:27:54 Finished transferring input files
...
001 (5415472.286.000) 07/14 21:28:38 Job executing on host: <128.142.59.80:9618?addrs=128.142.59.80-9618+[2001-1458-301-21--100-4f]-9618&alias=b7s04p4586.cern.ch&noUDP&sock=startd_6477_4301>
...
040 (5415472.286.000) 07/20 16:42:58 Started transferring output files
...
040 (5415472.286.000) 07/20 16:43:01 Finished transferring output files
...
005 (5415472.286.000) 07/20 16:43:02 Job terminated.
	(1) Normal termination (return value 0)
		Usr 17 22:41:10, Sys 0 00:25:33  -  Run Remote Usage
		Usr 0 00:00:00, Sys 0 00:00:00  -  Run Local Usage
		Usr 26 19:02:50, Sys 0 00:27:50  -  Total Remote Usage
		Usr 0 00:00:00, Sys 0 00:00:00  -  Total Local Usage
	37049364  -  Run Bytes Sent By Job
	96991  -  Run Bytes Received By Job
	37145552  -  Total Bytes Sent By Job
	97794  -  Total Bytes Received By Job
	Partitionable Resources :    Usage  Request Allocated 
	   Cpus                 :     2.96        4         4 
	   Disk (KB)            : 36209    10485760  11416803 
	   Memory (MB)          :  1221        8000      8000 

	Job terminated of its own accord at 2021-07-20T14:42:58Z.
...
