000 (5415472.274.000) 07/11 14:02:29 Job submitted from host: <137.138.156.150:9618?addrs=137.138.156.150-9618+[2001-1458-d00-14--9a]-9618&alias=bigbird13.cern.ch&noUDP&sock=schedd_1788_ff6c>
...
040 (5415472.274.000) 07/11 14:38:36 Started transferring input files
	Transferring to host: <188.184.138.132:9618?addrs=188.184.138.132-9618+[2001-1458-301-45--100-44c]-9618&alias=b7g42n0147.cern.ch&noUDP&sock=slot1_8_15253_de45_9101>
...
040 (5415472.274.000) 07/11 14:38:36 Finished transferring input files
...
001 (5415472.274.000) 07/11 14:38:38 Job executing on host: <188.184.138.132:9618?addrs=188.184.138.132-9618+[2001-1458-301-45--100-44c]-9618&alias=b7g42n0147.cern.ch&noUDP&sock=startd_15110_c81c>
...
006 (5415472.274.000) 07/11 14:38:46 Image size of job updated: 132884
	71  -  MemoryUsage of job (MB)
	71892  -  ResidentSetSize of job (KB)
...
006 (5415472.274.000) 07/11 14:43:46 Image size of job updated: 1591012
	1004  -  MemoryUsage of job (MB)
	1027452  -  ResidentSetSize of job (KB)
...
006 (5415472.274.000) 07/14 01:42:01 Image size of job updated: 1591012
	1005  -  MemoryUsage of job (MB)
	1028356  -  ResidentSetSize of job (KB)
...
006 (5415472.274.000) 07/14 01:47:01 Image size of job updated: 1591996
	1005  -  MemoryUsage of job (MB)
	1028356  -  ResidentSetSize of job (KB)
...
006 (5415472.274.000) 07/14 03:12:10 Image size of job updated: 1592900
	1006  -  MemoryUsage of job (MB)
	1029260  -  ResidentSetSize of job (KB)
...
006 (5415472.274.000) 07/14 04:37:19 Image size of job updated: 1593808
	1007  -  MemoryUsage of job (MB)
	1030168  -  ResidentSetSize of job (KB)
...
006 (5415472.274.000) 07/14 05:52:28 Image size of job updated: 1594712
	1007  -  MemoryUsage of job (MB)
	1031072  -  ResidentSetSize of job (KB)
...
006 (5415472.274.000) 07/14 07:02:37 Image size of job updated: 1595616
	1008  -  MemoryUsage of job (MB)
	1031976  -  ResidentSetSize of job (KB)
...
006 (5415472.274.000) 07/14 08:17:46 Image size of job updated: 1596524
	1009  -  MemoryUsage of job (MB)
	1032884  -  ResidentSetSize of job (KB)
...
006 (5415472.274.000) 07/14 09:27:50 Image size of job updated: 1597428
	1010  -  MemoryUsage of job (MB)
	1033788  -  ResidentSetSize of job (KB)
...
006 (5415472.274.000) 07/14 10:33:00 Image size of job updated: 1598336
	1011  -  MemoryUsage of job (MB)
	1034696  -  ResidentSetSize of job (KB)
...
006 (5415472.274.000) 07/14 11:48:07 Image size of job updated: 1599240
	1012  -  MemoryUsage of job (MB)
	1035600  -  ResidentSetSize of job (KB)
...
006 (5415472.274.000) 07/14 12:58:13 Image size of job updated: 1600144
	1013  -  MemoryUsage of job (MB)
	1036504  -  ResidentSetSize of job (KB)
...
006 (5415472.274.000) 07/14 14:13:19 Image size of job updated: 1601052
	1014  -  MemoryUsage of job (MB)
	1037412  -  ResidentSetSize of job (KB)
...
006 (5415472.274.000) 07/14 15:28:26 Image size of job updated: 1601956
	1014  -  MemoryUsage of job (MB)
	1038316  -  ResidentSetSize of job (KB)
...
006 (5415472.274.000) 07/14 16:43:34 Image size of job updated: 1602864
	1015  -  MemoryUsage of job (MB)
	1039224  -  ResidentSetSize of job (KB)
...
006 (5415472.274.000) 07/14 17:58:42 Image size of job updated: 1603768
	1016  -  MemoryUsage of job (MB)
	1040128  -  ResidentSetSize of job (KB)
...
006 (5415472.274.000) 07/14 19:08:49 Image size of job updated: 1604676
	1017  -  MemoryUsage of job (MB)
	1041036  -  ResidentSetSize of job (KB)
...
006 (5415472.274.000) 07/14 20:23:56 Image size of job updated: 1605580
	1018  -  MemoryUsage of job (MB)
	1041940  -  ResidentSetSize of job (KB)
...
007 (5415472.274.000) 07/14 21:02:07 Shadow exception!
	Assertion ERROR on (result)
	0  -  Run Bytes Sent By Job
	803  -  Run Bytes Received By Job
...
040 (5415472.274.000) 07/14 21:26:31 Started transferring input files
	Transferring to host: <128.142.57.44:9618?addrs=128.142.57.44-9618+[2001-1458-301-7--100-2b]-9618&alias=b7s02p3150.cern.ch&noUDP&sock=slot1_2_6640_3b07_8124>
...
040 (5415472.274.000) 07/14 21:26:42 Finished transferring input files
...
001 (5415472.274.000) 07/14 21:26:50 Job executing on host: <128.142.57.44:9618?addrs=128.142.57.44-9618+[2001-1458-301-7--100-2b]-9618&alias=b7s02p3150.cern.ch&noUDP&sock=startd_6150_f789>
...
040 (5415472.274.000) 07/18 17:53:41 Started transferring output files
...
040 (5415472.274.000) 07/18 17:53:41 Finished transferring output files
...
004 (5415472.274.000) 07/18 17:53:41 Job was evicted.
	(0) CPU times
		Usr 11 21:52:28, Sys 0 00:17:23  -  Run Remote Usage
		Usr 0 00:00:00, Sys 0 00:00:00  -  Run Local Usage
	96419  -  Run Bytes Sent By Job
	803  -  Run Bytes Received By Job
	Partitionable Resources :    Usage  Request Allocated 
	   Cpus                 :     3.07        4         4 
	   Disk (KB)            :   122    10485760  11243883 
	   Memory (MB)          :  1221        8000      8000 
...
