000 (5415472.026.000) 07/11 14:02:28 Job submitted from host: <137.138.156.150:9618?addrs=137.138.156.150-9618+[2001-1458-d00-14--9a]-9618&alias=bigbird13.cern.ch&noUDP&sock=schedd_1788_ff6c>
...
040 (5415472.026.000) 07/11 14:03:24 Started transferring input files
	Transferring to host: <128.142.59.71:9618?addrs=128.142.59.71-9618+[2001-1458-301-21--100-46]-9618&alias=b7s04p9413.cern.ch&noUDP&sock=slot1_24_6726_d34b_2382>
...
040 (5415472.026.000) 07/11 14:03:24 Finished transferring input files
...
001 (5415472.026.000) 07/11 14:03:25 Job executing on host: <128.142.59.71:9618?addrs=128.142.59.71-9618+[2001-1458-301-21--100-46]-9618&alias=b7s04p9413.cern.ch&noUDP&sock=startd_6258_0bc3>
...
006 (5415472.026.000) 07/11 14:03:33 Image size of job updated: 570632
	50  -  MemoryUsage of job (MB)
	50476  -  ResidentSetSize of job (KB)
...
006 (5415472.026.000) 07/11 14:08:33 Image size of job updated: 1591056
	1004  -  MemoryUsage of job (MB)
	1027492  -  ResidentSetSize of job (KB)
...
006 (5415472.026.000) 07/11 18:39:01 Image size of job updated: 1591056
	1004  -  MemoryUsage of job (MB)
	1027496  -  ResidentSetSize of job (KB)
...
006 (5415472.026.000) 07/12 21:41:40 Image size of job updated: 1592040
	1005  -  MemoryUsage of job (MB)
	1028400  -  ResidentSetSize of job (KB)
...
006 (5415472.026.000) 07/12 22:21:46 Image size of job updated: 1592944
	1006  -  MemoryUsage of job (MB)
	1029304  -  ResidentSetSize of job (KB)
...
006 (5415472.026.000) 07/12 23:01:53 Image size of job updated: 1593848
	1007  -  MemoryUsage of job (MB)
	1030208  -  ResidentSetSize of job (KB)
...
006 (5415472.026.000) 07/12 23:36:57 Image size of job updated: 1593848
	1007  -  MemoryUsage of job (MB)
	1031116  -  ResidentSetSize of job (KB)
...
006 (5415472.026.000) 07/12 23:41:58 Image size of job updated: 1594756
	1007  -  MemoryUsage of job (MB)
	1031116  -  ResidentSetSize of job (KB)
...
006 (5415472.026.000) 07/13 00:17:00 Image size of job updated: 1595660
	1008  -  MemoryUsage of job (MB)
	1032020  -  ResidentSetSize of job (KB)
...
006 (5415472.026.000) 07/13 00:57:04 Image size of job updated: 1596568
	1009  -  MemoryUsage of job (MB)
	1032928  -  ResidentSetSize of job (KB)
...
006 (5415472.026.000) 07/13 01:32:08 Image size of job updated: 1597472
	1010  -  MemoryUsage of job (MB)
	1033832  -  ResidentSetSize of job (KB)
...
006 (5415472.026.000) 07/13 02:07:12 Image size of job updated: 1598376
	1011  -  MemoryUsage of job (MB)
	1034736  -  ResidentSetSize of job (KB)
...
006 (5415472.026.000) 07/13 02:42:16 Image size of job updated: 1599284
	1012  -  MemoryUsage of job (MB)
	1035644  -  ResidentSetSize of job (KB)
...
006 (5415472.026.000) 07/13 03:17:22 Image size of job updated: 1600188
	1013  -  MemoryUsage of job (MB)
	1036548  -  ResidentSetSize of job (KB)
...
006 (5415472.026.000) 07/13 03:52:24 Image size of job updated: 1601096
	1014  -  MemoryUsage of job (MB)
	1037456  -  ResidentSetSize of job (KB)
...
006 (5415472.026.000) 07/13 04:32:27 Image size of job updated: 1602000
	1015  -  MemoryUsage of job (MB)
	1038360  -  ResidentSetSize of job (KB)
...
006 (5415472.026.000) 07/13 05:12:33 Image size of job updated: 1602904
	1015  -  MemoryUsage of job (MB)
	1039264  -  ResidentSetSize of job (KB)
...
006 (5415472.026.000) 07/13 05:52:35 Image size of job updated: 1603812
	1016  -  MemoryUsage of job (MB)
	1040172  -  ResidentSetSize of job (KB)
...
006 (5415472.026.000) 07/13 06:27:39 Image size of job updated: 1604716
	1017  -  MemoryUsage of job (MB)
	1041076  -  ResidentSetSize of job (KB)
...
006 (5415472.026.000) 07/13 07:12:43 Image size of job updated: 1605624
	1018  -  MemoryUsage of job (MB)
	1041984  -  ResidentSetSize of job (KB)
...
006 (5415472.026.000) 07/13 07:52:47 Image size of job updated: 1606528
	1019  -  MemoryUsage of job (MB)
	1042888  -  ResidentSetSize of job (KB)
...
006 (5415472.026.000) 07/13 08:37:50 Image size of job updated: 1607436
	1020  -  MemoryUsage of job (MB)
	1043796  -  ResidentSetSize of job (KB)
...
006 (5415472.026.000) 07/13 09:17:56 Image size of job updated: 1608340
	1021  -  MemoryUsage of job (MB)
	1044700  -  ResidentSetSize of job (KB)
...
006 (5415472.026.000) 07/13 09:58:01 Image size of job updated: 1609244
	1022  -  MemoryUsage of job (MB)
	1045604  -  ResidentSetSize of job (KB)
...
006 (5415472.026.000) 07/13 10:18:04 Image size of job updated: 1612316
	1023  -  MemoryUsage of job (MB)
	1047152  -  ResidentSetSize of job (KB)
...
006 (5415472.026.000) 07/13 10:23:05 Image size of job updated: 1612316
	1023  -  MemoryUsage of job (MB)
	1047164  -  ResidentSetSize of job (KB)
...
006 (5415472.026.000) 07/13 10:48:30 Image size of job updated: 1612316
	1023  -  MemoryUsage of job (MB)
	1047176  -  ResidentSetSize of job (KB)
...
006 (5415472.026.000) 07/13 11:08:32 Image size of job updated: 1612316
	1023  -  MemoryUsage of job (MB)
	1047188  -  ResidentSetSize of job (KB)
...
006 (5415472.026.000) 07/13 11:26:12 Image size of job updated: 1613224
	1024  -  MemoryUsage of job (MB)
	1048096  -  ResidentSetSize of job (KB)
...
006 (5415472.026.000) 07/13 11:34:07 Image size of job updated: 1613224
	1024  -  MemoryUsage of job (MB)
	1048108  -  ResidentSetSize of job (KB)
...
006 (5415472.026.000) 07/13 11:50:28 Image size of job updated: 1613224
	1024  -  MemoryUsage of job (MB)
	1048120  -  ResidentSetSize of job (KB)
...
006 (5415472.026.000) 07/13 12:05:30 Image size of job updated: 1614128
	1025  -  MemoryUsage of job (MB)
	1049024  -  ResidentSetSize of job (KB)
...
006 (5415472.026.000) 07/13 12:10:30 Image size of job updated: 1614128
	1025  -  MemoryUsage of job (MB)
	1049036  -  ResidentSetSize of job (KB)
...
006 (5415472.026.000) 07/13 12:30:32 Image size of job updated: 1614128
	1025  -  MemoryUsage of job (MB)
	1049048  -  ResidentSetSize of job (KB)
...
006 (5415472.026.000) 07/13 12:40:34 Image size of job updated: 1615036
	1026  -  MemoryUsage of job (MB)
	1049956  -  ResidentSetSize of job (KB)
...
006 (5415472.026.000) 07/13 12:50:35 Image size of job updated: 1615036
	1026  -  MemoryUsage of job (MB)
	1049968  -  ResidentSetSize of job (KB)
...
006 (5415472.026.000) 07/13 13:10:38 Image size of job updated: 1615036
	1026  -  MemoryUsage of job (MB)
	1049980  -  ResidentSetSize of job (KB)
...
006 (5415472.026.000) 07/13 13:20:40 Image size of job updated: 1615940
	1027  -  MemoryUsage of job (MB)
	1050884  -  ResidentSetSize of job (KB)
...
006 (5415472.026.000) 07/13 13:30:41 Image size of job updated: 1615940
	1027  -  MemoryUsage of job (MB)
	1050896  -  ResidentSetSize of job (KB)
...
006 (5415472.026.000) 07/13 13:55:44 Image size of job updated: 1615940
	1027  -  MemoryUsage of job (MB)
	1050908  -  ResidentSetSize of job (KB)
...
006 (5415472.026.000) 07/13 14:00:45 Image size of job updated: 1616844
	1028  -  MemoryUsage of job (MB)
	1051812  -  ResidentSetSize of job (KB)
...
006 (5415472.026.000) 07/13 14:20:47 Image size of job updated: 1616844
	1028  -  MemoryUsage of job (MB)
	1051824  -  ResidentSetSize of job (KB)
...
006 (5415472.026.000) 07/13 14:35:50 Image size of job updated: 1616844
	1028  -  MemoryUsage of job (MB)
	1051832  -  ResidentSetSize of job (KB)
...
006 (5415472.026.000) 07/13 14:40:50 Image size of job updated: 1617752
	1029  -  MemoryUsage of job (MB)
	1052744  -  ResidentSetSize of job (KB)
...
006 (5415472.026.000) 07/13 14:55:50 Image size of job updated: 1617752
	1029  -  MemoryUsage of job (MB)
	1052756  -  ResidentSetSize of job (KB)
...
006 (5415472.026.000) 07/13 15:15:51 Image size of job updated: 1618656
	1029  -  MemoryUsage of job (MB)
	1053672  -  ResidentSetSize of job (KB)
...
006 (5415472.026.000) 07/13 15:35:54 Image size of job updated: 1618656
	1029  -  MemoryUsage of job (MB)
	1053684  -  ResidentSetSize of job (KB)
...
006 (5415472.026.000) 07/13 15:55:56 Image size of job updated: 1619564
	1030  -  MemoryUsage of job (MB)
	1054592  -  ResidentSetSize of job (KB)
...
006 (5415472.026.000) 07/13 16:00:56 Image size of job updated: 1619564
	1030  -  MemoryUsage of job (MB)
	1054604  -  ResidentSetSize of job (KB)
...
006 (5415472.026.000) 07/13 16:20:57 Image size of job updated: 1619564
	1030  -  MemoryUsage of job (MB)
	1054616  -  ResidentSetSize of job (KB)
...
006 (5415472.026.000) 07/13 16:35:59 Image size of job updated: 1620468
	1031  -  MemoryUsage of job (MB)
	1055520  -  ResidentSetSize of job (KB)
...
006 (5415472.026.000) 07/13 16:40:59 Image size of job updated: 1620468
	1031  -  MemoryUsage of job (MB)
	1055532  -  ResidentSetSize of job (KB)
...
006 (5415472.026.000) 07/13 17:01:00 Image size of job updated: 1620468
	1031  -  MemoryUsage of job (MB)
	1055536  -  ResidentSetSize of job (KB)
...
006 (5415472.026.000) 07/13 17:06:01 Image size of job updated: 1620468
	1031  -  MemoryUsage of job (MB)
	1055544  -  ResidentSetSize of job (KB)
...
006 (5415472.026.000) 07/13 17:16:03 Image size of job updated: 1621372
	1032  -  MemoryUsage of job (MB)
	1056448  -  ResidentSetSize of job (KB)
...
006 (5415472.026.000) 07/13 17:26:04 Image size of job updated: 1621372
	1032  -  MemoryUsage of job (MB)
	1056460  -  ResidentSetSize of job (KB)
...
006 (5415472.026.000) 07/13 17:46:36 Image size of job updated: 1621372
	1032  -  MemoryUsage of job (MB)
	1056472  -  ResidentSetSize of job (KB)
...
006 (5415472.026.000) 07/13 17:56:38 Image size of job updated: 1622280
	1033  -  MemoryUsage of job (MB)
	1057380  -  ResidentSetSize of job (KB)
...
006 (5415472.026.000) 07/13 18:06:39 Image size of job updated: 1622280
	1033  -  MemoryUsage of job (MB)
	1057392  -  ResidentSetSize of job (KB)
...
006 (5415472.026.000) 07/13 18:26:40 Image size of job updated: 1622280
	1033  -  MemoryUsage of job (MB)
	1057404  -  ResidentSetSize of job (KB)
...
006 (5415472.026.000) 07/13 18:31:41 Image size of job updated: 1623184
	1034  -  MemoryUsage of job (MB)
	1058308  -  ResidentSetSize of job (KB)
...
006 (5415472.026.000) 07/13 18:41:41 Image size of job updated: 1623184
	1034  -  MemoryUsage of job (MB)
	1058320  -  ResidentSetSize of job (KB)
...
006 (5415472.026.000) 07/13 19:01:43 Image size of job updated: 1623184
	1034  -  MemoryUsage of job (MB)
	1058332  -  ResidentSetSize of job (KB)
...
006 (5415472.026.000) 07/13 19:06:44 Image size of job updated: 1624092
	1035  -  MemoryUsage of job (MB)
	1059240  -  ResidentSetSize of job (KB)
...
006 (5415472.026.000) 07/13 19:16:44 Image size of job updated: 1624092
	1035  -  MemoryUsage of job (MB)
	1059248  -  ResidentSetSize of job (KB)
...
006 (5415472.026.000) 07/13 19:21:44 Image size of job updated: 1624092
	1035  -  MemoryUsage of job (MB)
	1059252  -  ResidentSetSize of job (KB)
...
006 (5415472.026.000) 07/13 19:36:44 Image size of job updated: 1624092
	1035  -  MemoryUsage of job (MB)
	1059264  -  ResidentSetSize of job (KB)
...
006 (5415472.026.000) 07/13 19:41:44 Image size of job updated: 1628620
	1039  -  MemoryUsage of job (MB)
	1063792  -  ResidentSetSize of job (KB)
...
006 (5415472.026.000) 07/13 19:56:46 Image size of job updated: 1628620
	1039  -  MemoryUsage of job (MB)
	1063804  -  ResidentSetSize of job (KB)
...
006 (5415472.026.000) 07/13 20:21:47 Image size of job updated: 1628620
	1039  -  MemoryUsage of job (MB)
	1063816  -  ResidentSetSize of job (KB)
...
006 (5415472.026.000) 07/13 20:41:50 Image size of job updated: 1628620
	1039  -  MemoryUsage of job (MB)
	1063828  -  ResidentSetSize of job (KB)
...
006 (5415472.026.000) 07/13 21:01:52 Image size of job updated: 1628620
	1039  -  MemoryUsage of job (MB)
	1063840  -  ResidentSetSize of job (KB)
...
006 (5415472.026.000) 07/13 21:21:53 Image size of job updated: 1628620
	1039  -  MemoryUsage of job (MB)
	1063852  -  ResidentSetSize of job (KB)
...
006 (5415472.026.000) 07/13 21:41:55 Image size of job updated: 1628620
	1039  -  MemoryUsage of job (MB)
	1063864  -  ResidentSetSize of job (KB)
...
006 (5415472.026.000) 07/13 22:01:57 Image size of job updated: 1628620
	1039  -  MemoryUsage of job (MB)
	1063876  -  ResidentSetSize of job (KB)
...
006 (5415472.026.000) 07/13 22:16:58 Image size of job updated: 1628620
	1039  -  MemoryUsage of job (MB)
	1063888  -  ResidentSetSize of job (KB)
...
006 (5415472.026.000) 07/13 22:37:00 Image size of job updated: 1628620
	1039  -  MemoryUsage of job (MB)
	1063900  -  ResidentSetSize of job (KB)
...
006 (5415472.026.000) 07/13 22:57:03 Image size of job updated: 1628620
	1039  -  MemoryUsage of job (MB)
	1063912  -  ResidentSetSize of job (KB)
...
006 (5415472.026.000) 07/13 23:17:04 Image size of job updated: 1628620
	1039  -  MemoryUsage of job (MB)
	1063924  -  ResidentSetSize of job (KB)
...
006 (5415472.026.000) 07/13 23:37:05 Image size of job updated: 1628620
	1039  -  MemoryUsage of job (MB)
	1063936  -  ResidentSetSize of job (KB)
...
006 (5415472.026.000) 07/14 00:02:07 Image size of job updated: 1628620
	1040  -  MemoryUsage of job (MB)
	1063948  -  ResidentSetSize of job (KB)
...
006 (5415472.026.000) 07/14 00:17:07 Image size of job updated: 1628620
	1040  -  MemoryUsage of job (MB)
	1063952  -  ResidentSetSize of job (KB)
...
006 (5415472.026.000) 07/14 00:22:08 Image size of job updated: 1628620
	1040  -  MemoryUsage of job (MB)
	1063960  -  ResidentSetSize of job (KB)
...
006 (5415472.026.000) 07/14 00:42:11 Image size of job updated: 1628620
	1040  -  MemoryUsage of job (MB)
	1063972  -  ResidentSetSize of job (KB)
...
006 (5415472.026.000) 07/14 01:02:13 Image size of job updated: 1628620
	1040  -  MemoryUsage of job (MB)
	1063984  -  ResidentSetSize of job (KB)
...
006 (5415472.026.000) 07/14 01:22:16 Image size of job updated: 1628620
	1040  -  MemoryUsage of job (MB)
	1063996  -  ResidentSetSize of job (KB)
...
006 (5415472.026.000) 07/14 01:42:20 Image size of job updated: 1628620
	1040  -  MemoryUsage of job (MB)
	1064008  -  ResidentSetSize of job (KB)
...
006 (5415472.026.000) 07/14 02:02:23 Image size of job updated: 1628620
	1040  -  MemoryUsage of job (MB)
	1064020  -  ResidentSetSize of job (KB)
...
006 (5415472.026.000) 07/14 02:27:26 Image size of job updated: 1628620
	1040  -  MemoryUsage of job (MB)
	1064032  -  ResidentSetSize of job (KB)
...
006 (5415472.026.000) 07/14 02:47:29 Image size of job updated: 1628620
	1040  -  MemoryUsage of job (MB)
	1064044  -  ResidentSetSize of job (KB)
...
006 (5415472.026.000) 07/14 03:07:31 Image size of job updated: 1628620
	1040  -  MemoryUsage of job (MB)
	1064056  -  ResidentSetSize of job (KB)
...
006 (5415472.026.000) 07/14 03:27:33 Image size of job updated: 1628620
	1040  -  MemoryUsage of job (MB)
	1064068  -  ResidentSetSize of job (KB)
...
006 (5415472.026.000) 07/14 03:47:35 Image size of job updated: 1628620
	1040  -  MemoryUsage of job (MB)
	1064080  -  ResidentSetSize of job (KB)
...
006 (5415472.026.000) 07/14 04:07:38 Image size of job updated: 1628620
	1040  -  MemoryUsage of job (MB)
	1064092  -  ResidentSetSize of job (KB)
...
006 (5415472.026.000) 07/14 04:27:41 Image size of job updated: 1628620
	1040  -  MemoryUsage of job (MB)
	1064104  -  ResidentSetSize of job (KB)
...
006 (5415472.026.000) 07/14 04:42:42 Image size of job updated: 1628620
	1040  -  MemoryUsage of job (MB)
	1064116  -  ResidentSetSize of job (KB)
...
006 (5415472.026.000) 07/14 05:02:44 Image size of job updated: 1628620
	1040  -  MemoryUsage of job (MB)
	1064120  -  ResidentSetSize of job (KB)
...
006 (5415472.026.000) 07/14 05:07:45 Image size of job updated: 1628620
	1040  -  MemoryUsage of job (MB)
	1064128  -  ResidentSetSize of job (KB)
...
006 (5415472.026.000) 07/14 05:27:46 Image size of job updated: 1628620
	1040  -  MemoryUsage of job (MB)
	1064140  -  ResidentSetSize of job (KB)
...
006 (5415472.026.000) 07/14 05:42:49 Image size of job updated: 1628620
	1040  -  MemoryUsage of job (MB)
	1064152  -  ResidentSetSize of job (KB)
...
006 (5415472.026.000) 07/14 06:02:51 Image size of job updated: 1628620
	1040  -  MemoryUsage of job (MB)
	1064164  -  ResidentSetSize of job (KB)
...
006 (5415472.026.000) 07/14 06:22:52 Image size of job updated: 1628620
	1040  -  MemoryUsage of job (MB)
	1064176  -  ResidentSetSize of job (KB)
...
006 (5415472.026.000) 07/14 06:42:55 Image size of job updated: 1628620
	1040  -  MemoryUsage of job (MB)
	1064188  -  ResidentSetSize of job (KB)
...
006 (5415472.026.000) 07/14 07:02:59 Image size of job updated: 1628620
	1040  -  MemoryUsage of job (MB)
	1064200  -  ResidentSetSize of job (KB)
...
006 (5415472.026.000) 07/14 07:23:01 Image size of job updated: 1628620
	1040  -  MemoryUsage of job (MB)
	1064212  -  ResidentSetSize of job (KB)
...
006 (5415472.026.000) 07/14 07:43:03 Image size of job updated: 1628620
	1040  -  MemoryUsage of job (MB)
	1064224  -  ResidentSetSize of job (KB)
...
006 (5415472.026.000) 07/14 07:58:05 Image size of job updated: 1628620
	1040  -  MemoryUsage of job (MB)
	1064236  -  ResidentSetSize of job (KB)
...
006 (5415472.026.000) 07/14 08:18:09 Image size of job updated: 1628620
	1040  -  MemoryUsage of job (MB)
	1064248  -  ResidentSetSize of job (KB)
...
006 (5415472.026.000) 07/14 08:38:11 Image size of job updated: 1628620
	1040  -  MemoryUsage of job (MB)
	1064260  -  ResidentSetSize of job (KB)
...
006 (5415472.026.000) 07/14 08:58:11 Image size of job updated: 1628620
	1040  -  MemoryUsage of job (MB)
	1064272  -  ResidentSetSize of job (KB)
...
006 (5415472.026.000) 07/14 09:13:12 Image size of job updated: 1628620
	1040  -  MemoryUsage of job (MB)
	1064280  -  ResidentSetSize of job (KB)
...
006 (5415472.026.000) 07/14 09:18:13 Image size of job updated: 1628620
	1040  -  MemoryUsage of job (MB)
	1064284  -  ResidentSetSize of job (KB)
...
006 (5415472.026.000) 07/14 09:38:16 Image size of job updated: 1628620
	1040  -  MemoryUsage of job (MB)
	1064296  -  ResidentSetSize of job (KB)
...
006 (5415472.026.000) 07/14 09:58:19 Image size of job updated: 1628620
	1040  -  MemoryUsage of job (MB)
	1064308  -  ResidentSetSize of job (KB)
...
006 (5415472.026.000) 07/14 14:13:49 Image size of job updated: 1628620
	1040  -  MemoryUsage of job (MB)
	1064320  -  ResidentSetSize of job (KB)
...
006 (5415472.026.000) 07/14 14:38:51 Image size of job updated: 1628620
	1040  -  MemoryUsage of job (MB)
	1064332  -  ResidentSetSize of job (KB)
...
006 (5415472.026.000) 07/14 14:58:53 Image size of job updated: 1628620
	1040  -  MemoryUsage of job (MB)
	1064344  -  ResidentSetSize of job (KB)
...
006 (5415472.026.000) 07/14 15:18:55 Image size of job updated: 1628620
	1040  -  MemoryUsage of job (MB)
	1064356  -  ResidentSetSize of job (KB)
...
006 (5415472.026.000) 07/14 15:38:57 Image size of job updated: 1628620
	1040  -  MemoryUsage of job (MB)
	1064368  -  ResidentSetSize of job (KB)
...
006 (5415472.026.000) 07/14 15:58:59 Image size of job updated: 1628620
	1040  -  MemoryUsage of job (MB)
	1064380  -  ResidentSetSize of job (KB)
...
006 (5415472.026.000) 07/14 16:19:01 Image size of job updated: 1628620
	1040  -  MemoryUsage of job (MB)
	1064392  -  ResidentSetSize of job (KB)
...
006 (5415472.026.000) 07/14 16:44:04 Image size of job updated: 1628620
	1040  -  MemoryUsage of job (MB)
	1064404  -  ResidentSetSize of job (KB)
...
006 (5415472.026.000) 07/14 17:04:06 Image size of job updated: 1628620
	1040  -  MemoryUsage of job (MB)
	1064416  -  ResidentSetSize of job (KB)
...
006 (5415472.026.000) 07/14 17:54:09 Image size of job updated: 1628620
	1040  -  MemoryUsage of job (MB)
	1064420  -  ResidentSetSize of job (KB)
...
006 (5415472.026.000) 07/14 18:14:10 Image size of job updated: 1628620
	1040  -  MemoryUsage of job (MB)
	1064432  -  ResidentSetSize of job (KB)
...
006 (5415472.026.000) 07/14 18:39:14 Image size of job updated: 1628620
	1040  -  MemoryUsage of job (MB)
	1064444  -  ResidentSetSize of job (KB)
...
006 (5415472.026.000) 07/14 18:59:18 Image size of job updated: 1628620
	1040  -  MemoryUsage of job (MB)
	1064456  -  ResidentSetSize of job (KB)
...
006 (5415472.026.000) 07/14 19:24:21 Image size of job updated: 1628620
	1040  -  MemoryUsage of job (MB)
	1064468  -  ResidentSetSize of job (KB)
...
006 (5415472.026.000) 07/14 19:44:24 Image size of job updated: 1628620
	1040  -  MemoryUsage of job (MB)
	1064480  -  ResidentSetSize of job (KB)
...
006 (5415472.026.000) 07/14 20:09:27 Image size of job updated: 1628620
	1040  -  MemoryUsage of job (MB)
	1064492  -  ResidentSetSize of job (KB)
...
006 (5415472.026.000) 07/14 20:29:29 Image size of job updated: 1628620
	1040  -  MemoryUsage of job (MB)
	1064504  -  ResidentSetSize of job (KB)
...
006 (5415472.026.000) 07/14 20:55:27 Image size of job updated: 1628620
	1040  -  MemoryUsage of job (MB)
	1064516  -  ResidentSetSize of job (KB)
...
006 (5415472.026.000) 07/14 21:16:51 Image size of job updated: 1628620
	1040  -  MemoryUsage of job (MB)
	1064528  -  ResidentSetSize of job (KB)
...
006 (5415472.026.000) 07/14 21:41:53 Image size of job updated: 1628620
	1040  -  MemoryUsage of job (MB)
	1064540  -  ResidentSetSize of job (KB)
...
006 (5415472.026.000) 07/14 22:01:54 Image size of job updated: 1628620
	1040  -  MemoryUsage of job (MB)
	1064552  -  ResidentSetSize of job (KB)
...
006 (5415472.026.000) 07/14 22:26:58 Image size of job updated: 1628620
	1040  -  MemoryUsage of job (MB)
	1064564  -  ResidentSetSize of job (KB)
...
006 (5415472.026.000) 07/14 22:52:02 Image size of job updated: 1628620
	1040  -  MemoryUsage of job (MB)
	1064576  -  ResidentSetSize of job (KB)
...
006 (5415472.026.000) 07/14 23:17:06 Image size of job updated: 1628620
	1040  -  MemoryUsage of job (MB)
	1064588  -  ResidentSetSize of job (KB)
...
006 (5415472.026.000) 07/14 23:37:09 Image size of job updated: 1628620
	1040  -  MemoryUsage of job (MB)
	1064600  -  ResidentSetSize of job (KB)
...
006 (5415472.026.000) 07/15 00:02:13 Image size of job updated: 1628620
	1040  -  MemoryUsage of job (MB)
	1064612  -  ResidentSetSize of job (KB)
...
006 (5415472.026.000) 07/15 00:22:15 Image size of job updated: 1628620
	1040  -  MemoryUsage of job (MB)
	1064624  -  ResidentSetSize of job (KB)
...
006 (5415472.026.000) 07/15 00:42:17 Image size of job updated: 1628620
	1040  -  MemoryUsage of job (MB)
	1064636  -  ResidentSetSize of job (KB)
...
006 (5415472.026.000) 07/15 01:02:18 Image size of job updated: 1628620
	1040  -  MemoryUsage of job (MB)
	1064648  -  ResidentSetSize of job (KB)
...
006 (5415472.026.000) 07/15 01:22:19 Image size of job updated: 1628620
	1040  -  MemoryUsage of job (MB)
	1064660  -  ResidentSetSize of job (KB)
...
006 (5415472.026.000) 07/15 01:42:21 Image size of job updated: 1628620
	1040  -  MemoryUsage of job (MB)
	1064672  -  ResidentSetSize of job (KB)
...
006 (5415472.026.000) 07/15 02:02:23 Image size of job updated: 1628620
	1040  -  MemoryUsage of job (MB)
	1064684  -  ResidentSetSize of job (KB)
...
006 (5415472.026.000) 07/15 02:22:25 Image size of job updated: 1628620
	1040  -  MemoryUsage of job (MB)
	1064696  -  ResidentSetSize of job (KB)
...
006 (5415472.026.000) 07/15 02:42:29 Image size of job updated: 1628620
	1040  -  MemoryUsage of job (MB)
	1064708  -  ResidentSetSize of job (KB)
...
006 (5415472.026.000) 07/15 03:02:29 Image size of job updated: 1628620
	1040  -  MemoryUsage of job (MB)
	1064720  -  ResidentSetSize of job (KB)
...
006 (5415472.026.000) 07/15 03:27:31 Image size of job updated: 1628620
	1040  -  MemoryUsage of job (MB)
	1064732  -  ResidentSetSize of job (KB)
...
006 (5415472.026.000) 07/15 03:47:34 Image size of job updated: 1628620
	1040  -  MemoryUsage of job (MB)
	1064744  -  ResidentSetSize of job (KB)
...
006 (5415472.026.000) 07/15 04:07:35 Image size of job updated: 1628620
	1040  -  MemoryUsage of job (MB)
	1064756  -  ResidentSetSize of job (KB)
...
006 (5415472.026.000) 07/15 04:32:37 Image size of job updated: 1628620
	1040  -  MemoryUsage of job (MB)
	1064768  -  ResidentSetSize of job (KB)
...
006 (5415472.026.000) 07/15 04:52:39 Image size of job updated: 1628620
	1040  -  MemoryUsage of job (MB)
	1064780  -  ResidentSetSize of job (KB)
...
006 (5415472.026.000) 07/15 05:12:40 Image size of job updated: 1628620
	1040  -  MemoryUsage of job (MB)
	1064792  -  ResidentSetSize of job (KB)
...
006 (5415472.026.000) 07/15 05:37:45 Image size of job updated: 1628620
	1040  -  MemoryUsage of job (MB)
	1064804  -  ResidentSetSize of job (KB)
...
006 (5415472.026.000) 07/15 05:57:46 Image size of job updated: 1628620
	1040  -  MemoryUsage of job (MB)
	1064816  -  ResidentSetSize of job (KB)
...
006 (5415472.026.000) 07/15 06:22:49 Image size of job updated: 1628620
	1040  -  MemoryUsage of job (MB)
	1064828  -  ResidentSetSize of job (KB)
...
006 (5415472.026.000) 07/15 07:02:55 Image size of job updated: 1632716
	1042  -  MemoryUsage of job (MB)
	1066884  -  ResidentSetSize of job (KB)
...
006 (5415472.026.000) 07/15 07:22:57 Image size of job updated: 1632716
	1042  -  MemoryUsage of job (MB)
	1066892  -  ResidentSetSize of job (KB)
...
006 (5415472.026.000) 07/15 07:43:00 Image size of job updated: 1632716
	1042  -  MemoryUsage of job (MB)
	1066900  -  ResidentSetSize of job (KB)
...
006 (5415472.026.000) 07/15 08:08:01 Image size of job updated: 1632716
	1042  -  MemoryUsage of job (MB)
	1066908  -  ResidentSetSize of job (KB)
...
006 (5415472.026.000) 07/15 08:33:03 Image size of job updated: 1632716
	1042  -  MemoryUsage of job (MB)
	1066916  -  ResidentSetSize of job (KB)
...
006 (5415472.026.000) 07/15 08:53:05 Image size of job updated: 1632716
	1042  -  MemoryUsage of job (MB)
	1066924  -  ResidentSetSize of job (KB)
...
006 (5415472.026.000) 07/15 09:13:08 Image size of job updated: 1632716
	1042  -  MemoryUsage of job (MB)
	1066932  -  ResidentSetSize of job (KB)
...
006 (5415472.026.000) 07/15 09:38:09 Image size of job updated: 1632716
	1042  -  MemoryUsage of job (MB)
	1066940  -  ResidentSetSize of job (KB)
...
006 (5415472.026.000) 07/15 09:58:11 Image size of job updated: 1632716
	1042  -  MemoryUsage of job (MB)
	1066948  -  ResidentSetSize of job (KB)
...
006 (5415472.026.000) 07/15 10:23:15 Image size of job updated: 1632716
	1042  -  MemoryUsage of job (MB)
	1066956  -  ResidentSetSize of job (KB)
...
006 (5415472.026.000) 07/15 10:48:17 Image size of job updated: 1632716
	1042  -  MemoryUsage of job (MB)
	1066964  -  ResidentSetSize of job (KB)
...
006 (5415472.026.000) 07/15 11:08:20 Image size of job updated: 1632716
	1042  -  MemoryUsage of job (MB)
	1066972  -  ResidentSetSize of job (KB)
...
006 (5415472.026.000) 07/15 11:33:22 Image size of job updated: 1632716
	1042  -  MemoryUsage of job (MB)
	1066980  -  ResidentSetSize of job (KB)
...
006 (5415472.026.000) 07/15 11:53:25 Image size of job updated: 1632716
	1042  -  MemoryUsage of job (MB)
	1066988  -  ResidentSetSize of job (KB)
...
006 (5415472.026.000) 07/15 12:18:28 Image size of job updated: 1632716
	1042  -  MemoryUsage of job (MB)
	1066996  -  ResidentSetSize of job (KB)
...
006 (5415472.026.000) 07/15 12:38:32 Image size of job updated: 1632716
	1042  -  MemoryUsage of job (MB)
	1067004  -  ResidentSetSize of job (KB)
...
006 (5415472.026.000) 07/15 13:03:33 Image size of job updated: 1632716
	1043  -  MemoryUsage of job (MB)
	1067012  -  ResidentSetSize of job (KB)
...
006 (5415472.026.000) 07/15 13:23:37 Image size of job updated: 1632716
	1043  -  MemoryUsage of job (MB)
	1067020  -  ResidentSetSize of job (KB)
...
006 (5415472.026.000) 07/15 13:48:38 Image size of job updated: 1632716
	1043  -  MemoryUsage of job (MB)
	1067028  -  ResidentSetSize of job (KB)
...
006 (5415472.026.000) 07/15 14:08:39 Image size of job updated: 1632716
	1043  -  MemoryUsage of job (MB)
	1067036  -  ResidentSetSize of job (KB)
...
006 (5415472.026.000) 07/15 14:33:42 Image size of job updated: 1632716
	1043  -  MemoryUsage of job (MB)
	1067044  -  ResidentSetSize of job (KB)
...
006 (5415472.026.000) 07/15 14:53:44 Image size of job updated: 1632716
	1043  -  MemoryUsage of job (MB)
	1067052  -  ResidentSetSize of job (KB)
...
006 (5415472.026.000) 07/15 15:18:47 Image size of job updated: 1632716
	1043  -  MemoryUsage of job (MB)
	1067060  -  ResidentSetSize of job (KB)
...
006 (5415472.026.000) 07/15 15:38:49 Image size of job updated: 1632716
	1043  -  MemoryUsage of job (MB)
	1067068  -  ResidentSetSize of job (KB)
...
006 (5415472.026.000) 07/15 16:03:50 Image size of job updated: 1632716
	1043  -  MemoryUsage of job (MB)
	1067076  -  ResidentSetSize of job (KB)
...
006 (5415472.026.000) 07/15 16:23:53 Image size of job updated: 1632716
	1043  -  MemoryUsage of job (MB)
	1067084  -  ResidentSetSize of job (KB)
...
006 (5415472.026.000) 07/15 16:48:56 Image size of job updated: 1632716
	1043  -  MemoryUsage of job (MB)
	1067092  -  ResidentSetSize of job (KB)
...
006 (5415472.026.000) 07/15 17:08:57 Image size of job updated: 1632716
	1043  -  MemoryUsage of job (MB)
	1067100  -  ResidentSetSize of job (KB)
...
006 (5415472.026.000) 07/15 17:34:00 Image size of job updated: 1632716
	1043  -  MemoryUsage of job (MB)
	1067108  -  ResidentSetSize of job (KB)
...
006 (5415472.026.000) 07/15 17:54:02 Image size of job updated: 1632716
	1043  -  MemoryUsage of job (MB)
	1067116  -  ResidentSetSize of job (KB)
...
006 (5415472.026.000) 07/15 18:14:04 Image size of job updated: 1632716
	1043  -  MemoryUsage of job (MB)
	1067124  -  ResidentSetSize of job (KB)
...
006 (5415472.026.000) 07/15 18:39:06 Image size of job updated: 1632716
	1043  -  MemoryUsage of job (MB)
	1067132  -  ResidentSetSize of job (KB)
...
006 (5415472.026.000) 07/15 19:04:10 Image size of job updated: 1632716
	1043  -  MemoryUsage of job (MB)
	1067140  -  ResidentSetSize of job (KB)
...
006 (5415472.026.000) 07/15 19:24:11 Image size of job updated: 1632716
	1043  -  MemoryUsage of job (MB)
	1067148  -  ResidentSetSize of job (KB)
...
006 (5415472.026.000) 07/15 19:49:14 Image size of job updated: 1632716
	1043  -  MemoryUsage of job (MB)
	1067156  -  ResidentSetSize of job (KB)
...
006 (5415472.026.000) 07/15 20:09:17 Image size of job updated: 1632716
	1043  -  MemoryUsage of job (MB)
	1067164  -  ResidentSetSize of job (KB)
...
006 (5415472.026.000) 07/15 20:29:20 Image size of job updated: 1632716
	1043  -  MemoryUsage of job (MB)
	1067172  -  ResidentSetSize of job (KB)
...
006 (5415472.026.000) 07/15 20:54:22 Image size of job updated: 1632716
	1043  -  MemoryUsage of job (MB)
	1067180  -  ResidentSetSize of job (KB)
...
006 (5415472.026.000) 07/15 21:19:24 Image size of job updated: 1632716
	1043  -  MemoryUsage of job (MB)
	1067188  -  ResidentSetSize of job (KB)
...
006 (5415472.026.000) 07/15 21:39:27 Image size of job updated: 1632716
	1043  -  MemoryUsage of job (MB)
	1067196  -  ResidentSetSize of job (KB)
...
006 (5415472.026.000) 07/15 22:04:29 Image size of job updated: 1632716
	1043  -  MemoryUsage of job (MB)
	1067204  -  ResidentSetSize of job (KB)
...
006 (5415472.026.000) 07/15 22:24:32 Image size of job updated: 1632716
	1043  -  MemoryUsage of job (MB)
	1067212  -  ResidentSetSize of job (KB)
...
006 (5415472.026.000) 07/15 22:49:35 Image size of job updated: 1632716
	1043  -  MemoryUsage of job (MB)
	1067220  -  ResidentSetSize of job (KB)
...
006 (5415472.026.000) 07/15 23:14:40 Image size of job updated: 1632716
	1043  -  MemoryUsage of job (MB)
	1067228  -  ResidentSetSize of job (KB)
...
006 (5415472.026.000) 07/15 23:34:40 Image size of job updated: 1632716
	1043  -  MemoryUsage of job (MB)
	1067236  -  ResidentSetSize of job (KB)
...
006 (5415472.026.000) 07/15 23:59:41 Image size of job updated: 1632716
	1043  -  MemoryUsage of job (MB)
	1067244  -  ResidentSetSize of job (KB)
...
006 (5415472.026.000) 07/16 00:19:44 Image size of job updated: 1632716
	1043  -  MemoryUsage of job (MB)
	1067252  -  ResidentSetSize of job (KB)
...
006 (5415472.026.000) 07/16 00:44:46 Image size of job updated: 1632716
	1043  -  MemoryUsage of job (MB)
	1067260  -  ResidentSetSize of job (KB)
...
006 (5415472.026.000) 07/16 01:04:48 Image size of job updated: 1632716
	1043  -  MemoryUsage of job (MB)
	1067268  -  ResidentSetSize of job (KB)
...
006 (5415472.026.000) 07/16 01:29:51 Image size of job updated: 1632716
	1043  -  MemoryUsage of job (MB)
	1067276  -  ResidentSetSize of job (KB)
...
006 (5415472.026.000) 07/16 01:54:56 Image size of job updated: 1632716
	1043  -  MemoryUsage of job (MB)
	1067284  -  ResidentSetSize of job (KB)
...
006 (5415472.026.000) 07/16 02:19:57 Image size of job updated: 1632716
	1043  -  MemoryUsage of job (MB)
	1067292  -  ResidentSetSize of job (KB)
...
006 (5415472.026.000) 07/16 02:39:59 Image size of job updated: 1632716
	1043  -  MemoryUsage of job (MB)
	1067300  -  ResidentSetSize of job (KB)
...
006 (5415472.026.000) 07/16 03:05:02 Image size of job updated: 1632716
	1043  -  MemoryUsage of job (MB)
	1067308  -  ResidentSetSize of job (KB)
...
006 (5415472.026.000) 07/16 03:25:03 Image size of job updated: 1632716
	1043  -  MemoryUsage of job (MB)
	1067316  -  ResidentSetSize of job (KB)
...
006 (5415472.026.000) 07/16 03:50:05 Image size of job updated: 1632716
	1043  -  MemoryUsage of job (MB)
	1067324  -  ResidentSetSize of job (KB)
...
006 (5415472.026.000) 07/16 04:10:08 Image size of job updated: 1632716
	1043  -  MemoryUsage of job (MB)
	1067332  -  ResidentSetSize of job (KB)
...
006 (5415472.026.000) 07/16 04:35:10 Image size of job updated: 1632716
	1043  -  MemoryUsage of job (MB)
	1067340  -  ResidentSetSize of job (KB)
...
006 (5415472.026.000) 07/16 04:55:11 Image size of job updated: 1632716
	1043  -  MemoryUsage of job (MB)
	1067348  -  ResidentSetSize of job (KB)
...
006 (5415472.026.000) 07/16 05:20:13 Image size of job updated: 1632716
	1043  -  MemoryUsage of job (MB)
	1067356  -  ResidentSetSize of job (KB)
...
006 (5415472.026.000) 07/16 05:40:15 Image size of job updated: 1632716
	1043  -  MemoryUsage of job (MB)
	1067364  -  ResidentSetSize of job (KB)
...
006 (5415472.026.000) 07/16 06:05:16 Image size of job updated: 1632716
	1043  -  MemoryUsage of job (MB)
	1067372  -  ResidentSetSize of job (KB)
...
006 (5415472.026.000) 07/16 06:25:19 Image size of job updated: 1632716
	1043  -  MemoryUsage of job (MB)
	1067380  -  ResidentSetSize of job (KB)
...
006 (5415472.026.000) 07/16 06:50:20 Image size of job updated: 1632716
	1043  -  MemoryUsage of job (MB)
	1067388  -  ResidentSetSize of job (KB)
...
006 (5415472.026.000) 07/16 07:10:22 Image size of job updated: 1632716
	1043  -  MemoryUsage of job (MB)
	1067396  -  ResidentSetSize of job (KB)
...
006 (5415472.026.000) 07/16 07:30:24 Image size of job updated: 1632716
	1043  -  MemoryUsage of job (MB)
	1067404  -  ResidentSetSize of job (KB)
...
006 (5415472.026.000) 07/16 07:50:25 Image size of job updated: 1632716
	1043  -  MemoryUsage of job (MB)
	1067412  -  ResidentSetSize of job (KB)
...
006 (5415472.026.000) 07/16 08:10:26 Image size of job updated: 1632716
	1043  -  MemoryUsage of job (MB)
	1067416  -  ResidentSetSize of job (KB)
...
006 (5415472.026.000) 07/16 08:15:26 Image size of job updated: 1632716
	1043  -  MemoryUsage of job (MB)
	1067420  -  ResidentSetSize of job (KB)
...
006 (5415472.026.000) 07/16 08:35:26 Image size of job updated: 1632716
	1043  -  MemoryUsage of job (MB)
	1067428  -  ResidentSetSize of job (KB)
...
006 (5415472.026.000) 07/16 08:55:28 Image size of job updated: 1632716
	1043  -  MemoryUsage of job (MB)
	1067436  -  ResidentSetSize of job (KB)
...
006 (5415472.026.000) 07/16 09:15:29 Image size of job updated: 1632716
	1043  -  MemoryUsage of job (MB)
	1067444  -  ResidentSetSize of job (KB)
...
006 (5415472.026.000) 07/16 09:35:30 Image size of job updated: 1632716
	1043  -  MemoryUsage of job (MB)
	1067452  -  ResidentSetSize of job (KB)
...
006 (5415472.026.000) 07/16 09:55:33 Image size of job updated: 1632716
	1043  -  MemoryUsage of job (MB)
	1067460  -  ResidentSetSize of job (KB)
...
006 (5415472.026.000) 07/16 10:15:33 Image size of job updated: 1632716
	1043  -  MemoryUsage of job (MB)
	1067468  -  ResidentSetSize of job (KB)
...
006 (5415472.026.000) 07/16 10:35:36 Image size of job updated: 1632716
	1043  -  MemoryUsage of job (MB)
	1067476  -  ResidentSetSize of job (KB)
...
006 (5415472.026.000) 07/16 10:55:40 Image size of job updated: 1632716
	1043  -  MemoryUsage of job (MB)
	1067484  -  ResidentSetSize of job (KB)
...
006 (5415472.026.000) 07/16 11:15:43 Image size of job updated: 1632716
	1043  -  MemoryUsage of job (MB)
	1067492  -  ResidentSetSize of job (KB)
...
006 (5415472.026.000) 07/16 11:35:44 Image size of job updated: 1632716
	1043  -  MemoryUsage of job (MB)
	1067500  -  ResidentSetSize of job (KB)
...
006 (5415472.026.000) 07/16 11:50:46 Image size of job updated: 1632716
	1043  -  MemoryUsage of job (MB)
	1067508  -  ResidentSetSize of job (KB)
...
006 (5415472.026.000) 07/16 12:25:08 Image size of job updated: 1632716
	1043  -  MemoryUsage of job (MB)
	1067516  -  ResidentSetSize of job (KB)
...
006 (5415472.026.000) 07/16 12:33:44 Image size of job updated: 1632716
	1043  -  MemoryUsage of job (MB)
	1067524  -  ResidentSetSize of job (KB)
...
006 (5415472.026.000) 07/16 12:48:54 Image size of job updated: 1632716
	1043  -  MemoryUsage of job (MB)
	1067532  -  ResidentSetSize of job (KB)
...
006 (5415472.026.000) 07/16 13:08:56 Image size of job updated: 1632716
	1043  -  MemoryUsage of job (MB)
	1067540  -  ResidentSetSize of job (KB)
...
006 (5415472.026.000) 07/16 13:28:58 Image size of job updated: 1632716
	1043  -  MemoryUsage of job (MB)
	1067548  -  ResidentSetSize of job (KB)
...
006 (5415472.026.000) 07/16 13:43:59 Image size of job updated: 1632716
	1043  -  MemoryUsage of job (MB)
	1067556  -  ResidentSetSize of job (KB)
...
006 (5415472.026.000) 07/16 14:04:01 Image size of job updated: 1632716
	1043  -  MemoryUsage of job (MB)
	1067564  -  ResidentSetSize of job (KB)
...
006 (5415472.026.000) 07/16 14:24:02 Image size of job updated: 1632716
	1043  -  MemoryUsage of job (MB)
	1067572  -  ResidentSetSize of job (KB)
...
006 (5415472.026.000) 07/16 14:44:06 Image size of job updated: 1632716
	1043  -  MemoryUsage of job (MB)
	1067580  -  ResidentSetSize of job (KB)
...
006 (5415472.026.000) 07/16 14:59:07 Image size of job updated: 1632716
	1043  -  MemoryUsage of job (MB)
	1067588  -  ResidentSetSize of job (KB)
...
006 (5415472.026.000) 07/16 15:19:10 Image size of job updated: 1632716
	1043  -  MemoryUsage of job (MB)
	1067596  -  ResidentSetSize of job (KB)
...
006 (5415472.026.000) 07/16 15:39:11 Image size of job updated: 1632716
	1043  -  MemoryUsage of job (MB)
	1067604  -  ResidentSetSize of job (KB)
...
006 (5415472.026.000) 07/16 15:54:13 Image size of job updated: 1632716
	1043  -  MemoryUsage of job (MB)
	1067612  -  ResidentSetSize of job (KB)
...
006 (5415472.026.000) 07/16 16:14:15 Image size of job updated: 1632716
	1043  -  MemoryUsage of job (MB)
	1067620  -  ResidentSetSize of job (KB)
...
006 (5415472.026.000) 07/16 16:34:15 Image size of job updated: 1632716
	1043  -  MemoryUsage of job (MB)
	1067628  -  ResidentSetSize of job (KB)
...
006 (5415472.026.000) 07/16 16:54:17 Image size of job updated: 1632716
	1043  -  MemoryUsage of job (MB)
	1067636  -  ResidentSetSize of job (KB)
...
006 (5415472.026.000) 07/16 17:14:18 Image size of job updated: 1632716
	1043  -  MemoryUsage of job (MB)
	1067644  -  ResidentSetSize of job (KB)
...
006 (5415472.026.000) 07/16 17:34:22 Image size of job updated: 1632716
	1043  -  MemoryUsage of job (MB)
	1067652  -  ResidentSetSize of job (KB)
...
006 (5415472.026.000) 07/16 17:49:25 Image size of job updated: 1632716
	1043  -  MemoryUsage of job (MB)
	1067660  -  ResidentSetSize of job (KB)
...
006 (5415472.026.000) 07/16 18:09:26 Image size of job updated: 1632716
	1043  -  MemoryUsage of job (MB)
	1067668  -  ResidentSetSize of job (KB)
...
006 (5415472.026.000) 07/16 18:24:28 Image size of job updated: 1632716
	1043  -  MemoryUsage of job (MB)
	1067676  -  ResidentSetSize of job (KB)
...
006 (5415472.026.000) 07/16 18:44:29 Image size of job updated: 1632716
	1043  -  MemoryUsage of job (MB)
	1067684  -  ResidentSetSize of job (KB)
...
006 (5415472.026.000) 07/16 18:59:32 Image size of job updated: 1632716
	1043  -  MemoryUsage of job (MB)
	1067692  -  ResidentSetSize of job (KB)
...
006 (5415472.026.000) 07/16 19:19:33 Image size of job updated: 1632716
	1043  -  MemoryUsage of job (MB)
	1067700  -  ResidentSetSize of job (KB)
...
006 (5415472.026.000) 07/16 19:39:36 Image size of job updated: 1632716
	1043  -  MemoryUsage of job (MB)
	1067708  -  ResidentSetSize of job (KB)
...
006 (5415472.026.000) 07/16 19:59:39 Image size of job updated: 1632716
	1043  -  MemoryUsage of job (MB)
	1067716  -  ResidentSetSize of job (KB)
...
006 (5415472.026.000) 07/16 20:24:40 Image size of job updated: 1632716
	1043  -  MemoryUsage of job (MB)
	1067724  -  ResidentSetSize of job (KB)
...
006 (5415472.026.000) 07/16 20:49:04 Image size of job updated: 1632716
	1043  -  MemoryUsage of job (MB)
	1067732  -  ResidentSetSize of job (KB)
...
006 (5415472.026.000) 07/16 21:09:05 Image size of job updated: 1632716
	1043  -  MemoryUsage of job (MB)
	1067740  -  ResidentSetSize of job (KB)
...
006 (5415472.026.000) 07/16 21:34:08 Image size of job updated: 1632716
	1043  -  MemoryUsage of job (MB)
	1067748  -  ResidentSetSize of job (KB)
...
006 (5415472.026.000) 07/16 21:59:09 Image size of job updated: 1632716
	1043  -  MemoryUsage of job (MB)
	1067756  -  ResidentSetSize of job (KB)
...
006 (5415472.026.000) 07/16 22:19:12 Image size of job updated: 1632716
	1043  -  MemoryUsage of job (MB)
	1067764  -  ResidentSetSize of job (KB)
...
006 (5415472.026.000) 07/16 22:44:16 Image size of job updated: 1632716
	1043  -  MemoryUsage of job (MB)
	1067772  -  ResidentSetSize of job (KB)
...
006 (5415472.026.000) 07/16 23:04:17 Image size of job updated: 1632716
	1043  -  MemoryUsage of job (MB)
	1067780  -  ResidentSetSize of job (KB)
...
006 (5415472.026.000) 07/16 23:24:19 Image size of job updated: 1632716
	1043  -  MemoryUsage of job (MB)
	1067788  -  ResidentSetSize of job (KB)
...
006 (5415472.026.000) 07/16 23:44:22 Image size of job updated: 1632716
	1043  -  MemoryUsage of job (MB)
	1067796  -  ResidentSetSize of job (KB)
...
006 (5415472.026.000) 07/17 00:09:25 Image size of job updated: 1632716
	1043  -  MemoryUsage of job (MB)
	1067804  -  ResidentSetSize of job (KB)
...
006 (5415472.026.000) 07/17 00:29:27 Image size of job updated: 1632716
	1043  -  MemoryUsage of job (MB)
	1067812  -  ResidentSetSize of job (KB)
...
006 (5415472.026.000) 07/17 00:49:29 Image size of job updated: 1632716
	1043  -  MemoryUsage of job (MB)
	1067820  -  ResidentSetSize of job (KB)
...
006 (5415472.026.000) 07/17 01:14:32 Image size of job updated: 1632716
	1043  -  MemoryUsage of job (MB)
	1067828  -  ResidentSetSize of job (KB)
...
006 (5415472.026.000) 07/17 01:34:36 Image size of job updated: 1632716
	1043  -  MemoryUsage of job (MB)
	1067836  -  ResidentSetSize of job (KB)
...
006 (5415472.026.000) 07/17 01:59:38 Image size of job updated: 1632716
	1043  -  MemoryUsage of job (MB)
	1067844  -  ResidentSetSize of job (KB)
...
006 (5415472.026.000) 07/17 02:24:41 Image size of job updated: 1632716
	1043  -  MemoryUsage of job (MB)
	1067852  -  ResidentSetSize of job (KB)
...
006 (5415472.026.000) 07/17 02:49:44 Image size of job updated: 1632716
	1043  -  MemoryUsage of job (MB)
	1067860  -  ResidentSetSize of job (KB)
...
006 (5415472.026.000) 07/17 03:09:46 Image size of job updated: 1632716
	1043  -  MemoryUsage of job (MB)
	1067868  -  ResidentSetSize of job (KB)
...
006 (5415472.026.000) 07/17 03:34:49 Image size of job updated: 1632716
	1043  -  MemoryUsage of job (MB)
	1067876  -  ResidentSetSize of job (KB)
...
006 (5415472.026.000) 07/17 03:54:51 Image size of job updated: 1632716
	1043  -  MemoryUsage of job (MB)
	1067884  -  ResidentSetSize of job (KB)
...
006 (5415472.026.000) 07/17 04:14:51 Image size of job updated: 1632716
	1043  -  MemoryUsage of job (MB)
	1067892  -  ResidentSetSize of job (KB)
...
006 (5415472.026.000) 07/17 04:34:53 Image size of job updated: 1632716
	1043  -  MemoryUsage of job (MB)
	1067900  -  ResidentSetSize of job (KB)
...
006 (5415472.026.000) 07/17 04:54:56 Image size of job updated: 1632716
	1043  -  MemoryUsage of job (MB)
	1067908  -  ResidentSetSize of job (KB)
...
006 (5415472.026.000) 07/17 05:10:13 Image size of job updated: 1671048
	1043  -  MemoryUsage of job (MB)
	1067908  -  ResidentSetSize of job (KB)
...
040 (5415472.026.000) 07/17 05:10:13 Started transferring output files
...
040 (5415472.026.000) 07/17 05:10:15 Finished transferring output files
...
005 (5415472.026.000) 07/17 05:10:16 Job terminated.
	(1) Normal termination (return value 0)
		Usr 17 10:31:32, Sys 0 00:36:03  -  Run Remote Usage
		Usr 0 00:00:00, Sys 0 00:00:00  -  Run Local Usage
		Usr 17 10:31:32, Sys 0 00:36:03  -  Total Remote Usage
		Usr 0 00:00:00, Sys 0 00:00:00  -  Total Local Usage
	37045940  -  Run Bytes Sent By Job
	803  -  Run Bytes Received By Job
	37045940  -  Total Bytes Sent By Job
	803  -  Total Bytes Received By Job
	Partitionable Resources :    Usage  Request Allocated 
	   Cpus                 :     2.78        4         4 
	   Disk (KB)            : 36204    10485760  12008214 
	   Memory (MB)          :  1043        8000      8000 

	Job terminated of its own accord at 2021-07-17T03:10:13Z.
...
