000 (5415472.192.000) 07/11 14:02:29 Job submitted from host: <137.138.156.150:9618?addrs=137.138.156.150-9618+[2001-1458-d00-14--9a]-9618&alias=bigbird13.cern.ch&noUDP&sock=schedd_1788_ff6c>
...
040 (5415472.192.000) 07/11 14:16:46 Started transferring input files
	Transferring to host: <128.142.58.162:9618?addrs=128.142.58.162-9618+[2001-1458-301-16--100-a1]-9618&alias=b7s03p1831.cern.ch&noUDP&sock=slot1_43_6734_764b_2186>
...
040 (5415472.192.000) 07/11 14:16:46 Finished transferring input files
...
001 (5415472.192.000) 07/11 14:16:47 Job executing on host: <128.142.58.162:9618?addrs=128.142.58.162-9618+[2001-1458-301-16--100-a1]-9618&alias=b7s03p1831.cern.ch&noUDP&sock=startd_6277_1410>
...
006 (5415472.192.000) 07/11 14:16:56 Image size of job updated: 75920
	43  -  MemoryUsage of job (MB)
	43820  -  ResidentSetSize of job (KB)
...
006 (5415472.192.000) 07/11 14:21:57 Image size of job updated: 1591076
	1004  -  MemoryUsage of job (MB)
	1027512  -  ResidentSetSize of job (KB)
...
006 (5415472.192.000) 07/12 23:35:29 Image size of job updated: 1592056
	1005  -  MemoryUsage of job (MB)
	1028200  -  ResidentSetSize of job (KB)
...
006 (5415472.192.000) 07/13 00:15:35 Image size of job updated: 1592964
	1005  -  MemoryUsage of job (MB)
	1029108  -  ResidentSetSize of job (KB)
...
006 (5415472.192.000) 07/13 00:55:38 Image size of job updated: 1593868
	1006  -  MemoryUsage of job (MB)
	1030012  -  ResidentSetSize of job (KB)
...
006 (5415472.192.000) 07/13 01:35:41 Image size of job updated: 1594776
	1007  -  MemoryUsage of job (MB)
	1030920  -  ResidentSetSize of job (KB)
...
006 (5415472.192.000) 07/13 02:15:47 Image size of job updated: 1595680
	1008  -  MemoryUsage of job (MB)
	1031824  -  ResidentSetSize of job (KB)
...
006 (5415472.192.000) 07/13 02:55:52 Image size of job updated: 1596584
	1009  -  MemoryUsage of job (MB)
	1032728  -  ResidentSetSize of job (KB)
...
006 (5415472.192.000) 07/13 03:30:55 Image size of job updated: 1597492
	1010  -  MemoryUsage of job (MB)
	1033636  -  ResidentSetSize of job (KB)
...
006 (5415472.192.000) 07/13 04:11:00 Image size of job updated: 1598396
	1011  -  MemoryUsage of job (MB)
	1034536  -  ResidentSetSize of job (KB)
...
006 (5415472.192.000) 07/13 04:51:07 Image size of job updated: 1599304
	1012  -  MemoryUsage of job (MB)
	1035328  -  ResidentSetSize of job (KB)
...
006 (5415472.192.000) 07/13 05:31:12 Image size of job updated: 1600208
	1012  -  MemoryUsage of job (MB)
	1036232  -  ResidentSetSize of job (KB)
...
006 (5415472.192.000) 07/13 06:06:17 Image size of job updated: 1601112
	1013  -  MemoryUsage of job (MB)
	1037108  -  ResidentSetSize of job (KB)
...
006 (5415472.192.000) 07/13 06:46:19 Image size of job updated: 1602020
	1014  -  MemoryUsage of job (MB)
	1038016  -  ResidentSetSize of job (KB)
...
006 (5415472.192.000) 07/13 07:26:24 Image size of job updated: 1602924
	1015  -  MemoryUsage of job (MB)
	1038880  -  ResidentSetSize of job (KB)
...
006 (5415472.192.000) 07/13 08:06:26 Image size of job updated: 1602924
	1016  -  MemoryUsage of job (MB)
	1039788  -  ResidentSetSize of job (KB)
...
006 (5415472.192.000) 07/13 08:11:26 Image size of job updated: 1603832
	1016  -  MemoryUsage of job (MB)
	1039788  -  ResidentSetSize of job (KB)
...
006 (5415472.192.000) 07/13 08:51:29 Image size of job updated: 1604736
	1017  -  MemoryUsage of job (MB)
	1040692  -  ResidentSetSize of job (KB)
...
006 (5415472.192.000) 07/13 09:31:33 Image size of job updated: 1605640
	1018  -  MemoryUsage of job (MB)
	1041596  -  ResidentSetSize of job (KB)
...
006 (5415472.192.000) 07/13 10:16:35 Image size of job updated: 1606548
	1019  -  MemoryUsage of job (MB)
	1042504  -  ResidentSetSize of job (KB)
...
006 (5415472.192.000) 07/13 10:56:39 Image size of job updated: 1607452
	1019  -  MemoryUsage of job (MB)
	1043404  -  ResidentSetSize of job (KB)
...
006 (5415472.192.000) 07/13 11:36:43 Image size of job updated: 1608360
	1020  -  MemoryUsage of job (MB)
	1044312  -  ResidentSetSize of job (KB)
...
006 (5415472.192.000) 07/13 12:16:47 Image size of job updated: 1609264
	1021  -  MemoryUsage of job (MB)
	1045216  -  ResidentSetSize of job (KB)
...
006 (5415472.192.000) 07/13 12:56:52 Image size of job updated: 1610168
	1022  -  MemoryUsage of job (MB)
	1046120  -  ResidentSetSize of job (KB)
...
006 (5415472.192.000) 07/13 13:16:54 Image size of job updated: 1613240
	1024  -  MemoryUsage of job (MB)
	1047676  -  ResidentSetSize of job (KB)
...
006 (5415472.192.000) 07/13 13:41:56 Image size of job updated: 1613240
	1024  -  MemoryUsage of job (MB)
	1047688  -  ResidentSetSize of job (KB)
...
006 (5415472.192.000) 07/13 14:01:57 Image size of job updated: 1613240
	1024  -  MemoryUsage of job (MB)
	1047700  -  ResidentSetSize of job (KB)
...
006 (5415472.192.000) 07/13 14:16:58 Image size of job updated: 1613240
	1025  -  MemoryUsage of job (MB)
	1048608  -  ResidentSetSize of job (KB)
...
006 (5415472.192.000) 07/13 14:21:58 Image size of job updated: 1614148
	1025  -  MemoryUsage of job (MB)
	1048620  -  ResidentSetSize of job (KB)
...
006 (5415472.192.000) 07/13 14:47:03 Image size of job updated: 1614148
	1025  -  MemoryUsage of job (MB)
	1048632  -  ResidentSetSize of job (KB)
...
006 (5415472.192.000) 07/13 15:02:05 Image size of job updated: 1615052
	1025  -  MemoryUsage of job (MB)
	1049536  -  ResidentSetSize of job (KB)
...
006 (5415472.192.000) 07/13 15:07:06 Image size of job updated: 1615052
	1025  -  MemoryUsage of job (MB)
	1049548  -  ResidentSetSize of job (KB)
...
006 (5415472.192.000) 07/13 15:27:09 Image size of job updated: 1615052
	1025  -  MemoryUsage of job (MB)
	1049552  -  ResidentSetSize of job (KB)
...
006 (5415472.192.000) 07/13 15:32:09 Image size of job updated: 1615052
	1025  -  MemoryUsage of job (MB)
	1049560  -  ResidentSetSize of job (KB)
...
006 (5415472.192.000) 07/13 15:42:11 Image size of job updated: 1615960
	1026  -  MemoryUsage of job (MB)
	1050468  -  ResidentSetSize of job (KB)
...
006 (5415472.192.000) 07/13 15:52:13 Image size of job updated: 1615960
	1026  -  MemoryUsage of job (MB)
	1050480  -  ResidentSetSize of job (KB)
...
006 (5415472.192.000) 07/13 16:12:15 Image size of job updated: 1615960
	1026  -  MemoryUsage of job (MB)
	1050492  -  ResidentSetSize of job (KB)
...
006 (5415472.192.000) 07/13 16:22:16 Image size of job updated: 1616864
	1027  -  MemoryUsage of job (MB)
	1051396  -  ResidentSetSize of job (KB)
...
006 (5415472.192.000) 07/13 16:32:17 Image size of job updated: 1616864
	1027  -  MemoryUsage of job (MB)
	1051408  -  ResidentSetSize of job (KB)
...
006 (5415472.192.000) 07/13 16:52:21 Image size of job updated: 1616864
	1027  -  MemoryUsage of job (MB)
	1051420  -  ResidentSetSize of job (KB)
...
006 (5415472.192.000) 07/13 17:02:22 Image size of job updated: 1617772
	1028  -  MemoryUsage of job (MB)
	1052328  -  ResidentSetSize of job (KB)
...
006 (5415472.192.000) 07/13 17:17:23 Image size of job updated: 1617772
	1028  -  MemoryUsage of job (MB)
	1052336  -  ResidentSetSize of job (KB)
...
006 (5415472.192.000) 07/13 17:36:53 Image size of job updated: 1617772
	1028  -  MemoryUsage of job (MB)
	1052348  -  ResidentSetSize of job (KB)
...
006 (5415472.192.000) 07/13 17:41:53 Image size of job updated: 1622300
	1033  -  MemoryUsage of job (MB)
	1056876  -  ResidentSetSize of job (KB)
...
006 (5415472.192.000) 07/13 17:56:55 Image size of job updated: 1622300
	1033  -  MemoryUsage of job (MB)
	1056888  -  ResidentSetSize of job (KB)
...
006 (5415472.192.000) 07/13 18:16:58 Image size of job updated: 1622300
	1033  -  MemoryUsage of job (MB)
	1056900  -  ResidentSetSize of job (KB)
...
006 (5415472.192.000) 07/13 18:42:02 Image size of job updated: 1622300
	1033  -  MemoryUsage of job (MB)
	1056912  -  ResidentSetSize of job (KB)
...
006 (5415472.192.000) 07/13 19:02:05 Image size of job updated: 1622300
	1033  -  MemoryUsage of job (MB)
	1056924  -  ResidentSetSize of job (KB)
...
006 (5415472.192.000) 07/13 19:22:07 Image size of job updated: 1622300
	1033  -  MemoryUsage of job (MB)
	1056936  -  ResidentSetSize of job (KB)
...
006 (5415472.192.000) 07/13 19:42:09 Image size of job updated: 1622300
	1033  -  MemoryUsage of job (MB)
	1056948  -  ResidentSetSize of job (KB)
...
006 (5415472.192.000) 07/13 20:02:10 Image size of job updated: 1622300
	1033  -  MemoryUsage of job (MB)
	1056960  -  ResidentSetSize of job (KB)
...
006 (5415472.192.000) 07/13 20:22:11 Image size of job updated: 1622300
	1033  -  MemoryUsage of job (MB)
	1056972  -  ResidentSetSize of job (KB)
...
006 (5415472.192.000) 07/13 20:42:14 Image size of job updated: 1622300
	1033  -  MemoryUsage of job (MB)
	1056984  -  ResidentSetSize of job (KB)
...
006 (5415472.192.000) 07/13 21:02:15 Image size of job updated: 1622300
	1033  -  MemoryUsage of job (MB)
	1056996  -  ResidentSetSize of job (KB)
...
006 (5415472.192.000) 07/13 21:22:18 Image size of job updated: 1622300
	1033  -  MemoryUsage of job (MB)
	1057008  -  ResidentSetSize of job (KB)
...
007 (5415472.192.000) 07/14 17:48:03 Shadow exception!
	Assertion ERROR on (result)
	0  -  Run Bytes Sent By Job
	803  -  Run Bytes Received By Job
...
040 (5415472.192.000) 07/14 21:26:11 Started transferring input files
	Transferring to host: <128.142.78.37:9618?addrs=128.142.78.37-9618+[2001-1458-301-f4--100-5d]-9618&alias=b7s12n6921.cern.ch&noUDP&sock=slot1_5_7525_cb0b_70229>
...
040 (5415472.192.000) 07/14 21:26:24 Finished transferring input files
...
001 (5415472.192.000) 07/14 21:26:34 Job executing on host: <128.142.78.37:9618?addrs=128.142.78.37-9618+[2001-1458-301-f4--100-5d]-9618&alias=b7s12n6921.cern.ch&noUDP&sock=startd_4880_da42>
...
040 (5415472.192.000) 07/21 00:10:10 Started transferring output files
...
040 (5415472.192.000) 07/21 00:10:10 Finished transferring output files
...
005 (5415472.192.000) 07/21 00:10:10 Job terminated.
	(1) Normal termination (return value 0)
		Usr 18 11:25:35, Sys 0 00:04:03  -  Run Remote Usage
		Usr 0 00:00:00, Sys 0 00:00:00  -  Run Local Usage
		Usr 28 04:23:18, Sys 0 00:15:53  -  Total Remote Usage
		Usr 0 00:00:00, Sys 0 00:00:00  -  Total Local Usage
	96429  -  Run Bytes Sent By Job
	803  -  Run Bytes Received By Job
	96429  -  Total Bytes Sent By Job
	1606  -  Total Bytes Received By Job
	Partitionable Resources :    Usage  Request Allocated 
	   Cpus                 :     3.09        4         4 
	   Disk (KB)            :   122    10485760  10742970 
	   Memory (MB)          :  1221        8000      8000 

	Job terminated of its own accord at 2021-07-20T22:10:10Z.
...
