000 (5415472.251.000) 07/11 14:02:29 Job submitted from host: <137.138.156.150:9618?addrs=137.138.156.150-9618+[2001-1458-d00-14--9a]-9618&alias=bigbird13.cern.ch&noUDP&sock=schedd_1788_ff6c>
...
040 (5415472.251.000) 07/11 14:25:59 Started transferring input files
	Transferring to host: <128.142.81.144:9618?addrs=128.142.81.144-9618+[2001-1458-301-f5--100-4f7]-9618&alias=b7s13n5673.cern.ch&noUDP&sock=slot1_3_5319_7771_61194>
...
040 (5415472.251.000) 07/11 14:25:59 Finished transferring input files
...
001 (5415472.251.000) 07/11 14:26:00 Job executing on host: <128.142.81.144:9618?addrs=128.142.81.144-9618+[2001-1458-301-f5--100-4f7]-9618&alias=b7s13n5673.cern.ch&noUDP&sock=startd_3999_8f52>
...
006 (5415472.251.000) 07/11 14:26:08 Image size of job updated: 88424
	55  -  MemoryUsage of job (MB)
	55316  -  ResidentSetSize of job (KB)
...
006 (5415472.251.000) 07/11 14:31:09 Image size of job updated: 1591012
	1004  -  MemoryUsage of job (MB)
	1027448  -  ResidentSetSize of job (KB)
...
006 (5415472.251.000) 07/13 15:27:24 Image size of job updated: 1591996
	1005  -  MemoryUsage of job (MB)
	1028348  -  ResidentSetSize of job (KB)
...
006 (5415472.251.000) 07/13 16:37:32 Image size of job updated: 1592900
	1006  -  MemoryUsage of job (MB)
	1029252  -  ResidentSetSize of job (KB)
...
006 (5415472.251.000) 07/13 17:44:42 Image size of job updated: 1593808
	1007  -  MemoryUsage of job (MB)
	1030160  -  ResidentSetSize of job (KB)
...
006 (5415472.251.000) 07/13 18:54:53 Image size of job updated: 1594712
	1007  -  MemoryUsage of job (MB)
	1031064  -  ResidentSetSize of job (KB)
...
006 (5415472.251.000) 07/13 20:00:01 Image size of job updated: 1595616
	1008  -  MemoryUsage of job (MB)
	1031968  -  ResidentSetSize of job (KB)
...
006 (5415472.251.000) 07/13 21:10:08 Image size of job updated: 1596524
	1009  -  MemoryUsage of job (MB)
	1032876  -  ResidentSetSize of job (KB)
...
006 (5415472.251.000) 07/13 22:25:16 Image size of job updated: 1597428
	1010  -  MemoryUsage of job (MB)
	1033780  -  ResidentSetSize of job (KB)
...
006 (5415472.251.000) 07/13 23:35:24 Image size of job updated: 1598336
	1011  -  MemoryUsage of job (MB)
	1034688  -  ResidentSetSize of job (KB)
...
006 (5415472.251.000) 07/14 00:45:31 Image size of job updated: 1599240
	1012  -  MemoryUsage of job (MB)
	1035592  -  ResidentSetSize of job (KB)
...
006 (5415472.251.000) 07/14 01:55:38 Image size of job updated: 1600148
	1013  -  MemoryUsage of job (MB)
	1036500  -  ResidentSetSize of job (KB)
...
006 (5415472.251.000) 07/14 03:05:45 Image size of job updated: 1601052
	1014  -  MemoryUsage of job (MB)
	1037404  -  ResidentSetSize of job (KB)
...
006 (5415472.251.000) 07/14 04:10:53 Image size of job updated: 1601956
	1014  -  MemoryUsage of job (MB)
	1038308  -  ResidentSetSize of job (KB)
...
006 (5415472.251.000) 07/14 05:11:00 Image size of job updated: 1602864
	1015  -  MemoryUsage of job (MB)
	1039216  -  ResidentSetSize of job (KB)
...
006 (5415472.251.000) 07/14 06:11:05 Image size of job updated: 1602864
	1016  -  MemoryUsage of job (MB)
	1040120  -  ResidentSetSize of job (KB)
...
006 (5415472.251.000) 07/14 06:16:05 Image size of job updated: 1603768
	1016  -  MemoryUsage of job (MB)
	1040120  -  ResidentSetSize of job (KB)
...
006 (5415472.251.000) 07/14 07:16:13 Image size of job updated: 1604676
	1017  -  MemoryUsage of job (MB)
	1041028  -  ResidentSetSize of job (KB)
...
006 (5415472.251.000) 07/14 08:16:19 Image size of job updated: 1605580
	1018  -  MemoryUsage of job (MB)
	1041908  -  ResidentSetSize of job (KB)
...
006 (5415472.251.000) 07/14 09:21:29 Image size of job updated: 1605580
	1019  -  MemoryUsage of job (MB)
	1042812  -  ResidentSetSize of job (KB)
...
006 (5415472.251.000) 07/14 09:26:29 Image size of job updated: 1606484
	1019  -  MemoryUsage of job (MB)
	1042812  -  ResidentSetSize of job (KB)
...
006 (5415472.251.000) 07/14 10:26:35 Image size of job updated: 1607392
	1020  -  MemoryUsage of job (MB)
	1043720  -  ResidentSetSize of job (KB)
...
006 (5415472.251.000) 07/14 11:21:41 Image size of job updated: 1608296
	1021  -  MemoryUsage of job (MB)
	1044624  -  ResidentSetSize of job (KB)
...
006 (5415472.251.000) 07/14 12:16:45 Image size of job updated: 1609204
	1022  -  MemoryUsage of job (MB)
	1045532  -  ResidentSetSize of job (KB)
...
006 (5415472.251.000) 07/14 13:16:51 Image size of job updated: 1610108
	1022  -  MemoryUsage of job (MB)
	1046436  -  ResidentSetSize of job (KB)
...
006 (5415472.251.000) 07/14 13:46:53 Image size of job updated: 1613180
	1024  -  MemoryUsage of job (MB)
	1047984  -  ResidentSetSize of job (KB)
...
006 (5415472.251.000) 07/14 13:56:53 Image size of job updated: 1613180
	1024  -  MemoryUsage of job (MB)
	1047996  -  ResidentSetSize of job (KB)
...
040 (5415472.251.000) 07/14 14:16:00 Started transferring output files
...
040 (5415472.251.000) 07/14 14:16:00 Finished transferring output files
...
004 (5415472.251.000) 07/14 14:16:00 Job was evicted.
	(0) CPU times
		Usr 8 16:37:38, Sys 0 00:01:59  -  Run Remote Usage
		Usr 0 00:00:00, Sys 0 00:00:00  -  Run Local Usage
	96188  -  Run Bytes Sent By Job
	803  -  Run Bytes Received By Job
	Partitionable Resources :    Usage  Request Allocated 
	   Cpus                 :     2.97        4         4 
	   Disk (KB)            :   120    10485760  10846591 
	   Memory (MB)          :  1024        8000      8000 
...
040 (5415472.251.000) 07/14 21:26:26 Started transferring input files
	Transferring to host: <188.184.169.197:9618?addrs=188.184.169.197-9618+[2001-1458-301-c0--100-39e]-9618&alias=b7g52n1893.cern.ch&noUDP&sock=slot1_1_5495_7979_70621>
...
040 (5415472.251.000) 07/14 21:27:46 Finished transferring input files
...
001 (5415472.251.000) 07/14 21:28:24 Job executing on host: <188.184.169.197:9618?addrs=188.184.169.197-9618+[2001-1458-301-c0--100-39e]-9618&alias=b7g52n1893.cern.ch&noUDP&sock=startd_4269_c1e4>
...
