000 (5415472.379.000) 07/11 14:02:29 Job submitted from host: <137.138.156.150:9618?addrs=137.138.156.150-9618+[2001-1458-d00-14--9a]-9618&alias=bigbird13.cern.ch&noUDP&sock=schedd_1788_ff6c>
...
040 (5415472.379.000) 07/11 16:03:50 Started transferring input files
	Transferring to host: <128.142.82.248:9618?addrs=128.142.82.248-9618+[2001-1458-301-f5--100-115]-9618&alias=b7s13n3700.cern.ch&noUDP&sock=slot1_9_5429_f8b6_59642>
...
040 (5415472.379.000) 07/11 16:03:50 Finished transferring input files
...
001 (5415472.379.000) 07/11 16:03:51 Job executing on host: <128.142.82.248:9618?addrs=128.142.82.248-9618+[2001-1458-301-f5--100-115]-9618&alias=b7s13n3700.cern.ch&noUDP&sock=startd_4343_83e6>
...
006 (5415472.379.000) 07/11 16:03:59 Image size of job updated: 98772
	38  -  MemoryUsage of job (MB)
	38524  -  ResidentSetSize of job (KB)
...
006 (5415472.379.000) 07/11 16:08:59 Image size of job updated: 1590932
	1004  -  MemoryUsage of job (MB)
	1027376  -  ResidentSetSize of job (KB)
...
006 (5415472.379.000) 07/13 20:48:12 Image size of job updated: 1591912
	1005  -  MemoryUsage of job (MB)
	1028280  -  ResidentSetSize of job (KB)
...
006 (5415472.379.000) 07/13 21:43:21 Image size of job updated: 1591912
	1006  -  MemoryUsage of job (MB)
	1029188  -  ResidentSetSize of job (KB)
...
006 (5415472.379.000) 07/13 21:48:21 Image size of job updated: 1592820
	1006  -  MemoryUsage of job (MB)
	1029188  -  ResidentSetSize of job (KB)
...
006 (5415472.379.000) 07/13 22:58:30 Image size of job updated: 1593724
	1006  -  MemoryUsage of job (MB)
	1030092  -  ResidentSetSize of job (KB)
...
006 (5415472.379.000) 07/14 00:13:42 Image size of job updated: 1594632
	1007  -  MemoryUsage of job (MB)
	1031000  -  ResidentSetSize of job (KB)
...
006 (5415472.379.000) 07/14 01:28:48 Image size of job updated: 1595536
	1008  -  MemoryUsage of job (MB)
	1031904  -  ResidentSetSize of job (KB)
...
006 (5415472.379.000) 07/14 02:38:53 Image size of job updated: 1596440
	1009  -  MemoryUsage of job (MB)
	1032808  -  ResidentSetSize of job (KB)
...
006 (5415472.379.000) 07/14 03:54:02 Image size of job updated: 1597348
	1010  -  MemoryUsage of job (MB)
	1033716  -  ResidentSetSize of job (KB)
...
006 (5415472.379.000) 07/14 04:54:07 Image size of job updated: 1598252
	1011  -  MemoryUsage of job (MB)
	1034620  -  ResidentSetSize of job (KB)
...
006 (5415472.379.000) 07/14 05:44:13 Image size of job updated: 1599160
	1012  -  MemoryUsage of job (MB)
	1035528  -  ResidentSetSize of job (KB)
...
006 (5415472.379.000) 07/14 06:34:19 Image size of job updated: 1600064
	1013  -  MemoryUsage of job (MB)
	1036432  -  ResidentSetSize of job (KB)
...
006 (5415472.379.000) 07/14 07:24:25 Image size of job updated: 1600972
	1014  -  MemoryUsage of job (MB)
	1037340  -  ResidentSetSize of job (KB)
...
006 (5415472.379.000) 07/14 08:24:32 Image size of job updated: 1601876
	1014  -  MemoryUsage of job (MB)
	1038244  -  ResidentSetSize of job (KB)
...
006 (5415472.379.000) 07/14 09:34:40 Image size of job updated: 1602780
	1015  -  MemoryUsage of job (MB)
	1039148  -  ResidentSetSize of job (KB)
...
006 (5415472.379.000) 07/14 10:39:48 Image size of job updated: 1603688
	1016  -  MemoryUsage of job (MB)
	1040056  -  ResidentSetSize of job (KB)
...
006 (5415472.379.000) 07/14 11:54:54 Image size of job updated: 1604592
	1017  -  MemoryUsage of job (MB)
	1040960  -  ResidentSetSize of job (KB)
...
006 (5415472.379.000) 07/14 13:05:00 Image size of job updated: 1605500
	1018  -  MemoryUsage of job (MB)
	1041868  -  ResidentSetSize of job (KB)
...
006 (5415472.379.000) 07/14 14:15:08 Image size of job updated: 1606404
	1019  -  MemoryUsage of job (MB)
	1042772  -  ResidentSetSize of job (KB)
...
006 (5415472.379.000) 07/14 15:25:15 Image size of job updated: 1607308
	1020  -  MemoryUsage of job (MB)
	1043676  -  ResidentSetSize of job (KB)
...
006 (5415472.379.000) 07/14 16:30:21 Image size of job updated: 1608216
	1021  -  MemoryUsage of job (MB)
	1044584  -  ResidentSetSize of job (KB)
...
006 (5415472.379.000) 07/14 17:30:28 Image size of job updated: 1609120
	1021  -  MemoryUsage of job (MB)
	1045488  -  ResidentSetSize of job (KB)
...
006 (5415472.379.000) 07/14 18:25:36 Image size of job updated: 1610028
	1022  -  MemoryUsage of job (MB)
	1046396  -  ResidentSetSize of job (KB)
...
006 (5415472.379.000) 07/14 18:50:38 Image size of job updated: 1613100
	1024  -  MemoryUsage of job (MB)
	1047944  -  ResidentSetSize of job (KB)
...
006 (5415472.379.000) 07/14 19:20:41 Image size of job updated: 1613100
	1024  -  MemoryUsage of job (MB)
	1047956  -  ResidentSetSize of job (KB)
...
006 (5415472.379.000) 07/14 19:50:45 Image size of job updated: 1613100
	1024  -  MemoryUsage of job (MB)
	1047968  -  ResidentSetSize of job (KB)
...
006 (5415472.379.000) 07/14 20:15:47 Image size of job updated: 1614004
	1025  -  MemoryUsage of job (MB)
	1048880  -  ResidentSetSize of job (KB)
...
006 (5415472.379.000) 07/14 20:20:48 Image size of job updated: 1614004
	1025  -  MemoryUsage of job (MB)
	1048884  -  ResidentSetSize of job (KB)
...
006 (5415472.379.000) 07/14 20:55:53 Image size of job updated: 1614004
	1025  -  MemoryUsage of job (MB)
	1048896  -  ResidentSetSize of job (KB)
...
007 (5415472.379.000) 07/14 21:05:14 Shadow exception!
	Assertion ERROR on (result)
	0  -  Run Bytes Sent By Job
	803  -  Run Bytes Received By Job
...
