000 (5415472.040.000) 07/11 14:02:28 Job submitted from host: <137.138.156.150:9618?addrs=137.138.156.150-9618+[2001-1458-d00-14--9a]-9618&alias=bigbird13.cern.ch&noUDP&sock=schedd_1788_ff6c>
...
040 (5415472.040.000) 07/11 14:03:29 Started transferring input files
	Transferring to host: <128.142.58.82:9618?addrs=128.142.58.82-9618+[2001-1458-301-16--100-51]-9618&alias=b7s03p6442.cern.ch&noUDP&sock=slot1_19_6644_0c87_2209>
...
040 (5415472.040.000) 07/11 14:03:29 Finished transferring input files
...
001 (5415472.040.000) 07/11 14:03:30 Job executing on host: <128.142.58.82:9618?addrs=128.142.58.82-9618+[2001-1458-301-16--100-51]-9618&alias=b7s03p6442.cern.ch&noUDP&sock=startd_6188_0822>
...
006 (5415472.040.000) 07/11 14:03:38 Image size of job updated: 105176
	43  -  MemoryUsage of job (MB)
	43820  -  ResidentSetSize of job (KB)
...
006 (5415472.040.000) 07/11 14:08:39 Image size of job updated: 1590936
	1004  -  MemoryUsage of job (MB)
	1027376  -  ResidentSetSize of job (KB)
...
006 (5415472.040.000) 07/12 18:01:32 Image size of job updated: 1590936
	1004  -  MemoryUsage of job (MB)
	1027380  -  ResidentSetSize of job (KB)
...
006 (5415472.040.000) 07/12 21:56:54 Image size of job updated: 1591916
	1005  -  MemoryUsage of job (MB)
	1028280  -  ResidentSetSize of job (KB)
...
006 (5415472.040.000) 07/12 22:36:59 Image size of job updated: 1592824
	1006  -  MemoryUsage of job (MB)
	1029188  -  ResidentSetSize of job (KB)
...
006 (5415472.040.000) 07/12 23:17:04 Image size of job updated: 1593728
	1006  -  MemoryUsage of job (MB)
	1030092  -  ResidentSetSize of job (KB)
...
006 (5415472.040.000) 07/12 23:52:07 Image size of job updated: 1594636
	1007  -  MemoryUsage of job (MB)
	1031000  -  ResidentSetSize of job (KB)
...
006 (5415472.040.000) 07/13 00:32:13 Image size of job updated: 1595540
	1008  -  MemoryUsage of job (MB)
	1031904  -  ResidentSetSize of job (KB)
...
006 (5415472.040.000) 07/13 01:12:16 Image size of job updated: 1596444
	1009  -  MemoryUsage of job (MB)
	1032808  -  ResidentSetSize of job (KB)
...
006 (5415472.040.000) 07/13 01:57:22 Image size of job updated: 1597352
	1010  -  MemoryUsage of job (MB)
	1033716  -  ResidentSetSize of job (KB)
...
006 (5415472.040.000) 07/13 02:37:26 Image size of job updated: 1598256
	1011  -  MemoryUsage of job (MB)
	1034620  -  ResidentSetSize of job (KB)
...
006 (5415472.040.000) 07/13 03:17:29 Image size of job updated: 1599164
	1012  -  MemoryUsage of job (MB)
	1035528  -  ResidentSetSize of job (KB)
...
006 (5415472.040.000) 07/13 03:57:31 Image size of job updated: 1600068
	1013  -  MemoryUsage of job (MB)
	1036432  -  ResidentSetSize of job (KB)
...
006 (5415472.040.000) 07/13 04:37:36 Image size of job updated: 1600972
	1014  -  MemoryUsage of job (MB)
	1037336  -  ResidentSetSize of job (KB)
...
006 (5415472.040.000) 07/13 05:17:39 Image size of job updated: 1601880
	1014  -  MemoryUsage of job (MB)
	1038244  -  ResidentSetSize of job (KB)
...
006 (5415472.040.000) 07/13 05:57:42 Image size of job updated: 1602784
	1015  -  MemoryUsage of job (MB)
	1039148  -  ResidentSetSize of job (KB)
...
006 (5415472.040.000) 07/13 06:32:45 Image size of job updated: 1602784
	1016  -  MemoryUsage of job (MB)
	1040056  -  ResidentSetSize of job (KB)
...
006 (5415472.040.000) 07/13 06:37:46 Image size of job updated: 1603692
	1016  -  MemoryUsage of job (MB)
	1040056  -  ResidentSetSize of job (KB)
...
006 (5415472.040.000) 07/13 07:17:50 Image size of job updated: 1604596
	1017  -  MemoryUsage of job (MB)
	1040960  -  ResidentSetSize of job (KB)
...
006 (5415472.040.000) 07/13 07:57:56 Image size of job updated: 1605504
	1018  -  MemoryUsage of job (MB)
	1041868  -  ResidentSetSize of job (KB)
...
006 (5415472.040.000) 07/13 08:42:57 Image size of job updated: 1606408
	1019  -  MemoryUsage of job (MB)
	1042772  -  ResidentSetSize of job (KB)
...
006 (5415472.040.000) 07/13 09:27:59 Image size of job updated: 1607312
	1020  -  MemoryUsage of job (MB)
	1043676  -  ResidentSetSize of job (KB)
...
006 (5415472.040.000) 07/13 10:13:04 Image size of job updated: 1608220
	1021  -  MemoryUsage of job (MB)
	1044584  -  ResidentSetSize of job (KB)
...
006 (5415472.040.000) 07/13 10:58:30 Image size of job updated: 1609124
	1021  -  MemoryUsage of job (MB)
	1045488  -  ResidentSetSize of job (KB)
...
006 (5415472.040.000) 07/13 11:43:26 Image size of job updated: 1610032
	1022  -  MemoryUsage of job (MB)
	1046396  -  ResidentSetSize of job (KB)
...
006 (5415472.040.000) 07/13 12:02:35 Image size of job updated: 1613104
	1024  -  MemoryUsage of job (MB)
	1047944  -  ResidentSetSize of job (KB)
...
006 (5415472.040.000) 07/13 12:17:35 Image size of job updated: 1613104
	1024  -  MemoryUsage of job (MB)
	1047956  -  ResidentSetSize of job (KB)
...
006 (5415472.040.000) 07/13 12:42:39 Image size of job updated: 1613104
	1024  -  MemoryUsage of job (MB)
	1047968  -  ResidentSetSize of job (KB)
...
006 (5415472.040.000) 07/13 13:02:41 Image size of job updated: 1614008
	1025  -  MemoryUsage of job (MB)
	1048884  -  ResidentSetSize of job (KB)
...
006 (5415472.040.000) 07/13 13:27:44 Image size of job updated: 1614008
	1025  -  MemoryUsage of job (MB)
	1048896  -  ResidentSetSize of job (KB)
...
006 (5415472.040.000) 07/13 13:42:45 Image size of job updated: 1614912
	1026  -  MemoryUsage of job (MB)
	1049800  -  ResidentSetSize of job (KB)
...
006 (5415472.040.000) 07/13 13:47:45 Image size of job updated: 1614912
	1026  -  MemoryUsage of job (MB)
	1049812  -  ResidentSetSize of job (KB)
...
006 (5415472.040.000) 07/13 14:07:48 Image size of job updated: 1614912
	1026  -  MemoryUsage of job (MB)
	1049824  -  ResidentSetSize of job (KB)
...
006 (5415472.040.000) 07/13 14:27:50 Image size of job updated: 1615820
	1027  -  MemoryUsage of job (MB)
	1050732  -  ResidentSetSize of job (KB)
...
006 (5415472.040.000) 07/13 14:32:51 Image size of job updated: 1615820
	1027  -  MemoryUsage of job (MB)
	1050744  -  ResidentSetSize of job (KB)
...
006 (5415472.040.000) 07/13 14:52:54 Image size of job updated: 1615820
	1027  -  MemoryUsage of job (MB)
	1050756  -  ResidentSetSize of job (KB)
...
006 (5415472.040.000) 07/13 15:07:55 Image size of job updated: 1616724
	1028  -  MemoryUsage of job (MB)
	1051660  -  ResidentSetSize of job (KB)
...
006 (5415472.040.000) 07/13 15:12:56 Image size of job updated: 1616724
	1028  -  MemoryUsage of job (MB)
	1051672  -  ResidentSetSize of job (KB)
...
006 (5415472.040.000) 07/13 15:32:59 Image size of job updated: 1616724
	1028  -  MemoryUsage of job (MB)
	1051684  -  ResidentSetSize of job (KB)
...
006 (5415472.040.000) 07/13 15:43:01 Image size of job updated: 1617632
	1028  -  MemoryUsage of job (MB)
	1052592  -  ResidentSetSize of job (KB)
...
006 (5415472.040.000) 07/13 15:53:04 Image size of job updated: 1617632
	1028  -  MemoryUsage of job (MB)
	1052604  -  ResidentSetSize of job (KB)
...
006 (5415472.040.000) 07/13 16:18:06 Image size of job updated: 1617632
	1028  -  MemoryUsage of job (MB)
	1052616  -  ResidentSetSize of job (KB)
...
006 (5415472.040.000) 07/13 16:23:07 Image size of job updated: 1618536
	1029  -  MemoryUsage of job (MB)
	1053520  -  ResidentSetSize of job (KB)
...
006 (5415472.040.000) 07/13 16:38:07 Image size of job updated: 1618536
	1029  -  MemoryUsage of job (MB)
	1053532  -  ResidentSetSize of job (KB)
...
006 (5415472.040.000) 07/13 16:58:11 Image size of job updated: 1618536
	1029  -  MemoryUsage of job (MB)
	1053544  -  ResidentSetSize of job (KB)
...
006 (5415472.040.000) 07/13 17:03:11 Image size of job updated: 1619440
	1030  -  MemoryUsage of job (MB)
	1054448  -  ResidentSetSize of job (KB)
...
006 (5415472.040.000) 07/13 17:23:12 Image size of job updated: 1619440
	1030  -  MemoryUsage of job (MB)
	1054460  -  ResidentSetSize of job (KB)
...
006 (5415472.040.000) 07/13 17:43:14 Image size of job updated: 1620348
	1031  -  MemoryUsage of job (MB)
	1055380  -  ResidentSetSize of job (KB)
...
006 (5415472.040.000) 07/13 18:03:16 Image size of job updated: 1620348
	1031  -  MemoryUsage of job (MB)
	1055392  -  ResidentSetSize of job (KB)
...
006 (5415472.040.000) 07/13 18:23:18 Image size of job updated: 1624876
	1036  -  MemoryUsage of job (MB)
	1059932  -  ResidentSetSize of job (KB)
...
006 (5415472.040.000) 07/13 18:48:20 Image size of job updated: 1624876
	1036  -  MemoryUsage of job (MB)
	1059944  -  ResidentSetSize of job (KB)
...
006 (5415472.040.000) 07/13 19:08:23 Image size of job updated: 1624876
	1036  -  MemoryUsage of job (MB)
	1059956  -  ResidentSetSize of job (KB)
...
006 (5415472.040.000) 07/13 19:28:24 Image size of job updated: 1624876
	1036  -  MemoryUsage of job (MB)
	1059968  -  ResidentSetSize of job (KB)
...
006 (5415472.040.000) 07/13 19:48:27 Image size of job updated: 1624876
	1036  -  MemoryUsage of job (MB)
	1059980  -  ResidentSetSize of job (KB)
...
006 (5415472.040.000) 07/13 20:13:30 Image size of job updated: 1624876
	1036  -  MemoryUsage of job (MB)
	1059992  -  ResidentSetSize of job (KB)
...
006 (5415472.040.000) 07/13 20:33:33 Image size of job updated: 1624876
	1036  -  MemoryUsage of job (MB)
	1060004  -  ResidentSetSize of job (KB)
...
006 (5415472.040.000) 07/13 20:53:35 Image size of job updated: 1624876
	1036  -  MemoryUsage of job (MB)
	1060016  -  ResidentSetSize of job (KB)
...
006 (5415472.040.000) 07/13 21:13:38 Image size of job updated: 1624876
	1036  -  MemoryUsage of job (MB)
	1060028  -  ResidentSetSize of job (KB)
...
006 (5415472.040.000) 07/13 21:33:41 Image size of job updated: 1624876
	1036  -  MemoryUsage of job (MB)
	1060040  -  ResidentSetSize of job (KB)
...
006 (5415472.040.000) 07/13 21:53:44 Image size of job updated: 1624876
	1036  -  MemoryUsage of job (MB)
	1060052  -  ResidentSetSize of job (KB)
...
006 (5415472.040.000) 07/13 22:18:45 Image size of job updated: 1624876
	1036  -  MemoryUsage of job (MB)
	1060064  -  ResidentSetSize of job (KB)
...
006 (5415472.040.000) 07/13 22:38:48 Image size of job updated: 1624876
	1036  -  MemoryUsage of job (MB)
	1060076  -  ResidentSetSize of job (KB)
...
006 (5415472.040.000) 07/13 23:03:50 Image size of job updated: 1624876
	1036  -  MemoryUsage of job (MB)
	1060088  -  ResidentSetSize of job (KB)
...
006 (5415472.040.000) 07/13 23:23:52 Image size of job updated: 1624876
	1036  -  MemoryUsage of job (MB)
	1060100  -  ResidentSetSize of job (KB)
...
006 (5415472.040.000) 07/13 23:48:55 Image size of job updated: 1624876
	1036  -  MemoryUsage of job (MB)
	1060112  -  ResidentSetSize of job (KB)
...
006 (5415472.040.000) 07/14 00:08:57 Image size of job updated: 1624876
	1036  -  MemoryUsage of job (MB)
	1060124  -  ResidentSetSize of job (KB)
...
006 (5415472.040.000) 07/14 00:29:00 Image size of job updated: 1624876
	1036  -  MemoryUsage of job (MB)
	1060136  -  ResidentSetSize of job (KB)
...
006 (5415472.040.000) 07/14 00:54:02 Image size of job updated: 1624876
	1036  -  MemoryUsage of job (MB)
	1060148  -  ResidentSetSize of job (KB)
...
006 (5415472.040.000) 07/14 01:14:05 Image size of job updated: 1624876
	1036  -  MemoryUsage of job (MB)
	1060160  -  ResidentSetSize of job (KB)
...
006 (5415472.040.000) 07/14 01:34:08 Image size of job updated: 1624876
	1036  -  MemoryUsage of job (MB)
	1060172  -  ResidentSetSize of job (KB)
...
006 (5415472.040.000) 07/14 01:54:10 Image size of job updated: 1624876
	1036  -  MemoryUsage of job (MB)
	1060184  -  ResidentSetSize of job (KB)
...
006 (5415472.040.000) 07/14 02:14:13 Image size of job updated: 1624876
	1036  -  MemoryUsage of job (MB)
	1060196  -  ResidentSetSize of job (KB)
...
006 (5415472.040.000) 07/14 02:34:13 Image size of job updated: 1624876
	1036  -  MemoryUsage of job (MB)
	1060208  -  ResidentSetSize of job (KB)
...
006 (5415472.040.000) 07/14 02:54:17 Image size of job updated: 1624876
	1036  -  MemoryUsage of job (MB)
	1060220  -  ResidentSetSize of job (KB)
...
006 (5415472.040.000) 07/14 03:14:18 Image size of job updated: 1624876
	1036  -  MemoryUsage of job (MB)
	1060232  -  ResidentSetSize of job (KB)
...
006 (5415472.040.000) 07/14 03:34:19 Image size of job updated: 1624876
	1036  -  MemoryUsage of job (MB)
	1060244  -  ResidentSetSize of job (KB)
...
006 (5415472.040.000) 07/14 03:59:23 Image size of job updated: 1624876
	1036  -  MemoryUsage of job (MB)
	1060256  -  ResidentSetSize of job (KB)
...
006 (5415472.040.000) 07/14 04:19:25 Image size of job updated: 1624876
	1036  -  MemoryUsage of job (MB)
	1060268  -  ResidentSetSize of job (KB)
...
006 (5415472.040.000) 07/14 04:44:27 Image size of job updated: 1624876
	1036  -  MemoryUsage of job (MB)
	1060280  -  ResidentSetSize of job (KB)
...
006 (5415472.040.000) 07/14 05:04:27 Image size of job updated: 1624876
	1036  -  MemoryUsage of job (MB)
	1060292  -  ResidentSetSize of job (KB)
...
006 (5415472.040.000) 07/14 05:29:29 Image size of job updated: 1624876
	1036  -  MemoryUsage of job (MB)
	1060304  -  ResidentSetSize of job (KB)
...
006 (5415472.040.000) 07/14 05:49:31 Image size of job updated: 1624876
	1036  -  MemoryUsage of job (MB)
	1060316  -  ResidentSetSize of job (KB)
...
006 (5415472.040.000) 07/14 06:14:33 Image size of job updated: 1624876
	1036  -  MemoryUsage of job (MB)
	1060328  -  ResidentSetSize of job (KB)
...
006 (5415472.040.000) 07/14 06:39:36 Image size of job updated: 1624876
	1036  -  MemoryUsage of job (MB)
	1060340  -  ResidentSetSize of job (KB)
...
006 (5415472.040.000) 07/14 06:59:38 Image size of job updated: 1624876
	1036  -  MemoryUsage of job (MB)
	1060352  -  ResidentSetSize of job (KB)
...
006 (5415472.040.000) 07/14 07:24:40 Image size of job updated: 1624876
	1036  -  MemoryUsage of job (MB)
	1060364  -  ResidentSetSize of job (KB)
...
006 (5415472.040.000) 07/14 07:44:41 Image size of job updated: 1624876
	1036  -  MemoryUsage of job (MB)
	1060376  -  ResidentSetSize of job (KB)
...
006 (5415472.040.000) 07/14 08:09:41 Image size of job updated: 1624876
	1036  -  MemoryUsage of job (MB)
	1060388  -  ResidentSetSize of job (KB)
...
006 (5415472.040.000) 07/14 08:29:43 Image size of job updated: 1624876
	1036  -  MemoryUsage of job (MB)
	1060400  -  ResidentSetSize of job (KB)
...
006 (5415472.040.000) 07/14 08:49:46 Image size of job updated: 1624876
	1036  -  MemoryUsage of job (MB)
	1060412  -  ResidentSetSize of job (KB)
...
006 (5415472.040.000) 07/14 09:09:48 Image size of job updated: 1624876
	1036  -  MemoryUsage of job (MB)
	1060416  -  ResidentSetSize of job (KB)
...
006 (5415472.040.000) 07/14 09:14:49 Image size of job updated: 1624876
	1036  -  MemoryUsage of job (MB)
	1060424  -  ResidentSetSize of job (KB)
...
006 (5415472.040.000) 07/14 09:29:50 Image size of job updated: 1624876
	1036  -  MemoryUsage of job (MB)
	1060436  -  ResidentSetSize of job (KB)
...
006 (5415472.040.000) 07/14 09:54:53 Image size of job updated: 1624876
	1036  -  MemoryUsage of job (MB)
	1060448  -  ResidentSetSize of job (KB)
...
006 (5415472.040.000) 07/14 10:14:54 Image size of job updated: 1624876
	1036  -  MemoryUsage of job (MB)
	1060460  -  ResidentSetSize of job (KB)
...
006 (5415472.040.000) 07/14 10:34:56 Image size of job updated: 1624876
	1036  -  MemoryUsage of job (MB)
	1060472  -  ResidentSetSize of job (KB)
...
006 (5415472.040.000) 07/14 10:59:59 Image size of job updated: 1624876
	1036  -  MemoryUsage of job (MB)
	1060484  -  ResidentSetSize of job (KB)
...
006 (5415472.040.000) 07/14 11:20:02 Image size of job updated: 1624876
	1036  -  MemoryUsage of job (MB)
	1060496  -  ResidentSetSize of job (KB)
...
006 (5415472.040.000) 07/14 11:40:03 Image size of job updated: 1624876
	1036  -  MemoryUsage of job (MB)
	1060508  -  ResidentSetSize of job (KB)
...
006 (5415472.040.000) 07/14 12:00:05 Image size of job updated: 1624876
	1036  -  MemoryUsage of job (MB)
	1060520  -  ResidentSetSize of job (KB)
...
006 (5415472.040.000) 07/14 12:20:07 Image size of job updated: 1624876
	1036  -  MemoryUsage of job (MB)
	1060532  -  ResidentSetSize of job (KB)
...
006 (5415472.040.000) 07/14 12:40:09 Image size of job updated: 1624876
	1036  -  MemoryUsage of job (MB)
	1060544  -  ResidentSetSize of job (KB)
...
006 (5415472.040.000) 07/14 12:55:11 Image size of job updated: 1624876
	1036  -  MemoryUsage of job (MB)
	1060556  -  ResidentSetSize of job (KB)
...
006 (5415472.040.000) 07/14 13:20:12 Image size of job updated: 1624876
	1036  -  MemoryUsage of job (MB)
	1060568  -  ResidentSetSize of job (KB)
...
006 (5415472.040.000) 07/14 13:40:14 Image size of job updated: 1624876
	1036  -  MemoryUsage of job (MB)
	1060580  -  ResidentSetSize of job (KB)
...
006 (5415472.040.000) 07/14 14:00:16 Image size of job updated: 1624876
	1036  -  MemoryUsage of job (MB)
	1060592  -  ResidentSetSize of job (KB)
...
006 (5415472.040.000) 07/14 14:20:18 Image size of job updated: 1624876
	1036  -  MemoryUsage of job (MB)
	1060604  -  ResidentSetSize of job (KB)
...
006 (5415472.040.000) 07/14 14:45:22 Image size of job updated: 1624876
	1036  -  MemoryUsage of job (MB)
	1060616  -  ResidentSetSize of job (KB)
...
006 (5415472.040.000) 07/14 15:05:23 Image size of job updated: 1624876
	1036  -  MemoryUsage of job (MB)
	1060628  -  ResidentSetSize of job (KB)
...
006 (5415472.040.000) 07/14 15:25:26 Image size of job updated: 1624876
	1036  -  MemoryUsage of job (MB)
	1060640  -  ResidentSetSize of job (KB)
...
006 (5415472.040.000) 07/14 15:50:30 Image size of job updated: 1624876
	1036  -  MemoryUsage of job (MB)
	1060652  -  ResidentSetSize of job (KB)
...
006 (5415472.040.000) 07/14 16:10:32 Image size of job updated: 1624876
	1036  -  MemoryUsage of job (MB)
	1060664  -  ResidentSetSize of job (KB)
...
006 (5415472.040.000) 07/14 16:30:34 Image size of job updated: 1624876
	1036  -  MemoryUsage of job (MB)
	1060676  -  ResidentSetSize of job (KB)
...
006 (5415472.040.000) 07/14 16:55:36 Image size of job updated: 1624876
	1036  -  MemoryUsage of job (MB)
	1060688  -  ResidentSetSize of job (KB)
...
006 (5415472.040.000) 07/14 17:15:38 Image size of job updated: 1624876
	1036  -  MemoryUsage of job (MB)
	1060700  -  ResidentSetSize of job (KB)
...
006 (5415472.040.000) 07/14 17:35:41 Image size of job updated: 1624876
	1036  -  MemoryUsage of job (MB)
	1060712  -  ResidentSetSize of job (KB)
...
006 (5415472.040.000) 07/14 18:00:44 Image size of job updated: 1624876
	1036  -  MemoryUsage of job (MB)
	1060724  -  ResidentSetSize of job (KB)
...
006 (5415472.040.000) 07/14 18:20:46 Image size of job updated: 1624876
	1036  -  MemoryUsage of job (MB)
	1060736  -  ResidentSetSize of job (KB)
...
006 (5415472.040.000) 07/14 18:40:47 Image size of job updated: 1624876
	1036  -  MemoryUsage of job (MB)
	1060748  -  ResidentSetSize of job (KB)
...
006 (5415472.040.000) 07/14 19:05:50 Image size of job updated: 1624876
	1036  -  MemoryUsage of job (MB)
	1060760  -  ResidentSetSize of job (KB)
...
006 (5415472.040.000) 07/14 19:25:50 Image size of job updated: 1624876
	1036  -  MemoryUsage of job (MB)
	1060772  -  ResidentSetSize of job (KB)
...
006 (5415472.040.000) 07/14 19:45:52 Image size of job updated: 1624876
	1036  -  MemoryUsage of job (MB)
	1060784  -  ResidentSetSize of job (KB)
...
006 (5415472.040.000) 07/14 20:10:53 Image size of job updated: 1624876
	1036  -  MemoryUsage of job (MB)
	1060796  -  ResidentSetSize of job (KB)
...
006 (5415472.040.000) 07/14 20:30:55 Image size of job updated: 1624876
	1036  -  MemoryUsage of job (MB)
	1060808  -  ResidentSetSize of job (KB)
...
006 (5415472.040.000) 07/14 20:52:01 Image size of job updated: 1624876
	1036  -  MemoryUsage of job (MB)
	1060820  -  ResidentSetSize of job (KB)
...
007 (5415472.040.000) 07/14 21:05:57 Shadow exception!
	Assertion ERROR on (result)
	0  -  Run Bytes Sent By Job
	803  -  Run Bytes Received By Job
...
040 (5415472.040.000) 07/14 21:21:19 Started transferring input files
	Transferring to host: <128.142.80.56:9618?addrs=128.142.80.56-9618+[2001-1458-301-f5--100-53a]-9618&alias=b7s13n1905.cern.ch&noUDP&sock=slot1_10_14499_9b67_116513>
...
040 (5415472.040.000) 07/14 21:21:19 Finished transferring input files
...
001 (5415472.040.000) 07/14 21:21:20 Job executing on host: <128.142.80.56:9618?addrs=128.142.80.56-9618+[2001-1458-301-f5--100-53a]-9618&alias=b7s13n1905.cern.ch&noUDP&sock=startd_16617_7555>
...
040 (5415472.040.000) 07/20 12:19:33 Started transferring output files
...
040 (5415472.040.000) 07/20 12:19:33 Finished transferring output files
...
004 (5415472.040.000) 07/20 12:19:33 Job was evicted.
	(0) CPU times
		Usr 15 23:16:25, Sys 0 00:05:30  -  Run Remote Usage
		Usr 0 00:00:00, Sys 0 00:00:00  -  Run Local Usage
	96419  -  Run Bytes Sent By Job
	803  -  Run Bytes Received By Job
	Partitionable Resources :    Usage  Request Allocated 
	   Cpus                 :     2.86        4         4 
	   Disk (KB)            :   122    10485760  10985635 
	   Memory (MB)          :  1221        8000      8000 
...
