000 (5415472.399.000) 07/11 14:02:29 Job submitted from host: <137.138.156.150:9618?addrs=137.138.156.150-9618+[2001-1458-d00-14--9a]-9618&alias=bigbird13.cern.ch&noUDP&sock=schedd_1788_ff6c>
...
040 (5415472.399.000) 07/11 16:03:56 Started transferring input files
	Transferring to host: <128.142.59.63:9618?addrs=128.142.59.63-9618+[2001-1458-301-21--100-3e]-9618&alias=b7s04p6101.cern.ch&noUDP&sock=slot1_2_7304_1422_2519>
...
040 (5415472.399.000) 07/11 16:03:56 Finished transferring input files
...
001 (5415472.399.000) 07/11 16:03:59 Job executing on host: <128.142.59.63:9618?addrs=128.142.59.63-9618+[2001-1458-301-21--100-3e]-9618&alias=b7s04p6101.cern.ch&noUDP&sock=startd_6844_fe43>
...
006 (5415472.399.000) 07/11 16:04:08 Image size of job updated: 106604
	45  -  MemoryUsage of job (MB)
	45616  -  ResidentSetSize of job (KB)
...
006 (5415472.399.000) 07/11 16:09:09 Image size of job updated: 1590876
	1004  -  MemoryUsage of job (MB)
	1027324  -  ResidentSetSize of job (KB)
...
006 (5415472.399.000) 07/12 02:40:17 Image size of job updated: 1590876
	1004  -  MemoryUsage of job (MB)
	1027360  -  ResidentSetSize of job (KB)
...
006 (5415472.399.000) 07/12 19:21:54 Image size of job updated: 1591856
	1005  -  MemoryUsage of job (MB)
	1028264  -  ResidentSetSize of job (KB)
...
006 (5415472.399.000) 07/12 20:02:01 Image size of job updated: 1592760
	1006  -  MemoryUsage of job (MB)
	1029168  -  ResidentSetSize of job (KB)
...
006 (5415472.399.000) 07/12 20:42:04 Image size of job updated: 1593668
	1006  -  MemoryUsage of job (MB)
	1030076  -  ResidentSetSize of job (KB)
...
006 (5415472.399.000) 07/12 21:17:05 Image size of job updated: 1594572
	1007  -  MemoryUsage of job (MB)
	1030980  -  ResidentSetSize of job (KB)
...
006 (5415472.399.000) 07/12 21:47:09 Image size of job updated: 1595480
	1008  -  MemoryUsage of job (MB)
	1031888  -  ResidentSetSize of job (KB)
...
006 (5415472.399.000) 07/12 22:22:13 Image size of job updated: 1596384
	1009  -  MemoryUsage of job (MB)
	1032792  -  ResidentSetSize of job (KB)
...
006 (5415472.399.000) 07/12 22:52:17 Image size of job updated: 1597288
	1010  -  MemoryUsage of job (MB)
	1033696  -  ResidentSetSize of job (KB)
...
006 (5415472.399.000) 07/12 23:22:18 Image size of job updated: 1598196
	1011  -  MemoryUsage of job (MB)
	1034604  -  ResidentSetSize of job (KB)
...
006 (5415472.399.000) 07/12 23:52:19 Image size of job updated: 1599100
	1012  -  MemoryUsage of job (MB)
	1035508  -  ResidentSetSize of job (KB)
...
006 (5415472.399.000) 07/13 00:22:23 Image size of job updated: 1600008
	1013  -  MemoryUsage of job (MB)
	1036416  -  ResidentSetSize of job (KB)
...
006 (5415472.399.000) 07/13 00:57:27 Image size of job updated: 1600912
	1014  -  MemoryUsage of job (MB)
	1037320  -  ResidentSetSize of job (KB)
...
006 (5415472.399.000) 07/13 01:27:30 Image size of job updated: 1601820
	1014  -  MemoryUsage of job (MB)
	1038228  -  ResidentSetSize of job (KB)
...
006 (5415472.399.000) 07/13 01:57:32 Image size of job updated: 1602724
	1015  -  MemoryUsage of job (MB)
	1039132  -  ResidentSetSize of job (KB)
...
006 (5415472.399.000) 07/13 02:32:35 Image size of job updated: 1603628
	1016  -  MemoryUsage of job (MB)
	1040036  -  ResidentSetSize of job (KB)
...
006 (5415472.399.000) 07/13 03:07:38 Image size of job updated: 1604536
	1017  -  MemoryUsage of job (MB)
	1040944  -  ResidentSetSize of job (KB)
...
006 (5415472.399.000) 07/13 03:47:43 Image size of job updated: 1605440
	1018  -  MemoryUsage of job (MB)
	1041848  -  ResidentSetSize of job (KB)
...
006 (5415472.399.000) 07/13 04:27:46 Image size of job updated: 1606348
	1019  -  MemoryUsage of job (MB)
	1042756  -  ResidentSetSize of job (KB)
...
006 (5415472.399.000) 07/13 05:07:51 Image size of job updated: 1607252
	1020  -  MemoryUsage of job (MB)
	1043660  -  ResidentSetSize of job (KB)
...
006 (5415472.399.000) 07/13 05:47:56 Image size of job updated: 1608156
	1021  -  MemoryUsage of job (MB)
	1044564  -  ResidentSetSize of job (KB)
...
006 (5415472.399.000) 07/13 06:28:00 Image size of job updated: 1609064
	1021  -  MemoryUsage of job (MB)
	1045472  -  ResidentSetSize of job (KB)
...
006 (5415472.399.000) 07/13 07:08:03 Image size of job updated: 1609968
	1022  -  MemoryUsage of job (MB)
	1046376  -  ResidentSetSize of job (KB)
...
006 (5415472.399.000) 07/13 07:28:05 Image size of job updated: 1613040
	1024  -  MemoryUsage of job (MB)
	1047924  -  ResidentSetSize of job (KB)
...
006 (5415472.399.000) 07/13 07:33:06 Image size of job updated: 1613040
	1024  -  MemoryUsage of job (MB)
	1047936  -  ResidentSetSize of job (KB)
...
006 (5415472.399.000) 07/13 07:58:09 Image size of job updated: 1613040
	1024  -  MemoryUsage of job (MB)
	1047948  -  ResidentSetSize of job (KB)
...
006 (5415472.399.000) 07/13 08:18:12 Image size of job updated: 1613040
	1024  -  MemoryUsage of job (MB)
	1047960  -  ResidentSetSize of job (KB)
...
006 (5415472.399.000) 07/13 08:33:12 Image size of job updated: 1613948
	1025  -  MemoryUsage of job (MB)
	1048868  -  ResidentSetSize of job (KB)
...
006 (5415472.399.000) 07/13 08:43:15 Image size of job updated: 1613948
	1025  -  MemoryUsage of job (MB)
	1048880  -  ResidentSetSize of job (KB)
...
006 (5415472.399.000) 07/13 09:08:19 Image size of job updated: 1613948
	1025  -  MemoryUsage of job (MB)
	1048892  -  ResidentSetSize of job (KB)
...
006 (5415472.399.000) 07/13 09:18:21 Image size of job updated: 1614852
	1026  -  MemoryUsage of job (MB)
	1049796  -  ResidentSetSize of job (KB)
...
006 (5415472.399.000) 07/13 09:33:23 Image size of job updated: 1614852
	1026  -  MemoryUsage of job (MB)
	1049808  -  ResidentSetSize of job (KB)
...
006 (5415472.399.000) 07/13 09:53:24 Image size of job updated: 1614852
	1026  -  MemoryUsage of job (MB)
	1049820  -  ResidentSetSize of job (KB)
...
006 (5415472.399.000) 07/13 09:58:25 Image size of job updated: 1615756
	1027  -  MemoryUsage of job (MB)
	1050724  -  ResidentSetSize of job (KB)
...
006 (5415472.399.000) 07/13 10:18:27 Image size of job updated: 1615756
	1027  -  MemoryUsage of job (MB)
	1050736  -  ResidentSetSize of job (KB)
...
006 (5415472.399.000) 07/13 10:38:30 Image size of job updated: 1616664
	1028  -  MemoryUsage of job (MB)
	1051656  -  ResidentSetSize of job (KB)
...
006 (5415472.399.000) 07/13 10:58:33 Image size of job updated: 1616664
	1028  -  MemoryUsage of job (MB)
	1051668  -  ResidentSetSize of job (KB)
...
006 (5415472.399.000) 07/13 11:18:36 Image size of job updated: 1616664
	1028  -  MemoryUsage of job (MB)
	1051680  -  ResidentSetSize of job (KB)
...
006 (5415472.399.000) 07/13 11:25:07 Image size of job updated: 1617568
	1028  -  MemoryUsage of job (MB)
	1052584  -  ResidentSetSize of job (KB)
...
006 (5415472.399.000) 07/13 11:44:43 Image size of job updated: 1617568
	1028  -  MemoryUsage of job (MB)
	1052596  -  ResidentSetSize of job (KB)
...
006 (5415472.399.000) 07/13 11:59:44 Image size of job updated: 1618476
	1029  -  MemoryUsage of job (MB)
	1053516  -  ResidentSetSize of job (KB)
...
006 (5415472.399.000) 07/13 12:19:46 Image size of job updated: 1618476
	1029  -  MemoryUsage of job (MB)
	1053528  -  ResidentSetSize of job (KB)
...
006 (5415472.399.000) 07/13 12:39:47 Image size of job updated: 1619380
	1030  -  MemoryUsage of job (MB)
	1054444  -  ResidentSetSize of job (KB)
...
006 (5415472.399.000) 07/13 12:59:50 Image size of job updated: 1619380
	1030  -  MemoryUsage of job (MB)
	1054456  -  ResidentSetSize of job (KB)
...
006 (5415472.399.000) 07/13 13:14:52 Image size of job updated: 1620284
	1031  -  MemoryUsage of job (MB)
	1055360  -  ResidentSetSize of job (KB)
...
006 (5415472.399.000) 07/13 13:19:53 Image size of job updated: 1620284
	1031  -  MemoryUsage of job (MB)
	1055372  -  ResidentSetSize of job (KB)
...
006 (5415472.399.000) 07/13 13:44:55 Image size of job updated: 1620284
	1031  -  MemoryUsage of job (MB)
	1055384  -  ResidentSetSize of job (KB)
...
006 (5415472.399.000) 07/13 14:04:57 Image size of job updated: 1621192
	1032  -  MemoryUsage of job (MB)
	1056292  -  ResidentSetSize of job (KB)
...
006 (5415472.399.000) 07/13 14:09:57 Image size of job updated: 1621192
	1032  -  MemoryUsage of job (MB)
	1056304  -  ResidentSetSize of job (KB)
...
006 (5415472.399.000) 07/13 14:34:57 Image size of job updated: 1621192
	1032  -  MemoryUsage of job (MB)
	1056316  -  ResidentSetSize of job (KB)
...
006 (5415472.399.000) 07/13 14:44:58 Image size of job updated: 1622096
	1033  -  MemoryUsage of job (MB)
	1057220  -  ResidentSetSize of job (KB)
...
006 (5415472.399.000) 07/13 14:54:58 Image size of job updated: 1622096
	1033  -  MemoryUsage of job (MB)
	1057232  -  ResidentSetSize of job (KB)
...
006 (5415472.399.000) 07/13 15:15:00 Image size of job updated: 1622096
	1033  -  MemoryUsage of job (MB)
	1057244  -  ResidentSetSize of job (KB)
...
006 (5415472.399.000) 07/13 15:20:01 Image size of job updated: 1623004
	1034  -  MemoryUsage of job (MB)
	1058152  -  ResidentSetSize of job (KB)
...
006 (5415472.399.000) 07/13 15:35:03 Image size of job updated: 1623004
	1034  -  MemoryUsage of job (MB)
	1058164  -  ResidentSetSize of job (KB)
...
006 (5415472.399.000) 07/13 15:55:04 Image size of job updated: 1623004
	1034  -  MemoryUsage of job (MB)
	1058176  -  ResidentSetSize of job (KB)
...
006 (5415472.399.000) 07/13 16:00:05 Image size of job updated: 1623908
	1035  -  MemoryUsage of job (MB)
	1059080  -  ResidentSetSize of job (KB)
...
006 (5415472.399.000) 07/13 16:15:05 Image size of job updated: 1623908
	1035  -  MemoryUsage of job (MB)
	1059092  -  ResidentSetSize of job (KB)
...
006 (5415472.399.000) 07/13 16:30:06 Image size of job updated: 1623908
	1035  -  MemoryUsage of job (MB)
	1059104  -  ResidentSetSize of job (KB)
...
006 (5415472.399.000) 07/13 16:35:07 Image size of job updated: 1624816
	1036  -  MemoryUsage of job (MB)
	1060012  -  ResidentSetSize of job (KB)
...
006 (5415472.399.000) 07/13 16:55:09 Image size of job updated: 1624816
	1036  -  MemoryUsage of job (MB)
	1060024  -  ResidentSetSize of job (KB)
...
006 (5415472.399.000) 07/13 17:15:11 Image size of job updated: 1624816
	1037  -  MemoryUsage of job (MB)
	1060940  -  ResidentSetSize of job (KB)
...
006 (5415472.399.000) 07/13 17:20:12 Image size of job updated: 1625720
	1037  -  MemoryUsage of job (MB)
	1060940  -  ResidentSetSize of job (KB)
...
006 (5415472.399.000) 07/13 17:41:07 Image size of job updated: 1625720
	1037  -  MemoryUsage of job (MB)
	1060952  -  ResidentSetSize of job (KB)
...
006 (5415472.399.000) 07/13 18:01:09 Image size of job updated: 1626624
	1037  -  MemoryUsage of job (MB)
	1061868  -  ResidentSetSize of job (KB)
...
006 (5415472.399.000) 07/13 18:26:11 Image size of job updated: 1626624
	1037  -  MemoryUsage of job (MB)
	1061880  -  ResidentSetSize of job (KB)
...
006 (5415472.399.000) 07/13 18:46:12 Image size of job updated: 1627532
	1038  -  MemoryUsage of job (MB)
	1062800  -  ResidentSetSize of job (KB)
...
006 (5415472.399.000) 07/13 19:06:15 Image size of job updated: 1627532
	1038  -  MemoryUsage of job (MB)
	1062812  -  ResidentSetSize of job (KB)
...
006 (5415472.399.000) 07/13 19:21:18 Image size of job updated: 1628436
	1039  -  MemoryUsage of job (MB)
	1063716  -  ResidentSetSize of job (KB)
...
006 (5415472.399.000) 07/13 19:26:19 Image size of job updated: 1628436
	1039  -  MemoryUsage of job (MB)
	1063728  -  ResidentSetSize of job (KB)
...
006 (5415472.399.000) 07/13 19:51:20 Image size of job updated: 1628436
	1039  -  MemoryUsage of job (MB)
	1063740  -  ResidentSetSize of job (KB)
...
006 (5415472.399.000) 07/13 20:01:21 Image size of job updated: 1629344
	1040  -  MemoryUsage of job (MB)
	1064648  -  ResidentSetSize of job (KB)
...
006 (5415472.399.000) 07/13 20:11:22 Image size of job updated: 1629344
	1040  -  MemoryUsage of job (MB)
	1064660  -  ResidentSetSize of job (KB)
...
006 (5415472.399.000) 07/13 20:36:22 Image size of job updated: 1629344
	1040  -  MemoryUsage of job (MB)
	1064672  -  ResidentSetSize of job (KB)
...
006 (5415472.399.000) 07/13 20:46:22 Image size of job updated: 1630248
	1041  -  MemoryUsage of job (MB)
	1065576  -  ResidentSetSize of job (KB)
...
006 (5415472.399.000) 07/13 21:01:24 Image size of job updated: 1630248
	1041  -  MemoryUsage of job (MB)
	1065588  -  ResidentSetSize of job (KB)
...
006 (5415472.399.000) 07/13 21:21:27 Image size of job updated: 1630248
	1041  -  MemoryUsage of job (MB)
	1065600  -  ResidentSetSize of job (KB)
...
006 (5415472.399.000) 07/13 21:31:29 Image size of job updated: 1631152
	1042  -  MemoryUsage of job (MB)
	1066504  -  ResidentSetSize of job (KB)
...
006 (5415472.399.000) 07/13 21:46:31 Image size of job updated: 1631152
	1042  -  MemoryUsage of job (MB)
	1066516  -  ResidentSetSize of job (KB)
...
006 (5415472.399.000) 07/13 22:06:34 Image size of job updated: 1631152
	1042  -  MemoryUsage of job (MB)
	1066528  -  ResidentSetSize of job (KB)
...
006 (5415472.399.000) 07/13 22:11:35 Image size of job updated: 1632060
	1043  -  MemoryUsage of job (MB)
	1067436  -  ResidentSetSize of job (KB)
...
006 (5415472.399.000) 07/13 22:31:39 Image size of job updated: 1632060
	1043  -  MemoryUsage of job (MB)
	1067448  -  ResidentSetSize of job (KB)
...
006 (5415472.399.000) 07/13 22:56:42 Image size of job updated: 1632964
	1044  -  MemoryUsage of job (MB)
	1068364  -  ResidentSetSize of job (KB)
...
006 (5415472.399.000) 07/13 23:16:44 Image size of job updated: 1632964
	1044  -  MemoryUsage of job (MB)
	1068376  -  ResidentSetSize of job (KB)
...
006 (5415472.399.000) 07/13 23:36:47 Image size of job updated: 1633872
	1045  -  MemoryUsage of job (MB)
	1069296  -  ResidentSetSize of job (KB)
...
006 (5415472.399.000) 07/14 00:01:50 Image size of job updated: 1633872
	1045  -  MemoryUsage of job (MB)
	1069308  -  ResidentSetSize of job (KB)
...
006 (5415472.399.000) 07/14 00:21:53 Image size of job updated: 1634776
	1046  -  MemoryUsage of job (MB)
	1070224  -  ResidentSetSize of job (KB)
...
006 (5415472.399.000) 07/14 00:46:56 Image size of job updated: 1634776
	1046  -  MemoryUsage of job (MB)
	1070236  -  ResidentSetSize of job (KB)
...
006 (5415472.399.000) 07/14 01:02:04 Image size of job updated: 1635680
	1047  -  MemoryUsage of job (MB)
	1071140  -  ResidentSetSize of job (KB)
...
006 (5415472.399.000) 07/14 01:07:00 Image size of job updated: 1635680
	1047  -  MemoryUsage of job (MB)
	1071152  -  ResidentSetSize of job (KB)
...
006 (5415472.399.000) 07/14 01:32:02 Image size of job updated: 1635680
	1047  -  MemoryUsage of job (MB)
	1071164  -  ResidentSetSize of job (KB)
...
006 (5415472.399.000) 07/14 01:47:03 Image size of job updated: 1640212
	1051  -  MemoryUsage of job (MB)
	1075696  -  ResidentSetSize of job (KB)
...
006 (5415472.399.000) 07/14 01:57:04 Image size of job updated: 1640212
	1051  -  MemoryUsage of job (MB)
	1075708  -  ResidentSetSize of job (KB)
...
006 (5415472.399.000) 07/14 02:17:06 Image size of job updated: 1640212
	1051  -  MemoryUsage of job (MB)
	1075720  -  ResidentSetSize of job (KB)
...
006 (5415472.399.000) 07/14 02:42:09 Image size of job updated: 1640212
	1051  -  MemoryUsage of job (MB)
	1075732  -  ResidentSetSize of job (KB)
...
006 (5415472.399.000) 07/14 03:07:12 Image size of job updated: 1640212
	1051  -  MemoryUsage of job (MB)
	1075744  -  ResidentSetSize of job (KB)
...
006 (5415472.399.000) 07/14 03:27:15 Image size of job updated: 1640212
	1051  -  MemoryUsage of job (MB)
	1075756  -  ResidentSetSize of job (KB)
...
006 (5415472.399.000) 07/14 03:57:16 Image size of job updated: 1640212
	1051  -  MemoryUsage of job (MB)
	1075768  -  ResidentSetSize of job (KB)
...
006 (5415472.399.000) 07/14 04:17:18 Image size of job updated: 1640212
	1051  -  MemoryUsage of job (MB)
	1075780  -  ResidentSetSize of job (KB)
...
006 (5415472.399.000) 07/14 04:37:20 Image size of job updated: 1640212
	1051  -  MemoryUsage of job (MB)
	1075788  -  ResidentSetSize of job (KB)
...
006 (5415472.399.000) 07/14 04:42:21 Image size of job updated: 1640212
	1051  -  MemoryUsage of job (MB)
	1075792  -  ResidentSetSize of job (KB)
...
006 (5415472.399.000) 07/14 05:02:23 Image size of job updated: 1640212
	1051  -  MemoryUsage of job (MB)
	1075804  -  ResidentSetSize of job (KB)
...
006 (5415472.399.000) 07/14 05:27:26 Image size of job updated: 1640212
	1051  -  MemoryUsage of job (MB)
	1075816  -  ResidentSetSize of job (KB)
...
006 (5415472.399.000) 07/14 05:47:28 Image size of job updated: 1640212
	1051  -  MemoryUsage of job (MB)
	1075828  -  ResidentSetSize of job (KB)
...
006 (5415472.399.000) 07/14 06:12:29 Image size of job updated: 1640212
	1051  -  MemoryUsage of job (MB)
	1075840  -  ResidentSetSize of job (KB)
...
006 (5415472.399.000) 07/14 06:32:33 Image size of job updated: 1640212
	1051  -  MemoryUsage of job (MB)
	1075852  -  ResidentSetSize of job (KB)
...
006 (5415472.399.000) 07/14 06:57:35 Image size of job updated: 1640212
	1051  -  MemoryUsage of job (MB)
	1075864  -  ResidentSetSize of job (KB)
...
006 (5415472.399.000) 07/14 07:17:37 Image size of job updated: 1640212
	1051  -  MemoryUsage of job (MB)
	1075876  -  ResidentSetSize of job (KB)
...
006 (5415472.399.000) 07/14 07:37:40 Image size of job updated: 1640212
	1051  -  MemoryUsage of job (MB)
	1075880  -  ResidentSetSize of job (KB)
...
006 (5415472.399.000) 07/14 07:42:40 Image size of job updated: 1640212
	1051  -  MemoryUsage of job (MB)
	1075888  -  ResidentSetSize of job (KB)
...
006 (5415472.399.000) 07/14 08:02:42 Image size of job updated: 1640212
	1051  -  MemoryUsage of job (MB)
	1075900  -  ResidentSetSize of job (KB)
...
006 (5415472.399.000) 07/14 08:22:43 Image size of job updated: 1640212
	1051  -  MemoryUsage of job (MB)
	1075912  -  ResidentSetSize of job (KB)
...
006 (5415472.399.000) 07/14 08:42:45 Image size of job updated: 1640212
	1051  -  MemoryUsage of job (MB)
	1075916  -  ResidentSetSize of job (KB)
...
006 (5415472.399.000) 07/14 08:47:46 Image size of job updated: 1640212
	1051  -  MemoryUsage of job (MB)
	1075924  -  ResidentSetSize of job (KB)
...
006 (5415472.399.000) 07/14 09:07:48 Image size of job updated: 1640212
	1051  -  MemoryUsage of job (MB)
	1075936  -  ResidentSetSize of job (KB)
...
006 (5415472.399.000) 07/14 09:27:49 Image size of job updated: 1640212
	1051  -  MemoryUsage of job (MB)
	1075948  -  ResidentSetSize of job (KB)
...
006 (5415472.399.000) 07/14 09:47:50 Image size of job updated: 1640212
	1051  -  MemoryUsage of job (MB)
	1075960  -  ResidentSetSize of job (KB)
...
006 (5415472.399.000) 07/14 10:07:52 Image size of job updated: 1640212
	1051  -  MemoryUsage of job (MB)
	1075972  -  ResidentSetSize of job (KB)
...
006 (5415472.399.000) 07/14 10:32:55 Image size of job updated: 1640212
	1051  -  MemoryUsage of job (MB)
	1075984  -  ResidentSetSize of job (KB)
...
006 (5415472.399.000) 07/14 10:52:58 Image size of job updated: 1640212
	1051  -  MemoryUsage of job (MB)
	1075996  -  ResidentSetSize of job (KB)
...
006 (5415472.399.000) 07/14 11:13:00 Image size of job updated: 1640212
	1051  -  MemoryUsage of job (MB)
	1076008  -  ResidentSetSize of job (KB)
...
006 (5415472.399.000) 07/14 11:33:00 Image size of job updated: 1640212
	1051  -  MemoryUsage of job (MB)
	1076020  -  ResidentSetSize of job (KB)
...
006 (5415472.399.000) 07/14 11:58:03 Image size of job updated: 1640212
	1051  -  MemoryUsage of job (MB)
	1076032  -  ResidentSetSize of job (KB)
...
006 (5415472.399.000) 07/14 12:18:05 Image size of job updated: 1640212
	1051  -  MemoryUsage of job (MB)
	1076044  -  ResidentSetSize of job (KB)
...
006 (5415472.399.000) 07/14 12:38:08 Image size of job updated: 1640212
	1051  -  MemoryUsage of job (MB)
	1076056  -  ResidentSetSize of job (KB)
...
006 (5415472.399.000) 07/14 12:58:10 Image size of job updated: 1640212
	1051  -  MemoryUsage of job (MB)
	1076068  -  ResidentSetSize of job (KB)
...
006 (5415472.399.000) 07/14 13:18:12 Image size of job updated: 1640212
	1051  -  MemoryUsage of job (MB)
	1076076  -  ResidentSetSize of job (KB)
...
006 (5415472.399.000) 07/14 13:23:12 Image size of job updated: 1640212
	1051  -  MemoryUsage of job (MB)
	1076080  -  ResidentSetSize of job (KB)
...
006 (5415472.399.000) 07/14 13:43:16 Image size of job updated: 1640212
	1051  -  MemoryUsage of job (MB)
	1076092  -  ResidentSetSize of job (KB)
...
006 (5415472.399.000) 07/14 14:03:17 Image size of job updated: 1640212
	1051  -  MemoryUsage of job (MB)
	1076104  -  ResidentSetSize of job (KB)
...
006 (5415472.399.000) 07/14 14:23:20 Image size of job updated: 1640212
	1051  -  MemoryUsage of job (MB)
	1076116  -  ResidentSetSize of job (KB)
...
006 (5415472.399.000) 07/14 14:48:22 Image size of job updated: 1640212
	1051  -  MemoryUsage of job (MB)
	1076128  -  ResidentSetSize of job (KB)
...
006 (5415472.399.000) 07/14 15:08:23 Image size of job updated: 1640212
	1051  -  MemoryUsage of job (MB)
	1076140  -  ResidentSetSize of job (KB)
...
006 (5415472.399.000) 07/14 15:28:25 Image size of job updated: 1640212
	1051  -  MemoryUsage of job (MB)
	1076152  -  ResidentSetSize of job (KB)
...
006 (5415472.399.000) 07/14 15:48:28 Image size of job updated: 1640212
	1051  -  MemoryUsage of job (MB)
	1076164  -  ResidentSetSize of job (KB)
...
006 (5415472.399.000) 07/14 16:13:30 Image size of job updated: 1640212
	1051  -  MemoryUsage of job (MB)
	1076176  -  ResidentSetSize of job (KB)
...
006 (5415472.399.000) 07/14 16:33:33 Image size of job updated: 1640212
	1051  -  MemoryUsage of job (MB)
	1076188  -  ResidentSetSize of job (KB)
...
006 (5415472.399.000) 07/14 16:53:34 Image size of job updated: 1640212
	1051  -  MemoryUsage of job (MB)
	1076200  -  ResidentSetSize of job (KB)
...
006 (5415472.399.000) 07/14 17:18:37 Image size of job updated: 1640212
	1051  -  MemoryUsage of job (MB)
	1076212  -  ResidentSetSize of job (KB)
...
006 (5415472.399.000) 07/14 17:38:38 Image size of job updated: 1640212
	1051  -  MemoryUsage of job (MB)
	1076224  -  ResidentSetSize of job (KB)
...
006 (5415472.399.000) 07/14 17:58:41 Image size of job updated: 1640212
	1052  -  MemoryUsage of job (MB)
	1076232  -  ResidentSetSize of job (KB)
...
006 (5415472.399.000) 07/14 18:03:42 Image size of job updated: 1640212
	1052  -  MemoryUsage of job (MB)
	1076236  -  ResidentSetSize of job (KB)
...
006 (5415472.399.000) 07/14 18:23:44 Image size of job updated: 1640212
	1052  -  MemoryUsage of job (MB)
	1076248  -  ResidentSetSize of job (KB)
...
006 (5415472.399.000) 07/14 18:43:45 Image size of job updated: 1640212
	1052  -  MemoryUsage of job (MB)
	1076260  -  ResidentSetSize of job (KB)
...
006 (5415472.399.000) 07/14 19:03:46 Image size of job updated: 1640212
	1052  -  MemoryUsage of job (MB)
	1076272  -  ResidentSetSize of job (KB)
...
006 (5415472.399.000) 07/14 19:23:48 Image size of job updated: 1640212
	1052  -  MemoryUsage of job (MB)
	1076284  -  ResidentSetSize of job (KB)
...
006 (5415472.399.000) 07/14 19:43:49 Image size of job updated: 1640212
	1052  -  MemoryUsage of job (MB)
	1076296  -  ResidentSetSize of job (KB)
...
006 (5415472.399.000) 07/14 20:03:51 Image size of job updated: 1640212
	1052  -  MemoryUsage of job (MB)
	1076308  -  ResidentSetSize of job (KB)
...
006 (5415472.399.000) 07/14 20:23:52 Image size of job updated: 1640212
	1052  -  MemoryUsage of job (MB)
	1076320  -  ResidentSetSize of job (KB)
...
006 (5415472.399.000) 07/14 20:48:54 Image size of job updated: 1640212
	1052  -  MemoryUsage of job (MB)
	1076332  -  ResidentSetSize of job (KB)
...
007 (5415472.399.000) 07/14 21:02:33 Shadow exception!
	Assertion ERROR on (result)
	0  -  Run Bytes Sent By Job
	803  -  Run Bytes Received By Job
...
