000 (5415472.487.000) 07/11 14:02:30 Job submitted from host: <137.138.156.150:9618?addrs=137.138.156.150-9618+[2001-1458-d00-14--9a]-9618&alias=bigbird13.cern.ch&noUDP&sock=schedd_1788_ff6c>
...
040 (5415472.487.000) 07/12 09:10:20 Started transferring input files
	Transferring to host: <128.142.58.94:9618?addrs=128.142.58.94-9618+[2001-1458-301-16--100-5d]-9618&alias=b7s03p3766.cern.ch&noUDP&sock=slot1_47_6741_64eb_2737>
...
040 (5415472.487.000) 07/12 09:10:20 Finished transferring input files
...
001 (5415472.487.000) 07/12 09:10:21 Job executing on host: <128.142.58.94:9618?addrs=128.142.58.94-9618+[2001-1458-301-16--100-5d]-9618&alias=b7s03p3766.cern.ch&noUDP&sock=startd_6158_744b>
...
006 (5415472.487.000) 07/12 09:10:30 Image size of job updated: 327512
	55  -  MemoryUsage of job (MB)
	55340  -  ResidentSetSize of job (KB)
...
006 (5415472.487.000) 07/12 09:15:31 Image size of job updated: 1591060
	1004  -  MemoryUsage of job (MB)
	1027508  -  ResidentSetSize of job (KB)
...
006 (5415472.487.000) 07/12 19:26:39 Image size of job updated: 1591060
	1004  -  MemoryUsage of job (MB)
	1027512  -  ResidentSetSize of job (KB)
...
006 (5415472.487.000) 07/13 07:07:58 Image size of job updated: 1591060
	1005  -  MemoryUsage of job (MB)
	1028696  -  ResidentSetSize of job (KB)
...
022 (5415472.487.000) 07/13 11:33:47 Job disconnected, attempting to reconnect
    Socket between submit and execute hosts closed unexpectedly
    Trying to reconnect to slot1_47@b7s03p3766.cern.ch <128.142.58.94:9618?addrs=128.142.58.94-9618+[2001-1458-301-16--100-5d]-9618&alias=b7s03p3766.cern.ch&noUDP&sock=startd_6158_744b>
...
023 (5415472.487.000) 07/13 11:33:47 Job reconnected to slot1_47@b7s03p3766.cern.ch
    startd address: <128.142.58.94:9618?addrs=128.142.58.94-9618+[2001-1458-301-16--100-5d]-9618&alias=b7s03p3766.cern.ch&noUDP&sock=startd_6158_744b>
    starter address: <128.142.58.94:9618?addrs=128.142.58.94-9618+[2001-1458-301-16--100-5d]-9618&alias=b7s03p3766.cern.ch&noUDP&sock=slot1_47_6741_64eb_2737>
...
006 (5415472.487.000) 07/13 17:24:47 Image size of job updated: 1592044
	1006  -  MemoryUsage of job (MB)
	1029600  -  ResidentSetSize of job (KB)
...
006 (5415472.487.000) 07/13 17:59:50 Image size of job updated: 1592948
	1007  -  MemoryUsage of job (MB)
	1030508  -  ResidentSetSize of job (KB)
...
006 (5415472.487.000) 07/13 18:40:20 Image size of job updated: 1593852
	1008  -  MemoryUsage of job (MB)
	1031412  -  ResidentSetSize of job (KB)
...
006 (5415472.487.000) 07/13 19:20:00 Image size of job updated: 1594760
	1009  -  MemoryUsage of job (MB)
	1032320  -  ResidentSetSize of job (KB)
...
006 (5415472.487.000) 07/13 20:00:03 Image size of job updated: 1595664
	1010  -  MemoryUsage of job (MB)
	1033224  -  ResidentSetSize of job (KB)
...
006 (5415472.487.000) 07/13 20:40:07 Image size of job updated: 1596572
	1010  -  MemoryUsage of job (MB)
	1034132  -  ResidentSetSize of job (KB)
...
006 (5415472.487.000) 07/13 21:20:10 Image size of job updated: 1597476
	1011  -  MemoryUsage of job (MB)
	1035036  -  ResidentSetSize of job (KB)
...
006 (5415472.487.000) 07/13 22:00:14 Image size of job updated: 1598380
	1012  -  MemoryUsage of job (MB)
	1035940  -  ResidentSetSize of job (KB)
...
006 (5415472.487.000) 07/13 22:35:17 Image size of job updated: 1599288
	1013  -  MemoryUsage of job (MB)
	1036848  -  ResidentSetSize of job (KB)
...
006 (5415472.487.000) 07/13 23:20:23 Image size of job updated: 1600192
	1014  -  MemoryUsage of job (MB)
	1037752  -  ResidentSetSize of job (KB)
...
006 (5415472.487.000) 07/14 00:00:26 Image size of job updated: 1601100
	1015  -  MemoryUsage of job (MB)
	1038660  -  ResidentSetSize of job (KB)
...
006 (5415472.487.000) 07/14 00:45:31 Image size of job updated: 1602004
	1016  -  MemoryUsage of job (MB)
	1039564  -  ResidentSetSize of job (KB)
...
006 (5415472.487.000) 07/14 01:25:35 Image size of job updated: 1602908
	1017  -  MemoryUsage of job (MB)
	1040468  -  ResidentSetSize of job (KB)
...
006 (5415472.487.000) 07/14 02:05:38 Image size of job updated: 1603816
	1017  -  MemoryUsage of job (MB)
	1041376  -  ResidentSetSize of job (KB)
...
006 (5415472.487.000) 07/14 02:45:39 Image size of job updated: 1604720
	1018  -  MemoryUsage of job (MB)
	1042280  -  ResidentSetSize of job (KB)
...
006 (5415472.487.000) 07/14 03:25:42 Image size of job updated: 1605628
	1019  -  MemoryUsage of job (MB)
	1043188  -  ResidentSetSize of job (KB)
...
006 (5415472.487.000) 07/14 04:10:48 Image size of job updated: 1606532
	1020  -  MemoryUsage of job (MB)
	1044092  -  ResidentSetSize of job (KB)
...
006 (5415472.487.000) 07/14 04:55:55 Image size of job updated: 1607436
	1021  -  MemoryUsage of job (MB)
	1044996  -  ResidentSetSize of job (KB)
...
006 (5415472.487.000) 07/14 05:45:59 Image size of job updated: 1608344
	1022  -  MemoryUsage of job (MB)
	1045904  -  ResidentSetSize of job (KB)
...
006 (5415472.487.000) 07/14 06:31:06 Image size of job updated: 1609248
	1023  -  MemoryUsage of job (MB)
	1046808  -  ResidentSetSize of job (KB)
...
006 (5415472.487.000) 07/14 07:16:10 Image size of job updated: 1610156
	1024  -  MemoryUsage of job (MB)
	1047716  -  ResidentSetSize of job (KB)
...
006 (5415472.487.000) 07/14 07:36:13 Image size of job updated: 1613228
	1025  -  MemoryUsage of job (MB)
	1049264  -  ResidentSetSize of job (KB)
...
006 (5415472.487.000) 07/14 07:51:14 Image size of job updated: 1613228
	1025  -  MemoryUsage of job (MB)
	1049276  -  ResidentSetSize of job (KB)
...
006 (5415472.487.000) 07/14 08:11:17 Image size of job updated: 1613228
	1025  -  MemoryUsage of job (MB)
	1049288  -  ResidentSetSize of job (KB)
...
006 (5415472.487.000) 07/14 08:31:19 Image size of job updated: 1614132
	1026  -  MemoryUsage of job (MB)
	1050204  -  ResidentSetSize of job (KB)
...
006 (5415472.487.000) 07/14 08:51:21 Image size of job updated: 1614132
	1026  -  MemoryUsage of job (MB)
	1050216  -  ResidentSetSize of job (KB)
...
006 (5415472.487.000) 07/14 09:06:23 Image size of job updated: 1615040
	1027  -  MemoryUsage of job (MB)
	1051136  -  ResidentSetSize of job (KB)
...
006 (5415472.487.000) 07/14 09:26:26 Image size of job updated: 1615040
	1027  -  MemoryUsage of job (MB)
	1051144  -  ResidentSetSize of job (KB)
...
006 (5415472.487.000) 07/14 09:31:27 Image size of job updated: 1615040
	1027  -  MemoryUsage of job (MB)
	1051148  -  ResidentSetSize of job (KB)
...
006 (5415472.487.000) 07/14 09:46:28 Image size of job updated: 1615944
	1028  -  MemoryUsage of job (MB)
	1052052  -  ResidentSetSize of job (KB)
...
006 (5415472.487.000) 07/14 09:51:29 Image size of job updated: 1615944
	1028  -  MemoryUsage of job (MB)
	1052064  -  ResidentSetSize of job (KB)
...
006 (5415472.487.000) 07/14 10:11:31 Image size of job updated: 1615944
	1028  -  MemoryUsage of job (MB)
	1052076  -  ResidentSetSize of job (KB)
...
006 (5415472.487.000) 07/14 10:21:33 Image size of job updated: 1616848
	1029  -  MemoryUsage of job (MB)
	1052980  -  ResidentSetSize of job (KB)
...
006 (5415472.487.000) 07/14 10:31:34 Image size of job updated: 1616848
	1029  -  MemoryUsage of job (MB)
	1052992  -  ResidentSetSize of job (KB)
...
006 (5415472.487.000) 07/14 10:51:36 Image size of job updated: 1616848
	1029  -  MemoryUsage of job (MB)
	1053004  -  ResidentSetSize of job (KB)
...
006 (5415472.487.000) 07/14 11:01:37 Image size of job updated: 1617756
	1030  -  MemoryUsage of job (MB)
	1053912  -  ResidentSetSize of job (KB)
...
006 (5415472.487.000) 07/14 11:11:39 Image size of job updated: 1617756
	1030  -  MemoryUsage of job (MB)
	1053924  -  ResidentSetSize of job (KB)
...
006 (5415472.487.000) 07/14 11:31:40 Image size of job updated: 1617756
	1030  -  MemoryUsage of job (MB)
	1053936  -  ResidentSetSize of job (KB)
...
006 (5415472.487.000) 07/14 11:41:40 Image size of job updated: 1618660
	1031  -  MemoryUsage of job (MB)
	1054840  -  ResidentSetSize of job (KB)
...
006 (5415472.487.000) 07/14 11:51:40 Image size of job updated: 1618660
	1031  -  MemoryUsage of job (MB)
	1054852  -  ResidentSetSize of job (KB)
...
006 (5415472.487.000) 07/14 12:11:43 Image size of job updated: 1618660
	1031  -  MemoryUsage of job (MB)
	1054864  -  ResidentSetSize of job (KB)
...
006 (5415472.487.000) 07/14 12:21:45 Image size of job updated: 1619568
	1032  -  MemoryUsage of job (MB)
	1055772  -  ResidentSetSize of job (KB)
...
006 (5415472.487.000) 07/14 12:36:46 Image size of job updated: 1619568
	1032  -  MemoryUsage of job (MB)
	1055784  -  ResidentSetSize of job (KB)
...
006 (5415472.487.000) 07/14 12:56:48 Image size of job updated: 1619568
	1032  -  MemoryUsage of job (MB)
	1055796  -  ResidentSetSize of job (KB)
...
006 (5415472.487.000) 07/14 13:01:49 Image size of job updated: 1620472
	1032  -  MemoryUsage of job (MB)
	1056700  -  ResidentSetSize of job (KB)
...
006 (5415472.487.000) 07/14 13:21:51 Image size of job updated: 1620472
	1032  -  MemoryUsage of job (MB)
	1056712  -  ResidentSetSize of job (KB)
...
006 (5415472.487.000) 07/14 13:41:54 Image size of job updated: 1621376
	1033  -  MemoryUsage of job (MB)
	1057628  -  ResidentSetSize of job (KB)
...
006 (5415472.487.000) 07/14 14:01:56 Image size of job updated: 1621376
	1033  -  MemoryUsage of job (MB)
	1057640  -  ResidentSetSize of job (KB)
...
006 (5415472.487.000) 07/14 14:26:57 Image size of job updated: 1622284
	1034  -  MemoryUsage of job (MB)
	1058560  -  ResidentSetSize of job (KB)
...
006 (5415472.487.000) 07/14 14:46:59 Image size of job updated: 1622284
	1034  -  MemoryUsage of job (MB)
	1058572  -  ResidentSetSize of job (KB)
...
006 (5415472.487.000) 07/14 15:07:03 Image size of job updated: 1623188
	1035  -  MemoryUsage of job (MB)
	1059476  -  ResidentSetSize of job (KB)
...
006 (5415472.487.000) 07/14 15:12:03 Image size of job updated: 1623188
	1035  -  MemoryUsage of job (MB)
	1059488  -  ResidentSetSize of job (KB)
...
006 (5415472.487.000) 07/14 15:32:05 Image size of job updated: 1623188
	1035  -  MemoryUsage of job (MB)
	1059500  -  ResidentSetSize of job (KB)
...
006 (5415472.487.000) 07/14 15:47:06 Image size of job updated: 1624096
	1036  -  MemoryUsage of job (MB)
	1060408  -  ResidentSetSize of job (KB)
...
006 (5415472.487.000) 07/14 15:52:07 Image size of job updated: 1624096
	1036  -  MemoryUsage of job (MB)
	1060420  -  ResidentSetSize of job (KB)
...
006 (5415472.487.000) 07/14 16:17:10 Image size of job updated: 1624096
	1036  -  MemoryUsage of job (MB)
	1060432  -  ResidentSetSize of job (KB)
...
006 (5415472.487.000) 07/14 16:32:11 Image size of job updated: 1625000
	1037  -  MemoryUsage of job (MB)
	1061336  -  ResidentSetSize of job (KB)
...
006 (5415472.487.000) 07/14 16:42:11 Image size of job updated: 1625000
	1037  -  MemoryUsage of job (MB)
	1061348  -  ResidentSetSize of job (KB)
...
006 (5415472.487.000) 07/14 17:02:12 Image size of job updated: 1625000
	1037  -  MemoryUsage of job (MB)
	1061360  -  ResidentSetSize of job (KB)
...
006 (5415472.487.000) 07/14 17:12:14 Image size of job updated: 1625904
	1038  -  MemoryUsage of job (MB)
	1062264  -  ResidentSetSize of job (KB)
...
006 (5415472.487.000) 07/14 17:27:15 Image size of job updated: 1625904
	1038  -  MemoryUsage of job (MB)
	1062276  -  ResidentSetSize of job (KB)
...
006 (5415472.487.000) 07/14 17:47:17 Image size of job updated: 1625904
	1038  -  MemoryUsage of job (MB)
	1062288  -  ResidentSetSize of job (KB)
...
006 (5415472.487.000) 07/14 17:57:18 Image size of job updated: 1630436
	1042  -  MemoryUsage of job (MB)
	1066820  -  ResidentSetSize of job (KB)
...
006 (5415472.487.000) 07/14 18:12:19 Image size of job updated: 1630436
	1042  -  MemoryUsage of job (MB)
	1066832  -  ResidentSetSize of job (KB)
...
006 (5415472.487.000) 07/14 18:32:20 Image size of job updated: 1630436
	1042  -  MemoryUsage of job (MB)
	1066844  -  ResidentSetSize of job (KB)
...
006 (5415472.487.000) 07/14 18:52:23 Image size of job updated: 1630436
	1042  -  MemoryUsage of job (MB)
	1066856  -  ResidentSetSize of job (KB)
...
006 (5415472.487.000) 07/14 19:17:24 Image size of job updated: 1630436
	1042  -  MemoryUsage of job (MB)
	1066868  -  ResidentSetSize of job (KB)
...
006 (5415472.487.000) 07/14 19:37:26 Image size of job updated: 1630436
	1042  -  MemoryUsage of job (MB)
	1066880  -  ResidentSetSize of job (KB)
...
006 (5415472.487.000) 07/14 19:57:29 Image size of job updated: 1630436
	1042  -  MemoryUsage of job (MB)
	1066892  -  ResidentSetSize of job (KB)
...
006 (5415472.487.000) 07/14 20:22:30 Image size of job updated: 1630436
	1042  -  MemoryUsage of job (MB)
	1066904  -  ResidentSetSize of job (KB)
...
006 (5415472.487.000) 07/14 20:42:33 Image size of job updated: 1630436
	1042  -  MemoryUsage of job (MB)
	1066916  -  ResidentSetSize of job (KB)
...
007 (5415472.487.000) 07/14 21:01:30 Shadow exception!
	Assertion ERROR on (result)
	0  -  Run Bytes Sent By Job
	803  -  Run Bytes Received By Job
...
