000 (5415472.093.000) 07/11 14:02:29 Job submitted from host: <137.138.156.150:9618?addrs=137.138.156.150-9618+[2001-1458-d00-14--9a]-9618&alias=bigbird13.cern.ch&noUDP&sock=schedd_1788_ff6c>
...
040 (5415472.093.000) 07/11 14:10:22 Started transferring input files
	Transferring to host: <128.142.85.22:9618?addrs=128.142.85.22-9618+[2001-1458-301-f6--100-3c0]-9618&alias=b7s14n1769.cern.ch&noUDP&sock=slot1_2_6027_510e_61206>
...
040 (5415472.093.000) 07/11 14:10:22 Finished transferring input files
...
001 (5415472.093.000) 07/11 14:10:23 Job executing on host: <128.142.85.22:9618?addrs=128.142.85.22-9618+[2001-1458-301-f6--100-3c0]-9618&alias=b7s14n1769.cern.ch&noUDP&sock=startd_4937_f328>
...
006 (5415472.093.000) 07/11 14:10:31 Image size of job updated: 396488
	52  -  MemoryUsage of job (MB)
	53032  -  ResidentSetSize of job (KB)
...
006 (5415472.093.000) 07/11 14:15:32 Image size of job updated: 1590976
	1004  -  MemoryUsage of job (MB)
	1027420  -  ResidentSetSize of job (KB)
...
006 (5415472.093.000) 07/13 16:10:42 Image size of job updated: 1591956
	1005  -  MemoryUsage of job (MB)
	1028272  -  ResidentSetSize of job (KB)
...
006 (5415472.093.000) 07/13 17:19:11 Image size of job updated: 1592864
	1006  -  MemoryUsage of job (MB)
	1029180  -  ResidentSetSize of job (KB)
...
006 (5415472.093.000) 07/13 18:29:15 Image size of job updated: 1593768
	1006  -  MemoryUsage of job (MB)
	1030084  -  ResidentSetSize of job (KB)
...
006 (5415472.093.000) 07/13 19:39:22 Image size of job updated: 1594676
	1007  -  MemoryUsage of job (MB)
	1030992  -  ResidentSetSize of job (KB)
...
006 (5415472.093.000) 07/13 20:49:28 Image size of job updated: 1595580
	1008  -  MemoryUsage of job (MB)
	1031896  -  ResidentSetSize of job (KB)
...
006 (5415472.093.000) 07/13 21:59:36 Image size of job updated: 1596484
	1009  -  MemoryUsage of job (MB)
	1032800  -  ResidentSetSize of job (KB)
...
006 (5415472.093.000) 07/13 23:14:45 Image size of job updated: 1597392
	1010  -  MemoryUsage of job (MB)
	1033708  -  ResidentSetSize of job (KB)
...
006 (5415472.093.000) 07/14 00:24:53 Image size of job updated: 1598296
	1011  -  MemoryUsage of job (MB)
	1034612  -  ResidentSetSize of job (KB)
...
006 (5415472.093.000) 07/14 01:29:58 Image size of job updated: 1599204
	1012  -  MemoryUsage of job (MB)
	1035520  -  ResidentSetSize of job (KB)
...
006 (5415472.093.000) 07/14 02:35:03 Image size of job updated: 1600108
	1013  -  MemoryUsage of job (MB)
	1036424  -  ResidentSetSize of job (KB)
...
006 (5415472.093.000) 07/14 03:45:09 Image size of job updated: 1601012
	1014  -  MemoryUsage of job (MB)
	1037328  -  ResidentSetSize of job (KB)
...
006 (5415472.093.000) 07/14 04:50:17 Image size of job updated: 1601920
	1014  -  MemoryUsage of job (MB)
	1038236  -  ResidentSetSize of job (KB)
...
006 (5415472.093.000) 07/14 05:55:26 Image size of job updated: 1602824
	1015  -  MemoryUsage of job (MB)
	1039140  -  ResidentSetSize of job (KB)
...
006 (5415472.093.000) 07/14 07:00:34 Image size of job updated: 1603732
	1016  -  MemoryUsage of job (MB)
	1040048  -  ResidentSetSize of job (KB)
...
006 (5415472.093.000) 07/14 08:05:41 Image size of job updated: 1604636
	1017  -  MemoryUsage of job (MB)
	1040952  -  ResidentSetSize of job (KB)
...
006 (5415472.093.000) 07/14 09:15:48 Image size of job updated: 1605544
	1018  -  MemoryUsage of job (MB)
	1041860  -  ResidentSetSize of job (KB)
...
006 (5415472.093.000) 07/14 10:20:54 Image size of job updated: 1606448
	1019  -  MemoryUsage of job (MB)
	1042764  -  ResidentSetSize of job (KB)
...
006 (5415472.093.000) 07/14 11:31:02 Image size of job updated: 1607352
	1020  -  MemoryUsage of job (MB)
	1043668  -  ResidentSetSize of job (KB)
...
006 (5415472.093.000) 07/14 12:36:11 Image size of job updated: 1608260
	1021  -  MemoryUsage of job (MB)
	1044576  -  ResidentSetSize of job (KB)
...
006 (5415472.093.000) 07/14 13:46:21 Image size of job updated: 1609164
	1021  -  MemoryUsage of job (MB)
	1045480  -  ResidentSetSize of job (KB)
...
006 (5415472.093.000) 07/14 14:56:27 Image size of job updated: 1610072
	1022  -  MemoryUsage of job (MB)
	1046388  -  ResidentSetSize of job (KB)
...
006 (5415472.093.000) 07/14 15:26:32 Image size of job updated: 1610072
	1024  -  MemoryUsage of job (MB)
	1047936  -  ResidentSetSize of job (KB)
...
006 (5415472.093.000) 07/14 15:31:33 Image size of job updated: 1613144
	1024  -  MemoryUsage of job (MB)
	1047936  -  ResidentSetSize of job (KB)
...
006 (5415472.093.000) 07/14 16:01:35 Image size of job updated: 1613144
	1024  -  MemoryUsage of job (MB)
	1047948  -  ResidentSetSize of job (KB)
...
006 (5415472.093.000) 07/14 16:36:40 Image size of job updated: 1613144
	1024  -  MemoryUsage of job (MB)
	1047960  -  ResidentSetSize of job (KB)
...
006 (5415472.093.000) 07/14 17:11:44 Image size of job updated: 1614048
	1025  -  MemoryUsage of job (MB)
	1048872  -  ResidentSetSize of job (KB)
...
006 (5415472.093.000) 07/14 17:16:44 Image size of job updated: 1614048
	1025  -  MemoryUsage of job (MB)
	1048876  -  ResidentSetSize of job (KB)
...
006 (5415472.093.000) 07/14 17:46:47 Image size of job updated: 1614048
	1025  -  MemoryUsage of job (MB)
	1048888  -  ResidentSetSize of job (KB)
...
006 (5415472.093.000) 07/14 18:16:50 Image size of job updated: 1614952
	1026  -  MemoryUsage of job (MB)
	1049792  -  ResidentSetSize of job (KB)
...
006 (5415472.093.000) 07/14 18:21:51 Image size of job updated: 1614952
	1026  -  MemoryUsage of job (MB)
	1049796  -  ResidentSetSize of job (KB)
...
006 (5415472.093.000) 07/14 18:26:52 Image size of job updated: 1614952
	1026  -  MemoryUsage of job (MB)
	1049804  -  ResidentSetSize of job (KB)
...
006 (5415472.093.000) 07/14 19:01:55 Image size of job updated: 1614952
	1026  -  MemoryUsage of job (MB)
	1049816  -  ResidentSetSize of job (KB)
...
006 (5415472.093.000) 07/14 19:21:58 Image size of job updated: 1615860
	1027  -  MemoryUsage of job (MB)
	1050724  -  ResidentSetSize of job (KB)
...
006 (5415472.093.000) 07/14 19:37:00 Image size of job updated: 1615860
	1027  -  MemoryUsage of job (MB)
	1050736  -  ResidentSetSize of job (KB)
...
006 (5415472.093.000) 07/14 20:12:06 Image size of job updated: 1615860
	1027  -  MemoryUsage of job (MB)
	1050748  -  ResidentSetSize of job (KB)
...
006 (5415472.093.000) 07/14 20:32:09 Image size of job updated: 1616764
	1028  -  MemoryUsage of job (MB)
	1051652  -  ResidentSetSize of job (KB)
...
006 (5415472.093.000) 07/14 20:52:11 Image size of job updated: 1616764
	1028  -  MemoryUsage of job (MB)
	1051664  -  ResidentSetSize of job (KB)
...
006 (5415472.093.000) 07/14 21:27:22 Image size of job updated: 1616764
	1028  -  MemoryUsage of job (MB)
	1051676  -  ResidentSetSize of job (KB)
...
006 (5415472.093.000) 07/14 21:42:24 Image size of job updated: 1617672
	1028  -  MemoryUsage of job (MB)
	1052584  -  ResidentSetSize of job (KB)
...
006 (5415472.093.000) 07/14 22:02:27 Image size of job updated: 1617672
	1028  -  MemoryUsage of job (MB)
	1052596  -  ResidentSetSize of job (KB)
...
006 (5415472.093.000) 07/14 22:42:30 Image size of job updated: 1617672
	1028  -  MemoryUsage of job (MB)
	1052608  -  ResidentSetSize of job (KB)
...
006 (5415472.093.000) 07/14 22:52:30 Image size of job updated: 1618576
	1029  -  MemoryUsage of job (MB)
	1053512  -  ResidentSetSize of job (KB)
...
006 (5415472.093.000) 07/14 23:17:33 Image size of job updated: 1618576
	1029  -  MemoryUsage of job (MB)
	1053524  -  ResidentSetSize of job (KB)
...
006 (5415472.093.000) 07/14 23:57:38 Image size of job updated: 1618576
	1029  -  MemoryUsage of job (MB)
	1053536  -  ResidentSetSize of job (KB)
...
006 (5415472.093.000) 07/15 00:02:38 Image size of job updated: 1619480
	1030  -  MemoryUsage of job (MB)
	1054440  -  ResidentSetSize of job (KB)
...
006 (5415472.093.000) 07/15 00:32:40 Image size of job updated: 1619480
	1030  -  MemoryUsage of job (MB)
	1054452  -  ResidentSetSize of job (KB)
...
006 (5415472.093.000) 07/15 01:07:44 Image size of job updated: 1620388
	1031  -  MemoryUsage of job (MB)
	1055372  -  ResidentSetSize of job (KB)
...
006 (5415472.093.000) 07/15 01:42:50 Image size of job updated: 1620388
	1031  -  MemoryUsage of job (MB)
	1055384  -  ResidentSetSize of job (KB)
...
006 (5415472.093.000) 07/15 02:12:54 Image size of job updated: 1621292
	1032  -  MemoryUsage of job (MB)
	1056288  -  ResidentSetSize of job (KB)
...
006 (5415472.093.000) 07/15 02:17:56 Image size of job updated: 1621292
	1032  -  MemoryUsage of job (MB)
	1056300  -  ResidentSetSize of job (KB)
...
006 (5415472.093.000) 07/15 02:47:58 Image size of job updated: 1621292
	1032  -  MemoryUsage of job (MB)
	1056312  -  ResidentSetSize of job (KB)
...
006 (5415472.093.000) 07/15 03:18:00 Image size of job updated: 1622200
	1033  -  MemoryUsage of job (MB)
	1057220  -  ResidentSetSize of job (KB)
...
006 (5415472.093.000) 07/15 03:23:01 Image size of job updated: 1622200
	1033  -  MemoryUsage of job (MB)
	1057232  -  ResidentSetSize of job (KB)
...
006 (5415472.093.000) 07/15 03:53:04 Image size of job updated: 1622200
	1033  -  MemoryUsage of job (MB)
	1057244  -  ResidentSetSize of job (KB)
...
006 (5415472.093.000) 07/15 04:18:07 Image size of job updated: 1622200
	1034  -  MemoryUsage of job (MB)
	1058148  -  ResidentSetSize of job (KB)
...
006 (5415472.093.000) 07/15 04:23:07 Image size of job updated: 1623104
	1034  -  MemoryUsage of job (MB)
	1058148  -  ResidentSetSize of job (KB)
...
006 (5415472.093.000) 07/15 04:28:07 Image size of job updated: 1623104
	1034  -  MemoryUsage of job (MB)
	1058160  -  ResidentSetSize of job (KB)
...
006 (5415472.093.000) 07/15 04:58:12 Image size of job updated: 1623104
	1034  -  MemoryUsage of job (MB)
	1058172  -  ResidentSetSize of job (KB)
...
006 (5415472.093.000) 07/15 05:18:13 Image size of job updated: 1624008
	1035  -  MemoryUsage of job (MB)
	1059076  -  ResidentSetSize of job (KB)
...
006 (5415472.093.000) 07/15 05:33:14 Image size of job updated: 1624008
	1035  -  MemoryUsage of job (MB)
	1059088  -  ResidentSetSize of job (KB)
...
006 (5415472.093.000) 07/15 06:03:18 Image size of job updated: 1624008
	1035  -  MemoryUsage of job (MB)
	1059100  -  ResidentSetSize of job (KB)
...
006 (5415472.093.000) 07/15 06:13:20 Image size of job updated: 1624008
	1036  -  MemoryUsage of job (MB)
	1060008  -  ResidentSetSize of job (KB)
...
006 (5415472.093.000) 07/15 06:18:20 Image size of job updated: 1624916
	1036  -  MemoryUsage of job (MB)
	1060008  -  ResidentSetSize of job (KB)
...
006 (5415472.093.000) 07/15 06:28:21 Image size of job updated: 1624916
	1036  -  MemoryUsage of job (MB)
	1060012  -  ResidentSetSize of job (KB)
...
006 (5415472.093.000) 07/15 06:33:21 Image size of job updated: 1624916
	1036  -  MemoryUsage of job (MB)
	1060020  -  ResidentSetSize of job (KB)
...
006 (5415472.093.000) 07/15 06:58:25 Image size of job updated: 1624916
	1036  -  MemoryUsage of job (MB)
	1060032  -  ResidentSetSize of job (KB)
...
006 (5415472.093.000) 07/15 07:08:26 Image size of job updated: 1625820
	1037  -  MemoryUsage of job (MB)
	1060936  -  ResidentSetSize of job (KB)
...
006 (5415472.093.000) 07/15 07:28:29 Image size of job updated: 1625820
	1037  -  MemoryUsage of job (MB)
	1060948  -  ResidentSetSize of job (KB)
...
006 (5415472.093.000) 07/15 07:53:32 Image size of job updated: 1625820
	1037  -  MemoryUsage of job (MB)
	1060960  -  ResidentSetSize of job (KB)
...
006 (5415472.093.000) 07/15 08:03:33 Image size of job updated: 1626728
	1037  -  MemoryUsage of job (MB)
	1061868  -  ResidentSetSize of job (KB)
...
006 (5415472.093.000) 07/15 08:18:33 Image size of job updated: 1626728
	1037  -  MemoryUsage of job (MB)
	1061880  -  ResidentSetSize of job (KB)
...
006 (5415472.093.000) 07/15 08:58:36 Image size of job updated: 1626728
	1038  -  MemoryUsage of job (MB)
	1061892  -  ResidentSetSize of job (KB)
...
006 (5415472.093.000) 07/15 09:03:37 Image size of job updated: 1627632
	1038  -  MemoryUsage of job (MB)
	1062796  -  ResidentSetSize of job (KB)
...
006 (5415472.093.000) 07/15 09:33:43 Image size of job updated: 1627632
	1038  -  MemoryUsage of job (MB)
	1062808  -  ResidentSetSize of job (KB)
...
006 (5415472.093.000) 07/15 10:08:46 Image size of job updated: 1628540
	1039  -  MemoryUsage of job (MB)
	1063728  -  ResidentSetSize of job (KB)
...
006 (5415472.093.000) 07/15 10:38:49 Image size of job updated: 1628540
	1039  -  MemoryUsage of job (MB)
	1063740  -  ResidentSetSize of job (KB)
...
006 (5415472.093.000) 07/15 11:08:52 Image size of job updated: 1628540
	1040  -  MemoryUsage of job (MB)
	1064644  -  ResidentSetSize of job (KB)
...
006 (5415472.093.000) 07/15 11:13:53 Image size of job updated: 1629444
	1040  -  MemoryUsage of job (MB)
	1064656  -  ResidentSetSize of job (KB)
...
006 (5415472.093.000) 07/15 11:48:56 Image size of job updated: 1629444
	1040  -  MemoryUsage of job (MB)
	1064664  -  ResidentSetSize of job (KB)
...
006 (5415472.093.000) 07/15 12:18:58 Image size of job updated: 1630348
	1041  -  MemoryUsage of job (MB)
	1065536  -  ResidentSetSize of job (KB)
...
006 (5415472.093.000) 07/15 12:23:59 Image size of job updated: 1630348
	1041  -  MemoryUsage of job (MB)
	1065548  -  ResidentSetSize of job (KB)
...
006 (5415472.093.000) 07/15 12:59:02 Image size of job updated: 1630348
	1041  -  MemoryUsage of job (MB)
	1065560  -  ResidentSetSize of job (KB)
...
006 (5415472.093.000) 07/15 13:19:04 Image size of job updated: 1631256
	1042  -  MemoryUsage of job (MB)
	1066468  -  ResidentSetSize of job (KB)
...
006 (5415472.093.000) 07/15 13:29:06 Image size of job updated: 1631256
	1042  -  MemoryUsage of job (MB)
	1066480  -  ResidentSetSize of job (KB)
...
006 (5415472.093.000) 07/15 14:04:12 Image size of job updated: 1631256
	1042  -  MemoryUsage of job (MB)
	1066492  -  ResidentSetSize of job (KB)
...
006 (5415472.093.000) 07/15 14:24:12 Image size of job updated: 1632160
	1043  -  MemoryUsage of job (MB)
	1067396  -  ResidentSetSize of job (KB)
...
006 (5415472.093.000) 07/15 14:39:14 Image size of job updated: 1632160
	1043  -  MemoryUsage of job (MB)
	1067408  -  ResidentSetSize of job (KB)
...
006 (5415472.093.000) 07/15 15:19:17 Image size of job updated: 1632160
	1043  -  MemoryUsage of job (MB)
	1067420  -  ResidentSetSize of job (KB)
...
006 (5415472.093.000) 07/15 15:34:18 Image size of job updated: 1633068
	1044  -  MemoryUsage of job (MB)
	1068328  -  ResidentSetSize of job (KB)
...
006 (5415472.093.000) 07/15 15:54:22 Image size of job updated: 1633068
	1044  -  MemoryUsage of job (MB)
	1068340  -  ResidentSetSize of job (KB)
...
006 (5415472.093.000) 07/15 16:29:27 Image size of job updated: 1633068
	1044  -  MemoryUsage of job (MB)
	1068352  -  ResidentSetSize of job (KB)
...
006 (5415472.093.000) 07/15 16:39:29 Image size of job updated: 1633972
	1045  -  MemoryUsage of job (MB)
	1069256  -  ResidentSetSize of job (KB)
...
006 (5415472.093.000) 07/15 17:04:31 Image size of job updated: 1633972
	1045  -  MemoryUsage of job (MB)
	1069268  -  ResidentSetSize of job (KB)
...
006 (5415472.093.000) 07/15 17:39:36 Image size of job updated: 1633972
	1045  -  MemoryUsage of job (MB)
	1069280  -  ResidentSetSize of job (KB)
...
006 (5415472.093.000) 07/15 17:49:37 Image size of job updated: 1634876
	1046  -  MemoryUsage of job (MB)
	1070184  -  ResidentSetSize of job (KB)
...
006 (5415472.093.000) 07/15 18:19:42 Image size of job updated: 1634876
	1046  -  MemoryUsage of job (MB)
	1070196  -  ResidentSetSize of job (KB)
...
006 (5415472.093.000) 07/15 18:54:47 Image size of job updated: 1635784
	1047  -  MemoryUsage of job (MB)
	1071116  -  ResidentSetSize of job (KB)
...
006 (5415472.093.000) 07/15 19:29:51 Image size of job updated: 1635784
	1047  -  MemoryUsage of job (MB)
	1071128  -  ResidentSetSize of job (KB)
...
006 (5415472.093.000) 07/15 20:04:54 Image size of job updated: 1640312
	1051  -  MemoryUsage of job (MB)
	1075664  -  ResidentSetSize of job (KB)
...
006 (5415472.093.000) 07/15 20:09:54 Image size of job updated: 1640312
	1051  -  MemoryUsage of job (MB)
	1075668  -  ResidentSetSize of job (KB)
...
006 (5415472.093.000) 07/15 20:44:56 Image size of job updated: 1640312
	1051  -  MemoryUsage of job (MB)
	1075680  -  ResidentSetSize of job (KB)
...
006 (5415472.093.000) 07/15 21:14:59 Image size of job updated: 1640312
	1051  -  MemoryUsage of job (MB)
	1075692  -  ResidentSetSize of job (KB)
...
006 (5415472.093.000) 07/15 21:55:03 Image size of job updated: 1640312
	1051  -  MemoryUsage of job (MB)
	1075704  -  ResidentSetSize of job (KB)
...
006 (5415472.093.000) 07/15 22:30:09 Image size of job updated: 1640312
	1051  -  MemoryUsage of job (MB)
	1075716  -  ResidentSetSize of job (KB)
...
006 (5415472.093.000) 07/15 23:05:13 Image size of job updated: 1640312
	1051  -  MemoryUsage of job (MB)
	1075728  -  ResidentSetSize of job (KB)
...
006 (5415472.093.000) 07/15 23:40:15 Image size of job updated: 1640312
	1051  -  MemoryUsage of job (MB)
	1075740  -  ResidentSetSize of job (KB)
...
006 (5415472.093.000) 07/16 00:20:18 Image size of job updated: 1640312
	1051  -  MemoryUsage of job (MB)
	1075752  -  ResidentSetSize of job (KB)
...
006 (5415472.093.000) 07/16 00:55:24 Image size of job updated: 1640312
	1051  -  MemoryUsage of job (MB)
	1075760  -  ResidentSetSize of job (KB)
...
006 (5415472.093.000) 07/16 01:00:24 Image size of job updated: 1640312
	1051  -  MemoryUsage of job (MB)
	1075764  -  ResidentSetSize of job (KB)
...
006 (5415472.093.000) 07/16 01:35:28 Image size of job updated: 1640312
	1051  -  MemoryUsage of job (MB)
	1075776  -  ResidentSetSize of job (KB)
...
006 (5415472.093.000) 07/16 02:10:32 Image size of job updated: 1640312
	1051  -  MemoryUsage of job (MB)
	1075788  -  ResidentSetSize of job (KB)
...
006 (5415472.093.000) 07/16 02:45:38 Image size of job updated: 1640312
	1051  -  MemoryUsage of job (MB)
	1075800  -  ResidentSetSize of job (KB)
...
006 (5415472.093.000) 07/16 03:20:44 Image size of job updated: 1640312
	1051  -  MemoryUsage of job (MB)
	1075812  -  ResidentSetSize of job (KB)
...
006 (5415472.093.000) 07/16 03:55:50 Image size of job updated: 1640312
	1051  -  MemoryUsage of job (MB)
	1075824  -  ResidentSetSize of job (KB)
...
006 (5415472.093.000) 07/16 04:30:54 Image size of job updated: 1640312
	1051  -  MemoryUsage of job (MB)
	1075836  -  ResidentSetSize of job (KB)
...
006 (5415472.093.000) 07/16 05:10:58 Image size of job updated: 1640312
	1051  -  MemoryUsage of job (MB)
	1075848  -  ResidentSetSize of job (KB)
...
006 (5415472.093.000) 07/16 05:46:03 Image size of job updated: 1640312
	1051  -  MemoryUsage of job (MB)
	1075860  -  ResidentSetSize of job (KB)
...
006 (5415472.093.000) 07/16 06:21:07 Image size of job updated: 1640312
	1051  -  MemoryUsage of job (MB)
	1075872  -  ResidentSetSize of job (KB)
...
006 (5415472.093.000) 07/16 06:56:12 Image size of job updated: 1640312
	1051  -  MemoryUsage of job (MB)
	1075884  -  ResidentSetSize of job (KB)
...
006 (5415472.093.000) 07/16 07:31:17 Image size of job updated: 1640312
	1051  -  MemoryUsage of job (MB)
	1075896  -  ResidentSetSize of job (KB)
...
006 (5415472.093.000) 07/16 08:06:19 Image size of job updated: 1640312
	1051  -  MemoryUsage of job (MB)
	1075908  -  ResidentSetSize of job (KB)
...
006 (5415472.093.000) 07/16 08:36:22 Image size of job updated: 1640312
	1051  -  MemoryUsage of job (MB)
	1075920  -  ResidentSetSize of job (KB)
...
006 (5415472.093.000) 07/16 09:06:25 Image size of job updated: 1640312
	1051  -  MemoryUsage of job (MB)
	1075932  -  ResidentSetSize of job (KB)
...
006 (5415472.093.000) 07/16 09:41:27 Image size of job updated: 1640312
	1051  -  MemoryUsage of job (MB)
	1075944  -  ResidentSetSize of job (KB)
...
006 (5415472.093.000) 07/16 10:16:32 Image size of job updated: 1640312
	1051  -  MemoryUsage of job (MB)
	1075956  -  ResidentSetSize of job (KB)
...
006 (5415472.093.000) 07/16 10:46:36 Image size of job updated: 1640312
	1051  -  MemoryUsage of job (MB)
	1075960  -  ResidentSetSize of job (KB)
...
006 (5415472.093.000) 07/16 10:51:36 Image size of job updated: 1640312
	1051  -  MemoryUsage of job (MB)
	1075968  -  ResidentSetSize of job (KB)
...
006 (5415472.093.000) 07/16 11:21:40 Image size of job updated: 1640312
	1051  -  MemoryUsage of job (MB)
	1075980  -  ResidentSetSize of job (KB)
...
006 (5415472.093.000) 07/16 11:56:41 Image size of job updated: 1640312
	1051  -  MemoryUsage of job (MB)
	1075992  -  ResidentSetSize of job (KB)
...
006 (5415472.093.000) 07/16 12:26:50 Image size of job updated: 1640312
	1051  -  MemoryUsage of job (MB)
	1076004  -  ResidentSetSize of job (KB)
...
006 (5415472.093.000) 07/16 13:01:52 Image size of job updated: 1640312
	1051  -  MemoryUsage of job (MB)
	1076016  -  ResidentSetSize of job (KB)
...
006 (5415472.093.000) 07/16 13:31:55 Image size of job updated: 1640312
	1051  -  MemoryUsage of job (MB)
	1076028  -  ResidentSetSize of job (KB)
...
006 (5415472.093.000) 07/16 15:47:10 Image size of job updated: 1640312
	1051  -  MemoryUsage of job (MB)
	1076040  -  ResidentSetSize of job (KB)
...
040 (5415472.093.000) 07/16 16:06:48 Started transferring output files
...
040 (5415472.093.000) 07/16 16:06:48 Finished transferring output files
...
004 (5415472.093.000) 07/16 16:06:48 Job was evicted.
	(0) CPU times
		Usr 14 15:54:12, Sys 0 00:04:19  -  Run Remote Usage
		Usr 0 00:00:00, Sys 0 00:00:00  -  Run Local Usage
	96874  -  Run Bytes Sent By Job
	803  -  Run Bytes Received By Job
	Partitionable Resources :    Usage  Request Allocated 
	   Cpus                 :     2.92        4         4 
	   Disk (KB)            :   121    10485760  10821816 
	   Memory (MB)          :  1051        8000      8000 
...
040 (5415472.093.000) 07/16 16:36:47 Started transferring input files
	Transferring to host: <128.142.56.43:9618?addrs=128.142.56.43-9618+[2001-1458-301-6--100-2a]-9618&alias=b7s01p9459.cern.ch&noUDP&sock=slot1_16_1315_494f_8701>
...
040 (5415472.093.000) 07/16 16:36:47 Finished transferring input files
...
