000 (5415472.184.000) 07/11 14:02:29 Job submitted from host: <137.138.156.150:9618?addrs=137.138.156.150-9618+[2001-1458-d00-14--9a]-9618&alias=bigbird13.cern.ch&noUDP&sock=schedd_1788_ff6c>
...
040 (5415472.184.000) 07/11 14:16:45 Started transferring input files
	Transferring to host: <128.142.59.80:9618?addrs=128.142.59.80-9618+[2001-1458-301-21--100-4f]-9618&alias=b7s04p4586.cern.ch&noUDP&sock=slot1_1_6938_32d3_2096>
...
040 (5415472.184.000) 07/11 14:16:46 Finished transferring input files
...
001 (5415472.184.000) 07/11 14:16:47 Job executing on host: <128.142.59.80:9618?addrs=128.142.59.80-9618+[2001-1458-301-21--100-4f]-9618&alias=b7s04p4586.cern.ch&noUDP&sock=startd_6477_4301>
...
006 (5415472.184.000) 07/11 14:16:55 Image size of job updated: 537388
	42  -  MemoryUsage of job (MB)
	42544  -  ResidentSetSize of job (KB)
...
006 (5415472.184.000) 07/11 14:21:56 Image size of job updated: 1590972
	1004  -  MemoryUsage of job (MB)
	1027412  -  ResidentSetSize of job (KB)
...
006 (5415472.184.000) 07/12 10:38:54 Image size of job updated: 1590972
	1004  -  MemoryUsage of job (MB)
	1027628  -  ResidentSetSize of job (KB)
...
006 (5415472.184.000) 07/12 22:50:03 Image size of job updated: 1591956
	1005  -  MemoryUsage of job (MB)
	1028332  -  ResidentSetSize of job (KB)
...
006 (5415472.184.000) 07/12 23:30:06 Image size of job updated: 1592860
	1006  -  MemoryUsage of job (MB)
	1029232  -  ResidentSetSize of job (KB)
...
006 (5415472.184.000) 07/13 00:05:10 Image size of job updated: 1593768
	1006  -  MemoryUsage of job (MB)
	1030140  -  ResidentSetSize of job (KB)
...
006 (5415472.184.000) 07/13 00:45:13 Image size of job updated: 1594672
	1007  -  MemoryUsage of job (MB)
	1031044  -  ResidentSetSize of job (KB)
...
006 (5415472.184.000) 07/13 01:25:15 Image size of job updated: 1595576
	1008  -  MemoryUsage of job (MB)
	1031948  -  ResidentSetSize of job (KB)
...
006 (5415472.184.000) 07/13 02:05:20 Image size of job updated: 1596484
	1009  -  MemoryUsage of job (MB)
	1032856  -  ResidentSetSize of job (KB)
...
006 (5415472.184.000) 07/13 02:40:23 Image size of job updated: 1597388
	1010  -  MemoryUsage of job (MB)
	1033760  -  ResidentSetSize of job (KB)
...
006 (5415472.184.000) 07/13 03:20:28 Image size of job updated: 1598296
	1011  -  MemoryUsage of job (MB)
	1034668  -  ResidentSetSize of job (KB)
...
006 (5415472.184.000) 07/13 04:00:34 Image size of job updated: 1599200
	1012  -  MemoryUsage of job (MB)
	1035572  -  ResidentSetSize of job (KB)
...
006 (5415472.184.000) 07/13 04:40:39 Image size of job updated: 1600108
	1013  -  MemoryUsage of job (MB)
	1036480  -  ResidentSetSize of job (KB)
...
006 (5415472.184.000) 07/13 05:20:43 Image size of job updated: 1601012
	1014  -  MemoryUsage of job (MB)
	1037380  -  ResidentSetSize of job (KB)
...
006 (5415472.184.000) 07/13 06:00:47 Image size of job updated: 1601916
	1014  -  MemoryUsage of job (MB)
	1038284  -  ResidentSetSize of job (KB)
...
006 (5415472.184.000) 07/13 06:40:53 Image size of job updated: 1602824
	1015  -  MemoryUsage of job (MB)
	1039160  -  ResidentSetSize of job (KB)
...
006 (5415472.184.000) 07/13 07:21:00 Image size of job updated: 1603728
	1016  -  MemoryUsage of job (MB)
	1040064  -  ResidentSetSize of job (KB)
...
006 (5415472.184.000) 07/13 08:06:03 Image size of job updated: 1604636
	1017  -  MemoryUsage of job (MB)
	1040972  -  ResidentSetSize of job (KB)
...
006 (5415472.184.000) 07/13 08:46:08 Image size of job updated: 1605540
	1018  -  MemoryUsage of job (MB)
	1041876  -  ResidentSetSize of job (KB)
...
006 (5415472.184.000) 07/13 09:31:13 Image size of job updated: 1606444
	1019  -  MemoryUsage of job (MB)
	1042764  -  ResidentSetSize of job (KB)
...
006 (5415472.184.000) 07/13 10:16:19 Image size of job updated: 1607352
	1020  -  MemoryUsage of job (MB)
	1043672  -  ResidentSetSize of job (KB)
...
006 (5415472.184.000) 07/13 10:56:24 Image size of job updated: 1608256
	1021  -  MemoryUsage of job (MB)
	1044572  -  ResidentSetSize of job (KB)
...
006 (5415472.184.000) 07/13 11:42:08 Image size of job updated: 1609164
	1021  -  MemoryUsage of job (MB)
	1045480  -  ResidentSetSize of job (KB)
...
006 (5415472.184.000) 07/13 12:22:14 Image size of job updated: 1610068
	1022  -  MemoryUsage of job (MB)
	1046384  -  ResidentSetSize of job (KB)
...
006 (5415472.184.000) 07/13 12:40:50 Image size of job updated: 1613140
	1024  -  MemoryUsage of job (MB)
	1047932  -  ResidentSetSize of job (KB)
...
006 (5415472.184.000) 07/13 12:50:50 Image size of job updated: 1613140
	1024  -  MemoryUsage of job (MB)
	1047944  -  ResidentSetSize of job (KB)
...
006 (5415472.184.000) 07/13 13:15:53 Image size of job updated: 1613140
	1024  -  MemoryUsage of job (MB)
	1047956  -  ResidentSetSize of job (KB)
...
006 (5415472.184.000) 07/13 13:40:57 Image size of job updated: 1613140
	1024  -  MemoryUsage of job (MB)
	1047968  -  ResidentSetSize of job (KB)
...
006 (5415472.184.000) 07/13 13:45:58 Image size of job updated: 1614044
	1025  -  MemoryUsage of job (MB)
	1048872  -  ResidentSetSize of job (KB)
...
006 (5415472.184.000) 07/13 14:01:00 Image size of job updated: 1614044
	1025  -  MemoryUsage of job (MB)
	1048884  -  ResidentSetSize of job (KB)
...
006 (5415472.184.000) 07/13 14:26:03 Image size of job updated: 1614044
	1025  -  MemoryUsage of job (MB)
	1048896  -  ResidentSetSize of job (KB)
...
006 (5415472.184.000) 07/13 14:31:04 Image size of job updated: 1614952
	1026  -  MemoryUsage of job (MB)
	1049804  -  ResidentSetSize of job (KB)
...
006 (5415472.184.000) 07/13 14:46:06 Image size of job updated: 1614952
	1026  -  MemoryUsage of job (MB)
	1049816  -  ResidentSetSize of job (KB)
...
006 (5415472.184.000) 07/13 15:11:09 Image size of job updated: 1615856
	1027  -  MemoryUsage of job (MB)
	1050732  -  ResidentSetSize of job (KB)
...
006 (5415472.184.000) 07/13 15:31:12 Image size of job updated: 1615856
	1027  -  MemoryUsage of job (MB)
	1050744  -  ResidentSetSize of job (KB)
...
006 (5415472.184.000) 07/13 15:56:15 Image size of job updated: 1616764
	1028  -  MemoryUsage of job (MB)
	1051664  -  ResidentSetSize of job (KB)
...
006 (5415472.184.000) 07/13 16:21:18 Image size of job updated: 1616764
	1028  -  MemoryUsage of job (MB)
	1051676  -  ResidentSetSize of job (KB)
...
006 (5415472.184.000) 07/13 16:41:20 Image size of job updated: 1617668
	1028  -  MemoryUsage of job (MB)
	1051908  -  ResidentSetSize of job (KB)
...
006 (5415472.184.000) 07/13 17:21:26 Image size of job updated: 1618576
	1028  -  MemoryUsage of job (MB)
	1051908  -  ResidentSetSize of job (KB)
...
006 (5415472.184.000) 07/13 18:05:54 Image size of job updated: 1619480
	1028  -  MemoryUsage of job (MB)
	1051996  -  ResidentSetSize of job (KB)
...
006 (5415472.184.000) 07/13 18:10:55 Image size of job updated: 1619480
	1028  -  MemoryUsage of job (MB)
	1052008  -  ResidentSetSize of job (KB)
...
006 (5415472.184.000) 07/13 18:35:58 Image size of job updated: 1619480
	1028  -  MemoryUsage of job (MB)
	1052020  -  ResidentSetSize of job (KB)
...
006 (5415472.184.000) 07/13 18:45:58 Image size of job updated: 1620384
	1029  -  MemoryUsage of job (MB)
	1052924  -  ResidentSetSize of job (KB)
...
006 (5415472.184.000) 07/13 18:55:58 Image size of job updated: 1620384
	1029  -  MemoryUsage of job (MB)
	1052936  -  ResidentSetSize of job (KB)
...
006 (5415472.184.000) 07/13 19:16:00 Image size of job updated: 1620384
	1029  -  MemoryUsage of job (MB)
	1052948  -  ResidentSetSize of job (KB)
...
006 (5415472.184.000) 07/13 19:26:01 Image size of job updated: 1621292
	1030  -  MemoryUsage of job (MB)
	1053856  -  ResidentSetSize of job (KB)
...
006 (5415472.184.000) 07/13 19:36:02 Image size of job updated: 1621292
	1030  -  MemoryUsage of job (MB)
	1053868  -  ResidentSetSize of job (KB)
...
006 (5415472.184.000) 07/13 19:56:05 Image size of job updated: 1621292
	1030  -  MemoryUsage of job (MB)
	1053872  -  ResidentSetSize of job (KB)
...
006 (5415472.184.000) 07/13 20:01:05 Image size of job updated: 1621292
	1030  -  MemoryUsage of job (MB)
	1053880  -  ResidentSetSize of job (KB)
...
006 (5415472.184.000) 07/13 20:06:05 Image size of job updated: 1622196
	1031  -  MemoryUsage of job (MB)
	1054784  -  ResidentSetSize of job (KB)
...
006 (5415472.184.000) 07/13 20:21:05 Image size of job updated: 1622196
	1031  -  MemoryUsage of job (MB)
	1054796  -  ResidentSetSize of job (KB)
...
006 (5415472.184.000) 07/13 20:41:05 Image size of job updated: 1622196
	1031  -  MemoryUsage of job (MB)
	1054808  -  ResidentSetSize of job (KB)
...
006 (5415472.184.000) 07/13 20:46:06 Image size of job updated: 1623104
	1031  -  MemoryUsage of job (MB)
	1055716  -  ResidentSetSize of job (KB)
...
006 (5415472.184.000) 07/13 21:01:07 Image size of job updated: 1623104
	1031  -  MemoryUsage of job (MB)
	1055728  -  ResidentSetSize of job (KB)
...
006 (5415472.184.000) 07/13 21:21:09 Image size of job updated: 1624008
	1032  -  MemoryUsage of job (MB)
	1056644  -  ResidentSetSize of job (KB)
...
006 (5415472.184.000) 07/13 21:41:12 Image size of job updated: 1624008
	1032  -  MemoryUsage of job (MB)
	1056656  -  ResidentSetSize of job (KB)
...
006 (5415472.184.000) 07/13 21:56:14 Image size of job updated: 1624912
	1033  -  MemoryUsage of job (MB)
	1057572  -  ResidentSetSize of job (KB)
...
006 (5415472.184.000) 07/13 22:21:18 Image size of job updated: 1624912
	1033  -  MemoryUsage of job (MB)
	1057584  -  ResidentSetSize of job (KB)
...
006 (5415472.184.000) 07/13 22:36:18 Image size of job updated: 1625820
	1034  -  MemoryUsage of job (MB)
	1058492  -  ResidentSetSize of job (KB)
...
006 (5415472.184.000) 07/13 22:41:18 Image size of job updated: 1625820
	1034  -  MemoryUsage of job (MB)
	1058504  -  ResidentSetSize of job (KB)
...
006 (5415472.184.000) 07/13 23:01:20 Image size of job updated: 1625820
	1034  -  MemoryUsage of job (MB)
	1058516  -  ResidentSetSize of job (KB)
...
006 (5415472.184.000) 07/13 23:21:23 Image size of job updated: 1626724
	1035  -  MemoryUsage of job (MB)
	1059420  -  ResidentSetSize of job (KB)
...
006 (5415472.184.000) 07/13 23:26:23 Image size of job updated: 1626724
	1035  -  MemoryUsage of job (MB)
	1059432  -  ResidentSetSize of job (KB)
...
006 (5415472.184.000) 07/13 23:51:25 Image size of job updated: 1626724
	1035  -  MemoryUsage of job (MB)
	1059444  -  ResidentSetSize of job (KB)
...
006 (5415472.184.000) 07/14 00:01:26 Image size of job updated: 1627632
	1036  -  MemoryUsage of job (MB)
	1060352  -  ResidentSetSize of job (KB)
...
006 (5415472.184.000) 07/14 00:11:26 Image size of job updated: 1627632
	1036  -  MemoryUsage of job (MB)
	1060364  -  ResidentSetSize of job (KB)
...
006 (5415472.184.000) 07/14 00:31:28 Image size of job updated: 1627632
	1036  -  MemoryUsage of job (MB)
	1060372  -  ResidentSetSize of job (KB)
...
006 (5415472.184.000) 07/14 00:36:28 Image size of job updated: 1627632
	1036  -  MemoryUsage of job (MB)
	1060376  -  ResidentSetSize of job (KB)
...
006 (5415472.184.000) 07/14 00:46:28 Image size of job updated: 1628536
	1037  -  MemoryUsage of job (MB)
	1061280  -  ResidentSetSize of job (KB)
...
006 (5415472.184.000) 07/14 00:56:28 Image size of job updated: 1628536
	1037  -  MemoryUsage of job (MB)
	1061292  -  ResidentSetSize of job (KB)
...
006 (5415472.184.000) 07/14 01:16:30 Image size of job updated: 1628536
	1037  -  MemoryUsage of job (MB)
	1061304  -  ResidentSetSize of job (KB)
...
006 (5415472.184.000) 07/14 01:26:31 Image size of job updated: 1629440
	1038  -  MemoryUsage of job (MB)
	1062208  -  ResidentSetSize of job (KB)
...
006 (5415472.184.000) 07/14 01:36:31 Image size of job updated: 1629440
	1038  -  MemoryUsage of job (MB)
	1062220  -  ResidentSetSize of job (KB)
...
006 (5415472.184.000) 07/14 02:01:33 Image size of job updated: 1629440
	1038  -  MemoryUsage of job (MB)
	1062232  -  ResidentSetSize of job (KB)
...
006 (5415472.184.000) 07/14 02:06:34 Image size of job updated: 1630348
	1039  -  MemoryUsage of job (MB)
	1063140  -  ResidentSetSize of job (KB)
...
006 (5415472.184.000) 07/14 02:16:36 Image size of job updated: 1630348
	1039  -  MemoryUsage of job (MB)
	1063152  -  ResidentSetSize of job (KB)
...
006 (5415472.184.000) 07/14 02:36:37 Image size of job updated: 1630348
	1039  -  MemoryUsage of job (MB)
	1063164  -  ResidentSetSize of job (KB)
...
006 (5415472.184.000) 07/14 02:41:37 Image size of job updated: 1631252
	1040  -  MemoryUsage of job (MB)
	1064068  -  ResidentSetSize of job (KB)
...
006 (5415472.184.000) 07/14 02:56:38 Image size of job updated: 1631252
	1040  -  MemoryUsage of job (MB)
	1064080  -  ResidentSetSize of job (KB)
...
006 (5415472.184.000) 07/14 03:16:41 Image size of job updated: 1632160
	1041  -  MemoryUsage of job (MB)
	1065000  -  ResidentSetSize of job (KB)
...
006 (5415472.184.000) 07/14 03:36:43 Image size of job updated: 1632160
	1041  -  MemoryUsage of job (MB)
	1065012  -  ResidentSetSize of job (KB)
...
006 (5415472.184.000) 07/14 03:56:47 Image size of job updated: 1636688
	1045  -  MemoryUsage of job (MB)
	1069556  -  ResidentSetSize of job (KB)
...
006 (5415472.184.000) 07/14 04:21:50 Image size of job updated: 1636688
	1045  -  MemoryUsage of job (MB)
	1069568  -  ResidentSetSize of job (KB)
...
006 (5415472.184.000) 07/14 04:41:53 Image size of job updated: 1636688
	1045  -  MemoryUsage of job (MB)
	1069580  -  ResidentSetSize of job (KB)
...
006 (5415472.184.000) 07/14 05:01:55 Image size of job updated: 1636688
	1045  -  MemoryUsage of job (MB)
	1069592  -  ResidentSetSize of job (KB)
...
006 (5415472.184.000) 07/14 05:26:58 Image size of job updated: 1636688
	1045  -  MemoryUsage of job (MB)
	1069604  -  ResidentSetSize of job (KB)
...
006 (5415472.184.000) 07/14 05:46:58 Image size of job updated: 1636688
	1045  -  MemoryUsage of job (MB)
	1069616  -  ResidentSetSize of job (KB)
...
006 (5415472.184.000) 07/14 06:12:01 Image size of job updated: 1636688
	1045  -  MemoryUsage of job (MB)
	1069628  -  ResidentSetSize of job (KB)
...
006 (5415472.184.000) 07/14 06:32:03 Image size of job updated: 1636688
	1045  -  MemoryUsage of job (MB)
	1069640  -  ResidentSetSize of job (KB)
...
006 (5415472.184.000) 07/14 06:57:05 Image size of job updated: 1636688
	1045  -  MemoryUsage of job (MB)
	1069652  -  ResidentSetSize of job (KB)
...
006 (5415472.184.000) 07/14 07:17:09 Image size of job updated: 1636688
	1045  -  MemoryUsage of job (MB)
	1069664  -  ResidentSetSize of job (KB)
...
006 (5415472.184.000) 07/14 07:37:11 Image size of job updated: 1636688
	1045  -  MemoryUsage of job (MB)
	1069676  -  ResidentSetSize of job (KB)
...
006 (5415472.184.000) 07/14 07:57:13 Image size of job updated: 1636688
	1045  -  MemoryUsage of job (MB)
	1069688  -  ResidentSetSize of job (KB)
...
006 (5415472.184.000) 07/14 08:22:14 Image size of job updated: 1636688
	1045  -  MemoryUsage of job (MB)
	1069700  -  ResidentSetSize of job (KB)
...
006 (5415472.184.000) 07/14 08:42:16 Image size of job updated: 1636688
	1045  -  MemoryUsage of job (MB)
	1069712  -  ResidentSetSize of job (KB)
...
006 (5415472.184.000) 07/14 08:57:17 Image size of job updated: 1636688
	1045  -  MemoryUsage of job (MB)
	1069724  -  ResidentSetSize of job (KB)
...
006 (5415472.184.000) 07/14 09:17:20 Image size of job updated: 1636688
	1045  -  MemoryUsage of job (MB)
	1069736  -  ResidentSetSize of job (KB)
...
006 (5415472.184.000) 07/14 09:37:22 Image size of job updated: 1636688
	1045  -  MemoryUsage of job (MB)
	1069748  -  ResidentSetSize of job (KB)
...
006 (5415472.184.000) 07/14 09:57:23 Image size of job updated: 1636688
	1045  -  MemoryUsage of job (MB)
	1069760  -  ResidentSetSize of job (KB)
...
006 (5415472.184.000) 07/14 10:17:25 Image size of job updated: 1636688
	1045  -  MemoryUsage of job (MB)
	1069772  -  ResidentSetSize of job (KB)
...
006 (5415472.184.000) 07/14 10:37:27 Image size of job updated: 1636688
	1045  -  MemoryUsage of job (MB)
	1069784  -  ResidentSetSize of job (KB)
...
006 (5415472.184.000) 07/14 11:02:29 Image size of job updated: 1636688
	1045  -  MemoryUsage of job (MB)
	1069796  -  ResidentSetSize of job (KB)
...
006 (5415472.184.000) 07/14 11:22:30 Image size of job updated: 1636688
	1045  -  MemoryUsage of job (MB)
	1069808  -  ResidentSetSize of job (KB)
...
006 (5415472.184.000) 07/14 11:42:31 Image size of job updated: 1636688
	1045  -  MemoryUsage of job (MB)
	1069820  -  ResidentSetSize of job (KB)
...
006 (5415472.184.000) 07/14 12:02:34 Image size of job updated: 1636688
	1045  -  MemoryUsage of job (MB)
	1069832  -  ResidentSetSize of job (KB)
...
006 (5415472.184.000) 07/14 12:22:37 Image size of job updated: 1636688
	1045  -  MemoryUsage of job (MB)
	1069844  -  ResidentSetSize of job (KB)
...
006 (5415472.184.000) 07/14 13:07:44 Image size of job updated: 1636688
	1045  -  MemoryUsage of job (MB)
	1069852  -  ResidentSetSize of job (KB)
...
006 (5415472.184.000) 07/14 13:27:46 Image size of job updated: 1636688
	1045  -  MemoryUsage of job (MB)
	1069864  -  ResidentSetSize of job (KB)
...
006 (5415472.184.000) 07/14 13:47:48 Image size of job updated: 1636688
	1045  -  MemoryUsage of job (MB)
	1069876  -  ResidentSetSize of job (KB)
...
006 (5415472.184.000) 07/14 14:12:52 Image size of job updated: 1636688
	1045  -  MemoryUsage of job (MB)
	1069888  -  ResidentSetSize of job (KB)
...
006 (5415472.184.000) 07/14 14:32:53 Image size of job updated: 1636688
	1045  -  MemoryUsage of job (MB)
	1069900  -  ResidentSetSize of job (KB)
...
006 (5415472.184.000) 07/14 16:03:00 Image size of job updated: 1636688
	1045  -  MemoryUsage of job (MB)
	1069908  -  ResidentSetSize of job (KB)
...
006 (5415472.184.000) 07/14 16:23:01 Image size of job updated: 1636688
	1045  -  MemoryUsage of job (MB)
	1069920  -  ResidentSetSize of job (KB)
...
007 (5415472.184.000) 07/14 21:09:12 Shadow exception!
	Assertion ERROR on (result)
	0  -  Run Bytes Sent By Job
	803  -  Run Bytes Received By Job
...
040 (5415472.184.000) 07/14 21:25:23 Started transferring input files
	Transferring to host: <128.142.82.248:9618?addrs=128.142.82.248-9618+[2001-1458-301-f5--100-115]-9618&alias=b7s13n3700.cern.ch&noUDP&sock=slot1_6_5429_f8b6_61976>
...
040 (5415472.184.000) 07/14 21:25:24 Finished transferring input files
...
001 (5415472.184.000) 07/14 21:25:27 Job executing on host: <128.142.82.248:9618?addrs=128.142.82.248-9618+[2001-1458-301-f5--100-115]-9618&alias=b7s13n3700.cern.ch&noUDP&sock=startd_4343_83e6>
...
040 (5415472.184.000) 07/20 07:02:21 Started transferring output files
...
040 (5415472.184.000) 07/20 07:02:21 Finished transferring output files
...
004 (5415472.184.000) 07/20 07:02:21 Job was evicted.
	(0) CPU times
		Usr 15 13:20:28, Sys 0 00:03:49  -  Run Remote Usage
		Usr 0 00:00:00, Sys 0 00:00:00  -  Run Local Usage
	96406  -  Run Bytes Sent By Job
	803  -  Run Bytes Received By Job
	Partitionable Resources :    Usage  Request Allocated 
	   Cpus                 :     3.04        4         4 
	   Disk (KB)            :   122    10485760  10902017 
	   Memory (MB)          :  1221        8000      8000 
...
