000 (5415472.472.000) 07/11 14:02:30 Job submitted from host: <137.138.156.150:9618?addrs=137.138.156.150-9618+[2001-1458-d00-14--9a]-9618&alias=bigbird13.cern.ch&noUDP&sock=schedd_1788_ff6c>
...
040 (5415472.472.000) 07/12 09:10:14 Started transferring input files
	Transferring to host: <128.142.85.237:9618?addrs=128.142.85.237-9618+[2001-1458-301-f6--100-1e4]-9618&alias=b7s14n9461.cern.ch&noUDP&sock=slot1_2_5612_e95d_68395>
...
040 (5415472.472.000) 07/12 09:10:14 Finished transferring input files
...
001 (5415472.472.000) 07/12 09:10:15 Job executing on host: <128.142.85.237:9618?addrs=128.142.85.237-9618+[2001-1458-301-f6--100-1e4]-9618&alias=b7s14n9461.cern.ch&noUDP&sock=startd_4442_6bc7>
...
006 (5415472.472.000) 07/12 09:10:24 Image size of job updated: 108120
	47  -  MemoryUsage of job (MB)
	47136  -  ResidentSetSize of job (KB)
...
006 (5415472.472.000) 07/12 09:15:25 Image size of job updated: 1590888
	1004  -  MemoryUsage of job (MB)
	1027332  -  ResidentSetSize of job (KB)
...
006 (5415472.472.000) 07/14 10:51:28 Image size of job updated: 1591872
	1005  -  MemoryUsage of job (MB)
	1028240  -  ResidentSetSize of job (KB)
...
006 (5415472.472.000) 07/14 12:06:37 Image size of job updated: 1592776
	1006  -  MemoryUsage of job (MB)
	1029144  -  ResidentSetSize of job (KB)
...
006 (5415472.472.000) 07/14 13:16:43 Image size of job updated: 1592776
	1006  -  MemoryUsage of job (MB)
	1030052  -  ResidentSetSize of job (KB)
...
006 (5415472.472.000) 07/14 13:21:44 Image size of job updated: 1593684
	1006  -  MemoryUsage of job (MB)
	1030052  -  ResidentSetSize of job (KB)
...
006 (5415472.472.000) 07/14 14:31:50 Image size of job updated: 1594588
	1007  -  MemoryUsage of job (MB)
	1030956  -  ResidentSetSize of job (KB)
...
006 (5415472.472.000) 07/14 15:36:58 Image size of job updated: 1595492
	1008  -  MemoryUsage of job (MB)
	1031860  -  ResidentSetSize of job (KB)
...
006 (5415472.472.000) 07/14 16:37:06 Image size of job updated: 1596400
	1009  -  MemoryUsage of job (MB)
	1032768  -  ResidentSetSize of job (KB)
...
006 (5415472.472.000) 07/14 17:42:15 Image size of job updated: 1597304
	1010  -  MemoryUsage of job (MB)
	1033672  -  ResidentSetSize of job (KB)
...
006 (5415472.472.000) 07/14 18:52:27 Image size of job updated: 1598212
	1011  -  MemoryUsage of job (MB)
	1034580  -  ResidentSetSize of job (KB)
...
006 (5415472.472.000) 07/14 20:02:36 Image size of job updated: 1599116
	1012  -  MemoryUsage of job (MB)
	1035484  -  ResidentSetSize of job (KB)
...
006 (5415472.472.000) 07/14 21:09:10 Image size of job updated: 1600020
	1013  -  MemoryUsage of job (MB)
	1036388  -  ResidentSetSize of job (KB)
...
006 (5415472.472.000) 07/14 22:13:41 Image size of job updated: 1600928
	1013  -  MemoryUsage of job (MB)
	1037296  -  ResidentSetSize of job (KB)
...
006 (5415472.472.000) 07/14 23:18:48 Image size of job updated: 1601832
	1014  -  MemoryUsage of job (MB)
	1038200  -  ResidentSetSize of job (KB)
...
006 (5415472.472.000) 07/15 00:13:52 Image size of job updated: 1602740
	1015  -  MemoryUsage of job (MB)
	1039108  -  ResidentSetSize of job (KB)
...
006 (5415472.472.000) 07/15 01:08:58 Image size of job updated: 1603644
	1016  -  MemoryUsage of job (MB)
	1040012  -  ResidentSetSize of job (KB)
...
006 (5415472.472.000) 07/15 02:04:06 Image size of job updated: 1604548
	1017  -  MemoryUsage of job (MB)
	1040916  -  ResidentSetSize of job (KB)
...
006 (5415472.472.000) 07/15 03:09:12 Image size of job updated: 1605456
	1018  -  MemoryUsage of job (MB)
	1041824  -  ResidentSetSize of job (KB)
...
006 (5415472.472.000) 07/15 04:19:21 Image size of job updated: 1606360
	1019  -  MemoryUsage of job (MB)
	1042728  -  ResidentSetSize of job (KB)
...
006 (5415472.472.000) 07/15 05:29:28 Image size of job updated: 1607268
	1020  -  MemoryUsage of job (MB)
	1043636  -  ResidentSetSize of job (KB)
...
006 (5415472.472.000) 07/15 06:44:33 Image size of job updated: 1608172
	1021  -  MemoryUsage of job (MB)
	1044540  -  ResidentSetSize of job (KB)
...
006 (5415472.472.000) 07/15 07:54:42 Image size of job updated: 1609076
	1021  -  MemoryUsage of job (MB)
	1045444  -  ResidentSetSize of job (KB)
...
006 (5415472.472.000) 07/15 08:54:47 Image size of job updated: 1609984
	1022  -  MemoryUsage of job (MB)
	1046352  -  ResidentSetSize of job (KB)
...
006 (5415472.472.000) 07/15 09:29:51 Image size of job updated: 1613056
	1024  -  MemoryUsage of job (MB)
	1047900  -  ResidentSetSize of job (KB)
...
006 (5415472.472.000) 07/15 09:49:53 Image size of job updated: 1613056
	1024  -  MemoryUsage of job (MB)
	1047912  -  ResidentSetSize of job (KB)
...
006 (5415472.472.000) 07/15 10:24:56 Image size of job updated: 1613056
	1024  -  MemoryUsage of job (MB)
	1047924  -  ResidentSetSize of job (KB)
...
006 (5415472.472.000) 07/15 10:54:59 Image size of job updated: 1613056
	1024  -  MemoryUsage of job (MB)
	1047936  -  ResidentSetSize of job (KB)
...
006 (5415472.472.000) 07/15 10:59:59 Image size of job updated: 1613960
	1025  -  MemoryUsage of job (MB)
	1048840  -  ResidentSetSize of job (KB)
...
006 (5415472.472.000) 07/15 11:25:03 Image size of job updated: 1613960
	1025  -  MemoryUsage of job (MB)
	1048852  -  ResidentSetSize of job (KB)
...
006 (5415472.472.000) 07/15 12:00:09 Image size of job updated: 1614868
	1026  -  MemoryUsage of job (MB)
	1049772  -  ResidentSetSize of job (KB)
...
006 (5415472.472.000) 07/15 12:35:13 Image size of job updated: 1614868
	1026  -  MemoryUsage of job (MB)
	1049784  -  ResidentSetSize of job (KB)
...
006 (5415472.472.000) 07/15 13:10:16 Image size of job updated: 1615772
	1027  -  MemoryUsage of job (MB)
	1050700  -  ResidentSetSize of job (KB)
...
006 (5415472.472.000) 07/15 13:50:20 Image size of job updated: 1615772
	1027  -  MemoryUsage of job (MB)
	1050712  -  ResidentSetSize of job (KB)
...
006 (5415472.472.000) 07/15 14:20:25 Image size of job updated: 1616680
	1027  -  MemoryUsage of job (MB)
	1051620  -  ResidentSetSize of job (KB)
...
006 (5415472.472.000) 07/15 14:25:26 Image size of job updated: 1616680
	1027  -  MemoryUsage of job (MB)
	1051632  -  ResidentSetSize of job (KB)
...
006 (5415472.472.000) 07/15 15:05:32 Image size of job updated: 1616680
	1027  -  MemoryUsage of job (MB)
	1051644  -  ResidentSetSize of job (KB)
...
006 (5415472.472.000) 07/15 15:35:34 Image size of job updated: 1617584
	1028  -  MemoryUsage of job (MB)
	1052548  -  ResidentSetSize of job (KB)
...
006 (5415472.472.000) 07/15 15:45:36 Image size of job updated: 1617584
	1028  -  MemoryUsage of job (MB)
	1052560  -  ResidentSetSize of job (KB)
...
006 (5415472.472.000) 07/15 16:20:39 Image size of job updated: 1617584
	1028  -  MemoryUsage of job (MB)
	1052572  -  ResidentSetSize of job (KB)
...
006 (5415472.472.000) 07/15 16:45:42 Image size of job updated: 1618488
	1029  -  MemoryUsage of job (MB)
	1053476  -  ResidentSetSize of job (KB)
...
006 (5415472.472.000) 07/15 17:00:43 Image size of job updated: 1618488
	1029  -  MemoryUsage of job (MB)
	1053488  -  ResidentSetSize of job (KB)
...
006 (5415472.472.000) 07/15 17:35:47 Image size of job updated: 1618488
	1029  -  MemoryUsage of job (MB)
	1053500  -  ResidentSetSize of job (KB)
...
006 (5415472.472.000) 07/15 17:55:50 Image size of job updated: 1619396
	1030  -  MemoryUsage of job (MB)
	1054408  -  ResidentSetSize of job (KB)
...
040 (5415472.472.000) 07/15 17:58:08 Started transferring output files
...
040 (5415472.472.000) 07/15 17:58:08 Finished transferring output files
...
004 (5415472.472.000) 07/15 17:58:08 Job was evicted.
	(0) CPU times
		Usr 9 18:03:30, Sys 0 00:02:58  -  Run Remote Usage
		Usr 0 00:00:00, Sys 0 00:00:00  -  Run Local Usage
	96188  -  Run Bytes Sent By Job
	803  -  Run Bytes Received By Job
	Partitionable Resources :    Usage  Request Allocated 
	   Cpus                 :     3.03        4         4 
	   Disk (KB)            :   120    10485760  10807446 
	   Memory (MB)          :  1030        8000      8000 
...
