000 (5415472.032.000) 07/11 14:02:28 Job submitted from host: <137.138.156.150:9618?addrs=137.138.156.150-9618+[2001-1458-d00-14--9a]-9618&alias=bigbird13.cern.ch&noUDP&sock=schedd_1788_ff6c>
...
040 (5415472.032.000) 07/11 14:03:26 Started transferring input files
	Transferring to host: <128.142.59.94:9618?addrs=128.142.59.94-9618+[2001-1458-301-21--100-5d]-9618&alias=b7s04p6075.cern.ch&noUDP&sock=slot1_28_6844_f78f_2865>
...
040 (5415472.032.000) 07/11 14:03:26 Finished transferring input files
...
001 (5415472.032.000) 07/11 14:03:27 Job executing on host: <128.142.59.94:9618?addrs=128.142.59.94-9618+[2001-1458-301-21--100-5d]-9618&alias=b7s04p6075.cern.ch&noUDP&sock=startd_6385_284b>
...
006 (5415472.032.000) 07/11 14:03:36 Image size of job updated: 568116
	51  -  MemoryUsage of job (MB)
	51496  -  ResidentSetSize of job (KB)
...
006 (5415472.032.000) 07/11 14:08:37 Image size of job updated: 1590968
	1004  -  MemoryUsage of job (MB)
	1027404  -  ResidentSetSize of job (KB)
...
006 (5415472.032.000) 07/12 07:00:27 Image size of job updated: 1590968
	1007  -  MemoryUsage of job (MB)
	1030528  -  ResidentSetSize of job (KB)
...
006 (5415472.032.000) 07/12 22:47:06 Image size of job updated: 1591952
	1008  -  MemoryUsage of job (MB)
	1031436  -  ResidentSetSize of job (KB)
...
006 (5415472.032.000) 07/12 23:32:09 Image size of job updated: 1592856
	1009  -  MemoryUsage of job (MB)
	1032340  -  ResidentSetSize of job (KB)
...
006 (5415472.032.000) 07/13 00:12:13 Image size of job updated: 1593760
	1010  -  MemoryUsage of job (MB)
	1033244  -  ResidentSetSize of job (KB)
...
006 (5415472.032.000) 07/13 00:52:18 Image size of job updated: 1594668
	1010  -  MemoryUsage of job (MB)
	1034152  -  ResidentSetSize of job (KB)
...
006 (5415472.032.000) 07/13 01:32:21 Image size of job updated: 1595572
	1011  -  MemoryUsage of job (MB)
	1035056  -  ResidentSetSize of job (KB)
...
006 (5415472.032.000) 07/13 02:12:24 Image size of job updated: 1596480
	1012  -  MemoryUsage of job (MB)
	1035964  -  ResidentSetSize of job (KB)
...
006 (5415472.032.000) 07/13 02:57:30 Image size of job updated: 1597384
	1013  -  MemoryUsage of job (MB)
	1036868  -  ResidentSetSize of job (KB)
...
006 (5415472.032.000) 07/13 03:37:35 Image size of job updated: 1598288
	1014  -  MemoryUsage of job (MB)
	1037772  -  ResidentSetSize of job (KB)
...
006 (5415472.032.000) 07/13 04:17:37 Image size of job updated: 1599196
	1015  -  MemoryUsage of job (MB)
	1038680  -  ResidentSetSize of job (KB)
...
006 (5415472.032.000) 07/13 04:57:39 Image size of job updated: 1600100
	1016  -  MemoryUsage of job (MB)
	1039584  -  ResidentSetSize of job (KB)
...
006 (5415472.032.000) 07/13 05:37:40 Image size of job updated: 1601008
	1017  -  MemoryUsage of job (MB)
	1040492  -  ResidentSetSize of job (KB)
...
006 (5415472.032.000) 07/13 06:17:44 Image size of job updated: 1601912
	1017  -  MemoryUsage of job (MB)
	1041396  -  ResidentSetSize of job (KB)
...
006 (5415472.032.000) 07/13 06:57:47 Image size of job updated: 1602816
	1018  -  MemoryUsage of job (MB)
	1042300  -  ResidentSetSize of job (KB)
...
006 (5415472.032.000) 07/13 07:37:50 Image size of job updated: 1603724
	1019  -  MemoryUsage of job (MB)
	1043208  -  ResidentSetSize of job (KB)
...
006 (5415472.032.000) 07/13 08:22:53 Image size of job updated: 1604628
	1020  -  MemoryUsage of job (MB)
	1044112  -  ResidentSetSize of job (KB)
...
006 (5415472.032.000) 07/13 09:03:00 Image size of job updated: 1605536
	1021  -  MemoryUsage of job (MB)
	1045020  -  ResidentSetSize of job (KB)
...
006 (5415472.032.000) 07/13 09:48:04 Image size of job updated: 1606440
	1022  -  MemoryUsage of job (MB)
	1045924  -  ResidentSetSize of job (KB)
...
006 (5415472.032.000) 07/13 10:28:10 Image size of job updated: 1607344
	1023  -  MemoryUsage of job (MB)
	1046828  -  ResidentSetSize of job (KB)
...
006 (5415472.032.000) 07/13 11:13:29 Image size of job updated: 1608252
	1024  -  MemoryUsage of job (MB)
	1047736  -  ResidentSetSize of job (KB)
...
006 (5415472.032.000) 07/13 11:54:30 Image size of job updated: 1609156
	1025  -  MemoryUsage of job (MB)
	1048640  -  ResidentSetSize of job (KB)
...
006 (5415472.032.000) 07/13 12:31:34 Image size of job updated: 1613684
	1029  -  MemoryUsage of job (MB)
	1053168  -  ResidentSetSize of job (KB)
...
006 (5415472.032.000) 07/13 12:51:36 Image size of job updated: 1616756
	1031  -  MemoryUsage of job (MB)
	1054728  -  ResidentSetSize of job (KB)
...
006 (5415472.032.000) 07/13 13:16:40 Image size of job updated: 1616756
	1031  -  MemoryUsage of job (MB)
	1054740  -  ResidentSetSize of job (KB)
...
006 (5415472.032.000) 07/13 13:36:41 Image size of job updated: 1616756
	1031  -  MemoryUsage of job (MB)
	1054752  -  ResidentSetSize of job (KB)
...
006 (5415472.032.000) 07/13 13:56:44 Image size of job updated: 1616756
	1031  -  MemoryUsage of job (MB)
	1054764  -  ResidentSetSize of job (KB)
...
006 (5415472.032.000) 07/13 14:16:48 Image size of job updated: 1616756
	1031  -  MemoryUsage of job (MB)
	1054776  -  ResidentSetSize of job (KB)
...
006 (5415472.032.000) 07/13 14:36:51 Image size of job updated: 1616756
	1031  -  MemoryUsage of job (MB)
	1054788  -  ResidentSetSize of job (KB)
...
006 (5415472.032.000) 07/13 14:56:52 Image size of job updated: 1616756
	1031  -  MemoryUsage of job (MB)
	1054800  -  ResidentSetSize of job (KB)
...
006 (5415472.032.000) 07/13 15:16:54 Image size of job updated: 1616756
	1031  -  MemoryUsage of job (MB)
	1054812  -  ResidentSetSize of job (KB)
...
006 (5415472.032.000) 07/13 15:31:57 Image size of job updated: 1616756
	1031  -  MemoryUsage of job (MB)
	1054824  -  ResidentSetSize of job (KB)
...
006 (5415472.032.000) 07/13 15:52:00 Image size of job updated: 1616756
	1031  -  MemoryUsage of job (MB)
	1054836  -  ResidentSetSize of job (KB)
...
006 (5415472.032.000) 07/13 16:07:02 Image size of job updated: 1616756
	1031  -  MemoryUsage of job (MB)
	1054848  -  ResidentSetSize of job (KB)
...
006 (5415472.032.000) 07/13 16:27:04 Image size of job updated: 1616756
	1031  -  MemoryUsage of job (MB)
	1054860  -  ResidentSetSize of job (KB)
...
006 (5415472.032.000) 07/13 16:47:08 Image size of job updated: 1616756
	1031  -  MemoryUsage of job (MB)
	1054872  -  ResidentSetSize of job (KB)
...
006 (5415472.032.000) 07/13 17:02:09 Image size of job updated: 1616756
	1031  -  MemoryUsage of job (MB)
	1054884  -  ResidentSetSize of job (KB)
...
006 (5415472.032.000) 07/13 17:22:11 Image size of job updated: 1616756
	1031  -  MemoryUsage of job (MB)
	1054896  -  ResidentSetSize of job (KB)
...
006 (5415472.032.000) 07/13 17:42:42 Image size of job updated: 1616756
	1031  -  MemoryUsage of job (MB)
	1054908  -  ResidentSetSize of job (KB)
...
006 (5415472.032.000) 07/13 17:57:45 Image size of job updated: 1616756
	1031  -  MemoryUsage of job (MB)
	1054912  -  ResidentSetSize of job (KB)
...
006 (5415472.032.000) 07/13 18:02:46 Image size of job updated: 1616756
	1031  -  MemoryUsage of job (MB)
	1054920  -  ResidentSetSize of job (KB)
...
006 (5415472.032.000) 07/13 18:17:48 Image size of job updated: 1616756
	1031  -  MemoryUsage of job (MB)
	1054932  -  ResidentSetSize of job (KB)
...
006 (5415472.032.000) 07/13 18:37:50 Image size of job updated: 1616756
	1031  -  MemoryUsage of job (MB)
	1054944  -  ResidentSetSize of job (KB)
...
006 (5415472.032.000) 07/13 18:52:51 Image size of job updated: 1616756
	1031  -  MemoryUsage of job (MB)
	1054956  -  ResidentSetSize of job (KB)
...
006 (5415472.032.000) 07/13 19:12:54 Image size of job updated: 1616756
	1031  -  MemoryUsage of job (MB)
	1054968  -  ResidentSetSize of job (KB)
...
006 (5415472.032.000) 07/13 19:37:58 Image size of job updated: 1616756
	1031  -  MemoryUsage of job (MB)
	1054980  -  ResidentSetSize of job (KB)
...
006 (5415472.032.000) 07/13 19:58:01 Image size of job updated: 1616756
	1031  -  MemoryUsage of job (MB)
	1054992  -  ResidentSetSize of job (KB)
...
006 (5415472.032.000) 07/13 20:23:04 Image size of job updated: 1616756
	1031  -  MemoryUsage of job (MB)
	1055004  -  ResidentSetSize of job (KB)
...
006 (5415472.032.000) 07/13 20:43:07 Image size of job updated: 1616756
	1031  -  MemoryUsage of job (MB)
	1055016  -  ResidentSetSize of job (KB)
...
006 (5415472.032.000) 07/13 21:08:09 Image size of job updated: 1616756
	1031  -  MemoryUsage of job (MB)
	1055028  -  ResidentSetSize of job (KB)
...
006 (5415472.032.000) 07/13 21:28:09 Image size of job updated: 1616756
	1031  -  MemoryUsage of job (MB)
	1055040  -  ResidentSetSize of job (KB)
...
006 (5415472.032.000) 07/13 21:53:13 Image size of job updated: 1616756
	1031  -  MemoryUsage of job (MB)
	1055052  -  ResidentSetSize of job (KB)
...
006 (5415472.032.000) 07/13 22:13:14 Image size of job updated: 1616756
	1031  -  MemoryUsage of job (MB)
	1055064  -  ResidentSetSize of job (KB)
...
006 (5415472.032.000) 07/13 22:38:16 Image size of job updated: 1616756
	1031  -  MemoryUsage of job (MB)
	1055076  -  ResidentSetSize of job (KB)
...
006 (5415472.032.000) 07/13 23:03:17 Image size of job updated: 1616756
	1031  -  MemoryUsage of job (MB)
	1055088  -  ResidentSetSize of job (KB)
...
006 (5415472.032.000) 07/13 23:28:19 Image size of job updated: 1616756
	1031  -  MemoryUsage of job (MB)
	1055100  -  ResidentSetSize of job (KB)
...
006 (5415472.032.000) 07/13 23:53:22 Image size of job updated: 1616756
	1031  -  MemoryUsage of job (MB)
	1055112  -  ResidentSetSize of job (KB)
...
006 (5415472.032.000) 07/14 00:18:25 Image size of job updated: 1616756
	1031  -  MemoryUsage of job (MB)
	1055124  -  ResidentSetSize of job (KB)
...
006 (5415472.032.000) 07/14 00:43:28 Image size of job updated: 1616756
	1031  -  MemoryUsage of job (MB)
	1055136  -  ResidentSetSize of job (KB)
...
006 (5415472.032.000) 07/14 01:08:28 Image size of job updated: 1616756
	1031  -  MemoryUsage of job (MB)
	1055148  -  ResidentSetSize of job (KB)
...
006 (5415472.032.000) 07/14 01:28:30 Image size of job updated: 1616756
	1031  -  MemoryUsage of job (MB)
	1055160  -  ResidentSetSize of job (KB)
...
006 (5415472.032.000) 07/14 01:53:33 Image size of job updated: 1616756
	1031  -  MemoryUsage of job (MB)
	1055172  -  ResidentSetSize of job (KB)
...
006 (5415472.032.000) 07/14 02:13:37 Image size of job updated: 1616756
	1031  -  MemoryUsage of job (MB)
	1055184  -  ResidentSetSize of job (KB)
...
006 (5415472.032.000) 07/14 02:33:40 Image size of job updated: 1616756
	1031  -  MemoryUsage of job (MB)
	1055196  -  ResidentSetSize of job (KB)
...
006 (5415472.032.000) 07/14 02:53:41 Image size of job updated: 1616756
	1031  -  MemoryUsage of job (MB)
	1055208  -  ResidentSetSize of job (KB)
...
006 (5415472.032.000) 07/14 03:18:43 Image size of job updated: 1616756
	1031  -  MemoryUsage of job (MB)
	1055220  -  ResidentSetSize of job (KB)
...
006 (5415472.032.000) 07/14 03:38:46 Image size of job updated: 1616756
	1031  -  MemoryUsage of job (MB)
	1055232  -  ResidentSetSize of job (KB)
...
006 (5415472.032.000) 07/14 04:03:50 Image size of job updated: 1616756
	1031  -  MemoryUsage of job (MB)
	1055244  -  ResidentSetSize of job (KB)
...
006 (5415472.032.000) 07/14 04:23:53 Image size of job updated: 1616756
	1031  -  MemoryUsage of job (MB)
	1055256  -  ResidentSetSize of job (KB)
...
006 (5415472.032.000) 07/14 04:48:57 Image size of job updated: 1616756
	1031  -  MemoryUsage of job (MB)
	1055268  -  ResidentSetSize of job (KB)
...
006 (5415472.032.000) 07/14 05:08:58 Image size of job updated: 1616756
	1031  -  MemoryUsage of job (MB)
	1055280  -  ResidentSetSize of job (KB)
...
006 (5415472.032.000) 07/14 05:28:58 Image size of job updated: 1616756
	1031  -  MemoryUsage of job (MB)
	1055292  -  ResidentSetSize of job (KB)
...
006 (5415472.032.000) 07/14 05:54:02 Image size of job updated: 1616756
	1031  -  MemoryUsage of job (MB)
	1055304  -  ResidentSetSize of job (KB)
...
006 (5415472.032.000) 07/14 06:19:06 Image size of job updated: 1616756
	1031  -  MemoryUsage of job (MB)
	1055316  -  ResidentSetSize of job (KB)
...
006 (5415472.032.000) 07/14 06:39:07 Image size of job updated: 1616756
	1031  -  MemoryUsage of job (MB)
	1055328  -  ResidentSetSize of job (KB)
...
006 (5415472.032.000) 07/14 06:59:09 Image size of job updated: 1616756
	1031  -  MemoryUsage of job (MB)
	1055340  -  ResidentSetSize of job (KB)
...
006 (5415472.032.000) 07/14 07:24:12 Image size of job updated: 1616756
	1031  -  MemoryUsage of job (MB)
	1055352  -  ResidentSetSize of job (KB)
...
006 (5415472.032.000) 07/14 07:44:15 Image size of job updated: 1616756
	1031  -  MemoryUsage of job (MB)
	1055364  -  ResidentSetSize of job (KB)
...
006 (5415472.032.000) 07/14 08:04:17 Image size of job updated: 1616756
	1031  -  MemoryUsage of job (MB)
	1055376  -  ResidentSetSize of job (KB)
...
006 (5415472.032.000) 07/14 08:24:20 Image size of job updated: 1616756
	1031  -  MemoryUsage of job (MB)
	1055388  -  ResidentSetSize of job (KB)
...
006 (5415472.032.000) 07/14 08:44:21 Image size of job updated: 1616756
	1031  -  MemoryUsage of job (MB)
	1055400  -  ResidentSetSize of job (KB)
...
006 (5415472.032.000) 07/14 09:04:23 Image size of job updated: 1616756
	1031  -  MemoryUsage of job (MB)
	1055412  -  ResidentSetSize of job (KB)
...
006 (5415472.032.000) 07/14 09:24:27 Image size of job updated: 1616756
	1031  -  MemoryUsage of job (MB)
	1055424  -  ResidentSetSize of job (KB)
...
006 (5415472.032.000) 07/14 09:44:28 Image size of job updated: 1616756
	1031  -  MemoryUsage of job (MB)
	1055436  -  ResidentSetSize of job (KB)
...
006 (5415472.032.000) 07/14 10:09:30 Image size of job updated: 1616756
	1031  -  MemoryUsage of job (MB)
	1055448  -  ResidentSetSize of job (KB)
...
006 (5415472.032.000) 07/14 10:29:32 Image size of job updated: 1616756
	1031  -  MemoryUsage of job (MB)
	1055460  -  ResidentSetSize of job (KB)
...
006 (5415472.032.000) 07/14 10:49:35 Image size of job updated: 1616756
	1031  -  MemoryUsage of job (MB)
	1055472  -  ResidentSetSize of job (KB)
...
006 (5415472.032.000) 07/14 11:09:36 Image size of job updated: 1616756
	1031  -  MemoryUsage of job (MB)
	1055484  -  ResidentSetSize of job (KB)
...
006 (5415472.032.000) 07/14 11:34:38 Image size of job updated: 1616756
	1031  -  MemoryUsage of job (MB)
	1055496  -  ResidentSetSize of job (KB)
...
006 (5415472.032.000) 07/14 11:54:40 Image size of job updated: 1616756
	1031  -  MemoryUsage of job (MB)
	1055508  -  ResidentSetSize of job (KB)
...
006 (5415472.032.000) 07/14 12:14:43 Image size of job updated: 1616756
	1031  -  MemoryUsage of job (MB)
	1055520  -  ResidentSetSize of job (KB)
...
006 (5415472.032.000) 07/14 12:34:44 Image size of job updated: 1616756
	1031  -  MemoryUsage of job (MB)
	1055532  -  ResidentSetSize of job (KB)
...
006 (5415472.032.000) 07/14 12:54:47 Image size of job updated: 1616756
	1031  -  MemoryUsage of job (MB)
	1055544  -  ResidentSetSize of job (KB)
...
006 (5415472.032.000) 07/14 13:19:51 Image size of job updated: 1616756
	1031  -  MemoryUsage of job (MB)
	1055556  -  ResidentSetSize of job (KB)
...
006 (5415472.032.000) 07/14 13:39:53 Image size of job updated: 1616756
	1031  -  MemoryUsage of job (MB)
	1055568  -  ResidentSetSize of job (KB)
...
006 (5415472.032.000) 07/14 14:04:55 Image size of job updated: 1616756
	1031  -  MemoryUsage of job (MB)
	1055580  -  ResidentSetSize of job (KB)
...
006 (5415472.032.000) 07/14 14:24:57 Image size of job updated: 1616756
	1031  -  MemoryUsage of job (MB)
	1055592  -  ResidentSetSize of job (KB)
...
006 (5415472.032.000) 07/14 14:45:01 Image size of job updated: 1616756
	1031  -  MemoryUsage of job (MB)
	1055604  -  ResidentSetSize of job (KB)
...
006 (5415472.032.000) 07/14 15:10:04 Image size of job updated: 1616756
	1031  -  MemoryUsage of job (MB)
	1055616  -  ResidentSetSize of job (KB)
...
006 (5415472.032.000) 07/14 15:25:06 Image size of job updated: 1616756
	1031  -  MemoryUsage of job (MB)
	1055628  -  ResidentSetSize of job (KB)
...
006 (5415472.032.000) 07/14 15:45:07 Image size of job updated: 1616756
	1031  -  MemoryUsage of job (MB)
	1055640  -  ResidentSetSize of job (KB)
...
006 (5415472.032.000) 07/14 16:05:09 Image size of job updated: 1616756
	1031  -  MemoryUsage of job (MB)
	1055652  -  ResidentSetSize of job (KB)
...
006 (5415472.032.000) 07/14 16:25:11 Image size of job updated: 1616756
	1031  -  MemoryUsage of job (MB)
	1055664  -  ResidentSetSize of job (KB)
...
006 (5415472.032.000) 07/14 16:50:13 Image size of job updated: 1616756
	1031  -  MemoryUsage of job (MB)
	1055676  -  ResidentSetSize of job (KB)
...
006 (5415472.032.000) 07/14 17:10:15 Image size of job updated: 1616756
	1031  -  MemoryUsage of job (MB)
	1055688  -  ResidentSetSize of job (KB)
...
006 (5415472.032.000) 07/14 17:35:16 Image size of job updated: 1616756
	1031  -  MemoryUsage of job (MB)
	1055700  -  ResidentSetSize of job (KB)
...
006 (5415472.032.000) 07/14 18:00:18 Image size of job updated: 1616756
	1031  -  MemoryUsage of job (MB)
	1055712  -  ResidentSetSize of job (KB)
...
006 (5415472.032.000) 07/14 18:20:20 Image size of job updated: 1616756
	1031  -  MemoryUsage of job (MB)
	1055724  -  ResidentSetSize of job (KB)
...
006 (5415472.032.000) 07/14 18:40:20 Image size of job updated: 1616756
	1031  -  MemoryUsage of job (MB)
	1055736  -  ResidentSetSize of job (KB)
...
006 (5415472.032.000) 07/14 19:00:22 Image size of job updated: 1616756
	1032  -  MemoryUsage of job (MB)
	1055748  -  ResidentSetSize of job (KB)
...
006 (5415472.032.000) 07/14 19:20:23 Image size of job updated: 1616756
	1032  -  MemoryUsage of job (MB)
	1055760  -  ResidentSetSize of job (KB)
...
006 (5415472.032.000) 07/14 19:40:24 Image size of job updated: 1616756
	1032  -  MemoryUsage of job (MB)
	1055764  -  ResidentSetSize of job (KB)
...
006 (5415472.032.000) 07/14 19:45:24 Image size of job updated: 1616756
	1032  -  MemoryUsage of job (MB)
	1055772  -  ResidentSetSize of job (KB)
...
006 (5415472.032.000) 07/14 20:05:25 Image size of job updated: 1616756
	1032  -  MemoryUsage of job (MB)
	1055784  -  ResidentSetSize of job (KB)
...
006 (5415472.032.000) 07/14 20:25:29 Image size of job updated: 1616756
	1032  -  MemoryUsage of job (MB)
	1055796  -  ResidentSetSize of job (KB)
...
006 (5415472.032.000) 07/14 20:45:32 Image size of job updated: 1616756
	1032  -  MemoryUsage of job (MB)
	1055808  -  ResidentSetSize of job (KB)
...
007 (5415472.032.000) 07/14 21:12:12 Shadow exception!
	Assertion ERROR on (result)
	0  -  Run Bytes Sent By Job
	803  -  Run Bytes Received By Job
...
040 (5415472.032.000) 07/14 21:21:18 Started transferring input files
	Transferring to host: <128.142.80.174:9618?addrs=128.142.80.174-9618+[2001-1458-301-f5--100-440]-9618&alias=b7s13n6455.cern.ch&noUDP&sock=slot1_4_5659_06ff_63017>
...
040 (5415472.032.000) 07/14 21:21:18 Finished transferring input files
...
001 (5415472.032.000) 07/14 21:21:19 Job executing on host: <128.142.80.174:9618?addrs=128.142.80.174-9618+[2001-1458-301-f5--100-440]-9618&alias=b7s13n6455.cern.ch&noUDP&sock=startd_4493_671b>
...
040 (5415472.032.000) 07/18 15:08:08 Started transferring output files
...
040 (5415472.032.000) 07/18 15:08:08 Finished transferring output files
...
004 (5415472.032.000) 07/18 15:08:08 Job was evicted.
	(0) CPU times
		Usr 10 14:59:46, Sys 0 00:03:20  -  Run Remote Usage
		Usr 0 00:00:00, Sys 0 00:00:00  -  Run Local Usage
	96424  -  Run Bytes Sent By Job
	803  -  Run Bytes Received By Job
	Partitionable Resources :    Usage  Request Allocated 
	   Cpus                 :     2.88        4         4 
	   Disk (KB)            :   122    10485760  10711035 
	   Memory (MB)          :  1221        8000      8000 
...
