000 (5415472.242.000) 07/11 14:02:29 Job submitted from host: <137.138.156.150:9618?addrs=137.138.156.150-9618+[2001-1458-d00-14--9a]-9618&alias=bigbird13.cern.ch&noUDP&sock=schedd_1788_ff6c>
...
040 (5415472.242.000) 07/11 14:25:59 Started transferring input files
	Transferring to host: <128.142.82.204:9618?addrs=128.142.82.204-9618+[2001-1458-301-f5--100-4a6]-9618&alias=b7s13n3092.cern.ch&noUDP&sock=slot1_1_9228_b5f0_114463>
...
040 (5415472.242.000) 07/11 14:25:59 Finished transferring input files
...
001 (5415472.242.000) 07/11 14:26:00 Job executing on host: <128.142.82.204:9618?addrs=128.142.82.204-9618+[2001-1458-301-f5--100-4a6]-9618&alias=b7s13n3092.cern.ch&noUDP&sock=startd_16724_d9f7>
...
006 (5415472.242.000) 07/11 14:26:08 Image size of job updated: 226396
	195  -  MemoryUsage of job (MB)
	198908  -  ResidentSetSize of job (KB)
...
006 (5415472.242.000) 07/11 14:31:08 Image size of job updated: 1591068
	1004  -  MemoryUsage of job (MB)
	1027532  -  ResidentSetSize of job (KB)
...
006 (5415472.242.000) 07/13 19:19:17 Image size of job updated: 1592048
	1004  -  MemoryUsage of job (MB)
	1028052  -  ResidentSetSize of job (KB)
...
006 (5415472.242.000) 07/13 20:24:24 Image size of job updated: 1592956
	1005  -  MemoryUsage of job (MB)
	1028960  -  ResidentSetSize of job (KB)
...
006 (5415472.242.000) 07/13 21:29:32 Image size of job updated: 1593860
	1006  -  MemoryUsage of job (MB)
	1029864  -  ResidentSetSize of job (KB)
...
006 (5415472.242.000) 07/13 22:34:39 Image size of job updated: 1593860
	1007  -  MemoryUsage of job (MB)
	1030772  -  ResidentSetSize of job (KB)
...
006 (5415472.242.000) 07/13 22:39:39 Image size of job updated: 1594768
	1007  -  MemoryUsage of job (MB)
	1030772  -  ResidentSetSize of job (KB)
...
006 (5415472.242.000) 07/13 23:44:48 Image size of job updated: 1595672
	1008  -  MemoryUsage of job (MB)
	1031676  -  ResidentSetSize of job (KB)
...
006 (5415472.242.000) 07/14 00:54:57 Image size of job updated: 1596580
	1009  -  MemoryUsage of job (MB)
	1032580  -  ResidentSetSize of job (KB)
...
006 (5415472.242.000) 07/14 02:00:03 Image size of job updated: 1597484
	1010  -  MemoryUsage of job (MB)
	1033488  -  ResidentSetSize of job (KB)
...
006 (5415472.242.000) 07/14 03:05:07 Image size of job updated: 1598388
	1011  -  MemoryUsage of job (MB)
	1034392  -  ResidentSetSize of job (KB)
...
006 (5415472.242.000) 07/14 04:05:15 Image size of job updated: 1599296
	1012  -  MemoryUsage of job (MB)
	1035300  -  ResidentSetSize of job (KB)
...
006 (5415472.242.000) 07/14 04:55:19 Image size of job updated: 1600200
	1012  -  MemoryUsage of job (MB)
	1036204  -  ResidentSetSize of job (KB)
...
006 (5415472.242.000) 07/14 05:55:22 Image size of job updated: 1601108
	1013  -  MemoryUsage of job (MB)
	1037112  -  ResidentSetSize of job (KB)
...
006 (5415472.242.000) 07/14 06:55:26 Image size of job updated: 1602012
	1014  -  MemoryUsage of job (MB)
	1038016  -  ResidentSetSize of job (KB)
...
006 (5415472.242.000) 07/14 07:55:31 Image size of job updated: 1602916
	1015  -  MemoryUsage of job (MB)
	1038920  -  ResidentSetSize of job (KB)
...
006 (5415472.242.000) 07/14 08:55:33 Image size of job updated: 1603824
	1016  -  MemoryUsage of job (MB)
	1039828  -  ResidentSetSize of job (KB)
...
006 (5415472.242.000) 07/14 09:55:39 Image size of job updated: 1604728
	1017  -  MemoryUsage of job (MB)
	1040732  -  ResidentSetSize of job (KB)
...
006 (5415472.242.000) 07/14 10:55:45 Image size of job updated: 1605636
	1018  -  MemoryUsage of job (MB)
	1041640  -  ResidentSetSize of job (KB)
...
006 (5415472.242.000) 07/14 11:55:52 Image size of job updated: 1606540
	1019  -  MemoryUsage of job (MB)
	1042544  -  ResidentSetSize of job (KB)
...
006 (5415472.242.000) 07/14 12:55:57 Image size of job updated: 1607444
	1019  -  MemoryUsage of job (MB)
	1043448  -  ResidentSetSize of job (KB)
...
006 (5415472.242.000) 07/14 13:56:04 Image size of job updated: 1608352
	1020  -  MemoryUsage of job (MB)
	1044356  -  ResidentSetSize of job (KB)
...
006 (5415472.242.000) 07/14 15:01:13 Image size of job updated: 1609256
	1021  -  MemoryUsage of job (MB)
	1045260  -  ResidentSetSize of job (KB)
...
006 (5415472.242.000) 07/14 15:31:18 Image size of job updated: 1612328
	1023  -  MemoryUsage of job (MB)
	1046808  -  ResidentSetSize of job (KB)
...
006 (5415472.242.000) 07/14 15:41:18 Image size of job updated: 1612328
	1023  -  MemoryUsage of job (MB)
	1046820  -  ResidentSetSize of job (KB)
...
006 (5415472.242.000) 07/14 16:16:19 Image size of job updated: 1612328
	1023  -  MemoryUsage of job (MB)
	1046832  -  ResidentSetSize of job (KB)
...
006 (5415472.242.000) 07/14 16:46:21 Image size of job updated: 1612328
	1023  -  MemoryUsage of job (MB)
	1046844  -  ResidentSetSize of job (KB)
...
006 (5415472.242.000) 07/14 17:06:22 Image size of job updated: 1613236
	1024  -  MemoryUsage of job (MB)
	1047752  -  ResidentSetSize of job (KB)
...
006 (5415472.242.000) 07/14 17:21:24 Image size of job updated: 1613236
	1024  -  MemoryUsage of job (MB)
	1047764  -  ResidentSetSize of job (KB)
...
006 (5415472.242.000) 07/14 17:56:27 Image size of job updated: 1613236
	1024  -  MemoryUsage of job (MB)
	1047776  -  ResidentSetSize of job (KB)
...
006 (5415472.242.000) 07/14 18:06:27 Image size of job updated: 1614140
	1025  -  MemoryUsage of job (MB)
	1048680  -  ResidentSetSize of job (KB)
...
006 (5415472.242.000) 07/14 18:26:30 Image size of job updated: 1614140
	1025  -  MemoryUsage of job (MB)
	1048692  -  ResidentSetSize of job (KB)
...
006 (5415472.242.000) 07/14 19:01:33 Image size of job updated: 1614140
	1025  -  MemoryUsage of job (MB)
	1048704  -  ResidentSetSize of job (KB)
...
006 (5415472.242.000) 07/14 19:11:35 Image size of job updated: 1615044
	1026  -  MemoryUsage of job (MB)
	1049608  -  ResidentSetSize of job (KB)
...
006 (5415472.242.000) 07/14 19:31:35 Image size of job updated: 1615044
	1026  -  MemoryUsage of job (MB)
	1049620  -  ResidentSetSize of job (KB)
...
006 (5415472.242.000) 07/14 20:06:38 Image size of job updated: 1615044
	1026  -  MemoryUsage of job (MB)
	1049632  -  ResidentSetSize of job (KB)
...
006 (5415472.242.000) 07/14 20:11:38 Image size of job updated: 1615952
	1026  -  MemoryUsage of job (MB)
	1050540  -  ResidentSetSize of job (KB)
...
006 (5415472.242.000) 07/14 20:41:40 Image size of job updated: 1615952
	1026  -  MemoryUsage of job (MB)
	1050552  -  ResidentSetSize of job (KB)
...
006 (5415472.242.000) 07/14 21:12:07 Image size of job updated: 1615952
	1026  -  MemoryUsage of job (MB)
	1050564  -  ResidentSetSize of job (KB)
...
006 (5415472.242.000) 07/14 21:17:43 Image size of job updated: 1616856
	1027  -  MemoryUsage of job (MB)
	1051468  -  ResidentSetSize of job (KB)
...
006 (5415472.242.000) 07/14 21:42:47 Image size of job updated: 1616856
	1027  -  MemoryUsage of job (MB)
	1051480  -  ResidentSetSize of job (KB)
...
006 (5415472.242.000) 07/14 22:17:53 Image size of job updated: 1617764
	1028  -  MemoryUsage of job (MB)
	1052400  -  ResidentSetSize of job (KB)
...
006 (5415472.242.000) 07/14 22:47:56 Image size of job updated: 1617764
	1028  -  MemoryUsage of job (MB)
	1052412  -  ResidentSetSize of job (KB)
...
006 (5415472.242.000) 07/14 23:17:59 Image size of job updated: 1618668
	1029  -  MemoryUsage of job (MB)
	1053316  -  ResidentSetSize of job (KB)
...
006 (5415472.242.000) 07/14 23:22:59 Image size of job updated: 1618668
	1029  -  MemoryUsage of job (MB)
	1053320  -  ResidentSetSize of job (KB)
...
006 (5415472.242.000) 07/14 23:28:00 Image size of job updated: 1618668
	1029  -  MemoryUsage of job (MB)
	1053328  -  ResidentSetSize of job (KB)
...
006 (5415472.242.000) 07/15 00:03:05 Image size of job updated: 1618668
	1029  -  MemoryUsage of job (MB)
	1053340  -  ResidentSetSize of job (KB)
...
006 (5415472.242.000) 07/15 00:28:10 Image size of job updated: 1619576
	1030  -  MemoryUsage of job (MB)
	1054248  -  ResidentSetSize of job (KB)
...
006 (5415472.242.000) 07/15 00:38:11 Image size of job updated: 1619576
	1030  -  MemoryUsage of job (MB)
	1054260  -  ResidentSetSize of job (KB)
...
006 (5415472.242.000) 07/15 01:13:15 Image size of job updated: 1619576
	1030  -  MemoryUsage of job (MB)
	1054272  -  ResidentSetSize of job (KB)
...
006 (5415472.242.000) 07/15 01:33:16 Image size of job updated: 1620480
	1031  -  MemoryUsage of job (MB)
	1055176  -  ResidentSetSize of job (KB)
...
006 (5415472.242.000) 07/15 01:43:17 Image size of job updated: 1620480
	1031  -  MemoryUsage of job (MB)
	1055188  -  ResidentSetSize of job (KB)
...
006 (5415472.242.000) 07/15 02:13:21 Image size of job updated: 1620480
	1031  -  MemoryUsage of job (MB)
	1055200  -  ResidentSetSize of job (KB)
...
006 (5415472.242.000) 07/15 02:28:23 Image size of job updated: 1621384
	1032  -  MemoryUsage of job (MB)
	1056104  -  ResidentSetSize of job (KB)
...
006 (5415472.242.000) 07/15 02:48:26 Image size of job updated: 1621384
	1032  -  MemoryUsage of job (MB)
	1056116  -  ResidentSetSize of job (KB)
...
006 (5415472.242.000) 07/15 03:23:30 Image size of job updated: 1621384
	1032  -  MemoryUsage of job (MB)
	1056128  -  ResidentSetSize of job (KB)
...
006 (5415472.242.000) 07/15 03:38:31 Image size of job updated: 1622292
	1033  -  MemoryUsage of job (MB)
	1057036  -  ResidentSetSize of job (KB)
...
006 (5415472.242.000) 07/15 03:58:32 Image size of job updated: 1622292
	1033  -  MemoryUsage of job (MB)
	1057048  -  ResidentSetSize of job (KB)
...
006 (5415472.242.000) 07/15 04:33:34 Image size of job updated: 1622292
	1033  -  MemoryUsage of job (MB)
	1057060  -  ResidentSetSize of job (KB)
...
006 (5415472.242.000) 07/15 04:43:35 Image size of job updated: 1623196
	1034  -  MemoryUsage of job (MB)
	1057964  -  ResidentSetSize of job (KB)
...
006 (5415472.242.000) 07/15 05:13:40 Image size of job updated: 1623196
	1034  -  MemoryUsage of job (MB)
	1057976  -  ResidentSetSize of job (KB)
...
006 (5415472.242.000) 07/15 05:48:43 Image size of job updated: 1623196
	1034  -  MemoryUsage of job (MB)
	1057988  -  ResidentSetSize of job (KB)
...
006 (5415472.242.000) 07/15 05:53:44 Image size of job updated: 1624104
	1035  -  MemoryUsage of job (MB)
	1058896  -  ResidentSetSize of job (KB)
...
006 (5415472.242.000) 07/15 06:28:46 Image size of job updated: 1624104
	1035  -  MemoryUsage of job (MB)
	1058908  -  ResidentSetSize of job (KB)
...
006 (5415472.242.000) 07/15 07:03:50 Image size of job updated: 1624104
	1035  -  MemoryUsage of job (MB)
	1058920  -  ResidentSetSize of job (KB)
...
006 (5415472.242.000) 07/15 07:08:51 Image size of job updated: 1625008
	1035  -  MemoryUsage of job (MB)
	1059824  -  ResidentSetSize of job (KB)
...
006 (5415472.242.000) 07/15 07:43:54 Image size of job updated: 1625008
	1035  -  MemoryUsage of job (MB)
	1059836  -  ResidentSetSize of job (KB)
...
006 (5415472.242.000) 07/15 08:18:57 Image size of job updated: 1625912
	1036  -  MemoryUsage of job (MB)
	1060740  -  ResidentSetSize of job (KB)
...
006 (5415472.242.000) 07/15 08:23:58 Image size of job updated: 1625912
	1036  -  MemoryUsage of job (MB)
	1060752  -  ResidentSetSize of job (KB)
...
006 (5415472.242.000) 07/15 08:59:02 Image size of job updated: 1625912
	1036  -  MemoryUsage of job (MB)
	1060764  -  ResidentSetSize of job (KB)
...
006 (5415472.242.000) 07/15 09:29:04 Image size of job updated: 1626820
	1037  -  MemoryUsage of job (MB)
	1061672  -  ResidentSetSize of job (KB)
...
006 (5415472.242.000) 07/15 09:34:04 Image size of job updated: 1626820
	1037  -  MemoryUsage of job (MB)
	1061684  -  ResidentSetSize of job (KB)
...
006 (5415472.242.000) 07/15 10:09:08 Image size of job updated: 1626820
	1037  -  MemoryUsage of job (MB)
	1061696  -  ResidentSetSize of job (KB)
...
006 (5415472.242.000) 07/15 10:34:10 Image size of job updated: 1627724
	1038  -  MemoryUsage of job (MB)
	1062600  -  ResidentSetSize of job (KB)
...
006 (5415472.242.000) 07/15 10:44:12 Image size of job updated: 1627724
	1038  -  MemoryUsage of job (MB)
	1062612  -  ResidentSetSize of job (KB)
...
006 (5415472.242.000) 07/15 11:24:18 Image size of job updated: 1627724
	1038  -  MemoryUsage of job (MB)
	1062624  -  ResidentSetSize of job (KB)
...
006 (5415472.242.000) 07/15 11:44:19 Image size of job updated: 1632252
	1043  -  MemoryUsage of job (MB)
	1067152  -  ResidentSetSize of job (KB)
...
006 (5415472.242.000) 07/15 11:59:20 Image size of job updated: 1632252
	1043  -  MemoryUsage of job (MB)
	1067164  -  ResidentSetSize of job (KB)
...
006 (5415472.242.000) 07/15 12:29:24 Image size of job updated: 1632252
	1043  -  MemoryUsage of job (MB)
	1067176  -  ResidentSetSize of job (KB)
...
006 (5415472.242.000) 07/15 13:04:27 Image size of job updated: 1632252
	1043  -  MemoryUsage of job (MB)
	1067188  -  ResidentSetSize of job (KB)
...
006 (5415472.242.000) 07/15 13:34:30 Image size of job updated: 1632252
	1043  -  MemoryUsage of job (MB)
	1067200  -  ResidentSetSize of job (KB)
...
006 (5415472.242.000) 07/15 14:09:33 Image size of job updated: 1632252
	1043  -  MemoryUsage of job (MB)
	1067212  -  ResidentSetSize of job (KB)
...
006 (5415472.242.000) 07/15 14:44:38 Image size of job updated: 1632252
	1043  -  MemoryUsage of job (MB)
	1067224  -  ResidentSetSize of job (KB)
...
006 (5415472.242.000) 07/15 15:14:41 Image size of job updated: 1632252
	1043  -  MemoryUsage of job (MB)
	1067236  -  ResidentSetSize of job (KB)
...
006 (5415472.242.000) 07/15 15:49:45 Image size of job updated: 1632252
	1043  -  MemoryUsage of job (MB)
	1067248  -  ResidentSetSize of job (KB)
...
006 (5415472.242.000) 07/15 16:24:51 Image size of job updated: 1632252
	1043  -  MemoryUsage of job (MB)
	1067260  -  ResidentSetSize of job (KB)
...
006 (5415472.242.000) 07/15 16:59:53 Image size of job updated: 1632252
	1043  -  MemoryUsage of job (MB)
	1067272  -  ResidentSetSize of job (KB)
...
006 (5415472.242.000) 07/15 17:34:56 Image size of job updated: 1632252
	1043  -  MemoryUsage of job (MB)
	1067284  -  ResidentSetSize of job (KB)
...
006 (5415472.242.000) 07/15 18:10:01 Image size of job updated: 1632252
	1043  -  MemoryUsage of job (MB)
	1067296  -  ResidentSetSize of job (KB)
...
006 (5415472.242.000) 07/15 18:40:03 Image size of job updated: 1632252
	1043  -  MemoryUsage of job (MB)
	1067308  -  ResidentSetSize of job (KB)
...
040 (5415472.242.000) 07/15 18:43:34 Entered queue to transfer output files
...
040 (5415472.242.000) 07/15 18:46:52 Started transferring output files
...
040 (5415472.242.000) 07/15 18:46:59 Finished transferring output files
...
004 (5415472.242.000) 07/15 18:47:08 Job was evicted.
	(0) CPU times
		Usr 12 02:30:43, Sys 0 00:02:55  -  Run Remote Usage
		Usr 0 00:00:00, Sys 0 00:00:00  -  Run Local Usage
	96205  -  Run Bytes Sent By Job
	803  -  Run Bytes Received By Job
	Partitionable Resources :    Usage  Request Allocated 
	   Cpus                 :     2.91        4         4 
	   Disk (KB)            :   120    10485760  10838575 
	   Memory (MB)          :  1043        8000      8000 
...
