000 (5415472.081.000) 07/11 14:02:29 Job submitted from host: <137.138.156.150:9618?addrs=137.138.156.150-9618+[2001-1458-d00-14--9a]-9618&alias=bigbird13.cern.ch&noUDP&sock=schedd_1788_ff6c>
...
040 (5415472.081.000) 07/11 14:08:29 Started transferring input files
	Transferring to host: <128.142.59.51:9618?addrs=128.142.59.51-9618+[2001-1458-301-21--100-32]-9618&alias=b7s04p5809.cern.ch&noUDP&sock=slot1_16_6840_260f_2514>
...
040 (5415472.081.000) 07/11 14:08:29 Finished transferring input files
...
001 (5415472.081.000) 07/11 14:08:30 Job executing on host: <128.142.59.51:9618?addrs=128.142.59.51-9618+[2001-1458-301-21--100-32]-9618&alias=b7s04p5809.cern.ch&noUDP&sock=startd_6383_c91a>
...
006 (5415472.081.000) 07/11 14:08:39 Image size of job updated: 116588
	55  -  MemoryUsage of job (MB)
	55604  -  ResidentSetSize of job (KB)
...
006 (5415472.081.000) 07/11 14:13:39 Image size of job updated: 1590964
	1004  -  MemoryUsage of job (MB)
	1027416  -  ResidentSetSize of job (KB)
...
006 (5415472.081.000) 07/12 22:56:55 Image size of job updated: 1591944
	1005  -  MemoryUsage of job (MB)
	1028320  -  ResidentSetSize of job (KB)
...
006 (5415472.081.000) 07/12 23:37:00 Image size of job updated: 1592852
	1006  -  MemoryUsage of job (MB)
	1029228  -  ResidentSetSize of job (KB)
...
006 (5415472.081.000) 07/13 00:17:04 Image size of job updated: 1593756
	1006  -  MemoryUsage of job (MB)
	1030132  -  ResidentSetSize of job (KB)
...
006 (5415472.081.000) 07/13 00:57:08 Image size of job updated: 1594660
	1007  -  MemoryUsage of job (MB)
	1031036  -  ResidentSetSize of job (KB)
...
006 (5415472.081.000) 07/13 01:37:11 Image size of job updated: 1595568
	1008  -  MemoryUsage of job (MB)
	1031944  -  ResidentSetSize of job (KB)
...
006 (5415472.081.000) 07/13 02:12:17 Image size of job updated: 1595568
	1009  -  MemoryUsage of job (MB)
	1032848  -  ResidentSetSize of job (KB)
...
006 (5415472.081.000) 07/13 02:17:18 Image size of job updated: 1596472
	1009  -  MemoryUsage of job (MB)
	1032848  -  ResidentSetSize of job (KB)
...
006 (5415472.081.000) 07/13 02:52:21 Image size of job updated: 1597380
	1010  -  MemoryUsage of job (MB)
	1033756  -  ResidentSetSize of job (KB)
...
006 (5415472.081.000) 07/13 03:27:24 Image size of job updated: 1598284
	1011  -  MemoryUsage of job (MB)
	1034660  -  ResidentSetSize of job (KB)
...
006 (5415472.081.000) 07/13 04:02:29 Image size of job updated: 1599192
	1012  -  MemoryUsage of job (MB)
	1035568  -  ResidentSetSize of job (KB)
...
006 (5415472.081.000) 07/13 04:42:33 Image size of job updated: 1600096
	1013  -  MemoryUsage of job (MB)
	1036472  -  ResidentSetSize of job (KB)
...
006 (5415472.081.000) 07/13 05:17:36 Image size of job updated: 1601000
	1014  -  MemoryUsage of job (MB)
	1037376  -  ResidentSetSize of job (KB)
...
006 (5415472.081.000) 07/13 05:57:40 Image size of job updated: 1601908
	1014  -  MemoryUsage of job (MB)
	1038284  -  ResidentSetSize of job (KB)
...
006 (5415472.081.000) 07/13 06:32:42 Image size of job updated: 1602812
	1015  -  MemoryUsage of job (MB)
	1039188  -  ResidentSetSize of job (KB)
...
006 (5415472.081.000) 07/13 07:12:45 Image size of job updated: 1607340
	1020  -  MemoryUsage of job (MB)
	1043716  -  ResidentSetSize of job (KB)
...
006 (5415472.081.000) 07/13 11:33:55 Image size of job updated: 1610412
	1021  -  MemoryUsage of job (MB)
	1045264  -  ResidentSetSize of job (KB)
...
006 (5415472.081.000) 07/13 11:38:56 Image size of job updated: 1610412
	1021  -  MemoryUsage of job (MB)
	1045276  -  ResidentSetSize of job (KB)
...
006 (5415472.081.000) 07/13 11:58:59 Image size of job updated: 1610412
	1021  -  MemoryUsage of job (MB)
	1045288  -  ResidentSetSize of job (KB)
...
006 (5415472.081.000) 07/13 12:19:01 Image size of job updated: 1610412
	1021  -  MemoryUsage of job (MB)
	1045300  -  ResidentSetSize of job (KB)
...
006 (5415472.081.000) 07/13 12:34:02 Image size of job updated: 1610412
	1021  -  MemoryUsage of job (MB)
	1045312  -  ResidentSetSize of job (KB)
...
006 (5415472.081.000) 07/13 12:54:05 Image size of job updated: 1610412
	1021  -  MemoryUsage of job (MB)
	1045324  -  ResidentSetSize of job (KB)
...
006 (5415472.081.000) 07/13 13:09:07 Image size of job updated: 1610412
	1021  -  MemoryUsage of job (MB)
	1045336  -  ResidentSetSize of job (KB)
...
006 (5415472.081.000) 07/13 13:29:09 Image size of job updated: 1610412
	1021  -  MemoryUsage of job (MB)
	1045348  -  ResidentSetSize of job (KB)
...
006 (5415472.081.000) 07/13 13:49:12 Image size of job updated: 1610412
	1021  -  MemoryUsage of job (MB)
	1045360  -  ResidentSetSize of job (KB)
...
006 (5415472.081.000) 07/13 14:09:14 Image size of job updated: 1610412
	1021  -  MemoryUsage of job (MB)
	1045372  -  ResidentSetSize of job (KB)
...
006 (5415472.081.000) 07/13 14:29:15 Image size of job updated: 1610412
	1021  -  MemoryUsage of job (MB)
	1045384  -  ResidentSetSize of job (KB)
...
006 (5415472.081.000) 07/13 14:49:19 Image size of job updated: 1610412
	1021  -  MemoryUsage of job (MB)
	1045396  -  ResidentSetSize of job (KB)
...
006 (5415472.081.000) 07/13 15:09:21 Image size of job updated: 1610412
	1021  -  MemoryUsage of job (MB)
	1045408  -  ResidentSetSize of job (KB)
...
006 (5415472.081.000) 07/13 15:29:23 Image size of job updated: 1610412
	1021  -  MemoryUsage of job (MB)
	1045420  -  ResidentSetSize of job (KB)
...
006 (5415472.081.000) 07/13 15:49:25 Image size of job updated: 1610412
	1021  -  MemoryUsage of job (MB)
	1045432  -  ResidentSetSize of job (KB)
...
006 (5415472.081.000) 07/13 16:09:26 Image size of job updated: 1610412
	1021  -  MemoryUsage of job (MB)
	1045436  -  ResidentSetSize of job (KB)
...
006 (5415472.081.000) 07/13 16:14:26 Image size of job updated: 1610412
	1021  -  MemoryUsage of job (MB)
	1045444  -  ResidentSetSize of job (KB)
...
006 (5415472.081.000) 07/13 16:34:28 Image size of job updated: 1610412
	1021  -  MemoryUsage of job (MB)
	1045456  -  ResidentSetSize of job (KB)
...
006 (5415472.081.000) 07/13 16:54:29 Image size of job updated: 1610412
	1021  -  MemoryUsage of job (MB)
	1045468  -  ResidentSetSize of job (KB)
...
006 (5415472.081.000) 07/13 17:15:02 Image size of job updated: 1610412
	1021  -  MemoryUsage of job (MB)
	1045480  -  ResidentSetSize of job (KB)
...
006 (5415472.081.000) 07/13 17:39:35 Image size of job updated: 1610412
	1021  -  MemoryUsage of job (MB)
	1045492  -  ResidentSetSize of job (KB)
...
006 (5415472.081.000) 07/13 18:04:38 Image size of job updated: 1610412
	1021  -  MemoryUsage of job (MB)
	1045504  -  ResidentSetSize of job (KB)
...
006 (5415472.081.000) 07/13 18:24:41 Image size of job updated: 1610412
	1022  -  MemoryUsage of job (MB)
	1045516  -  ResidentSetSize of job (KB)
...
006 (5415472.081.000) 07/13 18:44:44 Image size of job updated: 1610412
	1022  -  MemoryUsage of job (MB)
	1045528  -  ResidentSetSize of job (KB)
...
006 (5415472.081.000) 07/13 19:04:47 Image size of job updated: 1610412
	1022  -  MemoryUsage of job (MB)
	1045532  -  ResidentSetSize of job (KB)
...
006 (5415472.081.000) 07/13 19:09:48 Image size of job updated: 1610412
	1022  -  MemoryUsage of job (MB)
	1045540  -  ResidentSetSize of job (KB)
...
006 (5415472.081.000) 07/13 19:29:50 Image size of job updated: 1610412
	1022  -  MemoryUsage of job (MB)
	1045552  -  ResidentSetSize of job (KB)
...
006 (5415472.081.000) 07/13 19:49:54 Image size of job updated: 1610412
	1022  -  MemoryUsage of job (MB)
	1045556  -  ResidentSetSize of job (KB)
...
006 (5415472.081.000) 07/13 19:54:55 Image size of job updated: 1610412
	1022  -  MemoryUsage of job (MB)
	1045564  -  ResidentSetSize of job (KB)
...
006 (5415472.081.000) 07/13 20:14:57 Image size of job updated: 1610412
	1022  -  MemoryUsage of job (MB)
	1045576  -  ResidentSetSize of job (KB)
...
006 (5415472.081.000) 07/13 20:40:01 Image size of job updated: 1610412
	1022  -  MemoryUsage of job (MB)
	1045588  -  ResidentSetSize of job (KB)
...
006 (5415472.081.000) 07/13 21:00:03 Image size of job updated: 1610412
	1022  -  MemoryUsage of job (MB)
	1045600  -  ResidentSetSize of job (KB)
...
006 (5415472.081.000) 07/13 21:25:05 Image size of job updated: 1610412
	1022  -  MemoryUsage of job (MB)
	1045612  -  ResidentSetSize of job (KB)
...
006 (5415472.081.000) 07/13 21:45:07 Image size of job updated: 1610412
	1022  -  MemoryUsage of job (MB)
	1045624  -  ResidentSetSize of job (KB)
...
006 (5415472.081.000) 07/13 22:05:10 Image size of job updated: 1610412
	1022  -  MemoryUsage of job (MB)
	1045636  -  ResidentSetSize of job (KB)
...
006 (5415472.081.000) 07/13 22:30:11 Image size of job updated: 1610412
	1022  -  MemoryUsage of job (MB)
	1045648  -  ResidentSetSize of job (KB)
...
006 (5415472.081.000) 07/13 22:50:13 Image size of job updated: 1610412
	1022  -  MemoryUsage of job (MB)
	1045660  -  ResidentSetSize of job (KB)
...
006 (5415472.081.000) 07/13 23:10:15 Image size of job updated: 1610412
	1022  -  MemoryUsage of job (MB)
	1045672  -  ResidentSetSize of job (KB)
...
006 (5415472.081.000) 07/13 23:30:17 Image size of job updated: 1610412
	1022  -  MemoryUsage of job (MB)
	1045684  -  ResidentSetSize of job (KB)
...
006 (5415472.081.000) 07/13 23:55:18 Image size of job updated: 1610412
	1022  -  MemoryUsage of job (MB)
	1045696  -  ResidentSetSize of job (KB)
...
006 (5415472.081.000) 07/14 00:15:18 Image size of job updated: 1610412
	1022  -  MemoryUsage of job (MB)
	1045708  -  ResidentSetSize of job (KB)
...
006 (5415472.081.000) 07/14 00:35:19 Image size of job updated: 1610412
	1022  -  MemoryUsage of job (MB)
	1045720  -  ResidentSetSize of job (KB)
...
006 (5415472.081.000) 07/14 00:55:21 Image size of job updated: 1610412
	1022  -  MemoryUsage of job (MB)
	1045732  -  ResidentSetSize of job (KB)
...
006 (5415472.081.000) 07/14 01:20:25 Image size of job updated: 1610412
	1022  -  MemoryUsage of job (MB)
	1045744  -  ResidentSetSize of job (KB)
...
006 (5415472.081.000) 07/15 01:56:39 Image size of job updated: 1610412
	1022  -  MemoryUsage of job (MB)
	1045748  -  ResidentSetSize of job (KB)
...
006 (5415472.081.000) 07/15 02:16:39 Image size of job updated: 1610412
	1022  -  MemoryUsage of job (MB)
	1045760  -  ResidentSetSize of job (KB)
...
006 (5415472.081.000) 07/15 02:36:42 Image size of job updated: 1610412
	1022  -  MemoryUsage of job (MB)
	1045772  -  ResidentSetSize of job (KB)
...
006 (5415472.081.000) 07/15 02:56:45 Image size of job updated: 1610412
	1022  -  MemoryUsage of job (MB)
	1045784  -  ResidentSetSize of job (KB)
...
006 (5415472.081.000) 07/15 03:16:48 Image size of job updated: 1610412
	1022  -  MemoryUsage of job (MB)
	1045796  -  ResidentSetSize of job (KB)
...
006 (5415472.081.000) 07/15 03:41:51 Image size of job updated: 1610412
	1022  -  MemoryUsage of job (MB)
	1045808  -  ResidentSetSize of job (KB)
...
006 (5415472.081.000) 07/15 04:01:53 Image size of job updated: 1610412
	1022  -  MemoryUsage of job (MB)
	1045820  -  ResidentSetSize of job (KB)
...
006 (5415472.081.000) 07/15 04:21:57 Image size of job updated: 1610412
	1022  -  MemoryUsage of job (MB)
	1045832  -  ResidentSetSize of job (KB)
...
006 (5415472.081.000) 07/15 04:47:00 Image size of job updated: 1610412
	1022  -  MemoryUsage of job (MB)
	1045844  -  ResidentSetSize of job (KB)
...
006 (5415472.081.000) 07/15 05:07:02 Image size of job updated: 1610412
	1022  -  MemoryUsage of job (MB)
	1045856  -  ResidentSetSize of job (KB)
...
006 (5415472.081.000) 07/15 05:27:03 Image size of job updated: 1610412
	1022  -  MemoryUsage of job (MB)
	1045868  -  ResidentSetSize of job (KB)
...
006 (5415472.081.000) 07/15 05:47:07 Image size of job updated: 1610412
	1022  -  MemoryUsage of job (MB)
	1045880  -  ResidentSetSize of job (KB)
...
006 (5415472.081.000) 07/15 06:07:09 Image size of job updated: 1610412
	1022  -  MemoryUsage of job (MB)
	1045892  -  ResidentSetSize of job (KB)
...
006 (5415472.081.000) 07/15 06:27:11 Image size of job updated: 1610412
	1022  -  MemoryUsage of job (MB)
	1045904  -  ResidentSetSize of job (KB)
...
006 (5415472.081.000) 07/15 06:47:13 Image size of job updated: 1610412
	1022  -  MemoryUsage of job (MB)
	1045916  -  ResidentSetSize of job (KB)
...
006 (5415472.081.000) 07/15 07:12:15 Image size of job updated: 1610412
	1022  -  MemoryUsage of job (MB)
	1045928  -  ResidentSetSize of job (KB)
...
006 (5415472.081.000) 07/15 07:32:16 Image size of job updated: 1610412
	1022  -  MemoryUsage of job (MB)
	1045940  -  ResidentSetSize of job (KB)
...
006 (5415472.081.000) 07/15 07:52:18 Image size of job updated: 1610412
	1022  -  MemoryUsage of job (MB)
	1045952  -  ResidentSetSize of job (KB)
...
006 (5415472.081.000) 07/15 08:22:21 Image size of job updated: 1610412
	1024  -  MemoryUsage of job (MB)
	1048008  -  ResidentSetSize of job (KB)
...
006 (5415472.081.000) 07/15 08:27:22 Image size of job updated: 1614508
	1024  -  MemoryUsage of job (MB)
	1048016  -  ResidentSetSize of job (KB)
...
006 (5415472.081.000) 07/15 08:47:24 Image size of job updated: 1614508
	1024  -  MemoryUsage of job (MB)
	1048024  -  ResidentSetSize of job (KB)
...
006 (5415472.081.000) 07/15 09:07:25 Image size of job updated: 1614508
	1024  -  MemoryUsage of job (MB)
	1048032  -  ResidentSetSize of job (KB)
...
006 (5415472.081.000) 07/15 09:27:26 Image size of job updated: 1614508
	1024  -  MemoryUsage of job (MB)
	1048040  -  ResidentSetSize of job (KB)
...
006 (5415472.081.000) 07/15 09:52:27 Image size of job updated: 1614508
	1024  -  MemoryUsage of job (MB)
	1048048  -  ResidentSetSize of job (KB)
...
006 (5415472.081.000) 07/15 10:12:28 Image size of job updated: 1614508
	1024  -  MemoryUsage of job (MB)
	1048056  -  ResidentSetSize of job (KB)
...
006 (5415472.081.000) 07/15 10:37:33 Image size of job updated: 1614508
	1024  -  MemoryUsage of job (MB)
	1048064  -  ResidentSetSize of job (KB)
...
006 (5415472.081.000) 07/15 10:57:34 Image size of job updated: 1614508
	1024  -  MemoryUsage of job (MB)
	1048072  -  ResidentSetSize of job (KB)
...
006 (5415472.081.000) 07/15 11:22:38 Image size of job updated: 1614508
	1024  -  MemoryUsage of job (MB)
	1048080  -  ResidentSetSize of job (KB)
...
006 (5415472.081.000) 07/15 11:42:39 Image size of job updated: 1614508
	1024  -  MemoryUsage of job (MB)
	1048088  -  ResidentSetSize of job (KB)
...
006 (5415472.081.000) 07/15 12:07:42 Image size of job updated: 1614508
	1024  -  MemoryUsage of job (MB)
	1048096  -  ResidentSetSize of job (KB)
...
006 (5415472.081.000) 07/15 12:27:44 Image size of job updated: 1614508
	1024  -  MemoryUsage of job (MB)
	1048104  -  ResidentSetSize of job (KB)
...
006 (5415472.081.000) 07/15 12:47:48 Image size of job updated: 1614508
	1024  -  MemoryUsage of job (MB)
	1048112  -  ResidentSetSize of job (KB)
...
006 (5415472.081.000) 07/15 13:07:51 Image size of job updated: 1614508
	1024  -  MemoryUsage of job (MB)
	1048120  -  ResidentSetSize of job (KB)
...
006 (5415472.081.000) 07/15 13:32:55 Image size of job updated: 1614508
	1024  -  MemoryUsage of job (MB)
	1048128  -  ResidentSetSize of job (KB)
...
006 (5415472.081.000) 07/15 13:53:12 Image size of job updated: 1614508
	1024  -  MemoryUsage of job (MB)
	1048136  -  ResidentSetSize of job (KB)
...
006 (5415472.081.000) 07/15 14:12:58 Image size of job updated: 1614508
	1024  -  MemoryUsage of job (MB)
	1048144  -  ResidentSetSize of job (KB)
...
006 (5415472.081.000) 07/15 14:38:02 Image size of job updated: 1614508
	1024  -  MemoryUsage of job (MB)
	1048152  -  ResidentSetSize of job (KB)
...
006 (5415472.081.000) 07/15 14:58:06 Image size of job updated: 1614508
	1024  -  MemoryUsage of job (MB)
	1048160  -  ResidentSetSize of job (KB)
...
006 (5415472.081.000) 07/15 15:23:09 Image size of job updated: 1614508
	1024  -  MemoryUsage of job (MB)
	1048168  -  ResidentSetSize of job (KB)
...
006 (5415472.081.000) 07/15 15:43:12 Image size of job updated: 1614508
	1024  -  MemoryUsage of job (MB)
	1048176  -  ResidentSetSize of job (KB)
...
006 (5415472.081.000) 07/15 16:08:14 Image size of job updated: 1614508
	1024  -  MemoryUsage of job (MB)
	1048184  -  ResidentSetSize of job (KB)
...
006 (5415472.081.000) 07/15 16:33:16 Image size of job updated: 1614508
	1024  -  MemoryUsage of job (MB)
	1048192  -  ResidentSetSize of job (KB)
...
006 (5415472.081.000) 07/15 16:53:18 Image size of job updated: 1614508
	1024  -  MemoryUsage of job (MB)
	1048200  -  ResidentSetSize of job (KB)
...
006 (5415472.081.000) 07/15 17:18:20 Image size of job updated: 1614508
	1024  -  MemoryUsage of job (MB)
	1048208  -  ResidentSetSize of job (KB)
...
006 (5415472.081.000) 07/15 17:43:21 Image size of job updated: 1614508
	1024  -  MemoryUsage of job (MB)
	1048216  -  ResidentSetSize of job (KB)
...
006 (5415472.081.000) 07/15 18:03:21 Image size of job updated: 1614508
	1024  -  MemoryUsage of job (MB)
	1048220  -  ResidentSetSize of job (KB)
...
006 (5415472.081.000) 07/15 18:08:21 Image size of job updated: 1614508
	1024  -  MemoryUsage of job (MB)
	1048224  -  ResidentSetSize of job (KB)
...
006 (5415472.081.000) 07/15 18:28:25 Image size of job updated: 1614508
	1024  -  MemoryUsage of job (MB)
	1048232  -  ResidentSetSize of job (KB)
...
006 (5415472.081.000) 07/15 18:53:29 Image size of job updated: 1614508
	1024  -  MemoryUsage of job (MB)
	1048240  -  ResidentSetSize of job (KB)
...
006 (5415472.081.000) 07/15 19:18:32 Image size of job updated: 1614508
	1024  -  MemoryUsage of job (MB)
	1048248  -  ResidentSetSize of job (KB)
...
006 (5415472.081.000) 07/15 19:38:33 Image size of job updated: 1614508
	1024  -  MemoryUsage of job (MB)
	1048256  -  ResidentSetSize of job (KB)
...
006 (5415472.081.000) 07/15 20:03:36 Image size of job updated: 1614508
	1024  -  MemoryUsage of job (MB)
	1048264  -  ResidentSetSize of job (KB)
...
006 (5415472.081.000) 07/15 20:23:38 Image size of job updated: 1614508
	1024  -  MemoryUsage of job (MB)
	1048272  -  ResidentSetSize of job (KB)
...
006 (5415472.081.000) 07/15 20:43:41 Image size of job updated: 1614508
	1024  -  MemoryUsage of job (MB)
	1048280  -  ResidentSetSize of job (KB)
...
006 (5415472.081.000) 07/15 21:08:44 Image size of job updated: 1614508
	1024  -  MemoryUsage of job (MB)
	1048288  -  ResidentSetSize of job (KB)
...
006 (5415472.081.000) 07/15 21:28:47 Image size of job updated: 1614508
	1024  -  MemoryUsage of job (MB)
	1048296  -  ResidentSetSize of job (KB)
...
006 (5415472.081.000) 07/15 21:53:50 Image size of job updated: 1614508
	1024  -  MemoryUsage of job (MB)
	1048304  -  ResidentSetSize of job (KB)
...
006 (5415472.081.000) 07/15 22:13:52 Image size of job updated: 1614508
	1024  -  MemoryUsage of job (MB)
	1048312  -  ResidentSetSize of job (KB)
...
006 (5415472.081.000) 07/15 22:33:55 Image size of job updated: 1614508
	1024  -  MemoryUsage of job (MB)
	1048320  -  ResidentSetSize of job (KB)
...
006 (5415472.081.000) 07/15 22:58:56 Image size of job updated: 1614508
	1024  -  MemoryUsage of job (MB)
	1048328  -  ResidentSetSize of job (KB)
...
006 (5415472.081.000) 07/15 23:18:58 Image size of job updated: 1614508
	1024  -  MemoryUsage of job (MB)
	1048336  -  ResidentSetSize of job (KB)
...
006 (5415472.081.000) 07/15 23:38:59 Image size of job updated: 1614508
	1024  -  MemoryUsage of job (MB)
	1048344  -  ResidentSetSize of job (KB)
...
006 (5415472.081.000) 07/15 23:59:02 Image size of job updated: 1614508
	1024  -  MemoryUsage of job (MB)
	1048352  -  ResidentSetSize of job (KB)
...
006 (5415472.081.000) 07/16 00:19:03 Image size of job updated: 1614508
	1024  -  MemoryUsage of job (MB)
	1048360  -  ResidentSetSize of job (KB)
...
006 (5415472.081.000) 07/16 00:34:06 Image size of job updated: 1614508
	1024  -  MemoryUsage of job (MB)
	1048368  -  ResidentSetSize of job (KB)
...
006 (5415472.081.000) 07/16 00:54:07 Image size of job updated: 1614508
	1024  -  MemoryUsage of job (MB)
	1048376  -  ResidentSetSize of job (KB)
...
006 (5415472.081.000) 07/16 01:14:08 Image size of job updated: 1614508
	1024  -  MemoryUsage of job (MB)
	1048384  -  ResidentSetSize of job (KB)
...
006 (5415472.081.000) 07/16 01:34:10 Image size of job updated: 1614508
	1024  -  MemoryUsage of job (MB)
	1048392  -  ResidentSetSize of job (KB)
...
006 (5415472.081.000) 07/16 01:54:13 Image size of job updated: 1614508
	1024  -  MemoryUsage of job (MB)
	1048400  -  ResidentSetSize of job (KB)
...
006 (5415472.081.000) 07/16 02:14:14 Image size of job updated: 1614508
	1024  -  MemoryUsage of job (MB)
	1048408  -  ResidentSetSize of job (KB)
...
006 (5415472.081.000) 07/16 02:34:18 Image size of job updated: 1614508
	1024  -  MemoryUsage of job (MB)
	1048416  -  ResidentSetSize of job (KB)
...
006 (5415472.081.000) 07/16 02:59:21 Image size of job updated: 1614508
	1024  -  MemoryUsage of job (MB)
	1048424  -  ResidentSetSize of job (KB)
...
006 (5415472.081.000) 07/16 03:19:22 Image size of job updated: 1614508
	1024  -  MemoryUsage of job (MB)
	1048432  -  ResidentSetSize of job (KB)
...
006 (5415472.081.000) 07/16 03:39:24 Image size of job updated: 1614508
	1024  -  MemoryUsage of job (MB)
	1048440  -  ResidentSetSize of job (KB)
...
006 (5415472.081.000) 07/16 03:59:25 Image size of job updated: 1614508
	1024  -  MemoryUsage of job (MB)
	1048448  -  ResidentSetSize of job (KB)
...
006 (5415472.081.000) 07/16 04:19:26 Image size of job updated: 1614508
	1024  -  MemoryUsage of job (MB)
	1048456  -  ResidentSetSize of job (KB)
...
006 (5415472.081.000) 07/16 04:39:28 Image size of job updated: 1614508
	1024  -  MemoryUsage of job (MB)
	1048464  -  ResidentSetSize of job (KB)
...
006 (5415472.081.000) 07/16 05:04:31 Image size of job updated: 1614508
	1024  -  MemoryUsage of job (MB)
	1048472  -  ResidentSetSize of job (KB)
...
006 (5415472.081.000) 07/16 05:24:34 Image size of job updated: 1614508
	1024  -  MemoryUsage of job (MB)
	1048480  -  ResidentSetSize of job (KB)
...
006 (5415472.081.000) 07/16 05:44:36 Image size of job updated: 1614508
	1024  -  MemoryUsage of job (MB)
	1048488  -  ResidentSetSize of job (KB)
...
006 (5415472.081.000) 07/16 06:04:40 Image size of job updated: 1614508
	1024  -  MemoryUsage of job (MB)
	1048496  -  ResidentSetSize of job (KB)
...
006 (5415472.081.000) 07/16 06:24:43 Image size of job updated: 1614508
	1024  -  MemoryUsage of job (MB)
	1048504  -  ResidentSetSize of job (KB)
...
006 (5415472.081.000) 07/16 06:49:47 Image size of job updated: 1614508
	1024  -  MemoryUsage of job (MB)
	1048512  -  ResidentSetSize of job (KB)
...
006 (5415472.081.000) 07/16 07:09:50 Image size of job updated: 1614508
	1024  -  MemoryUsage of job (MB)
	1048520  -  ResidentSetSize of job (KB)
...
006 (5415472.081.000) 07/16 07:29:52 Image size of job updated: 1614508
	1024  -  MemoryUsage of job (MB)
	1048528  -  ResidentSetSize of job (KB)
...
006 (5415472.081.000) 07/16 07:49:55 Image size of job updated: 1614508
	1024  -  MemoryUsage of job (MB)
	1048536  -  ResidentSetSize of job (KB)
...
006 (5415472.081.000) 07/16 08:09:58 Image size of job updated: 1614508
	1024  -  MemoryUsage of job (MB)
	1048544  -  ResidentSetSize of job (KB)
...
006 (5415472.081.000) 07/16 08:34:59 Image size of job updated: 1614508
	1024  -  MemoryUsage of job (MB)
	1048552  -  ResidentSetSize of job (KB)
...
006 (5415472.081.000) 07/16 08:55:01 Image size of job updated: 1614508
	1024  -  MemoryUsage of job (MB)
	1048560  -  ResidentSetSize of job (KB)
...
006 (5415472.081.000) 07/16 09:15:03 Image size of job updated: 1614508
	1024  -  MemoryUsage of job (MB)
	1048568  -  ResidentSetSize of job (KB)
...
006 (5415472.081.000) 07/16 09:35:05 Image size of job updated: 1614508
	1024  -  MemoryUsage of job (MB)
	1048576  -  ResidentSetSize of job (KB)
...
006 (5415472.081.000) 07/16 09:55:08 Image size of job updated: 1614508
	1025  -  MemoryUsage of job (MB)
	1048584  -  ResidentSetSize of job (KB)
...
006 (5415472.081.000) 07/16 10:15:10 Image size of job updated: 1614508
	1025  -  MemoryUsage of job (MB)
	1048592  -  ResidentSetSize of job (KB)
...
006 (5415472.081.000) 07/16 10:35:12 Image size of job updated: 1614508
	1025  -  MemoryUsage of job (MB)
	1048600  -  ResidentSetSize of job (KB)
...
006 (5415472.081.000) 07/16 11:00:15 Image size of job updated: 1614508
	1025  -  MemoryUsage of job (MB)
	1048608  -  ResidentSetSize of job (KB)
...
006 (5415472.081.000) 07/16 11:20:16 Image size of job updated: 1614508
	1025  -  MemoryUsage of job (MB)
	1048616  -  ResidentSetSize of job (KB)
...
006 (5415472.081.000) 07/16 11:40:18 Image size of job updated: 1614508
	1025  -  MemoryUsage of job (MB)
	1048624  -  ResidentSetSize of job (KB)
...
006 (5415472.081.000) 07/16 11:58:48 Image size of job updated: 1614508
	1025  -  MemoryUsage of job (MB)
	1048632  -  ResidentSetSize of job (KB)
...
006 (5415472.081.000) 07/16 12:20:04 Image size of job updated: 1614508
	1025  -  MemoryUsage of job (MB)
	1048640  -  ResidentSetSize of job (KB)
...
006 (5415472.081.000) 07/16 12:35:06 Image size of job updated: 1614508
	1025  -  MemoryUsage of job (MB)
	1048648  -  ResidentSetSize of job (KB)
...
006 (5415472.081.000) 07/16 12:55:08 Image size of job updated: 1614508
	1025  -  MemoryUsage of job (MB)
	1048656  -  ResidentSetSize of job (KB)
...
006 (5415472.081.000) 07/16 13:15:11 Image size of job updated: 1614508
	1025  -  MemoryUsage of job (MB)
	1048664  -  ResidentSetSize of job (KB)
...
006 (5415472.081.000) 07/16 13:30:12 Image size of job updated: 1614508
	1025  -  MemoryUsage of job (MB)
	1048672  -  ResidentSetSize of job (KB)
...
006 (5415472.081.000) 07/16 13:50:15 Image size of job updated: 1614508
	1025  -  MemoryUsage of job (MB)
	1048680  -  ResidentSetSize of job (KB)
...
006 (5415472.081.000) 07/16 14:10:18 Image size of job updated: 1614508
	1025  -  MemoryUsage of job (MB)
	1048688  -  ResidentSetSize of job (KB)
...
006 (5415472.081.000) 07/16 14:25:19 Image size of job updated: 1614508
	1025  -  MemoryUsage of job (MB)
	1048696  -  ResidentSetSize of job (KB)
...
006 (5415472.081.000) 07/16 14:45:21 Image size of job updated: 1614508
	1025  -  MemoryUsage of job (MB)
	1048704  -  ResidentSetSize of job (KB)
...
006 (5415472.081.000) 07/16 15:07:51 Image size of job updated: 1660528
	1025  -  MemoryUsage of job (MB)
	1048704  -  ResidentSetSize of job (KB)
...
040 (5415472.081.000) 07/16 15:07:51 Started transferring output files
...
040 (5415472.081.000) 07/16 15:07:54 Finished transferring output files
...
005 (5415472.081.000) 07/16 15:07:55 Job terminated.
	(1) Normal termination (return value 0)
		Usr 15 14:12:10, Sys 0 00:32:24  -  Run Remote Usage
		Usr 0 00:00:00, Sys 0 00:00:00  -  Run Local Usage
		Usr 15 14:12:10, Sys 0 00:32:24  -  Total Remote Usage
		Usr 0 00:00:00, Sys 0 00:00:00  -  Total Local Usage
	36710116  -  Run Bytes Sent By Job
	803  -  Run Bytes Received By Job
	36710116  -  Total Bytes Sent By Job
	803  -  Total Bytes Received By Job
	Partitionable Resources :    Usage  Request Allocated 
	   Cpus                 :     3.08        4         4 
	   Disk (KB)            : 35876    10485760  12233228 
	   Memory (MB)          :  1025        8000      8000 

	Job terminated of its own accord at 2021-07-16T13:07:51Z.
...
