000 (5415472.420.000) 07/11 14:02:30 Job submitted from host: <137.138.156.150:9618?addrs=137.138.156.150-9618+[2001-1458-d00-14--9a]-9618&alias=bigbird13.cern.ch&noUDP&sock=schedd_1788_ff6c>
...
040 (5415472.420.000) 07/11 16:21:26 Started transferring input files
	Transferring to host: <128.142.57.10:9618?addrs=128.142.57.10-9618+[2001-1458-301-7--100-9]-9618&alias=b7s02p4145.cern.ch&noUDP&sock=slot1_1_6661_06e8_7210>
...
040 (5415472.420.000) 07/11 16:21:26 Finished transferring input files
...
001 (5415472.420.000) 07/11 16:21:27 Job executing on host: <128.142.57.10:9618?addrs=128.142.57.10-9618+[2001-1458-301-7--100-9]-9618&alias=b7s02p4145.cern.ch&noUDP&sock=startd_6193_761b>
...
006 (5415472.420.000) 07/11 16:21:36 Image size of job updated: 259908
	195  -  MemoryUsage of job (MB)
	198920  -  ResidentSetSize of job (KB)
...
006 (5415472.420.000) 07/11 16:26:37 Image size of job updated: 1591040
	1004  -  MemoryUsage of job (MB)
	1027488  -  ResidentSetSize of job (KB)
...
006 (5415472.420.000) 07/13 02:25:08 Image size of job updated: 1592024
	1005  -  MemoryUsage of job (MB)
	1028360  -  ResidentSetSize of job (KB)
...
006 (5415472.420.000) 07/13 03:05:14 Image size of job updated: 1592928
	1006  -  MemoryUsage of job (MB)
	1029264  -  ResidentSetSize of job (KB)
...
006 (5415472.420.000) 07/13 03:50:19 Image size of job updated: 1593836
	1007  -  MemoryUsage of job (MB)
	1030172  -  ResidentSetSize of job (KB)
...
006 (5415472.420.000) 07/13 04:35:24 Image size of job updated: 1594740
	1007  -  MemoryUsage of job (MB)
	1031076  -  ResidentSetSize of job (KB)
...
006 (5415472.420.000) 07/13 05:15:29 Image size of job updated: 1595648
	1008  -  MemoryUsage of job (MB)
	1031984  -  ResidentSetSize of job (KB)
...
006 (5415472.420.000) 07/13 05:55:33 Image size of job updated: 1596552
	1009  -  MemoryUsage of job (MB)
	1032888  -  ResidentSetSize of job (KB)
...
006 (5415472.420.000) 07/13 06:40:35 Image size of job updated: 1597456
	1010  -  MemoryUsage of job (MB)
	1033792  -  ResidentSetSize of job (KB)
...
006 (5415472.420.000) 07/13 07:20:42 Image size of job updated: 1598364
	1011  -  MemoryUsage of job (MB)
	1034700  -  ResidentSetSize of job (KB)
...
006 (5415472.420.000) 07/13 08:00:45 Image size of job updated: 1599268
	1012  -  MemoryUsage of job (MB)
	1035604  -  ResidentSetSize of job (KB)
...
006 (5415472.420.000) 07/13 08:45:51 Image size of job updated: 1600176
	1013  -  MemoryUsage of job (MB)
	1036512  -  ResidentSetSize of job (KB)
...
006 (5415472.420.000) 07/13 09:25:57 Image size of job updated: 1601080
	1014  -  MemoryUsage of job (MB)
	1037416  -  ResidentSetSize of job (KB)
...
006 (5415472.420.000) 07/13 10:10:57 Image size of job updated: 1601984
	1014  -  MemoryUsage of job (MB)
	1038316  -  ResidentSetSize of job (KB)
...
006 (5415472.420.000) 07/13 10:51:03 Image size of job updated: 1602892
	1015  -  MemoryUsage of job (MB)
	1039224  -  ResidentSetSize of job (KB)
...
006 (5415472.420.000) 07/13 11:21:07 Image size of job updated: 1603796
	1016  -  MemoryUsage of job (MB)
	1040128  -  ResidentSetSize of job (KB)
...
006 (5415472.420.000) 07/13 11:56:13 Image size of job updated: 1604704
	1017  -  MemoryUsage of job (MB)
	1041036  -  ResidentSetSize of job (KB)
...
006 (5415472.420.000) 07/13 12:26:17 Image size of job updated: 1605608
	1018  -  MemoryUsage of job (MB)
	1041940  -  ResidentSetSize of job (KB)
...
006 (5415472.420.000) 07/13 12:56:21 Image size of job updated: 1606512
	1019  -  MemoryUsage of job (MB)
	1042844  -  ResidentSetSize of job (KB)
...
006 (5415472.420.000) 07/13 13:31:24 Image size of job updated: 1607420
	1020  -  MemoryUsage of job (MB)
	1043752  -  ResidentSetSize of job (KB)
...
006 (5415472.420.000) 07/13 14:06:27 Image size of job updated: 1608324
	1021  -  MemoryUsage of job (MB)
	1044656  -  ResidentSetSize of job (KB)
...
006 (5415472.420.000) 07/13 14:36:33 Image size of job updated: 1609232
	1022  -  MemoryUsage of job (MB)
	1045564  -  ResidentSetSize of job (KB)
...
006 (5415472.420.000) 07/13 15:11:37 Image size of job updated: 1610136
	1022  -  MemoryUsage of job (MB)
	1046468  -  ResidentSetSize of job (KB)
...
006 (5415472.420.000) 07/13 15:26:40 Image size of job updated: 1613208
	1024  -  MemoryUsage of job (MB)
	1048016  -  ResidentSetSize of job (KB)
...
006 (5415472.420.000) 07/13 15:31:40 Image size of job updated: 1613208
	1024  -  MemoryUsage of job (MB)
	1048028  -  ResidentSetSize of job (KB)
...
006 (5415472.420.000) 07/13 15:51:43 Image size of job updated: 1613208
	1024  -  MemoryUsage of job (MB)
	1048040  -  ResidentSetSize of job (KB)
...
006 (5415472.420.000) 07/13 16:06:45 Image size of job updated: 1613208
	1024  -  MemoryUsage of job (MB)
	1048052  -  ResidentSetSize of job (KB)
...
006 (5415472.420.000) 07/13 16:16:45 Image size of job updated: 1614116
	1025  -  MemoryUsage of job (MB)
	1048960  -  ResidentSetSize of job (KB)
...
006 (5415472.420.000) 07/13 16:26:46 Image size of job updated: 1614116
	1025  -  MemoryUsage of job (MB)
	1048972  -  ResidentSetSize of job (KB)
...
006 (5415472.420.000) 07/13 16:41:47 Image size of job updated: 1614116
	1025  -  MemoryUsage of job (MB)
	1048984  -  ResidentSetSize of job (KB)
...
006 (5415472.420.000) 07/13 16:46:47 Image size of job updated: 1615020
	1026  -  MemoryUsage of job (MB)
	1049888  -  ResidentSetSize of job (KB)
...
006 (5415472.420.000) 07/13 17:01:49 Image size of job updated: 1615020
	1026  -  MemoryUsage of job (MB)
	1049900  -  ResidentSetSize of job (KB)
...
006 (5415472.420.000) 07/13 17:16:50 Image size of job updated: 1615020
	1026  -  MemoryUsage of job (MB)
	1049912  -  ResidentSetSize of job (KB)
...
006 (5415472.420.000) 07/13 17:21:50 Image size of job updated: 1615924
	1027  -  MemoryUsage of job (MB)
	1050816  -  ResidentSetSize of job (KB)
...
006 (5415472.420.000) 07/13 17:36:05 Image size of job updated: 1615924
	1027  -  MemoryUsage of job (MB)
	1050828  -  ResidentSetSize of job (KB)
...
006 (5415472.420.000) 07/13 17:56:06 Image size of job updated: 1616832
	1028  -  MemoryUsage of job (MB)
	1051748  -  ResidentSetSize of job (KB)
...
006 (5415472.420.000) 07/13 18:11:08 Image size of job updated: 1616832
	1028  -  MemoryUsage of job (MB)
	1051760  -  ResidentSetSize of job (KB)
...
006 (5415472.420.000) 07/13 18:31:12 Image size of job updated: 1617736
	1029  -  MemoryUsage of job (MB)
	1052676  -  ResidentSetSize of job (KB)
...
006 (5415472.420.000) 07/13 18:56:14 Image size of job updated: 1617736
	1029  -  MemoryUsage of job (MB)
	1052688  -  ResidentSetSize of job (KB)
...
006 (5415472.420.000) 07/13 19:11:14 Image size of job updated: 1618644
	1029  -  MemoryUsage of job (MB)
	1053596  -  ResidentSetSize of job (KB)
...
006 (5415472.420.000) 07/13 19:16:14 Image size of job updated: 1618644
	1029  -  MemoryUsage of job (MB)
	1053608  -  ResidentSetSize of job (KB)
...
006 (5415472.420.000) 07/13 19:36:18 Image size of job updated: 1618644
	1029  -  MemoryUsage of job (MB)
	1053620  -  ResidentSetSize of job (KB)
...
006 (5415472.420.000) 07/13 19:51:21 Image size of job updated: 1619548
	1030  -  MemoryUsage of job (MB)
	1054524  -  ResidentSetSize of job (KB)
...
006 (5415472.420.000) 07/13 20:01:22 Image size of job updated: 1619548
	1030  -  MemoryUsage of job (MB)
	1054532  -  ResidentSetSize of job (KB)
...
006 (5415472.420.000) 07/13 20:21:23 Image size of job updated: 1619548
	1030  -  MemoryUsage of job (MB)
	1054544  -  ResidentSetSize of job (KB)
...
006 (5415472.420.000) 07/13 20:36:26 Image size of job updated: 1620452
	1031  -  MemoryUsage of job (MB)
	1055448  -  ResidentSetSize of job (KB)
...
006 (5415472.420.000) 07/13 20:46:27 Image size of job updated: 1620452
	1031  -  MemoryUsage of job (MB)
	1055460  -  ResidentSetSize of job (KB)
...
006 (5415472.420.000) 07/13 21:06:30 Image size of job updated: 1620452
	1031  -  MemoryUsage of job (MB)
	1055472  -  ResidentSetSize of job (KB)
...
006 (5415472.420.000) 07/13 21:16:30 Image size of job updated: 1621360
	1032  -  MemoryUsage of job (MB)
	1056380  -  ResidentSetSize of job (KB)
...
006 (5415472.420.000) 07/13 21:26:31 Image size of job updated: 1621360
	1032  -  MemoryUsage of job (MB)
	1056392  -  ResidentSetSize of job (KB)
...
006 (5415472.420.000) 07/13 21:51:33 Image size of job updated: 1621360
	1032  -  MemoryUsage of job (MB)
	1056404  -  ResidentSetSize of job (KB)
...
006 (5415472.420.000) 07/13 21:56:34 Image size of job updated: 1622264
	1033  -  MemoryUsage of job (MB)
	1057308  -  ResidentSetSize of job (KB)
...
006 (5415472.420.000) 07/13 22:11:35 Image size of job updated: 1622264
	1033  -  MemoryUsage of job (MB)
	1057320  -  ResidentSetSize of job (KB)
...
006 (5415472.420.000) 07/13 22:31:38 Image size of job updated: 1622264
	1033  -  MemoryUsage of job (MB)
	1057332  -  ResidentSetSize of job (KB)
...
006 (5415472.420.000) 07/13 22:36:39 Image size of job updated: 1623172
	1034  -  MemoryUsage of job (MB)
	1058240  -  ResidentSetSize of job (KB)
...
006 (5415472.420.000) 07/13 22:56:41 Image size of job updated: 1623172
	1034  -  MemoryUsage of job (MB)
	1058252  -  ResidentSetSize of job (KB)
...
006 (5415472.420.000) 07/13 23:16:44 Image size of job updated: 1623172
	1034  -  MemoryUsage of job (MB)
	1058264  -  ResidentSetSize of job (KB)
...
006 (5415472.420.000) 07/13 23:21:44 Image size of job updated: 1627700
	1038  -  MemoryUsage of job (MB)
	1062792  -  ResidentSetSize of job (KB)
...
006 (5415472.420.000) 07/13 23:41:45 Image size of job updated: 1627700
	1038  -  MemoryUsage of job (MB)
	1062804  -  ResidentSetSize of job (KB)
...
006 (5415472.420.000) 07/14 00:01:46 Image size of job updated: 1627700
	1038  -  MemoryUsage of job (MB)
	1062816  -  ResidentSetSize of job (KB)
...
006 (5415472.420.000) 07/14 00:26:48 Image size of job updated: 1627700
	1038  -  MemoryUsage of job (MB)
	1062828  -  ResidentSetSize of job (KB)
...
006 (5415472.420.000) 07/14 00:46:58 Image size of job updated: 1627700
	1038  -  MemoryUsage of job (MB)
	1062840  -  ResidentSetSize of job (KB)
...
006 (5415472.420.000) 07/14 01:11:51 Image size of job updated: 1627700
	1038  -  MemoryUsage of job (MB)
	1062852  -  ResidentSetSize of job (KB)
...
006 (5415472.420.000) 07/14 01:31:52 Image size of job updated: 1627700
	1038  -  MemoryUsage of job (MB)
	1062864  -  ResidentSetSize of job (KB)
...
006 (5415472.420.000) 07/14 01:51:54 Image size of job updated: 1627700
	1038  -  MemoryUsage of job (MB)
	1062876  -  ResidentSetSize of job (KB)
...
006 (5415472.420.000) 07/14 02:11:56 Image size of job updated: 1627700
	1038  -  MemoryUsage of job (MB)
	1062888  -  ResidentSetSize of job (KB)
...
006 (5415472.420.000) 07/14 02:31:56 Image size of job updated: 1627700
	1038  -  MemoryUsage of job (MB)
	1062900  -  ResidentSetSize of job (KB)
...
006 (5415472.420.000) 07/14 02:56:57 Image size of job updated: 1627700
	1038  -  MemoryUsage of job (MB)
	1062912  -  ResidentSetSize of job (KB)
...
006 (5415472.420.000) 07/14 03:22:01 Image size of job updated: 1627700
	1039  -  MemoryUsage of job (MB)
	1062924  -  ResidentSetSize of job (KB)
...
006 (5415472.420.000) 07/14 03:47:02 Image size of job updated: 1627700
	1039  -  MemoryUsage of job (MB)
	1062936  -  ResidentSetSize of job (KB)
...
006 (5415472.420.000) 07/14 04:17:04 Image size of job updated: 1627700
	1039  -  MemoryUsage of job (MB)
	1062948  -  ResidentSetSize of job (KB)
...
006 (5415472.420.000) 07/14 04:42:07 Image size of job updated: 1627700
	1039  -  MemoryUsage of job (MB)
	1062960  -  ResidentSetSize of job (KB)
...
006 (5415472.420.000) 07/14 05:12:10 Image size of job updated: 1627700
	1039  -  MemoryUsage of job (MB)
	1062972  -  ResidentSetSize of job (KB)
...
006 (5415472.420.000) 07/14 05:37:13 Image size of job updated: 1627700
	1039  -  MemoryUsage of job (MB)
	1062984  -  ResidentSetSize of job (KB)
...
006 (5415472.420.000) 07/14 06:07:15 Image size of job updated: 1627700
	1039  -  MemoryUsage of job (MB)
	1062996  -  ResidentSetSize of job (KB)
...
006 (5415472.420.000) 07/14 06:37:16 Image size of job updated: 1627700
	1039  -  MemoryUsage of job (MB)
	1063004  -  ResidentSetSize of job (KB)
...
006 (5415472.420.000) 07/14 06:42:17 Image size of job updated: 1627700
	1039  -  MemoryUsage of job (MB)
	1063008  -  ResidentSetSize of job (KB)
...
006 (5415472.420.000) 07/14 07:12:19 Image size of job updated: 1627700
	1039  -  MemoryUsage of job (MB)
	1063020  -  ResidentSetSize of job (KB)
...
006 (5415472.420.000) 07/14 08:47:28 Image size of job updated: 1627700
	1039  -  MemoryUsage of job (MB)
	1063032  -  ResidentSetSize of job (KB)
...
006 (5415472.420.000) 07/14 09:07:31 Image size of job updated: 1627700
	1039  -  MemoryUsage of job (MB)
	1063044  -  ResidentSetSize of job (KB)
...
006 (5415472.420.000) 07/14 09:27:33 Image size of job updated: 1627700
	1039  -  MemoryUsage of job (MB)
	1063056  -  ResidentSetSize of job (KB)
...
006 (5415472.420.000) 07/14 09:47:35 Image size of job updated: 1627700
	1039  -  MemoryUsage of job (MB)
	1063068  -  ResidentSetSize of job (KB)
...
006 (5415472.420.000) 07/14 10:32:41 Image size of job updated: 1627700
	1039  -  MemoryUsage of job (MB)
	1063072  -  ResidentSetSize of job (KB)
...
006 (5415472.420.000) 07/14 10:57:44 Image size of job updated: 1627700
	1039  -  MemoryUsage of job (MB)
	1063080  -  ResidentSetSize of job (KB)
...
006 (5415472.420.000) 07/14 11:17:46 Image size of job updated: 1627700
	1039  -  MemoryUsage of job (MB)
	1063092  -  ResidentSetSize of job (KB)
...
006 (5415472.420.000) 07/14 13:02:57 Image size of job updated: 1627700
	1039  -  MemoryUsage of job (MB)
	1063104  -  ResidentSetSize of job (KB)
...
006 (5415472.420.000) 07/14 13:23:01 Image size of job updated: 1627700
	1039  -  MemoryUsage of job (MB)
	1063116  -  ResidentSetSize of job (KB)
...
006 (5415472.420.000) 07/14 13:48:03 Image size of job updated: 1627700
	1039  -  MemoryUsage of job (MB)
	1063128  -  ResidentSetSize of job (KB)
...
006 (5415472.420.000) 07/14 14:08:05 Image size of job updated: 1627700
	1039  -  MemoryUsage of job (MB)
	1063140  -  ResidentSetSize of job (KB)
...
006 (5415472.420.000) 07/14 14:33:09 Image size of job updated: 1627700
	1039  -  MemoryUsage of job (MB)
	1063152  -  ResidentSetSize of job (KB)
...
006 (5415472.420.000) 07/14 14:53:11 Image size of job updated: 1627700
	1039  -  MemoryUsage of job (MB)
	1063164  -  ResidentSetSize of job (KB)
...
006 (5415472.420.000) 07/14 15:18:13 Image size of job updated: 1627700
	1039  -  MemoryUsage of job (MB)
	1063176  -  ResidentSetSize of job (KB)
...
006 (5415472.420.000) 07/14 15:38:16 Image size of job updated: 1627700
	1039  -  MemoryUsage of job (MB)
	1063188  -  ResidentSetSize of job (KB)
...
006 (5415472.420.000) 07/14 15:58:18 Image size of job updated: 1627700
	1039  -  MemoryUsage of job (MB)
	1063200  -  ResidentSetSize of job (KB)
...
006 (5415472.420.000) 07/14 16:18:20 Image size of job updated: 1627700
	1039  -  MemoryUsage of job (MB)
	1063212  -  ResidentSetSize of job (KB)
...
006 (5415472.420.000) 07/14 16:43:21 Image size of job updated: 1627700
	1039  -  MemoryUsage of job (MB)
	1063224  -  ResidentSetSize of job (KB)
...
006 (5415472.420.000) 07/14 17:03:23 Image size of job updated: 1627700
	1039  -  MemoryUsage of job (MB)
	1063236  -  ResidentSetSize of job (KB)
...
006 (5415472.420.000) 07/14 17:28:26 Image size of job updated: 1627700
	1039  -  MemoryUsage of job (MB)
	1063248  -  ResidentSetSize of job (KB)
...
006 (5415472.420.000) 07/14 17:53:29 Image size of job updated: 1627700
	1039  -  MemoryUsage of job (MB)
	1063260  -  ResidentSetSize of job (KB)
...
006 (5415472.420.000) 07/14 18:18:32 Image size of job updated: 1627700
	1039  -  MemoryUsage of job (MB)
	1063272  -  ResidentSetSize of job (KB)
...
006 (5415472.420.000) 07/14 18:43:35 Image size of job updated: 1627700
	1039  -  MemoryUsage of job (MB)
	1063284  -  ResidentSetSize of job (KB)
...
006 (5415472.420.000) 07/14 19:08:39 Image size of job updated: 1627700
	1039  -  MemoryUsage of job (MB)
	1063296  -  ResidentSetSize of job (KB)
...
006 (5415472.420.000) 07/14 19:28:41 Image size of job updated: 1627700
	1039  -  MemoryUsage of job (MB)
	1063308  -  ResidentSetSize of job (KB)
...
006 (5415472.420.000) 07/14 19:53:44 Image size of job updated: 1627700
	1039  -  MemoryUsage of job (MB)
	1063320  -  ResidentSetSize of job (KB)
...
006 (5415472.420.000) 07/14 20:13:47 Image size of job updated: 1627700
	1039  -  MemoryUsage of job (MB)
	1063332  -  ResidentSetSize of job (KB)
...
006 (5415472.420.000) 07/14 20:33:50 Image size of job updated: 1627700
	1039  -  MemoryUsage of job (MB)
	1063344  -  ResidentSetSize of job (KB)
...
006 (5415472.420.000) 07/14 20:53:51 Image size of job updated: 1627700
	1039  -  MemoryUsage of job (MB)
	1063356  -  ResidentSetSize of job (KB)
...
007 (5415472.420.000) 07/14 20:59:57 Shadow exception!
	Assertion ERROR on (result)
	0  -  Run Bytes Sent By Job
	803  -  Run Bytes Received By Job
...
