000 (5415472.467.000) 07/11 14:02:30 Job submitted from host: <137.138.156.150:9618?addrs=137.138.156.150-9618+[2001-1458-d00-14--9a]-9618&alias=bigbird13.cern.ch&noUDP&sock=schedd_1788_ff6c>
...
040 (5415472.467.000) 07/12 07:49:41 Started transferring input files
	Transferring to host: <128.142.84.108:9618?addrs=128.142.84.108-9618+[2001-1458-301-f6--100-48f]-9618&alias=b7s14n0731.cern.ch&noUDP&sock=slot1_10_3514_ae48_130585>
...
040 (5415472.467.000) 07/12 07:49:41 Finished transferring input files
...
001 (5415472.467.000) 07/12 07:49:42 Job executing on host: <128.142.84.108:9618?addrs=128.142.84.108-9618+[2001-1458-301-f6--100-48f]-9618&alias=b7s14n0731.cern.ch&noUDP&sock=startd_15664_c793>
...
006 (5415472.467.000) 07/12 07:49:51 Image size of job updated: 568424
	150  -  MemoryUsage of job (MB)
	153004  -  ResidentSetSize of job (KB)
...
006 (5415472.467.000) 07/12 07:54:51 Image size of job updated: 1591068
	1004  -  MemoryUsage of job (MB)
	1027508  -  ResidentSetSize of job (KB)
...
006 (5415472.467.000) 07/14 15:35:52 Image size of job updated: 1592052
	1004  -  MemoryUsage of job (MB)
	1027508  -  ResidentSetSize of job (KB)
...
006 (5415472.467.000) 07/14 16:46:00 Image size of job updated: 1592956
	1004  -  MemoryUsage of job (MB)
	1027508  -  ResidentSetSize of job (KB)
...
006 (5415472.467.000) 07/14 18:01:07 Image size of job updated: 1593860
	1004  -  MemoryUsage of job (MB)
	1027508  -  ResidentSetSize of job (KB)
...
006 (5415472.467.000) 07/14 19:06:13 Image size of job updated: 1594768
	1004  -  MemoryUsage of job (MB)
	1027508  -  ResidentSetSize of job (KB)
...
006 (5415472.467.000) 07/14 20:16:19 Image size of job updated: 1595672
	1004  -  MemoryUsage of job (MB)
	1027508  -  ResidentSetSize of job (KB)
...
006 (5415472.467.000) 07/14 21:27:16 Image size of job updated: 1596580
	1004  -  MemoryUsage of job (MB)
	1027508  -  ResidentSetSize of job (KB)
...
006 (5415472.467.000) 07/14 22:42:25 Image size of job updated: 1597484
	1004  -  MemoryUsage of job (MB)
	1027508  -  ResidentSetSize of job (KB)
...
006 (5415472.467.000) 07/14 23:52:34 Image size of job updated: 1598388
	1004  -  MemoryUsage of job (MB)
	1027508  -  ResidentSetSize of job (KB)
...
006 (5415472.467.000) 07/15 01:02:42 Image size of job updated: 1599296
	1004  -  MemoryUsage of job (MB)
	1027508  -  ResidentSetSize of job (KB)
...
006 (5415472.467.000) 07/15 02:02:47 Image size of job updated: 1600200
	1004  -  MemoryUsage of job (MB)
	1027508  -  ResidentSetSize of job (KB)
...
006 (5415472.467.000) 07/15 03:02:52 Image size of job updated: 1601108
	1004  -  MemoryUsage of job (MB)
	1027508  -  ResidentSetSize of job (KB)
...
006 (5415472.467.000) 07/15 04:23:05 Image size of job updated: 1602012
	1004  -  MemoryUsage of job (MB)
	1027508  -  ResidentSetSize of job (KB)
...
006 (5415472.467.000) 07/15 05:33:11 Image size of job updated: 1602920
	1004  -  MemoryUsage of job (MB)
	1027508  -  ResidentSetSize of job (KB)
...
006 (5415472.467.000) 07/15 06:48:20 Image size of job updated: 1603824
	1004  -  MemoryUsage of job (MB)
	1027508  -  ResidentSetSize of job (KB)
...
006 (5415472.467.000) 07/15 08:08:30 Image size of job updated: 1604728
	1004  -  MemoryUsage of job (MB)
	1027508  -  ResidentSetSize of job (KB)
...
006 (5415472.467.000) 07/15 09:28:38 Image size of job updated: 1605636
	1004  -  MemoryUsage of job (MB)
	1027508  -  ResidentSetSize of job (KB)
...
006 (5415472.467.000) 07/15 10:48:45 Image size of job updated: 1606540
	1004  -  MemoryUsage of job (MB)
	1027508  -  ResidentSetSize of job (KB)
...
006 (5415472.467.000) 07/15 12:03:51 Image size of job updated: 1607448
	1004  -  MemoryUsage of job (MB)
	1027508  -  ResidentSetSize of job (KB)
...
006 (5415472.467.000) 07/15 13:19:01 Image size of job updated: 1608352
	1004  -  MemoryUsage of job (MB)
	1027508  -  ResidentSetSize of job (KB)
...
006 (5415472.467.000) 07/15 14:34:09 Image size of job updated: 1609256
	1004  -  MemoryUsage of job (MB)
	1027508  -  ResidentSetSize of job (KB)
...
006 (5415472.467.000) 07/15 15:44:17 Image size of job updated: 1610164
	1004  -  MemoryUsage of job (MB)
	1027508  -  ResidentSetSize of job (KB)
...
006 (5415472.467.000) 07/15 16:24:21 Image size of job updated: 1613236
	1004  -  MemoryUsage of job (MB)
	1027508  -  ResidentSetSize of job (KB)
...
006 (5415472.467.000) 07/15 18:14:31 Image size of job updated: 1614140
	1004  -  MemoryUsage of job (MB)
	1027508  -  ResidentSetSize of job (KB)
...
006 (5415472.467.000) 07/15 19:29:35 Image size of job updated: 1615048
	1004  -  MemoryUsage of job (MB)
	1027508  -  ResidentSetSize of job (KB)
...
006 (5415472.467.000) 07/15 20:39:41 Image size of job updated: 1615952
	1004  -  MemoryUsage of job (MB)
	1027508  -  ResidentSetSize of job (KB)
...
006 (5415472.467.000) 07/15 21:54:49 Image size of job updated: 1616856
	1004  -  MemoryUsage of job (MB)
	1027508  -  ResidentSetSize of job (KB)
...
006 (5415472.467.000) 07/15 22:59:57 Image size of job updated: 1617764
	1004  -  MemoryUsage of job (MB)
	1027508  -  ResidentSetSize of job (KB)
...
006 (5415472.467.000) 07/16 00:05:04 Image size of job updated: 1618668
	1004  -  MemoryUsage of job (MB)
	1027508  -  ResidentSetSize of job (KB)
...
006 (5415472.467.000) 07/16 01:10:11 Image size of job updated: 1619576
	1004  -  MemoryUsage of job (MB)
	1027508  -  ResidentSetSize of job (KB)
...
006 (5415472.467.000) 07/16 02:20:19 Image size of job updated: 1620480
	1004  -  MemoryUsage of job (MB)
	1027508  -  ResidentSetSize of job (KB)
...
006 (5415472.467.000) 07/16 03:30:26 Image size of job updated: 1621384
	1004  -  MemoryUsage of job (MB)
	1027508  -  ResidentSetSize of job (KB)
...
006 (5415472.467.000) 07/16 04:40:33 Image size of job updated: 1622292
	1004  -  MemoryUsage of job (MB)
	1027508  -  ResidentSetSize of job (KB)
...
006 (5415472.467.000) 07/16 05:50:39 Image size of job updated: 1623196
	1004  -  MemoryUsage of job (MB)
	1027508  -  ResidentSetSize of job (KB)
...
006 (5415472.467.000) 07/16 07:00:45 Image size of job updated: 1624104
	1004  -  MemoryUsage of job (MB)
	1027508  -  ResidentSetSize of job (KB)
...
006 (5415472.467.000) 07/16 08:10:51 Image size of job updated: 1625008
	1004  -  MemoryUsage of job (MB)
	1027508  -  ResidentSetSize of job (KB)
...
006 (5415472.467.000) 07/16 09:15:57 Image size of job updated: 1625916
	1004  -  MemoryUsage of job (MB)
	1027508  -  ResidentSetSize of job (KB)
...
006 (5415472.467.000) 07/16 10:21:05 Image size of job updated: 1626820
	1004  -  MemoryUsage of job (MB)
	1027508  -  ResidentSetSize of job (KB)
...
006 (5415472.467.000) 07/16 11:26:11 Image size of job updated: 1627724
	1004  -  MemoryUsage of job (MB)
	1027508  -  ResidentSetSize of job (KB)
...
006 (5415472.467.000) 07/16 12:31:01 Image size of job updated: 1628632
	1004  -  MemoryUsage of job (MB)
	1027508  -  ResidentSetSize of job (KB)
...
006 (5415472.467.000) 07/16 13:36:08 Image size of job updated: 1633160
	1004  -  MemoryUsage of job (MB)
	1027508  -  ResidentSetSize of job (KB)
...
040 (5415472.467.000) 07/18 15:31:08 Started transferring output files
...
040 (5415472.467.000) 07/18 15:31:08 Finished transferring output files
...
004 (5415472.467.000) 07/18 15:31:08 Job was evicted.
	(0) CPU times
		Usr 17 23:55:37, Sys 0 00:04:39  -  Run Remote Usage
		Usr 0 00:00:00, Sys 0 00:00:00  -  Run Local Usage
	96426  -  Run Bytes Sent By Job
	803  -  Run Bytes Received By Job
	Partitionable Resources :    Usage  Request Allocated 
	   Cpus                 :     2.75        4         4 
	   Disk (KB)            :   121    10485760  10644742 
	   Memory (MB)          :  1004        8000      8000 
...
