000 (5415472.485.000) 07/11 14:02:30 Job submitted from host: <137.138.156.150:9618?addrs=137.138.156.150-9618+[2001-1458-d00-14--9a]-9618&alias=bigbird13.cern.ch&noUDP&sock=schedd_1788_ff6c>
...
040 (5415472.485.000) 07/12 09:10:23 Started transferring input files
	Transferring to host: <128.142.56.84:9618?addrs=128.142.56.84-9618+[2001-1458-301-6--100-53]-9618&alias=b7s01p5563.cern.ch&noUDP&sock=slot1_19_43032_afcf_5693>
...
040 (5415472.485.000) 07/12 09:10:24 Finished transferring input files
...
001 (5415472.485.000) 07/12 09:10:24 Job executing on host: <128.142.56.84:9618?addrs=128.142.56.84-9618+[2001-1458-301-6--100-53]-9618&alias=b7s01p5563.cern.ch&noUDP&sock=startd_42990_2489>
...
006 (5415472.485.000) 07/12 09:10:33 Image size of job updated: 570632
	46  -  MemoryUsage of job (MB)
	46128  -  ResidentSetSize of job (KB)
...
006 (5415472.485.000) 07/12 09:15:33 Image size of job updated: 1591044
	1004  -  MemoryUsage of job (MB)
	1027488  -  ResidentSetSize of job (KB)
...
006 (5415472.485.000) 07/13 18:06:11 Image size of job updated: 1592028
	1005  -  MemoryUsage of job (MB)
	1028376  -  ResidentSetSize of job (KB)
...
006 (5415472.485.000) 07/13 18:46:12 Image size of job updated: 1592932
	1005  -  MemoryUsage of job (MB)
	1028376  -  ResidentSetSize of job (KB)
...
006 (5415472.485.000) 07/13 19:21:14 Image size of job updated: 1593840
	1005  -  MemoryUsage of job (MB)
	1028376  -  ResidentSetSize of job (KB)
...
006 (5415472.485.000) 07/13 19:56:18 Image size of job updated: 1594744
	1005  -  MemoryUsage of job (MB)
	1028832  -  ResidentSetSize of job (KB)
...
006 (5415472.485.000) 07/13 20:36:22 Image size of job updated: 1595648
	1005  -  MemoryUsage of job (MB)
	1028832  -  ResidentSetSize of job (KB)
...
006 (5415472.485.000) 07/13 21:11:26 Image size of job updated: 1596556
	1006  -  MemoryUsage of job (MB)
	1029308  -  ResidentSetSize of job (KB)
...
006 (5415472.485.000) 07/13 21:46:31 Image size of job updated: 1597460
	1007  -  MemoryUsage of job (MB)
	1030212  -  ResidentSetSize of job (KB)
...
006 (5415472.485.000) 07/13 22:26:36 Image size of job updated: 1598368
	1007  -  MemoryUsage of job (MB)
	1031120  -  ResidentSetSize of job (KB)
...
006 (5415472.485.000) 07/13 23:11:42 Image size of job updated: 1599272
	1008  -  MemoryUsage of job (MB)
	1032024  -  ResidentSetSize of job (KB)
...
006 (5415472.485.000) 07/13 23:51:47 Image size of job updated: 1600180
	1009  -  MemoryUsage of job (MB)
	1032928  -  ResidentSetSize of job (KB)
...
006 (5415472.485.000) 07/14 00:36:50 Image size of job updated: 1601084
	1010  -  MemoryUsage of job (MB)
	1033836  -  ResidentSetSize of job (KB)
...
006 (5415472.485.000) 07/14 01:11:56 Image size of job updated: 1601988
	1010  -  MemoryUsage of job (MB)
	1033836  -  ResidentSetSize of job (KB)
...
006 (5415472.485.000) 07/14 01:52:00 Image size of job updated: 1602896
	1010  -  MemoryUsage of job (MB)
	1033836  -  ResidentSetSize of job (KB)
...
006 (5415472.485.000) 07/14 02:27:00 Image size of job updated: 1603800
	1011  -  MemoryUsage of job (MB)
	1034628  -  ResidentSetSize of job (KB)
...
006 (5415472.485.000) 07/14 03:07:04 Image size of job updated: 1604708
	1012  -  MemoryUsage of job (MB)
	1035536  -  ResidentSetSize of job (KB)
...
006 (5415472.485.000) 07/14 03:42:07 Image size of job updated: 1605612
	1013  -  MemoryUsage of job (MB)
	1036440  -  ResidentSetSize of job (KB)
...
006 (5415472.485.000) 07/14 04:22:10 Image size of job updated: 1610140
	1017  -  MemoryUsage of job (MB)
	1040984  -  ResidentSetSize of job (KB)
...
006 (5415472.485.000) 07/14 07:27:28 Image size of job updated: 1613212
	1019  -  MemoryUsage of job (MB)
	1042532  -  ResidentSetSize of job (KB)
...
006 (5415472.485.000) 07/14 07:37:29 Image size of job updated: 1613212
	1019  -  MemoryUsage of job (MB)
	1042544  -  ResidentSetSize of job (KB)
...
006 (5415472.485.000) 07/14 07:57:32 Image size of job updated: 1613212
	1019  -  MemoryUsage of job (MB)
	1042556  -  ResidentSetSize of job (KB)
...
006 (5415472.485.000) 07/14 08:17:33 Image size of job updated: 1613212
	1019  -  MemoryUsage of job (MB)
	1042568  -  ResidentSetSize of job (KB)
...
006 (5415472.485.000) 07/14 08:37:36 Image size of job updated: 1613212
	1019  -  MemoryUsage of job (MB)
	1042580  -  ResidentSetSize of job (KB)
...
006 (5415472.485.000) 07/14 08:57:39 Image size of job updated: 1613212
	1019  -  MemoryUsage of job (MB)
	1042592  -  ResidentSetSize of job (KB)
...
006 (5415472.485.000) 07/14 09:22:41 Image size of job updated: 1613212
	1019  -  MemoryUsage of job (MB)
	1042604  -  ResidentSetSize of job (KB)
...
006 (5415472.485.000) 07/14 09:42:41 Image size of job updated: 1613212
	1019  -  MemoryUsage of job (MB)
	1042616  -  ResidentSetSize of job (KB)
...
006 (5415472.485.000) 07/14 10:02:42 Image size of job updated: 1613212
	1019  -  MemoryUsage of job (MB)
	1042628  -  ResidentSetSize of job (KB)
...
006 (5415472.485.000) 07/14 10:22:43 Image size of job updated: 1613212
	1019  -  MemoryUsage of job (MB)
	1042640  -  ResidentSetSize of job (KB)
...
006 (5415472.485.000) 07/14 10:42:45 Image size of job updated: 1613212
	1019  -  MemoryUsage of job (MB)
	1042652  -  ResidentSetSize of job (KB)
...
006 (5415472.485.000) 07/14 11:02:48 Image size of job updated: 1613212
	1019  -  MemoryUsage of job (MB)
	1042664  -  ResidentSetSize of job (KB)
...
006 (5415472.485.000) 07/14 11:22:50 Image size of job updated: 1613212
	1019  -  MemoryUsage of job (MB)
	1042676  -  ResidentSetSize of job (KB)
...
006 (5415472.485.000) 07/14 11:42:51 Image size of job updated: 1613212
	1019  -  MemoryUsage of job (MB)
	1042688  -  ResidentSetSize of job (KB)
...
006 (5415472.485.000) 07/14 12:07:54 Image size of job updated: 1613212
	1019  -  MemoryUsage of job (MB)
	1042700  -  ResidentSetSize of job (KB)
...
007 (5415472.485.000) 07/14 21:02:37 Shadow exception!
	Assertion ERROR on (result)
	0  -  Run Bytes Sent By Job
	803  -  Run Bytes Received By Job
...
