000 (5415472.190.000) 07/11 14:02:29 Job submitted from host: <137.138.156.150:9618?addrs=137.138.156.150-9618+[2001-1458-d00-14--9a]-9618&alias=bigbird13.cern.ch&noUDP&sock=schedd_1788_ff6c>
...
040 (5415472.190.000) 07/11 14:16:46 Started transferring input files
	Transferring to host: <128.142.59.80:9618?addrs=128.142.59.80-9618+[2001-1458-301-21--100-4f]-9618&alias=b7s04p4586.cern.ch&noUDP&sock=slot1_55_6938_32d3_2097>
...
040 (5415472.190.000) 07/11 14:16:46 Finished transferring input files
...
001 (5415472.190.000) 07/11 14:16:47 Job executing on host: <128.142.59.80:9618?addrs=128.142.59.80-9618+[2001-1458-301-21--100-4f]-9618&alias=b7s04p4586.cern.ch&noUDP&sock=startd_6477_4301>
...
006 (5415472.190.000) 07/11 14:16:56 Image size of job updated: 537388
	43  -  MemoryUsage of job (MB)
	43060  -  ResidentSetSize of job (KB)
...
006 (5415472.190.000) 07/11 14:21:56 Image size of job updated: 1590980
	1004  -  MemoryUsage of job (MB)
	1027432  -  ResidentSetSize of job (KB)
...
006 (5415472.190.000) 07/12 23:45:20 Image size of job updated: 1591964
	1004  -  MemoryUsage of job (MB)
	1027432  -  ResidentSetSize of job (KB)
...
006 (5415472.190.000) 07/13 00:25:23 Image size of job updated: 1592868
	1004  -  MemoryUsage of job (MB)
	1028000  -  ResidentSetSize of job (KB)
...
006 (5415472.190.000) 07/13 01:05:27 Image size of job updated: 1593776
	1005  -  MemoryUsage of job (MB)
	1028908  -  ResidentSetSize of job (KB)
...
006 (5415472.190.000) 07/13 01:45:31 Image size of job updated: 1594680
	1006  -  MemoryUsage of job (MB)
	1029812  -  ResidentSetSize of job (KB)
...
006 (5415472.190.000) 07/13 02:25:33 Image size of job updated: 1595584
	1007  -  MemoryUsage of job (MB)
	1030716  -  ResidentSetSize of job (KB)
...
006 (5415472.190.000) 07/13 03:05:38 Image size of job updated: 1596492
	1008  -  MemoryUsage of job (MB)
	1031624  -  ResidentSetSize of job (KB)
...
006 (5415472.190.000) 07/13 03:50:43 Image size of job updated: 1597396
	1009  -  MemoryUsage of job (MB)
	1032528  -  ResidentSetSize of job (KB)
...
006 (5415472.190.000) 07/13 04:30:49 Image size of job updated: 1598304
	1010  -  MemoryUsage of job (MB)
	1033436  -  ResidentSetSize of job (KB)
...
006 (5415472.190.000) 07/13 05:15:55 Image size of job updated: 1599208
	1011  -  MemoryUsage of job (MB)
	1034336  -  ResidentSetSize of job (KB)
...
006 (5415472.190.000) 07/13 05:55:59 Image size of job updated: 1600112
	1011  -  MemoryUsage of job (MB)
	1035240  -  ResidentSetSize of job (KB)
...
006 (5415472.190.000) 07/13 06:36:03 Image size of job updated: 1600112
	1012  -  MemoryUsage of job (MB)
	1036088  -  ResidentSetSize of job (KB)
...
006 (5415472.190.000) 07/13 06:41:03 Image size of job updated: 1601020
	1012  -  MemoryUsage of job (MB)
	1036088  -  ResidentSetSize of job (KB)
...
006 (5415472.190.000) 07/13 07:21:06 Image size of job updated: 1601924
	1013  -  MemoryUsage of job (MB)
	1036992  -  ResidentSetSize of job (KB)
...
006 (5415472.190.000) 07/13 08:06:12 Image size of job updated: 1602832
	1014  -  MemoryUsage of job (MB)
	1037900  -  ResidentSetSize of job (KB)
...
006 (5415472.190.000) 07/13 08:46:12 Image size of job updated: 1602832
	1015  -  MemoryUsage of job (MB)
	1038804  -  ResidentSetSize of job (KB)
...
006 (5415472.190.000) 07/13 08:51:13 Image size of job updated: 1603736
	1015  -  MemoryUsage of job (MB)
	1038804  -  ResidentSetSize of job (KB)
...
006 (5415472.190.000) 07/13 09:31:17 Image size of job updated: 1604640
	1016  -  MemoryUsage of job (MB)
	1039696  -  ResidentSetSize of job (KB)
...
006 (5415472.190.000) 07/13 10:16:22 Image size of job updated: 1605548
	1017  -  MemoryUsage of job (MB)
	1040600  -  ResidentSetSize of job (KB)
...
006 (5415472.190.000) 07/13 11:01:26 Image size of job updated: 1606452
	1018  -  MemoryUsage of job (MB)
	1041496  -  ResidentSetSize of job (KB)
...
006 (5415472.190.000) 07/13 11:46:32 Image size of job updated: 1607360
	1018  -  MemoryUsage of job (MB)
	1042404  -  ResidentSetSize of job (KB)
...
006 (5415472.190.000) 07/13 12:26:38 Image size of job updated: 1608264
	1019  -  MemoryUsage of job (MB)
	1043308  -  ResidentSetSize of job (KB)
...
006 (5415472.190.000) 07/13 13:11:39 Image size of job updated: 1609172
	1020  -  MemoryUsage of job (MB)
	1044216  -  ResidentSetSize of job (KB)
...
006 (5415472.190.000) 07/13 13:31:41 Image size of job updated: 1612244
	1022  -  MemoryUsage of job (MB)
	1045764  -  ResidentSetSize of job (KB)
...
006 (5415472.190.000) 07/13 13:56:44 Image size of job updated: 1612244
	1022  -  MemoryUsage of job (MB)
	1045776  -  ResidentSetSize of job (KB)
...
006 (5415472.190.000) 07/13 14:21:47 Image size of job updated: 1612244
	1022  -  MemoryUsage of job (MB)
	1045788  -  ResidentSetSize of job (KB)
...
006 (5415472.190.000) 07/13 14:41:48 Image size of job updated: 1613148
	1023  -  MemoryUsage of job (MB)
	1046692  -  ResidentSetSize of job (KB)
...
006 (5415472.190.000) 07/13 14:46:49 Image size of job updated: 1613148
	1023  -  MemoryUsage of job (MB)
	1046704  -  ResidentSetSize of job (KB)
...
006 (5415472.190.000) 07/13 15:06:51 Image size of job updated: 1613148
	1023  -  MemoryUsage of job (MB)
	1046716  -  ResidentSetSize of job (KB)
...
006 (5415472.190.000) 07/13 15:26:53 Image size of job updated: 1614052
	1024  -  MemoryUsage of job (MB)
	1047620  -  ResidentSetSize of job (KB)
...
006 (5415472.190.000) 07/13 15:31:53 Image size of job updated: 1614052
	1024  -  MemoryUsage of job (MB)
	1047632  -  ResidentSetSize of job (KB)
...
006 (5415472.190.000) 07/13 15:56:54 Image size of job updated: 1614052
	1024  -  MemoryUsage of job (MB)
	1047644  -  ResidentSetSize of job (KB)
...
006 (5415472.190.000) 07/13 16:11:56 Image size of job updated: 1614960
	1024  -  MemoryUsage of job (MB)
	1048552  -  ResidentSetSize of job (KB)
...
006 (5415472.190.000) 07/13 16:21:56 Image size of job updated: 1614960
	1024  -  MemoryUsage of job (MB)
	1048564  -  ResidentSetSize of job (KB)
...
006 (5415472.190.000) 07/13 16:57:01 Image size of job updated: 1615864
	1025  -  MemoryUsage of job (MB)
	1048896  -  ResidentSetSize of job (KB)
...
006 (5415472.190.000) 07/13 17:43:42 Image size of job updated: 1616772
	1026  -  MemoryUsage of job (MB)
	1049632  -  ResidentSetSize of job (KB)
...
006 (5415472.190.000) 07/13 18:23:43 Image size of job updated: 1617676
	1026  -  MemoryUsage of job (MB)
	1050100  -  ResidentSetSize of job (KB)
...
006 (5415472.190.000) 07/13 18:38:46 Image size of job updated: 1617676
	1026  -  MemoryUsage of job (MB)
	1050112  -  ResidentSetSize of job (KB)
...
006 (5415472.190.000) 07/13 19:03:48 Image size of job updated: 1617676
	1026  -  MemoryUsage of job (MB)
	1050124  -  ResidentSetSize of job (KB)
...
006 (5415472.190.000) 07/13 19:08:48 Image size of job updated: 1618580
	1027  -  MemoryUsage of job (MB)
	1051028  -  ResidentSetSize of job (KB)
...
006 (5415472.190.000) 07/13 19:23:50 Image size of job updated: 1618580
	1027  -  MemoryUsage of job (MB)
	1051036  -  ResidentSetSize of job (KB)
...
006 (5415472.190.000) 07/13 19:28:50 Image size of job updated: 1618580
	1027  -  MemoryUsage of job (MB)
	1051040  -  ResidentSetSize of job (KB)
...
006 (5415472.190.000) 07/13 19:48:52 Image size of job updated: 1619488
	1028  -  MemoryUsage of job (MB)
	1051960  -  ResidentSetSize of job (KB)
...
006 (5415472.190.000) 07/13 20:08:54 Image size of job updated: 1619488
	1028  -  MemoryUsage of job (MB)
	1051972  -  ResidentSetSize of job (KB)
...
006 (5415472.190.000) 07/13 20:33:56 Image size of job updated: 1620392
	1029  -  MemoryUsage of job (MB)
	1052888  -  ResidentSetSize of job (KB)
...
006 (5415472.190.000) 07/13 20:53:58 Image size of job updated: 1620392
	1029  -  MemoryUsage of job (MB)
	1052900  -  ResidentSetSize of job (KB)
...
006 (5415472.190.000) 07/13 21:13:59 Image size of job updated: 1621300
	1030  -  MemoryUsage of job (MB)
	1053820  -  ResidentSetSize of job (KB)
...
006 (5415472.190.000) 07/13 21:39:00 Image size of job updated: 1621300
	1030  -  MemoryUsage of job (MB)
	1053832  -  ResidentSetSize of job (KB)
...
006 (5415472.190.000) 07/13 21:54:01 Image size of job updated: 1622204
	1031  -  MemoryUsage of job (MB)
	1054736  -  ResidentSetSize of job (KB)
...
006 (5415472.190.000) 07/13 21:59:01 Image size of job updated: 1622204
	1031  -  MemoryUsage of job (MB)
	1054748  -  ResidentSetSize of job (KB)
...
006 (5415472.190.000) 07/13 22:19:04 Image size of job updated: 1622204
	1031  -  MemoryUsage of job (MB)
	1054760  -  ResidentSetSize of job (KB)
...
006 (5415472.190.000) 07/13 22:34:04 Image size of job updated: 1623108
	1031  -  MemoryUsage of job (MB)
	1055664  -  ResidentSetSize of job (KB)
...
006 (5415472.190.000) 07/13 22:44:05 Image size of job updated: 1623108
	1031  -  MemoryUsage of job (MB)
	1055676  -  ResidentSetSize of job (KB)
...
006 (5415472.190.000) 07/13 23:04:07 Image size of job updated: 1623108
	1031  -  MemoryUsage of job (MB)
	1055688  -  ResidentSetSize of job (KB)
...
006 (5415472.190.000) 07/13 23:14:08 Image size of job updated: 1624016
	1032  -  MemoryUsage of job (MB)
	1056596  -  ResidentSetSize of job (KB)
...
006 (5415472.190.000) 07/13 23:29:09 Image size of job updated: 1624016
	1032  -  MemoryUsage of job (MB)
	1056608  -  ResidentSetSize of job (KB)
...
006 (5415472.190.000) 07/13 23:54:11 Image size of job updated: 1624016
	1032  -  MemoryUsage of job (MB)
	1056620  -  ResidentSetSize of job (KB)
...
006 (5415472.190.000) 07/13 23:59:12 Image size of job updated: 1624920
	1033  -  MemoryUsage of job (MB)
	1057524  -  ResidentSetSize of job (KB)
...
006 (5415472.190.000) 07/14 00:14:13 Image size of job updated: 1624920
	1033  -  MemoryUsage of job (MB)
	1057536  -  ResidentSetSize of job (KB)
...
006 (5415472.190.000) 07/14 00:39:13 Image size of job updated: 1624920
	1033  -  MemoryUsage of job (MB)
	1057548  -  ResidentSetSize of job (KB)
...
006 (5415472.190.000) 07/14 00:44:13 Image size of job updated: 1625828
	1034  -  MemoryUsage of job (MB)
	1058456  -  ResidentSetSize of job (KB)
...
006 (5415472.190.000) 07/14 00:59:14 Image size of job updated: 1625828
	1034  -  MemoryUsage of job (MB)
	1058468  -  ResidentSetSize of job (KB)
...
006 (5415472.190.000) 07/14 01:24:17 Image size of job updated: 1625828
	1034  -  MemoryUsage of job (MB)
	1058480  -  ResidentSetSize of job (KB)
...
006 (5415472.190.000) 07/14 01:29:18 Image size of job updated: 1626732
	1035  -  MemoryUsage of job (MB)
	1059384  -  ResidentSetSize of job (KB)
...
006 (5415472.190.000) 07/14 01:44:18 Image size of job updated: 1626732
	1035  -  MemoryUsage of job (MB)
	1059396  -  ResidentSetSize of job (KB)
...
006 (5415472.190.000) 07/14 02:09:20 Image size of job updated: 1627636
	1036  -  MemoryUsage of job (MB)
	1060312  -  ResidentSetSize of job (KB)
...
006 (5415472.190.000) 07/14 02:29:23 Image size of job updated: 1627636
	1036  -  MemoryUsage of job (MB)
	1060324  -  ResidentSetSize of job (KB)
...
006 (5415472.190.000) 07/14 02:49:24 Image size of job updated: 1628544
	1037  -  MemoryUsage of job (MB)
	1061244  -  ResidentSetSize of job (KB)
...
006 (5415472.190.000) 07/14 03:14:24 Image size of job updated: 1628544
	1037  -  MemoryUsage of job (MB)
	1061256  -  ResidentSetSize of job (KB)
...
006 (5415472.190.000) 07/14 03:29:27 Image size of job updated: 1629448
	1038  -  MemoryUsage of job (MB)
	1062160  -  ResidentSetSize of job (KB)
...
006 (5415472.190.000) 07/14 03:34:27 Image size of job updated: 1629448
	1038  -  MemoryUsage of job (MB)
	1062172  -  ResidentSetSize of job (KB)
...
006 (5415472.190.000) 07/14 03:54:28 Image size of job updated: 1629448
	1038  -  MemoryUsage of job (MB)
	1062184  -  ResidentSetSize of job (KB)
...
006 (5415472.190.000) 07/14 04:09:30 Image size of job updated: 1630356
	1039  -  MemoryUsage of job (MB)
	1063092  -  ResidentSetSize of job (KB)
...
006 (5415472.190.000) 07/14 04:19:30 Image size of job updated: 1630356
	1039  -  MemoryUsage of job (MB)
	1063104  -  ResidentSetSize of job (KB)
...
006 (5415472.190.000) 07/14 04:39:33 Image size of job updated: 1630356
	1039  -  MemoryUsage of job (MB)
	1063116  -  ResidentSetSize of job (KB)
...
006 (5415472.190.000) 07/14 04:54:34 Image size of job updated: 1631260
	1040  -  MemoryUsage of job (MB)
	1064020  -  ResidentSetSize of job (KB)
...
006 (5415472.190.000) 07/14 04:59:35 Image size of job updated: 1631260
	1040  -  MemoryUsage of job (MB)
	1064032  -  ResidentSetSize of job (KB)
...
006 (5415472.190.000) 07/14 05:24:36 Image size of job updated: 1631260
	1040  -  MemoryUsage of job (MB)
	1064044  -  ResidentSetSize of job (KB)
...
006 (5415472.190.000) 07/14 05:34:37 Image size of job updated: 1632168
	1040  -  MemoryUsage of job (MB)
	1064952  -  ResidentSetSize of job (KB)
...
006 (5415472.190.000) 07/14 05:49:40 Image size of job updated: 1632168
	1041  -  MemoryUsage of job (MB)
	1064964  -  ResidentSetSize of job (KB)
...
006 (5415472.190.000) 07/14 06:09:41 Image size of job updated: 1632168
	1041  -  MemoryUsage of job (MB)
	1064976  -  ResidentSetSize of job (KB)
...
006 (5415472.190.000) 07/14 06:19:42 Image size of job updated: 1633072
	1041  -  MemoryUsage of job (MB)
	1065880  -  ResidentSetSize of job (KB)
...
006 (5415472.190.000) 07/14 06:34:42 Image size of job updated: 1633072
	1041  -  MemoryUsage of job (MB)
	1065892  -  ResidentSetSize of job (KB)
...
006 (5415472.190.000) 07/14 06:59:44 Image size of job updated: 1633976
	1042  -  MemoryUsage of job (MB)
	1066808  -  ResidentSetSize of job (KB)
...
006 (5415472.190.000) 07/14 07:19:47 Image size of job updated: 1633976
	1042  -  MemoryUsage of job (MB)
	1066820  -  ResidentSetSize of job (KB)
...
006 (5415472.190.000) 07/14 07:39:51 Image size of job updated: 1633976
	1042  -  MemoryUsage of job (MB)
	1066824  -  ResidentSetSize of job (KB)
...
006 (5415472.190.000) 07/14 07:44:52 Image size of job updated: 1634884
	1043  -  MemoryUsage of job (MB)
	1067740  -  ResidentSetSize of job (KB)
...
006 (5415472.190.000) 07/14 08:04:54 Image size of job updated: 1634884
	1043  -  MemoryUsage of job (MB)
	1067752  -  ResidentSetSize of job (KB)
...
006 (5415472.190.000) 07/14 08:24:56 Image size of job updated: 1635788
	1044  -  MemoryUsage of job (MB)
	1068668  -  ResidentSetSize of job (KB)
...
006 (5415472.190.000) 07/14 08:44:59 Image size of job updated: 1635788
	1044  -  MemoryUsage of job (MB)
	1068680  -  ResidentSetSize of job (KB)
...
006 (5415472.190.000) 07/14 09:00:00 Image size of job updated: 1635788
	1045  -  MemoryUsage of job (MB)
	1069588  -  ResidentSetSize of job (KB)
...
006 (5415472.190.000) 07/14 09:05:01 Image size of job updated: 1636696
	1045  -  MemoryUsage of job (MB)
	1069600  -  ResidentSetSize of job (KB)
...
006 (5415472.190.000) 07/14 09:25:03 Image size of job updated: 1636696
	1045  -  MemoryUsage of job (MB)
	1069612  -  ResidentSetSize of job (KB)
...
006 (5415472.190.000) 07/14 09:40:05 Image size of job updated: 1637600
	1046  -  MemoryUsage of job (MB)
	1070516  -  ResidentSetSize of job (KB)
...
006 (5415472.190.000) 07/14 09:45:06 Image size of job updated: 1637600
	1046  -  MemoryUsage of job (MB)
	1070528  -  ResidentSetSize of job (KB)
...
006 (5415472.190.000) 07/14 10:05:08 Image size of job updated: 1637600
	1046  -  MemoryUsage of job (MB)
	1070540  -  ResidentSetSize of job (KB)
...
006 (5415472.190.000) 07/14 10:15:09 Image size of job updated: 1642128
	1050  -  MemoryUsage of job (MB)
	1075072  -  ResidentSetSize of job (KB)
...
006 (5415472.190.000) 07/14 10:25:10 Image size of job updated: 1642128
	1050  -  MemoryUsage of job (MB)
	1075084  -  ResidentSetSize of job (KB)
...
006 (5415472.190.000) 07/14 10:40:11 Image size of job updated: 1642128
	1050  -  MemoryUsage of job (MB)
	1075092  -  ResidentSetSize of job (KB)
...
006 (5415472.190.000) 07/14 10:45:12 Image size of job updated: 1642128
	1050  -  MemoryUsage of job (MB)
	1075096  -  ResidentSetSize of job (KB)
...
006 (5415472.190.000) 07/14 11:05:12 Image size of job updated: 1642128
	1050  -  MemoryUsage of job (MB)
	1075108  -  ResidentSetSize of job (KB)
...
006 (5415472.190.000) 07/14 11:20:14 Image size of job updated: 1642128
	1050  -  MemoryUsage of job (MB)
	1075116  -  ResidentSetSize of job (KB)
...
006 (5415472.190.000) 07/14 11:25:14 Image size of job updated: 1642128
	1050  -  MemoryUsage of job (MB)
	1075120  -  ResidentSetSize of job (KB)
...
006 (5415472.190.000) 07/14 11:45:16 Image size of job updated: 1642128
	1050  -  MemoryUsage of job (MB)
	1075132  -  ResidentSetSize of job (KB)
...
006 (5415472.190.000) 07/14 12:05:19 Image size of job updated: 1642128
	1050  -  MemoryUsage of job (MB)
	1075144  -  ResidentSetSize of job (KB)
...
006 (5415472.190.000) 07/14 12:30:21 Image size of job updated: 1642128
	1050  -  MemoryUsage of job (MB)
	1075156  -  ResidentSetSize of job (KB)
...
006 (5415472.190.000) 07/14 12:50:23 Image size of job updated: 1642128
	1050  -  MemoryUsage of job (MB)
	1075168  -  ResidentSetSize of job (KB)
...
006 (5415472.190.000) 07/14 13:10:24 Image size of job updated: 1642128
	1050  -  MemoryUsage of job (MB)
	1075180  -  ResidentSetSize of job (KB)
...
006 (5415472.190.000) 07/14 13:30:26 Image size of job updated: 1642128
	1050  -  MemoryUsage of job (MB)
	1075192  -  ResidentSetSize of job (KB)
...
006 (5415472.190.000) 07/14 13:55:30 Image size of job updated: 1642128
	1051  -  MemoryUsage of job (MB)
	1075204  -  ResidentSetSize of job (KB)
...
006 (5415472.190.000) 07/14 14:15:33 Image size of job updated: 1642128
	1051  -  MemoryUsage of job (MB)
	1075216  -  ResidentSetSize of job (KB)
...
006 (5415472.190.000) 07/14 14:35:34 Image size of job updated: 1642128
	1051  -  MemoryUsage of job (MB)
	1075228  -  ResidentSetSize of job (KB)
...
006 (5415472.190.000) 07/14 14:55:36 Image size of job updated: 1642128
	1051  -  MemoryUsage of job (MB)
	1075240  -  ResidentSetSize of job (KB)
...
006 (5415472.190.000) 07/14 15:20:40 Image size of job updated: 1642128
	1051  -  MemoryUsage of job (MB)
	1075252  -  ResidentSetSize of job (KB)
...
006 (5415472.190.000) 07/14 15:40:43 Image size of job updated: 1642128
	1051  -  MemoryUsage of job (MB)
	1075264  -  ResidentSetSize of job (KB)
...
006 (5415472.190.000) 07/14 16:00:45 Image size of job updated: 1642128
	1051  -  MemoryUsage of job (MB)
	1075276  -  ResidentSetSize of job (KB)
...
006 (5415472.190.000) 07/14 16:25:47 Image size of job updated: 1642128
	1051  -  MemoryUsage of job (MB)
	1075288  -  ResidentSetSize of job (KB)
...
006 (5415472.190.000) 07/14 16:45:49 Image size of job updated: 1642128
	1051  -  MemoryUsage of job (MB)
	1075300  -  ResidentSetSize of job (KB)
...
022 (5415472.190.000) 07/14 17:47:53 Job disconnected, attempting to reconnect
    Socket between submit and execute hosts closed unexpectedly
    Trying to reconnect to slot1_55@b7s04p4586.cern.ch <128.142.59.80:9618?addrs=128.142.59.80-9618+[2001-1458-301-21--100-4f]-9618&alias=b7s04p4586.cern.ch&noUDP&sock=startd_6477_4301>
...
023 (5415472.190.000) 07/14 17:47:53 Job reconnected to slot1_55@b7s04p4586.cern.ch
    startd address: <128.142.59.80:9618?addrs=128.142.59.80-9618+[2001-1458-301-21--100-4f]-9618&alias=b7s04p4586.cern.ch&noUDP&sock=startd_6477_4301>
    starter address: <128.142.59.80:9618?addrs=128.142.59.80-9618+[2001-1458-301-21--100-4f]-9618&alias=b7s04p4586.cern.ch&noUDP&sock=slot1_55_6938_32d3_2097>
...
007 (5415472.190.000) 07/14 21:12:53 Shadow exception!
	Assertion ERROR on (result)
	0  -  Run Bytes Sent By Job
	803  -  Run Bytes Received By Job
...
040 (5415472.190.000) 07/14 21:26:10 Started transferring input files
	Transferring to host: <128.142.87.162:9618?addrs=128.142.87.162-9618+[2001-1458-301-f6--100-3d5]-9618&alias=b7s14n9006.cern.ch&noUDP&sock=slot1_2_6093_d1d1_58973>
...
040 (5415472.190.000) 07/14 21:26:32 Finished transferring input files
...
001 (5415472.190.000) 07/14 21:26:34 Job executing on host: <128.142.87.162:9618?addrs=128.142.87.162-9618+[2001-1458-301-f6--100-3d5]-9618&alias=b7s14n9006.cern.ch&noUDP&sock=startd_4917_3b43>
...
