000 (5415472.230.000) 07/11 14:02:29 Job submitted from host: <137.138.156.150:9618?addrs=137.138.156.150-9618+[2001-1458-d00-14--9a]-9618&alias=bigbird13.cern.ch&noUDP&sock=schedd_1788_ff6c>
...
040 (5415472.230.000) 07/11 14:20:16 Started transferring input files
	Transferring to host: <128.142.75.182:9618?addrs=128.142.75.182-9618+[2001-1458-301-75--100-18b]-9618&alias=b7s11n3143.cern.ch&noUDP&sock=slot1_10_18701_4bd2_108449>
...
040 (5415472.230.000) 07/11 14:20:16 Finished transferring input files
...
001 (5415472.230.000) 07/11 14:20:18 Job executing on host: <128.142.75.182:9618?addrs=128.142.75.182-9618+[2001-1458-301-75--100-18b]-9618&alias=b7s11n3143.cern.ch&noUDP&sock=startd_16326_db46>
...
006 (5415472.230.000) 07/11 14:20:27 Image size of job updated: 96420
	51  -  MemoryUsage of job (MB)
	51236  -  ResidentSetSize of job (KB)
...
006 (5415472.230.000) 07/11 14:25:28 Image size of job updated: 1590984
	1004  -  MemoryUsage of job (MB)
	1027436  -  ResidentSetSize of job (KB)
...
006 (5415472.230.000) 07/13 18:27:39 Image size of job updated: 1591964
	1005  -  MemoryUsage of job (MB)
	1028340  -  ResidentSetSize of job (KB)
...
006 (5415472.230.000) 07/13 19:32:48 Image size of job updated: 1592872
	1006  -  MemoryUsage of job (MB)
	1029248  -  ResidentSetSize of job (KB)
...
006 (5415472.230.000) 07/13 20:37:57 Image size of job updated: 1593776
	1007  -  MemoryUsage of job (MB)
	1030152  -  ResidentSetSize of job (KB)
...
006 (5415472.230.000) 07/13 21:48:05 Image size of job updated: 1594680
	1007  -  MemoryUsage of job (MB)
	1031056  -  ResidentSetSize of job (KB)
...
006 (5415472.230.000) 07/13 22:58:13 Image size of job updated: 1595588
	1008  -  MemoryUsage of job (MB)
	1031964  -  ResidentSetSize of job (KB)
...
006 (5415472.230.000) 07/14 00:08:23 Image size of job updated: 1596492
	1009  -  MemoryUsage of job (MB)
	1032868  -  ResidentSetSize of job (KB)
...
006 (5415472.230.000) 07/14 01:08:28 Image size of job updated: 1597400
	1010  -  MemoryUsage of job (MB)
	1033776  -  ResidentSetSize of job (KB)
...
006 (5415472.230.000) 07/14 02:08:33 Image size of job updated: 1598304
	1010  -  MemoryUsage of job (MB)
	1033972  -  ResidentSetSize of job (KB)
...
006 (5415472.230.000) 07/14 02:58:39 Image size of job updated: 1599212
	1011  -  MemoryUsage of job (MB)
	1034876  -  ResidentSetSize of job (KB)
...
006 (5415472.230.000) 07/14 03:53:44 Image size of job updated: 1600116
	1012  -  MemoryUsage of job (MB)
	1035408  -  ResidentSetSize of job (KB)
...
006 (5415472.230.000) 07/14 04:43:49 Image size of job updated: 1601020
	1013  -  MemoryUsage of job (MB)
	1036312  -  ResidentSetSize of job (KB)
...
006 (5415472.230.000) 07/14 05:33:55 Image size of job updated: 1601928
	1013  -  MemoryUsage of job (MB)
	1037220  -  ResidentSetSize of job (KB)
...
006 (5415472.230.000) 07/14 06:29:01 Image size of job updated: 1601928
	1014  -  MemoryUsage of job (MB)
	1038124  -  ResidentSetSize of job (KB)
...
006 (5415472.230.000) 07/14 06:34:02 Image size of job updated: 1602832
	1014  -  MemoryUsage of job (MB)
	1038124  -  ResidentSetSize of job (KB)
...
006 (5415472.230.000) 07/14 07:34:07 Image size of job updated: 1603740
	1015  -  MemoryUsage of job (MB)
	1039032  -  ResidentSetSize of job (KB)
...
006 (5415472.230.000) 07/14 08:34:15 Image size of job updated: 1604644
	1016  -  MemoryUsage of job (MB)
	1039936  -  ResidentSetSize of job (KB)
...
006 (5415472.230.000) 07/14 09:34:23 Image size of job updated: 1605548
	1017  -  MemoryUsage of job (MB)
	1040840  -  ResidentSetSize of job (KB)
...
006 (5415472.230.000) 07/14 10:34:31 Image size of job updated: 1606456
	1018  -  MemoryUsage of job (MB)
	1041748  -  ResidentSetSize of job (KB)
...
006 (5415472.230.000) 07/14 11:39:35 Image size of job updated: 1607360
	1019  -  MemoryUsage of job (MB)
	1042652  -  ResidentSetSize of job (KB)
...
006 (5415472.230.000) 07/14 12:44:42 Image size of job updated: 1608268
	1020  -  MemoryUsage of job (MB)
	1043560  -  ResidentSetSize of job (KB)
...
006 (5415472.230.000) 07/14 13:44:50 Image size of job updated: 1609172
	1020  -  MemoryUsage of job (MB)
	1044464  -  ResidentSetSize of job (KB)
...
006 (5415472.230.000) 07/14 14:49:55 Image size of job updated: 1610076
	1021  -  MemoryUsage of job (MB)
	1045368  -  ResidentSetSize of job (KB)
...
006 (5415472.230.000) 07/14 15:19:58 Image size of job updated: 1613148
	1023  -  MemoryUsage of job (MB)
	1046928  -  ResidentSetSize of job (KB)
...
006 (5415472.230.000) 07/14 15:55:00 Image size of job updated: 1613148
	1023  -  MemoryUsage of job (MB)
	1046940  -  ResidentSetSize of job (KB)
...
006 (5415472.230.000) 07/14 16:30:03 Image size of job updated: 1613148
	1023  -  MemoryUsage of job (MB)
	1046952  -  ResidentSetSize of job (KB)
...
006 (5415472.230.000) 07/14 16:55:05 Image size of job updated: 1614056
	1024  -  MemoryUsage of job (MB)
	1047860  -  ResidentSetSize of job (KB)
...
006 (5415472.230.000) 07/14 17:05:07 Image size of job updated: 1614056
	1024  -  MemoryUsage of job (MB)
	1047872  -  ResidentSetSize of job (KB)
...
006 (5415472.230.000) 07/14 17:40:10 Image size of job updated: 1614056
	1024  -  MemoryUsage of job (MB)
	1047884  -  ResidentSetSize of job (KB)
...
006 (5415472.230.000) 07/14 18:05:12 Image size of job updated: 1614960
	1025  -  MemoryUsage of job (MB)
	1048788  -  ResidentSetSize of job (KB)
...
006 (5415472.230.000) 07/14 18:15:13 Image size of job updated: 1614960
	1025  -  MemoryUsage of job (MB)
	1048800  -  ResidentSetSize of job (KB)
...
006 (5415472.230.000) 07/14 18:55:17 Image size of job updated: 1614960
	1025  -  MemoryUsage of job (MB)
	1048812  -  ResidentSetSize of job (KB)
...
006 (5415472.230.000) 07/14 19:15:20 Image size of job updated: 1615868
	1026  -  MemoryUsage of job (MB)
	1049720  -  ResidentSetSize of job (KB)
...
006 (5415472.230.000) 07/14 19:30:21 Image size of job updated: 1615868
	1026  -  MemoryUsage of job (MB)
	1049732  -  ResidentSetSize of job (KB)
...
006 (5415472.230.000) 07/14 20:05:25 Image size of job updated: 1615868
	1026  -  MemoryUsage of job (MB)
	1049744  -  ResidentSetSize of job (KB)
...
006 (5415472.230.000) 07/14 20:20:26 Image size of job updated: 1616772
	1027  -  MemoryUsage of job (MB)
	1050648  -  ResidentSetSize of job (KB)
...
006 (5415472.230.000) 07/14 20:40:28 Image size of job updated: 1616772
	1027  -  MemoryUsage of job (MB)
	1050660  -  ResidentSetSize of job (KB)
...
007 (5415472.230.000) 07/14 21:09:14 Shadow exception!
	Assertion ERROR on (result)
	0  -  Run Bytes Sent By Job
	803  -  Run Bytes Received By Job
...
040 (5415472.230.000) 07/14 21:26:20 Started transferring input files
	Transferring to host: <128.142.56.86:9618?addrs=128.142.56.86-9618+[2001-1458-301-6--100-55]-9618&alias=b7s01p8345.cern.ch&noUDP&sock=slot1_3_54047_c02f_8010>
...
040 (5415472.230.000) 07/14 21:26:23 Finished transferring input files
...
001 (5415472.230.000) 07/14 21:26:26 Job executing on host: <128.142.56.86:9618?addrs=128.142.56.86-9618+[2001-1458-301-6--100-55]-9618&alias=b7s01p8345.cern.ch&noUDP&sock=startd_50926_9421>
...
040 (5415472.230.000) 07/19 12:39:10 Started transferring output files
...
040 (5415472.230.000) 07/19 12:39:10 Finished transferring output files
...
004 (5415472.230.000) 07/19 12:39:11 Job was evicted.
	(0) CPU times
		Usr 14 07:20:20, Sys 0 00:22:59  -  Run Remote Usage
		Usr 0 00:00:00, Sys 0 00:00:00  -  Run Local Usage
	96431  -  Run Bytes Sent By Job
	803  -  Run Bytes Received By Job
	Partitionable Resources :    Usage  Request Allocated 
	   Cpus                 :     3.10        4         4 
	   Disk (KB)            :   122    10485760  11290737 
	   Memory (MB)          :  1221        8000      8000 
...
