000 (5415472.062.000) 07/11 14:02:29 Job submitted from host: <137.138.156.150:9618?addrs=137.138.156.150-9618+[2001-1458-d00-14--9a]-9618&alias=bigbird13.cern.ch&noUDP&sock=schedd_1788_ff6c>
...
040 (5415472.062.000) 07/11 14:05:10 Started transferring input files
	Transferring to host: <128.142.59.39:9618?addrs=128.142.59.39-9618+[2001-1458-301-21--100-26]-9618&alias=b7s04p1501.cern.ch&noUDP&sock=slot1_3_6671_12a8_1916>
...
040 (5415472.062.000) 07/11 14:05:10 Finished transferring input files
...
001 (5415472.062.000) 07/11 14:05:11 Job executing on host: <128.142.59.39:9618?addrs=128.142.59.39-9618+[2001-1458-301-21--100-26]-9618&alias=b7s04p1501.cern.ch&noUDP&sock=startd_6209_6f9f>
...
006 (5415472.062.000) 07/11 14:05:20 Image size of job updated: 226576
	38  -  MemoryUsage of job (MB)
	38568  -  ResidentSetSize of job (KB)
...
006 (5415472.062.000) 07/11 14:10:20 Image size of job updated: 1590988
	1004  -  MemoryUsage of job (MB)
	1027436  -  ResidentSetSize of job (KB)
...
006 (5415472.062.000) 07/13 00:13:52 Image size of job updated: 1591968
	1004  -  MemoryUsage of job (MB)
	1027436  -  ResidentSetSize of job (KB)
...
006 (5415472.062.000) 07/13 00:53:58 Image size of job updated: 1592876
	1004  -  MemoryUsage of job (MB)
	1027672  -  ResidentSetSize of job (KB)
...
006 (5415472.062.000) 07/13 01:34:04 Image size of job updated: 1593780
	1005  -  MemoryUsage of job (MB)
	1028576  -  ResidentSetSize of job (KB)
...
006 (5415472.062.000) 07/13 02:14:06 Image size of job updated: 1594688
	1006  -  MemoryUsage of job (MB)
	1029484  -  ResidentSetSize of job (KB)
...
006 (5415472.062.000) 07/13 02:49:12 Image size of job updated: 1595592
	1007  -  MemoryUsage of job (MB)
	1030388  -  ResidentSetSize of job (KB)
...
006 (5415472.062.000) 07/13 03:29:15 Image size of job updated: 1596500
	1008  -  MemoryUsage of job (MB)
	1031296  -  ResidentSetSize of job (KB)
...
006 (5415472.062.000) 07/13 04:04:19 Image size of job updated: 1597404
	1009  -  MemoryUsage of job (MB)
	1032200  -  ResidentSetSize of job (KB)
...
006 (5415472.062.000) 07/13 04:44:24 Image size of job updated: 1598308
	1009  -  MemoryUsage of job (MB)
	1033104  -  ResidentSetSize of job (KB)
...
006 (5415472.062.000) 07/13 05:24:29 Image size of job updated: 1599216
	1010  -  MemoryUsage of job (MB)
	1034012  -  ResidentSetSize of job (KB)
...
006 (5415472.062.000) 07/13 05:59:34 Image size of job updated: 1600120
	1011  -  MemoryUsage of job (MB)
	1034916  -  ResidentSetSize of job (KB)
...
006 (5415472.062.000) 07/13 06:39:38 Image size of job updated: 1601028
	1012  -  MemoryUsage of job (MB)
	1035824  -  ResidentSetSize of job (KB)
...
006 (5415472.062.000) 07/13 07:14:44 Image size of job updated: 1601932
	1013  -  MemoryUsage of job (MB)
	1036544  -  ResidentSetSize of job (KB)
...
006 (5415472.062.000) 07/13 07:59:46 Image size of job updated: 1602836
	1014  -  MemoryUsage of job (MB)
	1037448  -  ResidentSetSize of job (KB)
...
006 (5415472.062.000) 07/13 08:39:51 Image size of job updated: 1603744
	1015  -  MemoryUsage of job (MB)
	1038356  -  ResidentSetSize of job (KB)
...
006 (5415472.062.000) 07/13 09:24:54 Image size of job updated: 1604648
	1015  -  MemoryUsage of job (MB)
	1038964  -  ResidentSetSize of job (KB)
...
006 (5415472.062.000) 07/13 10:09:59 Image size of job updated: 1605556
	1016  -  MemoryUsage of job (MB)
	1039872  -  ResidentSetSize of job (KB)
...
006 (5415472.062.000) 07/13 10:45:02 Image size of job updated: 1606460
	1017  -  MemoryUsage of job (MB)
	1040776  -  ResidentSetSize of job (KB)
...
006 (5415472.062.000) 07/13 11:26:26 Image size of job updated: 1607364
	1018  -  MemoryUsage of job (MB)
	1041680  -  ResidentSetSize of job (KB)
...
006 (5415472.062.000) 07/13 12:05:30 Image size of job updated: 1608272
	1019  -  MemoryUsage of job (MB)
	1042588  -  ResidentSetSize of job (KB)
...
006 (5415472.062.000) 07/13 12:45:33 Image size of job updated: 1609176
	1020  -  MemoryUsage of job (MB)
	1043492  -  ResidentSetSize of job (KB)
...
006 (5415472.062.000) 07/13 13:00:34 Image size of job updated: 1612248
	1021  -  MemoryUsage of job (MB)
	1045040  -  ResidentSetSize of job (KB)
...
006 (5415472.062.000) 07/13 13:05:34 Image size of job updated: 1612248
	1021  -  MemoryUsage of job (MB)
	1045052  -  ResidentSetSize of job (KB)
...
006 (5415472.062.000) 07/13 13:30:37 Image size of job updated: 1612248
	1021  -  MemoryUsage of job (MB)
	1045064  -  ResidentSetSize of job (KB)
...
006 (5415472.062.000) 07/13 13:50:41 Image size of job updated: 1612248
	1021  -  MemoryUsage of job (MB)
	1045076  -  ResidentSetSize of job (KB)
...
006 (5415472.062.000) 07/13 14:05:43 Image size of job updated: 1613156
	1022  -  MemoryUsage of job (MB)
	1045984  -  ResidentSetSize of job (KB)
...
006 (5415472.062.000) 07/13 14:10:44 Image size of job updated: 1613156
	1022  -  MemoryUsage of job (MB)
	1045996  -  ResidentSetSize of job (KB)
...
006 (5415472.062.000) 07/13 14:35:46 Image size of job updated: 1613156
	1022  -  MemoryUsage of job (MB)
	1046008  -  ResidentSetSize of job (KB)
...
006 (5415472.062.000) 07/13 14:45:47 Image size of job updated: 1614060
	1023  -  MemoryUsage of job (MB)
	1046912  -  ResidentSetSize of job (KB)
...
006 (5415472.062.000) 07/13 14:55:48 Image size of job updated: 1614060
	1023  -  MemoryUsage of job (MB)
	1046924  -  ResidentSetSize of job (KB)
...
006 (5415472.062.000) 07/13 15:15:51 Image size of job updated: 1614060
	1023  -  MemoryUsage of job (MB)
	1046928  -  ResidentSetSize of job (KB)
...
006 (5415472.062.000) 07/13 15:20:51 Image size of job updated: 1614060
	1023  -  MemoryUsage of job (MB)
	1046936  -  ResidentSetSize of job (KB)
...
006 (5415472.062.000) 07/13 15:25:51 Image size of job updated: 1614060
	1024  -  MemoryUsage of job (MB)
	1047844  -  ResidentSetSize of job (KB)
...
006 (5415472.062.000) 07/13 15:30:51 Image size of job updated: 1614968
	1024  -  MemoryUsage of job (MB)
	1047844  -  ResidentSetSize of job (KB)
...
006 (5415472.062.000) 07/13 15:40:53 Image size of job updated: 1614968
	1024  -  MemoryUsage of job (MB)
	1047856  -  ResidentSetSize of job (KB)
...
006 (5415472.062.000) 07/13 16:05:55 Image size of job updated: 1614968
	1024  -  MemoryUsage of job (MB)
	1047868  -  ResidentSetSize of job (KB)
...
006 (5415472.062.000) 07/13 16:10:56 Image size of job updated: 1615872
	1025  -  MemoryUsage of job (MB)
	1048772  -  ResidentSetSize of job (KB)
...
006 (5415472.062.000) 07/13 16:26:00 Image size of job updated: 1615872
	1025  -  MemoryUsage of job (MB)
	1048784  -  ResidentSetSize of job (KB)
...
006 (5415472.062.000) 07/13 16:51:03 Image size of job updated: 1615872
	1025  -  MemoryUsage of job (MB)
	1048796  -  ResidentSetSize of job (KB)
...
006 (5415472.062.000) 07/13 16:56:03 Image size of job updated: 1616776
	1026  -  MemoryUsage of job (MB)
	1049700  -  ResidentSetSize of job (KB)
...
006 (5415472.062.000) 07/13 17:11:05 Image size of job updated: 1616776
	1026  -  MemoryUsage of job (MB)
	1049712  -  ResidentSetSize of job (KB)
...
006 (5415472.062.000) 07/13 17:36:05 Image size of job updated: 1617684
	1027  -  MemoryUsage of job (MB)
	1050632  -  ResidentSetSize of job (KB)
...
006 (5415472.062.000) 07/13 17:56:08 Image size of job updated: 1617684
	1027  -  MemoryUsage of job (MB)
	1050644  -  ResidentSetSize of job (KB)
...
006 (5415472.062.000) 07/13 18:16:09 Image size of job updated: 1618588
	1027  -  MemoryUsage of job (MB)
	1051552  -  ResidentSetSize of job (KB)
...
006 (5415472.062.000) 07/13 18:36:09 Image size of job updated: 1618588
	1027  -  MemoryUsage of job (MB)
	1051564  -  ResidentSetSize of job (KB)
...
006 (5415472.062.000) 07/13 18:51:10 Image size of job updated: 1623116
	1032  -  MemoryUsage of job (MB)
	1056100  -  ResidentSetSize of job (KB)
...
006 (5415472.062.000) 07/13 18:56:11 Image size of job updated: 1623116
	1032  -  MemoryUsage of job (MB)
	1056112  -  ResidentSetSize of job (KB)
...
006 (5415472.062.000) 07/13 19:16:11 Image size of job updated: 1623116
	1032  -  MemoryUsage of job (MB)
	1056124  -  ResidentSetSize of job (KB)
...
006 (5415472.062.000) 07/13 19:41:12 Image size of job updated: 1623116
	1032  -  MemoryUsage of job (MB)
	1056136  -  ResidentSetSize of job (KB)
...
006 (5415472.062.000) 07/13 20:01:13 Image size of job updated: 1623116
	1032  -  MemoryUsage of job (MB)
	1056148  -  ResidentSetSize of job (KB)
...
006 (5415472.062.000) 07/13 20:21:15 Image size of job updated: 1623116
	1032  -  MemoryUsage of job (MB)
	1056160  -  ResidentSetSize of job (KB)
...
006 (5415472.062.000) 07/13 20:41:15 Image size of job updated: 1623116
	1032  -  MemoryUsage of job (MB)
	1056172  -  ResidentSetSize of job (KB)
...
006 (5415472.062.000) 07/13 21:01:16 Image size of job updated: 1623116
	1032  -  MemoryUsage of job (MB)
	1056184  -  ResidentSetSize of job (KB)
...
006 (5415472.062.000) 07/13 21:21:16 Image size of job updated: 1623116
	1032  -  MemoryUsage of job (MB)
	1056196  -  ResidentSetSize of job (KB)
...
006 (5415472.062.000) 07/13 21:41:18 Image size of job updated: 1623116
	1032  -  MemoryUsage of job (MB)
	1056200  -  ResidentSetSize of job (KB)
...
006 (5415472.062.000) 07/13 21:46:19 Image size of job updated: 1623116
	1032  -  MemoryUsage of job (MB)
	1056208  -  ResidentSetSize of job (KB)
...
006 (5415472.062.000) 07/13 22:06:22 Image size of job updated: 1623116
	1032  -  MemoryUsage of job (MB)
	1056220  -  ResidentSetSize of job (KB)
...
006 (5415472.062.000) 07/13 22:26:24 Image size of job updated: 1623116
	1032  -  MemoryUsage of job (MB)
	1056232  -  ResidentSetSize of job (KB)
...
006 (5415472.062.000) 07/13 22:46:26 Image size of job updated: 1623116
	1032  -  MemoryUsage of job (MB)
	1056244  -  ResidentSetSize of job (KB)
...
006 (5415472.062.000) 07/13 23:11:28 Image size of job updated: 1623116
	1032  -  MemoryUsage of job (MB)
	1056256  -  ResidentSetSize of job (KB)
...
006 (5415472.062.000) 07/13 23:31:30 Image size of job updated: 1623116
	1032  -  MemoryUsage of job (MB)
	1056268  -  ResidentSetSize of job (KB)
...
006 (5415472.062.000) 07/13 23:56:33 Image size of job updated: 1623116
	1032  -  MemoryUsage of job (MB)
	1056280  -  ResidentSetSize of job (KB)
...
006 (5415472.062.000) 07/14 00:16:35 Image size of job updated: 1623116
	1032  -  MemoryUsage of job (MB)
	1056292  -  ResidentSetSize of job (KB)
...
006 (5415472.062.000) 07/14 00:36:38 Image size of job updated: 1623116
	1032  -  MemoryUsage of job (MB)
	1056304  -  ResidentSetSize of job (KB)
...
006 (5415472.062.000) 07/14 01:01:41 Image size of job updated: 1623116
	1032  -  MemoryUsage of job (MB)
	1056316  -  ResidentSetSize of job (KB)
...
006 (5415472.062.000) 07/14 01:21:43 Image size of job updated: 1623116
	1032  -  MemoryUsage of job (MB)
	1056328  -  ResidentSetSize of job (KB)
...
006 (5415472.062.000) 07/14 01:46:45 Image size of job updated: 1623116
	1032  -  MemoryUsage of job (MB)
	1056340  -  ResidentSetSize of job (KB)
...
006 (5415472.062.000) 07/14 02:06:46 Image size of job updated: 1623116
	1032  -  MemoryUsage of job (MB)
	1056352  -  ResidentSetSize of job (KB)
...
006 (5415472.062.000) 07/14 02:26:47 Image size of job updated: 1623116
	1032  -  MemoryUsage of job (MB)
	1056364  -  ResidentSetSize of job (KB)
...
006 (5415472.062.000) 07/14 02:46:49 Image size of job updated: 1623116
	1032  -  MemoryUsage of job (MB)
	1056376  -  ResidentSetSize of job (KB)
...
006 (5415472.062.000) 07/14 03:06:50 Image size of job updated: 1623116
	1032  -  MemoryUsage of job (MB)
	1056388  -  ResidentSetSize of job (KB)
...
006 (5415472.062.000) 07/14 03:31:53 Image size of job updated: 1623116
	1032  -  MemoryUsage of job (MB)
	1056400  -  ResidentSetSize of job (KB)
...
006 (5415472.062.000) 07/14 03:51:56 Image size of job updated: 1623116
	1032  -  MemoryUsage of job (MB)
	1056412  -  ResidentSetSize of job (KB)
...
006 (5415472.062.000) 07/14 04:11:58 Image size of job updated: 1623116
	1032  -  MemoryUsage of job (MB)
	1056424  -  ResidentSetSize of job (KB)
...
006 (5415472.062.000) 07/14 04:32:00 Image size of job updated: 1623116
	1032  -  MemoryUsage of job (MB)
	1056436  -  ResidentSetSize of job (KB)
...
006 (5415472.062.000) 07/14 04:52:03 Image size of job updated: 1623116
	1032  -  MemoryUsage of job (MB)
	1056448  -  ResidentSetSize of job (KB)
...
006 (5415472.062.000) 07/14 05:12:06 Image size of job updated: 1623116
	1032  -  MemoryUsage of job (MB)
	1056460  -  ResidentSetSize of job (KB)
...
006 (5415472.062.000) 07/14 05:32:07 Image size of job updated: 1623116
	1032  -  MemoryUsage of job (MB)
	1056472  -  ResidentSetSize of job (KB)
...
006 (5415472.062.000) 07/14 05:52:09 Image size of job updated: 1623116
	1032  -  MemoryUsage of job (MB)
	1056484  -  ResidentSetSize of job (KB)
...
006 (5415472.062.000) 07/14 06:07:09 Image size of job updated: 1623116
	1032  -  MemoryUsage of job (MB)
	1056492  -  ResidentSetSize of job (KB)
...
006 (5415472.062.000) 07/14 06:12:10 Image size of job updated: 1623116
	1032  -  MemoryUsage of job (MB)
	1056496  -  ResidentSetSize of job (KB)
...
006 (5415472.062.000) 07/14 06:27:12 Image size of job updated: 1623116
	1032  -  MemoryUsage of job (MB)
	1056508  -  ResidentSetSize of job (KB)
...
006 (5415472.062.000) 07/14 06:47:15 Image size of job updated: 1623116
	1032  -  MemoryUsage of job (MB)
	1056516  -  ResidentSetSize of job (KB)
...
006 (5415472.062.000) 07/14 06:52:15 Image size of job updated: 1623116
	1032  -  MemoryUsage of job (MB)
	1056520  -  ResidentSetSize of job (KB)
...
006 (5415472.062.000) 07/14 07:12:17 Image size of job updated: 1623116
	1032  -  MemoryUsage of job (MB)
	1056532  -  ResidentSetSize of job (KB)
...
006 (5415472.062.000) 07/14 07:32:18 Image size of job updated: 1623116
	1032  -  MemoryUsage of job (MB)
	1056544  -  ResidentSetSize of job (KB)
...
006 (5415472.062.000) 07/14 07:57:22 Image size of job updated: 1623116
	1032  -  MemoryUsage of job (MB)
	1056556  -  ResidentSetSize of job (KB)
...
006 (5415472.062.000) 07/14 08:17:25 Image size of job updated: 1623116
	1032  -  MemoryUsage of job (MB)
	1056568  -  ResidentSetSize of job (KB)
...
006 (5415472.062.000) 07/14 08:37:28 Image size of job updated: 1623116
	1032  -  MemoryUsage of job (MB)
	1056580  -  ResidentSetSize of job (KB)
...
006 (5415472.062.000) 07/14 08:52:31 Image size of job updated: 1623116
	1032  -  MemoryUsage of job (MB)
	1056592  -  ResidentSetSize of job (KB)
...
006 (5415472.062.000) 07/14 09:12:34 Image size of job updated: 1623116
	1032  -  MemoryUsage of job (MB)
	1056604  -  ResidentSetSize of job (KB)
...
006 (5415472.062.000) 07/14 09:37:36 Image size of job updated: 1623116
	1032  -  MemoryUsage of job (MB)
	1056616  -  ResidentSetSize of job (KB)
...
006 (5415472.062.000) 07/14 09:57:38 Image size of job updated: 1623116
	1032  -  MemoryUsage of job (MB)
	1056628  -  ResidentSetSize of job (KB)
...
007 (5415472.062.000) 07/14 21:07:55 Shadow exception!
	Assertion ERROR on (result)
	0  -  Run Bytes Sent By Job
	803  -  Run Bytes Received By Job
...
040 (5415472.062.000) 07/14 21:21:25 Started transferring input files
	Transferring to host: <128.142.81.247:9618?addrs=128.142.81.247-9618+[2001-1458-301-f5--100-68a]-9618&alias=b7s13n3415.cern.ch&noUDP&sock=slot1_2_5597_57bd_63283>
...
040 (5415472.062.000) 07/14 21:21:25 Finished transferring input files
...
001 (5415472.062.000) 07/14 21:21:26 Job executing on host: <128.142.81.247:9618?addrs=128.142.81.247-9618+[2001-1458-301-f5--100-68a]-9618&alias=b7s13n3415.cern.ch&noUDP&sock=startd_4634_1df6>
...
040 (5415472.062.000) 07/21 10:58:10 Started transferring output files
...
040 (5415472.062.000) 07/21 10:58:10 Finished transferring output files
...
004 (5415472.062.000) 07/21 10:58:10 Job was evicted.
	(0) CPU times
		Usr 18 17:58:32, Sys 0 00:05:04  -  Run Remote Usage
		Usr 0 00:00:00, Sys 0 00:00:00  -  Run Local Usage
	96414  -  Run Bytes Sent By Job
	803  -  Run Bytes Received By Job
	Partitionable Resources :    Usage  Request Allocated 
	   Cpus                 :     2.91        4         4 
	   Disk (KB)            :   122    10485760  10630731 
	   Memory (MB)          :  1221        8000      8000 
...
