000 (5415472.406.000) 07/11 14:02:29 Job submitted from host: <137.138.156.150:9618?addrs=137.138.156.150-9618+[2001-1458-d00-14--9a]-9618&alias=bigbird13.cern.ch&noUDP&sock=schedd_1788_ff6c>
...
040 (5415472.406.000) 07/12 01:07:42 Started transferring input files
	Transferring to host: <128.142.79.200:9618?addrs=128.142.79.200-9618+[2001-1458-301-f4--100-372]-9618&alias=b7s12n0716.cern.ch&noUDP&sock=slot1_10_18283_c701_131203>
...
040 (5415472.406.000) 07/12 01:07:43 Finished transferring input files
...
001 (5415472.406.000) 07/12 01:07:44 Job executing on host: <128.142.79.200:9618?addrs=128.142.79.200-9618+[2001-1458-301-f4--100-372]-9618&alias=b7s12n0716.cern.ch&noUDP&sock=startd_16812_364d>
...
006 (5415472.406.000) 07/12 01:07:52 Image size of job updated: 127532
	40  -  MemoryUsage of job (MB)
	40424  -  ResidentSetSize of job (KB)
...
006 (5415472.406.000) 07/12 01:12:52 Image size of job updated: 1590932
	1004  -  MemoryUsage of job (MB)
	1027376  -  ResidentSetSize of job (KB)
...
006 (5415472.406.000) 07/14 06:13:32 Image size of job updated: 1591912
	1004  -  MemoryUsage of job (MB)
	1028008  -  ResidentSetSize of job (KB)
...
006 (5415472.406.000) 07/14 07:18:38 Image size of job updated: 1592820
	1005  -  MemoryUsage of job (MB)
	1028916  -  ResidentSetSize of job (KB)
...
006 (5415472.406.000) 07/14 08:23:44 Image size of job updated: 1593724
	1006  -  MemoryUsage of job (MB)
	1029820  -  ResidentSetSize of job (KB)
...
006 (5415472.406.000) 07/14 09:23:52 Image size of job updated: 1594628
	1007  -  MemoryUsage of job (MB)
	1030724  -  ResidentSetSize of job (KB)
...
006 (5415472.406.000) 07/14 10:28:58 Image size of job updated: 1594628
	1008  -  MemoryUsage of job (MB)
	1031632  -  ResidentSetSize of job (KB)
...
006 (5415472.406.000) 07/14 10:33:59 Image size of job updated: 1595536
	1008  -  MemoryUsage of job (MB)
	1031632  -  ResidentSetSize of job (KB)
...
006 (5415472.406.000) 07/14 11:39:07 Image size of job updated: 1596440
	1009  -  MemoryUsage of job (MB)
	1032536  -  ResidentSetSize of job (KB)
...
006 (5415472.406.000) 07/14 12:49:16 Image size of job updated: 1597348
	1010  -  MemoryUsage of job (MB)
	1033444  -  ResidentSetSize of job (KB)
...
006 (5415472.406.000) 07/14 13:54:22 Image size of job updated: 1598252
	1011  -  MemoryUsage of job (MB)
	1034348  -  ResidentSetSize of job (KB)
...
006 (5415472.406.000) 07/14 15:04:27 Image size of job updated: 1599156
	1011  -  MemoryUsage of job (MB)
	1035252  -  ResidentSetSize of job (KB)
...
006 (5415472.406.000) 07/14 16:09:31 Image size of job updated: 1600064
	1012  -  MemoryUsage of job (MB)
	1036160  -  ResidentSetSize of job (KB)
...
006 (5415472.406.000) 07/14 17:14:39 Image size of job updated: 1600968
	1013  -  MemoryUsage of job (MB)
	1037064  -  ResidentSetSize of job (KB)
...
006 (5415472.406.000) 07/14 18:19:45 Image size of job updated: 1601876
	1014  -  MemoryUsage of job (MB)
	1037972  -  ResidentSetSize of job (KB)
...
006 (5415472.406.000) 07/14 19:24:51 Image size of job updated: 1602780
	1015  -  MemoryUsage of job (MB)
	1038876  -  ResidentSetSize of job (KB)
...
006 (5415472.406.000) 07/14 20:29:58 Image size of job updated: 1603688
	1016  -  MemoryUsage of job (MB)
	1039784  -  ResidentSetSize of job (KB)
...
007 (5415472.406.000) 07/14 21:01:39 Shadow exception!
	Assertion ERROR on (result)
	0  -  Run Bytes Sent By Job
	803  -  Run Bytes Received By Job
...
