000 (5415472.441.000) 07/11 14:02:30 Job submitted from host: <137.138.156.150:9618?addrs=137.138.156.150-9618+[2001-1458-d00-14--9a]-9618&alias=bigbird13.cern.ch&noUDP&sock=schedd_1788_ff6c>
...
040 (5415472.441.000) 07/12 05:53:18 Started transferring input files
	Transferring to host: <128.142.59.91:9618?addrs=128.142.59.91-9618+[2001-1458-301-21--100-5a]-9618&alias=b7s04p0329.cern.ch&noUDP&sock=slot1_5_4273_7707_2804>
...
040 (5415472.441.000) 07/12 05:53:18 Finished transferring input files
...
001 (5415472.441.000) 07/12 05:53:19 Job executing on host: <128.142.59.91:9618?addrs=128.142.59.91-9618+[2001-1458-301-21--100-5a]-9618&alias=b7s04p0329.cern.ch&noUDP&sock=startd_3821_7776>
...
006 (5415472.441.000) 07/12 05:53:28 Image size of job updated: 533804
	233  -  MemoryUsage of job (MB)
	238228  -  ResidentSetSize of job (KB)
...
006 (5415472.441.000) 07/12 05:58:28 Image size of job updated: 1590936
	1004  -  MemoryUsage of job (MB)
	1027384  -  ResidentSetSize of job (KB)
...
006 (5415472.441.000) 07/13 15:54:02 Image size of job updated: 1591920
	1005  -  MemoryUsage of job (MB)
	1028292  -  ResidentSetSize of job (KB)
...
006 (5415472.441.000) 07/13 16:34:05 Image size of job updated: 1592824
	1006  -  MemoryUsage of job (MB)
	1029196  -  ResidentSetSize of job (KB)
...
006 (5415472.441.000) 07/13 17:14:08 Image size of job updated: 1592824
	1006  -  MemoryUsage of job (MB)
	1030104  -  ResidentSetSize of job (KB)
...
006 (5415472.441.000) 07/13 17:19:08 Image size of job updated: 1593732
	1006  -  MemoryUsage of job (MB)
	1030104  -  ResidentSetSize of job (KB)
...
006 (5415472.441.000) 07/13 17:55:29 Image size of job updated: 1594636
	1007  -  MemoryUsage of job (MB)
	1031008  -  ResidentSetSize of job (KB)
...
006 (5415472.441.000) 07/13 18:35:36 Image size of job updated: 1595540
	1008  -  MemoryUsage of job (MB)
	1031912  -  ResidentSetSize of job (KB)
...
006 (5415472.441.000) 07/13 19:15:38 Image size of job updated: 1596448
	1009  -  MemoryUsage of job (MB)
	1032820  -  ResidentSetSize of job (KB)
...
006 (5415472.441.000) 07/13 19:55:42 Image size of job updated: 1596448
	1010  -  MemoryUsage of job (MB)
	1033724  -  ResidentSetSize of job (KB)
...
006 (5415472.441.000) 07/13 20:00:43 Image size of job updated: 1597352
	1010  -  MemoryUsage of job (MB)
	1033724  -  ResidentSetSize of job (KB)
...
006 (5415472.441.000) 07/13 20:40:49 Image size of job updated: 1598260
	1011  -  MemoryUsage of job (MB)
	1034632  -  ResidentSetSize of job (KB)
...
006 (5415472.441.000) 07/13 21:20:53 Image size of job updated: 1599164
	1012  -  MemoryUsage of job (MB)
	1035536  -  ResidentSetSize of job (KB)
...
006 (5415472.441.000) 07/13 22:00:56 Image size of job updated: 1600068
	1013  -  MemoryUsage of job (MB)
	1036440  -  ResidentSetSize of job (KB)
...
006 (5415472.441.000) 07/13 22:40:59 Image size of job updated: 1600976
	1014  -  MemoryUsage of job (MB)
	1037348  -  ResidentSetSize of job (KB)
...
006 (5415472.441.000) 07/13 23:36:05 Image size of job updated: 1601880
	1014  -  MemoryUsage of job (MB)
	1038252  -  ResidentSetSize of job (KB)
...
006 (5415472.441.000) 07/14 00:26:10 Image size of job updated: 1602788
	1015  -  MemoryUsage of job (MB)
	1039160  -  ResidentSetSize of job (KB)
...
006 (5415472.441.000) 07/14 01:16:18 Image size of job updated: 1603692
	1016  -  MemoryUsage of job (MB)
	1040064  -  ResidentSetSize of job (KB)
...
006 (5415472.441.000) 07/14 01:56:20 Image size of job updated: 1604600
	1017  -  MemoryUsage of job (MB)
	1040972  -  ResidentSetSize of job (KB)
...
006 (5415472.441.000) 07/14 02:36:21 Image size of job updated: 1605504
	1018  -  MemoryUsage of job (MB)
	1041876  -  ResidentSetSize of job (KB)
...
006 (5415472.441.000) 07/14 03:21:27 Image size of job updated: 1606408
	1019  -  MemoryUsage of job (MB)
	1042780  -  ResidentSetSize of job (KB)
...
006 (5415472.441.000) 07/14 04:01:32 Image size of job updated: 1607316
	1020  -  MemoryUsage of job (MB)
	1043688  -  ResidentSetSize of job (KB)
...
006 (5415472.441.000) 07/14 04:41:38 Image size of job updated: 1608220
	1021  -  MemoryUsage of job (MB)
	1044592  -  ResidentSetSize of job (KB)
...
006 (5415472.441.000) 07/14 05:16:43 Image size of job updated: 1609128
	1021  -  MemoryUsage of job (MB)
	1045500  -  ResidentSetSize of job (KB)
...
006 (5415472.441.000) 07/14 05:41:47 Image size of job updated: 1612200
	1023  -  MemoryUsage of job (MB)
	1047048  -  ResidentSetSize of job (KB)
...
006 (5415472.441.000) 07/14 06:01:51 Image size of job updated: 1612200
	1023  -  MemoryUsage of job (MB)
	1047060  -  ResidentSetSize of job (KB)
...
006 (5415472.441.000) 07/14 06:21:53 Image size of job updated: 1612200
	1023  -  MemoryUsage of job (MB)
	1047072  -  ResidentSetSize of job (KB)
...
006 (5415472.441.000) 07/14 06:41:56 Image size of job updated: 1613104
	1024  -  MemoryUsage of job (MB)
	1047976  -  ResidentSetSize of job (KB)
...
006 (5415472.441.000) 07/14 06:46:56 Image size of job updated: 1613104
	1024  -  MemoryUsage of job (MB)
	1047988  -  ResidentSetSize of job (KB)
...
006 (5415472.441.000) 07/14 07:06:58 Image size of job updated: 1613104
	1024  -  MemoryUsage of job (MB)
	1048000  -  ResidentSetSize of job (KB)
...
006 (5415472.441.000) 07/14 07:21:59 Image size of job updated: 1614008
	1025  -  MemoryUsage of job (MB)
	1048904  -  ResidentSetSize of job (KB)
...
006 (5415472.441.000) 07/14 07:27:00 Image size of job updated: 1614008
	1025  -  MemoryUsage of job (MB)
	1048916  -  ResidentSetSize of job (KB)
...
006 (5415472.441.000) 07/14 07:52:04 Image size of job updated: 1614008
	1025  -  MemoryUsage of job (MB)
	1048928  -  ResidentSetSize of job (KB)
...
006 (5415472.441.000) 07/14 08:02:05 Image size of job updated: 1614916
	1026  -  MemoryUsage of job (MB)
	1049836  -  ResidentSetSize of job (KB)
...
006 (5415472.441.000) 07/14 08:12:06 Image size of job updated: 1614916
	1026  -  MemoryUsage of job (MB)
	1049848  -  ResidentSetSize of job (KB)
...
006 (5415472.441.000) 07/14 08:32:08 Image size of job updated: 1614916
	1026  -  MemoryUsage of job (MB)
	1049860  -  ResidentSetSize of job (KB)
...
006 (5415472.441.000) 07/14 08:42:09 Image size of job updated: 1615820
	1027  -  MemoryUsage of job (MB)
	1050764  -  ResidentSetSize of job (KB)
...
006 (5415472.441.000) 07/14 08:52:11 Image size of job updated: 1615820
	1027  -  MemoryUsage of job (MB)
	1050776  -  ResidentSetSize of job (KB)
...
006 (5415472.441.000) 07/14 09:12:14 Image size of job updated: 1615820
	1027  -  MemoryUsage of job (MB)
	1050788  -  ResidentSetSize of job (KB)
...
006 (5415472.441.000) 07/14 09:22:14 Image size of job updated: 1616728
	1028  -  MemoryUsage of job (MB)
	1051696  -  ResidentSetSize of job (KB)
...
006 (5415472.441.000) 07/14 09:37:15 Image size of job updated: 1616728
	1028  -  MemoryUsage of job (MB)
	1051708  -  ResidentSetSize of job (KB)
...
006 (5415472.441.000) 07/14 09:57:17 Image size of job updated: 1616728
	1028  -  MemoryUsage of job (MB)
	1051720  -  ResidentSetSize of job (KB)
...
006 (5415472.441.000) 07/14 10:02:18 Image size of job updated: 1617632
	1028  -  MemoryUsage of job (MB)
	1052624  -  ResidentSetSize of job (KB)
...
006 (5415472.441.000) 07/14 10:17:20 Image size of job updated: 1617632
	1028  -  MemoryUsage of job (MB)
	1052636  -  ResidentSetSize of job (KB)
...
006 (5415472.441.000) 07/14 10:37:21 Image size of job updated: 1617632
	1028  -  MemoryUsage of job (MB)
	1052648  -  ResidentSetSize of job (KB)
...
006 (5415472.441.000) 07/14 10:42:22 Image size of job updated: 1618536
	1029  -  MemoryUsage of job (MB)
	1053552  -  ResidentSetSize of job (KB)
...
006 (5415472.441.000) 07/14 10:57:23 Image size of job updated: 1618536
	1029  -  MemoryUsage of job (MB)
	1053564  -  ResidentSetSize of job (KB)
...
006 (5415472.441.000) 07/14 11:22:25 Image size of job updated: 1619444
	1030  -  MemoryUsage of job (MB)
	1054484  -  ResidentSetSize of job (KB)
...
006 (5415472.441.000) 07/14 11:42:28 Image size of job updated: 1619444
	1030  -  MemoryUsage of job (MB)
	1054496  -  ResidentSetSize of job (KB)
...
006 (5415472.441.000) 07/14 12:02:31 Image size of job updated: 1620348
	1031  -  MemoryUsage of job (MB)
	1055412  -  ResidentSetSize of job (KB)
...
006 (5415472.441.000) 07/14 12:22:31 Image size of job updated: 1620348
	1031  -  MemoryUsage of job (MB)
	1055424  -  ResidentSetSize of job (KB)
...
006 (5415472.441.000) 07/14 12:42:33 Image size of job updated: 1621256
	1032  -  MemoryUsage of job (MB)
	1056344  -  ResidentSetSize of job (KB)
...
006 (5415472.441.000) 07/14 13:07:35 Image size of job updated: 1621256
	1032  -  MemoryUsage of job (MB)
	1056356  -  ResidentSetSize of job (KB)
...
006 (5415472.441.000) 07/14 13:17:36 Image size of job updated: 1622160
	1033  -  MemoryUsage of job (MB)
	1057260  -  ResidentSetSize of job (KB)
...
006 (5415472.441.000) 07/14 13:22:37 Image size of job updated: 1622160
	1033  -  MemoryUsage of job (MB)
	1057272  -  ResidentSetSize of job (KB)
...
006 (5415472.441.000) 07/14 13:47:40 Image size of job updated: 1622160
	1033  -  MemoryUsage of job (MB)
	1057284  -  ResidentSetSize of job (KB)
...
006 (5415472.441.000) 07/14 14:02:41 Image size of job updated: 1623064
	1034  -  MemoryUsage of job (MB)
	1058188  -  ResidentSetSize of job (KB)
...
006 (5415472.441.000) 07/14 14:07:42 Image size of job updated: 1623064
	1034  -  MemoryUsage of job (MB)
	1058200  -  ResidentSetSize of job (KB)
...
006 (5415472.441.000) 07/14 14:32:44 Image size of job updated: 1623064
	1034  -  MemoryUsage of job (MB)
	1058212  -  ResidentSetSize of job (KB)
...
006 (5415472.441.000) 07/14 14:42:45 Image size of job updated: 1623972
	1035  -  MemoryUsage of job (MB)
	1059120  -  ResidentSetSize of job (KB)
...
006 (5415472.441.000) 07/14 14:52:46 Image size of job updated: 1623972
	1035  -  MemoryUsage of job (MB)
	1059132  -  ResidentSetSize of job (KB)
...
006 (5415472.441.000) 07/14 15:12:49 Image size of job updated: 1623972
	1035  -  MemoryUsage of job (MB)
	1059144  -  ResidentSetSize of job (KB)
...
006 (5415472.441.000) 07/14 15:22:50 Image size of job updated: 1624876
	1036  -  MemoryUsage of job (MB)
	1060048  -  ResidentSetSize of job (KB)
...
006 (5415472.441.000) 07/14 15:32:52 Image size of job updated: 1624876
	1036  -  MemoryUsage of job (MB)
	1060060  -  ResidentSetSize of job (KB)
...
006 (5415472.441.000) 07/14 16:02:55 Image size of job updated: 1625784
	1036  -  MemoryUsage of job (MB)
	1060060  -  ResidentSetSize of job (KB)
...
006 (5415472.441.000) 07/14 16:42:58 Image size of job updated: 1626688
	1036  -  MemoryUsage of job (MB)
	1060060  -  ResidentSetSize of job (KB)
...
006 (5415472.441.000) 07/14 17:28:02 Image size of job updated: 1627596
	1036  -  MemoryUsage of job (MB)
	1060060  -  ResidentSetSize of job (KB)
...
006 (5415472.441.000) 07/14 18:08:08 Image size of job updated: 1628500
	1036  -  MemoryUsage of job (MB)
	1060060  -  ResidentSetSize of job (KB)
...
006 (5415472.441.000) 07/14 18:48:12 Image size of job updated: 1629404
	1036  -  MemoryUsage of job (MB)
	1060060  -  ResidentSetSize of job (KB)
...
006 (5415472.441.000) 07/14 19:28:17 Image size of job updated: 1630312
	1036  -  MemoryUsage of job (MB)
	1060060  -  ResidentSetSize of job (KB)
...
006 (5415472.441.000) 07/14 20:08:22 Image size of job updated: 1631216
	1036  -  MemoryUsage of job (MB)
	1060060  -  ResidentSetSize of job (KB)
...
006 (5415472.441.000) 07/14 20:53:28 Image size of job updated: 1632124
	1036  -  MemoryUsage of job (MB)
	1060060  -  ResidentSetSize of job (KB)
...
006 (5415472.441.000) 07/14 21:33:17 Image size of job updated: 1633028
	1036  -  MemoryUsage of job (MB)
	1060060  -  ResidentSetSize of job (KB)
...
006 (5415472.441.000) 07/14 22:18:23 Image size of job updated: 1637556
	1036  -  MemoryUsage of job (MB)
	1060060  -  ResidentSetSize of job (KB)
...
006 (5415472.441.000) 07/16 02:37:46 Image size of job updated: 1641652
	1036  -  MemoryUsage of job (MB)
	1060060  -  ResidentSetSize of job (KB)
...
006 (5415472.441.000) 07/18 05:49:16 Image size of job updated: 1687692
	1036  -  MemoryUsage of job (MB)
	1060060  -  ResidentSetSize of job (KB)
...
040 (5415472.441.000) 07/18 05:49:16 Started transferring output files
...
040 (5415472.441.000) 07/18 05:49:19 Finished transferring output files
...
005 (5415472.441.000) 07/18 05:49:19 Job terminated.
	(1) Normal termination (return value 0)
		Usr 18 14:16:01, Sys 0 00:30:23  -  Run Remote Usage
		Usr 0 00:00:00, Sys 0 00:00:00  -  Run Local Usage
		Usr 18 14:16:01, Sys 0 00:30:23  -  Total Remote Usage
		Usr 0 00:00:00, Sys 0 00:00:00  -  Total Local Usage
	37198124  -  Run Bytes Sent By Job
	803  -  Run Bytes Received By Job
	37198124  -  Total Bytes Sent By Job
	803  -  Total Bytes Received By Job
	Partitionable Resources :    Usage  Request Allocated 
	   Cpus                 :     3.10        4         4 
	   Disk (KB)            : 36353    10485760  12199885 
	   Memory (MB)          :  1036        8000      8000 

	Job terminated of its own accord at 2021-07-18T03:49:16Z.
...
