000 (5415472.099.000) 07/11 14:02:29 Job submitted from host: <137.138.156.150:9618?addrs=137.138.156.150-9618+[2001-1458-d00-14--9a]-9618&alias=bigbird13.cern.ch&noUDP&sock=schedd_1788_ff6c>
...
040 (5415472.099.000) 07/11 14:10:22 Started transferring input files
	Transferring to host: <128.142.72.208:9618?addrs=128.142.72.208-9618+[2001-1458-301-75--100-109]-9618&alias=b7s11n4875.cern.ch&noUDP&sock=slot1_10_6016_90ee_55464>
...
040 (5415472.099.000) 07/11 14:10:22 Finished transferring input files
...
001 (5415472.099.000) 07/11 14:10:23 Job executing on host: <128.142.72.208:9618?addrs=128.142.72.208-9618+[2001-1458-301-75--100-109]-9618&alias=b7s11n4875.cern.ch&noUDP&sock=startd_4902_f157>
...
006 (5415472.099.000) 07/11 14:10:32 Image size of job updated: 108744
	63  -  MemoryUsage of job (MB)
	64024  -  ResidentSetSize of job (KB)
...
006 (5415472.099.000) 07/11 14:15:33 Image size of job updated: 1590944
	1004  -  MemoryUsage of job (MB)
	1027392  -  ResidentSetSize of job (KB)
...
006 (5415472.099.000) 07/13 16:26:16 Image size of job updated: 1591924
	1005  -  MemoryUsage of job (MB)
	1028116  -  ResidentSetSize of job (KB)
...
006 (5415472.099.000) 07/13 17:34:34 Image size of job updated: 1592832
	1005  -  MemoryUsage of job (MB)
	1029024  -  ResidentSetSize of job (KB)
...
006 (5415472.099.000) 07/13 18:42:37 Image size of job updated: 1593736
	1006  -  MemoryUsage of job (MB)
	1029928  -  ResidentSetSize of job (KB)
...
006 (5415472.099.000) 07/13 19:47:46 Image size of job updated: 1594644
	1007  -  MemoryUsage of job (MB)
	1030836  -  ResidentSetSize of job (KB)
...
006 (5415472.099.000) 07/13 20:52:51 Image size of job updated: 1595548
	1008  -  MemoryUsage of job (MB)
	1031712  -  ResidentSetSize of job (KB)
...
006 (5415472.099.000) 07/13 22:02:55 Image size of job updated: 1596452
	1009  -  MemoryUsage of job (MB)
	1032616  -  ResidentSetSize of job (KB)
...
006 (5415472.099.000) 07/13 23:13:05 Image size of job updated: 1597360
	1010  -  MemoryUsage of job (MB)
	1033524  -  ResidentSetSize of job (KB)
...
006 (5415472.099.000) 07/14 00:18:10 Image size of job updated: 1598264
	1011  -  MemoryUsage of job (MB)
	1034428  -  ResidentSetSize of job (KB)
...
006 (5415472.099.000) 07/14 01:18:14 Image size of job updated: 1599172
	1012  -  MemoryUsage of job (MB)
	1035336  -  ResidentSetSize of job (KB)
...
006 (5415472.099.000) 07/14 02:23:20 Image size of job updated: 1600076
	1012  -  MemoryUsage of job (MB)
	1036240  -  ResidentSetSize of job (KB)
...
006 (5415472.099.000) 07/14 03:23:28 Image size of job updated: 1600980
	1013  -  MemoryUsage of job (MB)
	1037144  -  ResidentSetSize of job (KB)
...
006 (5415472.099.000) 07/14 04:18:36 Image size of job updated: 1601888
	1014  -  MemoryUsage of job (MB)
	1038052  -  ResidentSetSize of job (KB)
...
006 (5415472.099.000) 07/14 05:13:41 Image size of job updated: 1602792
	1015  -  MemoryUsage of job (MB)
	1038956  -  ResidentSetSize of job (KB)
...
006 (5415472.099.000) 07/14 06:08:46 Image size of job updated: 1603700
	1016  -  MemoryUsage of job (MB)
	1039864  -  ResidentSetSize of job (KB)
...
006 (5415472.099.000) 07/14 07:08:53 Image size of job updated: 1604604
	1017  -  MemoryUsage of job (MB)
	1040768  -  ResidentSetSize of job (KB)
...
006 (5415472.099.000) 07/14 08:09:02 Image size of job updated: 1605508
	1018  -  MemoryUsage of job (MB)
	1041672  -  ResidentSetSize of job (KB)
...
006 (5415472.099.000) 07/14 09:09:08 Image size of job updated: 1606416
	1019  -  MemoryUsage of job (MB)
	1042580  -  ResidentSetSize of job (KB)
...
006 (5415472.099.000) 07/14 10:09:10 Image size of job updated: 1607320
	1020  -  MemoryUsage of job (MB)
	1043484  -  ResidentSetSize of job (KB)
...
006 (5415472.099.000) 07/14 11:09:14 Image size of job updated: 1608228
	1020  -  MemoryUsage of job (MB)
	1044392  -  ResidentSetSize of job (KB)
...
006 (5415472.099.000) 07/14 12:09:19 Image size of job updated: 1609132
	1021  -  MemoryUsage of job (MB)
	1045296  -  ResidentSetSize of job (KB)
...
006 (5415472.099.000) 07/14 12:34:21 Image size of job updated: 1612204
	1023  -  MemoryUsage of job (MB)
	1046844  -  ResidentSetSize of job (KB)
...
006 (5415472.099.000) 07/14 12:49:23 Image size of job updated: 1612204
	1023  -  MemoryUsage of job (MB)
	1046856  -  ResidentSetSize of job (KB)
...
006 (5415472.099.000) 07/14 13:19:28 Image size of job updated: 1612204
	1023  -  MemoryUsage of job (MB)
	1046868  -  ResidentSetSize of job (KB)
...
006 (5415472.099.000) 07/14 13:54:32 Image size of job updated: 1612204
	1023  -  MemoryUsage of job (MB)
	1046880  -  ResidentSetSize of job (KB)
...
006 (5415472.099.000) 07/14 14:09:34 Image size of job updated: 1613112
	1024  -  MemoryUsage of job (MB)
	1047788  -  ResidentSetSize of job (KB)
...
006 (5415472.099.000) 07/14 14:29:35 Image size of job updated: 1613112
	1024  -  MemoryUsage of job (MB)
	1047796  -  ResidentSetSize of job (KB)
...
006 (5415472.099.000) 07/14 15:04:40 Image size of job updated: 1613112
	1024  -  MemoryUsage of job (MB)
	1047808  -  ResidentSetSize of job (KB)
...
006 (5415472.099.000) 07/14 15:19:42 Image size of job updated: 1617640
	1028  -  MemoryUsage of job (MB)
	1052336  -  ResidentSetSize of job (KB)
...
006 (5415472.099.000) 07/14 15:44:44 Image size of job updated: 1617640
	1028  -  MemoryUsage of job (MB)
	1052348  -  ResidentSetSize of job (KB)
...
006 (5415472.099.000) 07/14 16:19:46 Image size of job updated: 1617640
	1028  -  MemoryUsage of job (MB)
	1052360  -  ResidentSetSize of job (KB)
...
006 (5415472.099.000) 07/14 16:54:49 Image size of job updated: 1617640
	1028  -  MemoryUsage of job (MB)
	1052372  -  ResidentSetSize of job (KB)
...
006 (5415472.099.000) 07/14 17:29:51 Image size of job updated: 1617640
	1028  -  MemoryUsage of job (MB)
	1052384  -  ResidentSetSize of job (KB)
...
006 (5415472.099.000) 07/14 18:03:05 Image size of job updated: 1617640
	1028  -  MemoryUsage of job (MB)
	1052396  -  ResidentSetSize of job (KB)
...
006 (5415472.099.000) 07/14 18:38:09 Image size of job updated: 1617640
	1028  -  MemoryUsage of job (MB)
	1052408  -  ResidentSetSize of job (KB)
...
006 (5415472.099.000) 07/14 19:08:14 Image size of job updated: 1617640
	1028  -  MemoryUsage of job (MB)
	1052420  -  ResidentSetSize of job (KB)
...
006 (5415472.099.000) 07/14 19:43:17 Image size of job updated: 1617640
	1028  -  MemoryUsage of job (MB)
	1052432  -  ResidentSetSize of job (KB)
...
006 (5415472.099.000) 07/14 20:18:20 Image size of job updated: 1617640
	1028  -  MemoryUsage of job (MB)
	1052444  -  ResidentSetSize of job (KB)
...
006 (5415472.099.000) 07/14 20:48:24 Image size of job updated: 1617640
	1028  -  MemoryUsage of job (MB)
	1052456  -  ResidentSetSize of job (KB)
...
006 (5415472.099.000) 07/14 21:19:39 Image size of job updated: 1617640
	1028  -  MemoryUsage of job (MB)
	1052468  -  ResidentSetSize of job (KB)
...
006 (5415472.099.000) 07/14 21:49:43 Image size of job updated: 1617640
	1028  -  MemoryUsage of job (MB)
	1052476  -  ResidentSetSize of job (KB)
...
006 (5415472.099.000) 07/14 21:54:43 Image size of job updated: 1617640
	1028  -  MemoryUsage of job (MB)
	1052480  -  ResidentSetSize of job (KB)
...
006 (5415472.099.000) 07/14 22:24:47 Image size of job updated: 1617640
	1028  -  MemoryUsage of job (MB)
	1052492  -  ResidentSetSize of job (KB)
...
006 (5415472.099.000) 07/14 22:59:49 Image size of job updated: 1617640
	1028  -  MemoryUsage of job (MB)
	1052504  -  ResidentSetSize of job (KB)
...
006 (5415472.099.000) 07/14 23:29:53 Image size of job updated: 1617640
	1028  -  MemoryUsage of job (MB)
	1052516  -  ResidentSetSize of job (KB)
...
006 (5415472.099.000) 07/15 00:04:58 Image size of job updated: 1617640
	1028  -  MemoryUsage of job (MB)
	1052528  -  ResidentSetSize of job (KB)
...
006 (5415472.099.000) 07/15 00:35:03 Image size of job updated: 1617640
	1028  -  MemoryUsage of job (MB)
	1052540  -  ResidentSetSize of job (KB)
...
006 (5415472.099.000) 07/15 01:05:08 Image size of job updated: 1617640
	1028  -  MemoryUsage of job (MB)
	1052552  -  ResidentSetSize of job (KB)
...
006 (5415472.099.000) 07/15 01:35:11 Image size of job updated: 1617640
	1028  -  MemoryUsage of job (MB)
	1052564  -  ResidentSetSize of job (KB)
...
006 (5415472.099.000) 07/15 02:05:13 Image size of job updated: 1617640
	1028  -  MemoryUsage of job (MB)
	1052576  -  ResidentSetSize of job (KB)
...
006 (5415472.099.000) 07/15 02:35:14 Image size of job updated: 1617640
	1028  -  MemoryUsage of job (MB)
	1052588  -  ResidentSetSize of job (KB)
...
006 (5415472.099.000) 07/15 03:05:19 Image size of job updated: 1617640
	1028  -  MemoryUsage of job (MB)
	1052600  -  ResidentSetSize of job (KB)
...
006 (5415472.099.000) 07/15 03:40:24 Image size of job updated: 1617640
	1028  -  MemoryUsage of job (MB)
	1052608  -  ResidentSetSize of job (KB)
...
006 (5415472.099.000) 07/15 03:45:24 Image size of job updated: 1617640
	1028  -  MemoryUsage of job (MB)
	1052612  -  ResidentSetSize of job (KB)
...
006 (5415472.099.000) 07/15 04:15:27 Image size of job updated: 1617640
	1028  -  MemoryUsage of job (MB)
	1052624  -  ResidentSetSize of job (KB)
...
006 (5415472.099.000) 07/15 04:50:31 Image size of job updated: 1617640
	1028  -  MemoryUsage of job (MB)
	1052636  -  ResidentSetSize of job (KB)
...
006 (5415472.099.000) 07/15 05:20:34 Image size of job updated: 1617640
	1028  -  MemoryUsage of job (MB)
	1052648  -  ResidentSetSize of job (KB)
...
006 (5415472.099.000) 07/15 05:55:36 Image size of job updated: 1617640
	1028  -  MemoryUsage of job (MB)
	1052660  -  ResidentSetSize of job (KB)
...
006 (5415472.099.000) 07/15 06:25:38 Image size of job updated: 1617640
	1028  -  MemoryUsage of job (MB)
	1052672  -  ResidentSetSize of job (KB)
...
006 (5415472.099.000) 07/15 07:00:41 Image size of job updated: 1617640
	1029  -  MemoryUsage of job (MB)
	1052684  -  ResidentSetSize of job (KB)
...
006 (5415472.099.000) 07/15 07:35:44 Image size of job updated: 1617640
	1029  -  MemoryUsage of job (MB)
	1052696  -  ResidentSetSize of job (KB)
...
006 (5415472.099.000) 07/15 08:10:47 Image size of job updated: 1617640
	1029  -  MemoryUsage of job (MB)
	1052708  -  ResidentSetSize of job (KB)
...
006 (5415472.099.000) 07/15 08:45:52 Image size of job updated: 1617640
	1029  -  MemoryUsage of job (MB)
	1052720  -  ResidentSetSize of job (KB)
...
006 (5415472.099.000) 07/15 09:20:55 Image size of job updated: 1617640
	1029  -  MemoryUsage of job (MB)
	1052732  -  ResidentSetSize of job (KB)
...
006 (5415472.099.000) 07/15 09:51:01 Image size of job updated: 1617640
	1029  -  MemoryUsage of job (MB)
	1052744  -  ResidentSetSize of job (KB)
...
006 (5415472.099.000) 07/15 10:31:05 Image size of job updated: 1617640
	1029  -  MemoryUsage of job (MB)
	1052756  -  ResidentSetSize of job (KB)
...
006 (5415472.099.000) 07/15 11:06:08 Image size of job updated: 1617640
	1029  -  MemoryUsage of job (MB)
	1052768  -  ResidentSetSize of job (KB)
...
006 (5415472.099.000) 07/15 11:41:11 Image size of job updated: 1617640
	1029  -  MemoryUsage of job (MB)
	1052780  -  ResidentSetSize of job (KB)
...
006 (5415472.099.000) 07/15 12:16:15 Image size of job updated: 1617640
	1029  -  MemoryUsage of job (MB)
	1052792  -  ResidentSetSize of job (KB)
...
006 (5415472.099.000) 07/15 12:51:18 Image size of job updated: 1617640
	1029  -  MemoryUsage of job (MB)
	1052804  -  ResidentSetSize of job (KB)
...
006 (5415472.099.000) 07/15 13:26:22 Image size of job updated: 1617640
	1029  -  MemoryUsage of job (MB)
	1052816  -  ResidentSetSize of job (KB)
...
006 (5415472.099.000) 07/15 14:01:26 Image size of job updated: 1617640
	1029  -  MemoryUsage of job (MB)
	1052828  -  ResidentSetSize of job (KB)
...
006 (5415472.099.000) 07/15 14:37:40 Image size of job updated: 1617640
	1029  -  MemoryUsage of job (MB)
	1052840  -  ResidentSetSize of job (KB)
...
006 (5415472.099.000) 07/15 15:12:45 Image size of job updated: 1617640
	1029  -  MemoryUsage of job (MB)
	1052852  -  ResidentSetSize of job (KB)
...
006 (5415472.099.000) 07/15 15:47:47 Image size of job updated: 1617640
	1029  -  MemoryUsage of job (MB)
	1052864  -  ResidentSetSize of job (KB)
...
006 (5415472.099.000) 07/15 16:22:49 Image size of job updated: 1617640
	1029  -  MemoryUsage of job (MB)
	1052876  -  ResidentSetSize of job (KB)
...
006 (5415472.099.000) 07/15 17:02:55 Image size of job updated: 1617640
	1029  -  MemoryUsage of job (MB)
	1052888  -  ResidentSetSize of job (KB)
...
006 (5415472.099.000) 07/15 17:37:59 Image size of job updated: 1617640
	1029  -  MemoryUsage of job (MB)
	1052900  -  ResidentSetSize of job (KB)
...
006 (5415472.099.000) 07/15 18:13:03 Image size of job updated: 1617640
	1029  -  MemoryUsage of job (MB)
	1052912  -  ResidentSetSize of job (KB)
...
006 (5415472.099.000) 07/15 18:48:06 Image size of job updated: 1617640
	1029  -  MemoryUsage of job (MB)
	1052924  -  ResidentSetSize of job (KB)
...
006 (5415472.099.000) 07/15 19:23:10 Image size of job updated: 1617640
	1029  -  MemoryUsage of job (MB)
	1052932  -  ResidentSetSize of job (KB)
...
006 (5415472.099.000) 07/15 19:28:10 Image size of job updated: 1617640
	1029  -  MemoryUsage of job (MB)
	1052936  -  ResidentSetSize of job (KB)
...
006 (5415472.099.000) 07/15 20:03:13 Image size of job updated: 1617640
	1029  -  MemoryUsage of job (MB)
	1052948  -  ResidentSetSize of job (KB)
...
006 (5415472.099.000) 07/15 20:38:16 Image size of job updated: 1617640
	1029  -  MemoryUsage of job (MB)
	1052960  -  ResidentSetSize of job (KB)
...
006 (5415472.099.000) 07/15 21:13:19 Image size of job updated: 1617640
	1029  -  MemoryUsage of job (MB)
	1052972  -  ResidentSetSize of job (KB)
...
006 (5415472.099.000) 07/15 21:48:23 Image size of job updated: 1617640
	1029  -  MemoryUsage of job (MB)
	1052984  -  ResidentSetSize of job (KB)
...
006 (5415472.099.000) 07/15 22:18:26 Image size of job updated: 1617640
	1029  -  MemoryUsage of job (MB)
	1052996  -  ResidentSetSize of job (KB)
...
006 (5415472.099.000) 07/15 23:33:32 Image size of job updated: 1617640
	1029  -  MemoryUsage of job (MB)
	1053004  -  ResidentSetSize of job (KB)
...
006 (5415472.099.000) 07/16 00:08:36 Image size of job updated: 1617640
	1029  -  MemoryUsage of job (MB)
	1053016  -  ResidentSetSize of job (KB)
...
006 (5415472.099.000) 07/16 00:43:39 Image size of job updated: 1617640
	1029  -  MemoryUsage of job (MB)
	1053028  -  ResidentSetSize of job (KB)
...
006 (5415472.099.000) 07/16 01:18:40 Image size of job updated: 1617640
	1029  -  MemoryUsage of job (MB)
	1053040  -  ResidentSetSize of job (KB)
...
006 (5415472.099.000) 07/16 01:53:43 Image size of job updated: 1617640
	1029  -  MemoryUsage of job (MB)
	1053052  -  ResidentSetSize of job (KB)
...
006 (5415472.099.000) 07/16 02:28:45 Image size of job updated: 1617640
	1029  -  MemoryUsage of job (MB)
	1053064  -  ResidentSetSize of job (KB)
...
006 (5415472.099.000) 07/16 03:03:50 Image size of job updated: 1617640
	1029  -  MemoryUsage of job (MB)
	1053076  -  ResidentSetSize of job (KB)
...
006 (5415472.099.000) 07/16 03:43:54 Image size of job updated: 1617640
	1029  -  MemoryUsage of job (MB)
	1053088  -  ResidentSetSize of job (KB)
...
006 (5415472.099.000) 07/16 04:18:57 Image size of job updated: 1617640
	1029  -  MemoryUsage of job (MB)
	1053100  -  ResidentSetSize of job (KB)
...
006 (5415472.099.000) 07/16 04:54:01 Image size of job updated: 1617640
	1029  -  MemoryUsage of job (MB)
	1053112  -  ResidentSetSize of job (KB)
...
006 (5415472.099.000) 07/16 05:29:03 Image size of job updated: 1617640
	1029  -  MemoryUsage of job (MB)
	1053116  -  ResidentSetSize of job (KB)
...
006 (5415472.099.000) 07/16 05:34:04 Image size of job updated: 1617640
	1029  -  MemoryUsage of job (MB)
	1053124  -  ResidentSetSize of job (KB)
...
006 (5415472.099.000) 07/16 06:09:06 Image size of job updated: 1617640
	1029  -  MemoryUsage of job (MB)
	1053136  -  ResidentSetSize of job (KB)
...
006 (5415472.099.000) 07/16 06:44:09 Image size of job updated: 1617640
	1029  -  MemoryUsage of job (MB)
	1053148  -  ResidentSetSize of job (KB)
...
006 (5415472.099.000) 07/16 07:19:12 Image size of job updated: 1617640
	1029  -  MemoryUsage of job (MB)
	1053160  -  ResidentSetSize of job (KB)
...
006 (5415472.099.000) 07/16 07:54:15 Image size of job updated: 1617640
	1029  -  MemoryUsage of job (MB)
	1053172  -  ResidentSetSize of job (KB)
...
006 (5415472.099.000) 07/16 08:29:20 Image size of job updated: 1617640
	1029  -  MemoryUsage of job (MB)
	1053184  -  ResidentSetSize of job (KB)
...
006 (5415472.099.000) 07/16 09:04:25 Image size of job updated: 1617640
	1029  -  MemoryUsage of job (MB)
	1053196  -  ResidentSetSize of job (KB)
...
006 (5415472.099.000) 07/16 09:39:29 Image size of job updated: 1617640
	1029  -  MemoryUsage of job (MB)
	1053208  -  ResidentSetSize of job (KB)
...
006 (5415472.099.000) 07/16 10:14:29 Image size of job updated: 1617640
	1029  -  MemoryUsage of job (MB)
	1053220  -  ResidentSetSize of job (KB)
...
006 (5415472.099.000) 07/16 10:44:33 Image size of job updated: 1617640
	1029  -  MemoryUsage of job (MB)
	1053232  -  ResidentSetSize of job (KB)
...
006 (5415472.099.000) 07/16 11:19:37 Image size of job updated: 1617640
	1029  -  MemoryUsage of job (MB)
	1053244  -  ResidentSetSize of job (KB)
...
006 (5415472.099.000) 07/16 11:49:41 Image size of job updated: 1617640
	1029  -  MemoryUsage of job (MB)
	1053256  -  ResidentSetSize of job (KB)
...
006 (5415472.099.000) 07/16 12:21:28 Image size of job updated: 1617640
	1029  -  MemoryUsage of job (MB)
	1053268  -  ResidentSetSize of job (KB)
...
006 (5415472.099.000) 07/16 12:51:31 Image size of job updated: 1617640
	1029  -  MemoryUsage of job (MB)
	1053280  -  ResidentSetSize of job (KB)
...
006 (5415472.099.000) 07/16 13:21:36 Image size of job updated: 1617640
	1029  -  MemoryUsage of job (MB)
	1053292  -  ResidentSetSize of job (KB)
...
006 (5415472.099.000) 07/16 13:56:39 Image size of job updated: 1617640
	1029  -  MemoryUsage of job (MB)
	1053304  -  ResidentSetSize of job (KB)
...
006 (5415472.099.000) 07/16 14:26:44 Image size of job updated: 1617640
	1029  -  MemoryUsage of job (MB)
	1053316  -  ResidentSetSize of job (KB)
...
006 (5415472.099.000) 07/16 15:01:48 Image size of job updated: 1617640
	1029  -  MemoryUsage of job (MB)
	1053328  -  ResidentSetSize of job (KB)
...
006 (5415472.099.000) 07/16 15:36:52 Image size of job updated: 1617640
	1029  -  MemoryUsage of job (MB)
	1053340  -  ResidentSetSize of job (KB)
...
006 (5415472.099.000) 07/16 16:06:55 Image size of job updated: 1617640
	1029  -  MemoryUsage of job (MB)
	1053352  -  ResidentSetSize of job (KB)
...
006 (5415472.099.000) 07/16 16:41:56 Image size of job updated: 1617640
	1029  -  MemoryUsage of job (MB)
	1053364  -  ResidentSetSize of job (KB)
...
006 (5415472.099.000) 07/16 17:11:58 Image size of job updated: 1617640
	1029  -  MemoryUsage of job (MB)
	1053376  -  ResidentSetSize of job (KB)
...
006 (5415472.099.000) 07/16 17:42:02 Image size of job updated: 1617640
	1029  -  MemoryUsage of job (MB)
	1053388  -  ResidentSetSize of job (KB)
...
006 (5415472.099.000) 07/16 18:17:06 Image size of job updated: 1617640
	1029  -  MemoryUsage of job (MB)
	1053400  -  ResidentSetSize of job (KB)
...
006 (5415472.099.000) 07/16 18:47:09 Image size of job updated: 1617640
	1029  -  MemoryUsage of job (MB)
	1053412  -  ResidentSetSize of job (KB)
...
006 (5415472.099.000) 07/16 19:17:13 Image size of job updated: 1617640
	1029  -  MemoryUsage of job (MB)
	1053424  -  ResidentSetSize of job (KB)
...
006 (5415472.099.000) 07/16 19:47:16 Image size of job updated: 1617640
	1029  -  MemoryUsage of job (MB)
	1053436  -  ResidentSetSize of job (KB)
...
006 (5415472.099.000) 07/16 20:17:20 Image size of job updated: 1617640
	1029  -  MemoryUsage of job (MB)
	1053448  -  ResidentSetSize of job (KB)
...
006 (5415472.099.000) 07/16 20:52:25 Image size of job updated: 1617640
	1029  -  MemoryUsage of job (MB)
	1053460  -  ResidentSetSize of job (KB)
...
006 (5415472.099.000) 07/16 21:27:27 Image size of job updated: 1617640
	1029  -  MemoryUsage of job (MB)
	1053472  -  ResidentSetSize of job (KB)
...
006 (5415472.099.000) 07/16 22:02:34 Image size of job updated: 1617640
	1029  -  MemoryUsage of job (MB)
	1053484  -  ResidentSetSize of job (KB)
...
006 (5415472.099.000) 07/16 22:37:37 Image size of job updated: 1617640
	1029  -  MemoryUsage of job (MB)
	1053496  -  ResidentSetSize of job (KB)
...
006 (5415472.099.000) 07/16 23:12:42 Image size of job updated: 1617640
	1029  -  MemoryUsage of job (MB)
	1053508  -  ResidentSetSize of job (KB)
...
006 (5415472.099.000) 07/16 23:47:45 Image size of job updated: 1617640
	1029  -  MemoryUsage of job (MB)
	1053520  -  ResidentSetSize of job (KB)
...
006 (5415472.099.000) 07/17 00:22:47 Image size of job updated: 1617640
	1029  -  MemoryUsage of job (MB)
	1053532  -  ResidentSetSize of job (KB)
...
006 (5415472.099.000) 07/17 00:57:50 Image size of job updated: 1617640
	1029  -  MemoryUsage of job (MB)
	1053544  -  ResidentSetSize of job (KB)
...
006 (5415472.099.000) 07/17 01:32:53 Image size of job updated: 1617640
	1029  -  MemoryUsage of job (MB)
	1053556  -  ResidentSetSize of job (KB)
...
006 (5415472.099.000) 07/17 02:02:56 Image size of job updated: 1617640
	1029  -  MemoryUsage of job (MB)
	1053568  -  ResidentSetSize of job (KB)
...
006 (5415472.099.000) 07/17 02:37:59 Image size of job updated: 1617640
	1029  -  MemoryUsage of job (MB)
	1053580  -  ResidentSetSize of job (KB)
...
006 (5415472.099.000) 07/17 03:13:03 Image size of job updated: 1617640
	1029  -  MemoryUsage of job (MB)
	1053592  -  ResidentSetSize of job (KB)
...
006 (5415472.099.000) 07/17 03:48:06 Image size of job updated: 1617640
	1029  -  MemoryUsage of job (MB)
	1053604  -  ResidentSetSize of job (KB)
...
006 (5415472.099.000) 07/17 04:23:08 Image size of job updated: 1617640
	1029  -  MemoryUsage of job (MB)
	1053616  -  ResidentSetSize of job (KB)
...
006 (5415472.099.000) 07/17 04:58:12 Image size of job updated: 1617640
	1029  -  MemoryUsage of job (MB)
	1053628  -  ResidentSetSize of job (KB)
...
006 (5415472.099.000) 07/17 05:33:16 Image size of job updated: 1617640
	1029  -  MemoryUsage of job (MB)
	1053640  -  ResidentSetSize of job (KB)
...
006 (5415472.099.000) 07/17 06:08:21 Image size of job updated: 1617640
	1029  -  MemoryUsage of job (MB)
	1053652  -  ResidentSetSize of job (KB)
...
006 (5415472.099.000) 07/17 06:43:24 Image size of job updated: 1617640
	1029  -  MemoryUsage of job (MB)
	1053664  -  ResidentSetSize of job (KB)
...
006 (5415472.099.000) 07/17 07:18:25 Image size of job updated: 1617640
	1029  -  MemoryUsage of job (MB)
	1053676  -  ResidentSetSize of job (KB)
...
006 (5415472.099.000) 07/17 07:53:28 Image size of job updated: 1617640
	1029  -  MemoryUsage of job (MB)
	1053688  -  ResidentSetSize of job (KB)
...
006 (5415472.099.000) 07/17 08:28:33 Image size of job updated: 1617640
	1030  -  MemoryUsage of job (MB)
	1053700  -  ResidentSetSize of job (KB)
...
006 (5415472.099.000) 07/17 08:58:37 Image size of job updated: 1617640
	1030  -  MemoryUsage of job (MB)
	1053708  -  ResidentSetSize of job (KB)
...
006 (5415472.099.000) 07/17 09:03:37 Image size of job updated: 1617640
	1030  -  MemoryUsage of job (MB)
	1053712  -  ResidentSetSize of job (KB)
...
006 (5415472.099.000) 07/17 09:33:41 Image size of job updated: 1617640
	1030  -  MemoryUsage of job (MB)
	1053724  -  ResidentSetSize of job (KB)
...
006 (5415472.099.000) 07/17 10:13:45 Image size of job updated: 1617640
	1030  -  MemoryUsage of job (MB)
	1053736  -  ResidentSetSize of job (KB)
...
006 (5415472.099.000) 07/17 10:43:48 Image size of job updated: 1617640
	1030  -  MemoryUsage of job (MB)
	1053748  -  ResidentSetSize of job (KB)
...
006 (5415472.099.000) 07/17 11:18:52 Image size of job updated: 1617640
	1030  -  MemoryUsage of job (MB)
	1053760  -  ResidentSetSize of job (KB)
...
006 (5415472.099.000) 07/17 11:48:55 Image size of job updated: 1617640
	1030  -  MemoryUsage of job (MB)
	1053772  -  ResidentSetSize of job (KB)
...
006 (5415472.099.000) 07/17 12:18:58 Image size of job updated: 1617640
	1030  -  MemoryUsage of job (MB)
	1053784  -  ResidentSetSize of job (KB)
...
006 (5415472.099.000) 07/17 13:14:03 Image size of job updated: 1621736
	1032  -  MemoryUsage of job (MB)
	1055840  -  ResidentSetSize of job (KB)
...
006 (5415472.099.000) 07/17 13:44:06 Image size of job updated: 1621736
	1032  -  MemoryUsage of job (MB)
	1055848  -  ResidentSetSize of job (KB)
...
006 (5415472.099.000) 07/17 14:19:10 Image size of job updated: 1621736
	1032  -  MemoryUsage of job (MB)
	1055856  -  ResidentSetSize of job (KB)
...
006 (5415472.099.000) 07/17 14:54:13 Image size of job updated: 1621736
	1032  -  MemoryUsage of job (MB)
	1055864  -  ResidentSetSize of job (KB)
...
006 (5415472.099.000) 07/17 15:29:18 Image size of job updated: 1621736
	1032  -  MemoryUsage of job (MB)
	1055872  -  ResidentSetSize of job (KB)
...
006 (5415472.099.000) 07/17 16:04:22 Image size of job updated: 1621736
	1032  -  MemoryUsage of job (MB)
	1055880  -  ResidentSetSize of job (KB)
...
006 (5415472.099.000) 07/17 16:39:28 Image size of job updated: 1621736
	1032  -  MemoryUsage of job (MB)
	1055888  -  ResidentSetSize of job (KB)
...
006 (5415472.099.000) 07/17 17:14:31 Image size of job updated: 1621736
	1032  -  MemoryUsage of job (MB)
	1055896  -  ResidentSetSize of job (KB)
...
006 (5415472.099.000) 07/17 17:49:34 Image size of job updated: 1621736
	1032  -  MemoryUsage of job (MB)
	1055904  -  ResidentSetSize of job (KB)
...
006 (5415472.099.000) 07/17 18:19:38 Image size of job updated: 1621736
	1032  -  MemoryUsage of job (MB)
	1055912  -  ResidentSetSize of job (KB)
...
006 (5415472.099.000) 07/17 18:49:42 Image size of job updated: 1621736
	1032  -  MemoryUsage of job (MB)
	1055916  -  ResidentSetSize of job (KB)
...
006 (5415472.099.000) 07/17 18:54:43 Image size of job updated: 1621736
	1032  -  MemoryUsage of job (MB)
	1055920  -  ResidentSetSize of job (KB)
...
006 (5415472.099.000) 07/17 19:24:46 Image size of job updated: 1621736
	1032  -  MemoryUsage of job (MB)
	1055928  -  ResidentSetSize of job (KB)
...
006 (5415472.099.000) 07/17 19:59:48 Image size of job updated: 1621736
	1032  -  MemoryUsage of job (MB)
	1055936  -  ResidentSetSize of job (KB)
...
006 (5415472.099.000) 07/17 20:34:52 Image size of job updated: 1621736
	1032  -  MemoryUsage of job (MB)
	1055944  -  ResidentSetSize of job (KB)
...
006 (5415472.099.000) 07/17 21:09:54 Image size of job updated: 1621736
	1032  -  MemoryUsage of job (MB)
	1055952  -  ResidentSetSize of job (KB)
...
006 (5415472.099.000) 07/17 21:39:57 Image size of job updated: 1621736
	1032  -  MemoryUsage of job (MB)
	1055956  -  ResidentSetSize of job (KB)
...
006 (5415472.099.000) 07/17 21:44:58 Image size of job updated: 1621736
	1032  -  MemoryUsage of job (MB)
	1055960  -  ResidentSetSize of job (KB)
...
006 (5415472.099.000) 07/17 22:20:00 Image size of job updated: 1621736
	1032  -  MemoryUsage of job (MB)
	1055968  -  ResidentSetSize of job (KB)
...
006 (5415472.099.000) 07/17 22:50:04 Image size of job updated: 1621736
	1032  -  MemoryUsage of job (MB)
	1055976  -  ResidentSetSize of job (KB)
...
006 (5415472.099.000) 07/17 23:25:09 Image size of job updated: 1621736
	1032  -  MemoryUsage of job (MB)
	1055984  -  ResidentSetSize of job (KB)
...
006 (5415472.099.000) 07/18 00:00:13 Image size of job updated: 1621736
	1032  -  MemoryUsage of job (MB)
	1055992  -  ResidentSetSize of job (KB)
...
006 (5415472.099.000) 07/18 00:35:16 Image size of job updated: 1621736
	1032  -  MemoryUsage of job (MB)
	1056000  -  ResidentSetSize of job (KB)
...
006 (5415472.099.000) 07/18 01:10:19 Image size of job updated: 1621736
	1032  -  MemoryUsage of job (MB)
	1056008  -  ResidentSetSize of job (KB)
...
006 (5415472.099.000) 07/18 01:50:23 Image size of job updated: 1621736
	1032  -  MemoryUsage of job (MB)
	1056016  -  ResidentSetSize of job (KB)
...
006 (5415472.099.000) 07/18 02:25:27 Image size of job updated: 1621736
	1032  -  MemoryUsage of job (MB)
	1056024  -  ResidentSetSize of job (KB)
...
006 (5415472.099.000) 07/18 03:00:32 Image size of job updated: 1621736
	1032  -  MemoryUsage of job (MB)
	1056032  -  ResidentSetSize of job (KB)
...
006 (5415472.099.000) 07/18 03:35:38 Image size of job updated: 1621736
	1032  -  MemoryUsage of job (MB)
	1056040  -  ResidentSetSize of job (KB)
...
006 (5415472.099.000) 07/18 04:10:40 Image size of job updated: 1621736
	1032  -  MemoryUsage of job (MB)
	1056048  -  ResidentSetSize of job (KB)
...
006 (5415472.099.000) 07/18 04:45:44 Image size of job updated: 1621736
	1032  -  MemoryUsage of job (MB)
	1056056  -  ResidentSetSize of job (KB)
...
006 (5415472.099.000) 07/18 05:20:49 Image size of job updated: 1621736
	1032  -  MemoryUsage of job (MB)
	1056064  -  ResidentSetSize of job (KB)
...
006 (5415472.099.000) 07/18 05:55:53 Image size of job updated: 1621736
	1032  -  MemoryUsage of job (MB)
	1056072  -  ResidentSetSize of job (KB)
...
006 (5415472.099.000) 07/18 06:30:58 Image size of job updated: 1621736
	1032  -  MemoryUsage of job (MB)
	1056080  -  ResidentSetSize of job (KB)
...
006 (5415472.099.000) 07/18 07:06:02 Image size of job updated: 1621736
	1032  -  MemoryUsage of job (MB)
	1056088  -  ResidentSetSize of job (KB)
...
006 (5415472.099.000) 07/18 07:41:04 Image size of job updated: 1621736
	1032  -  MemoryUsage of job (MB)
	1056096  -  ResidentSetSize of job (KB)
...
006 (5415472.099.000) 07/18 08:21:08 Image size of job updated: 1621736
	1032  -  MemoryUsage of job (MB)
	1056104  -  ResidentSetSize of job (KB)
...
006 (5415472.099.000) 07/18 08:56:12 Image size of job updated: 1621736
	1032  -  MemoryUsage of job (MB)
	1056112  -  ResidentSetSize of job (KB)
...
006 (5415472.099.000) 07/18 09:31:16 Image size of job updated: 1621736
	1032  -  MemoryUsage of job (MB)
	1056120  -  ResidentSetSize of job (KB)
...
006 (5415472.099.000) 07/18 10:06:20 Image size of job updated: 1621736
	1032  -  MemoryUsage of job (MB)
	1056124  -  ResidentSetSize of job (KB)
...
006 (5415472.099.000) 07/18 10:11:20 Image size of job updated: 1621736
	1032  -  MemoryUsage of job (MB)
	1056128  -  ResidentSetSize of job (KB)
...
006 (5415472.099.000) 07/18 10:46:25 Image size of job updated: 1621736
	1032  -  MemoryUsage of job (MB)
	1056136  -  ResidentSetSize of job (KB)
...
006 (5415472.099.000) 07/18 11:21:28 Image size of job updated: 1621736
	1032  -  MemoryUsage of job (MB)
	1056144  -  ResidentSetSize of job (KB)
...
006 (5415472.099.000) 07/18 12:01:33 Image size of job updated: 1621736
	1032  -  MemoryUsage of job (MB)
	1056152  -  ResidentSetSize of job (KB)
...
006 (5415472.099.000) 07/18 12:36:36 Image size of job updated: 1621736
	1032  -  MemoryUsage of job (MB)
	1056160  -  ResidentSetSize of job (KB)
...
006 (5415472.099.000) 07/18 13:11:39 Image size of job updated: 1621736
	1032  -  MemoryUsage of job (MB)
	1056168  -  ResidentSetSize of job (KB)
...
006 (5415472.099.000) 07/18 13:46:43 Image size of job updated: 1621736
	1032  -  MemoryUsage of job (MB)
	1056176  -  ResidentSetSize of job (KB)
...
006 (5415472.099.000) 07/18 14:21:48 Image size of job updated: 1621736
	1032  -  MemoryUsage of job (MB)
	1056180  -  ResidentSetSize of job (KB)
...
006 (5415472.099.000) 07/18 14:26:49 Image size of job updated: 1621736
	1032  -  MemoryUsage of job (MB)
	1056184  -  ResidentSetSize of job (KB)
...
006 (5415472.099.000) 07/18 14:56:52 Image size of job updated: 1621736
	1032  -  MemoryUsage of job (MB)
	1056192  -  ResidentSetSize of job (KB)
...
006 (5415472.099.000) 07/18 15:31:54 Image size of job updated: 1621736
	1032  -  MemoryUsage of job (MB)
	1056200  -  ResidentSetSize of job (KB)
...
006 (5415472.099.000) 07/18 16:06:57 Image size of job updated: 1621736
	1032  -  MemoryUsage of job (MB)
	1056208  -  ResidentSetSize of job (KB)
...
006 (5415472.099.000) 07/18 16:42:00 Image size of job updated: 1621736
	1032  -  MemoryUsage of job (MB)
	1056216  -  ResidentSetSize of job (KB)
...
006 (5415472.099.000) 07/18 17:12:04 Image size of job updated: 1621736
	1032  -  MemoryUsage of job (MB)
	1056224  -  ResidentSetSize of job (KB)
...
006 (5415472.099.000) 07/18 17:47:08 Image size of job updated: 1621736
	1032  -  MemoryUsage of job (MB)
	1056232  -  ResidentSetSize of job (KB)
...
006 (5415472.099.000) 07/18 18:22:13 Image size of job updated: 1621736
	1032  -  MemoryUsage of job (MB)
	1056240  -  ResidentSetSize of job (KB)
...
006 (5415472.099.000) 07/18 18:52:16 Image size of job updated: 1621736
	1032  -  MemoryUsage of job (MB)
	1056248  -  ResidentSetSize of job (KB)
...
006 (5415472.099.000) 07/18 19:27:18 Image size of job updated: 1621736
	1032  -  MemoryUsage of job (MB)
	1056256  -  ResidentSetSize of job (KB)
...
006 (5415472.099.000) 07/18 19:57:21 Image size of job updated: 1621736
	1032  -  MemoryUsage of job (MB)
	1056264  -  ResidentSetSize of job (KB)
...
006 (5415472.099.000) 07/18 20:32:26 Image size of job updated: 1621736
	1032  -  MemoryUsage of job (MB)
	1056272  -  ResidentSetSize of job (KB)
...
006 (5415472.099.000) 07/18 21:02:28 Image size of job updated: 1621736
	1032  -  MemoryUsage of job (MB)
	1056280  -  ResidentSetSize of job (KB)
...
006 (5415472.099.000) 07/18 21:37:33 Image size of job updated: 1621736
	1032  -  MemoryUsage of job (MB)
	1056288  -  ResidentSetSize of job (KB)
...
006 (5415472.099.000) 07/18 22:12:36 Image size of job updated: 1621736
	1032  -  MemoryUsage of job (MB)
	1056296  -  ResidentSetSize of job (KB)
...
006 (5415472.099.000) 07/18 22:42:39 Image size of job updated: 1621736
	1032  -  MemoryUsage of job (MB)
	1056304  -  ResidentSetSize of job (KB)
...
006 (5415472.099.000) 07/18 23:17:43 Image size of job updated: 1621736
	1032  -  MemoryUsage of job (MB)
	1056312  -  ResidentSetSize of job (KB)
...
006 (5415472.099.000) 07/18 23:47:46 Image size of job updated: 1621736
	1032  -  MemoryUsage of job (MB)
	1056320  -  ResidentSetSize of job (KB)
...
006 (5415472.099.000) 07/19 00:22:50 Image size of job updated: 1621736
	1032  -  MemoryUsage of job (MB)
	1056328  -  ResidentSetSize of job (KB)
...
006 (5415472.099.000) 07/19 00:57:55 Image size of job updated: 1621736
	1032  -  MemoryUsage of job (MB)
	1056336  -  ResidentSetSize of job (KB)
...
006 (5415472.099.000) 07/19 01:33:01 Image size of job updated: 1621736
	1032  -  MemoryUsage of job (MB)
	1056344  -  ResidentSetSize of job (KB)
...
006 (5415472.099.000) 07/19 02:08:04 Image size of job updated: 1621736
	1032  -  MemoryUsage of job (MB)
	1056352  -  ResidentSetSize of job (KB)
...
006 (5415472.099.000) 07/19 02:38:06 Image size of job updated: 1621736
	1032  -  MemoryUsage of job (MB)
	1056360  -  ResidentSetSize of job (KB)
...
006 (5415472.099.000) 07/19 03:13:10 Image size of job updated: 1621736
	1032  -  MemoryUsage of job (MB)
	1056368  -  ResidentSetSize of job (KB)
...
006 (5415472.099.000) 07/19 03:48:15 Image size of job updated: 1621736
	1032  -  MemoryUsage of job (MB)
	1056376  -  ResidentSetSize of job (KB)
...
006 (5415472.099.000) 07/19 04:18:18 Image size of job updated: 1621736
	1032  -  MemoryUsage of job (MB)
	1056380  -  ResidentSetSize of job (KB)
...
006 (5415472.099.000) 07/19 04:23:18 Image size of job updated: 1621736
	1032  -  MemoryUsage of job (MB)
	1056384  -  ResidentSetSize of job (KB)
...
006 (5415472.099.000) 07/19 04:53:22 Image size of job updated: 1621736
	1032  -  MemoryUsage of job (MB)
	1056392  -  ResidentSetSize of job (KB)
...
006 (5415472.099.000) 07/19 05:28:26 Image size of job updated: 1621736
	1032  -  MemoryUsage of job (MB)
	1056400  -  ResidentSetSize of job (KB)
...
006 (5415472.099.000) 07/19 06:03:30 Image size of job updated: 1621736
	1032  -  MemoryUsage of job (MB)
	1056408  -  ResidentSetSize of job (KB)
...
006 (5415472.099.000) 07/19 06:33:32 Image size of job updated: 1621736
	1032  -  MemoryUsage of job (MB)
	1056416  -  ResidentSetSize of job (KB)
...
006 (5415472.099.000) 07/19 07:08:37 Image size of job updated: 1621736
	1032  -  MemoryUsage of job (MB)
	1056424  -  ResidentSetSize of job (KB)
...
006 (5415472.099.000) 07/19 07:43:41 Image size of job updated: 1621736
	1032  -  MemoryUsage of job (MB)
	1056432  -  ResidentSetSize of job (KB)
...
006 (5415472.099.000) 07/19 08:18:47 Image size of job updated: 1621736
	1032  -  MemoryUsage of job (MB)
	1056440  -  ResidentSetSize of job (KB)
...
006 (5415472.099.000) 07/19 08:53:51 Image size of job updated: 1621736
	1032  -  MemoryUsage of job (MB)
	1056448  -  ResidentSetSize of job (KB)
...
006 (5415472.099.000) 07/19 09:28:53 Image size of job updated: 1621736
	1032  -  MemoryUsage of job (MB)
	1056456  -  ResidentSetSize of job (KB)
...
006 (5415472.099.000) 07/19 10:03:56 Image size of job updated: 1621736
	1032  -  MemoryUsage of job (MB)
	1056464  -  ResidentSetSize of job (KB)
...
006 (5415472.099.000) 07/19 10:44:01 Image size of job updated: 1621736
	1032  -  MemoryUsage of job (MB)
	1056472  -  ResidentSetSize of job (KB)
...
006 (5415472.099.000) 07/19 11:19:04 Image size of job updated: 1621736
	1032  -  MemoryUsage of job (MB)
	1056480  -  ResidentSetSize of job (KB)
...
006 (5415472.099.000) 07/19 11:54:05 Image size of job updated: 1621736
	1032  -  MemoryUsage of job (MB)
	1056488  -  ResidentSetSize of job (KB)
...
006 (5415472.099.000) 07/19 12:29:10 Image size of job updated: 1621736
	1032  -  MemoryUsage of job (MB)
	1056496  -  ResidentSetSize of job (KB)
...
006 (5415472.099.000) 07/19 13:04:14 Image size of job updated: 1621736
	1032  -  MemoryUsage of job (MB)
	1056504  -  ResidentSetSize of job (KB)
...
006 (5415472.099.000) 07/19 13:39:19 Image size of job updated: 1621736
	1032  -  MemoryUsage of job (MB)
	1056512  -  ResidentSetSize of job (KB)
...
040 (5415472.099.000) 07/19 14:11:04 Started transferring output files
...
040 (5415472.099.000) 07/19 14:11:04 Finished transferring output files
...
009 (5415472.099.000) 07/19 14:11:05 Job was aborted.
	Job removed by SYSTEM_PERIODIC_REMOVE due to wall time exceeded allowed max.
...
