000 (5415472.067.000) 07/11 14:02:29 Job submitted from host: <137.138.156.150:9618?addrs=137.138.156.150-9618+[2001-1458-d00-14--9a]-9618&alias=bigbird13.cern.ch&noUDP&sock=schedd_1788_ff6c>
...
040 (5415472.067.000) 07/11 14:05:10 Started transferring input files
	Transferring to host: <128.142.193.145:9618?addrs=128.142.193.145-9618+[2001-1458-301-cc--100-3bf]-9618&alias=b7g52n1400.cern.ch&noUDP&sock=slot1_2_17655_4b67_130613>
...
040 (5415472.067.000) 07/11 14:05:10 Finished transferring input files
...
001 (5415472.067.000) 07/11 14:05:11 Job executing on host: <128.142.193.145:9618?addrs=128.142.193.145-9618+[2001-1458-301-cc--100-3bf]-9618&alias=b7g52n1400.cern.ch&noUDP&sock=startd_18608_1e65>
...
006 (5415472.067.000) 07/11 14:05:19 Image size of job updated: 379648
	38  -  MemoryUsage of job (MB)
	38532  -  ResidentSetSize of job (KB)
...
006 (5415472.067.000) 07/11 14:10:19 Image size of job updated: 1590696
	1004  -  MemoryUsage of job (MB)
	1027160  -  ResidentSetSize of job (KB)
...
006 (5415472.067.000) 07/13 16:33:31 Image size of job updated: 1590696
	1004  -  MemoryUsage of job (MB)
	1028064  -  ResidentSetSize of job (KB)
...
006 (5415472.067.000) 07/13 16:38:32 Image size of job updated: 1591676
	1004  -  MemoryUsage of job (MB)
	1028064  -  ResidentSetSize of job (KB)
...
006 (5415472.067.000) 07/13 17:38:37 Image size of job updated: 1592584
	1005  -  MemoryUsage of job (MB)
	1028972  -  ResidentSetSize of job (KB)
...
006 (5415472.067.000) 07/13 18:38:42 Image size of job updated: 1593488
	1006  -  MemoryUsage of job (MB)
	1029876  -  ResidentSetSize of job (KB)
...
006 (5415472.067.000) 07/13 19:33:49 Image size of job updated: 1594392
	1007  -  MemoryUsage of job (MB)
	1030780  -  ResidentSetSize of job (KB)
...
006 (5415472.067.000) 07/13 20:33:53 Image size of job updated: 1595300
	1008  -  MemoryUsage of job (MB)
	1031688  -  ResidentSetSize of job (KB)
...
006 (5415472.067.000) 07/13 21:39:00 Image size of job updated: 1596204
	1009  -  MemoryUsage of job (MB)
	1032592  -  ResidentSetSize of job (KB)
...
006 (5415472.067.000) 07/13 22:39:05 Image size of job updated: 1597112
	1010  -  MemoryUsage of job (MB)
	1033500  -  ResidentSetSize of job (KB)
...
006 (5415472.067.000) 07/13 23:54:11 Image size of job updated: 1598016
	1011  -  MemoryUsage of job (MB)
	1034404  -  ResidentSetSize of job (KB)
...
006 (5415472.067.000) 07/14 01:04:18 Image size of job updated: 1598920
	1012  -  MemoryUsage of job (MB)
	1035308  -  ResidentSetSize of job (KB)
...
006 (5415472.067.000) 07/14 02:09:24 Image size of job updated: 1599828
	1012  -  MemoryUsage of job (MB)
	1036216  -  ResidentSetSize of job (KB)
...
006 (5415472.067.000) 07/14 03:19:30 Image size of job updated: 1600732
	1013  -  MemoryUsage of job (MB)
	1037120  -  ResidentSetSize of job (KB)
...
006 (5415472.067.000) 07/14 04:19:36 Image size of job updated: 1601640
	1014  -  MemoryUsage of job (MB)
	1038028  -  ResidentSetSize of job (KB)
...
006 (5415472.067.000) 07/14 05:14:42 Image size of job updated: 1602544
	1015  -  MemoryUsage of job (MB)
	1038932  -  ResidentSetSize of job (KB)
...
006 (5415472.067.000) 07/14 06:14:48 Image size of job updated: 1603452
	1016  -  MemoryUsage of job (MB)
	1039840  -  ResidentSetSize of job (KB)
...
006 (5415472.067.000) 07/14 07:09:56 Image size of job updated: 1604356
	1017  -  MemoryUsage of job (MB)
	1040744  -  ResidentSetSize of job (KB)
...
006 (5415472.067.000) 07/14 08:05:04 Image size of job updated: 1605260
	1018  -  MemoryUsage of job (MB)
	1041648  -  ResidentSetSize of job (KB)
...
006 (5415472.067.000) 07/14 09:00:12 Image size of job updated: 1609788
	1022  -  MemoryUsage of job (MB)
	1046176  -  ResidentSetSize of job (KB)
...
006 (5415472.067.000) 07/14 12:20:32 Image size of job updated: 1612860
	1024  -  MemoryUsage of job (MB)
	1047724  -  ResidentSetSize of job (KB)
...
006 (5415472.067.000) 07/14 12:25:33 Image size of job updated: 1612860
	1024  -  MemoryUsage of job (MB)
	1047736  -  ResidentSetSize of job (KB)
...
006 (5415472.067.000) 07/14 12:55:35 Image size of job updated: 1612860
	1024  -  MemoryUsage of job (MB)
	1047748  -  ResidentSetSize of job (KB)
...
006 (5415472.067.000) 07/14 13:30:38 Image size of job updated: 1612860
	1024  -  MemoryUsage of job (MB)
	1047760  -  ResidentSetSize of job (KB)
...
006 (5415472.067.000) 07/14 14:05:42 Image size of job updated: 1612860
	1024  -  MemoryUsage of job (MB)
	1047772  -  ResidentSetSize of job (KB)
...
006 (5415472.067.000) 07/14 14:35:46 Image size of job updated: 1612860
	1024  -  MemoryUsage of job (MB)
	1047784  -  ResidentSetSize of job (KB)
...
006 (5415472.067.000) 07/14 15:10:47 Image size of job updated: 1612860
	1024  -  MemoryUsage of job (MB)
	1047796  -  ResidentSetSize of job (KB)
...
006 (5415472.067.000) 07/14 15:40:50 Image size of job updated: 1612860
	1024  -  MemoryUsage of job (MB)
	1047808  -  ResidentSetSize of job (KB)
...
006 (5415472.067.000) 07/14 16:10:52 Image size of job updated: 1612860
	1024  -  MemoryUsage of job (MB)
	1047816  -  ResidentSetSize of job (KB)
...
006 (5415472.067.000) 07/14 16:15:53 Image size of job updated: 1612860
	1024  -  MemoryUsage of job (MB)
	1047820  -  ResidentSetSize of job (KB)
...
006 (5415472.067.000) 07/14 16:45:56 Image size of job updated: 1612860
	1024  -  MemoryUsage of job (MB)
	1047832  -  ResidentSetSize of job (KB)
...
006 (5415472.067.000) 07/14 17:16:01 Image size of job updated: 1612860
	1024  -  MemoryUsage of job (MB)
	1047844  -  ResidentSetSize of job (KB)
...
006 (5415472.067.000) 07/14 17:51:04 Image size of job updated: 1612860
	1024  -  MemoryUsage of job (MB)
	1047856  -  ResidentSetSize of job (KB)
...
006 (5415472.067.000) 07/14 18:21:08 Image size of job updated: 1612860
	1024  -  MemoryUsage of job (MB)
	1047868  -  ResidentSetSize of job (KB)
...
006 (5415472.067.000) 07/14 18:56:12 Image size of job updated: 1612860
	1024  -  MemoryUsage of job (MB)
	1047880  -  ResidentSetSize of job (KB)
...
006 (5415472.067.000) 07/14 19:26:15 Image size of job updated: 1612860
	1024  -  MemoryUsage of job (MB)
	1047888  -  ResidentSetSize of job (KB)
...
006 (5415472.067.000) 07/14 19:31:15 Image size of job updated: 1612860
	1024  -  MemoryUsage of job (MB)
	1047892  -  ResidentSetSize of job (KB)
...
006 (5415472.067.000) 07/14 20:01:17 Image size of job updated: 1612860
	1024  -  MemoryUsage of job (MB)
	1047904  -  ResidentSetSize of job (KB)
...
006 (5415472.067.000) 07/14 20:31:20 Image size of job updated: 1612860
	1024  -  MemoryUsage of job (MB)
	1047916  -  ResidentSetSize of job (KB)
...
006 (5415472.067.000) 07/14 21:07:25 Image size of job updated: 1612860
	1024  -  MemoryUsage of job (MB)
	1047928  -  ResidentSetSize of job (KB)
...
006 (5415472.067.000) 07/14 21:37:24 Image size of job updated: 1612860
	1024  -  MemoryUsage of job (MB)
	1047940  -  ResidentSetSize of job (KB)
...
006 (5415472.067.000) 07/14 22:12:28 Image size of job updated: 1612860
	1024  -  MemoryUsage of job (MB)
	1047952  -  ResidentSetSize of job (KB)
...
006 (5415472.067.000) 07/14 22:42:30 Image size of job updated: 1612860
	1024  -  MemoryUsage of job (MB)
	1047964  -  ResidentSetSize of job (KB)
...
006 (5415472.067.000) 07/14 23:12:33 Image size of job updated: 1612860
	1024  -  MemoryUsage of job (MB)
	1047976  -  ResidentSetSize of job (KB)
...
006 (5415472.067.000) 07/14 23:47:34 Image size of job updated: 1612860
	1024  -  MemoryUsage of job (MB)
	1047988  -  ResidentSetSize of job (KB)
...
006 (5415472.067.000) 07/15 00:17:36 Image size of job updated: 1612860
	1024  -  MemoryUsage of job (MB)
	1047996  -  ResidentSetSize of job (KB)
...
006 (5415472.067.000) 07/15 00:22:37 Image size of job updated: 1612860
	1024  -  MemoryUsage of job (MB)
	1048000  -  ResidentSetSize of job (KB)
...
006 (5415472.067.000) 07/15 00:52:41 Image size of job updated: 1612860
	1024  -  MemoryUsage of job (MB)
	1048012  -  ResidentSetSize of job (KB)
...
006 (5415472.067.000) 07/15 01:22:43 Image size of job updated: 1612860
	1024  -  MemoryUsage of job (MB)
	1048024  -  ResidentSetSize of job (KB)
...
006 (5415472.067.000) 07/15 01:52:45 Image size of job updated: 1612860
	1024  -  MemoryUsage of job (MB)
	1048036  -  ResidentSetSize of job (KB)
...
006 (5415472.067.000) 07/15 02:27:49 Image size of job updated: 1612860
	1024  -  MemoryUsage of job (MB)
	1048048  -  ResidentSetSize of job (KB)
...
006 (5415472.067.000) 07/15 02:57:51 Image size of job updated: 1612860
	1024  -  MemoryUsage of job (MB)
	1048060  -  ResidentSetSize of job (KB)
...
006 (5415472.067.000) 07/15 03:32:56 Image size of job updated: 1612860
	1024  -  MemoryUsage of job (MB)
	1048072  -  ResidentSetSize of job (KB)
...
006 (5415472.067.000) 07/15 04:08:00 Image size of job updated: 1612860
	1024  -  MemoryUsage of job (MB)
	1048084  -  ResidentSetSize of job (KB)
...
006 (5415472.067.000) 07/15 04:43:05 Image size of job updated: 1612860
	1024  -  MemoryUsage of job (MB)
	1048096  -  ResidentSetSize of job (KB)
...
006 (5415472.067.000) 07/15 05:18:06 Image size of job updated: 1612860
	1024  -  MemoryUsage of job (MB)
	1048108  -  ResidentSetSize of job (KB)
...
006 (5415472.067.000) 07/15 05:48:10 Image size of job updated: 1612860
	1024  -  MemoryUsage of job (MB)
	1048116  -  ResidentSetSize of job (KB)
...
006 (5415472.067.000) 07/15 05:53:10 Image size of job updated: 1612860
	1024  -  MemoryUsage of job (MB)
	1048120  -  ResidentSetSize of job (KB)
...
006 (5415472.067.000) 07/15 06:28:11 Image size of job updated: 1612860
	1024  -  MemoryUsage of job (MB)
	1048132  -  ResidentSetSize of job (KB)
...
006 (5415472.067.000) 07/15 06:58:15 Image size of job updated: 1612860
	1024  -  MemoryUsage of job (MB)
	1048136  -  ResidentSetSize of job (KB)
...
006 (5415472.067.000) 07/15 07:03:16 Image size of job updated: 1612860
	1024  -  MemoryUsage of job (MB)
	1048144  -  ResidentSetSize of job (KB)
...
006 (5415472.067.000) 07/15 07:33:21 Image size of job updated: 1612860
	1024  -  MemoryUsage of job (MB)
	1048156  -  ResidentSetSize of job (KB)
...
006 (5415472.067.000) 07/15 08:13:26 Image size of job updated: 1612860
	1024  -  MemoryUsage of job (MB)
	1048168  -  ResidentSetSize of job (KB)
...
006 (5415472.067.000) 07/15 08:48:30 Image size of job updated: 1612860
	1024  -  MemoryUsage of job (MB)
	1048180  -  ResidentSetSize of job (KB)
...
006 (5415472.067.000) 07/15 09:23:33 Image size of job updated: 1612860
	1024  -  MemoryUsage of job (MB)
	1048192  -  ResidentSetSize of job (KB)
...
006 (5415472.067.000) 07/15 10:03:37 Image size of job updated: 1612860
	1024  -  MemoryUsage of job (MB)
	1048204  -  ResidentSetSize of job (KB)
...
006 (5415472.067.000) 07/15 10:38:40 Image size of job updated: 1612860
	1024  -  MemoryUsage of job (MB)
	1048216  -  ResidentSetSize of job (KB)
...
006 (5415472.067.000) 07/15 11:18:45 Image size of job updated: 1612860
	1024  -  MemoryUsage of job (MB)
	1048228  -  ResidentSetSize of job (KB)
...
006 (5415472.067.000) 07/15 11:53:48 Image size of job updated: 1612860
	1024  -  MemoryUsage of job (MB)
	1048240  -  ResidentSetSize of job (KB)
...
006 (5415472.067.000) 07/15 12:28:51 Image size of job updated: 1612860
	1024  -  MemoryUsage of job (MB)
	1048252  -  ResidentSetSize of job (KB)
...
006 (5415472.067.000) 07/15 13:03:54 Image size of job updated: 1612860
	1024  -  MemoryUsage of job (MB)
	1048264  -  ResidentSetSize of job (KB)
...
006 (5415472.067.000) 07/15 13:38:56 Image size of job updated: 1612860
	1024  -  MemoryUsage of job (MB)
	1048276  -  ResidentSetSize of job (KB)
...
006 (5415472.067.000) 07/15 14:14:00 Image size of job updated: 1612860
	1024  -  MemoryUsage of job (MB)
	1048288  -  ResidentSetSize of job (KB)
...
006 (5415472.067.000) 07/15 14:49:03 Image size of job updated: 1612860
	1024  -  MemoryUsage of job (MB)
	1048300  -  ResidentSetSize of job (KB)
...
006 (5415472.067.000) 07/15 15:24:06 Image size of job updated: 1612860
	1024  -  MemoryUsage of job (MB)
	1048312  -  ResidentSetSize of job (KB)
...
006 (5415472.067.000) 07/15 15:59:10 Image size of job updated: 1612860
	1024  -  MemoryUsage of job (MB)
	1048324  -  ResidentSetSize of job (KB)
...
006 (5415472.067.000) 07/15 16:34:13 Image size of job updated: 1612860
	1024  -  MemoryUsage of job (MB)
	1048336  -  ResidentSetSize of job (KB)
...
006 (5415472.067.000) 07/15 17:14:18 Image size of job updated: 1612860
	1024  -  MemoryUsage of job (MB)
	1048348  -  ResidentSetSize of job (KB)
...
006 (5415472.067.000) 07/15 17:49:18 Image size of job updated: 1612860
	1024  -  MemoryUsage of job (MB)
	1048360  -  ResidentSetSize of job (KB)
...
006 (5415472.067.000) 07/15 18:24:24 Image size of job updated: 1612860
	1024  -  MemoryUsage of job (MB)
	1048372  -  ResidentSetSize of job (KB)
...
006 (5415472.067.000) 07/15 18:59:27 Image size of job updated: 1612860
	1024  -  MemoryUsage of job (MB)
	1048384  -  ResidentSetSize of job (KB)
...
006 (5415472.067.000) 07/15 19:34:32 Image size of job updated: 1612860
	1024  -  MemoryUsage of job (MB)
	1048396  -  ResidentSetSize of job (KB)
...
006 (5415472.067.000) 07/15 20:09:36 Image size of job updated: 1612860
	1024  -  MemoryUsage of job (MB)
	1048408  -  ResidentSetSize of job (KB)
...
006 (5415472.067.000) 07/15 20:44:40 Image size of job updated: 1612860
	1024  -  MemoryUsage of job (MB)
	1048420  -  ResidentSetSize of job (KB)
...
006 (5415472.067.000) 07/15 21:19:42 Image size of job updated: 1612860
	1024  -  MemoryUsage of job (MB)
	1048432  -  ResidentSetSize of job (KB)
...
006 (5415472.067.000) 07/15 21:54:46 Image size of job updated: 1612860
	1024  -  MemoryUsage of job (MB)
	1048444  -  ResidentSetSize of job (KB)
...
006 (5415472.067.000) 07/15 22:24:49 Image size of job updated: 1612860
	1024  -  MemoryUsage of job (MB)
	1048456  -  ResidentSetSize of job (KB)
...
006 (5415472.067.000) 07/15 22:59:52 Image size of job updated: 1612860
	1024  -  MemoryUsage of job (MB)
	1048468  -  ResidentSetSize of job (KB)
...
006 (5415472.067.000) 07/15 23:34:57 Image size of job updated: 1612860
	1024  -  MemoryUsage of job (MB)
	1048480  -  ResidentSetSize of job (KB)
...
006 (5415472.067.000) 07/16 00:10:00 Image size of job updated: 1612860
	1024  -  MemoryUsage of job (MB)
	1048492  -  ResidentSetSize of job (KB)
...
006 (5415472.067.000) 07/16 00:45:02 Image size of job updated: 1612860
	1024  -  MemoryUsage of job (MB)
	1048504  -  ResidentSetSize of job (KB)
...
006 (5415472.067.000) 07/16 01:20:05 Image size of job updated: 1612860
	1024  -  MemoryUsage of job (MB)
	1048516  -  ResidentSetSize of job (KB)
...
006 (5415472.067.000) 07/16 01:55:09 Image size of job updated: 1612860
	1024  -  MemoryUsage of job (MB)
	1048528  -  ResidentSetSize of job (KB)
...
006 (5415472.067.000) 07/16 02:35:10 Image size of job updated: 1612860
	1024  -  MemoryUsage of job (MB)
	1048540  -  ResidentSetSize of job (KB)
...
006 (5415472.067.000) 07/16 03:10:13 Image size of job updated: 1612860
	1024  -  MemoryUsage of job (MB)
	1048552  -  ResidentSetSize of job (KB)
...
006 (5415472.067.000) 07/16 03:45:16 Image size of job updated: 1612860
	1024  -  MemoryUsage of job (MB)
	1048564  -  ResidentSetSize of job (KB)
...
006 (5415472.067.000) 07/16 04:25:21 Image size of job updated: 1612860
	1024  -  MemoryUsage of job (MB)
	1048576  -  ResidentSetSize of job (KB)
...
006 (5415472.067.000) 07/16 05:00:25 Image size of job updated: 1612860
	1025  -  MemoryUsage of job (MB)
	1048588  -  ResidentSetSize of job (KB)
...
006 (5415472.067.000) 07/16 05:35:28 Image size of job updated: 1612860
	1025  -  MemoryUsage of job (MB)
	1048600  -  ResidentSetSize of job (KB)
...
006 (5415472.067.000) 07/16 06:10:30 Image size of job updated: 1612860
	1025  -  MemoryUsage of job (MB)
	1048612  -  ResidentSetSize of job (KB)
...
006 (5415472.067.000) 07/16 06:50:35 Image size of job updated: 1612860
	1025  -  MemoryUsage of job (MB)
	1048624  -  ResidentSetSize of job (KB)
...
006 (5415472.067.000) 07/16 07:25:40 Image size of job updated: 1612860
	1025  -  MemoryUsage of job (MB)
	1048636  -  ResidentSetSize of job (KB)
...
006 (5415472.067.000) 07/16 07:55:42 Image size of job updated: 1612860
	1025  -  MemoryUsage of job (MB)
	1048648  -  ResidentSetSize of job (KB)
...
006 (5415472.067.000) 07/16 08:30:45 Image size of job updated: 1612860
	1025  -  MemoryUsage of job (MB)
	1048660  -  ResidentSetSize of job (KB)
...
006 (5415472.067.000) 07/16 09:05:48 Image size of job updated: 1612860
	1025  -  MemoryUsage of job (MB)
	1048672  -  ResidentSetSize of job (KB)
...
006 (5415472.067.000) 07/16 09:40:52 Image size of job updated: 1612860
	1025  -  MemoryUsage of job (MB)
	1048684  -  ResidentSetSize of job (KB)
...
006 (5415472.067.000) 07/16 10:15:56 Image size of job updated: 1612860
	1025  -  MemoryUsage of job (MB)
	1048696  -  ResidentSetSize of job (KB)
...
006 (5415472.067.000) 07/16 13:22:36 Image size of job updated: 1612860
	1025  -  MemoryUsage of job (MB)
	1048704  -  ResidentSetSize of job (KB)
...
006 (5415472.067.000) 07/16 13:52:39 Image size of job updated: 1612860
	1025  -  MemoryUsage of job (MB)
	1048716  -  ResidentSetSize of job (KB)
...
006 (5415472.067.000) 07/16 14:22:42 Image size of job updated: 1612860
	1025  -  MemoryUsage of job (MB)
	1048728  -  ResidentSetSize of job (KB)
...
006 (5415472.067.000) 07/16 14:47:44 Image size of job updated: 1612860
	1025  -  MemoryUsage of job (MB)
	1048740  -  ResidentSetSize of job (KB)
...
006 (5415472.067.000) 07/16 15:12:47 Image size of job updated: 1612860
	1025  -  MemoryUsage of job (MB)
	1048752  -  ResidentSetSize of job (KB)
...
006 (5415472.067.000) 07/16 15:42:50 Image size of job updated: 1612860
	1025  -  MemoryUsage of job (MB)
	1048760  -  ResidentSetSize of job (KB)
...
006 (5415472.067.000) 07/16 15:47:50 Image size of job updated: 1612860
	1025  -  MemoryUsage of job (MB)
	1048764  -  ResidentSetSize of job (KB)
...
006 (5415472.067.000) 07/16 16:17:53 Image size of job updated: 1612860
	1025  -  MemoryUsage of job (MB)
	1048776  -  ResidentSetSize of job (KB)
...
006 (5415472.067.000) 07/16 16:52:56 Image size of job updated: 1612860
	1025  -  MemoryUsage of job (MB)
	1048788  -  ResidentSetSize of job (KB)
...
006 (5415472.067.000) 07/16 17:22:59 Image size of job updated: 1612860
	1025  -  MemoryUsage of job (MB)
	1048800  -  ResidentSetSize of job (KB)
...
006 (5415472.067.000) 07/16 17:53:03 Image size of job updated: 1612860
	1025  -  MemoryUsage of job (MB)
	1048804  -  ResidentSetSize of job (KB)
...
006 (5415472.067.000) 07/16 17:58:03 Image size of job updated: 1612860
	1025  -  MemoryUsage of job (MB)
	1048812  -  ResidentSetSize of job (KB)
...
006 (5415472.067.000) 07/16 18:28:08 Image size of job updated: 1612860
	1025  -  MemoryUsage of job (MB)
	1048824  -  ResidentSetSize of job (KB)
...
006 (5415472.067.000) 07/16 19:03:11 Image size of job updated: 1612860
	1025  -  MemoryUsage of job (MB)
	1048836  -  ResidentSetSize of job (KB)
...
006 (5415472.067.000) 07/16 19:38:15 Image size of job updated: 1612860
	1025  -  MemoryUsage of job (MB)
	1048848  -  ResidentSetSize of job (KB)
...
006 (5415472.067.000) 07/16 20:08:17 Image size of job updated: 1612860
	1025  -  MemoryUsage of job (MB)
	1048860  -  ResidentSetSize of job (KB)
...
006 (5415472.067.000) 07/16 20:43:20 Image size of job updated: 1612860
	1025  -  MemoryUsage of job (MB)
	1048872  -  ResidentSetSize of job (KB)
...
006 (5415472.067.000) 07/16 21:13:25 Image size of job updated: 1612860
	1025  -  MemoryUsage of job (MB)
	1048884  -  ResidentSetSize of job (KB)
...
006 (5415472.067.000) 07/16 21:48:30 Image size of job updated: 1612860
	1025  -  MemoryUsage of job (MB)
	1048896  -  ResidentSetSize of job (KB)
...
006 (5415472.067.000) 07/16 22:23:35 Image size of job updated: 1612860
	1025  -  MemoryUsage of job (MB)
	1048908  -  ResidentSetSize of job (KB)
...
006 (5415472.067.000) 07/16 22:58:41 Image size of job updated: 1612860
	1025  -  MemoryUsage of job (MB)
	1048920  -  ResidentSetSize of job (KB)
...
006 (5415472.067.000) 07/16 23:28:46 Image size of job updated: 1612860
	1025  -  MemoryUsage of job (MB)
	1048932  -  ResidentSetSize of job (KB)
...
006 (5415472.067.000) 07/17 00:03:48 Image size of job updated: 1612860
	1025  -  MemoryUsage of job (MB)
	1048944  -  ResidentSetSize of job (KB)
...
006 (5415472.067.000) 07/17 00:33:51 Image size of job updated: 1612860
	1025  -  MemoryUsage of job (MB)
	1048956  -  ResidentSetSize of job (KB)
...
006 (5415472.067.000) 07/17 01:08:57 Image size of job updated: 1612860
	1025  -  MemoryUsage of job (MB)
	1048968  -  ResidentSetSize of job (KB)
...
006 (5415472.067.000) 07/17 01:39:01 Image size of job updated: 1612860
	1025  -  MemoryUsage of job (MB)
	1048976  -  ResidentSetSize of job (KB)
...
006 (5415472.067.000) 07/17 01:44:02 Image size of job updated: 1612860
	1025  -  MemoryUsage of job (MB)
	1048980  -  ResidentSetSize of job (KB)
...
006 (5415472.067.000) 07/17 02:14:04 Image size of job updated: 1612860
	1025  -  MemoryUsage of job (MB)
	1048992  -  ResidentSetSize of job (KB)
...
006 (5415472.067.000) 07/17 02:49:09 Image size of job updated: 1612860
	1025  -  MemoryUsage of job (MB)
	1049004  -  ResidentSetSize of job (KB)
...
006 (5415472.067.000) 07/17 03:19:11 Image size of job updated: 1612860
	1025  -  MemoryUsage of job (MB)
	1049016  -  ResidentSetSize of job (KB)
...
006 (5415472.067.000) 07/17 03:54:16 Image size of job updated: 1612860
	1025  -  MemoryUsage of job (MB)
	1049028  -  ResidentSetSize of job (KB)
...
006 (5415472.067.000) 07/17 04:29:19 Image size of job updated: 1612860
	1025  -  MemoryUsage of job (MB)
	1049040  -  ResidentSetSize of job (KB)
...
006 (5415472.067.000) 07/17 05:04:22 Image size of job updated: 1612860
	1025  -  MemoryUsage of job (MB)
	1049052  -  ResidentSetSize of job (KB)
...
006 (5415472.067.000) 07/17 05:34:25 Image size of job updated: 1612860
	1025  -  MemoryUsage of job (MB)
	1049064  -  ResidentSetSize of job (KB)
...
006 (5415472.067.000) 07/17 06:09:28 Image size of job updated: 1612860
	1025  -  MemoryUsage of job (MB)
	1049076  -  ResidentSetSize of job (KB)
...
006 (5415472.067.000) 07/17 06:44:32 Image size of job updated: 1612860
	1025  -  MemoryUsage of job (MB)
	1049088  -  ResidentSetSize of job (KB)
...
006 (5415472.067.000) 07/17 07:19:36 Image size of job updated: 1612860
	1025  -  MemoryUsage of job (MB)
	1049100  -  ResidentSetSize of job (KB)
...
006 (5415472.067.000) 07/17 07:54:39 Image size of job updated: 1612860
	1025  -  MemoryUsage of job (MB)
	1049112  -  ResidentSetSize of job (KB)
...
006 (5415472.067.000) 07/17 08:29:44 Image size of job updated: 1612860
	1025  -  MemoryUsage of job (MB)
	1049124  -  ResidentSetSize of job (KB)
...
006 (5415472.067.000) 07/17 09:04:49 Image size of job updated: 1612860
	1025  -  MemoryUsage of job (MB)
	1049136  -  ResidentSetSize of job (KB)
...
006 (5415472.067.000) 07/17 09:39:52 Image size of job updated: 1612860
	1025  -  MemoryUsage of job (MB)
	1049148  -  ResidentSetSize of job (KB)
...
006 (5415472.067.000) 07/17 10:14:54 Image size of job updated: 1612860
	1025  -  MemoryUsage of job (MB)
	1049160  -  ResidentSetSize of job (KB)
...
006 (5415472.067.000) 07/17 10:49:58 Image size of job updated: 1612860
	1025  -  MemoryUsage of job (MB)
	1049172  -  ResidentSetSize of job (KB)
...
006 (5415472.067.000) 07/17 11:19:59 Image size of job updated: 1612860
	1025  -  MemoryUsage of job (MB)
	1049180  -  ResidentSetSize of job (KB)
...
006 (5415472.067.000) 07/17 11:24:59 Image size of job updated: 1612860
	1025  -  MemoryUsage of job (MB)
	1049184  -  ResidentSetSize of job (KB)
...
006 (5415472.067.000) 07/17 12:30:07 Image size of job updated: 1616956
	1027  -  MemoryUsage of job (MB)
	1051248  -  ResidentSetSize of job (KB)
...
006 (5415472.067.000) 07/17 13:05:10 Image size of job updated: 1616956
	1027  -  MemoryUsage of job (MB)
	1051256  -  ResidentSetSize of job (KB)
...
006 (5415472.067.000) 07/17 13:40:14 Image size of job updated: 1616956
	1027  -  MemoryUsage of job (MB)
	1051264  -  ResidentSetSize of job (KB)
...
006 (5415472.067.000) 07/17 14:15:19 Image size of job updated: 1616956
	1027  -  MemoryUsage of job (MB)
	1051272  -  ResidentSetSize of job (KB)
...
006 (5415472.067.000) 07/17 14:50:22 Image size of job updated: 1616956
	1027  -  MemoryUsage of job (MB)
	1051280  -  ResidentSetSize of job (KB)
...
006 (5415472.067.000) 07/17 15:25:26 Image size of job updated: 1616956
	1027  -  MemoryUsage of job (MB)
	1051288  -  ResidentSetSize of job (KB)
...
006 (5415472.067.000) 07/17 15:55:29 Image size of job updated: 1616956
	1027  -  MemoryUsage of job (MB)
	1051296  -  ResidentSetSize of job (KB)
...
006 (5415472.067.000) 07/17 16:35:32 Image size of job updated: 1616956
	1027  -  MemoryUsage of job (MB)
	1051304  -  ResidentSetSize of job (KB)
...
006 (5415472.067.000) 07/17 17:10:35 Image size of job updated: 1616956
	1027  -  MemoryUsage of job (MB)
	1051312  -  ResidentSetSize of job (KB)
...
006 (5415472.067.000) 07/17 17:40:39 Image size of job updated: 1616956
	1027  -  MemoryUsage of job (MB)
	1051320  -  ResidentSetSize of job (KB)
...
006 (5415472.067.000) 07/17 18:15:40 Image size of job updated: 1616956
	1027  -  MemoryUsage of job (MB)
	1051328  -  ResidentSetSize of job (KB)
...
006 (5415472.067.000) 07/17 18:45:43 Image size of job updated: 1616956
	1027  -  MemoryUsage of job (MB)
	1051336  -  ResidentSetSize of job (KB)
...
006 (5415472.067.000) 07/17 19:15:45 Image size of job updated: 1616956
	1027  -  MemoryUsage of job (MB)
	1051344  -  ResidentSetSize of job (KB)
...
006 (5415472.067.000) 07/17 19:50:48 Image size of job updated: 1616956
	1027  -  MemoryUsage of job (MB)
	1051352  -  ResidentSetSize of job (KB)
...
006 (5415472.067.000) 07/17 20:25:51 Image size of job updated: 1616956
	1027  -  MemoryUsage of job (MB)
	1051360  -  ResidentSetSize of job (KB)
...
006 (5415472.067.000) 07/17 21:00:54 Image size of job updated: 1616956
	1027  -  MemoryUsage of job (MB)
	1051368  -  ResidentSetSize of job (KB)
...
006 (5415472.067.000) 07/17 21:35:58 Image size of job updated: 1616956
	1027  -  MemoryUsage of job (MB)
	1051376  -  ResidentSetSize of job (KB)
...
006 (5415472.067.000) 07/17 22:06:01 Image size of job updated: 1616956
	1027  -  MemoryUsage of job (MB)
	1051384  -  ResidentSetSize of job (KB)
...
006 (5415472.067.000) 07/17 22:41:02 Image size of job updated: 1616956
	1027  -  MemoryUsage of job (MB)
	1051392  -  ResidentSetSize of job (KB)
...
006 (5415472.067.000) 07/17 23:16:03 Image size of job updated: 1616956
	1027  -  MemoryUsage of job (MB)
	1051400  -  ResidentSetSize of job (KB)
...
006 (5415472.067.000) 07/17 23:51:07 Image size of job updated: 1616956
	1027  -  MemoryUsage of job (MB)
	1051408  -  ResidentSetSize of job (KB)
...
006 (5415472.067.000) 07/18 00:26:12 Image size of job updated: 1616956
	1027  -  MemoryUsage of job (MB)
	1051416  -  ResidentSetSize of job (KB)
...
006 (5415472.067.000) 07/18 01:01:15 Image size of job updated: 1616956
	1027  -  MemoryUsage of job (MB)
	1051420  -  ResidentSetSize of job (KB)
...
006 (5415472.067.000) 07/18 01:06:16 Image size of job updated: 1616956
	1027  -  MemoryUsage of job (MB)
	1051424  -  ResidentSetSize of job (KB)
...
006 (5415472.067.000) 07/18 01:41:21 Image size of job updated: 1616956
	1027  -  MemoryUsage of job (MB)
	1051432  -  ResidentSetSize of job (KB)
...
006 (5415472.067.000) 07/18 02:16:25 Image size of job updated: 1616956
	1027  -  MemoryUsage of job (MB)
	1051440  -  ResidentSetSize of job (KB)
...
006 (5415472.067.000) 07/18 02:51:27 Image size of job updated: 1616956
	1027  -  MemoryUsage of job (MB)
	1051448  -  ResidentSetSize of job (KB)
...
006 (5415472.067.000) 07/18 03:26:32 Image size of job updated: 1616956
	1027  -  MemoryUsage of job (MB)
	1051456  -  ResidentSetSize of job (KB)
...
006 (5415472.067.000) 07/18 04:01:35 Image size of job updated: 1616956
	1027  -  MemoryUsage of job (MB)
	1051464  -  ResidentSetSize of job (KB)
...
006 (5415472.067.000) 07/18 04:36:39 Image size of job updated: 1616956
	1027  -  MemoryUsage of job (MB)
	1051472  -  ResidentSetSize of job (KB)
...
006 (5415472.067.000) 07/18 05:11:41 Image size of job updated: 1616956
	1027  -  MemoryUsage of job (MB)
	1051480  -  ResidentSetSize of job (KB)
...
006 (5415472.067.000) 07/18 05:46:44 Image size of job updated: 1616956
	1027  -  MemoryUsage of job (MB)
	1051488  -  ResidentSetSize of job (KB)
...
006 (5415472.067.000) 07/18 06:21:47 Image size of job updated: 1616956
	1027  -  MemoryUsage of job (MB)
	1051496  -  ResidentSetSize of job (KB)
...
006 (5415472.067.000) 07/18 06:56:51 Image size of job updated: 1616956
	1027  -  MemoryUsage of job (MB)
	1051504  -  ResidentSetSize of job (KB)
...
006 (5415472.067.000) 07/18 07:31:52 Image size of job updated: 1616956
	1027  -  MemoryUsage of job (MB)
	1051512  -  ResidentSetSize of job (KB)
...
006 (5415472.067.000) 07/18 08:11:55 Image size of job updated: 1616956
	1027  -  MemoryUsage of job (MB)
	1051520  -  ResidentSetSize of job (KB)
...
006 (5415472.067.000) 07/18 08:46:58 Image size of job updated: 1616956
	1027  -  MemoryUsage of job (MB)
	1051528  -  ResidentSetSize of job (KB)
...
006 (5415472.067.000) 07/18 09:22:02 Image size of job updated: 1616956
	1027  -  MemoryUsage of job (MB)
	1051536  -  ResidentSetSize of job (KB)
...
006 (5415472.067.000) 07/18 09:57:04 Image size of job updated: 1616956
	1027  -  MemoryUsage of job (MB)
	1051544  -  ResidentSetSize of job (KB)
...
006 (5415472.067.000) 07/18 10:32:10 Image size of job updated: 1616956
	1027  -  MemoryUsage of job (MB)
	1051548  -  ResidentSetSize of job (KB)
...
006 (5415472.067.000) 07/18 10:37:10 Image size of job updated: 1616956
	1027  -  MemoryUsage of job (MB)
	1051552  -  ResidentSetSize of job (KB)
...
006 (5415472.067.000) 07/18 11:12:14 Image size of job updated: 1616956
	1027  -  MemoryUsage of job (MB)
	1051560  -  ResidentSetSize of job (KB)
...
006 (5415472.067.000) 07/18 11:47:20 Image size of job updated: 1616956
	1027  -  MemoryUsage of job (MB)
	1051568  -  ResidentSetSize of job (KB)
...
006 (5415472.067.000) 07/18 12:22:23 Image size of job updated: 1616956
	1027  -  MemoryUsage of job (MB)
	1051576  -  ResidentSetSize of job (KB)
...
006 (5415472.067.000) 07/18 12:57:24 Image size of job updated: 1616956
	1027  -  MemoryUsage of job (MB)
	1051584  -  ResidentSetSize of job (KB)
...
006 (5415472.067.000) 07/18 13:32:27 Image size of job updated: 1616956
	1027  -  MemoryUsage of job (MB)
	1051592  -  ResidentSetSize of job (KB)
...
006 (5415472.067.000) 07/18 14:07:33 Image size of job updated: 1616956
	1027  -  MemoryUsage of job (MB)
	1051600  -  ResidentSetSize of job (KB)
...
006 (5415472.067.000) 07/18 14:42:35 Image size of job updated: 1616956
	1027  -  MemoryUsage of job (MB)
	1051608  -  ResidentSetSize of job (KB)
...
006 (5415472.067.000) 07/18 15:17:39 Image size of job updated: 1616956
	1027  -  MemoryUsage of job (MB)
	1051616  -  ResidentSetSize of job (KB)
...
006 (5415472.067.000) 07/18 15:47:40 Image size of job updated: 1616956
	1027  -  MemoryUsage of job (MB)
	1051624  -  ResidentSetSize of job (KB)
...
006 (5415472.067.000) 07/18 16:22:45 Image size of job updated: 1616956
	1027  -  MemoryUsage of job (MB)
	1051632  -  ResidentSetSize of job (KB)
...
006 (5415472.067.000) 07/18 16:57:46 Image size of job updated: 1616956
	1027  -  MemoryUsage of job (MB)
	1051640  -  ResidentSetSize of job (KB)
...
006 (5415472.067.000) 07/18 17:27:50 Image size of job updated: 1616956
	1027  -  MemoryUsage of job (MB)
	1051648  -  ResidentSetSize of job (KB)
...
006 (5415472.067.000) 07/18 18:02:51 Image size of job updated: 1616956
	1028  -  MemoryUsage of job (MB)
	1051656  -  ResidentSetSize of job (KB)
...
006 (5415472.067.000) 07/18 18:37:54 Image size of job updated: 1616956
	1028  -  MemoryUsage of job (MB)
	1051664  -  ResidentSetSize of job (KB)
...
006 (5415472.067.000) 07/18 19:12:56 Image size of job updated: 1616956
	1028  -  MemoryUsage of job (MB)
	1051672  -  ResidentSetSize of job (KB)
...
006 (5415472.067.000) 07/18 19:43:01 Image size of job updated: 1616956
	1028  -  MemoryUsage of job (MB)
	1051680  -  ResidentSetSize of job (KB)
...
006 (5415472.067.000) 07/18 20:18:05 Image size of job updated: 1616956
	1028  -  MemoryUsage of job (MB)
	1051688  -  ResidentSetSize of job (KB)
...
006 (5415472.067.000) 07/18 20:53:09 Image size of job updated: 1616956
	1028  -  MemoryUsage of job (MB)
	1051696  -  ResidentSetSize of job (KB)
...
006 (5415472.067.000) 07/18 21:23:12 Image size of job updated: 1616956
	1028  -  MemoryUsage of job (MB)
	1051704  -  ResidentSetSize of job (KB)
...
006 (5415472.067.000) 07/18 21:58:16 Image size of job updated: 1616956
	1028  -  MemoryUsage of job (MB)
	1051712  -  ResidentSetSize of job (KB)
...
006 (5415472.067.000) 07/18 22:33:18 Image size of job updated: 1616956
	1028  -  MemoryUsage of job (MB)
	1051720  -  ResidentSetSize of job (KB)
...
006 (5415472.067.000) 07/18 23:08:22 Image size of job updated: 1616956
	1028  -  MemoryUsage of job (MB)
	1051728  -  ResidentSetSize of job (KB)
...
006 (5415472.067.000) 07/18 23:43:28 Image size of job updated: 1616956
	1028  -  MemoryUsage of job (MB)
	1051736  -  ResidentSetSize of job (KB)
...
006 (5415472.067.000) 07/19 00:18:32 Image size of job updated: 1616956
	1028  -  MemoryUsage of job (MB)
	1051744  -  ResidentSetSize of job (KB)
...
006 (5415472.067.000) 07/19 00:53:34 Image size of job updated: 1616956
	1028  -  MemoryUsage of job (MB)
	1051752  -  ResidentSetSize of job (KB)
...
006 (5415472.067.000) 07/19 01:28:37 Image size of job updated: 1616956
	1028  -  MemoryUsage of job (MB)
	1051760  -  ResidentSetSize of job (KB)
...
006 (5415472.067.000) 07/19 02:03:42 Image size of job updated: 1616956
	1028  -  MemoryUsage of job (MB)
	1051768  -  ResidentSetSize of job (KB)
...
006 (5415472.067.000) 07/19 02:38:45 Image size of job updated: 1616956
	1028  -  MemoryUsage of job (MB)
	1051776  -  ResidentSetSize of job (KB)
...
006 (5415472.067.000) 07/19 03:13:47 Image size of job updated: 1616956
	1028  -  MemoryUsage of job (MB)
	1051784  -  ResidentSetSize of job (KB)
...
006 (5415472.067.000) 07/19 03:43:49 Image size of job updated: 1616956
	1028  -  MemoryUsage of job (MB)
	1051792  -  ResidentSetSize of job (KB)
...
006 (5415472.067.000) 07/19 04:18:53 Image size of job updated: 1616956
	1028  -  MemoryUsage of job (MB)
	1051800  -  ResidentSetSize of job (KB)
...
006 (5415472.067.000) 07/19 04:53:58 Image size of job updated: 1616956
	1028  -  MemoryUsage of job (MB)
	1051808  -  ResidentSetSize of job (KB)
...
006 (5415472.067.000) 07/19 05:29:01 Image size of job updated: 1616956
	1028  -  MemoryUsage of job (MB)
	1051816  -  ResidentSetSize of job (KB)
...
006 (5415472.067.000) 07/19 06:04:04 Image size of job updated: 1616956
	1028  -  MemoryUsage of job (MB)
	1051824  -  ResidentSetSize of job (KB)
...
006 (5415472.067.000) 07/19 06:39:08 Image size of job updated: 1616956
	1028  -  MemoryUsage of job (MB)
	1051832  -  ResidentSetSize of job (KB)
...
006 (5415472.067.000) 07/19 07:09:12 Image size of job updated: 1616956
	1028  -  MemoryUsage of job (MB)
	1051840  -  ResidentSetSize of job (KB)
...
006 (5415472.067.000) 07/19 07:44:16 Image size of job updated: 1616956
	1028  -  MemoryUsage of job (MB)
	1051848  -  ResidentSetSize of job (KB)
...
006 (5415472.067.000) 07/19 08:19:19 Image size of job updated: 1616956
	1028  -  MemoryUsage of job (MB)
	1051856  -  ResidentSetSize of job (KB)
...
006 (5415472.067.000) 07/19 08:54:24 Image size of job updated: 1616956
	1028  -  MemoryUsage of job (MB)
	1051864  -  ResidentSetSize of job (KB)
...
006 (5415472.067.000) 07/19 09:29:26 Image size of job updated: 1616956
	1028  -  MemoryUsage of job (MB)
	1051872  -  ResidentSetSize of job (KB)
...
006 (5415472.067.000) 07/19 10:04:29 Image size of job updated: 1616956
	1028  -  MemoryUsage of job (MB)
	1051880  -  ResidentSetSize of job (KB)
...
006 (5415472.067.000) 07/19 10:39:31 Image size of job updated: 1616956
	1028  -  MemoryUsage of job (MB)
	1051888  -  ResidentSetSize of job (KB)
...
006 (5415472.067.000) 07/19 11:14:33 Image size of job updated: 1616956
	1028  -  MemoryUsage of job (MB)
	1051896  -  ResidentSetSize of job (KB)
...
006 (5415472.067.000) 07/19 11:54:38 Image size of job updated: 1616956
	1028  -  MemoryUsage of job (MB)
	1051904  -  ResidentSetSize of job (KB)
...
006 (5415472.067.000) 07/19 12:29:42 Image size of job updated: 1616956
	1028  -  MemoryUsage of job (MB)
	1051912  -  ResidentSetSize of job (KB)
...
006 (5415472.067.000) 07/19 13:04:46 Image size of job updated: 1616956
	1028  -  MemoryUsage of job (MB)
	1051920  -  ResidentSetSize of job (KB)
...
006 (5415472.067.000) 07/19 13:39:50 Image size of job updated: 1616956
	1028  -  MemoryUsage of job (MB)
	1051928  -  ResidentSetSize of job (KB)
...
040 (5415472.067.000) 07/19 14:05:50 Started transferring output files
...
040 (5415472.067.000) 07/19 14:05:50 Finished transferring output files
...
009 (5415472.067.000) 07/19 14:05:50 Job was aborted.
	Job removed by SYSTEM_PERIODIC_REMOVE due to wall time exceeded allowed max.
...
