000 (5415472.337.000) 07/11 14:02:29 Job submitted from host: <137.138.156.150:9618?addrs=137.138.156.150-9618+[2001-1458-d00-14--9a]-9618&alias=bigbird13.cern.ch&noUDP&sock=schedd_1788_ff6c>
...
040 (5415472.337.000) 07/11 15:08:17 Started transferring input files
	Transferring to host: <128.142.58.152:9618?addrs=128.142.58.152-9618+[2001-1458-301-16--100-97]-9618&alias=b7s03p4688.cern.ch&noUDP&sock=slot1_5_6831_ceaf_2685>
...
040 (5415472.337.000) 07/11 15:08:17 Finished transferring input files
...
001 (5415472.337.000) 07/11 15:08:18 Job executing on host: <128.142.58.152:9618?addrs=128.142.58.152-9618+[2001-1458-301-16--100-97]-9618&alias=b7s03p4688.cern.ch&noUDP&sock=startd_6378_5b21>
...
006 (5415472.337.000) 07/11 15:08:26 Image size of job updated: 570632
	60  -  MemoryUsage of job (MB)
	60452  -  ResidentSetSize of job (KB)
...
006 (5415472.337.000) 07/11 15:13:26 Image size of job updated: 1591120
	1004  -  MemoryUsage of job (MB)
	1027556  -  ResidentSetSize of job (KB)
...
006 (5415472.337.000) 07/12 23:51:27 Image size of job updated: 1592100
	1005  -  MemoryUsage of job (MB)
	1028460  -  ResidentSetSize of job (KB)
...
006 (5415472.337.000) 07/13 00:26:31 Image size of job updated: 1593008
	1006  -  MemoryUsage of job (MB)
	1029368  -  ResidentSetSize of job (KB)
...
006 (5415472.337.000) 07/13 01:11:35 Image size of job updated: 1593912
	1007  -  MemoryUsage of job (MB)
	1030272  -  ResidentSetSize of job (KB)
...
006 (5415472.337.000) 07/13 01:46:41 Image size of job updated: 1593912
	1008  -  MemoryUsage of job (MB)
	1031180  -  ResidentSetSize of job (KB)
...
006 (5415472.337.000) 07/13 01:51:41 Image size of job updated: 1594820
	1008  -  MemoryUsage of job (MB)
	1031180  -  ResidentSetSize of job (KB)
...
006 (5415472.337.000) 07/13 02:31:44 Image size of job updated: 1595724
	1008  -  MemoryUsage of job (MB)
	1032084  -  ResidentSetSize of job (KB)
...
006 (5415472.337.000) 07/13 03:11:50 Image size of job updated: 1596628
	1009  -  MemoryUsage of job (MB)
	1032988  -  ResidentSetSize of job (KB)
...
006 (5415472.337.000) 07/13 03:51:57 Image size of job updated: 1597536
	1010  -  MemoryUsage of job (MB)
	1033896  -  ResidentSetSize of job (KB)
...
006 (5415472.337.000) 07/13 04:37:01 Image size of job updated: 1598440
	1011  -  MemoryUsage of job (MB)
	1034800  -  ResidentSetSize of job (KB)
...
006 (5415472.337.000) 07/13 05:17:05 Image size of job updated: 1599348
	1012  -  MemoryUsage of job (MB)
	1035708  -  ResidentSetSize of job (KB)
...
006 (5415472.337.000) 07/13 05:57:09 Image size of job updated: 1600252
	1013  -  MemoryUsage of job (MB)
	1036612  -  ResidentSetSize of job (KB)
...
006 (5415472.337.000) 07/13 06:37:14 Image size of job updated: 1604780
	1017  -  MemoryUsage of job (MB)
	1041140  -  ResidentSetSize of job (KB)
...
006 (5415472.337.000) 07/13 14:18:50 Image size of job updated: 1607852
	1019  -  MemoryUsage of job (MB)
	1042688  -  ResidentSetSize of job (KB)
...
006 (5415472.337.000) 07/13 14:28:52 Image size of job updated: 1607852
	1019  -  MemoryUsage of job (MB)
	1042700  -  ResidentSetSize of job (KB)
...
006 (5415472.337.000) 07/13 14:48:55 Image size of job updated: 1607852
	1019  -  MemoryUsage of job (MB)
	1042708  -  ResidentSetSize of job (KB)
...
006 (5415472.337.000) 07/13 14:53:55 Image size of job updated: 1607852
	1019  -  MemoryUsage of job (MB)
	1042712  -  ResidentSetSize of job (KB)
...
006 (5415472.337.000) 07/13 15:13:57 Image size of job updated: 1607852
	1019  -  MemoryUsage of job (MB)
	1042724  -  ResidentSetSize of job (KB)
...
006 (5415472.337.000) 07/13 15:33:59 Image size of job updated: 1607852
	1019  -  MemoryUsage of job (MB)
	1042736  -  ResidentSetSize of job (KB)
...
006 (5415472.337.000) 07/13 15:59:02 Image size of job updated: 1607852
	1019  -  MemoryUsage of job (MB)
	1042748  -  ResidentSetSize of job (KB)
...
006 (5415472.337.000) 07/13 16:19:04 Image size of job updated: 1607852
	1019  -  MemoryUsage of job (MB)
	1042760  -  ResidentSetSize of job (KB)
...
006 (5415472.337.000) 07/13 16:44:05 Image size of job updated: 1607852
	1019  -  MemoryUsage of job (MB)
	1042772  -  ResidentSetSize of job (KB)
...
006 (5415472.337.000) 07/13 17:04:08 Image size of job updated: 1607852
	1019  -  MemoryUsage of job (MB)
	1042784  -  ResidentSetSize of job (KB)
...
006 (5415472.337.000) 07/13 17:24:10 Image size of job updated: 1607852
	1019  -  MemoryUsage of job (MB)
	1042796  -  ResidentSetSize of job (KB)
...
006 (5415472.337.000) 07/13 17:44:04 Image size of job updated: 1607852
	1019  -  MemoryUsage of job (MB)
	1042808  -  ResidentSetSize of job (KB)
...
006 (5415472.337.000) 07/13 18:08:23 Image size of job updated: 1607852
	1019  -  MemoryUsage of job (MB)
	1042820  -  ResidentSetSize of job (KB)
...
006 (5415472.337.000) 07/13 18:28:23 Image size of job updated: 1607852
	1019  -  MemoryUsage of job (MB)
	1042832  -  ResidentSetSize of job (KB)
...
006 (5415472.337.000) 07/13 18:48:24 Image size of job updated: 1607852
	1019  -  MemoryUsage of job (MB)
	1042840  -  ResidentSetSize of job (KB)
...
006 (5415472.337.000) 07/13 18:53:24 Image size of job updated: 1607852
	1019  -  MemoryUsage of job (MB)
	1042844  -  ResidentSetSize of job (KB)
...
006 (5415472.337.000) 07/13 19:13:27 Image size of job updated: 1607852
	1019  -  MemoryUsage of job (MB)
	1042856  -  ResidentSetSize of job (KB)
...
006 (5415472.337.000) 07/13 19:33:28 Image size of job updated: 1607852
	1019  -  MemoryUsage of job (MB)
	1042868  -  ResidentSetSize of job (KB)
...
006 (5415472.337.000) 07/13 19:58:33 Image size of job updated: 1607852
	1019  -  MemoryUsage of job (MB)
	1042880  -  ResidentSetSize of job (KB)
...
006 (5415472.337.000) 07/13 20:18:35 Image size of job updated: 1607852
	1019  -  MemoryUsage of job (MB)
	1042892  -  ResidentSetSize of job (KB)
...
006 (5415472.337.000) 07/13 20:38:39 Image size of job updated: 1607852
	1019  -  MemoryUsage of job (MB)
	1042904  -  ResidentSetSize of job (KB)
...
006 (5415472.337.000) 07/13 21:03:40 Image size of job updated: 1607852
	1019  -  MemoryUsage of job (MB)
	1042916  -  ResidentSetSize of job (KB)
...
006 (5415472.337.000) 07/13 21:23:41 Image size of job updated: 1607852
	1019  -  MemoryUsage of job (MB)
	1042928  -  ResidentSetSize of job (KB)
...
006 (5415472.337.000) 07/13 21:48:43 Image size of job updated: 1607852
	1019  -  MemoryUsage of job (MB)
	1042940  -  ResidentSetSize of job (KB)
...
006 (5415472.337.000) 07/13 22:08:43 Image size of job updated: 1607852
	1019  -  MemoryUsage of job (MB)
	1042952  -  ResidentSetSize of job (KB)
...
006 (5415472.337.000) 07/13 22:28:44 Image size of job updated: 1607852
	1019  -  MemoryUsage of job (MB)
	1042964  -  ResidentSetSize of job (KB)
...
006 (5415472.337.000) 07/13 22:48:46 Image size of job updated: 1607852
	1019  -  MemoryUsage of job (MB)
	1042976  -  ResidentSetSize of job (KB)
...
006 (5415472.337.000) 07/13 23:08:48 Image size of job updated: 1607852
	1019  -  MemoryUsage of job (MB)
	1042988  -  ResidentSetSize of job (KB)
...
006 (5415472.337.000) 07/13 23:33:50 Image size of job updated: 1607852
	1019  -  MemoryUsage of job (MB)
	1043000  -  ResidentSetSize of job (KB)
...
006 (5415472.337.000) 07/13 23:48:53 Image size of job updated: 1607852
	1019  -  MemoryUsage of job (MB)
	1043012  -  ResidentSetSize of job (KB)
...
006 (5415472.337.000) 07/14 00:08:56 Image size of job updated: 1607852
	1019  -  MemoryUsage of job (MB)
	1043024  -  ResidentSetSize of job (KB)
...
006 (5415472.337.000) 07/14 00:28:57 Image size of job updated: 1607852
	1019  -  MemoryUsage of job (MB)
	1043036  -  ResidentSetSize of job (KB)
...
006 (5415472.337.000) 07/14 00:49:00 Image size of job updated: 1607852
	1019  -  MemoryUsage of job (MB)
	1043048  -  ResidentSetSize of job (KB)
...
006 (5415472.337.000) 07/14 01:14:02 Image size of job updated: 1607852
	1019  -  MemoryUsage of job (MB)
	1043060  -  ResidentSetSize of job (KB)
...
006 (5415472.337.000) 07/14 01:34:04 Image size of job updated: 1607852
	1019  -  MemoryUsage of job (MB)
	1043072  -  ResidentSetSize of job (KB)
...
006 (5415472.337.000) 07/14 01:59:05 Image size of job updated: 1607852
	1019  -  MemoryUsage of job (MB)
	1043084  -  ResidentSetSize of job (KB)
...
006 (5415472.337.000) 07/14 02:19:07 Image size of job updated: 1607852
	1019  -  MemoryUsage of job (MB)
	1043096  -  ResidentSetSize of job (KB)
...
006 (5415472.337.000) 07/14 02:44:08 Image size of job updated: 1607852
	1019  -  MemoryUsage of job (MB)
	1043108  -  ResidentSetSize of job (KB)
...
006 (5415472.337.000) 07/14 03:04:09 Image size of job updated: 1607852
	1019  -  MemoryUsage of job (MB)
	1043120  -  ResidentSetSize of job (KB)
...
006 (5415472.337.000) 07/14 03:29:10 Image size of job updated: 1607852
	1019  -  MemoryUsage of job (MB)
	1043132  -  ResidentSetSize of job (KB)
...
006 (5415472.337.000) 07/14 03:49:12 Image size of job updated: 1607852
	1019  -  MemoryUsage of job (MB)
	1043144  -  ResidentSetSize of job (KB)
...
006 (5415472.337.000) 07/14 04:09:14 Image size of job updated: 1607852
	1019  -  MemoryUsage of job (MB)
	1043156  -  ResidentSetSize of job (KB)
...
006 (5415472.337.000) 07/14 04:34:18 Image size of job updated: 1607852
	1019  -  MemoryUsage of job (MB)
	1043168  -  ResidentSetSize of job (KB)
...
006 (5415472.337.000) 07/14 04:54:19 Image size of job updated: 1607852
	1019  -  MemoryUsage of job (MB)
	1043180  -  ResidentSetSize of job (KB)
...
006 (5415472.337.000) 07/14 05:19:19 Image size of job updated: 1607852
	1019  -  MemoryUsage of job (MB)
	1043192  -  ResidentSetSize of job (KB)
...
006 (5415472.337.000) 07/14 05:44:22 Image size of job updated: 1607852
	1019  -  MemoryUsage of job (MB)
	1043204  -  ResidentSetSize of job (KB)
...
006 (5415472.337.000) 07/14 06:04:23 Image size of job updated: 1607852
	1019  -  MemoryUsage of job (MB)
	1043216  -  ResidentSetSize of job (KB)
...
006 (5415472.337.000) 07/14 06:24:26 Image size of job updated: 1607852
	1019  -  MemoryUsage of job (MB)
	1043228  -  ResidentSetSize of job (KB)
...
006 (5415472.337.000) 07/14 06:44:29 Image size of job updated: 1607852
	1019  -  MemoryUsage of job (MB)
	1043240  -  ResidentSetSize of job (KB)
...
006 (5415472.337.000) 07/14 07:09:32 Image size of job updated: 1607852
	1019  -  MemoryUsage of job (MB)
	1043252  -  ResidentSetSize of job (KB)
...
006 (5415472.337.000) 07/14 07:29:33 Image size of job updated: 1607852
	1019  -  MemoryUsage of job (MB)
	1043264  -  ResidentSetSize of job (KB)
...
006 (5415472.337.000) 07/14 07:49:36 Image size of job updated: 1607852
	1019  -  MemoryUsage of job (MB)
	1043276  -  ResidentSetSize of job (KB)
...
006 (5415472.337.000) 07/14 08:09:38 Image size of job updated: 1607852
	1019  -  MemoryUsage of job (MB)
	1043288  -  ResidentSetSize of job (KB)
...
006 (5415472.337.000) 07/14 08:29:39 Image size of job updated: 1607852
	1019  -  MemoryUsage of job (MB)
	1043300  -  ResidentSetSize of job (KB)
...
006 (5415472.337.000) 07/14 08:49:39 Image size of job updated: 1607852
	1019  -  MemoryUsage of job (MB)
	1043312  -  ResidentSetSize of job (KB)
...
006 (5415472.337.000) 07/14 09:09:42 Image size of job updated: 1607852
	1019  -  MemoryUsage of job (MB)
	1043324  -  ResidentSetSize of job (KB)
...
006 (5415472.337.000) 07/14 09:29:43 Image size of job updated: 1607852
	1019  -  MemoryUsage of job (MB)
	1043336  -  ResidentSetSize of job (KB)
...
006 (5415472.337.000) 07/14 09:49:45 Image size of job updated: 1607852
	1019  -  MemoryUsage of job (MB)
	1043348  -  ResidentSetSize of job (KB)
...
006 (5415472.337.000) 07/14 10:09:45 Image size of job updated: 1607852
	1019  -  MemoryUsage of job (MB)
	1043360  -  ResidentSetSize of job (KB)
...
006 (5415472.337.000) 07/14 10:29:46 Image size of job updated: 1607852
	1019  -  MemoryUsage of job (MB)
	1043372  -  ResidentSetSize of job (KB)
...
006 (5415472.337.000) 07/14 10:49:46 Image size of job updated: 1607852
	1019  -  MemoryUsage of job (MB)
	1043384  -  ResidentSetSize of job (KB)
...
006 (5415472.337.000) 07/14 11:09:48 Image size of job updated: 1607852
	1019  -  MemoryUsage of job (MB)
	1043396  -  ResidentSetSize of job (KB)
...
006 (5415472.337.000) 07/14 11:34:49 Image size of job updated: 1607852
	1019  -  MemoryUsage of job (MB)
	1043408  -  ResidentSetSize of job (KB)
...
006 (5415472.337.000) 07/14 11:54:54 Image size of job updated: 1607852
	1019  -  MemoryUsage of job (MB)
	1043420  -  ResidentSetSize of job (KB)
...
006 (5415472.337.000) 07/14 12:14:56 Image size of job updated: 1607852
	1019  -  MemoryUsage of job (MB)
	1043432  -  ResidentSetSize of job (KB)
...
006 (5415472.337.000) 07/14 12:34:59 Image size of job updated: 1607852
	1019  -  MemoryUsage of job (MB)
	1043444  -  ResidentSetSize of job (KB)
...
006 (5415472.337.000) 07/14 12:55:02 Image size of job updated: 1607852
	1019  -  MemoryUsage of job (MB)
	1043456  -  ResidentSetSize of job (KB)
...
006 (5415472.337.000) 07/14 13:20:04 Image size of job updated: 1607852
	1020  -  MemoryUsage of job (MB)
	1043468  -  ResidentSetSize of job (KB)
...
006 (5415472.337.000) 07/14 13:40:08 Image size of job updated: 1607852
	1020  -  MemoryUsage of job (MB)
	1043480  -  ResidentSetSize of job (KB)
...
006 (5415472.337.000) 07/14 14:05:11 Image size of job updated: 1607852
	1020  -  MemoryUsage of job (MB)
	1043492  -  ResidentSetSize of job (KB)
...
006 (5415472.337.000) 07/14 14:25:14 Image size of job updated: 1607852
	1020  -  MemoryUsage of job (MB)
	1043504  -  ResidentSetSize of job (KB)
...
006 (5415472.337.000) 07/14 14:50:16 Image size of job updated: 1607852
	1020  -  MemoryUsage of job (MB)
	1043516  -  ResidentSetSize of job (KB)
...
006 (5415472.337.000) 07/14 15:10:18 Image size of job updated: 1607852
	1020  -  MemoryUsage of job (MB)
	1043528  -  ResidentSetSize of job (KB)
...
006 (5415472.337.000) 07/14 15:30:21 Image size of job updated: 1607852
	1020  -  MemoryUsage of job (MB)
	1043540  -  ResidentSetSize of job (KB)
...
006 (5415472.337.000) 07/14 15:55:23 Image size of job updated: 1607852
	1020  -  MemoryUsage of job (MB)
	1043552  -  ResidentSetSize of job (KB)
...
006 (5415472.337.000) 07/14 16:15:27 Image size of job updated: 1607852
	1020  -  MemoryUsage of job (MB)
	1043564  -  ResidentSetSize of job (KB)
...
006 (5415472.337.000) 07/14 16:35:29 Image size of job updated: 1607852
	1020  -  MemoryUsage of job (MB)
	1043576  -  ResidentSetSize of job (KB)
...
006 (5415472.337.000) 07/14 16:55:32 Image size of job updated: 1607852
	1020  -  MemoryUsage of job (MB)
	1043588  -  ResidentSetSize of job (KB)
...
006 (5415472.337.000) 07/14 17:20:34 Image size of job updated: 1607852
	1020  -  MemoryUsage of job (MB)
	1043600  -  ResidentSetSize of job (KB)
...
006 (5415472.337.000) 07/14 17:40:37 Image size of job updated: 1607852
	1020  -  MemoryUsage of job (MB)
	1043612  -  ResidentSetSize of job (KB)
...
006 (5415472.337.000) 07/14 18:00:40 Image size of job updated: 1607852
	1020  -  MemoryUsage of job (MB)
	1043624  -  ResidentSetSize of job (KB)
...
006 (5415472.337.000) 07/14 18:25:43 Image size of job updated: 1607852
	1020  -  MemoryUsage of job (MB)
	1043636  -  ResidentSetSize of job (KB)
...
006 (5415472.337.000) 07/14 18:45:43 Image size of job updated: 1607852
	1020  -  MemoryUsage of job (MB)
	1043648  -  ResidentSetSize of job (KB)
...
006 (5415472.337.000) 07/14 19:10:46 Image size of job updated: 1607852
	1020  -  MemoryUsage of job (MB)
	1043660  -  ResidentSetSize of job (KB)
...
006 (5415472.337.000) 07/14 19:30:48 Image size of job updated: 1607852
	1020  -  MemoryUsage of job (MB)
	1043672  -  ResidentSetSize of job (KB)
...
006 (5415472.337.000) 07/14 19:55:49 Image size of job updated: 1607852
	1020  -  MemoryUsage of job (MB)
	1043684  -  ResidentSetSize of job (KB)
...
006 (5415472.337.000) 07/14 20:15:50 Image size of job updated: 1607852
	1020  -  MemoryUsage of job (MB)
	1043696  -  ResidentSetSize of job (KB)
...
006 (5415472.337.000) 07/14 20:40:54 Image size of job updated: 1607852
	1020  -  MemoryUsage of job (MB)
	1043708  -  ResidentSetSize of job (KB)
...
007 (5415472.337.000) 07/14 21:07:00 Shadow exception!
	Assertion ERROR on (result)
	0  -  Run Bytes Sent By Job
	803  -  Run Bytes Received By Job
...
040 (5415472.337.000) 07/14 23:52:02 Started transferring input files
	Transferring to host: <128.142.83.108:9618?addrs=128.142.83.108-9618+[2001-1458-301-f5--100-5b1]-9618&alias=b7s13n7891.cern.ch&noUDP&sock=slot1_6_21856_4772_32637>
...
040 (5415472.337.000) 07/14 23:52:02 Finished transferring input files
...
001 (5415472.337.000) 07/14 23:52:03 Job executing on host: <128.142.83.108:9618?addrs=128.142.83.108-9618+[2001-1458-301-f5--100-5b1]-9618&alias=b7s13n7891.cern.ch&noUDP&sock=startd_4362_8c33>
...
