000 (5415472.060.000) 07/11 14:02:29 Job submitted from host: <137.138.156.150:9618?addrs=137.138.156.150-9618+[2001-1458-d00-14--9a]-9618&alias=bigbird13.cern.ch&noUDP&sock=schedd_1788_ff6c>
...
040 (5415472.060.000) 07/11 14:05:08 Started transferring input files
	Transferring to host: <128.142.193.145:9618?addrs=128.142.193.145-9618+[2001-1458-301-cc--100-3bf]-9618&alias=b7g52n1400.cern.ch&noUDP&sock=slot1_1_17655_4b67_130612>
...
040 (5415472.060.000) 07/11 14:05:08 Finished transferring input files
...
001 (5415472.060.000) 07/11 14:05:09 Job executing on host: <128.142.193.145:9618?addrs=128.142.193.145-9618+[2001-1458-301-cc--100-3bf]-9618&alias=b7g52n1400.cern.ch&noUDP&sock=startd_18608_1e65>
...
006 (5415472.060.000) 07/11 14:05:18 Image size of job updated: 379648
	36  -  MemoryUsage of job (MB)
	36488  -  ResidentSetSize of job (KB)
...
006 (5415472.060.000) 07/11 14:10:18 Image size of job updated: 1591080
	1004  -  MemoryUsage of job (MB)
	1027532  -  ResidentSetSize of job (KB)
...
006 (5415472.060.000) 07/13 15:38:35 Image size of job updated: 1592064
	1005  -  MemoryUsage of job (MB)
	1028440  -  ResidentSetSize of job (KB)
...
006 (5415472.060.000) 07/13 16:38:41 Image size of job updated: 1592968
	1006  -  MemoryUsage of job (MB)
	1029344  -  ResidentSetSize of job (KB)
...
006 (5415472.060.000) 07/13 17:45:18 Image size of job updated: 1593876
	1007  -  MemoryUsage of job (MB)
	1030252  -  ResidentSetSize of job (KB)
...
006 (5415472.060.000) 07/13 18:41:18 Image size of job updated: 1594780
	1007  -  MemoryUsage of job (MB)
	1031156  -  ResidentSetSize of job (KB)
...
006 (5415472.060.000) 07/13 19:41:26 Image size of job updated: 1595684
	1008  -  MemoryUsage of job (MB)
	1032060  -  ResidentSetSize of job (KB)
...
006 (5415472.060.000) 07/13 20:41:34 Image size of job updated: 1596592
	1009  -  MemoryUsage of job (MB)
	1032968  -  ResidentSetSize of job (KB)
...
006 (5415472.060.000) 07/13 21:41:44 Image size of job updated: 1597496
	1010  -  MemoryUsage of job (MB)
	1033872  -  ResidentSetSize of job (KB)
...
006 (5415472.060.000) 07/13 22:46:50 Image size of job updated: 1598404
	1011  -  MemoryUsage of job (MB)
	1034780  -  ResidentSetSize of job (KB)
...
006 (5415472.060.000) 07/13 23:56:58 Image size of job updated: 1599308
	1012  -  MemoryUsage of job (MB)
	1035684  -  ResidentSetSize of job (KB)
...
006 (5415472.060.000) 07/14 01:07:03 Image size of job updated: 1600212
	1013  -  MemoryUsage of job (MB)
	1036588  -  ResidentSetSize of job (KB)
...
006 (5415472.060.000) 07/14 02:17:10 Image size of job updated: 1601120
	1014  -  MemoryUsage of job (MB)
	1037496  -  ResidentSetSize of job (KB)
...
006 (5415472.060.000) 07/14 03:27:19 Image size of job updated: 1602024
	1015  -  MemoryUsage of job (MB)
	1038400  -  ResidentSetSize of job (KB)
...
006 (5415472.060.000) 07/14 04:22:26 Image size of job updated: 1602932
	1015  -  MemoryUsage of job (MB)
	1039308  -  ResidentSetSize of job (KB)
...
006 (5415472.060.000) 07/14 05:22:34 Image size of job updated: 1603836
	1016  -  MemoryUsage of job (MB)
	1040212  -  ResidentSetSize of job (KB)
...
006 (5415472.060.000) 07/14 06:17:40 Image size of job updated: 1604744
	1017  -  MemoryUsage of job (MB)
	1041120  -  ResidentSetSize of job (KB)
...
006 (5415472.060.000) 07/14 07:17:47 Image size of job updated: 1605648
	1018  -  MemoryUsage of job (MB)
	1042024  -  ResidentSetSize of job (KB)
...
006 (5415472.060.000) 07/14 08:12:55 Image size of job updated: 1606552
	1019  -  MemoryUsage of job (MB)
	1042928  -  ResidentSetSize of job (KB)
...
006 (5415472.060.000) 07/14 09:08:00 Image size of job updated: 1607460
	1020  -  MemoryUsage of job (MB)
	1043836  -  ResidentSetSize of job (KB)
...
006 (5415472.060.000) 07/14 10:03:07 Image size of job updated: 1608364
	1021  -  MemoryUsage of job (MB)
	1044740  -  ResidentSetSize of job (KB)
...
006 (5415472.060.000) 07/14 10:58:11 Image size of job updated: 1609272
	1022  -  MemoryUsage of job (MB)
	1045648  -  ResidentSetSize of job (KB)
...
006 (5415472.060.000) 07/14 11:58:15 Image size of job updated: 1610176
	1023  -  MemoryUsage of job (MB)
	1046552  -  ResidentSetSize of job (KB)
...
006 (5415472.060.000) 07/14 12:28:18 Image size of job updated: 1613248
	1024  -  MemoryUsage of job (MB)
	1048100  -  ResidentSetSize of job (KB)
...
006 (5415472.060.000) 07/14 12:48:18 Image size of job updated: 1613248
	1024  -  MemoryUsage of job (MB)
	1048112  -  ResidentSetSize of job (KB)
...
006 (5415472.060.000) 07/14 13:18:22 Image size of job updated: 1613248
	1024  -  MemoryUsage of job (MB)
	1048124  -  ResidentSetSize of job (KB)
...
006 (5415472.060.000) 07/14 13:53:27 Image size of job updated: 1613248
	1024  -  MemoryUsage of job (MB)
	1048136  -  ResidentSetSize of job (KB)
...
006 (5415472.060.000) 07/14 14:03:28 Image size of job updated: 1614152
	1025  -  MemoryUsage of job (MB)
	1049040  -  ResidentSetSize of job (KB)
...
006 (5415472.060.000) 07/14 14:23:31 Image size of job updated: 1614152
	1025  -  MemoryUsage of job (MB)
	1049052  -  ResidentSetSize of job (KB)
...
006 (5415472.060.000) 07/14 14:58:35 Image size of job updated: 1614152
	1025  -  MemoryUsage of job (MB)
	1049064  -  ResidentSetSize of job (KB)
...
006 (5415472.060.000) 07/14 15:03:35 Image size of job updated: 1615060
	1026  -  MemoryUsage of job (MB)
	1049972  -  ResidentSetSize of job (KB)
...
006 (5415472.060.000) 07/14 15:28:38 Image size of job updated: 1615060
	1026  -  MemoryUsage of job (MB)
	1049984  -  ResidentSetSize of job (KB)
...
006 (5415472.060.000) 07/14 16:03:42 Image size of job updated: 1615964
	1027  -  MemoryUsage of job (MB)
	1050900  -  ResidentSetSize of job (KB)
...
006 (5415472.060.000) 07/14 16:33:44 Image size of job updated: 1615964
	1027  -  MemoryUsage of job (MB)
	1050912  -  ResidentSetSize of job (KB)
...
006 (5415472.060.000) 07/14 17:03:47 Image size of job updated: 1616872
	1028  -  MemoryUsage of job (MB)
	1051832  -  ResidentSetSize of job (KB)
...
006 (5415472.060.000) 07/14 17:38:51 Image size of job updated: 1616872
	1028  -  MemoryUsage of job (MB)
	1051844  -  ResidentSetSize of job (KB)
...
006 (5415472.060.000) 07/14 18:08:53 Image size of job updated: 1617776
	1029  -  MemoryUsage of job (MB)
	1052760  -  ResidentSetSize of job (KB)
...
006 (5415472.060.000) 07/14 18:43:55 Image size of job updated: 1617776
	1029  -  MemoryUsage of job (MB)
	1052772  -  ResidentSetSize of job (KB)
...
006 (5415472.060.000) 07/14 19:08:57 Image size of job updated: 1618680
	1029  -  MemoryUsage of job (MB)
	1053676  -  ResidentSetSize of job (KB)
...
006 (5415472.060.000) 07/14 19:18:59 Image size of job updated: 1618680
	1029  -  MemoryUsage of job (MB)
	1053688  -  ResidentSetSize of job (KB)
...
006 (5415472.060.000) 07/14 19:49:02 Image size of job updated: 1618680
	1030  -  MemoryUsage of job (MB)
	1053700  -  ResidentSetSize of job (KB)
...
006 (5415472.060.000) 07/14 20:09:05 Image size of job updated: 1619588
	1030  -  MemoryUsage of job (MB)
	1054608  -  ResidentSetSize of job (KB)
...
006 (5415472.060.000) 07/14 20:19:05 Image size of job updated: 1619588
	1030  -  MemoryUsage of job (MB)
	1054612  -  ResidentSetSize of job (KB)
...
006 (5415472.060.000) 07/14 20:24:06 Image size of job updated: 1619588
	1030  -  MemoryUsage of job (MB)
	1054620  -  ResidentSetSize of job (KB)
...
006 (5415472.060.000) 07/14 20:55:12 Image size of job updated: 1619588
	1030  -  MemoryUsage of job (MB)
	1054632  -  ResidentSetSize of job (KB)
...
022 (5415472.060.000) 07/14 21:04:41 Job disconnected, attempting to reconnect
    Socket between submit and execute hosts closed unexpectedly
    Trying to reconnect to slot1_1@b7g52n1400.cern.ch <128.142.193.145:9618?addrs=128.142.193.145-9618+[2001-1458-301-cc--100-3bf]-9618&alias=b7g52n1400.cern.ch&noUDP&sock=startd_18608_1e65>
...
023 (5415472.060.000) 07/14 21:04:41 Job reconnected to slot1_1@b7g52n1400.cern.ch
    startd address: <128.142.193.145:9618?addrs=128.142.193.145-9618+[2001-1458-301-cc--100-3bf]-9618&alias=b7g52n1400.cern.ch&noUDP&sock=startd_18608_1e65>
    starter address: <128.142.193.145:9618?addrs=128.142.193.145-9618+[2001-1458-301-cc--100-3bf]-9618&alias=b7g52n1400.cern.ch&noUDP&sock=slot1_1_17655_4b67_130612>
...
006 (5415472.060.000) 07/14 21:33:06 Image size of job updated: 1620492
	1031  -  MemoryUsage of job (MB)
	1055548  -  ResidentSetSize of job (KB)
...
006 (5415472.060.000) 07/14 22:09:29 Image size of job updated: 1620492
	1031  -  MemoryUsage of job (MB)
	1055560  -  ResidentSetSize of job (KB)
...
006 (5415472.060.000) 07/14 22:17:41 Image size of job updated: 1621400
	1032  -  MemoryUsage of job (MB)
	1056468  -  ResidentSetSize of job (KB)
...
006 (5415472.060.000) 07/14 22:32:42 Image size of job updated: 1621400
	1032  -  MemoryUsage of job (MB)
	1056480  -  ResidentSetSize of job (KB)
...
006 (5415472.060.000) 07/14 23:02:44 Image size of job updated: 1621400
	1032  -  MemoryUsage of job (MB)
	1056492  -  ResidentSetSize of job (KB)
...
006 (5415472.060.000) 07/14 23:12:44 Image size of job updated: 1622304
	1033  -  MemoryUsage of job (MB)
	1057396  -  ResidentSetSize of job (KB)
...
006 (5415472.060.000) 07/14 23:32:47 Image size of job updated: 1622304
	1033  -  MemoryUsage of job (MB)
	1057408  -  ResidentSetSize of job (KB)
...
006 (5415472.060.000) 07/15 00:07:53 Image size of job updated: 1622304
	1033  -  MemoryUsage of job (MB)
	1057420  -  ResidentSetSize of job (KB)
...
006 (5415472.060.000) 07/15 00:12:53 Image size of job updated: 1623212
	1034  -  MemoryUsage of job (MB)
	1058328  -  ResidentSetSize of job (KB)
...
006 (5415472.060.000) 07/15 00:42:58 Image size of job updated: 1623212
	1034  -  MemoryUsage of job (MB)
	1058340  -  ResidentSetSize of job (KB)
...
006 (5415472.060.000) 07/15 01:13:02 Image size of job updated: 1624116
	1035  -  MemoryUsage of job (MB)
	1059256  -  ResidentSetSize of job (KB)
...
006 (5415472.060.000) 07/15 01:43:06 Image size of job updated: 1624116
	1035  -  MemoryUsage of job (MB)
	1059268  -  ResidentSetSize of job (KB)
...
006 (5415472.060.000) 07/15 02:13:10 Image size of job updated: 1625020
	1036  -  MemoryUsage of job (MB)
	1060184  -  ResidentSetSize of job (KB)
...
006 (5415472.060.000) 07/15 02:48:14 Image size of job updated: 1625020
	1036  -  MemoryUsage of job (MB)
	1060196  -  ResidentSetSize of job (KB)
...
006 (5415472.060.000) 07/15 03:18:18 Image size of job updated: 1625928
	1037  -  MemoryUsage of job (MB)
	1061104  -  ResidentSetSize of job (KB)
...
006 (5415472.060.000) 07/15 03:23:19 Image size of job updated: 1625928
	1037  -  MemoryUsage of job (MB)
	1061116  -  ResidentSetSize of job (KB)
...
006 (5415472.060.000) 07/15 03:53:24 Image size of job updated: 1625928
	1037  -  MemoryUsage of job (MB)
	1061128  -  ResidentSetSize of job (KB)
...
006 (5415472.060.000) 07/15 04:23:26 Image size of job updated: 1626832
	1038  -  MemoryUsage of job (MB)
	1062032  -  ResidentSetSize of job (KB)
...
006 (5415472.060.000) 07/15 04:28:27 Image size of job updated: 1626832
	1038  -  MemoryUsage of job (MB)
	1062040  -  ResidentSetSize of job (KB)
...
006 (5415472.060.000) 07/15 04:33:28 Image size of job updated: 1626832
	1038  -  MemoryUsage of job (MB)
	1062044  -  ResidentSetSize of job (KB)
...
006 (5415472.060.000) 07/15 05:03:30 Image size of job updated: 1626832
	1038  -  MemoryUsage of job (MB)
	1062056  -  ResidentSetSize of job (KB)
...
006 (5415472.060.000) 07/15 05:23:33 Image size of job updated: 1627740
	1039  -  MemoryUsage of job (MB)
	1062964  -  ResidentSetSize of job (KB)
...
006 (5415472.060.000) 07/15 05:38:35 Image size of job updated: 1627740
	1039  -  MemoryUsage of job (MB)
	1062976  -  ResidentSetSize of job (KB)
...
006 (5415472.060.000) 07/15 06:13:41 Image size of job updated: 1627740
	1039  -  MemoryUsage of job (MB)
	1062988  -  ResidentSetSize of job (KB)
...
006 (5415472.060.000) 07/15 06:28:42 Image size of job updated: 1628644
	1039  -  MemoryUsage of job (MB)
	1063892  -  ResidentSetSize of job (KB)
...
006 (5415472.060.000) 07/15 06:48:44 Image size of job updated: 1628644
	1039  -  MemoryUsage of job (MB)
	1063904  -  ResidentSetSize of job (KB)
...
006 (5415472.060.000) 07/15 07:23:48 Image size of job updated: 1628644
	1039  -  MemoryUsage of job (MB)
	1063916  -  ResidentSetSize of job (KB)
...
006 (5415472.060.000) 07/15 07:38:49 Image size of job updated: 1629548
	1040  -  MemoryUsage of job (MB)
	1064820  -  ResidentSetSize of job (KB)
...
006 (5415472.060.000) 07/15 07:58:51 Image size of job updated: 1629548
	1040  -  MemoryUsage of job (MB)
	1064832  -  ResidentSetSize of job (KB)
...
006 (5415472.060.000) 07/15 08:33:54 Image size of job updated: 1629548
	1040  -  MemoryUsage of job (MB)
	1064844  -  ResidentSetSize of job (KB)
...
006 (5415472.060.000) 07/15 08:43:55 Image size of job updated: 1630456
	1041  -  MemoryUsage of job (MB)
	1065752  -  ResidentSetSize of job (KB)
...
006 (5415472.060.000) 07/15 09:13:59 Image size of job updated: 1630456
	1041  -  MemoryUsage of job (MB)
	1065764  -  ResidentSetSize of job (KB)
...
006 (5415472.060.000) 07/15 09:49:02 Image size of job updated: 1630456
	1041  -  MemoryUsage of job (MB)
	1065776  -  ResidentSetSize of job (KB)
...
006 (5415472.060.000) 07/15 09:54:02 Image size of job updated: 1631360
	1042  -  MemoryUsage of job (MB)
	1066680  -  ResidentSetSize of job (KB)
...
006 (5415472.060.000) 07/15 10:24:06 Image size of job updated: 1631360
	1042  -  MemoryUsage of job (MB)
	1066684  -  ResidentSetSize of job (KB)
...
006 (5415472.060.000) 07/15 10:29:06 Image size of job updated: 1631360
	1042  -  MemoryUsage of job (MB)
	1066692  -  ResidentSetSize of job (KB)
...
006 (5415472.060.000) 07/15 11:04:11 Image size of job updated: 1632268
	1043  -  MemoryUsage of job (MB)
	1067612  -  ResidentSetSize of job (KB)
...
006 (5415472.060.000) 07/15 11:39:13 Image size of job updated: 1632268
	1043  -  MemoryUsage of job (MB)
	1067624  -  ResidentSetSize of job (KB)
...
006 (5415472.060.000) 07/15 12:09:16 Image size of job updated: 1633172
	1044  -  MemoryUsage of job (MB)
	1068528  -  ResidentSetSize of job (KB)
...
006 (5415472.060.000) 07/15 12:14:16 Image size of job updated: 1633172
	1044  -  MemoryUsage of job (MB)
	1068540  -  ResidentSetSize of job (KB)
...
006 (5415472.060.000) 07/15 12:49:17 Image size of job updated: 1633172
	1044  -  MemoryUsage of job (MB)
	1068552  -  ResidentSetSize of job (KB)
...
006 (5415472.060.000) 07/15 13:19:21 Image size of job updated: 1637700
	1048  -  MemoryUsage of job (MB)
	1073080  -  ResidentSetSize of job (KB)
...
006 (5415472.060.000) 07/15 13:24:21 Image size of job updated: 1637700
	1048  -  MemoryUsage of job (MB)
	1073092  -  ResidentSetSize of job (KB)
...
006 (5415472.060.000) 07/15 13:59:26 Image size of job updated: 1637700
	1048  -  MemoryUsage of job (MB)
	1073104  -  ResidentSetSize of job (KB)
...
006 (5415472.060.000) 07/15 14:34:30 Image size of job updated: 1637700
	1048  -  MemoryUsage of job (MB)
	1073116  -  ResidentSetSize of job (KB)
...
006 (5415472.060.000) 07/15 15:09:33 Image size of job updated: 1637700
	1048  -  MemoryUsage of job (MB)
	1073128  -  ResidentSetSize of job (KB)
...
006 (5415472.060.000) 07/15 15:44:37 Image size of job updated: 1637700
	1048  -  MemoryUsage of job (MB)
	1073140  -  ResidentSetSize of job (KB)
...
006 (5415472.060.000) 07/15 16:19:39 Image size of job updated: 1637700
	1048  -  MemoryUsage of job (MB)
	1073152  -  ResidentSetSize of job (KB)
...
006 (5415472.060.000) 07/15 16:59:44 Image size of job updated: 1637700
	1049  -  MemoryUsage of job (MB)
	1073164  -  ResidentSetSize of job (KB)
...
006 (5415472.060.000) 07/15 17:34:48 Image size of job updated: 1637700
	1049  -  MemoryUsage of job (MB)
	1073176  -  ResidentSetSize of job (KB)
...
006 (5415472.060.000) 07/15 18:09:52 Image size of job updated: 1637700
	1049  -  MemoryUsage of job (MB)
	1073188  -  ResidentSetSize of job (KB)
...
006 (5415472.060.000) 07/15 18:44:53 Image size of job updated: 1637700
	1049  -  MemoryUsage of job (MB)
	1073200  -  ResidentSetSize of job (KB)
...
006 (5415472.060.000) 07/15 19:19:55 Image size of job updated: 1637700
	1049  -  MemoryUsage of job (MB)
	1073212  -  ResidentSetSize of job (KB)
...
006 (5415472.060.000) 07/15 19:54:58 Image size of job updated: 1637700
	1049  -  MemoryUsage of job (MB)
	1073224  -  ResidentSetSize of job (KB)
...
006 (5415472.060.000) 07/15 20:30:01 Image size of job updated: 1637700
	1049  -  MemoryUsage of job (MB)
	1073236  -  ResidentSetSize of job (KB)
...
006 (5415472.060.000) 07/15 21:05:04 Image size of job updated: 1637700
	1049  -  MemoryUsage of job (MB)
	1073248  -  ResidentSetSize of job (KB)
...
006 (5415472.060.000) 07/15 21:40:10 Image size of job updated: 1637700
	1049  -  MemoryUsage of job (MB)
	1073260  -  ResidentSetSize of job (KB)
...
006 (5415472.060.000) 07/15 22:15:14 Image size of job updated: 1637700
	1049  -  MemoryUsage of job (MB)
	1073272  -  ResidentSetSize of job (KB)
...
006 (5415472.060.000) 07/15 22:50:18 Image size of job updated: 1637700
	1049  -  MemoryUsage of job (MB)
	1073284  -  ResidentSetSize of job (KB)
...
006 (5415472.060.000) 07/15 23:20:20 Image size of job updated: 1637700
	1049  -  MemoryUsage of job (MB)
	1073296  -  ResidentSetSize of job (KB)
...
006 (5415472.060.000) 07/15 23:55:21 Image size of job updated: 1637700
	1049  -  MemoryUsage of job (MB)
	1073308  -  ResidentSetSize of job (KB)
...
006 (5415472.060.000) 07/16 00:30:25 Image size of job updated: 1637700
	1049  -  MemoryUsage of job (MB)
	1073320  -  ResidentSetSize of job (KB)
...
006 (5415472.060.000) 07/16 01:05:27 Image size of job updated: 1637700
	1049  -  MemoryUsage of job (MB)
	1073332  -  ResidentSetSize of job (KB)
...
006 (5415472.060.000) 07/16 01:40:31 Image size of job updated: 1637700
	1049  -  MemoryUsage of job (MB)
	1073336  -  ResidentSetSize of job (KB)
...
006 (5415472.060.000) 07/16 01:45:31 Image size of job updated: 1637700
	1049  -  MemoryUsage of job (MB)
	1073344  -  ResidentSetSize of job (KB)
...
006 (5415472.060.000) 07/16 02:20:35 Image size of job updated: 1637700
	1049  -  MemoryUsage of job (MB)
	1073356  -  ResidentSetSize of job (KB)
...
006 (5415472.060.000) 07/16 02:55:39 Image size of job updated: 1637700
	1049  -  MemoryUsage of job (MB)
	1073368  -  ResidentSetSize of job (KB)
...
006 (5415472.060.000) 07/16 03:35:43 Image size of job updated: 1637700
	1049  -  MemoryUsage of job (MB)
	1073380  -  ResidentSetSize of job (KB)
...
006 (5415472.060.000) 07/16 04:10:46 Image size of job updated: 1637700
	1049  -  MemoryUsage of job (MB)
	1073392  -  ResidentSetSize of job (KB)
...
006 (5415472.060.000) 07/16 04:45:50 Image size of job updated: 1637700
	1049  -  MemoryUsage of job (MB)
	1073404  -  ResidentSetSize of job (KB)
...
006 (5415472.060.000) 07/16 05:20:56 Image size of job updated: 1637700
	1049  -  MemoryUsage of job (MB)
	1073416  -  ResidentSetSize of job (KB)
...
006 (5415472.060.000) 07/16 06:00:58 Image size of job updated: 1637700
	1049  -  MemoryUsage of job (MB)
	1073428  -  ResidentSetSize of job (KB)
...
006 (5415472.060.000) 07/16 06:36:00 Image size of job updated: 1637700
	1049  -  MemoryUsage of job (MB)
	1073440  -  ResidentSetSize of job (KB)
...
006 (5415472.060.000) 07/16 07:11:03 Image size of job updated: 1637700
	1049  -  MemoryUsage of job (MB)
	1073452  -  ResidentSetSize of job (KB)
...
006 (5415472.060.000) 07/16 07:46:06 Image size of job updated: 1637700
	1049  -  MemoryUsage of job (MB)
	1073464  -  ResidentSetSize of job (KB)
...
006 (5415472.060.000) 07/16 08:16:08 Image size of job updated: 1637700
	1049  -  MemoryUsage of job (MB)
	1073476  -  ResidentSetSize of job (KB)
...
006 (5415472.060.000) 07/16 08:51:12 Image size of job updated: 1637700
	1049  -  MemoryUsage of job (MB)
	1073488  -  ResidentSetSize of job (KB)
...
006 (5415472.060.000) 07/16 09:26:19 Image size of job updated: 1637700
	1049  -  MemoryUsage of job (MB)
	1073500  -  ResidentSetSize of job (KB)
...
006 (5415472.060.000) 07/16 10:01:23 Image size of job updated: 1637700
	1049  -  MemoryUsage of job (MB)
	1073512  -  ResidentSetSize of job (KB)
...
006 (5415472.060.000) 07/16 10:36:25 Image size of job updated: 1637700
	1049  -  MemoryUsage of job (MB)
	1073524  -  ResidentSetSize of job (KB)
...
006 (5415472.060.000) 07/16 11:06:26 Image size of job updated: 1637700
	1049  -  MemoryUsage of job (MB)
	1073536  -  ResidentSetSize of job (KB)
...
006 (5415472.060.000) 07/16 11:41:30 Image size of job updated: 1637700
	1049  -  MemoryUsage of job (MB)
	1073548  -  ResidentSetSize of job (KB)
...
006 (5415472.060.000) 07/16 12:15:07 Image size of job updated: 1637700
	1049  -  MemoryUsage of job (MB)
	1073560  -  ResidentSetSize of job (KB)
...
006 (5415472.060.000) 07/16 12:44:34 Image size of job updated: 1637700
	1049  -  MemoryUsage of job (MB)
	1073572  -  ResidentSetSize of job (KB)
...
006 (5415472.060.000) 07/16 13:09:36 Image size of job updated: 1637700
	1049  -  MemoryUsage of job (MB)
	1073576  -  ResidentSetSize of job (KB)
...
006 (5415472.060.000) 07/16 13:14:36 Image size of job updated: 1637700
	1049  -  MemoryUsage of job (MB)
	1073584  -  ResidentSetSize of job (KB)
...
006 (5415472.060.000) 07/16 13:39:38 Image size of job updated: 1637700
	1049  -  MemoryUsage of job (MB)
	1073596  -  ResidentSetSize of job (KB)
...
006 (5415472.060.000) 07/16 14:09:41 Image size of job updated: 1637700
	1049  -  MemoryUsage of job (MB)
	1073608  -  ResidentSetSize of job (KB)
...
006 (5415472.060.000) 07/16 14:39:44 Image size of job updated: 1637700
	1049  -  MemoryUsage of job (MB)
	1073620  -  ResidentSetSize of job (KB)
...
006 (5415472.060.000) 07/16 15:04:47 Image size of job updated: 1637700
	1049  -  MemoryUsage of job (MB)
	1073632  -  ResidentSetSize of job (KB)
...
006 (5415472.060.000) 07/16 15:34:50 Image size of job updated: 1637700
	1049  -  MemoryUsage of job (MB)
	1073644  -  ResidentSetSize of job (KB)
...
006 (5415472.060.000) 07/16 16:04:52 Image size of job updated: 1637700
	1049  -  MemoryUsage of job (MB)
	1073656  -  ResidentSetSize of job (KB)
...
006 (5415472.060.000) 07/16 16:39:54 Image size of job updated: 1637700
	1049  -  MemoryUsage of job (MB)
	1073668  -  ResidentSetSize of job (KB)
...
006 (5415472.060.000) 07/16 17:09:57 Image size of job updated: 1637700
	1049  -  MemoryUsage of job (MB)
	1073680  -  ResidentSetSize of job (KB)
...
006 (5415472.060.000) 07/16 17:45:01 Image size of job updated: 1637700
	1049  -  MemoryUsage of job (MB)
	1073692  -  ResidentSetSize of job (KB)
...
006 (5415472.060.000) 07/16 18:15:05 Image size of job updated: 1637700
	1049  -  MemoryUsage of job (MB)
	1073696  -  ResidentSetSize of job (KB)
...
006 (5415472.060.000) 07/16 18:20:06 Image size of job updated: 1637700
	1049  -  MemoryUsage of job (MB)
	1073704  -  ResidentSetSize of job (KB)
...
006 (5415472.060.000) 07/16 18:50:08 Image size of job updated: 1637700
	1049  -  MemoryUsage of job (MB)
	1073716  -  ResidentSetSize of job (KB)
...
006 (5415472.060.000) 07/16 19:25:11 Image size of job updated: 1637700
	1049  -  MemoryUsage of job (MB)
	1073728  -  ResidentSetSize of job (KB)
...
006 (5415472.060.000) 07/16 20:00:14 Image size of job updated: 1637700
	1049  -  MemoryUsage of job (MB)
	1073740  -  ResidentSetSize of job (KB)
...
006 (5415472.060.000) 07/16 20:32:00 Image size of job updated: 1637700
	1049  -  MemoryUsage of job (MB)
	1073752  -  ResidentSetSize of job (KB)
...
006 (5415472.060.000) 07/16 21:02:01 Image size of job updated: 1637700
	1049  -  MemoryUsage of job (MB)
	1073764  -  ResidentSetSize of job (KB)
...
006 (5415472.060.000) 07/16 21:37:03 Image size of job updated: 1637700
	1049  -  MemoryUsage of job (MB)
	1073776  -  ResidentSetSize of job (KB)
...
006 (5415472.060.000) 07/16 22:12:05 Image size of job updated: 1637700
	1049  -  MemoryUsage of job (MB)
	1073788  -  ResidentSetSize of job (KB)
...
006 (5415472.060.000) 07/16 22:47:09 Image size of job updated: 1637700
	1049  -  MemoryUsage of job (MB)
	1073800  -  ResidentSetSize of job (KB)
...
006 (5415472.060.000) 07/16 23:17:13 Image size of job updated: 1637700
	1049  -  MemoryUsage of job (MB)
	1073812  -  ResidentSetSize of job (KB)
...
006 (5415472.060.000) 07/16 23:52:18 Image size of job updated: 1637700
	1049  -  MemoryUsage of job (MB)
	1073824  -  ResidentSetSize of job (KB)
...
006 (5415472.060.000) 07/17 00:22:22 Image size of job updated: 1637700
	1049  -  MemoryUsage of job (MB)
	1073836  -  ResidentSetSize of job (KB)
...
006 (5415472.060.000) 07/17 00:57:25 Image size of job updated: 1637700
	1049  -  MemoryUsage of job (MB)
	1073848  -  ResidentSetSize of job (KB)
...
006 (5415472.060.000) 07/17 01:32:28 Image size of job updated: 1637700
	1049  -  MemoryUsage of job (MB)
	1073860  -  ResidentSetSize of job (KB)
...
006 (5415472.060.000) 07/17 02:02:32 Image size of job updated: 1637700
	1049  -  MemoryUsage of job (MB)
	1073872  -  ResidentSetSize of job (KB)
...
006 (5415472.060.000) 07/17 02:37:34 Image size of job updated: 1637700
	1049  -  MemoryUsage of job (MB)
	1073884  -  ResidentSetSize of job (KB)
...
006 (5415472.060.000) 07/17 03:12:37 Image size of job updated: 1637700
	1049  -  MemoryUsage of job (MB)
	1073896  -  ResidentSetSize of job (KB)
...
006 (5415472.060.000) 07/17 03:42:39 Image size of job updated: 1637700
	1049  -  MemoryUsage of job (MB)
	1073908  -  ResidentSetSize of job (KB)
...
006 (5415472.060.000) 07/17 04:17:41 Image size of job updated: 1637700
	1049  -  MemoryUsage of job (MB)
	1073920  -  ResidentSetSize of job (KB)
...
006 (5415472.060.000) 07/17 04:52:45 Image size of job updated: 1637700
	1049  -  MemoryUsage of job (MB)
	1073932  -  ResidentSetSize of job (KB)
...
006 (5415472.060.000) 07/17 05:27:49 Image size of job updated: 1637700
	1049  -  MemoryUsage of job (MB)
	1073944  -  ResidentSetSize of job (KB)
...
006 (5415472.060.000) 07/17 05:57:52 Image size of job updated: 1637700
	1049  -  MemoryUsage of job (MB)
	1073948  -  ResidentSetSize of job (KB)
...
006 (5415472.060.000) 07/17 06:02:53 Image size of job updated: 1637700
	1049  -  MemoryUsage of job (MB)
	1073956  -  ResidentSetSize of job (KB)
...
006 (5415472.060.000) 07/17 06:37:57 Image size of job updated: 1637700
	1049  -  MemoryUsage of job (MB)
	1073968  -  ResidentSetSize of job (KB)
...
006 (5415472.060.000) 07/17 07:08:01 Image size of job updated: 1637700
	1049  -  MemoryUsage of job (MB)
	1073980  -  ResidentSetSize of job (KB)
...
006 (5415472.060.000) 07/17 07:43:04 Image size of job updated: 1637700
	1049  -  MemoryUsage of job (MB)
	1073992  -  ResidentSetSize of job (KB)
...
006 (5415472.060.000) 07/17 08:18:08 Image size of job updated: 1637700
	1049  -  MemoryUsage of job (MB)
	1074004  -  ResidentSetSize of job (KB)
...
006 (5415472.060.000) 07/17 08:53:13 Image size of job updated: 1637700
	1049  -  MemoryUsage of job (MB)
	1074016  -  ResidentSetSize of job (KB)
...
006 (5415472.060.000) 07/17 09:28:15 Image size of job updated: 1637700
	1049  -  MemoryUsage of job (MB)
	1074028  -  ResidentSetSize of job (KB)
...
006 (5415472.060.000) 07/17 10:03:17 Image size of job updated: 1637700
	1049  -  MemoryUsage of job (MB)
	1074040  -  ResidentSetSize of job (KB)
...
006 (5415472.060.000) 07/17 10:38:20 Image size of job updated: 1637700
	1049  -  MemoryUsage of job (MB)
	1074052  -  ResidentSetSize of job (KB)
...
006 (5415472.060.000) 07/17 11:13:22 Image size of job updated: 1637700
	1049  -  MemoryUsage of job (MB)
	1074064  -  ResidentSetSize of job (KB)
...
006 (5415472.060.000) 07/17 11:48:27 Image size of job updated: 1637700
	1049  -  MemoryUsage of job (MB)
	1074076  -  ResidentSetSize of job (KB)
...
006 (5415472.060.000) 07/17 12:38:29 Image size of job updated: 1641796
	1051  -  MemoryUsage of job (MB)
	1076132  -  ResidentSetSize of job (KB)
...
006 (5415472.060.000) 07/17 12:53:30 Image size of job updated: 1641796
	1051  -  MemoryUsage of job (MB)
	1076140  -  ResidentSetSize of job (KB)
...
006 (5415472.060.000) 07/17 13:23:33 Image size of job updated: 1641796
	1051  -  MemoryUsage of job (MB)
	1076148  -  ResidentSetSize of job (KB)
...
006 (5415472.060.000) 07/17 13:58:34 Image size of job updated: 1641796
	1051  -  MemoryUsage of job (MB)
	1076156  -  ResidentSetSize of job (KB)
...
006 (5415472.060.000) 07/17 14:33:38 Image size of job updated: 1641796
	1051  -  MemoryUsage of job (MB)
	1076164  -  ResidentSetSize of job (KB)
...
006 (5415472.060.000) 07/17 15:08:42 Image size of job updated: 1641796
	1051  -  MemoryUsage of job (MB)
	1076168  -  ResidentSetSize of job (KB)
...
006 (5415472.060.000) 07/17 15:13:43 Image size of job updated: 1641796
	1051  -  MemoryUsage of job (MB)
	1076172  -  ResidentSetSize of job (KB)
...
006 (5415472.060.000) 07/17 15:43:46 Image size of job updated: 1641796
	1051  -  MemoryUsage of job (MB)
	1076180  -  ResidentSetSize of job (KB)
...
006 (5415472.060.000) 07/17 16:18:50 Image size of job updated: 1641796
	1051  -  MemoryUsage of job (MB)
	1076188  -  ResidentSetSize of job (KB)
...
006 (5415472.060.000) 07/17 16:53:53 Image size of job updated: 1641796
	1051  -  MemoryUsage of job (MB)
	1076196  -  ResidentSetSize of job (KB)
...
006 (5415472.060.000) 07/17 17:28:59 Image size of job updated: 1641796
	1051  -  MemoryUsage of job (MB)
	1076204  -  ResidentSetSize of job (KB)
...
006 (5415472.060.000) 07/17 18:04:02 Image size of job updated: 1641796
	1051  -  MemoryUsage of job (MB)
	1076212  -  ResidentSetSize of job (KB)
...
006 (5415472.060.000) 07/17 18:34:06 Image size of job updated: 1641796
	1051  -  MemoryUsage of job (MB)
	1076220  -  ResidentSetSize of job (KB)
...
006 (5415472.060.000) 07/17 19:04:08 Image size of job updated: 1641796
	1052  -  MemoryUsage of job (MB)
	1076228  -  ResidentSetSize of job (KB)
...
006 (5415472.060.000) 07/17 19:39:12 Image size of job updated: 1641796
	1052  -  MemoryUsage of job (MB)
	1076236  -  ResidentSetSize of job (KB)
...
006 (5415472.060.000) 07/17 20:14:16 Image size of job updated: 1641796
	1052  -  MemoryUsage of job (MB)
	1076244  -  ResidentSetSize of job (KB)
...
006 (5415472.060.000) 07/17 20:49:21 Image size of job updated: 1641796
	1052  -  MemoryUsage of job (MB)
	1076252  -  ResidentSetSize of job (KB)
...
006 (5415472.060.000) 07/17 21:24:23 Image size of job updated: 1641796
	1052  -  MemoryUsage of job (MB)
	1076260  -  ResidentSetSize of job (KB)
...
006 (5415472.060.000) 07/17 21:54:24 Image size of job updated: 1641796
	1052  -  MemoryUsage of job (MB)
	1076268  -  ResidentSetSize of job (KB)
...
006 (5415472.060.000) 07/17 22:29:26 Image size of job updated: 1641796
	1052  -  MemoryUsage of job (MB)
	1076276  -  ResidentSetSize of job (KB)
...
006 (5415472.060.000) 07/17 23:04:30 Image size of job updated: 1641796
	1052  -  MemoryUsage of job (MB)
	1076284  -  ResidentSetSize of job (KB)
...
006 (5415472.060.000) 07/17 23:39:35 Image size of job updated: 1641796
	1052  -  MemoryUsage of job (MB)
	1076292  -  ResidentSetSize of job (KB)
...
006 (5415472.060.000) 07/18 00:14:39 Image size of job updated: 1641796
	1052  -  MemoryUsage of job (MB)
	1076300  -  ResidentSetSize of job (KB)
...
006 (5415472.060.000) 07/18 00:49:44 Image size of job updated: 1641796
	1052  -  MemoryUsage of job (MB)
	1076308  -  ResidentSetSize of job (KB)
...
006 (5415472.060.000) 07/18 01:24:47 Image size of job updated: 1641796
	1052  -  MemoryUsage of job (MB)
	1076316  -  ResidentSetSize of job (KB)
...
006 (5415472.060.000) 07/18 02:04:52 Image size of job updated: 1641796
	1052  -  MemoryUsage of job (MB)
	1076324  -  ResidentSetSize of job (KB)
...
006 (5415472.060.000) 07/18 02:34:57 Image size of job updated: 1641796
	1052  -  MemoryUsage of job (MB)
	1076328  -  ResidentSetSize of job (KB)
...
006 (5415472.060.000) 07/18 02:39:58 Image size of job updated: 1641796
	1052  -  MemoryUsage of job (MB)
	1076332  -  ResidentSetSize of job (KB)
...
006 (5415472.060.000) 07/18 03:10:00 Image size of job updated: 1641796
	1052  -  MemoryUsage of job (MB)
	1076340  -  ResidentSetSize of job (KB)
...
006 (5415472.060.000) 07/18 03:45:04 Image size of job updated: 1641796
	1052  -  MemoryUsage of job (MB)
	1076348  -  ResidentSetSize of job (KB)
...
006 (5415472.060.000) 07/18 04:25:09 Image size of job updated: 1641796
	1052  -  MemoryUsage of job (MB)
	1076356  -  ResidentSetSize of job (KB)
...
006 (5415472.060.000) 07/18 05:00:14 Image size of job updated: 1641796
	1052  -  MemoryUsage of job (MB)
	1076364  -  ResidentSetSize of job (KB)
...
006 (5415472.060.000) 07/18 05:35:16 Image size of job updated: 1641796
	1052  -  MemoryUsage of job (MB)
	1076372  -  ResidentSetSize of job (KB)
...
006 (5415472.060.000) 07/18 06:10:22 Image size of job updated: 1641796
	1052  -  MemoryUsage of job (MB)
	1076380  -  ResidentSetSize of job (KB)
...
006 (5415472.060.000) 07/18 06:45:23 Image size of job updated: 1641796
	1052  -  MemoryUsage of job (MB)
	1076388  -  ResidentSetSize of job (KB)
...
006 (5415472.060.000) 07/18 07:20:27 Image size of job updated: 1641796
	1052  -  MemoryUsage of job (MB)
	1076396  -  ResidentSetSize of job (KB)
...
006 (5415472.060.000) 07/18 07:55:30 Image size of job updated: 1641796
	1052  -  MemoryUsage of job (MB)
	1076404  -  ResidentSetSize of job (KB)
...
006 (5415472.060.000) 07/18 08:35:34 Image size of job updated: 1641796
	1052  -  MemoryUsage of job (MB)
	1076412  -  ResidentSetSize of job (KB)
...
006 (5415472.060.000) 07/18 09:10:38 Image size of job updated: 1641796
	1052  -  MemoryUsage of job (MB)
	1076420  -  ResidentSetSize of job (KB)
...
006 (5415472.060.000) 07/18 09:45:42 Image size of job updated: 1641796
	1052  -  MemoryUsage of job (MB)
	1076428  -  ResidentSetSize of job (KB)
...
006 (5415472.060.000) 07/18 10:20:46 Image size of job updated: 1641796
	1052  -  MemoryUsage of job (MB)
	1076436  -  ResidentSetSize of job (KB)
...
006 (5415472.060.000) 07/18 11:00:50 Image size of job updated: 1641796
	1052  -  MemoryUsage of job (MB)
	1076444  -  ResidentSetSize of job (KB)
...
006 (5415472.060.000) 07/18 11:35:55 Image size of job updated: 1641796
	1052  -  MemoryUsage of job (MB)
	1076452  -  ResidentSetSize of job (KB)
...
006 (5415472.060.000) 07/18 12:10:58 Image size of job updated: 1641796
	1052  -  MemoryUsage of job (MB)
	1076460  -  ResidentSetSize of job (KB)
...
006 (5415472.060.000) 07/18 12:46:01 Image size of job updated: 1641796
	1052  -  MemoryUsage of job (MB)
	1076468  -  ResidentSetSize of job (KB)
...
006 (5415472.060.000) 07/18 13:21:04 Image size of job updated: 1641796
	1052  -  MemoryUsage of job (MB)
	1076476  -  ResidentSetSize of job (KB)
...
006 (5415472.060.000) 07/18 13:56:10 Image size of job updated: 1641796
	1052  -  MemoryUsage of job (MB)
	1076484  -  ResidentSetSize of job (KB)
...
006 (5415472.060.000) 07/18 14:31:15 Image size of job updated: 1641796
	1052  -  MemoryUsage of job (MB)
	1076492  -  ResidentSetSize of job (KB)
...
006 (5415472.060.000) 07/18 15:06:20 Image size of job updated: 1641796
	1052  -  MemoryUsage of job (MB)
	1076500  -  ResidentSetSize of job (KB)
...
006 (5415472.060.000) 07/18 15:41:23 Image size of job updated: 1641796
	1052  -  MemoryUsage of job (MB)
	1076508  -  ResidentSetSize of job (KB)
...
006 (5415472.060.000) 07/18 16:11:25 Image size of job updated: 1641796
	1052  -  MemoryUsage of job (MB)
	1076516  -  ResidentSetSize of job (KB)
...
006 (5415472.060.000) 07/18 16:46:27 Image size of job updated: 1641796
	1052  -  MemoryUsage of job (MB)
	1076524  -  ResidentSetSize of job (KB)
...
006 (5415472.060.000) 07/18 17:16:30 Image size of job updated: 1641796
	1052  -  MemoryUsage of job (MB)
	1076532  -  ResidentSetSize of job (KB)
...
006 (5415472.060.000) 07/18 17:51:33 Image size of job updated: 1641796
	1052  -  MemoryUsage of job (MB)
	1076540  -  ResidentSetSize of job (KB)
...
006 (5415472.060.000) 07/18 18:26:36 Image size of job updated: 1641796
	1052  -  MemoryUsage of job (MB)
	1076548  -  ResidentSetSize of job (KB)
...
006 (5415472.060.000) 07/18 19:01:37 Image size of job updated: 1641796
	1052  -  MemoryUsage of job (MB)
	1076556  -  ResidentSetSize of job (KB)
...
006 (5415472.060.000) 07/18 19:36:40 Image size of job updated: 1641796
	1052  -  MemoryUsage of job (MB)
	1076564  -  ResidentSetSize of job (KB)
...
006 (5415472.060.000) 07/18 20:06:44 Image size of job updated: 1641796
	1052  -  MemoryUsage of job (MB)
	1076572  -  ResidentSetSize of job (KB)
...
006 (5415472.060.000) 07/18 20:41:47 Image size of job updated: 1641796
	1052  -  MemoryUsage of job (MB)
	1076580  -  ResidentSetSize of job (KB)
...
006 (5415472.060.000) 07/18 21:16:53 Image size of job updated: 1641796
	1052  -  MemoryUsage of job (MB)
	1076588  -  ResidentSetSize of job (KB)
...
006 (5415472.060.000) 07/18 21:46:56 Image size of job updated: 1641796
	1052  -  MemoryUsage of job (MB)
	1076596  -  ResidentSetSize of job (KB)
...
006 (5415472.060.000) 07/18 22:22:02 Image size of job updated: 1641796
	1052  -  MemoryUsage of job (MB)
	1076604  -  ResidentSetSize of job (KB)
...
006 (5415472.060.000) 07/18 22:57:04 Image size of job updated: 1641796
	1052  -  MemoryUsage of job (MB)
	1076612  -  ResidentSetSize of job (KB)
...
006 (5415472.060.000) 07/18 23:32:06 Image size of job updated: 1641796
	1052  -  MemoryUsage of job (MB)
	1076620  -  ResidentSetSize of job (KB)
...
006 (5415472.060.000) 07/19 00:07:09 Image size of job updated: 1641796
	1052  -  MemoryUsage of job (MB)
	1076628  -  ResidentSetSize of job (KB)
...
006 (5415472.060.000) 07/19 00:42:11 Image size of job updated: 1641796
	1052  -  MemoryUsage of job (MB)
	1076636  -  ResidentSetSize of job (KB)
...
006 (5415472.060.000) 07/19 01:17:17 Image size of job updated: 1641796
	1052  -  MemoryUsage of job (MB)
	1076644  -  ResidentSetSize of job (KB)
...
006 (5415472.060.000) 07/19 01:52:24 Image size of job updated: 1641796
	1052  -  MemoryUsage of job (MB)
	1076652  -  ResidentSetSize of job (KB)
...
006 (5415472.060.000) 07/19 02:27:27 Image size of job updated: 1641796
	1052  -  MemoryUsage of job (MB)
	1076660  -  ResidentSetSize of job (KB)
...
006 (5415472.060.000) 07/19 03:02:31 Image size of job updated: 1641796
	1052  -  MemoryUsage of job (MB)
	1076668  -  ResidentSetSize of job (KB)
...
006 (5415472.060.000) 07/19 03:37:37 Image size of job updated: 1641796
	1052  -  MemoryUsage of job (MB)
	1076676  -  ResidentSetSize of job (KB)
...
006 (5415472.060.000) 07/19 04:12:40 Image size of job updated: 1641796
	1052  -  MemoryUsage of job (MB)
	1076684  -  ResidentSetSize of job (KB)
...
006 (5415472.060.000) 07/19 04:42:43 Image size of job updated: 1641796
	1052  -  MemoryUsage of job (MB)
	1076692  -  ResidentSetSize of job (KB)
...
006 (5415472.060.000) 07/19 05:17:49 Image size of job updated: 1641796
	1052  -  MemoryUsage of job (MB)
	1076700  -  ResidentSetSize of job (KB)
...
006 (5415472.060.000) 07/19 05:52:53 Image size of job updated: 1641796
	1052  -  MemoryUsage of job (MB)
	1076708  -  ResidentSetSize of job (KB)
...
006 (5415472.060.000) 07/19 06:27:57 Image size of job updated: 1641796
	1052  -  MemoryUsage of job (MB)
	1076716  -  ResidentSetSize of job (KB)
...
006 (5415472.060.000) 07/19 07:03:02 Image size of job updated: 1641796
	1052  -  MemoryUsage of job (MB)
	1076724  -  ResidentSetSize of job (KB)
...
006 (5415472.060.000) 07/19 07:33:06 Image size of job updated: 1641796
	1052  -  MemoryUsage of job (MB)
	1076732  -  ResidentSetSize of job (KB)
...
006 (5415472.060.000) 07/19 08:08:11 Image size of job updated: 1641796
	1052  -  MemoryUsage of job (MB)
	1076740  -  ResidentSetSize of job (KB)
...
006 (5415472.060.000) 07/19 08:43:16 Image size of job updated: 1641796
	1052  -  MemoryUsage of job (MB)
	1076748  -  ResidentSetSize of job (KB)
...
006 (5415472.060.000) 07/19 09:18:20 Image size of job updated: 1641796
	1052  -  MemoryUsage of job (MB)
	1076756  -  ResidentSetSize of job (KB)
...
006 (5415472.060.000) 07/19 09:53:23 Image size of job updated: 1641796
	1052  -  MemoryUsage of job (MB)
	1076764  -  ResidentSetSize of job (KB)
...
006 (5415472.060.000) 07/19 10:28:26 Image size of job updated: 1641796
	1052  -  MemoryUsage of job (MB)
	1076772  -  ResidentSetSize of job (KB)
...
006 (5415472.060.000) 07/19 11:08:28 Image size of job updated: 1641796
	1052  -  MemoryUsage of job (MB)
	1076780  -  ResidentSetSize of job (KB)
...
006 (5415472.060.000) 07/19 11:43:29 Image size of job updated: 1641796
	1052  -  MemoryUsage of job (MB)
	1076788  -  ResidentSetSize of job (KB)
...
006 (5415472.060.000) 07/19 12:18:33 Image size of job updated: 1641796
	1052  -  MemoryUsage of job (MB)
	1076796  -  ResidentSetSize of job (KB)
...
006 (5415472.060.000) 07/19 12:53:36 Image size of job updated: 1641796
	1052  -  MemoryUsage of job (MB)
	1076804  -  ResidentSetSize of job (KB)
...
006 (5415472.060.000) 07/19 13:33:41 Image size of job updated: 1641796
	1052  -  MemoryUsage of job (MB)
	1076812  -  ResidentSetSize of job (KB)
...
040 (5415472.060.000) 07/19 14:05:35 Started transferring output files
...
040 (5415472.060.000) 07/19 14:05:35 Finished transferring output files
...
009 (5415472.060.000) 07/19 14:05:35 Job was aborted.
	Job removed by SYSTEM_PERIODIC_REMOVE due to wall time exceeded allowed max.
...
