000 (5415472.087.000) 07/11 14:02:29 Job submitted from host: <137.138.156.150:9618?addrs=137.138.156.150-9618+[2001-1458-d00-14--9a]-9618&alias=bigbird13.cern.ch&noUDP&sock=schedd_1788_ff6c>
...
040 (5415472.087.000) 07/11 14:10:35 Started transferring input files
	Transferring to host: <128.142.72.9:9618?addrs=128.142.72.9-9618+[2001-1458-301-75--100-e2]-9618&alias=b7s11n9409.cern.ch&noUDP&sock=slot1_2_9370_c336_115588>
...
040 (5415472.087.000) 07/11 14:10:35 Finished transferring input files
...
001 (5415472.087.000) 07/11 14:10:36 Job executing on host: <128.142.72.9:9618?addrs=128.142.72.9-9618+[2001-1458-301-75--100-e2]-9618&alias=b7s11n9409.cern.ch&noUDP&sock=startd_16673_dea3>
...
006 (5415472.087.000) 07/11 14:10:45 Image size of job updated: 570628
	64  -  MemoryUsage of job (MB)
	64796  -  ResidentSetSize of job (KB)
...
006 (5415472.087.000) 07/11 14:15:46 Image size of job updated: 1590940
	1004  -  MemoryUsage of job (MB)
	1027384  -  ResidentSetSize of job (KB)
...
006 (5415472.087.000) 07/13 18:59:44 Image size of job updated: 1591924
	1005  -  MemoryUsage of job (MB)
	1028292  -  ResidentSetSize of job (KB)
...
006 (5415472.087.000) 07/13 20:04:52 Image size of job updated: 1592828
	1006  -  MemoryUsage of job (MB)
	1029196  -  ResidentSetSize of job (KB)
...
006 (5415472.087.000) 07/13 21:14:58 Image size of job updated: 1593732
	1006  -  MemoryUsage of job (MB)
	1030100  -  ResidentSetSize of job (KB)
...
006 (5415472.087.000) 07/13 22:20:05 Image size of job updated: 1594640
	1007  -  MemoryUsage of job (MB)
	1031008  -  ResidentSetSize of job (KB)
...
006 (5415472.087.000) 07/13 23:30:11 Image size of job updated: 1595544
	1008  -  MemoryUsage of job (MB)
	1031912  -  ResidentSetSize of job (KB)
...
006 (5415472.087.000) 07/14 00:35:17 Image size of job updated: 1596452
	1009  -  MemoryUsage of job (MB)
	1032820  -  ResidentSetSize of job (KB)
...
006 (5415472.087.000) 07/14 01:45:25 Image size of job updated: 1597356
	1010  -  MemoryUsage of job (MB)
	1033724  -  ResidentSetSize of job (KB)
...
006 (5415472.087.000) 07/14 02:55:32 Image size of job updated: 1598264
	1011  -  MemoryUsage of job (MB)
	1034632  -  ResidentSetSize of job (KB)
...
006 (5415472.087.000) 07/14 04:05:41 Image size of job updated: 1599168
	1012  -  MemoryUsage of job (MB)
	1035536  -  ResidentSetSize of job (KB)
...
006 (5415472.087.000) 07/14 05:15:47 Image size of job updated: 1600072
	1013  -  MemoryUsage of job (MB)
	1036440  -  ResidentSetSize of job (KB)
...
006 (5415472.087.000) 07/14 06:15:54 Image size of job updated: 1600980
	1014  -  MemoryUsage of job (MB)
	1037348  -  ResidentSetSize of job (KB)
...
006 (5415472.087.000) 07/14 07:16:01 Image size of job updated: 1601884
	1014  -  MemoryUsage of job (MB)
	1038252  -  ResidentSetSize of job (KB)
...
006 (5415472.087.000) 07/14 08:21:06 Image size of job updated: 1602792
	1015  -  MemoryUsage of job (MB)
	1039160  -  ResidentSetSize of job (KB)
...
006 (5415472.087.000) 07/14 09:26:11 Image size of job updated: 1603696
	1016  -  MemoryUsage of job (MB)
	1040064  -  ResidentSetSize of job (KB)
...
006 (5415472.087.000) 07/14 10:26:16 Image size of job updated: 1604600
	1017  -  MemoryUsage of job (MB)
	1040968  -  ResidentSetSize of job (KB)
...
006 (5415472.087.000) 07/14 11:26:22 Image size of job updated: 1605508
	1018  -  MemoryUsage of job (MB)
	1041876  -  ResidentSetSize of job (KB)
...
006 (5415472.087.000) 07/14 12:26:30 Image size of job updated: 1610036
	1022  -  MemoryUsage of job (MB)
	1046404  -  ResidentSetSize of job (KB)
...
006 (5415472.087.000) 07/14 17:17:04 Image size of job updated: 1613108
	1024  -  MemoryUsage of job (MB)
	1047896  -  ResidentSetSize of job (KB)
...
007 (5415472.087.000) 07/14 17:48:03 Shadow exception!
	Assertion ERROR on (result)
	0  -  Run Bytes Sent By Job
	803  -  Run Bytes Received By Job
...
040 (5415472.087.000) 07/14 21:21:30 Started transferring input files
	Transferring to host: <128.142.56.37:9618?addrs=128.142.56.37-9618+[2001-1458-301-6--100-24]-9618&alias=b7s01p8945.cern.ch&noUDP&sock=slot1_28_55510_910a_7979>
...
040 (5415472.087.000) 07/14 21:21:30 Finished transferring input files
...
001 (5415472.087.000) 07/14 21:21:31 Job executing on host: <128.142.56.37:9618?addrs=128.142.56.37-9618+[2001-1458-301-6--100-24]-9618&alias=b7s01p8945.cern.ch&noUDP&sock=startd_55466_a419>
...
040 (5415472.087.000) 07/19 16:29:11 Started transferring output files
...
040 (5415472.087.000) 07/19 16:29:11 Finished transferring output files
...
004 (5415472.087.000) 07/19 16:29:11 Job was evicted.
	(0) CPU times
		Usr 14 19:35:58, Sys 0 00:29:57  -  Run Remote Usage
		Usr 0 00:00:00, Sys 0 00:00:00  -  Run Local Usage
	96412  -  Run Bytes Sent By Job
	803  -  Run Bytes Received By Job
	Partitionable Resources :    Usage  Request Allocated 
	   Cpus                 :     3.12        4         4 
	   Disk (KB)            :   122    10485760  12207523 
	   Memory (MB)          :  1221        8000      8000 
...
