000 (5415472.112.000) 07/11 14:02:29 Job submitted from host: <137.138.156.150:9618?addrs=137.138.156.150-9618+[2001-1458-d00-14--9a]-9618&alias=bigbird13.cern.ch&noUDP&sock=schedd_1788_ff6c>
...
040 (5415472.112.000) 07/11 14:13:21 Started transferring input files
	Transferring to host: <128.142.75.156:9618?addrs=128.142.75.156-9618+[2001-1458-301-75--100-2c2]-9618&alias=b7s11n2841.cern.ch&noUDP&sock=slot1_2_3336_4381_65931>
...
040 (5415472.112.000) 07/11 14:13:21 Finished transferring input files
...
001 (5415472.112.000) 07/11 14:13:22 Job executing on host: <128.142.75.156:9618?addrs=128.142.75.156-9618+[2001-1458-301-75--100-2c2]-9618&alias=b7s11n2841.cern.ch&noUDP&sock=startd_2859_9d5b>
...
006 (5415472.112.000) 07/11 14:13:31 Image size of job updated: 457772
	25  -  MemoryUsage of job (MB)
	25364  -  ResidentSetSize of job (KB)
...
006 (5415472.112.000) 07/11 14:18:31 Image size of job updated: 1591128
	1004  -  MemoryUsage of job (MB)
	1027580  -  ResidentSetSize of job (KB)
...
006 (5415472.112.000) 07/13 17:00:02 Image size of job updated: 1592108
	1005  -  MemoryUsage of job (MB)
	1028416  -  ResidentSetSize of job (KB)
...
006 (5415472.112.000) 07/13 18:01:00 Image size of job updated: 1593012
	1006  -  MemoryUsage of job (MB)
	1029320  -  ResidentSetSize of job (KB)
...
006 (5415472.112.000) 07/13 19:01:04 Image size of job updated: 1593920
	1007  -  MemoryUsage of job (MB)
	1030228  -  ResidentSetSize of job (KB)
...
006 (5415472.112.000) 07/13 19:56:09 Image size of job updated: 1594824
	1007  -  MemoryUsage of job (MB)
	1031132  -  ResidentSetSize of job (KB)
...
006 (5415472.112.000) 07/13 20:46:14 Image size of job updated: 1595732
	1008  -  MemoryUsage of job (MB)
	1032040  -  ResidentSetSize of job (KB)
...
006 (5415472.112.000) 07/13 21:36:18 Image size of job updated: 1595732
	1009  -  MemoryUsage of job (MB)
	1032944  -  ResidentSetSize of job (KB)
...
006 (5415472.112.000) 07/13 21:41:19 Image size of job updated: 1596636
	1009  -  MemoryUsage of job (MB)
	1032944  -  ResidentSetSize of job (KB)
...
006 (5415472.112.000) 07/13 22:36:26 Image size of job updated: 1597540
	1010  -  MemoryUsage of job (MB)
	1033848  -  ResidentSetSize of job (KB)
...
006 (5415472.112.000) 07/13 23:41:32 Image size of job updated: 1598448
	1011  -  MemoryUsage of job (MB)
	1034756  -  ResidentSetSize of job (KB)
...
006 (5415472.112.000) 07/14 00:46:37 Image size of job updated: 1599352
	1012  -  MemoryUsage of job (MB)
	1035660  -  ResidentSetSize of job (KB)
...
006 (5415472.112.000) 07/14 01:51:42 Image size of job updated: 1600260
	1013  -  MemoryUsage of job (MB)
	1036568  -  ResidentSetSize of job (KB)
...
006 (5415472.112.000) 07/14 02:56:52 Image size of job updated: 1601164
	1014  -  MemoryUsage of job (MB)
	1037472  -  ResidentSetSize of job (KB)
...
006 (5415472.112.000) 07/14 04:01:59 Image size of job updated: 1602068
	1015  -  MemoryUsage of job (MB)
	1038376  -  ResidentSetSize of job (KB)
...
006 (5415472.112.000) 07/14 05:02:06 Image size of job updated: 1602976
	1015  -  MemoryUsage of job (MB)
	1039284  -  ResidentSetSize of job (KB)
...
006 (5415472.112.000) 07/14 05:57:10 Image size of job updated: 1603880
	1016  -  MemoryUsage of job (MB)
	1040188  -  ResidentSetSize of job (KB)
...
006 (5415472.112.000) 07/14 06:57:16 Image size of job updated: 1604788
	1017  -  MemoryUsage of job (MB)
	1041096  -  ResidentSetSize of job (KB)
...
006 (5415472.112.000) 07/14 07:52:24 Image size of job updated: 1605692
	1018  -  MemoryUsage of job (MB)
	1042000  -  ResidentSetSize of job (KB)
...
006 (5415472.112.000) 07/14 08:42:28 Image size of job updated: 1606600
	1019  -  MemoryUsage of job (MB)
	1042908  -  ResidentSetSize of job (KB)
...
006 (5415472.112.000) 07/14 09:32:32 Image size of job updated: 1607504
	1020  -  MemoryUsage of job (MB)
	1043812  -  ResidentSetSize of job (KB)
...
006 (5415472.112.000) 07/14 10:32:35 Image size of job updated: 1608408
	1021  -  MemoryUsage of job (MB)
	1044716  -  ResidentSetSize of job (KB)
...
006 (5415472.112.000) 07/14 11:32:41 Image size of job updated: 1609316
	1021  -  MemoryUsage of job (MB)
	1044716  -  ResidentSetSize of job (KB)
...
006 (5415472.112.000) 07/14 12:32:48 Image size of job updated: 1610220
	1021  -  MemoryUsage of job (MB)
	1044716  -  ResidentSetSize of job (KB)
...
006 (5415472.112.000) 07/14 13:02:51 Image size of job updated: 1613292
	1021  -  MemoryUsage of job (MB)
	1044716  -  ResidentSetSize of job (KB)
...
040 (5415472.112.000) 07/14 14:03:23 Started transferring output files
...
040 (5415472.112.000) 07/14 14:03:23 Finished transferring output files
...
004 (5415472.112.000) 07/14 14:03:23 Job was evicted.
	(0) CPU times
		Usr 8 16:23:03, Sys 0 00:01:50  -  Run Remote Usage
		Usr 0 00:00:00, Sys 0 00:00:00  -  Run Local Usage
	96205  -  Run Bytes Sent By Job
	803  -  Run Bytes Received By Job
	Partitionable Resources :    Usage  Request Allocated 
	   Cpus                 :     2.99        4         4 
	   Disk (KB)            :   120    10485760  10716135 
	   Memory (MB)          :  1021        8000      8000 
...
040 (5415472.112.000) 07/14 21:25:05 Started transferring input files
	Transferring to host: <188.184.205.166:9618?addrs=188.184.205.166-9618+[2001-1458-301-7d--100-1b0]-9618&alias=b7g27n0063.cern.ch&noUDP&sock=slot1_1_2600_af63_94801>
...
040 (5415472.112.000) 07/14 21:25:05 Finished transferring input files
...
001 (5415472.112.000) 07/14 21:25:06 Job executing on host: <188.184.205.166:9618?addrs=188.184.205.166-9618+[2001-1458-301-7d--100-1b0]-9618&alias=b7g27n0063.cern.ch&noUDP&sock=startd_2109_2d53>
...
040 (5415472.112.000) 07/20 18:55:17 Started transferring output files
...
040 (5415472.112.000) 07/20 18:55:17 Finished transferring output files
...
005 (5415472.112.000) 07/20 18:55:18 Job terminated.
	(1) Normal termination (return value 0)
		Usr 16 17:15:28, Sys 0 00:11:56  -  Run Remote Usage
		Usr 0 00:00:00, Sys 0 00:00:00  -  Run Local Usage
		Usr 25 09:38:31, Sys 0 00:13:46  -  Total Remote Usage
		Usr 0 00:00:00, Sys 0 00:00:00  -  Total Local Usage
	96433  -  Run Bytes Sent By Job
	97008  -  Run Bytes Received By Job
	192638  -  Total Bytes Sent By Job
	97811  -  Total Bytes Received By Job
	Partitionable Resources :    Usage  Request Allocated 
	   Cpus                 :     2.97        4         4 
	   Disk (KB)            :   122    10485760  10633655 
	   Memory (MB)          :  1221        8000      8000 

	Job terminated of its own accord at 2021-07-20T16:55:17Z.
...
