000 (5415472.271.000) 07/11 14:02:29 Job submitted from host: <137.138.156.150:9618?addrs=137.138.156.150-9618+[2001-1458-d00-14--9a]-9618&alias=bigbird13.cern.ch&noUDP&sock=schedd_1788_ff6c>
...
040 (5415472.271.000) 07/11 14:33:13 Started transferring input files
	Transferring to host: <188.184.169.119:9618?addrs=188.184.169.119-9618+[2001-1458-301-c0--100-137]-9618&alias=b7g52n3498.cern.ch&noUDP&sock=slot1_2_6657_3568_63887>
...
040 (5415472.271.000) 07/11 14:33:13 Finished transferring input files
...
001 (5415472.271.000) 07/11 14:33:14 Job executing on host: <188.184.169.119:9618?addrs=188.184.169.119-9618+[2001-1458-301-c0--100-137]-9618&alias=b7g52n3498.cern.ch&noUDP&sock=startd_5223_1f3e>
...
006 (5415472.271.000) 07/11 14:33:22 Image size of job updated: 474376
	68  -  MemoryUsage of job (MB)
	68628  -  ResidentSetSize of job (KB)
...
006 (5415472.271.000) 07/11 14:38:22 Image size of job updated: 1590784
	1004  -  MemoryUsage of job (MB)
	1027224  -  ResidentSetSize of job (KB)
...
006 (5415472.271.000) 07/13 17:52:03 Image size of job updated: 1591764
	1004  -  MemoryUsage of job (MB)
	1027224  -  ResidentSetSize of job (KB)
...
006 (5415472.271.000) 07/13 18:52:10 Image size of job updated: 1592672
	1004  -  MemoryUsage of job (MB)
	1027224  -  ResidentSetSize of job (KB)
...
006 (5415472.271.000) 07/13 19:57:17 Image size of job updated: 1593576
	1004  -  MemoryUsage of job (MB)
	1027224  -  ResidentSetSize of job (KB)
...
006 (5415472.271.000) 07/13 20:57:24 Image size of job updated: 1594480
	1004  -  MemoryUsage of job (MB)
	1027224  -  ResidentSetSize of job (KB)
...
006 (5415472.271.000) 07/13 22:02:29 Image size of job updated: 1595388
	1004  -  MemoryUsage of job (MB)
	1027224  -  ResidentSetSize of job (KB)
...
006 (5415472.271.000) 07/13 23:02:35 Image size of job updated: 1596292
	1004  -  MemoryUsage of job (MB)
	1027224  -  ResidentSetSize of job (KB)
...
006 (5415472.271.000) 07/14 00:12:42 Image size of job updated: 1597200
	1004  -  MemoryUsage of job (MB)
	1027224  -  ResidentSetSize of job (KB)
...
006 (5415472.271.000) 07/14 01:32:50 Image size of job updated: 1598104
	1004  -  MemoryUsage of job (MB)
	1027224  -  ResidentSetSize of job (KB)
...
006 (5415472.271.000) 07/14 02:47:57 Image size of job updated: 1599008
	1004  -  MemoryUsage of job (MB)
	1027224  -  ResidentSetSize of job (KB)
...
006 (5415472.271.000) 07/14 04:03:05 Image size of job updated: 1599916
	1004  -  MemoryUsage of job (MB)
	1027224  -  ResidentSetSize of job (KB)
...
006 (5415472.271.000) 07/14 05:08:10 Image size of job updated: 1600820
	1004  -  MemoryUsage of job (MB)
	1027224  -  ResidentSetSize of job (KB)
...
006 (5415472.271.000) 07/14 06:08:15 Image size of job updated: 1601728
	1004  -  MemoryUsage of job (MB)
	1027224  -  ResidentSetSize of job (KB)
...
006 (5415472.271.000) 07/14 07:08:22 Image size of job updated: 1602632
	1004  -  MemoryUsage of job (MB)
	1027224  -  ResidentSetSize of job (KB)
...
006 (5415472.271.000) 07/14 08:08:29 Image size of job updated: 1603536
	1004  -  MemoryUsage of job (MB)
	1027224  -  ResidentSetSize of job (KB)
...
006 (5415472.271.000) 07/14 09:03:35 Image size of job updated: 1604444
	1004  -  MemoryUsage of job (MB)
	1027224  -  ResidentSetSize of job (KB)
...
006 (5415472.271.000) 07/14 10:03:42 Image size of job updated: 1605348
	1004  -  MemoryUsage of job (MB)
	1027224  -  ResidentSetSize of job (KB)
...
006 (5415472.271.000) 07/14 11:08:46 Image size of job updated: 1606256
	1004  -  MemoryUsage of job (MB)
	1027224  -  ResidentSetSize of job (KB)
...
006 (5415472.271.000) 07/14 12:08:52 Image size of job updated: 1607160
	1004  -  MemoryUsage of job (MB)
	1027224  -  ResidentSetSize of job (KB)
...
006 (5415472.271.000) 07/14 13:08:59 Image size of job updated: 1608064
	1004  -  MemoryUsage of job (MB)
	1027224  -  ResidentSetSize of job (KB)
...
006 (5415472.271.000) 07/14 14:04:04 Image size of job updated: 1608972
	1004  -  MemoryUsage of job (MB)
	1027224  -  ResidentSetSize of job (KB)
...
040 (5415472.271.000) 07/14 14:23:11 Started transferring output files
...
040 (5415472.271.000) 07/14 14:23:11 Finished transferring output files
...
004 (5415472.271.000) 07/14 14:23:11 Job was evicted.
	(0) CPU times
		Usr 8 15:13:35, Sys 0 00:01:34  -  Run Remote Usage
		Usr 0 00:00:00, Sys 0 00:00:00  -  Run Local Usage
	96194  -  Run Bytes Sent By Job
	803  -  Run Bytes Received By Job
	Partitionable Resources :    Usage  Request Allocated 
	   Cpus                 :     2.90        4         4 
	   Disk (KB)            :   120    10485760  10636055 
	   Memory (MB)          :  1004        8000      8000 
...
040 (5415472.271.000) 07/14 21:26:30 Started transferring input files
	Transferring to host: <128.142.59.38:9618?addrs=128.142.59.38-9618+[2001-1458-301-21--100-25]-9618&alias=b7s04p0780.cern.ch&noUDP&sock=slot1_1_6828_b18f_5576>
...
040 (5415472.271.000) 07/14 21:26:36 Finished transferring input files
...
001 (5415472.271.000) 07/14 21:28:22 Job executing on host: <128.142.59.38:9618?addrs=128.142.59.38-9618+[2001-1458-301-21--100-25]-9618&alias=b7s04p0780.cern.ch&noUDP&sock=startd_6374_9cc0>
...
040 (5415472.271.000) 07/18 13:37:50 Started transferring output files
...
040 (5415472.271.000) 07/18 13:37:50 Finished transferring output files
...
004 (5415472.271.000) 07/18 13:37:50 Job was evicted.
	(0) CPU times
		Usr 11 07:59:46, Sys 0 00:21:02  -  Run Remote Usage
		Usr 0 00:00:00, Sys 0 00:00:00  -  Run Local Usage
	96422  -  Run Bytes Sent By Job
	96997  -  Run Bytes Received By Job
	Partitionable Resources :    Usage  Request Allocated 
	   Cpus                 :     3.05        4         4 
	   Disk (KB)            :   123    10485760  12255432 
	   Memory (MB)          :  1221        8000      8000 
...
