000 (5415472.031.000) 07/11 14:02:28 Job submitted from host: <137.138.156.150:9618?addrs=137.138.156.150-9618+[2001-1458-d00-14--9a]-9618&alias=bigbird13.cern.ch&noUDP&sock=schedd_1788_ff6c>
...
040 (5415472.031.000) 07/11 14:03:26 Started transferring input files
	Transferring to host: <128.142.59.36:9618?addrs=128.142.59.36-9618+[2001-1458-301-21--100-23]-9618&alias=b7s04p7780.cern.ch&noUDP&sock=slot1_29_6574_ba44_2458>
...
040 (5415472.031.000) 07/11 14:03:26 Finished transferring input files
...
001 (5415472.031.000) 07/11 14:03:27 Job executing on host: <128.142.59.36:9618?addrs=128.142.59.36-9618+[2001-1458-301-21--100-23]-9618&alias=b7s04p7780.cern.ch&noUDP&sock=startd_6356_440b>
...
006 (5415472.031.000) 07/11 14:03:36 Image size of job updated: 127528
	51  -  MemoryUsage of job (MB)
	51760  -  ResidentSetSize of job (KB)
...
006 (5415472.031.000) 07/11 14:08:37 Image size of job updated: 1590944
	1004  -  MemoryUsage of job (MB)
	1027384  -  ResidentSetSize of job (KB)
...
006 (5415472.031.000) 07/12 22:31:54 Image size of job updated: 1591928
	1004  -  MemoryUsage of job (MB)
	1028080  -  ResidentSetSize of job (KB)
...
006 (5415472.031.000) 07/12 23:16:58 Image size of job updated: 1592832
	1005  -  MemoryUsage of job (MB)
	1028984  -  ResidentSetSize of job (KB)
...
006 (5415472.031.000) 07/12 23:56:59 Image size of job updated: 1593736
	1006  -  MemoryUsage of job (MB)
	1029888  -  ResidentSetSize of job (KB)
...
006 (5415472.031.000) 07/13 00:42:03 Image size of job updated: 1594644
	1007  -  MemoryUsage of job (MB)
	1030796  -  ResidentSetSize of job (KB)
...
006 (5415472.031.000) 07/13 01:22:06 Image size of job updated: 1595548
	1008  -  MemoryUsage of job (MB)
	1031700  -  ResidentSetSize of job (KB)
...
006 (5415472.031.000) 07/13 02:07:11 Image size of job updated: 1596456
	1009  -  MemoryUsage of job (MB)
	1032608  -  ResidentSetSize of job (KB)
...
006 (5415472.031.000) 07/13 02:47:17 Image size of job updated: 1597360
	1010  -  MemoryUsage of job (MB)
	1033512  -  ResidentSetSize of job (KB)
...
006 (5415472.031.000) 07/13 03:27:22 Image size of job updated: 1598264
	1011  -  MemoryUsage of job (MB)
	1034416  -  ResidentSetSize of job (KB)
...
006 (5415472.031.000) 07/13 04:07:24 Image size of job updated: 1599172
	1012  -  MemoryUsage of job (MB)
	1035324  -  ResidentSetSize of job (KB)
...
006 (5415472.031.000) 07/13 04:47:29 Image size of job updated: 1600076
	1012  -  MemoryUsage of job (MB)
	1036228  -  ResidentSetSize of job (KB)
...
006 (5415472.031.000) 07/13 05:22:31 Image size of job updated: 1600076
	1013  -  MemoryUsage of job (MB)
	1037136  -  ResidentSetSize of job (KB)
...
006 (5415472.031.000) 07/13 05:27:31 Image size of job updated: 1600984
	1013  -  MemoryUsage of job (MB)
	1037136  -  ResidentSetSize of job (KB)
...
006 (5415472.031.000) 07/13 06:02:35 Image size of job updated: 1601888
	1014  -  MemoryUsage of job (MB)
	1038040  -  ResidentSetSize of job (KB)
...
006 (5415472.031.000) 07/13 06:42:39 Image size of job updated: 1602796
	1015  -  MemoryUsage of job (MB)
	1038948  -  ResidentSetSize of job (KB)
...
006 (5415472.031.000) 07/13 07:27:45 Image size of job updated: 1603700
	1016  -  MemoryUsage of job (MB)
	1039852  -  ResidentSetSize of job (KB)
...
006 (5415472.031.000) 07/13 08:07:48 Image size of job updated: 1604604
	1017  -  MemoryUsage of job (MB)
	1040756  -  ResidentSetSize of job (KB)
...
006 (5415472.031.000) 07/13 08:52:52 Image size of job updated: 1605512
	1018  -  MemoryUsage of job (MB)
	1041664  -  ResidentSetSize of job (KB)
...
006 (5415472.031.000) 07/13 09:37:57 Image size of job updated: 1606416
	1019  -  MemoryUsage of job (MB)
	1042568  -  ResidentSetSize of job (KB)
...
006 (5415472.031.000) 07/13 10:17:59 Image size of job updated: 1607324
	1020  -  MemoryUsage of job (MB)
	1043476  -  ResidentSetSize of job (KB)
...
006 (5415472.031.000) 07/13 11:03:31 Image size of job updated: 1608228
	1020  -  MemoryUsage of job (MB)
	1044380  -  ResidentSetSize of job (KB)
...
006 (5415472.031.000) 07/13 11:43:23 Image size of job updated: 1609132
	1021  -  MemoryUsage of job (MB)
	1045284  -  ResidentSetSize of job (KB)
...
006 (5415472.031.000) 07/13 12:07:26 Image size of job updated: 1612204
	1023  -  MemoryUsage of job (MB)
	1046844  -  ResidentSetSize of job (KB)
...
006 (5415472.031.000) 07/13 12:27:28 Image size of job updated: 1612204
	1023  -  MemoryUsage of job (MB)
	1046856  -  ResidentSetSize of job (KB)
...
006 (5415472.031.000) 07/13 12:52:32 Image size of job updated: 1612204
	1023  -  MemoryUsage of job (MB)
	1046868  -  ResidentSetSize of job (KB)
...
006 (5415472.031.000) 07/13 13:07:33 Image size of job updated: 1613112
	1024  -  MemoryUsage of job (MB)
	1047776  -  ResidentSetSize of job (KB)
...
006 (5415472.031.000) 07/13 13:12:33 Image size of job updated: 1613112
	1024  -  MemoryUsage of job (MB)
	1047788  -  ResidentSetSize of job (KB)
...
006 (5415472.031.000) 07/13 13:32:35 Image size of job updated: 1613112
	1024  -  MemoryUsage of job (MB)
	1047800  -  ResidentSetSize of job (KB)
...
006 (5415472.031.000) 07/13 13:47:38 Image size of job updated: 1614016
	1025  -  MemoryUsage of job (MB)
	1048704  -  ResidentSetSize of job (KB)
...
006 (5415472.031.000) 07/13 13:52:38 Image size of job updated: 1614016
	1025  -  MemoryUsage of job (MB)
	1048716  -  ResidentSetSize of job (KB)
...
006 (5415472.031.000) 07/13 14:12:42 Image size of job updated: 1614016
	1025  -  MemoryUsage of job (MB)
	1048728  -  ResidentSetSize of job (KB)
...
006 (5415472.031.000) 07/13 14:22:44 Image size of job updated: 1618544
	1029  -  MemoryUsage of job (MB)
	1053256  -  ResidentSetSize of job (KB)
...
006 (5415472.031.000) 07/13 14:32:45 Image size of job updated: 1618544
	1029  -  MemoryUsage of job (MB)
	1053268  -  ResidentSetSize of job (KB)
...
006 (5415472.031.000) 07/13 14:57:45 Image size of job updated: 1618544
	1029  -  MemoryUsage of job (MB)
	1053280  -  ResidentSetSize of job (KB)
...
006 (5415472.031.000) 07/13 15:17:46 Image size of job updated: 1618544
	1029  -  MemoryUsage of job (MB)
	1053292  -  ResidentSetSize of job (KB)
...
006 (5415472.031.000) 07/13 15:37:48 Image size of job updated: 1618544
	1029  -  MemoryUsage of job (MB)
	1053304  -  ResidentSetSize of job (KB)
...
006 (5415472.031.000) 07/13 15:57:50 Image size of job updated: 1618544
	1029  -  MemoryUsage of job (MB)
	1053316  -  ResidentSetSize of job (KB)
...
006 (5415472.031.000) 07/13 16:22:53 Image size of job updated: 1618544
	1029  -  MemoryUsage of job (MB)
	1053328  -  ResidentSetSize of job (KB)
...
006 (5415472.031.000) 07/13 16:42:55 Image size of job updated: 1618544
	1029  -  MemoryUsage of job (MB)
	1053340  -  ResidentSetSize of job (KB)
...
006 (5415472.031.000) 07/13 17:07:59 Image size of job updated: 1618544
	1029  -  MemoryUsage of job (MB)
	1053352  -  ResidentSetSize of job (KB)
...
006 (5415472.031.000) 07/13 17:28:02 Image size of job updated: 1618544
	1029  -  MemoryUsage of job (MB)
	1053364  -  ResidentSetSize of job (KB)
...
006 (5415472.031.000) 07/13 17:48:04 Image size of job updated: 1618544
	1029  -  MemoryUsage of job (MB)
	1053376  -  ResidentSetSize of job (KB)
...
006 (5415472.031.000) 07/13 18:13:07 Image size of job updated: 1618544
	1029  -  MemoryUsage of job (MB)
	1053388  -  ResidentSetSize of job (KB)
...
006 (5415472.031.000) 07/13 18:38:08 Image size of job updated: 1618544
	1029  -  MemoryUsage of job (MB)
	1053400  -  ResidentSetSize of job (KB)
...
006 (5415472.031.000) 07/13 18:58:11 Image size of job updated: 1618544
	1029  -  MemoryUsage of job (MB)
	1053412  -  ResidentSetSize of job (KB)
...
006 (5415472.031.000) 07/13 19:23:13 Image size of job updated: 1618544
	1029  -  MemoryUsage of job (MB)
	1053424  -  ResidentSetSize of job (KB)
...
006 (5415472.031.000) 07/13 19:48:15 Image size of job updated: 1618544
	1029  -  MemoryUsage of job (MB)
	1053436  -  ResidentSetSize of job (KB)
...
006 (5415472.031.000) 07/13 20:13:19 Image size of job updated: 1618544
	1029  -  MemoryUsage of job (MB)
	1053448  -  ResidentSetSize of job (KB)
...
006 (5415472.031.000) 07/13 20:38:22 Image size of job updated: 1618544
	1029  -  MemoryUsage of job (MB)
	1053460  -  ResidentSetSize of job (KB)
...
006 (5415472.031.000) 07/13 21:03:24 Image size of job updated: 1618544
	1029  -  MemoryUsage of job (MB)
	1053472  -  ResidentSetSize of job (KB)
...
006 (5415472.031.000) 07/13 21:28:27 Image size of job updated: 1618544
	1029  -  MemoryUsage of job (MB)
	1053484  -  ResidentSetSize of job (KB)
...
006 (5415472.031.000) 07/13 21:53:30 Image size of job updated: 1618544
	1029  -  MemoryUsage of job (MB)
	1053496  -  ResidentSetSize of job (KB)
...
006 (5415472.031.000) 07/13 22:18:31 Image size of job updated: 1618544
	1029  -  MemoryUsage of job (MB)
	1053508  -  ResidentSetSize of job (KB)
...
006 (5415472.031.000) 07/13 22:43:35 Image size of job updated: 1618544
	1029  -  MemoryUsage of job (MB)
	1053520  -  ResidentSetSize of job (KB)
...
006 (5415472.031.000) 07/13 23:08:40 Image size of job updated: 1618544
	1029  -  MemoryUsage of job (MB)
	1053532  -  ResidentSetSize of job (KB)
...
006 (5415472.031.000) 07/13 23:28:40 Image size of job updated: 1618544
	1029  -  MemoryUsage of job (MB)
	1053536  -  ResidentSetSize of job (KB)
...
006 (5415472.031.000) 07/13 23:33:40 Image size of job updated: 1618544
	1029  -  MemoryUsage of job (MB)
	1053544  -  ResidentSetSize of job (KB)
...
006 (5415472.031.000) 07/13 23:58:40 Image size of job updated: 1618544
	1029  -  MemoryUsage of job (MB)
	1053556  -  ResidentSetSize of job (KB)
...
006 (5415472.031.000) 07/14 00:23:41 Image size of job updated: 1618544
	1029  -  MemoryUsage of job (MB)
	1053568  -  ResidentSetSize of job (KB)
...
006 (5415472.031.000) 07/14 00:48:41 Image size of job updated: 1618544
	1029  -  MemoryUsage of job (MB)
	1053580  -  ResidentSetSize of job (KB)
...
006 (5415472.031.000) 07/14 01:08:44 Image size of job updated: 1618544
	1029  -  MemoryUsage of job (MB)
	1053592  -  ResidentSetSize of job (KB)
...
006 (5415472.031.000) 07/14 01:33:46 Image size of job updated: 1618544
	1029  -  MemoryUsage of job (MB)
	1053604  -  ResidentSetSize of job (KB)
...
006 (5415472.031.000) 07/14 01:58:50 Image size of job updated: 1618544
	1029  -  MemoryUsage of job (MB)
	1053616  -  ResidentSetSize of job (KB)
...
006 (5415472.031.000) 07/14 02:18:54 Image size of job updated: 1618544
	1029  -  MemoryUsage of job (MB)
	1053628  -  ResidentSetSize of job (KB)
...
006 (5415472.031.000) 07/14 02:43:56 Image size of job updated: 1618544
	1029  -  MemoryUsage of job (MB)
	1053640  -  ResidentSetSize of job (KB)
...
006 (5415472.031.000) 07/14 03:09:00 Image size of job updated: 1618544
	1029  -  MemoryUsage of job (MB)
	1053652  -  ResidentSetSize of job (KB)
...
007 (5415472.031.000) 07/14 21:12:07 Shadow exception!
	Assertion ERROR on (result)
	0  -  Run Bytes Sent By Job
	803  -  Run Bytes Received By Job
...
040 (5415472.031.000) 07/14 21:21:18 Started transferring input files
	Transferring to host: <128.142.82.215:9618?addrs=128.142.82.215-9618+[2001-1458-301-f5--100-59d]-9618&alias=b7s13n7917.cern.ch&noUDP&sock=slot1_1_5772_a564_58649>
...
040 (5415472.031.000) 07/14 21:21:18 Finished transferring input files
...
001 (5415472.031.000) 07/14 21:21:19 Job executing on host: <128.142.82.215:9618?addrs=128.142.82.215-9618+[2001-1458-301-f5--100-59d]-9618&alias=b7s13n7917.cern.ch&noUDP&sock=startd_4644_f9e8>
...
040 (5415472.031.000) 07/17 21:11:17 Started transferring output files
...
040 (5415472.031.000) 07/17 21:11:17 Finished transferring output files
...
004 (5415472.031.000) 07/17 21:11:17 Job was evicted.
	(0) CPU times
		Usr 8 14:34:15, Sys 0 00:02:03  -  Run Remote Usage
		Usr 0 00:00:00, Sys 0 00:00:00  -  Run Local Usage
	96419  -  Run Bytes Sent By Job
	803  -  Run Bytes Received By Job
	Partitionable Resources :    Usage  Request Allocated 
	   Cpus                 :     2.89        4         4 
	   Disk (KB)            :   122    10485760  10636672 
	   Memory (MB)          :  1221        8000      8000 
...
