000 (5415472.208.000) 07/11 14:02:29 Job submitted from host: <137.138.156.150:9618?addrs=137.138.156.150-9618+[2001-1458-d00-14--9a]-9618&alias=bigbird13.cern.ch&noUDP&sock=schedd_1788_ff6c>
...
040 (5415472.208.000) 07/11 14:20:11 Started transferring input files
	Transferring to host: <128.142.193.150:9618?addrs=128.142.193.150-9618+[2001-1458-301-cc--100-8f]-9618&alias=b7g52n4152.cern.ch&noUDP&sock=slot1_2_3674_6a4e_19758>
...
040 (5415472.208.000) 07/11 14:20:11 Finished transferring input files
...
001 (5415472.208.000) 07/11 14:20:12 Job executing on host: <128.142.193.150:9618?addrs=128.142.193.150-9618+[2001-1458-301-cc--100-8f]-9618&alias=b7g52n4152.cern.ch&noUDP&sock=startd_3037_b536>
...
006 (5415472.208.000) 07/11 14:20:21 Image size of job updated: 491544
	38  -  MemoryUsage of job (MB)
	38572  -  ResidentSetSize of job (KB)
...
006 (5415472.208.000) 07/11 14:25:22 Image size of job updated: 1590980
	1004  -  MemoryUsage of job (MB)
	1027424  -  ResidentSetSize of job (KB)
...
006 (5415472.208.000) 07/14 00:03:53 Image size of job updated: 1591964
	1005  -  MemoryUsage of job (MB)
	1028132  -  ResidentSetSize of job (KB)
...
006 (5415472.208.000) 07/14 01:14:00 Image size of job updated: 1592868
	1005  -  MemoryUsage of job (MB)
	1029036  -  ResidentSetSize of job (KB)
...
006 (5415472.208.000) 07/14 02:19:07 Image size of job updated: 1592868
	1006  -  MemoryUsage of job (MB)
	1029928  -  ResidentSetSize of job (KB)
...
006 (5415472.208.000) 07/14 02:24:07 Image size of job updated: 1593776
	1006  -  MemoryUsage of job (MB)
	1029928  -  ResidentSetSize of job (KB)
...
006 (5415472.208.000) 07/14 03:24:11 Image size of job updated: 1594680
	1007  -  MemoryUsage of job (MB)
	1030832  -  ResidentSetSize of job (KB)
...
006 (5415472.208.000) 07/14 04:29:17 Image size of job updated: 1595588
	1008  -  MemoryUsage of job (MB)
	1031740  -  ResidentSetSize of job (KB)
...
006 (5415472.208.000) 07/14 05:29:22 Image size of job updated: 1596492
	1009  -  MemoryUsage of job (MB)
	1032644  -  ResidentSetSize of job (KB)
...
006 (5415472.208.000) 07/14 06:29:27 Image size of job updated: 1597396
	1010  -  MemoryUsage of job (MB)
	1033548  -  ResidentSetSize of job (KB)
...
006 (5415472.208.000) 07/14 07:29:34 Image size of job updated: 1598304
	1011  -  MemoryUsage of job (MB)
	1034456  -  ResidentSetSize of job (KB)
...
006 (5415472.208.000) 07/14 08:29:42 Image size of job updated: 1599208
	1012  -  MemoryUsage of job (MB)
	1035360  -  ResidentSetSize of job (KB)
...
006 (5415472.208.000) 07/14 09:29:50 Image size of job updated: 1600116
	1012  -  MemoryUsage of job (MB)
	1036268  -  ResidentSetSize of job (KB)
...
006 (5415472.208.000) 07/14 10:34:54 Image size of job updated: 1601020
	1013  -  MemoryUsage of job (MB)
	1037172  -  ResidentSetSize of job (KB)
...
006 (5415472.208.000) 07/14 11:44:59 Image size of job updated: 1601924
	1014  -  MemoryUsage of job (MB)
	1038076  -  ResidentSetSize of job (KB)
...
006 (5415472.208.000) 07/14 12:55:05 Image size of job updated: 1602832
	1015  -  MemoryUsage of job (MB)
	1038984  -  ResidentSetSize of job (KB)
...
006 (5415472.208.000) 07/14 14:05:11 Image size of job updated: 1603736
	1016  -  MemoryUsage of job (MB)
	1039888  -  ResidentSetSize of job (KB)
...
006 (5415472.208.000) 07/14 15:15:16 Image size of job updated: 1604644
	1017  -  MemoryUsage of job (MB)
	1040796  -  ResidentSetSize of job (KB)
...
006 (5415472.208.000) 07/14 16:30:24 Image size of job updated: 1605548
	1018  -  MemoryUsage of job (MB)
	1041700  -  ResidentSetSize of job (KB)
...
006 (5415472.208.000) 07/14 17:40:34 Image size of job updated: 1606452
	1019  -  MemoryUsage of job (MB)
	1042604  -  ResidentSetSize of job (KB)
...
006 (5415472.208.000) 07/14 18:55:40 Image size of job updated: 1610980
	1023  -  MemoryUsage of job (MB)
	1047132  -  ResidentSetSize of job (KB)
...
006 (5415472.208.000) 07/14 23:11:03 Image size of job updated: 1614056
	1025  -  MemoryUsage of job (MB)
	1048692  -  ResidentSetSize of job (KB)
...
006 (5415472.208.000) 07/14 23:46:04 Image size of job updated: 1614056
	1025  -  MemoryUsage of job (MB)
	1048704  -  ResidentSetSize of job (KB)
...
006 (5415472.208.000) 07/15 00:21:08 Image size of job updated: 1614056
	1025  -  MemoryUsage of job (MB)
	1048716  -  ResidentSetSize of job (KB)
...
006 (5415472.208.000) 07/15 00:56:11 Image size of job updated: 1614056
	1025  -  MemoryUsage of job (MB)
	1048728  -  ResidentSetSize of job (KB)
...
006 (5415472.208.000) 07/15 01:36:14 Image size of job updated: 1614056
	1025  -  MemoryUsage of job (MB)
	1048740  -  ResidentSetSize of job (KB)
...
006 (5415472.208.000) 07/15 02:11:18 Image size of job updated: 1614056
	1025  -  MemoryUsage of job (MB)
	1048752  -  ResidentSetSize of job (KB)
...
006 (5415472.208.000) 07/15 02:51:22 Image size of job updated: 1614056
	1025  -  MemoryUsage of job (MB)
	1048764  -  ResidentSetSize of job (KB)
...
006 (5415472.208.000) 07/15 03:26:25 Image size of job updated: 1614056
	1025  -  MemoryUsage of job (MB)
	1048776  -  ResidentSetSize of job (KB)
...
006 (5415472.208.000) 07/15 04:06:27 Image size of job updated: 1614056
	1025  -  MemoryUsage of job (MB)
	1048788  -  ResidentSetSize of job (KB)
...
006 (5415472.208.000) 07/15 04:46:31 Image size of job updated: 1614056
	1025  -  MemoryUsage of job (MB)
	1048800  -  ResidentSetSize of job (KB)
...
006 (5415472.208.000) 07/15 05:26:34 Image size of job updated: 1614056
	1025  -  MemoryUsage of job (MB)
	1048812  -  ResidentSetSize of job (KB)
...
006 (5415472.208.000) 07/15 06:06:40 Image size of job updated: 1614056
	1025  -  MemoryUsage of job (MB)
	1048824  -  ResidentSetSize of job (KB)
...
006 (5415472.208.000) 07/15 06:46:45 Image size of job updated: 1614056
	1025  -  MemoryUsage of job (MB)
	1048836  -  ResidentSetSize of job (KB)
...
006 (5415472.208.000) 07/15 07:21:47 Image size of job updated: 1614056
	1025  -  MemoryUsage of job (MB)
	1048848  -  ResidentSetSize of job (KB)
...
006 (5415472.208.000) 07/15 08:06:52 Image size of job updated: 1614056
	1025  -  MemoryUsage of job (MB)
	1048860  -  ResidentSetSize of job (KB)
...
006 (5415472.208.000) 07/15 08:46:55 Image size of job updated: 1614056
	1025  -  MemoryUsage of job (MB)
	1048872  -  ResidentSetSize of job (KB)
...
006 (5415472.208.000) 07/15 09:27:00 Image size of job updated: 1614056
	1025  -  MemoryUsage of job (MB)
	1048884  -  ResidentSetSize of job (KB)
...
006 (5415472.208.000) 07/15 10:07:03 Image size of job updated: 1614056
	1025  -  MemoryUsage of job (MB)
	1048896  -  ResidentSetSize of job (KB)
...
006 (5415472.208.000) 07/15 10:52:10 Image size of job updated: 1614056
	1025  -  MemoryUsage of job (MB)
	1048908  -  ResidentSetSize of job (KB)
...
006 (5415472.208.000) 07/15 11:32:15 Image size of job updated: 1614056
	1025  -  MemoryUsage of job (MB)
	1048920  -  ResidentSetSize of job (KB)
...
006 (5415472.208.000) 07/15 12:17:17 Image size of job updated: 1614056
	1025  -  MemoryUsage of job (MB)
	1048932  -  ResidentSetSize of job (KB)
...
006 (5415472.208.000) 07/15 12:57:20 Image size of job updated: 1614056
	1025  -  MemoryUsage of job (MB)
	1048944  -  ResidentSetSize of job (KB)
...
006 (5415472.208.000) 07/15 13:37:25 Image size of job updated: 1614056
	1025  -  MemoryUsage of job (MB)
	1048956  -  ResidentSetSize of job (KB)
...
006 (5415472.208.000) 07/15 14:17:29 Image size of job updated: 1614056
	1025  -  MemoryUsage of job (MB)
	1048968  -  ResidentSetSize of job (KB)
...
006 (5415472.208.000) 07/15 14:57:33 Image size of job updated: 1614056
	1025  -  MemoryUsage of job (MB)
	1048980  -  ResidentSetSize of job (KB)
...
006 (5415472.208.000) 07/15 15:37:37 Image size of job updated: 1614056
	1025  -  MemoryUsage of job (MB)
	1048992  -  ResidentSetSize of job (KB)
...
006 (5415472.208.000) 07/15 16:17:41 Image size of job updated: 1614056
	1025  -  MemoryUsage of job (MB)
	1049004  -  ResidentSetSize of job (KB)
...
006 (5415472.208.000) 07/15 16:57:48 Image size of job updated: 1614056
	1025  -  MemoryUsage of job (MB)
	1049016  -  ResidentSetSize of job (KB)
...
006 (5415472.208.000) 07/15 17:37:52 Image size of job updated: 1614056
	1025  -  MemoryUsage of job (MB)
	1049028  -  ResidentSetSize of job (KB)
...
006 (5415472.208.000) 07/15 18:17:56 Image size of job updated: 1614056
	1025  -  MemoryUsage of job (MB)
	1049040  -  ResidentSetSize of job (KB)
...
006 (5415472.208.000) 07/15 18:58:02 Image size of job updated: 1614056
	1025  -  MemoryUsage of job (MB)
	1049052  -  ResidentSetSize of job (KB)
...
006 (5415472.208.000) 07/15 19:33:06 Image size of job updated: 1614056
	1025  -  MemoryUsage of job (MB)
	1049064  -  ResidentSetSize of job (KB)
...
006 (5415472.208.000) 07/15 20:13:07 Image size of job updated: 1614056
	1025  -  MemoryUsage of job (MB)
	1049076  -  ResidentSetSize of job (KB)
...
006 (5415472.208.000) 07/15 20:53:10 Image size of job updated: 1614056
	1025  -  MemoryUsage of job (MB)
	1049088  -  ResidentSetSize of job (KB)
...
006 (5415472.208.000) 07/15 21:33:13 Image size of job updated: 1614056
	1025  -  MemoryUsage of job (MB)
	1049100  -  ResidentSetSize of job (KB)
...
006 (5415472.208.000) 07/15 22:13:18 Image size of job updated: 1614056
	1025  -  MemoryUsage of job (MB)
	1049112  -  ResidentSetSize of job (KB)
...
006 (5415472.208.000) 07/15 22:53:23 Image size of job updated: 1614056
	1025  -  MemoryUsage of job (MB)
	1049124  -  ResidentSetSize of job (KB)
...
006 (5415472.208.000) 07/15 23:38:26 Image size of job updated: 1614056
	1025  -  MemoryUsage of job (MB)
	1049136  -  ResidentSetSize of job (KB)
...
006 (5415472.208.000) 07/16 00:18:29 Image size of job updated: 1614056
	1025  -  MemoryUsage of job (MB)
	1049148  -  ResidentSetSize of job (KB)
...
006 (5415472.208.000) 07/16 00:58:33 Image size of job updated: 1614056
	1025  -  MemoryUsage of job (MB)
	1049160  -  ResidentSetSize of job (KB)
...
006 (5415472.208.000) 07/16 01:43:37 Image size of job updated: 1614056
	1025  -  MemoryUsage of job (MB)
	1049172  -  ResidentSetSize of job (KB)
...
006 (5415472.208.000) 07/16 02:23:41 Image size of job updated: 1614056
	1025  -  MemoryUsage of job (MB)
	1049184  -  ResidentSetSize of job (KB)
...
006 (5415472.208.000) 07/16 03:03:43 Image size of job updated: 1614056
	1025  -  MemoryUsage of job (MB)
	1049196  -  ResidentSetSize of job (KB)
...
006 (5415472.208.000) 07/16 03:48:47 Image size of job updated: 1614056
	1025  -  MemoryUsage of job (MB)
	1049208  -  ResidentSetSize of job (KB)
...
006 (5415472.208.000) 07/16 04:28:50 Image size of job updated: 1614056
	1025  -  MemoryUsage of job (MB)
	1049220  -  ResidentSetSize of job (KB)
...
006 (5415472.208.000) 07/16 05:13:53 Image size of job updated: 1614056
	1025  -  MemoryUsage of job (MB)
	1049232  -  ResidentSetSize of job (KB)
...
006 (5415472.208.000) 07/16 05:58:57 Image size of job updated: 1614056
	1025  -  MemoryUsage of job (MB)
	1049244  -  ResidentSetSize of job (KB)
...
006 (5415472.208.000) 07/16 06:39:01 Image size of job updated: 1614056
	1025  -  MemoryUsage of job (MB)
	1049256  -  ResidentSetSize of job (KB)
...
006 (5415472.208.000) 07/16 07:19:04 Image size of job updated: 1614056
	1025  -  MemoryUsage of job (MB)
	1049264  -  ResidentSetSize of job (KB)
...
006 (5415472.208.000) 07/16 07:24:04 Image size of job updated: 1614056
	1025  -  MemoryUsage of job (MB)
	1049268  -  ResidentSetSize of job (KB)
...
006 (5415472.208.000) 07/16 08:04:10 Image size of job updated: 1614056
	1025  -  MemoryUsage of job (MB)
	1049280  -  ResidentSetSize of job (KB)
...
006 (5415472.208.000) 07/16 08:44:16 Image size of job updated: 1614056
	1025  -  MemoryUsage of job (MB)
	1049292  -  ResidentSetSize of job (KB)
...
006 (5415472.208.000) 07/16 09:24:19 Image size of job updated: 1614056
	1025  -  MemoryUsage of job (MB)
	1049304  -  ResidentSetSize of job (KB)
...
006 (5415472.208.000) 07/16 09:59:25 Image size of job updated: 1614056
	1025  -  MemoryUsage of job (MB)
	1049316  -  ResidentSetSize of job (KB)
...
006 (5415472.208.000) 07/16 10:34:26 Image size of job updated: 1614056
	1025  -  MemoryUsage of job (MB)
	1049320  -  ResidentSetSize of job (KB)
...
006 (5415472.208.000) 07/16 10:39:27 Image size of job updated: 1614056
	1025  -  MemoryUsage of job (MB)
	1049328  -  ResidentSetSize of job (KB)
...
006 (5415472.208.000) 07/16 11:14:31 Image size of job updated: 1614056
	1025  -  MemoryUsage of job (MB)
	1049340  -  ResidentSetSize of job (KB)
...
006 (5415472.208.000) 07/16 11:49:34 Image size of job updated: 1614056
	1025  -  MemoryUsage of job (MB)
	1049352  -  ResidentSetSize of job (KB)
...
006 (5415472.208.000) 07/16 12:24:39 Image size of job updated: 1614056
	1025  -  MemoryUsage of job (MB)
	1049364  -  ResidentSetSize of job (KB)
...
006 (5415472.208.000) 07/16 12:59:43 Image size of job updated: 1614056
	1025  -  MemoryUsage of job (MB)
	1049372  -  ResidentSetSize of job (KB)
...
006 (5415472.208.000) 07/16 13:04:43 Image size of job updated: 1614056
	1025  -  MemoryUsage of job (MB)
	1049376  -  ResidentSetSize of job (KB)
...
006 (5415472.208.000) 07/16 13:39:47 Image size of job updated: 1614056
	1025  -  MemoryUsage of job (MB)
	1049388  -  ResidentSetSize of job (KB)
...
006 (5415472.208.000) 07/16 14:09:49 Image size of job updated: 1614056
	1025  -  MemoryUsage of job (MB)
	1049400  -  ResidentSetSize of job (KB)
...
006 (5415472.208.000) 07/16 14:39:53 Image size of job updated: 1614056
	1025  -  MemoryUsage of job (MB)
	1049408  -  ResidentSetSize of job (KB)
...
006 (5415472.208.000) 07/16 14:44:53 Image size of job updated: 1614056
	1025  -  MemoryUsage of job (MB)
	1049412  -  ResidentSetSize of job (KB)
...
006 (5415472.208.000) 07/16 15:14:56 Image size of job updated: 1614056
	1025  -  MemoryUsage of job (MB)
	1049424  -  ResidentSetSize of job (KB)
...
006 (5415472.208.000) 07/16 15:50:00 Image size of job updated: 1614056
	1025  -  MemoryUsage of job (MB)
	1049436  -  ResidentSetSize of job (KB)
...
006 (5415472.208.000) 07/16 16:25:04 Image size of job updated: 1614056
	1025  -  MemoryUsage of job (MB)
	1049444  -  ResidentSetSize of job (KB)
...
006 (5415472.208.000) 07/16 16:30:04 Image size of job updated: 1614056
	1025  -  MemoryUsage of job (MB)
	1049448  -  ResidentSetSize of job (KB)
...
006 (5415472.208.000) 07/16 17:05:08 Image size of job updated: 1614056
	1025  -  MemoryUsage of job (MB)
	1049460  -  ResidentSetSize of job (KB)
...
006 (5415472.208.000) 07/16 17:40:14 Image size of job updated: 1614056
	1025  -  MemoryUsage of job (MB)
	1049472  -  ResidentSetSize of job (KB)
...
006 (5415472.208.000) 07/16 18:15:18 Image size of job updated: 1614056
	1025  -  MemoryUsage of job (MB)
	1049484  -  ResidentSetSize of job (KB)
...
006 (5415472.208.000) 07/16 18:55:20 Image size of job updated: 1614056
	1025  -  MemoryUsage of job (MB)
	1049496  -  ResidentSetSize of job (KB)
...
006 (5415472.208.000) 07/16 19:35:26 Image size of job updated: 1614056
	1025  -  MemoryUsage of job (MB)
	1049508  -  ResidentSetSize of job (KB)
...
006 (5415472.208.000) 07/16 20:15:28 Image size of job updated: 1614056
	1025  -  MemoryUsage of job (MB)
	1049520  -  ResidentSetSize of job (KB)
...
006 (5415472.208.000) 07/16 20:50:30 Image size of job updated: 1614056
	1025  -  MemoryUsage of job (MB)
	1049532  -  ResidentSetSize of job (KB)
...
006 (5415472.208.000) 07/16 21:30:32 Image size of job updated: 1614056
	1025  -  MemoryUsage of job (MB)
	1049544  -  ResidentSetSize of job (KB)
...
006 (5415472.208.000) 07/16 22:05:33 Image size of job updated: 1614056
	1025  -  MemoryUsage of job (MB)
	1049556  -  ResidentSetSize of job (KB)
...
006 (5415472.208.000) 07/16 22:45:36 Image size of job updated: 1614056
	1025  -  MemoryUsage of job (MB)
	1049568  -  ResidentSetSize of job (KB)
...
006 (5415472.208.000) 07/16 23:25:39 Image size of job updated: 1614056
	1025  -  MemoryUsage of job (MB)
	1049580  -  ResidentSetSize of job (KB)
...
006 (5415472.208.000) 07/17 00:00:42 Image size of job updated: 1614056
	1025  -  MemoryUsage of job (MB)
	1049584  -  ResidentSetSize of job (KB)
...
006 (5415472.208.000) 07/17 00:05:42 Image size of job updated: 1614056
	1025  -  MemoryUsage of job (MB)
	1049592  -  ResidentSetSize of job (KB)
...
006 (5415472.208.000) 07/17 00:40:46 Image size of job updated: 1614056
	1026  -  MemoryUsage of job (MB)
	1049604  -  ResidentSetSize of job (KB)
...
006 (5415472.208.000) 07/17 01:15:51 Image size of job updated: 1614056
	1026  -  MemoryUsage of job (MB)
	1049616  -  ResidentSetSize of job (KB)
...
006 (5415472.208.000) 07/17 01:50:56 Image size of job updated: 1614056
	1026  -  MemoryUsage of job (MB)
	1049628  -  ResidentSetSize of job (KB)
...
006 (5415472.208.000) 07/17 02:30:59 Image size of job updated: 1614056
	1026  -  MemoryUsage of job (MB)
	1049636  -  ResidentSetSize of job (KB)
...
006 (5415472.208.000) 07/17 03:06:04 Image size of job updated: 1614056
	1026  -  MemoryUsage of job (MB)
	1049640  -  ResidentSetSize of job (KB)
...
006 (5415472.208.000) 07/17 04:21:13 Image size of job updated: 1614056
	1026  -  MemoryUsage of job (MB)
	1049648  -  ResidentSetSize of job (KB)
...
006 (5415472.208.000) 07/17 04:56:18 Image size of job updated: 1614056
	1026  -  MemoryUsage of job (MB)
	1049656  -  ResidentSetSize of job (KB)
...
006 (5415472.208.000) 07/17 05:36:22 Image size of job updated: 1614056
	1026  -  MemoryUsage of job (MB)
	1049660  -  ResidentSetSize of job (KB)
...
006 (5415472.208.000) 07/17 06:11:24 Image size of job updated: 1614056
	1026  -  MemoryUsage of job (MB)
	1049668  -  ResidentSetSize of job (KB)
...
006 (5415472.208.000) 07/17 06:51:25 Image size of job updated: 1614056
	1026  -  MemoryUsage of job (MB)
	1049680  -  ResidentSetSize of job (KB)
...
006 (5415472.208.000) 07/17 07:26:30 Image size of job updated: 1614056
	1026  -  MemoryUsage of job (MB)
	1049692  -  ResidentSetSize of job (KB)
...
006 (5415472.208.000) 07/17 08:01:33 Image size of job updated: 1614056
	1026  -  MemoryUsage of job (MB)
	1049704  -  ResidentSetSize of job (KB)
...
006 (5415472.208.000) 07/17 08:41:38 Image size of job updated: 1614056
	1026  -  MemoryUsage of job (MB)
	1049716  -  ResidentSetSize of job (KB)
...
006 (5415472.208.000) 07/17 09:16:43 Image size of job updated: 1614056
	1026  -  MemoryUsage of job (MB)
	1049728  -  ResidentSetSize of job (KB)
...
006 (5415472.208.000) 07/17 09:51:47 Image size of job updated: 1614056
	1026  -  MemoryUsage of job (MB)
	1049740  -  ResidentSetSize of job (KB)
...
006 (5415472.208.000) 07/17 10:31:52 Image size of job updated: 1614056
	1026  -  MemoryUsage of job (MB)
	1049752  -  ResidentSetSize of job (KB)
...
006 (5415472.208.000) 07/17 11:06:56 Image size of job updated: 1614056
	1026  -  MemoryUsage of job (MB)
	1049764  -  ResidentSetSize of job (KB)
...
006 (5415472.208.000) 07/17 11:36:59 Image size of job updated: 1614056
	1026  -  MemoryUsage of job (MB)
	1049776  -  ResidentSetSize of job (KB)
...
006 (5415472.208.000) 07/17 12:12:03 Image size of job updated: 1614056
	1026  -  MemoryUsage of job (MB)
	1049788  -  ResidentSetSize of job (KB)
...
006 (5415472.208.000) 07/17 12:47:07 Image size of job updated: 1614056
	1026  -  MemoryUsage of job (MB)
	1049800  -  ResidentSetSize of job (KB)
...
006 (5415472.208.000) 07/17 13:22:10 Image size of job updated: 1614056
	1026  -  MemoryUsage of job (MB)
	1049812  -  ResidentSetSize of job (KB)
...
006 (5415472.208.000) 07/17 13:57:13 Image size of job updated: 1614056
	1026  -  MemoryUsage of job (MB)
	1049824  -  ResidentSetSize of job (KB)
...
006 (5415472.208.000) 07/17 14:32:16 Image size of job updated: 1614056
	1026  -  MemoryUsage of job (MB)
	1049836  -  ResidentSetSize of job (KB)
...
006 (5415472.208.000) 07/17 15:07:19 Image size of job updated: 1614056
	1026  -  MemoryUsage of job (MB)
	1049848  -  ResidentSetSize of job (KB)
...
006 (5415472.208.000) 07/17 15:42:25 Image size of job updated: 1614056
	1026  -  MemoryUsage of job (MB)
	1049860  -  ResidentSetSize of job (KB)
...
006 (5415472.208.000) 07/17 16:17:30 Image size of job updated: 1614056
	1026  -  MemoryUsage of job (MB)
	1049872  -  ResidentSetSize of job (KB)
...
006 (5415472.208.000) 07/17 16:57:34 Image size of job updated: 1614056
	1026  -  MemoryUsage of job (MB)
	1049884  -  ResidentSetSize of job (KB)
...
006 (5415472.208.000) 07/17 17:32:38 Image size of job updated: 1614056
	1026  -  MemoryUsage of job (MB)
	1049896  -  ResidentSetSize of job (KB)
...
006 (5415472.208.000) 07/17 18:07:41 Image size of job updated: 1614056
	1026  -  MemoryUsage of job (MB)
	1049908  -  ResidentSetSize of job (KB)
...
006 (5415472.208.000) 07/17 18:47:44 Image size of job updated: 1614056
	1026  -  MemoryUsage of job (MB)
	1049920  -  ResidentSetSize of job (KB)
...
006 (5415472.208.000) 07/17 19:22:47 Image size of job updated: 1614056
	1026  -  MemoryUsage of job (MB)
	1049932  -  ResidentSetSize of job (KB)
...
006 (5415472.208.000) 07/17 20:02:53 Image size of job updated: 1614056
	1026  -  MemoryUsage of job (MB)
	1049944  -  ResidentSetSize of job (KB)
...
006 (5415472.208.000) 07/17 20:42:56 Image size of job updated: 1614056
	1026  -  MemoryUsage of job (MB)
	1049956  -  ResidentSetSize of job (KB)
...
006 (5415472.208.000) 07/17 21:17:59 Image size of job updated: 1614056
	1026  -  MemoryUsage of job (MB)
	1049964  -  ResidentSetSize of job (KB)
...
006 (5415472.208.000) 07/17 21:23:00 Image size of job updated: 1614056
	1026  -  MemoryUsage of job (MB)
	1049968  -  ResidentSetSize of job (KB)
...
006 (5415472.208.000) 07/17 21:58:04 Image size of job updated: 1614056
	1026  -  MemoryUsage of job (MB)
	1049980  -  ResidentSetSize of job (KB)
...
006 (5415472.208.000) 07/17 22:33:05 Image size of job updated: 1614056
	1026  -  MemoryUsage of job (MB)
	1049992  -  ResidentSetSize of job (KB)
...
006 (5415472.208.000) 07/17 23:13:10 Image size of job updated: 1614056
	1026  -  MemoryUsage of job (MB)
	1050004  -  ResidentSetSize of job (KB)
...
006 (5415472.208.000) 07/17 23:48:14 Image size of job updated: 1614056
	1026  -  MemoryUsage of job (MB)
	1050016  -  ResidentSetSize of job (KB)
...
006 (5415472.208.000) 07/18 00:28:18 Image size of job updated: 1614056
	1026  -  MemoryUsage of job (MB)
	1050028  -  ResidentSetSize of job (KB)
...
006 (5415472.208.000) 07/18 01:08:23 Image size of job updated: 1614056
	1026  -  MemoryUsage of job (MB)
	1050040  -  ResidentSetSize of job (KB)
...
006 (5415472.208.000) 07/18 01:48:26 Image size of job updated: 1614056
	1026  -  MemoryUsage of job (MB)
	1050052  -  ResidentSetSize of job (KB)
...
006 (5415472.208.000) 07/18 02:28:30 Image size of job updated: 1614056
	1026  -  MemoryUsage of job (MB)
	1050056  -  ResidentSetSize of job (KB)
...
006 (5415472.208.000) 07/18 02:33:30 Image size of job updated: 1614056
	1026  -  MemoryUsage of job (MB)
	1050064  -  ResidentSetSize of job (KB)
...
006 (5415472.208.000) 07/18 03:13:34 Image size of job updated: 1614056
	1026  -  MemoryUsage of job (MB)
	1050076  -  ResidentSetSize of job (KB)
...
006 (5415472.208.000) 07/18 03:53:37 Image size of job updated: 1614056
	1026  -  MemoryUsage of job (MB)
	1050088  -  ResidentSetSize of job (KB)
...
006 (5415472.208.000) 07/18 04:33:41 Image size of job updated: 1614056
	1026  -  MemoryUsage of job (MB)
	1050100  -  ResidentSetSize of job (KB)
...
006 (5415472.208.000) 07/18 05:08:46 Image size of job updated: 1614056
	1026  -  MemoryUsage of job (MB)
	1050112  -  ResidentSetSize of job (KB)
...
006 (5415472.208.000) 07/18 05:48:51 Image size of job updated: 1614056
	1026  -  MemoryUsage of job (MB)
	1050124  -  ResidentSetSize of job (KB)
...
006 (5415472.208.000) 07/18 06:28:54 Image size of job updated: 1614056
	1026  -  MemoryUsage of job (MB)
	1050136  -  ResidentSetSize of job (KB)
...
006 (5415472.208.000) 07/18 07:08:59 Image size of job updated: 1614056
	1026  -  MemoryUsage of job (MB)
	1050148  -  ResidentSetSize of job (KB)
...
006 (5415472.208.000) 07/18 07:49:02 Image size of job updated: 1614056
	1026  -  MemoryUsage of job (MB)
	1050160  -  ResidentSetSize of job (KB)
...
006 (5415472.208.000) 07/18 08:24:05 Image size of job updated: 1614056
	1026  -  MemoryUsage of job (MB)
	1050164  -  ResidentSetSize of job (KB)
...
006 (5415472.208.000) 07/18 09:04:08 Image size of job updated: 1618152
	1028  -  MemoryUsage of job (MB)
	1052220  -  ResidentSetSize of job (KB)
...
006 (5415472.208.000) 07/18 09:44:13 Image size of job updated: 1618152
	1028  -  MemoryUsage of job (MB)
	1052228  -  ResidentSetSize of job (KB)
...
006 (5415472.208.000) 07/18 10:19:18 Image size of job updated: 1618152
	1028  -  MemoryUsage of job (MB)
	1052236  -  ResidentSetSize of job (KB)
...
006 (5415472.208.000) 07/18 10:59:21 Image size of job updated: 1618152
	1028  -  MemoryUsage of job (MB)
	1052244  -  ResidentSetSize of job (KB)
...
006 (5415472.208.000) 07/18 11:34:26 Image size of job updated: 1618152
	1028  -  MemoryUsage of job (MB)
	1052252  -  ResidentSetSize of job (KB)
...
006 (5415472.208.000) 07/18 12:14:32 Image size of job updated: 1618152
	1028  -  MemoryUsage of job (MB)
	1052260  -  ResidentSetSize of job (KB)
...
006 (5415472.208.000) 07/18 12:49:37 Image size of job updated: 1618152
	1028  -  MemoryUsage of job (MB)
	1052268  -  ResidentSetSize of job (KB)
...
006 (5415472.208.000) 07/18 13:29:43 Image size of job updated: 1618152
	1028  -  MemoryUsage of job (MB)
	1052276  -  ResidentSetSize of job (KB)
...
006 (5415472.208.000) 07/18 14:09:46 Image size of job updated: 1618152
	1028  -  MemoryUsage of job (MB)
	1052284  -  ResidentSetSize of job (KB)
...
006 (5415472.208.000) 07/18 14:44:50 Image size of job updated: 1618152
	1028  -  MemoryUsage of job (MB)
	1052292  -  ResidentSetSize of job (KB)
...
006 (5415472.208.000) 07/18 15:24:53 Image size of job updated: 1618152
	1028  -  MemoryUsage of job (MB)
	1052300  -  ResidentSetSize of job (KB)
...
006 (5415472.208.000) 07/18 16:09:58 Image size of job updated: 1618152
	1028  -  MemoryUsage of job (MB)
	1052308  -  ResidentSetSize of job (KB)
...
006 (5415472.208.000) 07/18 16:45:03 Image size of job updated: 1618152
	1028  -  MemoryUsage of job (MB)
	1052316  -  ResidentSetSize of job (KB)
...
006 (5415472.208.000) 07/18 17:25:08 Image size of job updated: 1618152
	1028  -  MemoryUsage of job (MB)
	1052324  -  ResidentSetSize of job (KB)
...
006 (5415472.208.000) 07/18 18:05:09 Image size of job updated: 1618152
	1028  -  MemoryUsage of job (MB)
	1052332  -  ResidentSetSize of job (KB)
...
006 (5415472.208.000) 07/18 18:45:14 Image size of job updated: 1618152
	1028  -  MemoryUsage of job (MB)
	1052340  -  ResidentSetSize of job (KB)
...
006 (5415472.208.000) 07/18 19:20:18 Image size of job updated: 1618152
	1028  -  MemoryUsage of job (MB)
	1052348  -  ResidentSetSize of job (KB)
...
006 (5415472.208.000) 07/18 20:00:22 Image size of job updated: 1618152
	1028  -  MemoryUsage of job (MB)
	1052356  -  ResidentSetSize of job (KB)
...
006 (5415472.208.000) 07/18 20:40:29 Image size of job updated: 1618152
	1028  -  MemoryUsage of job (MB)
	1052364  -  ResidentSetSize of job (KB)
...
006 (5415472.208.000) 07/18 21:15:33 Image size of job updated: 1618152
	1028  -  MemoryUsage of job (MB)
	1052372  -  ResidentSetSize of job (KB)
...
006 (5415472.208.000) 07/18 21:55:39 Image size of job updated: 1618152
	1028  -  MemoryUsage of job (MB)
	1052380  -  ResidentSetSize of job (KB)
...
006 (5415472.208.000) 07/18 22:30:43 Image size of job updated: 1618152
	1028  -  MemoryUsage of job (MB)
	1052388  -  ResidentSetSize of job (KB)
...
006 (5415472.208.000) 07/18 23:10:46 Image size of job updated: 1618152
	1028  -  MemoryUsage of job (MB)
	1052396  -  ResidentSetSize of job (KB)
...
006 (5415472.208.000) 07/18 23:50:48 Image size of job updated: 1618152
	1028  -  MemoryUsage of job (MB)
	1052404  -  ResidentSetSize of job (KB)
...
006 (5415472.208.000) 07/19 00:30:51 Image size of job updated: 1618152
	1028  -  MemoryUsage of job (MB)
	1052412  -  ResidentSetSize of job (KB)
...
006 (5415472.208.000) 07/19 01:10:56 Image size of job updated: 1618152
	1028  -  MemoryUsage of job (MB)
	1052420  -  ResidentSetSize of job (KB)
...
006 (5415472.208.000) 07/19 01:51:00 Image size of job updated: 1618152
	1028  -  MemoryUsage of job (MB)
	1052428  -  ResidentSetSize of job (KB)
...
006 (5415472.208.000) 07/19 02:26:06 Image size of job updated: 1618152
	1028  -  MemoryUsage of job (MB)
	1052436  -  ResidentSetSize of job (KB)
...
006 (5415472.208.000) 07/19 03:06:08 Image size of job updated: 1618152
	1028  -  MemoryUsage of job (MB)
	1052444  -  ResidentSetSize of job (KB)
...
006 (5415472.208.000) 07/19 03:41:12 Image size of job updated: 1618152
	1028  -  MemoryUsage of job (MB)
	1052452  -  ResidentSetSize of job (KB)
...
006 (5415472.208.000) 07/19 04:21:16 Image size of job updated: 1618152
	1028  -  MemoryUsage of job (MB)
	1052460  -  ResidentSetSize of job (KB)
...
006 (5415472.208.000) 07/19 04:56:18 Image size of job updated: 1618152
	1028  -  MemoryUsage of job (MB)
	1052468  -  ResidentSetSize of job (KB)
...
006 (5415472.208.000) 07/19 05:31:22 Image size of job updated: 1618152
	1028  -  MemoryUsage of job (MB)
	1052476  -  ResidentSetSize of job (KB)
...
006 (5415472.208.000) 07/19 06:06:23 Image size of job updated: 1618152
	1028  -  MemoryUsage of job (MB)
	1052484  -  ResidentSetSize of job (KB)
...
006 (5415472.208.000) 07/19 06:46:28 Image size of job updated: 1618152
	1028  -  MemoryUsage of job (MB)
	1052492  -  ResidentSetSize of job (KB)
...
006 (5415472.208.000) 07/19 07:26:32 Image size of job updated: 1618152
	1028  -  MemoryUsage of job (MB)
	1052500  -  ResidentSetSize of job (KB)
...
006 (5415472.208.000) 07/19 08:06:38 Image size of job updated: 1618152
	1028  -  MemoryUsage of job (MB)
	1052508  -  ResidentSetSize of job (KB)
...
006 (5415472.208.000) 07/19 08:46:42 Image size of job updated: 1618152
	1028  -  MemoryUsage of job (MB)
	1052516  -  ResidentSetSize of job (KB)
...
006 (5415472.208.000) 07/19 09:31:46 Image size of job updated: 1618152
	1028  -  MemoryUsage of job (MB)
	1052524  -  ResidentSetSize of job (KB)
...
006 (5415472.208.000) 07/19 10:11:50 Image size of job updated: 1618152
	1028  -  MemoryUsage of job (MB)
	1052532  -  ResidentSetSize of job (KB)
...
006 (5415472.208.000) 07/19 10:51:53 Image size of job updated: 1618152
	1028  -  MemoryUsage of job (MB)
	1052540  -  ResidentSetSize of job (KB)
...
006 (5415472.208.000) 07/19 11:31:57 Image size of job updated: 1618152
	1028  -  MemoryUsage of job (MB)
	1052548  -  ResidentSetSize of job (KB)
...
006 (5415472.208.000) 07/19 12:12:02 Image size of job updated: 1618152
	1028  -  MemoryUsage of job (MB)
	1052556  -  ResidentSetSize of job (KB)
...
006 (5415472.208.000) 07/19 12:52:07 Image size of job updated: 1618152
	1028  -  MemoryUsage of job (MB)
	1052564  -  ResidentSetSize of job (KB)
...
006 (5415472.208.000) 07/19 13:32:13 Image size of job updated: 1618152
	1028  -  MemoryUsage of job (MB)
	1052572  -  ResidentSetSize of job (KB)
...
006 (5415472.208.000) 07/19 14:12:17 Image size of job updated: 1618152
	1028  -  MemoryUsage of job (MB)
	1052580  -  ResidentSetSize of job (KB)
...
040 (5415472.208.000) 07/19 14:20:58 Started transferring output files
...
040 (5415472.208.000) 07/19 14:20:58 Finished transferring output files
...
009 (5415472.208.000) 07/19 14:20:59 Job was aborted.
	Job removed by SYSTEM_PERIODIC_REMOVE due to wall time exceeded allowed max.
...
