000 (5415472.025.000) 07/11 14:02:28 Job submitted from host: <137.138.156.150:9618?addrs=137.138.156.150-9618+[2001-1458-d00-14--9a]-9618&alias=bigbird13.cern.ch&noUDP&sock=schedd_1788_ff6c>
...
040 (5415472.025.000) 07/11 14:03:23 Started transferring input files
	Transferring to host: <128.142.57.22:9618?addrs=128.142.57.22-9618+[2001-1458-301-7--100-15]-9618&alias=b7s02p4264.cern.ch&noUDP&sock=slot1_9_6653_63e8_5513>
...
040 (5415472.025.000) 07/11 14:03:23 Finished transferring input files
...
001 (5415472.025.000) 07/11 14:03:24 Job executing on host: <128.142.57.22:9618?addrs=128.142.57.22-9618+[2001-1458-301-7--100-15]-9618&alias=b7s02p4264.cern.ch&noUDP&sock=startd_6190_6753>
...
006 (5415472.025.000) 07/11 14:03:33 Image size of job updated: 570632
	56  -  MemoryUsage of job (MB)
	56876  -  ResidentSetSize of job (KB)
...
006 (5415472.025.000) 07/11 14:08:33 Image size of job updated: 1591032
	1004  -  MemoryUsage of job (MB)
	1027476  -  ResidentSetSize of job (KB)
...
006 (5415472.025.000) 07/12 22:46:56 Image size of job updated: 1592012
	1004  -  MemoryUsage of job (MB)
	1027476  -  ResidentSetSize of job (KB)
...
006 (5415472.025.000) 07/12 23:32:01 Image size of job updated: 1592916
	1004  -  MemoryUsage of job (MB)
	1027476  -  ResidentSetSize of job (KB)
...
006 (5415472.025.000) 07/13 00:07:04 Image size of job updated: 1593824
	1004  -  MemoryUsage of job (MB)
	1027476  -  ResidentSetSize of job (KB)
...
006 (5415472.025.000) 07/13 00:47:06 Image size of job updated: 1594728
	1004  -  MemoryUsage of job (MB)
	1027476  -  ResidentSetSize of job (KB)
...
006 (5415472.025.000) 07/13 01:22:09 Image size of job updated: 1595636
	1005  -  MemoryUsage of job (MB)
	1028332  -  ResidentSetSize of job (KB)
...
006 (5415472.025.000) 07/13 02:02:13 Image size of job updated: 1596540
	1006  -  MemoryUsage of job (MB)
	1029236  -  ResidentSetSize of job (KB)
...
006 (5415472.025.000) 07/13 02:47:17 Image size of job updated: 1596540
	1006  -  MemoryUsage of job (MB)
	1030140  -  ResidentSetSize of job (KB)
...
006 (5415472.025.000) 07/13 02:52:18 Image size of job updated: 1597444
	1006  -  MemoryUsage of job (MB)
	1030140  -  ResidentSetSize of job (KB)
...
006 (5415472.025.000) 07/13 03:32:20 Image size of job updated: 1598352
	1007  -  MemoryUsage of job (MB)
	1031048  -  ResidentSetSize of job (KB)
...
006 (5415472.025.000) 07/13 04:17:23 Image size of job updated: 1599256
	1008  -  MemoryUsage of job (MB)
	1031952  -  ResidentSetSize of job (KB)
...
006 (5415472.025.000) 07/13 04:57:25 Image size of job updated: 1599256
	1009  -  MemoryUsage of job (MB)
	1032860  -  ResidentSetSize of job (KB)
...
006 (5415472.025.000) 07/13 05:02:26 Image size of job updated: 1600164
	1009  -  MemoryUsage of job (MB)
	1032860  -  ResidentSetSize of job (KB)
...
006 (5415472.025.000) 07/13 05:42:29 Image size of job updated: 1601068
	1010  -  MemoryUsage of job (MB)
	1033764  -  ResidentSetSize of job (KB)
...
006 (5415472.025.000) 07/13 06:22:34 Image size of job updated: 1601972
	1011  -  MemoryUsage of job (MB)
	1034668  -  ResidentSetSize of job (KB)
...
006 (5415472.025.000) 07/13 07:02:37 Image size of job updated: 1602880
	1012  -  MemoryUsage of job (MB)
	1035576  -  ResidentSetSize of job (KB)
...
006 (5415472.025.000) 07/13 07:42:39 Image size of job updated: 1603784
	1013  -  MemoryUsage of job (MB)
	1036480  -  ResidentSetSize of job (KB)
...
006 (5415472.025.000) 07/13 08:27:42 Image size of job updated: 1604692
	1014  -  MemoryUsage of job (MB)
	1037388  -  ResidentSetSize of job (KB)
...
006 (5415472.025.000) 07/13 09:12:44 Image size of job updated: 1605596
	1014  -  MemoryUsage of job (MB)
	1038288  -  ResidentSetSize of job (KB)
...
006 (5415472.025.000) 07/13 09:52:49 Image size of job updated: 1606504
	1015  -  MemoryUsage of job (MB)
	1039196  -  ResidentSetSize of job (KB)
...
006 (5415472.025.000) 07/13 10:38:29 Image size of job updated: 1607408
	1016  -  MemoryUsage of job (MB)
	1040004  -  ResidentSetSize of job (KB)
...
006 (5415472.025.000) 07/13 11:18:33 Image size of job updated: 1608312
	1017  -  MemoryUsage of job (MB)
	1040908  -  ResidentSetSize of job (KB)
...
006 (5415472.025.000) 07/13 12:02:15 Image size of job updated: 1609220
	1018  -  MemoryUsage of job (MB)
	1041800  -  ResidentSetSize of job (KB)
...
006 (5415472.025.000) 07/13 12:42:19 Image size of job updated: 1610124
	1019  -  MemoryUsage of job (MB)
	1042700  -  ResidentSetSize of job (KB)
...
006 (5415472.025.000) 07/13 13:02:22 Image size of job updated: 1613196
	1020  -  MemoryUsage of job (MB)
	1044248  -  ResidentSetSize of job (KB)
...
006 (5415472.025.000) 07/13 13:07:23 Image size of job updated: 1613196
	1020  -  MemoryUsage of job (MB)
	1044260  -  ResidentSetSize of job (KB)
...
006 (5415472.025.000) 07/13 13:27:26 Image size of job updated: 1613196
	1020  -  MemoryUsage of job (MB)
	1044272  -  ResidentSetSize of job (KB)
...
006 (5415472.025.000) 07/13 13:52:27 Image size of job updated: 1613196
	1020  -  MemoryUsage of job (MB)
	1044284  -  ResidentSetSize of job (KB)
...
006 (5415472.025.000) 07/13 14:02:29 Image size of job updated: 1614104
	1021  -  MemoryUsage of job (MB)
	1045192  -  ResidentSetSize of job (KB)
...
006 (5415472.025.000) 07/13 14:12:30 Image size of job updated: 1614104
	1021  -  MemoryUsage of job (MB)
	1045204  -  ResidentSetSize of job (KB)
...
006 (5415472.025.000) 07/13 14:32:32 Image size of job updated: 1614104
	1021  -  MemoryUsage of job (MB)
	1045216  -  ResidentSetSize of job (KB)
...
006 (5415472.025.000) 07/13 14:42:34 Image size of job updated: 1615008
	1022  -  MemoryUsage of job (MB)
	1046120  -  ResidentSetSize of job (KB)
...
006 (5415472.025.000) 07/13 14:52:36 Image size of job updated: 1615008
	1022  -  MemoryUsage of job (MB)
	1046132  -  ResidentSetSize of job (KB)
...
006 (5415472.025.000) 07/13 15:12:39 Image size of job updated: 1615008
	1023  -  MemoryUsage of job (MB)
	1047048  -  ResidentSetSize of job (KB)
...
006 (5415472.025.000) 07/13 15:17:40 Image size of job updated: 1615912
	1023  -  MemoryUsage of job (MB)
	1047048  -  ResidentSetSize of job (KB)
...
006 (5415472.025.000) 07/13 15:27:40 Image size of job updated: 1615912
	1023  -  MemoryUsage of job (MB)
	1047060  -  ResidentSetSize of job (KB)
...
006 (5415472.025.000) 07/13 15:47:42 Image size of job updated: 1616820
	1024  -  MemoryUsage of job (MB)
	1047980  -  ResidentSetSize of job (KB)
...
006 (5415472.025.000) 07/13 16:02:44 Image size of job updated: 1616820
	1024  -  MemoryUsage of job (MB)
	1047992  -  ResidentSetSize of job (KB)
...
006 (5415472.025.000) 07/13 16:22:46 Image size of job updated: 1621348
	1028  -  MemoryUsage of job (MB)
	1052532  -  ResidentSetSize of job (KB)
...
006 (5415472.025.000) 07/13 16:37:47 Image size of job updated: 1621348
	1028  -  MemoryUsage of job (MB)
	1052544  -  ResidentSetSize of job (KB)
...
006 (5415472.025.000) 07/13 16:57:49 Image size of job updated: 1621348
	1028  -  MemoryUsage of job (MB)
	1052548  -  ResidentSetSize of job (KB)
...
006 (5415472.025.000) 07/13 17:02:49 Image size of job updated: 1621348
	1028  -  MemoryUsage of job (MB)
	1052556  -  ResidentSetSize of job (KB)
...
006 (5415472.025.000) 07/13 17:22:51 Image size of job updated: 1621348
	1028  -  MemoryUsage of job (MB)
	1052568  -  ResidentSetSize of job (KB)
...
006 (5415472.025.000) 07/13 17:37:52 Image size of job updated: 1621348
	1028  -  MemoryUsage of job (MB)
	1052572  -  ResidentSetSize of job (KB)
...
006 (5415472.025.000) 07/13 17:42:53 Image size of job updated: 1621348
	1028  -  MemoryUsage of job (MB)
	1052580  -  ResidentSetSize of job (KB)
...
006 (5415472.025.000) 07/13 17:57:54 Image size of job updated: 1621348
	1028  -  MemoryUsage of job (MB)
	1052592  -  ResidentSetSize of job (KB)
...
006 (5415472.025.000) 07/13 18:17:55 Image size of job updated: 1621348
	1028  -  MemoryUsage of job (MB)
	1052604  -  ResidentSetSize of job (KB)
...
006 (5415472.025.000) 07/13 18:42:57 Image size of job updated: 1621348
	1028  -  MemoryUsage of job (MB)
	1052616  -  ResidentSetSize of job (KB)
...
006 (5415472.025.000) 07/13 19:02:58 Image size of job updated: 1621348
	1028  -  MemoryUsage of job (MB)
	1052628  -  ResidentSetSize of job (KB)
...
006 (5415472.025.000) 07/13 19:23:00 Image size of job updated: 1621348
	1028  -  MemoryUsage of job (MB)
	1052640  -  ResidentSetSize of job (KB)
...
006 (5415472.025.000) 07/13 19:48:03 Image size of job updated: 1621348
	1028  -  MemoryUsage of job (MB)
	1052652  -  ResidentSetSize of job (KB)
...
006 (5415472.025.000) 07/13 20:08:05 Image size of job updated: 1621348
	1028  -  MemoryUsage of job (MB)
	1052664  -  ResidentSetSize of job (KB)
...
006 (5415472.025.000) 07/13 20:33:08 Image size of job updated: 1621348
	1029  -  MemoryUsage of job (MB)
	1052676  -  ResidentSetSize of job (KB)
...
006 (5415472.025.000) 07/13 20:53:11 Image size of job updated: 1621348
	1029  -  MemoryUsage of job (MB)
	1052688  -  ResidentSetSize of job (KB)
...
006 (5415472.025.000) 07/13 21:18:14 Image size of job updated: 1621348
	1029  -  MemoryUsage of job (MB)
	1052700  -  ResidentSetSize of job (KB)
...
006 (5415472.025.000) 07/13 21:38:15 Image size of job updated: 1621348
	1029  -  MemoryUsage of job (MB)
	1052704  -  ResidentSetSize of job (KB)
...
006 (5415472.025.000) 07/13 22:03:17 Image size of job updated: 1621348
	1029  -  MemoryUsage of job (MB)
	1052716  -  ResidentSetSize of job (KB)
...
006 (5415472.025.000) 07/13 22:23:18 Image size of job updated: 1621348
	1029  -  MemoryUsage of job (MB)
	1052728  -  ResidentSetSize of job (KB)
...
006 (5415472.025.000) 07/13 22:48:21 Image size of job updated: 1621348
	1029  -  MemoryUsage of job (MB)
	1052740  -  ResidentSetSize of job (KB)
...
006 (5415472.025.000) 07/13 23:08:24 Image size of job updated: 1621348
	1029  -  MemoryUsage of job (MB)
	1052752  -  ResidentSetSize of job (KB)
...
006 (5415472.025.000) 07/13 23:28:24 Image size of job updated: 1621348
	1029  -  MemoryUsage of job (MB)
	1052764  -  ResidentSetSize of job (KB)
...
006 (5415472.025.000) 07/13 23:48:27 Image size of job updated: 1621348
	1029  -  MemoryUsage of job (MB)
	1052776  -  ResidentSetSize of job (KB)
...
006 (5415472.025.000) 07/14 00:13:29 Image size of job updated: 1621348
	1029  -  MemoryUsage of job (MB)
	1052788  -  ResidentSetSize of job (KB)
...
006 (5415472.025.000) 07/14 00:33:31 Image size of job updated: 1621348
	1029  -  MemoryUsage of job (MB)
	1052796  -  ResidentSetSize of job (KB)
...
006 (5415472.025.000) 07/14 00:38:32 Image size of job updated: 1621348
	1029  -  MemoryUsage of job (MB)
	1052800  -  ResidentSetSize of job (KB)
...
006 (5415472.025.000) 07/14 00:58:32 Image size of job updated: 1621348
	1029  -  MemoryUsage of job (MB)
	1052812  -  ResidentSetSize of job (KB)
...
006 (5415472.025.000) 07/14 01:18:33 Image size of job updated: 1621348
	1029  -  MemoryUsage of job (MB)
	1052824  -  ResidentSetSize of job (KB)
...
006 (5415472.025.000) 07/14 01:38:35 Image size of job updated: 1621348
	1029  -  MemoryUsage of job (MB)
	1052836  -  ResidentSetSize of job (KB)
...
006 (5415472.025.000) 07/14 02:03:39 Image size of job updated: 1621348
	1029  -  MemoryUsage of job (MB)
	1052848  -  ResidentSetSize of job (KB)
...
006 (5415472.025.000) 07/14 02:23:42 Image size of job updated: 1621348
	1029  -  MemoryUsage of job (MB)
	1052860  -  ResidentSetSize of job (KB)
...
006 (5415472.025.000) 07/14 02:48:45 Image size of job updated: 1621348
	1029  -  MemoryUsage of job (MB)
	1052872  -  ResidentSetSize of job (KB)
...
006 (5415472.025.000) 07/14 03:08:48 Image size of job updated: 1621348
	1029  -  MemoryUsage of job (MB)
	1052884  -  ResidentSetSize of job (KB)
...
006 (5415472.025.000) 07/14 03:33:49 Image size of job updated: 1621348
	1029  -  MemoryUsage of job (MB)
	1052896  -  ResidentSetSize of job (KB)
...
006 (5415472.025.000) 07/14 03:53:51 Image size of job updated: 1621348
	1029  -  MemoryUsage of job (MB)
	1052908  -  ResidentSetSize of job (KB)
...
006 (5415472.025.000) 07/14 04:18:53 Image size of job updated: 1621348
	1029  -  MemoryUsage of job (MB)
	1052920  -  ResidentSetSize of job (KB)
...
006 (5415472.025.000) 07/14 04:38:56 Image size of job updated: 1621348
	1029  -  MemoryUsage of job (MB)
	1052924  -  ResidentSetSize of job (KB)
...
006 (5415472.025.000) 07/14 04:43:56 Image size of job updated: 1621348
	1029  -  MemoryUsage of job (MB)
	1052932  -  ResidentSetSize of job (KB)
...
006 (5415472.025.000) 07/14 04:58:57 Image size of job updated: 1621348
	1029  -  MemoryUsage of job (MB)
	1052944  -  ResidentSetSize of job (KB)
...
006 (5415472.025.000) 07/14 05:23:59 Image size of job updated: 1621348
	1029  -  MemoryUsage of job (MB)
	1052956  -  ResidentSetSize of job (KB)
...
006 (5415472.025.000) 07/14 05:49:03 Image size of job updated: 1621348
	1029  -  MemoryUsage of job (MB)
	1052968  -  ResidentSetSize of job (KB)
...
006 (5415472.025.000) 07/14 06:14:03 Image size of job updated: 1621348
	1029  -  MemoryUsage of job (MB)
	1052980  -  ResidentSetSize of job (KB)
...
006 (5415472.025.000) 07/14 06:39:07 Image size of job updated: 1621348
	1029  -  MemoryUsage of job (MB)
	1052992  -  ResidentSetSize of job (KB)
...
006 (5415472.025.000) 07/14 06:59:08 Image size of job updated: 1621348
	1029  -  MemoryUsage of job (MB)
	1053004  -  ResidentSetSize of job (KB)
...
006 (5415472.025.000) 07/14 07:24:11 Image size of job updated: 1621348
	1029  -  MemoryUsage of job (MB)
	1053016  -  ResidentSetSize of job (KB)
...
006 (5415472.025.000) 07/14 07:44:14 Image size of job updated: 1621348
	1029  -  MemoryUsage of job (MB)
	1053028  -  ResidentSetSize of job (KB)
...
006 (5415472.025.000) 07/14 08:04:17 Image size of job updated: 1621348
	1029  -  MemoryUsage of job (MB)
	1053040  -  ResidentSetSize of job (KB)
...
006 (5415472.025.000) 07/14 08:24:19 Image size of job updated: 1621348
	1029  -  MemoryUsage of job (MB)
	1053052  -  ResidentSetSize of job (KB)
...
006 (5415472.025.000) 07/14 08:44:20 Image size of job updated: 1621348
	1029  -  MemoryUsage of job (MB)
	1053064  -  ResidentSetSize of job (KB)
...
006 (5415472.025.000) 07/14 09:04:23 Image size of job updated: 1621348
	1029  -  MemoryUsage of job (MB)
	1053076  -  ResidentSetSize of job (KB)
...
006 (5415472.025.000) 07/14 09:29:25 Image size of job updated: 1621348
	1029  -  MemoryUsage of job (MB)
	1053088  -  ResidentSetSize of job (KB)
...
006 (5415472.025.000) 07/14 09:49:27 Image size of job updated: 1621348
	1029  -  MemoryUsage of job (MB)
	1053100  -  ResidentSetSize of job (KB)
...
006 (5415472.025.000) 07/14 10:09:30 Image size of job updated: 1621348
	1029  -  MemoryUsage of job (MB)
	1053112  -  ResidentSetSize of job (KB)
...
006 (5415472.025.000) 07/14 10:29:33 Image size of job updated: 1621348
	1029  -  MemoryUsage of job (MB)
	1053124  -  ResidentSetSize of job (KB)
...
006 (5415472.025.000) 07/14 10:54:35 Image size of job updated: 1621348
	1029  -  MemoryUsage of job (MB)
	1053136  -  ResidentSetSize of job (KB)
...
006 (5415472.025.000) 07/14 11:14:36 Image size of job updated: 1621348
	1029  -  MemoryUsage of job (MB)
	1053148  -  ResidentSetSize of job (KB)
...
006 (5415472.025.000) 07/14 11:34:39 Image size of job updated: 1621348
	1029  -  MemoryUsage of job (MB)
	1053160  -  ResidentSetSize of job (KB)
...
006 (5415472.025.000) 07/14 11:54:41 Image size of job updated: 1621348
	1029  -  MemoryUsage of job (MB)
	1053172  -  ResidentSetSize of job (KB)
...
006 (5415472.025.000) 07/14 12:19:44 Image size of job updated: 1621348
	1029  -  MemoryUsage of job (MB)
	1053184  -  ResidentSetSize of job (KB)
...
006 (5415472.025.000) 07/15 11:25:08 Image size of job updated: 1625444
	1029  -  MemoryUsage of job (MB)
	1053184  -  ResidentSetSize of job (KB)
...
006 (5415472.025.000) 07/17 02:05:05 Image size of job updated: 1671464
	1029  -  MemoryUsage of job (MB)
	1053184  -  ResidentSetSize of job (KB)
...
040 (5415472.025.000) 07/17 02:05:05 Started transferring output files
...
040 (5415472.025.000) 07/17 02:05:08 Finished transferring output files
...
005 (5415472.025.000) 07/17 02:05:09 Job terminated.
	(1) Normal termination (return value 0)
		Usr 16 23:23:29, Sys 0 00:46:33  -  Run Remote Usage
		Usr 0 00:00:00, Sys 0 00:00:00  -  Run Local Usage
		Usr 16 23:23:29, Sys 0 00:46:33  -  Total Remote Usage
		Usr 0 00:00:00, Sys 0 00:00:00  -  Total Local Usage
	36910284  -  Run Bytes Sent By Job
	803  -  Run Bytes Received By Job
	36910284  -  Total Bytes Sent By Job
	803  -  Total Bytes Received By Job
	Partitionable Resources :    Usage  Request Allocated 
	   Cpus                 :     3.04        4         4 
	   Disk (KB)            : 36072    10485760  11880044 
	   Memory (MB)          :  1029        8000      8000 

	Job terminated of its own accord at 2021-07-17T00:05:05Z.
...
