000 (5415472.464.000) 07/11 14:02:30 Job submitted from host: <137.138.156.150:9618?addrs=137.138.156.150-9618+[2001-1458-d00-14--9a]-9618&alias=bigbird13.cern.ch&noUDP&sock=schedd_1788_ff6c>
...
040 (5415472.464.000) 07/12 07:49:41 Started transferring input files
	Transferring to host: <128.142.80.56:9618?addrs=128.142.80.56-9618+[2001-1458-301-f5--100-53a]-9618&alias=b7s13n1905.cern.ch&noUDP&sock=slot1_3_14499_9b67_114769>
...
040 (5415472.464.000) 07/12 07:49:41 Finished transferring input files
...
001 (5415472.464.000) 07/12 07:49:42 Job executing on host: <128.142.80.56:9618?addrs=128.142.80.56-9618+[2001-1458-301-f5--100-53a]-9618&alias=b7s13n1905.cern.ch&noUDP&sock=startd_16617_7555>
...
006 (5415472.464.000) 07/12 07:49:50 Image size of job updated: 121972
	87  -  MemoryUsage of job (MB)
	88632  -  ResidentSetSize of job (KB)
...
006 (5415472.464.000) 07/12 07:54:50 Image size of job updated: 1590956
	1004  -  MemoryUsage of job (MB)
	1027400  -  ResidentSetSize of job (KB)
...
006 (5415472.464.000) 07/14 08:37:45 Image size of job updated: 1591936
	1004  -  MemoryUsage of job (MB)
	1027400  -  ResidentSetSize of job (KB)
...
006 (5415472.464.000) 07/14 09:42:50 Image size of job updated: 1592844
	1004  -  MemoryUsage of job (MB)
	1028028  -  ResidentSetSize of job (KB)
...
006 (5415472.464.000) 07/14 10:47:56 Image size of job updated: 1592844
	1005  -  MemoryUsage of job (MB)
	1028932  -  ResidentSetSize of job (KB)
...
006 (5415472.464.000) 07/14 10:52:56 Image size of job updated: 1593748
	1005  -  MemoryUsage of job (MB)
	1028932  -  ResidentSetSize of job (KB)
...
006 (5415472.464.000) 07/14 11:58:07 Image size of job updated: 1594652
	1006  -  MemoryUsage of job (MB)
	1029836  -  ResidentSetSize of job (KB)
...
006 (5415472.464.000) 07/14 13:03:13 Image size of job updated: 1595560
	1007  -  MemoryUsage of job (MB)
	1030744  -  ResidentSetSize of job (KB)
...
006 (5415472.464.000) 07/14 14:13:26 Image size of job updated: 1596464
	1008  -  MemoryUsage of job (MB)
	1031648  -  ResidentSetSize of job (KB)
...
006 (5415472.464.000) 07/14 15:13:30 Image size of job updated: 1597372
	1009  -  MemoryUsage of job (MB)
	1032556  -  ResidentSetSize of job (KB)
...
006 (5415472.464.000) 07/14 16:13:36 Image size of job updated: 1598276
	1010  -  MemoryUsage of job (MB)
	1033460  -  ResidentSetSize of job (KB)
...
006 (5415472.464.000) 07/14 17:13:42 Image size of job updated: 1599184
	1011  -  MemoryUsage of job (MB)
	1034368  -  ResidentSetSize of job (KB)
...
006 (5415472.464.000) 07/14 18:13:50 Image size of job updated: 1600088
	1012  -  MemoryUsage of job (MB)
	1035272  -  ResidentSetSize of job (KB)
...
006 (5415472.464.000) 07/14 19:13:54 Image size of job updated: 1600992
	1012  -  MemoryUsage of job (MB)
	1036176  -  ResidentSetSize of job (KB)
...
006 (5415472.464.000) 07/14 20:12:37 Image size of job updated: 1601900
	1013  -  MemoryUsage of job (MB)
	1037084  -  ResidentSetSize of job (KB)
...
007 (5415472.464.000) 07/14 21:02:20 Shadow exception!
	Assertion ERROR on (result)
	0  -  Run Bytes Sent By Job
	803  -  Run Bytes Received By Job
...
