000 (5415472.308.000) 07/11 14:02:29 Job submitted from host: <137.138.156.150:9618?addrs=137.138.156.150-9618+[2001-1458-d00-14--9a]-9618&alias=bigbird13.cern.ch&noUDP&sock=schedd_1788_ff6c>
...
040 (5415472.308.000) 07/11 14:53:16 Started transferring input files
	Transferring to host: <128.142.72.130:9618?addrs=128.142.72.130-9618+[2001-1458-301-75--100-3e2]-9618&alias=b7s11n1505.cern.ch&noUDP&sock=slot1_10_6261_30d8_71479>
...
040 (5415472.308.000) 07/11 14:53:16 Finished transferring input files
...
001 (5415472.308.000) 07/11 14:53:17 Job executing on host: <128.142.72.130:9618?addrs=128.142.72.130-9618+[2001-1458-301-75--100-3e2]-9618&alias=b7s11n1505.cern.ch&noUDP&sock=startd_4925_b805>
...
006 (5415472.308.000) 07/11 14:53:25 Image size of job updated: 329632
	16  -  MemoryUsage of job (MB)
	16276  -  ResidentSetSize of job (KB)
...
006 (5415472.308.000) 07/11 14:58:26 Image size of job updated: 1590984
	1004  -  MemoryUsage of job (MB)
	1027444  -  ResidentSetSize of job (KB)
...
006 (5415472.308.000) 07/13 18:07:05 Image size of job updated: 1591964
	1005  -  MemoryUsage of job (MB)
	1028348  -  ResidentSetSize of job (KB)
...
006 (5415472.308.000) 07/13 18:57:08 Image size of job updated: 1592872
	1006  -  MemoryUsage of job (MB)
	1029256  -  ResidentSetSize of job (KB)
...
006 (5415472.308.000) 07/13 20:02:15 Image size of job updated: 1593776
	1007  -  MemoryUsage of job (MB)
	1030160  -  ResidentSetSize of job (KB)
...
006 (5415472.308.000) 07/13 21:07:21 Image size of job updated: 1594680
	1007  -  MemoryUsage of job (MB)
	1031064  -  ResidentSetSize of job (KB)
...
006 (5415472.308.000) 07/13 22:07:27 Image size of job updated: 1595588
	1008  -  MemoryUsage of job (MB)
	1031972  -  ResidentSetSize of job (KB)
...
006 (5415472.308.000) 07/13 23:17:33 Image size of job updated: 1596492
	1009  -  MemoryUsage of job (MB)
	1032876  -  ResidentSetSize of job (KB)
...
006 (5415472.308.000) 07/14 00:17:43 Image size of job updated: 1597400
	1010  -  MemoryUsage of job (MB)
	1033784  -  ResidentSetSize of job (KB)
...
006 (5415472.308.000) 07/14 01:22:53 Image size of job updated: 1598304
	1011  -  MemoryUsage of job (MB)
	1034688  -  ResidentSetSize of job (KB)
...
006 (5415472.308.000) 07/14 02:28:01 Image size of job updated: 1599208
	1012  -  MemoryUsage of job (MB)
	1035592  -  ResidentSetSize of job (KB)
...
006 (5415472.308.000) 07/14 03:33:09 Image size of job updated: 1600116
	1013  -  MemoryUsage of job (MB)
	1036500  -  ResidentSetSize of job (KB)
...
006 (5415472.308.000) 07/14 04:33:17 Image size of job updated: 1601020
	1014  -  MemoryUsage of job (MB)
	1037404  -  ResidentSetSize of job (KB)
...
006 (5415472.308.000) 07/14 05:33:27 Image size of job updated: 1601928
	1014  -  MemoryUsage of job (MB)
	1038312  -  ResidentSetSize of job (KB)
...
006 (5415472.308.000) 07/14 06:33:32 Image size of job updated: 1602832
	1015  -  MemoryUsage of job (MB)
	1039216  -  ResidentSetSize of job (KB)
...
006 (5415472.308.000) 07/14 07:23:35 Image size of job updated: 1603736
	1016  -  MemoryUsage of job (MB)
	1040120  -  ResidentSetSize of job (KB)
...
006 (5415472.308.000) 07/14 08:18:42 Image size of job updated: 1604644
	1017  -  MemoryUsage of job (MB)
	1041028  -  ResidentSetSize of job (KB)
...
006 (5415472.308.000) 07/14 09:13:47 Image size of job updated: 1605548
	1018  -  MemoryUsage of job (MB)
	1041932  -  ResidentSetSize of job (KB)
...
006 (5415472.308.000) 07/14 10:03:52 Image size of job updated: 1606456
	1019  -  MemoryUsage of job (MB)
	1042840  -  ResidentSetSize of job (KB)
...
006 (5415472.308.000) 07/14 10:59:00 Image size of job updated: 1607360
	1020  -  MemoryUsage of job (MB)
	1043744  -  ResidentSetSize of job (KB)
...
006 (5415472.308.000) 07/14 11:59:07 Image size of job updated: 1608268
	1021  -  MemoryUsage of job (MB)
	1044648  -  ResidentSetSize of job (KB)
...
006 (5415472.308.000) 07/14 13:09:14 Image size of job updated: 1609172
	1022  -  MemoryUsage of job (MB)
	1045556  -  ResidentSetSize of job (KB)
...
006 (5415472.308.000) 07/14 14:19:20 Image size of job updated: 1610076
	1022  -  MemoryUsage of job (MB)
	1046460  -  ResidentSetSize of job (KB)
...
006 (5415472.308.000) 07/14 14:54:25 Image size of job updated: 1613148
	1024  -  MemoryUsage of job (MB)
	1048008  -  ResidentSetSize of job (KB)
...
006 (5415472.308.000) 07/14 15:04:27 Image size of job updated: 1613148
	1024  -  MemoryUsage of job (MB)
	1048020  -  ResidentSetSize of job (KB)
...
006 (5415472.308.000) 07/14 15:39:29 Image size of job updated: 1613148
	1024  -  MemoryUsage of job (MB)
	1048032  -  ResidentSetSize of job (KB)
...
006 (5415472.308.000) 07/14 16:19:35 Image size of job updated: 1613148
	1024  -  MemoryUsage of job (MB)
	1048044  -  ResidentSetSize of job (KB)
...
006 (5415472.308.000) 07/14 16:49:37 Image size of job updated: 1614056
	1025  -  MemoryUsage of job (MB)
	1048952  -  ResidentSetSize of job (KB)
...
006 (5415472.308.000) 07/14 16:59:38 Image size of job updated: 1614056
	1025  -  MemoryUsage of job (MB)
	1048964  -  ResidentSetSize of job (KB)
...
006 (5415472.308.000) 07/14 17:39:41 Image size of job updated: 1614056
	1025  -  MemoryUsage of job (MB)
	1048976  -  ResidentSetSize of job (KB)
...
006 (5415472.308.000) 07/14 17:59:44 Image size of job updated: 1614960
	1026  -  MemoryUsage of job (MB)
	1049880  -  ResidentSetSize of job (KB)
...
006 (5415472.308.000) 07/14 18:14:46 Image size of job updated: 1614960
	1026  -  MemoryUsage of job (MB)
	1049892  -  ResidentSetSize of job (KB)
...
006 (5415472.308.000) 07/14 18:54:52 Image size of job updated: 1614960
	1026  -  MemoryUsage of job (MB)
	1049904  -  ResidentSetSize of job (KB)
...
006 (5415472.308.000) 07/14 19:09:53 Image size of job updated: 1615868
	1027  -  MemoryUsage of job (MB)
	1050812  -  ResidentSetSize of job (KB)
...
006 (5415472.308.000) 07/14 19:29:53 Image size of job updated: 1615868
	1027  -  MemoryUsage of job (MB)
	1050824  -  ResidentSetSize of job (KB)
...
006 (5415472.308.000) 07/14 20:04:56 Image size of job updated: 1615868
	1027  -  MemoryUsage of job (MB)
	1050836  -  ResidentSetSize of job (KB)
...
006 (5415472.308.000) 07/14 20:14:58 Image size of job updated: 1616772
	1028  -  MemoryUsage of job (MB)
	1051740  -  ResidentSetSize of job (KB)
...
006 (5415472.308.000) 07/14 20:35:01 Image size of job updated: 1616772
	1028  -  MemoryUsage of job (MB)
	1051752  -  ResidentSetSize of job (KB)
...
006 (5415472.308.000) 07/14 21:08:44 Image size of job updated: 1616772
	1028  -  MemoryUsage of job (MB)
	1051764  -  ResidentSetSize of job (KB)
...
006 (5415472.308.000) 07/14 21:16:27 Image size of job updated: 1617676
	1028  -  MemoryUsage of job (MB)
	1052668  -  ResidentSetSize of job (KB)
...
006 (5415472.308.000) 07/14 21:41:29 Image size of job updated: 1617676
	1029  -  MemoryUsage of job (MB)
	1052680  -  ResidentSetSize of job (KB)
...
006 (5415472.308.000) 07/14 22:16:34 Image size of job updated: 1617676
	1029  -  MemoryUsage of job (MB)
	1052692  -  ResidentSetSize of job (KB)
...
006 (5415472.308.000) 07/14 22:21:34 Image size of job updated: 1618584
	1029  -  MemoryUsage of job (MB)
	1053600  -  ResidentSetSize of job (KB)
...
006 (5415472.308.000) 07/14 22:51:38 Image size of job updated: 1618584
	1029  -  MemoryUsage of job (MB)
	1053612  -  ResidentSetSize of job (KB)
...
006 (5415472.308.000) 07/14 23:26:41 Image size of job updated: 1619488
	1030  -  MemoryUsage of job (MB)
	1054528  -  ResidentSetSize of job (KB)
...
006 (5415472.308.000) 07/15 00:01:44 Image size of job updated: 1619488
	1030  -  MemoryUsage of job (MB)
	1054540  -  ResidentSetSize of job (KB)
...
006 (5415472.308.000) 07/15 00:31:46 Image size of job updated: 1620396
	1031  -  MemoryUsage of job (MB)
	1055448  -  ResidentSetSize of job (KB)
...
006 (5415472.308.000) 07/15 00:36:47 Image size of job updated: 1620396
	1031  -  MemoryUsage of job (MB)
	1055460  -  ResidentSetSize of job (KB)
...
006 (5415472.308.000) 07/15 01:11:50 Image size of job updated: 1620396
	1031  -  MemoryUsage of job (MB)
	1055472  -  ResidentSetSize of job (KB)
...
006 (5415472.308.000) 07/15 01:31:53 Image size of job updated: 1621300
	1032  -  MemoryUsage of job (MB)
	1056376  -  ResidentSetSize of job (KB)
...
006 (5415472.308.000) 07/15 01:36:53 Image size of job updated: 1621300
	1032  -  MemoryUsage of job (MB)
	1056388  -  ResidentSetSize of job (KB)
...
006 (5415472.308.000) 07/15 02:06:57 Image size of job updated: 1621300
	1032  -  MemoryUsage of job (MB)
	1056400  -  ResidentSetSize of job (KB)
...
006 (5415472.308.000) 07/15 02:26:58 Image size of job updated: 1622204
	1033  -  MemoryUsage of job (MB)
	1057304  -  ResidentSetSize of job (KB)
...
006 (5415472.308.000) 07/15 02:42:01 Image size of job updated: 1622204
	1033  -  MemoryUsage of job (MB)
	1057316  -  ResidentSetSize of job (KB)
...
006 (5415472.308.000) 07/15 03:17:05 Image size of job updated: 1622204
	1033  -  MemoryUsage of job (MB)
	1057328  -  ResidentSetSize of job (KB)
...
006 (5415472.308.000) 07/15 03:32:07 Image size of job updated: 1623112
	1034  -  MemoryUsage of job (MB)
	1058236  -  ResidentSetSize of job (KB)
...
006 (5415472.308.000) 07/15 03:47:08 Image size of job updated: 1623112
	1034  -  MemoryUsage of job (MB)
	1058240  -  ResidentSetSize of job (KB)
...
006 (5415472.308.000) 07/15 03:52:08 Image size of job updated: 1623112
	1034  -  MemoryUsage of job (MB)
	1058248  -  ResidentSetSize of job (KB)
...
006 (5415472.308.000) 07/15 04:27:10 Image size of job updated: 1623112
	1034  -  MemoryUsage of job (MB)
	1058260  -  ResidentSetSize of job (KB)
...
006 (5415472.308.000) 07/15 04:42:13 Image size of job updated: 1624016
	1035  -  MemoryUsage of job (MB)
	1059164  -  ResidentSetSize of job (KB)
...
006 (5415472.308.000) 07/15 05:02:17 Image size of job updated: 1624016
	1035  -  MemoryUsage of job (MB)
	1059176  -  ResidentSetSize of job (KB)
...
006 (5415472.308.000) 07/15 05:37:20 Image size of job updated: 1624016
	1035  -  MemoryUsage of job (MB)
	1059188  -  ResidentSetSize of job (KB)
...
006 (5415472.308.000) 07/15 05:47:21 Image size of job updated: 1624924
	1036  -  MemoryUsage of job (MB)
	1060096  -  ResidentSetSize of job (KB)
...
006 (5415472.308.000) 07/15 06:17:25 Image size of job updated: 1624924
	1036  -  MemoryUsage of job (MB)
	1060108  -  ResidentSetSize of job (KB)
...
006 (5415472.308.000) 07/15 06:47:27 Image size of job updated: 1624924
	1036  -  MemoryUsage of job (MB)
	1060120  -  ResidentSetSize of job (KB)
...
006 (5415472.308.000) 07/15 06:52:27 Image size of job updated: 1625828
	1037  -  MemoryUsage of job (MB)
	1061024  -  ResidentSetSize of job (KB)
...
006 (5415472.308.000) 07/15 07:27:30 Image size of job updated: 1625828
	1037  -  MemoryUsage of job (MB)
	1061036  -  ResidentSetSize of job (KB)
...
006 (5415472.308.000) 07/15 08:02:34 Image size of job updated: 1626732
	1038  -  MemoryUsage of job (MB)
	1061952  -  ResidentSetSize of job (KB)
...
006 (5415472.308.000) 07/15 08:47:38 Image size of job updated: 1626732
	1038  -  MemoryUsage of job (MB)
	1061964  -  ResidentSetSize of job (KB)
...
006 (5415472.308.000) 07/15 09:27:45 Image size of job updated: 1627640
	1038  -  MemoryUsage of job (MB)
	1062872  -  ResidentSetSize of job (KB)
...
006 (5415472.308.000) 07/15 09:32:45 Image size of job updated: 1627640
	1038  -  MemoryUsage of job (MB)
	1062884  -  ResidentSetSize of job (KB)
...
006 (5415472.308.000) 07/15 10:07:47 Image size of job updated: 1627640
	1038  -  MemoryUsage of job (MB)
	1062896  -  ResidentSetSize of job (KB)
...
006 (5415472.308.000) 07/15 10:37:50 Image size of job updated: 1628544
	1039  -  MemoryUsage of job (MB)
	1063800  -  ResidentSetSize of job (KB)
...
006 (5415472.308.000) 07/15 10:47:50 Image size of job updated: 1628544
	1039  -  MemoryUsage of job (MB)
	1063812  -  ResidentSetSize of job (KB)
...
006 (5415472.308.000) 07/15 11:22:53 Image size of job updated: 1628544
	1039  -  MemoryUsage of job (MB)
	1063824  -  ResidentSetSize of job (KB)
...
006 (5415472.308.000) 07/15 11:47:56 Image size of job updated: 1629452
	1040  -  MemoryUsage of job (MB)
	1064732  -  ResidentSetSize of job (KB)
...
006 (5415472.308.000) 07/15 12:02:56 Image size of job updated: 1629452
	1040  -  MemoryUsage of job (MB)
	1064744  -  ResidentSetSize of job (KB)
...
006 (5415472.308.000) 07/15 12:38:00 Image size of job updated: 1629452
	1040  -  MemoryUsage of job (MB)
	1064756  -  ResidentSetSize of job (KB)
...
006 (5415472.308.000) 07/15 12:58:02 Image size of job updated: 1630356
	1041  -  MemoryUsage of job (MB)
	1065660  -  ResidentSetSize of job (KB)
...
006 (5415472.308.000) 07/15 13:13:04 Image size of job updated: 1630356
	1041  -  MemoryUsage of job (MB)
	1065672  -  ResidentSetSize of job (KB)
...
006 (5415472.308.000) 07/15 13:48:07 Image size of job updated: 1630356
	1041  -  MemoryUsage of job (MB)
	1065684  -  ResidentSetSize of job (KB)
...
006 (5415472.308.000) 07/15 14:03:09 Image size of job updated: 1631264
	1042  -  MemoryUsage of job (MB)
	1066592  -  ResidentSetSize of job (KB)
...
006 (5415472.308.000) 07/15 14:28:13 Image size of job updated: 1631264
	1042  -  MemoryUsage of job (MB)
	1066604  -  ResidentSetSize of job (KB)
...
006 (5415472.308.000) 07/15 15:03:16 Image size of job updated: 1631264
	1042  -  MemoryUsage of job (MB)
	1066616  -  ResidentSetSize of job (KB)
...
006 (5415472.308.000) 07/15 15:18:17 Image size of job updated: 1632168
	1043  -  MemoryUsage of job (MB)
	1067520  -  ResidentSetSize of job (KB)
...
006 (5415472.308.000) 07/15 15:43:20 Image size of job updated: 1632168
	1043  -  MemoryUsage of job (MB)
	1067532  -  ResidentSetSize of job (KB)
...
006 (5415472.308.000) 07/15 16:18:24 Image size of job updated: 1632168
	1043  -  MemoryUsage of job (MB)
	1067544  -  ResidentSetSize of job (KB)
...
006 (5415472.308.000) 07/15 16:23:25 Image size of job updated: 1633072
	1044  -  MemoryUsage of job (MB)
	1068448  -  ResidentSetSize of job (KB)
...
006 (5415472.308.000) 07/15 16:53:28 Image size of job updated: 1633072
	1044  -  MemoryUsage of job (MB)
	1068460  -  ResidentSetSize of job (KB)
...
006 (5415472.308.000) 07/15 17:28:33 Image size of job updated: 1633980
	1045  -  MemoryUsage of job (MB)
	1069380  -  ResidentSetSize of job (KB)
...
006 (5415472.308.000) 07/15 18:08:38 Image size of job updated: 1633980
	1045  -  MemoryUsage of job (MB)
	1069392  -  ResidentSetSize of job (KB)
...
040 (5415472.308.000) 07/15 18:20:40 Started transferring output files
...
040 (5415472.308.000) 07/15 18:20:40 Finished transferring output files
...
004 (5415472.308.000) 07/15 18:20:41 Job was evicted.
	(0) CPU times
		Usr 11 23:57:21, Sys 0 00:02:55  -  Run Remote Usage
		Usr 0 00:00:00, Sys 0 00:00:00  -  Run Local Usage
	96177  -  Run Bytes Sent By Job
	803  -  Run Bytes Received By Job
	Partitionable Resources :    Usage  Request Allocated 
	   Cpus                 :     2.99        4         4 
	   Disk (KB)            :   121    10485760  10634102 
	   Memory (MB)          :  1045        8000      8000 
...
