000 (5415472.387.000) 07/11 14:02:29 Job submitted from host: <137.138.156.150:9618?addrs=137.138.156.150-9618+[2001-1458-d00-14--9a]-9618&alias=bigbird13.cern.ch&noUDP&sock=schedd_1788_ff6c>
...
040 (5415472.387.000) 07/11 16:03:52 Started transferring input files
	Transferring to host: <128.142.58.139:9618?addrs=128.142.58.139-9618+[2001-1458-301-16--100-8a]-9618&alias=b7s03p7208.cern.ch&noUDP&sock=slot1_22_19242_7ac8_2642>
...
040 (5415472.387.000) 07/11 16:03:52 Finished transferring input files
...
001 (5415472.387.000) 07/11 16:03:53 Job executing on host: <128.142.58.139:9618?addrs=128.142.58.139-9618+[2001-1458-301-16--100-8a]-9618&alias=b7s03p7208.cern.ch&noUDP&sock=startd_18787_e5d8>
...
006 (5415472.387.000) 07/11 16:04:02 Image size of job updated: 108912
	47  -  MemoryUsage of job (MB)
	47928  -  ResidentSetSize of job (KB)
...
006 (5415472.387.000) 07/11 16:09:03 Image size of job updated: 1590976
	1004  -  MemoryUsage of job (MB)
	1027424  -  ResidentSetSize of job (KB)
...
006 (5415472.387.000) 07/12 22:37:10 Image size of job updated: 1591956
	1005  -  MemoryUsage of job (MB)
	1028328  -  ResidentSetSize of job (KB)
...
006 (5415472.387.000) 07/12 23:17:15 Image size of job updated: 1592864
	1006  -  MemoryUsage of job (MB)
	1029236  -  ResidentSetSize of job (KB)
...
006 (5415472.387.000) 07/12 23:57:21 Image size of job updated: 1593768
	1006  -  MemoryUsage of job (MB)
	1030140  -  ResidentSetSize of job (KB)
...
006 (5415472.387.000) 07/13 00:32:24 Image size of job updated: 1594672
	1007  -  MemoryUsage of job (MB)
	1031044  -  ResidentSetSize of job (KB)
...
006 (5415472.387.000) 07/13 01:12:29 Image size of job updated: 1595580
	1008  -  MemoryUsage of job (MB)
	1031952  -  ResidentSetSize of job (KB)
...
006 (5415472.387.000) 07/13 01:57:33 Image size of job updated: 1596484
	1009  -  MemoryUsage of job (MB)
	1032856  -  ResidentSetSize of job (KB)
...
006 (5415472.387.000) 07/13 02:37:37 Image size of job updated: 1597392
	1010  -  MemoryUsage of job (MB)
	1033764  -  ResidentSetSize of job (KB)
...
006 (5415472.387.000) 07/13 03:12:40 Image size of job updated: 1598296
	1011  -  MemoryUsage of job (MB)
	1034668  -  ResidentSetSize of job (KB)
...
006 (5415472.387.000) 07/13 03:52:44 Image size of job updated: 1599200
	1012  -  MemoryUsage of job (MB)
	1035572  -  ResidentSetSize of job (KB)
...
006 (5415472.387.000) 07/13 04:32:47 Image size of job updated: 1600108
	1013  -  MemoryUsage of job (MB)
	1036480  -  ResidentSetSize of job (KB)
...
006 (5415472.387.000) 07/13 05:12:50 Image size of job updated: 1601012
	1014  -  MemoryUsage of job (MB)
	1037384  -  ResidentSetSize of job (KB)
...
006 (5415472.387.000) 07/13 05:42:52 Image size of job updated: 1601920
	1014  -  MemoryUsage of job (MB)
	1038292  -  ResidentSetSize of job (KB)
...
006 (5415472.387.000) 07/13 06:12:54 Image size of job updated: 1602824
	1015  -  MemoryUsage of job (MB)
	1039196  -  ResidentSetSize of job (KB)
...
006 (5415472.387.000) 07/13 06:42:57 Image size of job updated: 1603732
	1016  -  MemoryUsage of job (MB)
	1040104  -  ResidentSetSize of job (KB)
...
006 (5415472.387.000) 07/13 07:23:00 Image size of job updated: 1604636
	1017  -  MemoryUsage of job (MB)
	1041008  -  ResidentSetSize of job (KB)
...
006 (5415472.387.000) 07/13 08:08:04 Image size of job updated: 1605540
	1018  -  MemoryUsage of job (MB)
	1041912  -  ResidentSetSize of job (KB)
...
006 (5415472.387.000) 07/13 08:53:10 Image size of job updated: 1606448
	1019  -  MemoryUsage of job (MB)
	1042820  -  ResidentSetSize of job (KB)
...
006 (5415472.387.000) 07/13 09:33:14 Image size of job updated: 1607352
	1020  -  MemoryUsage of job (MB)
	1043604  -  ResidentSetSize of job (KB)
...
006 (5415472.387.000) 07/13 10:18:20 Image size of job updated: 1608260
	1020  -  MemoryUsage of job (MB)
	1044320  -  ResidentSetSize of job (KB)
...
006 (5415472.387.000) 07/13 10:58:34 Image size of job updated: 1609164
	1021  -  MemoryUsage of job (MB)
	1045216  -  ResidentSetSize of job (KB)
...
006 (5415472.387.000) 07/13 11:44:56 Image size of job updated: 1610068
	1022  -  MemoryUsage of job (MB)
	1046120  -  ResidentSetSize of job (KB)
...
006 (5415472.387.000) 07/13 12:04:57 Image size of job updated: 1613140
	1024  -  MemoryUsage of job (MB)
	1047680  -  ResidentSetSize of job (KB)
...
006 (5415472.387.000) 07/13 12:29:59 Image size of job updated: 1613140
	1024  -  MemoryUsage of job (MB)
	1047692  -  ResidentSetSize of job (KB)
...
006 (5415472.387.000) 07/13 12:50:02 Image size of job updated: 1613140
	1024  -  MemoryUsage of job (MB)
	1047704  -  ResidentSetSize of job (KB)
...
006 (5415472.387.000) 07/13 13:05:03 Image size of job updated: 1614048
	1025  -  MemoryUsage of job (MB)
	1048612  -  ResidentSetSize of job (KB)
...
006 (5415472.387.000) 07/13 13:10:03 Image size of job updated: 1614048
	1025  -  MemoryUsage of job (MB)
	1048624  -  ResidentSetSize of job (KB)
...
006 (5415472.387.000) 07/13 13:25:03 Image size of job updated: 1614048
	1025  -  MemoryUsage of job (MB)
	1048636  -  ResidentSetSize of job (KB)
...
006 (5415472.387.000) 07/13 13:35:04 Image size of job updated: 1614952
	1025  -  MemoryUsage of job (MB)
	1049540  -  ResidentSetSize of job (KB)
...
006 (5415472.387.000) 07/13 13:45:04 Image size of job updated: 1614952
	1025  -  MemoryUsage of job (MB)
	1049552  -  ResidentSetSize of job (KB)
...
006 (5415472.387.000) 07/13 14:10:08 Image size of job updated: 1614952
	1025  -  MemoryUsage of job (MB)
	1049564  -  ResidentSetSize of job (KB)
...
006 (5415472.387.000) 07/13 14:20:09 Image size of job updated: 1615860
	1026  -  MemoryUsage of job (MB)
	1050472  -  ResidentSetSize of job (KB)
...
006 (5415472.387.000) 07/13 14:30:10 Image size of job updated: 1615860
	1026  -  MemoryUsage of job (MB)
	1050476  -  ResidentSetSize of job (KB)
...
006 (5415472.387.000) 07/13 14:35:11 Image size of job updated: 1615860
	1026  -  MemoryUsage of job (MB)
	1050484  -  ResidentSetSize of job (KB)
...
006 (5415472.387.000) 07/13 14:50:11 Image size of job updated: 1615860
	1026  -  MemoryUsage of job (MB)
	1050496  -  ResidentSetSize of job (KB)
...
006 (5415472.387.000) 07/13 15:00:12 Image size of job updated: 1616764
	1027  -  MemoryUsage of job (MB)
	1051400  -  ResidentSetSize of job (KB)
...
006 (5415472.387.000) 07/13 15:10:13 Image size of job updated: 1616764
	1027  -  MemoryUsage of job (MB)
	1051412  -  ResidentSetSize of job (KB)
...
006 (5415472.387.000) 07/13 15:30:14 Image size of job updated: 1616764
	1027  -  MemoryUsage of job (MB)
	1051424  -  ResidentSetSize of job (KB)
...
006 (5415472.387.000) 07/13 15:35:15 Image size of job updated: 1617668
	1028  -  MemoryUsage of job (MB)
	1052328  -  ResidentSetSize of job (KB)
...
006 (5415472.387.000) 07/13 15:50:17 Image size of job updated: 1617668
	1028  -  MemoryUsage of job (MB)
	1052340  -  ResidentSetSize of job (KB)
...
006 (5415472.387.000) 07/13 16:10:20 Image size of job updated: 1617668
	1028  -  MemoryUsage of job (MB)
	1052344  -  ResidentSetSize of job (KB)
...
006 (5415472.387.000) 07/13 16:15:21 Image size of job updated: 1618576
	1029  -  MemoryUsage of job (MB)
	1053252  -  ResidentSetSize of job (KB)
...
006 (5415472.387.000) 07/13 16:30:23 Image size of job updated: 1618576
	1029  -  MemoryUsage of job (MB)
	1053264  -  ResidentSetSize of job (KB)
...
006 (5415472.387.000) 07/13 16:50:26 Image size of job updated: 1623104
	1033  -  MemoryUsage of job (MB)
	1057792  -  ResidentSetSize of job (KB)
...
006 (5415472.387.000) 07/13 17:15:27 Image size of job updated: 1623104
	1034  -  MemoryUsage of job (MB)
	1057804  -  ResidentSetSize of job (KB)
...
006 (5415472.387.000) 07/13 17:31:05 Image size of job updated: 1623104
	1034  -  MemoryUsage of job (MB)
	1057816  -  ResidentSetSize of job (KB)
...
006 (5415472.387.000) 07/13 17:51:06 Image size of job updated: 1623104
	1034  -  MemoryUsage of job (MB)
	1057828  -  ResidentSetSize of job (KB)
...
006 (5415472.387.000) 07/13 18:06:07 Image size of job updated: 1623104
	1034  -  MemoryUsage of job (MB)
	1057840  -  ResidentSetSize of job (KB)
...
006 (5415472.387.000) 07/13 18:26:09 Image size of job updated: 1623104
	1034  -  MemoryUsage of job (MB)
	1057852  -  ResidentSetSize of job (KB)
...
006 (5415472.387.000) 07/13 18:46:11 Image size of job updated: 1623104
	1034  -  MemoryUsage of job (MB)
	1057864  -  ResidentSetSize of job (KB)
...
006 (5415472.387.000) 07/13 19:06:12 Image size of job updated: 1623104
	1034  -  MemoryUsage of job (MB)
	1057876  -  ResidentSetSize of job (KB)
...
006 (5415472.387.000) 07/13 19:26:13 Image size of job updated: 1623104
	1034  -  MemoryUsage of job (MB)
	1057888  -  ResidentSetSize of job (KB)
...
006 (5415472.387.000) 07/13 19:46:15 Image size of job updated: 1623104
	1034  -  MemoryUsage of job (MB)
	1057900  -  ResidentSetSize of job (KB)
...
006 (5415472.387.000) 07/13 20:06:18 Image size of job updated: 1623104
	1034  -  MemoryUsage of job (MB)
	1057912  -  ResidentSetSize of job (KB)
...
006 (5415472.387.000) 07/13 20:26:20 Image size of job updated: 1623104
	1034  -  MemoryUsage of job (MB)
	1057924  -  ResidentSetSize of job (KB)
...
006 (5415472.387.000) 07/13 20:46:21 Image size of job updated: 1623104
	1034  -  MemoryUsage of job (MB)
	1057936  -  ResidentSetSize of job (KB)
...
006 (5415472.387.000) 07/13 21:06:21 Image size of job updated: 1623104
	1034  -  MemoryUsage of job (MB)
	1057948  -  ResidentSetSize of job (KB)
...
006 (5415472.387.000) 07/13 21:26:23 Image size of job updated: 1623104
	1034  -  MemoryUsage of job (MB)
	1057960  -  ResidentSetSize of job (KB)
...
006 (5415472.387.000) 07/13 21:51:25 Image size of job updated: 1623104
	1034  -  MemoryUsage of job (MB)
	1057972  -  ResidentSetSize of job (KB)
...
006 (5415472.387.000) 07/13 22:11:28 Image size of job updated: 1623104
	1034  -  MemoryUsage of job (MB)
	1057984  -  ResidentSetSize of job (KB)
...
006 (5415472.387.000) 07/13 22:31:30 Image size of job updated: 1623104
	1034  -  MemoryUsage of job (MB)
	1057996  -  ResidentSetSize of job (KB)
...
006 (5415472.387.000) 07/13 22:51:32 Image size of job updated: 1623104
	1034  -  MemoryUsage of job (MB)
	1058008  -  ResidentSetSize of job (KB)
...
006 (5415472.387.000) 07/13 23:16:34 Image size of job updated: 1623104
	1034  -  MemoryUsage of job (MB)
	1058020  -  ResidentSetSize of job (KB)
...
006 (5415472.387.000) 07/13 23:36:36 Image size of job updated: 1623104
	1034  -  MemoryUsage of job (MB)
	1058032  -  ResidentSetSize of job (KB)
...
006 (5415472.387.000) 07/14 00:01:37 Image size of job updated: 1623104
	1034  -  MemoryUsage of job (MB)
	1058044  -  ResidentSetSize of job (KB)
...
006 (5415472.387.000) 07/14 00:21:38 Image size of job updated: 1623104
	1034  -  MemoryUsage of job (MB)
	1058056  -  ResidentSetSize of job (KB)
...
006 (5415472.387.000) 07/14 00:46:43 Image size of job updated: 1623104
	1034  -  MemoryUsage of job (MB)
	1058068  -  ResidentSetSize of job (KB)
...
006 (5415472.387.000) 07/14 01:06:43 Image size of job updated: 1623104
	1034  -  MemoryUsage of job (MB)
	1058080  -  ResidentSetSize of job (KB)
...
006 (5415472.387.000) 07/14 01:26:46 Image size of job updated: 1623104
	1034  -  MemoryUsage of job (MB)
	1058092  -  ResidentSetSize of job (KB)
...
006 (5415472.387.000) 07/14 01:46:48 Image size of job updated: 1623104
	1034  -  MemoryUsage of job (MB)
	1058104  -  ResidentSetSize of job (KB)
...
006 (5415472.387.000) 07/14 02:06:51 Image size of job updated: 1623104
	1034  -  MemoryUsage of job (MB)
	1058116  -  ResidentSetSize of job (KB)
...
006 (5415472.387.000) 07/14 02:26:53 Image size of job updated: 1623104
	1034  -  MemoryUsage of job (MB)
	1058128  -  ResidentSetSize of job (KB)
...
006 (5415472.387.000) 07/14 02:46:55 Image size of job updated: 1623104
	1034  -  MemoryUsage of job (MB)
	1058140  -  ResidentSetSize of job (KB)
...
006 (5415472.387.000) 07/14 03:06:59 Image size of job updated: 1623104
	1034  -  MemoryUsage of job (MB)
	1058152  -  ResidentSetSize of job (KB)
...
006 (5415472.387.000) 07/14 03:17:00 Image size of job updated: 1623104
	1034  -  MemoryUsage of job (MB)
	1058156  -  ResidentSetSize of job (KB)
...
006 (5415472.387.000) 07/14 03:27:01 Image size of job updated: 1623104
	1034  -  MemoryUsage of job (MB)
	1058164  -  ResidentSetSize of job (KB)
...
006 (5415472.387.000) 07/14 03:47:03 Image size of job updated: 1623104
	1034  -  MemoryUsage of job (MB)
	1058176  -  ResidentSetSize of job (KB)
...
006 (5415472.387.000) 07/14 04:12:07 Image size of job updated: 1623104
	1034  -  MemoryUsage of job (MB)
	1058188  -  ResidentSetSize of job (KB)
...
006 (5415472.387.000) 07/14 04:32:09 Image size of job updated: 1623104
	1034  -  MemoryUsage of job (MB)
	1058200  -  ResidentSetSize of job (KB)
...
006 (5415472.387.000) 07/14 04:52:11 Image size of job updated: 1623104
	1034  -  MemoryUsage of job (MB)
	1058212  -  ResidentSetSize of job (KB)
...
006 (5415472.387.000) 07/14 05:17:16 Image size of job updated: 1623104
	1034  -  MemoryUsage of job (MB)
	1058224  -  ResidentSetSize of job (KB)
...
006 (5415472.387.000) 07/14 05:42:20 Image size of job updated: 1623104
	1034  -  MemoryUsage of job (MB)
	1058236  -  ResidentSetSize of job (KB)
...
006 (5415472.387.000) 07/14 06:02:22 Image size of job updated: 1623104
	1034  -  MemoryUsage of job (MB)
	1058240  -  ResidentSetSize of job (KB)
...
006 (5415472.387.000) 07/14 06:07:22 Image size of job updated: 1623104
	1034  -  MemoryUsage of job (MB)
	1058248  -  ResidentSetSize of job (KB)
...
006 (5415472.387.000) 07/14 06:27:24 Image size of job updated: 1623104
	1034  -  MemoryUsage of job (MB)
	1058260  -  ResidentSetSize of job (KB)
...
006 (5415472.387.000) 07/14 06:52:28 Image size of job updated: 1623104
	1034  -  MemoryUsage of job (MB)
	1058272  -  ResidentSetSize of job (KB)
...
006 (5415472.387.000) 07/14 07:12:29 Image size of job updated: 1623104
	1034  -  MemoryUsage of job (MB)
	1058284  -  ResidentSetSize of job (KB)
...
006 (5415472.387.000) 07/14 07:32:32 Image size of job updated: 1623104
	1034  -  MemoryUsage of job (MB)
	1058296  -  ResidentSetSize of job (KB)
...
006 (5415472.387.000) 07/14 07:57:34 Image size of job updated: 1623104
	1034  -  MemoryUsage of job (MB)
	1058308  -  ResidentSetSize of job (KB)
...
006 (5415472.387.000) 07/14 08:17:35 Image size of job updated: 1623104
	1034  -  MemoryUsage of job (MB)
	1058320  -  ResidentSetSize of job (KB)
...
006 (5415472.387.000) 07/14 08:37:38 Image size of job updated: 1623104
	1034  -  MemoryUsage of job (MB)
	1058332  -  ResidentSetSize of job (KB)
...
006 (5415472.387.000) 07/14 09:02:41 Image size of job updated: 1623104
	1034  -  MemoryUsage of job (MB)
	1058344  -  ResidentSetSize of job (KB)
...
006 (5415472.387.000) 07/14 09:22:44 Image size of job updated: 1623104
	1034  -  MemoryUsage of job (MB)
	1058356  -  ResidentSetSize of job (KB)
...
006 (5415472.387.000) 07/14 09:42:48 Image size of job updated: 1623104
	1034  -  MemoryUsage of job (MB)
	1058368  -  ResidentSetSize of job (KB)
...
006 (5415472.387.000) 07/14 10:02:50 Image size of job updated: 1623104
	1034  -  MemoryUsage of job (MB)
	1058380  -  ResidentSetSize of job (KB)
...
006 (5415472.387.000) 07/14 10:22:50 Image size of job updated: 1623104
	1034  -  MemoryUsage of job (MB)
	1058392  -  ResidentSetSize of job (KB)
...
006 (5415472.387.000) 07/14 10:42:51 Image size of job updated: 1623104
	1034  -  MemoryUsage of job (MB)
	1058404  -  ResidentSetSize of job (KB)
...
006 (5415472.387.000) 07/14 11:07:51 Image size of job updated: 1623104
	1034  -  MemoryUsage of job (MB)
	1058416  -  ResidentSetSize of job (KB)
...
006 (5415472.387.000) 07/14 11:27:53 Image size of job updated: 1623104
	1034  -  MemoryUsage of job (MB)
	1058428  -  ResidentSetSize of job (KB)
...
006 (5415472.387.000) 07/14 11:52:58 Image size of job updated: 1623104
	1034  -  MemoryUsage of job (MB)
	1058440  -  ResidentSetSize of job (KB)
...
006 (5415472.387.000) 07/14 12:18:01 Image size of job updated: 1623104
	1034  -  MemoryUsage of job (MB)
	1058452  -  ResidentSetSize of job (KB)
...
006 (5415472.387.000) 07/14 12:38:02 Image size of job updated: 1623104
	1034  -  MemoryUsage of job (MB)
	1058464  -  ResidentSetSize of job (KB)
...
006 (5415472.387.000) 07/14 13:03:04 Image size of job updated: 1623104
	1034  -  MemoryUsage of job (MB)
	1058476  -  ResidentSetSize of job (KB)
...
006 (5415472.387.000) 07/14 13:23:05 Image size of job updated: 1623104
	1034  -  MemoryUsage of job (MB)
	1058488  -  ResidentSetSize of job (KB)
...
006 (5415472.387.000) 07/14 13:48:08 Image size of job updated: 1623104
	1034  -  MemoryUsage of job (MB)
	1058500  -  ResidentSetSize of job (KB)
...
006 (5415472.387.000) 07/14 14:08:09 Image size of job updated: 1623104
	1034  -  MemoryUsage of job (MB)
	1058512  -  ResidentSetSize of job (KB)
...
006 (5415472.387.000) 07/14 14:28:11 Image size of job updated: 1623104
	1034  -  MemoryUsage of job (MB)
	1058524  -  ResidentSetSize of job (KB)
...
006 (5415472.387.000) 07/14 14:48:12 Image size of job updated: 1623104
	1034  -  MemoryUsage of job (MB)
	1058536  -  ResidentSetSize of job (KB)
...
006 (5415472.387.000) 07/14 15:08:14 Image size of job updated: 1623104
	1034  -  MemoryUsage of job (MB)
	1058548  -  ResidentSetSize of job (KB)
...
006 (5415472.387.000) 07/14 15:28:17 Image size of job updated: 1623104
	1034  -  MemoryUsage of job (MB)
	1058560  -  ResidentSetSize of job (KB)
...
006 (5415472.387.000) 07/14 15:48:18 Image size of job updated: 1623104
	1034  -  MemoryUsage of job (MB)
	1058572  -  ResidentSetSize of job (KB)
...
006 (5415472.387.000) 07/14 16:08:20 Image size of job updated: 1623104
	1034  -  MemoryUsage of job (MB)
	1058584  -  ResidentSetSize of job (KB)
...
006 (5415472.387.000) 07/14 18:48:37 Image size of job updated: 1623104
	1034  -  MemoryUsage of job (MB)
	1058596  -  ResidentSetSize of job (KB)
...
006 (5415472.387.000) 07/14 19:08:39 Image size of job updated: 1623104
	1034  -  MemoryUsage of job (MB)
	1058608  -  ResidentSetSize of job (KB)
...
006 (5415472.387.000) 07/14 19:33:39 Image size of job updated: 1623104
	1034  -  MemoryUsage of job (MB)
	1058620  -  ResidentSetSize of job (KB)
...
006 (5415472.387.000) 07/14 19:58:43 Image size of job updated: 1623104
	1034  -  MemoryUsage of job (MB)
	1058632  -  ResidentSetSize of job (KB)
...
006 (5415472.387.000) 07/14 20:18:46 Image size of job updated: 1623104
	1034  -  MemoryUsage of job (MB)
	1058644  -  ResidentSetSize of job (KB)
...
006 (5415472.387.000) 07/14 20:43:49 Image size of job updated: 1623104
	1034  -  MemoryUsage of job (MB)
	1058656  -  ResidentSetSize of job (KB)
...
007 (5415472.387.000) 07/14 21:09:44 Shadow exception!
	Assertion ERROR on (result)
	0  -  Run Bytes Sent By Job
	803  -  Run Bytes Received By Job
...
