000 (5415472.008.000) 07/11 14:02:28 Job submitted from host: <137.138.156.150:9618?addrs=137.138.156.150-9618+[2001-1458-d00-14--9a]-9618&alias=bigbird13.cern.ch&noUDP&sock=schedd_1788_ff6c>
...
040 (5415472.008.000) 07/11 14:03:17 Started transferring input files
	Transferring to host: <128.142.72.158:9618?addrs=128.142.72.158-9618+[2001-1458-301-75--100-337]-9618&alias=b7s11n8808.cern.ch&noUDP&sock=slot1_10_5543_4b7a_69905>
...
040 (5415472.008.000) 07/11 14:03:17 Finished transferring input files
...
001 (5415472.008.000) 07/11 14:03:18 Job executing on host: <128.142.72.158:9618?addrs=128.142.72.158-9618+[2001-1458-301-75--100-337]-9618&alias=b7s11n8808.cern.ch&noUDP&sock=startd_4399_ed34>
...
006 (5415472.008.000) 07/11 14:03:26 Image size of job updated: 115296
	54  -  MemoryUsage of job (MB)
	54312  -  ResidentSetSize of job (KB)
...
006 (5415472.008.000) 07/11 14:08:26 Image size of job updated: 1591036
	1004  -  MemoryUsage of job (MB)
	1027484  -  ResidentSetSize of job (KB)
...
006 (5415472.008.000) 07/13 22:43:41 Image size of job updated: 1592020
	1005  -  MemoryUsage of job (MB)
	1028200  -  ResidentSetSize of job (KB)
...
006 (5415472.008.000) 07/13 23:58:47 Image size of job updated: 1592924
	1005  -  MemoryUsage of job (MB)
	1028992  -  ResidentSetSize of job (KB)
...
006 (5415472.008.000) 07/14 01:03:55 Image size of job updated: 1593832
	1006  -  MemoryUsage of job (MB)
	1029900  -  ResidentSetSize of job (KB)
...
006 (5415472.008.000) 07/14 02:04:00 Image size of job updated: 1594736
	1007  -  MemoryUsage of job (MB)
	1030804  -  ResidentSetSize of job (KB)
...
006 (5415472.008.000) 07/14 02:54:05 Image size of job updated: 1595640
	1008  -  MemoryUsage of job (MB)
	1031708  -  ResidentSetSize of job (KB)
...
006 (5415472.008.000) 07/14 03:44:11 Image size of job updated: 1596548
	1009  -  MemoryUsage of job (MB)
	1032320  -  ResidentSetSize of job (KB)
...
006 (5415472.008.000) 07/14 04:34:16 Image size of job updated: 1597452
	1010  -  MemoryUsage of job (MB)
	1033224  -  ResidentSetSize of job (KB)
...
006 (5415472.008.000) 07/14 05:29:20 Image size of job updated: 1597452
	1010  -  MemoryUsage of job (MB)
	1034132  -  ResidentSetSize of job (KB)
...
006 (5415472.008.000) 07/14 05:34:21 Image size of job updated: 1598360
	1010  -  MemoryUsage of job (MB)
	1034132  -  ResidentSetSize of job (KB)
...
006 (5415472.008.000) 07/14 06:34:26 Image size of job updated: 1599264
	1011  -  MemoryUsage of job (MB)
	1035032  -  ResidentSetSize of job (KB)
...
006 (5415472.008.000) 07/14 07:39:32 Image size of job updated: 1600168
	1012  -  MemoryUsage of job (MB)
	1035736  -  ResidentSetSize of job (KB)
...
006 (5415472.008.000) 07/14 08:39:35 Image size of job updated: 1601076
	1013  -  MemoryUsage of job (MB)
	1036644  -  ResidentSetSize of job (KB)
...
006 (5415472.008.000) 07/14 09:39:41 Image size of job updated: 1601980
	1014  -  MemoryUsage of job (MB)
	1037548  -  ResidentSetSize of job (KB)
...
006 (5415472.008.000) 07/14 10:39:47 Image size of job updated: 1602888
	1015  -  MemoryUsage of job (MB)
	1038456  -  ResidentSetSize of job (KB)
...
006 (5415472.008.000) 07/14 11:44:53 Image size of job updated: 1603792
	1015  -  MemoryUsage of job (MB)
	1039360  -  ResidentSetSize of job (KB)
...
006 (5415472.008.000) 07/14 12:50:01 Image size of job updated: 1604696
	1016  -  MemoryUsage of job (MB)
	1039992  -  ResidentSetSize of job (KB)
...
006 (5415472.008.000) 07/14 14:00:08 Image size of job updated: 1605604
	1017  -  MemoryUsage of job (MB)
	1040900  -  ResidentSetSize of job (KB)
...
006 (5415472.008.000) 07/14 15:15:13 Image size of job updated: 1606508
	1018  -  MemoryUsage of job (MB)
	1041804  -  ResidentSetSize of job (KB)
...
006 (5415472.008.000) 07/14 16:30:19 Image size of job updated: 1607416
	1019  -  MemoryUsage of job (MB)
	1042712  -  ResidentSetSize of job (KB)
...
006 (5415472.008.000) 07/14 17:35:27 Image size of job updated: 1608320
	1020  -  MemoryUsage of job (MB)
	1043532  -  ResidentSetSize of job (KB)
...
006 (5415472.008.000) 07/14 18:45:35 Image size of job updated: 1609224
	1020  -  MemoryUsage of job (MB)
	1044436  -  ResidentSetSize of job (KB)
...
006 (5415472.008.000) 07/14 19:55:42 Image size of job updated: 1613756
	1025  -  MemoryUsage of job (MB)
	1048968  -  ResidentSetSize of job (KB)
...
006 (5415472.008.000) 07/14 20:30:46 Image size of job updated: 1616828
	1025  -  MemoryUsage of job (MB)
	1048968  -  ResidentSetSize of job (KB)
...
007 (5415472.008.000) 07/14 21:08:04 Shadow exception!
	Assertion ERROR on (result)
	0  -  Run Bytes Sent By Job
	803  -  Run Bytes Received By Job
...
040 (5415472.008.000) 07/14 21:16:20 Started transferring input files
	Transferring to host: <128.142.84.81:9618?addrs=128.142.84.81-9618+[2001-1458-301-f6--100-dd]-9618&alias=b7s14n6779.cern.ch&noUDP&sock=slot1_10_5641_583e_70137>
...
040 (5415472.008.000) 07/14 21:16:24 Finished transferring input files
...
001 (5415472.008.000) 07/14 21:16:28 Job executing on host: <128.142.84.81:9618?addrs=128.142.84.81-9618+[2001-1458-301-f6--100-dd]-9618&alias=b7s14n6779.cern.ch&noUDP&sock=startd_4571_e77e>
...
040 (5415472.008.000) 07/18 14:56:42 Started transferring output files
...
040 (5415472.008.000) 07/18 14:56:42 Finished transferring output files
...
004 (5415472.008.000) 07/18 14:56:42 Job was evicted.
	(0) CPU times
		Usr 10 14:44:05, Sys 0 00:02:56  -  Run Remote Usage
		Usr 0 00:00:00, Sys 0 00:00:00  -  Run Local Usage
	96419  -  Run Bytes Sent By Job
	803  -  Run Bytes Received By Job
	Partitionable Resources :    Usage  Request Allocated 
	   Cpus                 :     2.94        4         4 
	   Disk (KB)            :   122    10485760  10639245 
	   Memory (MB)          :  1221        8000      8000 
...
