000 (5415472.193.000) 07/11 14:02:29 Job submitted from host: <137.138.156.150:9618?addrs=137.138.156.150-9618+[2001-1458-d00-14--9a]-9618&alias=bigbird13.cern.ch&noUDP&sock=schedd_1788_ff6c>
...
040 (5415472.193.000) 07/11 14:16:47 Started transferring input files
	Transferring to host: <128.142.59.48:9618?addrs=128.142.59.48-9618+[2001-1458-301-21--100-2f]-9618&alias=b7s04p2230.cern.ch&noUDP&sock=slot1_33_6840_260f_1977>
...
040 (5415472.193.000) 07/11 14:16:47 Finished transferring input files
...
001 (5415472.193.000) 07/11 14:16:48 Job executing on host: <128.142.59.48:9618?addrs=128.142.59.48-9618+[2001-1458-301-21--100-2f]-9618&alias=b7s04p2230.cern.ch&noUDP&sock=startd_6381_69ea>
...
006 (5415472.193.000) 07/11 14:16:56 Image size of job updated: 71612
	42  -  MemoryUsage of job (MB)
	42800  -  ResidentSetSize of job (KB)
...
006 (5415472.193.000) 07/11 14:21:57 Image size of job updated: 1590964
	1004  -  MemoryUsage of job (MB)
	1027408  -  ResidentSetSize of job (KB)
...
006 (5415472.193.000) 07/12 23:05:19 Image size of job updated: 1591948
	1004  -  MemoryUsage of job (MB)
	1027408  -  ResidentSetSize of job (KB)
...
006 (5415472.193.000) 07/12 23:45:25 Image size of job updated: 1592852
	1004  -  MemoryUsage of job (MB)
	1027408  -  ResidentSetSize of job (KB)
...
006 (5415472.193.000) 07/13 00:30:28 Image size of job updated: 1593760
	1004  -  MemoryUsage of job (MB)
	1027408  -  ResidentSetSize of job (KB)
...
006 (5415472.193.000) 07/13 01:15:31 Image size of job updated: 1594664
	1004  -  MemoryUsage of job (MB)
	1027408  -  ResidentSetSize of job (KB)
...
006 (5415472.193.000) 07/13 02:00:37 Image size of job updated: 1595568
	1004  -  MemoryUsage of job (MB)
	1027408  -  ResidentSetSize of job (KB)
...
006 (5415472.193.000) 07/13 02:40:41 Image size of job updated: 1596476
	1004  -  MemoryUsage of job (MB)
	1027408  -  ResidentSetSize of job (KB)
...
006 (5415472.193.000) 07/13 03:20:47 Image size of job updated: 1597380
	1004  -  MemoryUsage of job (MB)
	1027408  -  ResidentSetSize of job (KB)
...
006 (5415472.193.000) 07/13 04:00:54 Image size of job updated: 1598288
	1004  -  MemoryUsage of job (MB)
	1027408  -  ResidentSetSize of job (KB)
...
006 (5415472.193.000) 07/13 04:41:01 Image size of job updated: 1599192
	1004  -  MemoryUsage of job (MB)
	1027408  -  ResidentSetSize of job (KB)
...
006 (5415472.193.000) 07/13 05:21:07 Image size of job updated: 1600096
	1004  -  MemoryUsage of job (MB)
	1027408  -  ResidentSetSize of job (KB)
...
006 (5415472.193.000) 07/13 06:06:12 Image size of job updated: 1601004
	1004  -  MemoryUsage of job (MB)
	1027408  -  ResidentSetSize of job (KB)
...
006 (5415472.193.000) 07/13 06:46:16 Image size of job updated: 1601908
	1004  -  MemoryUsage of job (MB)
	1027408  -  ResidentSetSize of job (KB)
...
006 (5415472.193.000) 07/13 07:31:20 Image size of job updated: 1602816
	1004  -  MemoryUsage of job (MB)
	1027408  -  ResidentSetSize of job (KB)
...
006 (5415472.193.000) 07/13 08:16:23 Image size of job updated: 1603720
	1004  -  MemoryUsage of job (MB)
	1027408  -  ResidentSetSize of job (KB)
...
006 (5415472.193.000) 07/13 08:56:27 Image size of job updated: 1604624
	1004  -  MemoryUsage of job (MB)
	1027408  -  ResidentSetSize of job (KB)
...
006 (5415472.193.000) 07/13 09:36:33 Image size of job updated: 1605532
	1004  -  MemoryUsage of job (MB)
	1027408  -  ResidentSetSize of job (KB)
...
006 (5415472.193.000) 07/13 10:21:36 Image size of job updated: 1606436
	1004  -  MemoryUsage of job (MB)
	1027956  -  ResidentSetSize of job (KB)
...
006 (5415472.193.000) 07/13 11:01:38 Image size of job updated: 1607344
	1005  -  MemoryUsage of job (MB)
	1028864  -  ResidentSetSize of job (KB)
...
006 (5415472.193.000) 07/13 11:41:44 Image size of job updated: 1608248
	1006  -  MemoryUsage of job (MB)
	1029768  -  ResidentSetSize of job (KB)
...
006 (5415472.193.000) 07/13 12:26:48 Image size of job updated: 1609152
	1007  -  MemoryUsage of job (MB)
	1030672  -  ResidentSetSize of job (KB)
...
006 (5415472.193.000) 07/13 13:11:53 Image size of job updated: 1610060
	1008  -  MemoryUsage of job (MB)
	1031580  -  ResidentSetSize of job (KB)
...
006 (5415472.193.000) 07/13 13:31:54 Image size of job updated: 1613132
	1009  -  MemoryUsage of job (MB)
	1033128  -  ResidentSetSize of job (KB)
...
006 (5415472.193.000) 07/13 13:46:54 Image size of job updated: 1613132
	1009  -  MemoryUsage of job (MB)
	1033140  -  ResidentSetSize of job (KB)
...
006 (5415472.193.000) 07/13 14:06:55 Image size of job updated: 1613132
	1009  -  MemoryUsage of job (MB)
	1033152  -  ResidentSetSize of job (KB)
...
006 (5415472.193.000) 07/13 14:31:58 Image size of job updated: 1613132
	1009  -  MemoryUsage of job (MB)
	1033164  -  ResidentSetSize of job (KB)
...
006 (5415472.193.000) 07/13 14:36:58 Image size of job updated: 1617660
	1014  -  MemoryUsage of job (MB)
	1037708  -  ResidentSetSize of job (KB)
...
006 (5415472.193.000) 07/13 14:51:59 Image size of job updated: 1617660
	1014  -  MemoryUsage of job (MB)
	1037720  -  ResidentSetSize of job (KB)
...
006 (5415472.193.000) 07/13 15:12:01 Image size of job updated: 1617660
	1014  -  MemoryUsage of job (MB)
	1037732  -  ResidentSetSize of job (KB)
...
006 (5415472.193.000) 07/13 15:32:04 Image size of job updated: 1617660
	1014  -  MemoryUsage of job (MB)
	1037744  -  ResidentSetSize of job (KB)
...
006 (5415472.193.000) 07/13 15:52:05 Image size of job updated: 1617660
	1014  -  MemoryUsage of job (MB)
	1037756  -  ResidentSetSize of job (KB)
...
006 (5415472.193.000) 07/13 16:12:08 Image size of job updated: 1617660
	1014  -  MemoryUsage of job (MB)
	1037768  -  ResidentSetSize of job (KB)
...
006 (5415472.193.000) 07/13 16:37:09 Image size of job updated: 1617660
	1014  -  MemoryUsage of job (MB)
	1037780  -  ResidentSetSize of job (KB)
...
006 (5415472.193.000) 07/13 16:57:12 Image size of job updated: 1617660
	1014  -  MemoryUsage of job (MB)
	1037792  -  ResidentSetSize of job (KB)
...
006 (5415472.193.000) 07/13 17:17:13 Image size of job updated: 1617660
	1014  -  MemoryUsage of job (MB)
	1037804  -  ResidentSetSize of job (KB)
...
006 (5415472.193.000) 07/13 17:40:08 Image size of job updated: 1617660
	1014  -  MemoryUsage of job (MB)
	1037812  -  ResidentSetSize of job (KB)
...
006 (5415472.193.000) 07/13 20:25:25 Image size of job updated: 1617660
	1014  -  MemoryUsage of job (MB)
	1037820  -  ResidentSetSize of job (KB)
...
006 (5415472.193.000) 07/13 20:45:27 Image size of job updated: 1617660
	1014  -  MemoryUsage of job (MB)
	1037832  -  ResidentSetSize of job (KB)
...
006 (5415472.193.000) 07/13 21:10:32 Image size of job updated: 1617660
	1014  -  MemoryUsage of job (MB)
	1037844  -  ResidentSetSize of job (KB)
...
006 (5415472.193.000) 07/13 21:30:33 Image size of job updated: 1617660
	1014  -  MemoryUsage of job (MB)
	1037856  -  ResidentSetSize of job (KB)
...
006 (5415472.193.000) 07/13 21:55:37 Image size of job updated: 1617660
	1014  -  MemoryUsage of job (MB)
	1037868  -  ResidentSetSize of job (KB)
...
006 (5415472.193.000) 07/13 22:15:40 Image size of job updated: 1617660
	1014  -  MemoryUsage of job (MB)
	1037880  -  ResidentSetSize of job (KB)
...
006 (5415472.193.000) 07/13 22:40:44 Image size of job updated: 1617660
	1014  -  MemoryUsage of job (MB)
	1037892  -  ResidentSetSize of job (KB)
...
006 (5415472.193.000) 07/13 23:05:49 Image size of job updated: 1617660
	1014  -  MemoryUsage of job (MB)
	1037904  -  ResidentSetSize of job (KB)
...
006 (5415472.193.000) 07/13 23:25:50 Image size of job updated: 1617660
	1014  -  MemoryUsage of job (MB)
	1037916  -  ResidentSetSize of job (KB)
...
006 (5415472.193.000) 07/13 23:50:52 Image size of job updated: 1617660
	1014  -  MemoryUsage of job (MB)
	1037928  -  ResidentSetSize of job (KB)
...
006 (5415472.193.000) 07/14 00:15:53 Image size of job updated: 1617660
	1014  -  MemoryUsage of job (MB)
	1037940  -  ResidentSetSize of job (KB)
...
006 (5415472.193.000) 07/14 00:35:54 Image size of job updated: 1617660
	1014  -  MemoryUsage of job (MB)
	1037952  -  ResidentSetSize of job (KB)
...
006 (5415472.193.000) 07/14 01:00:56 Image size of job updated: 1617660
	1014  -  MemoryUsage of job (MB)
	1037964  -  ResidentSetSize of job (KB)
...
006 (5415472.193.000) 07/14 01:25:59 Image size of job updated: 1617660
	1014  -  MemoryUsage of job (MB)
	1037976  -  ResidentSetSize of job (KB)
...
006 (5415472.193.000) 07/14 01:51:04 Image size of job updated: 1617660
	1014  -  MemoryUsage of job (MB)
	1037988  -  ResidentSetSize of job (KB)
...
006 (5415472.193.000) 07/14 02:11:06 Image size of job updated: 1617660
	1014  -  MemoryUsage of job (MB)
	1037992  -  ResidentSetSize of job (KB)
...
006 (5415472.193.000) 07/14 02:36:09 Image size of job updated: 1617660
	1014  -  MemoryUsage of job (MB)
	1038004  -  ResidentSetSize of job (KB)
...
006 (5415472.193.000) 07/14 03:01:13 Image size of job updated: 1617660
	1014  -  MemoryUsage of job (MB)
	1038016  -  ResidentSetSize of job (KB)
...
006 (5415472.193.000) 07/14 03:21:15 Image size of job updated: 1617660
	1014  -  MemoryUsage of job (MB)
	1038028  -  ResidentSetSize of job (KB)
...
006 (5415472.193.000) 07/14 03:41:17 Image size of job updated: 1617660
	1014  -  MemoryUsage of job (MB)
	1038040  -  ResidentSetSize of job (KB)
...
006 (5415472.193.000) 07/14 04:06:19 Image size of job updated: 1617660
	1014  -  MemoryUsage of job (MB)
	1038052  -  ResidentSetSize of job (KB)
...
006 (5415472.193.000) 07/14 04:26:21 Image size of job updated: 1617660
	1014  -  MemoryUsage of job (MB)
	1038060  -  ResidentSetSize of job (KB)
...
006 (5415472.193.000) 07/14 04:31:22 Image size of job updated: 1617660
	1014  -  MemoryUsage of job (MB)
	1038064  -  ResidentSetSize of job (KB)
...
006 (5415472.193.000) 07/14 04:51:23 Image size of job updated: 1617660
	1014  -  MemoryUsage of job (MB)
	1038076  -  ResidentSetSize of job (KB)
...
006 (5415472.193.000) 07/14 05:16:24 Image size of job updated: 1617660
	1014  -  MemoryUsage of job (MB)
	1038084  -  ResidentSetSize of job (KB)
...
006 (5415472.193.000) 07/14 05:41:27 Image size of job updated: 1617660
	1014  -  MemoryUsage of job (MB)
	1038096  -  ResidentSetSize of job (KB)
...
006 (5415472.193.000) 07/14 06:06:31 Image size of job updated: 1617660
	1014  -  MemoryUsage of job (MB)
	1038108  -  ResidentSetSize of job (KB)
...
006 (5415472.193.000) 07/14 06:36:35 Image size of job updated: 1617660
	1014  -  MemoryUsage of job (MB)
	1038120  -  ResidentSetSize of job (KB)
...
006 (5415472.193.000) 07/14 06:56:37 Image size of job updated: 1617660
	1014  -  MemoryUsage of job (MB)
	1038128  -  ResidentSetSize of job (KB)
...
006 (5415472.193.000) 07/14 07:16:39 Image size of job updated: 1617660
	1014  -  MemoryUsage of job (MB)
	1038132  -  ResidentSetSize of job (KB)
...
006 (5415472.193.000) 07/14 07:36:40 Image size of job updated: 1617660
	1014  -  MemoryUsage of job (MB)
	1038144  -  ResidentSetSize of job (KB)
...
006 (5415472.193.000) 07/14 07:51:41 Image size of job updated: 1617660
	1014  -  MemoryUsage of job (MB)
	1038156  -  ResidentSetSize of job (KB)
...
006 (5415472.193.000) 07/14 08:11:44 Image size of job updated: 1617660
	1014  -  MemoryUsage of job (MB)
	1038168  -  ResidentSetSize of job (KB)
...
006 (5415472.193.000) 07/14 08:26:46 Image size of job updated: 1617660
	1014  -  MemoryUsage of job (MB)
	1038180  -  ResidentSetSize of job (KB)
...
006 (5415472.193.000) 07/14 08:46:50 Image size of job updated: 1617660
	1014  -  MemoryUsage of job (MB)
	1038192  -  ResidentSetSize of job (KB)
...
006 (5415472.193.000) 07/14 09:01:52 Image size of job updated: 1617660
	1014  -  MemoryUsage of job (MB)
	1038204  -  ResidentSetSize of job (KB)
...
006 (5415472.193.000) 07/14 09:21:54 Image size of job updated: 1617660
	1014  -  MemoryUsage of job (MB)
	1038216  -  ResidentSetSize of job (KB)
...
006 (5415472.193.000) 07/14 09:36:55 Image size of job updated: 1617660
	1014  -  MemoryUsage of job (MB)
	1038228  -  ResidentSetSize of job (KB)
...
006 (5415472.193.000) 07/14 09:56:57 Image size of job updated: 1617660
	1014  -  MemoryUsage of job (MB)
	1038240  -  ResidentSetSize of job (KB)
...
006 (5415472.193.000) 07/14 10:11:59 Image size of job updated: 1617660
	1014  -  MemoryUsage of job (MB)
	1038252  -  ResidentSetSize of job (KB)
...
006 (5415472.193.000) 07/14 10:26:59 Image size of job updated: 1617660
	1014  -  MemoryUsage of job (MB)
	1038264  -  ResidentSetSize of job (KB)
...
006 (5415472.193.000) 07/14 10:47:01 Image size of job updated: 1617660
	1014  -  MemoryUsage of job (MB)
	1038276  -  ResidentSetSize of job (KB)
...
006 (5415472.193.000) 07/14 11:02:03 Image size of job updated: 1617660
	1014  -  MemoryUsage of job (MB)
	1038288  -  ResidentSetSize of job (KB)
...
006 (5415472.193.000) 07/14 11:17:04 Image size of job updated: 1617660
	1014  -  MemoryUsage of job (MB)
	1038300  -  ResidentSetSize of job (KB)
...
006 (5415472.193.000) 07/14 11:37:05 Image size of job updated: 1617660
	1014  -  MemoryUsage of job (MB)
	1038304  -  ResidentSetSize of job (KB)
...
006 (5415472.193.000) 07/14 11:52:08 Image size of job updated: 1617660
	1014  -  MemoryUsage of job (MB)
	1038316  -  ResidentSetSize of job (KB)
...
006 (5415472.193.000) 07/14 12:07:08 Image size of job updated: 1617660
	1014  -  MemoryUsage of job (MB)
	1038324  -  ResidentSetSize of job (KB)
...
006 (5415472.193.000) 07/14 12:12:09 Image size of job updated: 1617660
	1014  -  MemoryUsage of job (MB)
	1038328  -  ResidentSetSize of job (KB)
...
006 (5415472.193.000) 07/14 12:27:09 Image size of job updated: 1617660
	1014  -  MemoryUsage of job (MB)
	1038332  -  ResidentSetSize of job (KB)
...
007 (5415472.193.000) 07/14 21:07:12 Shadow exception!
	Assertion ERROR on (result)
	0  -  Run Bytes Sent By Job
	803  -  Run Bytes Received By Job
...
040 (5415472.193.000) 07/14 21:26:11 Started transferring input files
	Transferring to host: <128.142.80.196:9618?addrs=128.142.80.196-9618+[2001-1458-301-f5--100-4cb]-9618&alias=b7s13n4929.cern.ch&noUDP&sock=slot1_2_25366_6441_117635>
...
040 (5415472.193.000) 07/14 21:26:19 Finished transferring input files
...
001 (5415472.193.000) 07/14 21:26:38 Job executing on host: <128.142.80.196:9618?addrs=128.142.80.196-9618+[2001-1458-301-f5--100-4cb]-9618&alias=b7s13n4929.cern.ch&noUDP&sock=startd_16853_55af>
...
040 (5415472.193.000) 07/17 21:16:14 Started transferring output files
...
040 (5415472.193.000) 07/17 21:16:14 Finished transferring output files
...
004 (5415472.193.000) 07/17 21:16:14 Job was evicted.
	(0) CPU times
		Usr 8 12:01:27, Sys 0 00:02:21  -  Run Remote Usage
		Usr 0 00:00:00, Sys 0 00:00:00  -  Run Local Usage
	96419  -  Run Bytes Sent By Job
	803  -  Run Bytes Received By Job
	Partitionable Resources :    Usage  Request Allocated 
	   Cpus                 :     2.98        4         4 
	   Disk (KB)            :   122    10485760  10735906 
	   Memory (MB)          :  1221        8000      8000 
...
