000 (5415472.331.000) 07/11 14:02:29 Job submitted from host: <137.138.156.150:9618?addrs=137.138.156.150-9618+[2001-1458-d00-14--9a]-9618&alias=bigbird13.cern.ch&noUDP&sock=schedd_1788_ff6c>
...
040 (5415472.331.000) 07/11 15:03:24 Started transferring input files
	Transferring to host: <128.142.56.106:9618?addrs=128.142.56.106-9618+[2001-1458-301-6--100-69]-9618&alias=b7s01p1580.cern.ch&noUDP&sock=slot1_31_52476_d6cf_6499>
...
040 (5415472.331.000) 07/11 15:03:24 Finished transferring input files
...
001 (5415472.331.000) 07/11 15:03:25 Job executing on host: <128.142.56.106:9618?addrs=128.142.56.106-9618+[2001-1458-301-6--100-69]-9618&alias=b7s01p1580.cern.ch&noUDP&sock=startd_49376_6855>
...
006 (5415472.331.000) 07/11 15:03:34 Image size of job updated: 114784
	53  -  MemoryUsage of job (MB)
	53800  -  ResidentSetSize of job (KB)
...
006 (5415472.331.000) 07/11 15:08:35 Image size of job updated: 1591148
	1004  -  MemoryUsage of job (MB)
	1027580  -  ResidentSetSize of job (KB)
...
006 (5415472.331.000) 07/12 21:36:40 Image size of job updated: 1592128
	1005  -  MemoryUsage of job (MB)
	1028480  -  ResidentSetSize of job (KB)
...
006 (5415472.331.000) 07/12 22:16:45 Image size of job updated: 1593032
	1006  -  MemoryUsage of job (MB)
	1029384  -  ResidentSetSize of job (KB)
...
006 (5415472.331.000) 07/12 22:56:52 Image size of job updated: 1593940
	1007  -  MemoryUsage of job (MB)
	1030292  -  ResidentSetSize of job (KB)
...
006 (5415472.331.000) 07/12 23:31:54 Image size of job updated: 1594844
	1008  -  MemoryUsage of job (MB)
	1031196  -  ResidentSetSize of job (KB)
...
006 (5415472.331.000) 07/13 00:16:59 Image size of job updated: 1595752
	1008  -  MemoryUsage of job (MB)
	1032104  -  ResidentSetSize of job (KB)
...
006 (5415472.331.000) 07/13 00:57:03 Image size of job updated: 1596656
	1009  -  MemoryUsage of job (MB)
	1033008  -  ResidentSetSize of job (KB)
...
006 (5415472.331.000) 07/13 01:37:08 Image size of job updated: 1597560
	1010  -  MemoryUsage of job (MB)
	1033912  -  ResidentSetSize of job (KB)
...
006 (5415472.331.000) 07/13 02:17:13 Image size of job updated: 1598468
	1011  -  MemoryUsage of job (MB)
	1034820  -  ResidentSetSize of job (KB)
...
006 (5415472.331.000) 07/13 02:52:17 Image size of job updated: 1599372
	1012  -  MemoryUsage of job (MB)
	1035724  -  ResidentSetSize of job (KB)
...
006 (5415472.331.000) 07/13 03:32:21 Image size of job updated: 1600280
	1013  -  MemoryUsage of job (MB)
	1036632  -  ResidentSetSize of job (KB)
...
006 (5415472.331.000) 07/13 04:12:25 Image size of job updated: 1601184
	1014  -  MemoryUsage of job (MB)
	1037536  -  ResidentSetSize of job (KB)
...
006 (5415472.331.000) 07/13 04:52:29 Image size of job updated: 1602088
	1015  -  MemoryUsage of job (MB)
	1038440  -  ResidentSetSize of job (KB)
...
006 (5415472.331.000) 07/13 05:27:33 Image size of job updated: 1602996
	1015  -  MemoryUsage of job (MB)
	1039348  -  ResidentSetSize of job (KB)
...
006 (5415472.331.000) 07/13 06:07:36 Image size of job updated: 1603900
	1016  -  MemoryUsage of job (MB)
	1040252  -  ResidentSetSize of job (KB)
...
006 (5415472.331.000) 07/13 06:47:38 Image size of job updated: 1604808
	1017  -  MemoryUsage of job (MB)
	1041160  -  ResidentSetSize of job (KB)
...
006 (5415472.331.000) 07/13 07:32:43 Image size of job updated: 1605712
	1018  -  MemoryUsage of job (MB)
	1042064  -  ResidentSetSize of job (KB)
...
006 (5415472.331.000) 07/13 08:12:48 Image size of job updated: 1605712
	1019  -  MemoryUsage of job (MB)
	1042972  -  ResidentSetSize of job (KB)
...
006 (5415472.331.000) 07/13 08:17:48 Image size of job updated: 1606620
	1019  -  MemoryUsage of job (MB)
	1042972  -  ResidentSetSize of job (KB)
...
006 (5415472.331.000) 07/13 08:57:51 Image size of job updated: 1607524
	1020  -  MemoryUsage of job (MB)
	1043876  -  ResidentSetSize of job (KB)
...
006 (5415472.331.000) 07/13 09:37:55 Image size of job updated: 1608428
	1021  -  MemoryUsage of job (MB)
	1044780  -  ResidentSetSize of job (KB)
...
006 (5415472.331.000) 07/13 10:18:00 Image size of job updated: 1609336
	1022  -  MemoryUsage of job (MB)
	1045688  -  ResidentSetSize of job (KB)
...
006 (5415472.331.000) 07/13 11:03:29 Image size of job updated: 1610240
	1023  -  MemoryUsage of job (MB)
	1046592  -  ResidentSetSize of job (KB)
...
006 (5415472.331.000) 07/13 11:28:27 Image size of job updated: 1613312
	1024  -  MemoryUsage of job (MB)
	1048140  -  ResidentSetSize of job (KB)
...
006 (5415472.331.000) 07/13 11:43:15 Image size of job updated: 1613312
	1024  -  MemoryUsage of job (MB)
	1048152  -  ResidentSetSize of job (KB)
...
006 (5415472.331.000) 07/13 11:55:06 Image size of job updated: 1613312
	1024  -  MemoryUsage of job (MB)
	1048164  -  ResidentSetSize of job (KB)
...
006 (5415472.331.000) 07/13 12:12:14 Image size of job updated: 1613312
	1024  -  MemoryUsage of job (MB)
	1048176  -  ResidentSetSize of job (KB)
...
006 (5415472.331.000) 07/13 12:22:14 Image size of job updated: 1613312
	1025  -  MemoryUsage of job (MB)
	1049084  -  ResidentSetSize of job (KB)
...
006 (5415472.331.000) 07/13 12:27:15 Image size of job updated: 1614220
	1025  -  MemoryUsage of job (MB)
	1049084  -  ResidentSetSize of job (KB)
...
006 (5415472.331.000) 07/13 12:37:17 Image size of job updated: 1614220
	1025  -  MemoryUsage of job (MB)
	1049096  -  ResidentSetSize of job (KB)
...
006 (5415472.331.000) 07/13 12:57:18 Image size of job updated: 1614220
	1025  -  MemoryUsage of job (MB)
	1049108  -  ResidentSetSize of job (KB)
...
006 (5415472.331.000) 07/13 13:07:19 Image size of job updated: 1615124
	1026  -  MemoryUsage of job (MB)
	1050012  -  ResidentSetSize of job (KB)
...
006 (5415472.331.000) 07/13 13:17:19 Image size of job updated: 1615124
	1026  -  MemoryUsage of job (MB)
	1050024  -  ResidentSetSize of job (KB)
...
006 (5415472.331.000) 07/13 13:42:22 Image size of job updated: 1615124
	1026  -  MemoryUsage of job (MB)
	1050036  -  ResidentSetSize of job (KB)
...
006 (5415472.331.000) 07/13 13:47:22 Image size of job updated: 1616028
	1027  -  MemoryUsage of job (MB)
	1050940  -  ResidentSetSize of job (KB)
...
006 (5415472.331.000) 07/13 14:02:24 Image size of job updated: 1616028
	1027  -  MemoryUsage of job (MB)
	1050952  -  ResidentSetSize of job (KB)
...
006 (5415472.331.000) 07/13 14:22:26 Image size of job updated: 1616028
	1027  -  MemoryUsage of job (MB)
	1050964  -  ResidentSetSize of job (KB)
...
006 (5415472.331.000) 07/13 14:27:27 Image size of job updated: 1616936
	1028  -  MemoryUsage of job (MB)
	1051872  -  ResidentSetSize of job (KB)
...
006 (5415472.331.000) 07/13 14:37:28 Image size of job updated: 1616936
	1028  -  MemoryUsage of job (MB)
	1051884  -  ResidentSetSize of job (KB)
...
006 (5415472.331.000) 07/13 14:57:29 Image size of job updated: 1617840
	1029  -  MemoryUsage of job (MB)
	1052800  -  ResidentSetSize of job (KB)
...
006 (5415472.331.000) 07/13 15:17:30 Image size of job updated: 1617840
	1029  -  MemoryUsage of job (MB)
	1052812  -  ResidentSetSize of job (KB)
...
006 (5415472.331.000) 07/13 15:32:31 Image size of job updated: 1618748
	1030  -  MemoryUsage of job (MB)
	1053732  -  ResidentSetSize of job (KB)
...
006 (5415472.331.000) 07/13 15:52:32 Image size of job updated: 1618748
	1030  -  MemoryUsage of job (MB)
	1053744  -  ResidentSetSize of job (KB)
...
006 (5415472.331.000) 07/13 16:12:33 Image size of job updated: 1619652
	1030  -  MemoryUsage of job (MB)
	1054660  -  ResidentSetSize of job (KB)
...
006 (5415472.331.000) 07/13 16:32:35 Image size of job updated: 1619652
	1030  -  MemoryUsage of job (MB)
	1054672  -  ResidentSetSize of job (KB)
...
006 (5415472.331.000) 07/13 16:47:36 Image size of job updated: 1620556
	1031  -  MemoryUsage of job (MB)
	1055576  -  ResidentSetSize of job (KB)
...
006 (5415472.331.000) 07/13 16:52:37 Image size of job updated: 1620556
	1031  -  MemoryUsage of job (MB)
	1055588  -  ResidentSetSize of job (KB)
...
006 (5415472.331.000) 07/13 17:12:38 Image size of job updated: 1620556
	1031  -  MemoryUsage of job (MB)
	1055600  -  ResidentSetSize of job (KB)
...
006 (5415472.331.000) 07/13 17:27:40 Image size of job updated: 1621464
	1032  -  MemoryUsage of job (MB)
	1056508  -  ResidentSetSize of job (KB)
...
006 (5415472.331.000) 07/13 17:37:48 Image size of job updated: 1621464
	1032  -  MemoryUsage of job (MB)
	1056520  -  ResidentSetSize of job (KB)
...
006 (5415472.331.000) 07/13 17:57:49 Image size of job updated: 1621464
	1032  -  MemoryUsage of job (MB)
	1056532  -  ResidentSetSize of job (KB)
...
006 (5415472.331.000) 07/13 18:02:49 Image size of job updated: 1621464
	1033  -  MemoryUsage of job (MB)
	1057436  -  ResidentSetSize of job (KB)
...
006 (5415472.331.000) 07/13 18:07:49 Image size of job updated: 1622368
	1033  -  MemoryUsage of job (MB)
	1057436  -  ResidentSetSize of job (KB)
...
006 (5415472.331.000) 07/13 18:17:49 Image size of job updated: 1622368
	1033  -  MemoryUsage of job (MB)
	1057448  -  ResidentSetSize of job (KB)
...
006 (5415472.331.000) 07/13 18:37:52 Image size of job updated: 1622368
	1033  -  MemoryUsage of job (MB)
	1057460  -  ResidentSetSize of job (KB)
...
006 (5415472.331.000) 07/13 18:47:53 Image size of job updated: 1623276
	1034  -  MemoryUsage of job (MB)
	1058368  -  ResidentSetSize of job (KB)
...
006 (5415472.331.000) 07/13 18:57:53 Image size of job updated: 1623276
	1034  -  MemoryUsage of job (MB)
	1058372  -  ResidentSetSize of job (KB)
...
006 (5415472.331.000) 07/13 19:02:53 Image size of job updated: 1623276
	1034  -  MemoryUsage of job (MB)
	1058380  -  ResidentSetSize of job (KB)
...
006 (5415472.331.000) 07/13 19:22:55 Image size of job updated: 1623276
	1034  -  MemoryUsage of job (MB)
	1058392  -  ResidentSetSize of job (KB)
...
006 (5415472.331.000) 07/13 19:27:56 Image size of job updated: 1624180
	1035  -  MemoryUsage of job (MB)
	1059296  -  ResidentSetSize of job (KB)
...
006 (5415472.331.000) 07/13 19:47:59 Image size of job updated: 1624180
	1035  -  MemoryUsage of job (MB)
	1059308  -  ResidentSetSize of job (KB)
...
006 (5415472.331.000) 07/13 20:12:59 Image size of job updated: 1625088
	1036  -  MemoryUsage of job (MB)
	1060228  -  ResidentSetSize of job (KB)
...
006 (5415472.331.000) 07/13 20:33:02 Image size of job updated: 1625088
	1036  -  MemoryUsage of job (MB)
	1060232  -  ResidentSetSize of job (KB)
...
006 (5415472.331.000) 07/13 20:58:04 Image size of job updated: 1629616
	1040  -  MemoryUsage of job (MB)
	1064684  -  ResidentSetSize of job (KB)
...
006 (5415472.331.000) 07/14 03:13:41 Image size of job updated: 1629616
	1040  -  MemoryUsage of job (MB)
	1064696  -  ResidentSetSize of job (KB)
...
006 (5415472.331.000) 07/14 03:38:41 Image size of job updated: 1629616
	1040  -  MemoryUsage of job (MB)
	1064708  -  ResidentSetSize of job (KB)
...
006 (5415472.331.000) 07/14 04:03:43 Image size of job updated: 1629616
	1040  -  MemoryUsage of job (MB)
	1064720  -  ResidentSetSize of job (KB)
...
006 (5415472.331.000) 07/14 04:23:45 Image size of job updated: 1629616
	1040  -  MemoryUsage of job (MB)
	1064732  -  ResidentSetSize of job (KB)
...
006 (5415472.331.000) 07/14 04:48:47 Image size of job updated: 1629616
	1040  -  MemoryUsage of job (MB)
	1064744  -  ResidentSetSize of job (KB)
...
006 (5415472.331.000) 07/14 05:13:49 Image size of job updated: 1629616
	1040  -  MemoryUsage of job (MB)
	1064756  -  ResidentSetSize of job (KB)
...
006 (5415472.331.000) 07/14 05:33:52 Image size of job updated: 1629616
	1040  -  MemoryUsage of job (MB)
	1064768  -  ResidentSetSize of job (KB)
...
006 (5415472.331.000) 07/14 05:53:53 Image size of job updated: 1629616
	1040  -  MemoryUsage of job (MB)
	1064780  -  ResidentSetSize of job (KB)
...
006 (5415472.331.000) 07/14 06:13:55 Image size of job updated: 1629616
	1040  -  MemoryUsage of job (MB)
	1064792  -  ResidentSetSize of job (KB)
...
006 (5415472.331.000) 07/14 06:33:56 Image size of job updated: 1629616
	1040  -  MemoryUsage of job (MB)
	1064804  -  ResidentSetSize of job (KB)
...
006 (5415472.331.000) 07/14 06:53:59 Image size of job updated: 1629616
	1040  -  MemoryUsage of job (MB)
	1064816  -  ResidentSetSize of job (KB)
...
006 (5415472.331.000) 07/14 07:14:01 Image size of job updated: 1629616
	1040  -  MemoryUsage of job (MB)
	1064828  -  ResidentSetSize of job (KB)
...
006 (5415472.331.000) 07/14 07:34:02 Image size of job updated: 1629616
	1040  -  MemoryUsage of job (MB)
	1064840  -  ResidentSetSize of job (KB)
...
006 (5415472.331.000) 07/14 07:54:03 Image size of job updated: 1629616
	1040  -  MemoryUsage of job (MB)
	1064852  -  ResidentSetSize of job (KB)
...
006 (5415472.331.000) 07/14 08:14:05 Image size of job updated: 1629616
	1040  -  MemoryUsage of job (MB)
	1064864  -  ResidentSetSize of job (KB)
...
006 (5415472.331.000) 07/14 08:34:07 Image size of job updated: 1629616
	1040  -  MemoryUsage of job (MB)
	1064876  -  ResidentSetSize of job (KB)
...
006 (5415472.331.000) 07/14 08:54:10 Image size of job updated: 1629616
	1040  -  MemoryUsage of job (MB)
	1064888  -  ResidentSetSize of job (KB)
...
006 (5415472.331.000) 07/14 09:14:13 Image size of job updated: 1629616
	1040  -  MemoryUsage of job (MB)
	1064900  -  ResidentSetSize of job (KB)
...
006 (5415472.331.000) 07/14 09:29:14 Image size of job updated: 1629616
	1040  -  MemoryUsage of job (MB)
	1064912  -  ResidentSetSize of job (KB)
...
006 (5415472.331.000) 07/14 09:49:16 Image size of job updated: 1629616
	1040  -  MemoryUsage of job (MB)
	1064924  -  ResidentSetSize of job (KB)
...
006 (5415472.331.000) 07/14 10:09:18 Image size of job updated: 1629616
	1040  -  MemoryUsage of job (MB)
	1064932  -  ResidentSetSize of job (KB)
...
006 (5415472.331.000) 07/14 10:24:18 Image size of job updated: 1629616
	1040  -  MemoryUsage of job (MB)
	1064944  -  ResidentSetSize of job (KB)
...
006 (5415472.331.000) 07/14 10:44:20 Image size of job updated: 1629616
	1040  -  MemoryUsage of job (MB)
	1064952  -  ResidentSetSize of job (KB)
...
006 (5415472.331.000) 07/14 11:04:23 Image size of job updated: 1629616
	1041  -  MemoryUsage of job (MB)
	1064964  -  ResidentSetSize of job (KB)
...
006 (5415472.331.000) 07/14 11:24:25 Image size of job updated: 1629616
	1041  -  MemoryUsage of job (MB)
	1064976  -  ResidentSetSize of job (KB)
...
006 (5415472.331.000) 07/14 11:44:26 Image size of job updated: 1629616
	1041  -  MemoryUsage of job (MB)
	1064988  -  ResidentSetSize of job (KB)
...
006 (5415472.331.000) 07/14 11:59:27 Image size of job updated: 1629616
	1041  -  MemoryUsage of job (MB)
	1065000  -  ResidentSetSize of job (KB)
...
006 (5415472.331.000) 07/14 12:19:29 Image size of job updated: 1629616
	1041  -  MemoryUsage of job (MB)
	1065012  -  ResidentSetSize of job (KB)
...
006 (5415472.331.000) 07/14 12:34:31 Image size of job updated: 1629616
	1041  -  MemoryUsage of job (MB)
	1065024  -  ResidentSetSize of job (KB)
...
006 (5415472.331.000) 07/14 12:54:33 Image size of job updated: 1629616
	1041  -  MemoryUsage of job (MB)
	1065036  -  ResidentSetSize of job (KB)
...
006 (5415472.331.000) 07/14 13:09:36 Image size of job updated: 1629616
	1041  -  MemoryUsage of job (MB)
	1065048  -  ResidentSetSize of job (KB)
...
006 (5415472.331.000) 07/14 13:29:38 Image size of job updated: 1629616
	1041  -  MemoryUsage of job (MB)
	1065060  -  ResidentSetSize of job (KB)
...
006 (5415472.331.000) 07/14 13:49:41 Image size of job updated: 1629616
	1041  -  MemoryUsage of job (MB)
	1065072  -  ResidentSetSize of job (KB)
...
006 (5415472.331.000) 07/14 14:09:43 Image size of job updated: 1629616
	1041  -  MemoryUsage of job (MB)
	1065084  -  ResidentSetSize of job (KB)
...
006 (5415472.331.000) 07/14 14:29:44 Image size of job updated: 1629616
	1041  -  MemoryUsage of job (MB)
	1065096  -  ResidentSetSize of job (KB)
...
006 (5415472.331.000) 07/14 14:49:46 Image size of job updated: 1629616
	1041  -  MemoryUsage of job (MB)
	1065108  -  ResidentSetSize of job (KB)
...
006 (5415472.331.000) 07/14 15:14:48 Image size of job updated: 1629616
	1041  -  MemoryUsage of job (MB)
	1065120  -  ResidentSetSize of job (KB)
...
006 (5415472.331.000) 07/14 15:29:51 Image size of job updated: 1629616
	1041  -  MemoryUsage of job (MB)
	1065132  -  ResidentSetSize of job (KB)
...
006 (5415472.331.000) 07/14 15:49:51 Image size of job updated: 1629616
	1041  -  MemoryUsage of job (MB)
	1065144  -  ResidentSetSize of job (KB)
...
006 (5415472.331.000) 07/14 16:04:52 Image size of job updated: 1629616
	1041  -  MemoryUsage of job (MB)
	1065156  -  ResidentSetSize of job (KB)
...
006 (5415472.331.000) 07/14 16:24:54 Image size of job updated: 1629616
	1041  -  MemoryUsage of job (MB)
	1065168  -  ResidentSetSize of job (KB)
...
006 (5415472.331.000) 07/14 16:39:54 Image size of job updated: 1629616
	1041  -  MemoryUsage of job (MB)
	1065180  -  ResidentSetSize of job (KB)
...
006 (5415472.331.000) 07/14 16:59:57 Image size of job updated: 1629616
	1041  -  MemoryUsage of job (MB)
	1065192  -  ResidentSetSize of job (KB)
...
006 (5415472.331.000) 07/14 17:19:58 Image size of job updated: 1629616
	1041  -  MemoryUsage of job (MB)
	1065204  -  ResidentSetSize of job (KB)
...
006 (5415472.331.000) 07/14 17:40:01 Image size of job updated: 1629616
	1041  -  MemoryUsage of job (MB)
	1065216  -  ResidentSetSize of job (KB)
...
006 (5415472.331.000) 07/14 18:05:02 Image size of job updated: 1629616
	1041  -  MemoryUsage of job (MB)
	1065228  -  ResidentSetSize of job (KB)
...
006 (5415472.331.000) 07/14 18:25:05 Image size of job updated: 1629616
	1041  -  MemoryUsage of job (MB)
	1065240  -  ResidentSetSize of job (KB)
...
006 (5415472.331.000) 07/14 18:50:08 Image size of job updated: 1629616
	1041  -  MemoryUsage of job (MB)
	1065252  -  ResidentSetSize of job (KB)
...
006 (5415472.331.000) 07/14 19:10:08 Image size of job updated: 1629616
	1041  -  MemoryUsage of job (MB)
	1065264  -  ResidentSetSize of job (KB)
...
006 (5415472.331.000) 07/14 19:35:10 Image size of job updated: 1629616
	1041  -  MemoryUsage of job (MB)
	1065276  -  ResidentSetSize of job (KB)
...
006 (5415472.331.000) 07/14 20:00:13 Image size of job updated: 1629616
	1041  -  MemoryUsage of job (MB)
	1065288  -  ResidentSetSize of job (KB)
...
006 (5415472.331.000) 07/14 20:20:14 Image size of job updated: 1629616
	1041  -  MemoryUsage of job (MB)
	1065300  -  ResidentSetSize of job (KB)
...
006 (5415472.331.000) 07/14 20:40:17 Image size of job updated: 1629616
	1041  -  MemoryUsage of job (MB)
	1065312  -  ResidentSetSize of job (KB)
...
007 (5415472.331.000) 07/14 21:00:37 Shadow exception!
	Assertion ERROR on (result)
	0  -  Run Bytes Sent By Job
	803  -  Run Bytes Received By Job
...
040 (5415472.331.000) 07/14 21:29:03 Started transferring input files
	Transferring to host: <128.142.68.152:9618?addrs=128.142.68.152-9618+[2001-1458-301-52--100-377]-9618&alias=b7s10n2630.cern.ch&noUDP&sock=slot1_3_30961_9344_112424>
...
040 (5415472.331.000) 07/14 21:29:19 Finished transferring input files
...
001 (5415472.331.000) 07/14 21:29:46 Job executing on host: <128.142.68.152:9618?addrs=128.142.68.152-9618+[2001-1458-301-52--100-377]-9618&alias=b7s10n2630.cern.ch&noUDP&sock=startd_2202_f7a2>
...
040 (5415472.331.000) 07/18 14:10:47 Started transferring output files
...
040 (5415472.331.000) 07/18 14:10:47 Finished transferring output files
...
004 (5415472.331.000) 07/18 14:10:47 Job was evicted.
	(0) CPU times
		Usr 10 23:26:58, Sys 0 01:24:21  -  Run Remote Usage
		Usr 0 00:00:00, Sys 0 00:00:00  -  Run Local Usage
	96422  -  Run Bytes Sent By Job
	803  -  Run Bytes Received By Job
	Partitionable Resources :    Usage  Request Allocated 
	   Cpus                 :     2.98        4         4 
	   Disk (KB)            :   122    10485760  10655814 
	   Memory (MB)          :  1221        8000      8000 
...
