000 (5415472.141.000) 07/11 14:02:29 Job submitted from host: <137.138.156.150:9618?addrs=137.138.156.150-9618+[2001-1458-d00-14--9a]-9618&alias=bigbird13.cern.ch&noUDP&sock=schedd_1788_ff6c>
...
040 (5415472.141.000) 07/11 14:15:17 Started transferring input files
	Transferring to host: <128.142.69.110:9618?addrs=128.142.69.110-9618+[2001-1458-301-52--100-3c6]-9618&alias=b7s10n0733.cern.ch&noUDP&sock=slot1_2_10906_0375_130750>
...
040 (5415472.141.000) 07/11 14:15:17 Finished transferring input files
...
001 (5415472.141.000) 07/11 14:15:18 Job executing on host: <128.142.69.110:9618?addrs=128.142.69.110-9618+[2001-1458-301-52--100-3c6]-9618&alias=b7s10n0733.cern.ch&noUDP&sock=startd_2312_6b0d>
...
006 (5415472.141.000) 07/11 14:15:27 Image size of job updated: 537384
	38  -  MemoryUsage of job (MB)
	38560  -  ResidentSetSize of job (KB)
...
006 (5415472.141.000) 07/11 14:20:27 Image size of job updated: 1591016
	1004  -  MemoryUsage of job (MB)
	1027468  -  ResidentSetSize of job (KB)
...
006 (5415472.141.000) 07/12 12:12:36 Image size of job updated: 1591016
	1004  -  MemoryUsage of job (MB)
	1027472  -  ResidentSetSize of job (KB)
...
006 (5415472.141.000) 07/13 20:05:17 Image size of job updated: 1592000
	1004  -  MemoryUsage of job (MB)
	1027708  -  ResidentSetSize of job (KB)
...
006 (5415472.141.000) 07/13 21:00:23 Image size of job updated: 1592904
	1005  -  MemoryUsage of job (MB)
	1028612  -  ResidentSetSize of job (KB)
...
006 (5415472.141.000) 07/13 21:50:23 Image size of job updated: 1593812
	1006  -  MemoryUsage of job (MB)
	1029520  -  ResidentSetSize of job (KB)
...
006 (5415472.141.000) 07/13 22:50:31 Image size of job updated: 1594716
	1007  -  MemoryUsage of job (MB)
	1030424  -  ResidentSetSize of job (KB)
...
006 (5415472.141.000) 07/13 23:45:36 Image size of job updated: 1595620
	1008  -  MemoryUsage of job (MB)
	1031328  -  ResidentSetSize of job (KB)
...
006 (5415472.141.000) 07/14 00:40:38 Image size of job updated: 1596528
	1009  -  MemoryUsage of job (MB)
	1032236  -  ResidentSetSize of job (KB)
...
006 (5415472.141.000) 07/14 01:30:42 Image size of job updated: 1597432
	1009  -  MemoryUsage of job (MB)
	1033140  -  ResidentSetSize of job (KB)
...
006 (5415472.141.000) 07/14 02:25:49 Image size of job updated: 1598340
	1010  -  MemoryUsage of job (MB)
	1034048  -  ResidentSetSize of job (KB)
...
006 (5415472.141.000) 07/14 03:20:54 Image size of job updated: 1599244
	1011  -  MemoryUsage of job (MB)
	1034952  -  ResidentSetSize of job (KB)
...
006 (5415472.141.000) 07/14 04:16:00 Image size of job updated: 1600148
	1012  -  MemoryUsage of job (MB)
	1035856  -  ResidentSetSize of job (KB)
...
006 (5415472.141.000) 07/14 05:06:03 Image size of job updated: 1601056
	1013  -  MemoryUsage of job (MB)
	1036764  -  ResidentSetSize of job (KB)
...
006 (5415472.141.000) 07/14 06:01:09 Image size of job updated: 1601960
	1014  -  MemoryUsage of job (MB)
	1037668  -  ResidentSetSize of job (KB)
...
006 (5415472.141.000) 07/14 06:51:13 Image size of job updated: 1602868
	1015  -  MemoryUsage of job (MB)
	1038576  -  ResidentSetSize of job (KB)
...
006 (5415472.141.000) 07/14 07:56:20 Image size of job updated: 1603772
	1016  -  MemoryUsage of job (MB)
	1039480  -  ResidentSetSize of job (KB)
...
006 (5415472.141.000) 07/14 09:06:28 Image size of job updated: 1604680
	1017  -  MemoryUsage of job (MB)
	1040388  -  ResidentSetSize of job (KB)
...
006 (5415472.141.000) 07/14 10:11:32 Image size of job updated: 1605584
	1017  -  MemoryUsage of job (MB)
	1041292  -  ResidentSetSize of job (KB)
...
006 (5415472.141.000) 07/14 11:16:39 Image size of job updated: 1606488
	1018  -  MemoryUsage of job (MB)
	1042196  -  ResidentSetSize of job (KB)
...
006 (5415472.141.000) 07/14 12:26:49 Image size of job updated: 1607396
	1018  -  MemoryUsage of job (MB)
	1042424  -  ResidentSetSize of job (KB)
...
006 (5415472.141.000) 07/14 13:31:56 Image size of job updated: 1608300
	1019  -  MemoryUsage of job (MB)
	1043324  -  ResidentSetSize of job (KB)
...
006 (5415472.141.000) 07/14 14:42:02 Image size of job updated: 1609208
	1019  -  MemoryUsage of job (MB)
	1043324  -  ResidentSetSize of job (KB)
...
006 (5415472.141.000) 07/14 15:17:06 Image size of job updated: 1612280
	1019  -  MemoryUsage of job (MB)
	1043324  -  ResidentSetSize of job (KB)
...
006 (5415472.141.000) 07/14 16:52:14 Image size of job updated: 1613184
	1019  -  MemoryUsage of job (MB)
	1043324  -  ResidentSetSize of job (KB)
...
006 (5415472.141.000) 07/14 18:02:21 Image size of job updated: 1614088
	1019  -  MemoryUsage of job (MB)
	1043324  -  ResidentSetSize of job (KB)
...
006 (5415472.141.000) 07/14 19:12:27 Image size of job updated: 1614996
	1019  -  MemoryUsage of job (MB)
	1043324  -  ResidentSetSize of job (KB)
...
006 (5415472.141.000) 07/14 20:22:37 Image size of job updated: 1615900
	1019  -  MemoryUsage of job (MB)
	1043324  -  ResidentSetSize of job (KB)
...
007 (5415472.141.000) 07/14 21:05:16 Shadow exception!
	Assertion ERROR on (result)
	0  -  Run Bytes Sent By Job
	803  -  Run Bytes Received By Job
...
040 (5415472.141.000) 07/14 21:25:18 Started transferring input files
	Transferring to host: <128.142.82.248:9618?addrs=128.142.82.248-9618+[2001-1458-301-f5--100-115]-9618&alias=b7s13n3700.cern.ch&noUDP&sock=slot1_1_5429_f8b6_61975>
...
040 (5415472.141.000) 07/14 21:25:19 Finished transferring input files
...
001 (5415472.141.000) 07/14 21:25:20 Job executing on host: <128.142.82.248:9618?addrs=128.142.82.248-9618+[2001-1458-301-f5--100-115]-9618&alias=b7s13n3700.cern.ch&noUDP&sock=startd_4343_83e6>
...
040 (5415472.141.000) 07/20 07:02:21 Started transferring output files
...
040 (5415472.141.000) 07/20 07:02:21 Finished transferring output files
...
004 (5415472.141.000) 07/20 07:02:21 Job was evicted.
	(0) CPU times
		Usr 15 13:07:26, Sys 0 00:03:51  -  Run Remote Usage
		Usr 0 00:00:00, Sys 0 00:00:00  -  Run Local Usage
	96419  -  Run Bytes Sent By Job
	803  -  Run Bytes Received By Job
	Partitionable Resources :    Usage  Request Allocated 
	   Cpus                 :     3.06        4         4 
	   Disk (KB)            :   123    10485760  10907023 
	   Memory (MB)          :  1221        8000      8000 
...
