000 (5415472.143.000) 07/11 14:02:29 Job submitted from host: <137.138.156.150:9618?addrs=137.138.156.150-9618+[2001-1458-d00-14--9a]-9618&alias=bigbird13.cern.ch&noUDP&sock=schedd_1788_ff6c>
...
040 (5415472.143.000) 07/11 14:15:16 Started transferring input files
	Transferring to host: <128.142.78.16:9618?addrs=128.142.78.16-9618+[2001-1458-301-f4--100-10f]-9618&alias=b7s12n5380.cern.ch&noUDP&sock=slot1_1_5769_8844_60332>
...
040 (5415472.143.000) 07/11 14:15:16 Finished transferring input files
...
001 (5415472.143.000) 07/11 14:15:17 Job executing on host: <128.142.78.16:9618?addrs=128.142.78.16-9618+[2001-1458-301-f4--100-10f]-9618&alias=b7s12n5380.cern.ch&noUDP&sock=startd_4602_2aee>
...
006 (5415472.143.000) 07/11 14:15:26 Image size of job updated: 537384
	41  -  MemoryUsage of job (MB)
	41924  -  ResidentSetSize of job (KB)
...
006 (5415472.143.000) 07/11 14:20:26 Image size of job updated: 1591004
	1004  -  MemoryUsage of job (MB)
	1027452  -  ResidentSetSize of job (KB)
...
006 (5415472.143.000) 07/13 18:55:19 Image size of job updated: 1591984
	1005  -  MemoryUsage of job (MB)
	1028256  -  ResidentSetSize of job (KB)
...
006 (5415472.143.000) 07/13 20:00:27 Image size of job updated: 1592892
	1006  -  MemoryUsage of job (MB)
	1029164  -  ResidentSetSize of job (KB)
...
006 (5415472.143.000) 07/13 21:10:34 Image size of job updated: 1593796
	1006  -  MemoryUsage of job (MB)
	1030068  -  ResidentSetSize of job (KB)
...
006 (5415472.143.000) 07/13 22:20:43 Image size of job updated: 1594700
	1007  -  MemoryUsage of job (MB)
	1030972  -  ResidentSetSize of job (KB)
...
006 (5415472.143.000) 07/13 23:30:48 Image size of job updated: 1595608
	1008  -  MemoryUsage of job (MB)
	1031880  -  ResidentSetSize of job (KB)
...
006 (5415472.143.000) 07/14 00:40:56 Image size of job updated: 1596512
	1009  -  MemoryUsage of job (MB)
	1032784  -  ResidentSetSize of job (KB)
...
006 (5415472.143.000) 07/14 01:51:03 Image size of job updated: 1597420
	1010  -  MemoryUsage of job (MB)
	1033688  -  ResidentSetSize of job (KB)
...
006 (5415472.143.000) 07/14 03:01:12 Image size of job updated: 1598324
	1011  -  MemoryUsage of job (MB)
	1034592  -  ResidentSetSize of job (KB)
...
006 (5415472.143.000) 07/14 04:11:17 Image size of job updated: 1598324
	1012  -  MemoryUsage of job (MB)
	1035496  -  ResidentSetSize of job (KB)
...
006 (5415472.143.000) 07/14 04:16:18 Image size of job updated: 1599228
	1012  -  MemoryUsage of job (MB)
	1035496  -  ResidentSetSize of job (KB)
...
006 (5415472.143.000) 07/14 05:26:23 Image size of job updated: 1600136
	1013  -  MemoryUsage of job (MB)
	1036404  -  ResidentSetSize of job (KB)
...
006 (5415472.143.000) 07/14 06:36:32 Image size of job updated: 1601040
	1013  -  MemoryUsage of job (MB)
	1037308  -  ResidentSetSize of job (KB)
...
006 (5415472.143.000) 07/14 07:46:39 Image size of job updated: 1601948
	1014  -  MemoryUsage of job (MB)
	1038216  -  ResidentSetSize of job (KB)
...
006 (5415472.143.000) 07/14 08:51:47 Image size of job updated: 1602852
	1015  -  MemoryUsage of job (MB)
	1039120  -  ResidentSetSize of job (KB)
...
006 (5415472.143.000) 07/14 09:56:54 Image size of job updated: 1603756
	1016  -  MemoryUsage of job (MB)
	1040024  -  ResidentSetSize of job (KB)
...
006 (5415472.143.000) 07/14 11:06:59 Image size of job updated: 1604664
	1017  -  MemoryUsage of job (MB)
	1040932  -  ResidentSetSize of job (KB)
...
006 (5415472.143.000) 07/14 12:12:07 Image size of job updated: 1605568
	1018  -  MemoryUsage of job (MB)
	1041784  -  ResidentSetSize of job (KB)
...
006 (5415472.143.000) 07/14 13:22:13 Image size of job updated: 1606476
	1019  -  MemoryUsage of job (MB)
	1042692  -  ResidentSetSize of job (KB)
...
006 (5415472.143.000) 07/14 14:32:20 Image size of job updated: 1607380
	1020  -  MemoryUsage of job (MB)
	1043596  -  ResidentSetSize of job (KB)
...
006 (5415472.143.000) 07/14 15:42:28 Image size of job updated: 1608288
	1021  -  MemoryUsage of job (MB)
	1044504  -  ResidentSetSize of job (KB)
...
006 (5415472.143.000) 07/14 16:47:36 Image size of job updated: 1609192
	1021  -  MemoryUsage of job (MB)
	1045408  -  ResidentSetSize of job (KB)
...
006 (5415472.143.000) 07/14 17:57:44 Image size of job updated: 1610096
	1022  -  MemoryUsage of job (MB)
	1046312  -  ResidentSetSize of job (KB)
...
006 (5415472.143.000) 07/14 18:32:48 Image size of job updated: 1613168
	1024  -  MemoryUsage of job (MB)
	1047860  -  ResidentSetSize of job (KB)
...
006 (5415472.143.000) 07/14 18:37:49 Image size of job updated: 1613168
	1024  -  MemoryUsage of job (MB)
	1047872  -  ResidentSetSize of job (KB)
...
006 (5415472.143.000) 07/14 19:12:54 Image size of job updated: 1613168
	1024  -  MemoryUsage of job (MB)
	1047884  -  ResidentSetSize of job (KB)
...
006 (5415472.143.000) 07/14 19:53:00 Image size of job updated: 1613168
	1024  -  MemoryUsage of job (MB)
	1047896  -  ResidentSetSize of job (KB)
...
006 (5415472.143.000) 07/14 20:18:05 Image size of job updated: 1614076
	1025  -  MemoryUsage of job (MB)
	1048804  -  ResidentSetSize of job (KB)
...
006 (5415472.143.000) 07/14 20:28:06 Image size of job updated: 1614076
	1025  -  MemoryUsage of job (MB)
	1048816  -  ResidentSetSize of job (KB)
...
007 (5415472.143.000) 07/14 21:01:29 Shadow exception!
	Assertion ERROR on (result)
	0  -  Run Bytes Sent By Job
	803  -  Run Bytes Received By Job
...
040 (5415472.143.000) 07/14 21:25:12 Started transferring input files
	Transferring to host: <128.142.83.11:9618?addrs=128.142.83.11-9618+[2001-1458-301-f5--100-2d7]-9618&alias=b7s13n7692.cern.ch&noUDP&sock=slot1_5_5542_971a_61252>
...
040 (5415472.143.000) 07/14 21:25:12 Finished transferring input files
...
001 (5415472.143.000) 07/14 21:25:13 Job executing on host: <128.142.83.11:9618?addrs=128.142.83.11-9618+[2001-1458-301-f5--100-2d7]-9618&alias=b7s13n7692.cern.ch&noUDP&sock=startd_4442_6bc7>
...
