000 (5415472.178.000) 07/11 14:02:29 Job submitted from host: <137.138.156.150:9618?addrs=137.138.156.150-9618+[2001-1458-d00-14--9a]-9618&alias=bigbird13.cern.ch&noUDP&sock=schedd_1788_ff6c>
...
040 (5415472.178.000) 07/11 14:15:27 Started transferring input files
	Transferring to host: <128.142.57.57:9618?addrs=128.142.57.57-9618+[2001-1458-301-7--100-38]-9618&alias=b7s02p9163.cern.ch&noUDP&sock=slot1_13_6356_207c_4986>
...
040 (5415472.178.000) 07/11 14:15:32 Finished transferring input files
...
001 (5415472.178.000) 07/11 14:15:34 Job executing on host: <128.142.57.57:9618?addrs=128.142.57.57-9618+[2001-1458-301-7--100-38]-9618&alias=b7s02p9163.cern.ch&noUDP&sock=startd_6136_5d36>
...
006 (5415472.178.000) 07/11 14:15:44 Image size of job updated: 806800
	287  -  MemoryUsage of job (MB)
	293240  -  ResidentSetSize of job (KB)
...
006 (5415472.178.000) 07/11 14:20:44 Image size of job updated: 1590980
	1004  -  MemoryUsage of job (MB)
	1027408  -  ResidentSetSize of job (KB)
...
006 (5415472.178.000) 07/13 00:34:12 Image size of job updated: 1591960
	1005  -  MemoryUsage of job (MB)
	1028312  -  ResidentSetSize of job (KB)
...
006 (5415472.178.000) 07/13 01:14:18 Image size of job updated: 1592868
	1006  -  MemoryUsage of job (MB)
	1029220  -  ResidentSetSize of job (KB)
...
006 (5415472.178.000) 07/13 01:54:22 Image size of job updated: 1593772
	1006  -  MemoryUsage of job (MB)
	1030124  -  ResidentSetSize of job (KB)
...
006 (5415472.178.000) 07/13 02:34:28 Image size of job updated: 1594680
	1007  -  MemoryUsage of job (MB)
	1031032  -  ResidentSetSize of job (KB)
...
006 (5415472.178.000) 07/13 03:14:33 Image size of job updated: 1595584
	1008  -  MemoryUsage of job (MB)
	1031936  -  ResidentSetSize of job (KB)
...
006 (5415472.178.000) 07/13 03:54:38 Image size of job updated: 1596492
	1009  -  MemoryUsage of job (MB)
	1032844  -  ResidentSetSize of job (KB)
...
006 (5415472.178.000) 07/13 04:34:42 Image size of job updated: 1597396
	1010  -  MemoryUsage of job (MB)
	1033748  -  ResidentSetSize of job (KB)
...
006 (5415472.178.000) 07/13 05:14:45 Image size of job updated: 1598300
	1011  -  MemoryUsage of job (MB)
	1034652  -  ResidentSetSize of job (KB)
...
006 (5415472.178.000) 07/13 05:49:49 Image size of job updated: 1599208
	1012  -  MemoryUsage of job (MB)
	1035560  -  ResidentSetSize of job (KB)
...
006 (5415472.178.000) 07/13 06:29:53 Image size of job updated: 1600112
	1013  -  MemoryUsage of job (MB)
	1036464  -  ResidentSetSize of job (KB)
...
006 (5415472.178.000) 07/13 07:10:00 Image size of job updated: 1601020
	1014  -  MemoryUsage of job (MB)
	1037372  -  ResidentSetSize of job (KB)
...
006 (5415472.178.000) 07/13 07:50:05 Image size of job updated: 1601924
	1014  -  MemoryUsage of job (MB)
	1038276  -  ResidentSetSize of job (KB)
...
006 (5415472.178.000) 07/13 08:30:07 Image size of job updated: 1602828
	1015  -  MemoryUsage of job (MB)
	1039180  -  ResidentSetSize of job (KB)
...
006 (5415472.178.000) 07/13 09:10:12 Image size of job updated: 1603736
	1016  -  MemoryUsage of job (MB)
	1040088  -  ResidentSetSize of job (KB)
...
006 (5415472.178.000) 07/13 09:50:14 Image size of job updated: 1604640
	1017  -  MemoryUsage of job (MB)
	1040992  -  ResidentSetSize of job (KB)
...
006 (5415472.178.000) 07/13 10:30:16 Image size of job updated: 1605548
	1018  -  MemoryUsage of job (MB)
	1041900  -  ResidentSetSize of job (KB)
...
006 (5415472.178.000) 07/13 11:10:20 Image size of job updated: 1606452
	1019  -  MemoryUsage of job (MB)
	1042804  -  ResidentSetSize of job (KB)
...
006 (5415472.178.000) 07/13 11:51:45 Image size of job updated: 1607356
	1020  -  MemoryUsage of job (MB)
	1043708  -  ResidentSetSize of job (KB)
...
006 (5415472.178.000) 07/13 12:31:51 Image size of job updated: 1608264
	1021  -  MemoryUsage of job (MB)
	1044616  -  ResidentSetSize of job (KB)
...
006 (5415472.178.000) 07/13 13:12:57 Image size of job updated: 1609168
	1022  -  MemoryUsage of job (MB)
	1045520  -  ResidentSetSize of job (KB)
...
006 (5415472.178.000) 07/13 13:53:00 Image size of job updated: 1610076
	1022  -  MemoryUsage of job (MB)
	1046428  -  ResidentSetSize of job (KB)
...
006 (5415472.178.000) 07/13 14:13:01 Image size of job updated: 1613148
	1024  -  MemoryUsage of job (MB)
	1047976  -  ResidentSetSize of job (KB)
...
006 (5415472.178.000) 07/13 14:33:03 Image size of job updated: 1613148
	1024  -  MemoryUsage of job (MB)
	1047988  -  ResidentSetSize of job (KB)
...
006 (5415472.178.000) 07/13 14:53:05 Image size of job updated: 1613148
	1024  -  MemoryUsage of job (MB)
	1048000  -  ResidentSetSize of job (KB)
...
006 (5415472.178.000) 07/13 15:13:06 Image size of job updated: 1614052
	1025  -  MemoryUsage of job (MB)
	1048916  -  ResidentSetSize of job (KB)
...
006 (5415472.178.000) 07/13 15:33:09 Image size of job updated: 1614052
	1025  -  MemoryUsage of job (MB)
	1048928  -  ResidentSetSize of job (KB)
...
006 (5415472.178.000) 07/13 15:58:13 Image size of job updated: 1614960
	1026  -  MemoryUsage of job (MB)
	1049848  -  ResidentSetSize of job (KB)
...
006 (5415472.178.000) 07/13 16:23:14 Image size of job updated: 1614960
	1026  -  MemoryUsage of job (MB)
	1049860  -  ResidentSetSize of job (KB)
...
006 (5415472.178.000) 07/13 16:38:15 Image size of job updated: 1615864
	1027  -  MemoryUsage of job (MB)
	1050764  -  ResidentSetSize of job (KB)
...
006 (5415472.178.000) 07/13 16:43:16 Image size of job updated: 1615864
	1027  -  MemoryUsage of job (MB)
	1050776  -  ResidentSetSize of job (KB)
...
006 (5415472.178.000) 07/13 17:03:19 Image size of job updated: 1615864
	1027  -  MemoryUsage of job (MB)
	1050788  -  ResidentSetSize of job (KB)
...
006 (5415472.178.000) 07/13 17:18:22 Image size of job updated: 1616768
	1028  -  MemoryUsage of job (MB)
	1051692  -  ResidentSetSize of job (KB)
...
006 (5415472.178.000) 07/13 17:23:22 Image size of job updated: 1616768
	1028  -  MemoryUsage of job (MB)
	1051704  -  ResidentSetSize of job (KB)
...
006 (5415472.178.000) 07/13 17:45:48 Image size of job updated: 1616768
	1028  -  MemoryUsage of job (MB)
	1051716  -  ResidentSetSize of job (KB)
...
006 (5415472.178.000) 07/13 17:55:48 Image size of job updated: 1617676
	1028  -  MemoryUsage of job (MB)
	1052624  -  ResidentSetSize of job (KB)
...
006 (5415472.178.000) 07/13 18:05:50 Image size of job updated: 1617676
	1028  -  MemoryUsage of job (MB)
	1052636  -  ResidentSetSize of job (KB)
...
006 (5415472.178.000) 07/13 18:30:53 Image size of job updated: 1617676
	1028  -  MemoryUsage of job (MB)
	1052648  -  ResidentSetSize of job (KB)
...
006 (5415472.178.000) 07/13 18:35:53 Image size of job updated: 1618580
	1029  -  MemoryUsage of job (MB)
	1053552  -  ResidentSetSize of job (KB)
...
006 (5415472.178.000) 07/13 18:50:55 Image size of job updated: 1618580
	1029  -  MemoryUsage of job (MB)
	1053564  -  ResidentSetSize of job (KB)
...
006 (5415472.178.000) 07/13 19:10:57 Image size of job updated: 1618580
	1029  -  MemoryUsage of job (MB)
	1053576  -  ResidentSetSize of job (KB)
...
006 (5415472.178.000) 07/13 19:15:57 Image size of job updated: 1619488
	1030  -  MemoryUsage of job (MB)
	1054484  -  ResidentSetSize of job (KB)
...
006 (5415472.178.000) 07/13 19:31:00 Image size of job updated: 1619488
	1030  -  MemoryUsage of job (MB)
	1054496  -  ResidentSetSize of job (KB)
...
006 (5415472.178.000) 07/13 19:56:03 Image size of job updated: 1620392
	1031  -  MemoryUsage of job (MB)
	1055412  -  ResidentSetSize of job (KB)
...
006 (5415472.178.000) 07/13 20:16:04 Image size of job updated: 1620392
	1031  -  MemoryUsage of job (MB)
	1055424  -  ResidentSetSize of job (KB)
...
006 (5415472.178.000) 07/13 20:36:04 Image size of job updated: 1621296
	1032  -  MemoryUsage of job (MB)
	1056340  -  ResidentSetSize of job (KB)
...
006 (5415472.178.000) 07/13 20:56:06 Image size of job updated: 1621296
	1032  -  MemoryUsage of job (MB)
	1056352  -  ResidentSetSize of job (KB)
...
006 (5415472.178.000) 07/13 21:16:08 Image size of job updated: 1622204
	1033  -  MemoryUsage of job (MB)
	1057272  -  ResidentSetSize of job (KB)
...
006 (5415472.178.000) 07/13 21:36:09 Image size of job updated: 1622204
	1033  -  MemoryUsage of job (MB)
	1057284  -  ResidentSetSize of job (KB)
...
006 (5415472.178.000) 07/13 21:56:11 Image size of job updated: 1623108
	1034  -  MemoryUsage of job (MB)
	1058188  -  ResidentSetSize of job (KB)
...
006 (5415472.178.000) 07/13 22:01:12 Image size of job updated: 1623108
	1034  -  MemoryUsage of job (MB)
	1058200  -  ResidentSetSize of job (KB)
...
006 (5415472.178.000) 07/13 22:21:13 Image size of job updated: 1623108
	1034  -  MemoryUsage of job (MB)
	1058212  -  ResidentSetSize of job (KB)
...
006 (5415472.178.000) 07/13 22:31:14 Image size of job updated: 1624016
	1035  -  MemoryUsage of job (MB)
	1059120  -  ResidentSetSize of job (KB)
...
006 (5415472.178.000) 07/13 22:41:15 Image size of job updated: 1624016
	1035  -  MemoryUsage of job (MB)
	1059132  -  ResidentSetSize of job (KB)
...
006 (5415472.178.000) 07/13 23:01:17 Image size of job updated: 1624016
	1035  -  MemoryUsage of job (MB)
	1059144  -  ResidentSetSize of job (KB)
...
006 (5415472.178.000) 07/13 23:11:17 Image size of job updated: 1624920
	1036  -  MemoryUsage of job (MB)
	1060048  -  ResidentSetSize of job (KB)
...
006 (5415472.178.000) 07/13 23:21:18 Image size of job updated: 1624920
	1036  -  MemoryUsage of job (MB)
	1060060  -  ResidentSetSize of job (KB)
...
006 (5415472.178.000) 07/13 23:41:20 Image size of job updated: 1624920
	1036  -  MemoryUsage of job (MB)
	1060072  -  ResidentSetSize of job (KB)
...
006 (5415472.178.000) 07/13 23:51:22 Image size of job updated: 1625824
	1037  -  MemoryUsage of job (MB)
	1060976  -  ResidentSetSize of job (KB)
...
006 (5415472.178.000) 07/14 00:01:23 Image size of job updated: 1625824
	1037  -  MemoryUsage of job (MB)
	1060988  -  ResidentSetSize of job (KB)
...
006 (5415472.178.000) 07/14 00:21:26 Image size of job updated: 1625824
	1037  -  MemoryUsage of job (MB)
	1061000  -  ResidentSetSize of job (KB)
...
006 (5415472.178.000) 07/14 00:31:27 Image size of job updated: 1626732
	1038  -  MemoryUsage of job (MB)
	1061908  -  ResidentSetSize of job (KB)
...
006 (5415472.178.000) 07/14 00:46:29 Image size of job updated: 1626732
	1038  -  MemoryUsage of job (MB)
	1061920  -  ResidentSetSize of job (KB)
...
006 (5415472.178.000) 07/14 01:06:31 Image size of job updated: 1626732
	1038  -  MemoryUsage of job (MB)
	1061932  -  ResidentSetSize of job (KB)
...
006 (5415472.178.000) 07/14 01:11:32 Image size of job updated: 1627636
	1038  -  MemoryUsage of job (MB)
	1062836  -  ResidentSetSize of job (KB)
...
006 (5415472.178.000) 07/14 01:31:32 Image size of job updated: 1627636
	1038  -  MemoryUsage of job (MB)
	1062848  -  ResidentSetSize of job (KB)
...
006 (5415472.178.000) 07/14 01:51:35 Image size of job updated: 1627636
	1038  -  MemoryUsage of job (MB)
	1062860  -  ResidentSetSize of job (KB)
...
006 (5415472.178.000) 07/14 01:56:36 Image size of job updated: 1628544
	1039  -  MemoryUsage of job (MB)
	1063768  -  ResidentSetSize of job (KB)
...
006 (5415472.178.000) 07/14 02:16:39 Image size of job updated: 1628544
	1039  -  MemoryUsage of job (MB)
	1063780  -  ResidentSetSize of job (KB)
...
006 (5415472.178.000) 07/14 02:36:40 Image size of job updated: 1629448
	1040  -  MemoryUsage of job (MB)
	1064696  -  ResidentSetSize of job (KB)
...
006 (5415472.178.000) 07/14 02:56:43 Image size of job updated: 1629448
	1040  -  MemoryUsage of job (MB)
	1064708  -  ResidentSetSize of job (KB)
...
006 (5415472.178.000) 07/14 03:16:46 Image size of job updated: 1630352
	1041  -  MemoryUsage of job (MB)
	1065612  -  ResidentSetSize of job (KB)
...
006 (5415472.178.000) 07/14 03:21:47 Image size of job updated: 1630352
	1041  -  MemoryUsage of job (MB)
	1065624  -  ResidentSetSize of job (KB)
...
006 (5415472.178.000) 07/14 03:41:48 Image size of job updated: 1630352
	1041  -  MemoryUsage of job (MB)
	1065636  -  ResidentSetSize of job (KB)
...
006 (5415472.178.000) 07/14 04:01:50 Image size of job updated: 1631260
	1042  -  MemoryUsage of job (MB)
	1066544  -  ResidentSetSize of job (KB)
...
006 (5415472.178.000) 07/14 04:06:50 Image size of job updated: 1631260
	1042  -  MemoryUsage of job (MB)
	1066556  -  ResidentSetSize of job (KB)
...
006 (5415472.178.000) 07/14 04:26:54 Image size of job updated: 1631260
	1042  -  MemoryUsage of job (MB)
	1066568  -  ResidentSetSize of job (KB)
...
006 (5415472.178.000) 07/14 04:41:55 Image size of job updated: 1631260
	1046  -  MemoryUsage of job (MB)
	1070192  -  ResidentSetSize of job (KB)
...
006 (5415472.178.000) 07/14 04:46:56 Image size of job updated: 1635788
	1046  -  MemoryUsage of job (MB)
	1071096  -  ResidentSetSize of job (KB)
...
006 (5415472.178.000) 07/14 04:51:57 Image size of job updated: 1635788
	1047  -  MemoryUsage of job (MB)
	1071108  -  ResidentSetSize of job (KB)
...
006 (5415472.178.000) 07/14 05:12:01 Image size of job updated: 1635788
	1047  -  MemoryUsage of job (MB)
	1071112  -  ResidentSetSize of job (KB)
...
006 (5415472.178.000) 07/14 05:17:02 Image size of job updated: 1635788
	1047  -  MemoryUsage of job (MB)
	1071120  -  ResidentSetSize of job (KB)
...
006 (5415472.178.000) 07/14 05:37:04 Image size of job updated: 1635788
	1047  -  MemoryUsage of job (MB)
	1071132  -  ResidentSetSize of job (KB)
...
006 (5415472.178.000) 07/14 06:02:06 Image size of job updated: 1635788
	1047  -  MemoryUsage of job (MB)
	1071144  -  ResidentSetSize of job (KB)
...
006 (5415472.178.000) 07/14 06:27:08 Image size of job updated: 1635788
	1047  -  MemoryUsage of job (MB)
	1071156  -  ResidentSetSize of job (KB)
...
006 (5415472.178.000) 07/14 06:52:11 Image size of job updated: 1635788
	1047  -  MemoryUsage of job (MB)
	1071168  -  ResidentSetSize of job (KB)
...
006 (5415472.178.000) 07/14 07:12:13 Image size of job updated: 1635788
	1047  -  MemoryUsage of job (MB)
	1071180  -  ResidentSetSize of job (KB)
...
006 (5415472.178.000) 07/14 07:32:14 Image size of job updated: 1635788
	1047  -  MemoryUsage of job (MB)
	1071192  -  ResidentSetSize of job (KB)
...
006 (5415472.178.000) 07/14 07:52:17 Image size of job updated: 1635788
	1047  -  MemoryUsage of job (MB)
	1071204  -  ResidentSetSize of job (KB)
...
006 (5415472.178.000) 07/14 08:12:20 Image size of job updated: 1635788
	1047  -  MemoryUsage of job (MB)
	1071216  -  ResidentSetSize of job (KB)
...
006 (5415472.178.000) 07/14 08:37:21 Image size of job updated: 1635788
	1047  -  MemoryUsage of job (MB)
	1071228  -  ResidentSetSize of job (KB)
...
006 (5415472.178.000) 07/14 08:52:21 Image size of job updated: 1635788
	1047  -  MemoryUsage of job (MB)
	1071240  -  ResidentSetSize of job (KB)
...
006 (5415472.178.000) 07/14 09:12:23 Image size of job updated: 1635788
	1047  -  MemoryUsage of job (MB)
	1071252  -  ResidentSetSize of job (KB)
...
006 (5415472.178.000) 07/14 09:32:25 Image size of job updated: 1635788
	1047  -  MemoryUsage of job (MB)
	1071264  -  ResidentSetSize of job (KB)
...
006 (5415472.178.000) 07/14 09:52:28 Image size of job updated: 1635788
	1047  -  MemoryUsage of job (MB)
	1071276  -  ResidentSetSize of job (KB)
...
006 (5415472.178.000) 07/14 10:07:31 Image size of job updated: 1635788
	1047  -  MemoryUsage of job (MB)
	1071280  -  ResidentSetSize of job (KB)
...
006 (5415472.178.000) 07/14 10:12:31 Image size of job updated: 1635788
	1047  -  MemoryUsage of job (MB)
	1071288  -  ResidentSetSize of job (KB)
...
006 (5415472.178.000) 07/14 10:27:33 Image size of job updated: 1635788
	1047  -  MemoryUsage of job (MB)
	1071300  -  ResidentSetSize of job (KB)
...
006 (5415472.178.000) 07/14 10:47:36 Image size of job updated: 1635788
	1047  -  MemoryUsage of job (MB)
	1071312  -  ResidentSetSize of job (KB)
...
006 (5415472.178.000) 07/14 11:07:36 Image size of job updated: 1635788
	1047  -  MemoryUsage of job (MB)
	1071324  -  ResidentSetSize of job (KB)
...
006 (5415472.178.000) 07/14 11:27:39 Image size of job updated: 1635788
	1047  -  MemoryUsage of job (MB)
	1071336  -  ResidentSetSize of job (KB)
...
006 (5415472.178.000) 07/14 11:47:41 Image size of job updated: 1635788
	1047  -  MemoryUsage of job (MB)
	1071348  -  ResidentSetSize of job (KB)
...
006 (5415472.178.000) 07/14 12:07:43 Image size of job updated: 1635788
	1047  -  MemoryUsage of job (MB)
	1071360  -  ResidentSetSize of job (KB)
...
006 (5415472.178.000) 07/14 12:27:45 Image size of job updated: 1635788
	1047  -  MemoryUsage of job (MB)
	1071372  -  ResidentSetSize of job (KB)
...
006 (5415472.178.000) 07/14 12:47:49 Image size of job updated: 1635788
	1047  -  MemoryUsage of job (MB)
	1071384  -  ResidentSetSize of job (KB)
...
006 (5415472.178.000) 07/14 13:07:52 Image size of job updated: 1635788
	1047  -  MemoryUsage of job (MB)
	1071396  -  ResidentSetSize of job (KB)
...
006 (5415472.178.000) 07/14 13:32:54 Image size of job updated: 1635788
	1047  -  MemoryUsage of job (MB)
	1071408  -  ResidentSetSize of job (KB)
...
006 (5415472.178.000) 07/14 13:52:55 Image size of job updated: 1635788
	1047  -  MemoryUsage of job (MB)
	1071420  -  ResidentSetSize of job (KB)
...
006 (5415472.178.000) 07/14 14:17:56 Image size of job updated: 1635788
	1047  -  MemoryUsage of job (MB)
	1071432  -  ResidentSetSize of job (KB)
...
006 (5415472.178.000) 07/14 14:37:57 Image size of job updated: 1635788
	1047  -  MemoryUsage of job (MB)
	1071444  -  ResidentSetSize of job (KB)
...
006 (5415472.178.000) 07/14 15:03:00 Image size of job updated: 1635788
	1047  -  MemoryUsage of job (MB)
	1071456  -  ResidentSetSize of job (KB)
...
006 (5415472.178.000) 07/14 15:23:01 Image size of job updated: 1635788
	1047  -  MemoryUsage of job (MB)
	1071468  -  ResidentSetSize of job (KB)
...
006 (5415472.178.000) 07/14 15:48:04 Image size of job updated: 1635788
	1047  -  MemoryUsage of job (MB)
	1071480  -  ResidentSetSize of job (KB)
...
006 (5415472.178.000) 07/14 16:08:05 Image size of job updated: 1635788
	1047  -  MemoryUsage of job (MB)
	1071492  -  ResidentSetSize of job (KB)
...
006 (5415472.178.000) 07/14 16:28:07 Image size of job updated: 1635788
	1047  -  MemoryUsage of job (MB)
	1071504  -  ResidentSetSize of job (KB)
...
006 (5415472.178.000) 07/14 16:53:09 Image size of job updated: 1635788
	1047  -  MemoryUsage of job (MB)
	1071516  -  ResidentSetSize of job (KB)
...
006 (5415472.178.000) 07/14 17:13:13 Image size of job updated: 1635788
	1047  -  MemoryUsage of job (MB)
	1071528  -  ResidentSetSize of job (KB)
...
006 (5415472.178.000) 07/14 17:33:15 Image size of job updated: 1635788
	1047  -  MemoryUsage of job (MB)
	1071540  -  ResidentSetSize of job (KB)
...
006 (5415472.178.000) 07/14 17:58:22 Image size of job updated: 1635788
	1047  -  MemoryUsage of job (MB)
	1071552  -  ResidentSetSize of job (KB)
...
006 (5415472.178.000) 07/14 18:18:24 Image size of job updated: 1635788
	1047  -  MemoryUsage of job (MB)
	1071564  -  ResidentSetSize of job (KB)
...
006 (5415472.178.000) 07/14 18:38:27 Image size of job updated: 1635788
	1047  -  MemoryUsage of job (MB)
	1071576  -  ResidentSetSize of job (KB)
...
006 (5415472.178.000) 07/14 18:58:29 Image size of job updated: 1635788
	1047  -  MemoryUsage of job (MB)
	1071588  -  ResidentSetSize of job (KB)
...
006 (5415472.178.000) 07/14 19:18:31 Image size of job updated: 1635788
	1047  -  MemoryUsage of job (MB)
	1071600  -  ResidentSetSize of job (KB)
...
006 (5415472.178.000) 07/14 19:43:32 Image size of job updated: 1635788
	1047  -  MemoryUsage of job (MB)
	1071612  -  ResidentSetSize of job (KB)
...
006 (5415472.178.000) 07/14 20:08:36 Image size of job updated: 1635788
	1047  -  MemoryUsage of job (MB)
	1071624  -  ResidentSetSize of job (KB)
...
006 (5415472.178.000) 07/14 20:28:38 Image size of job updated: 1635788
	1047  -  MemoryUsage of job (MB)
	1071636  -  ResidentSetSize of job (KB)
...
006 (5415472.178.000) 07/14 20:53:42 Image size of job updated: 1635788
	1047  -  MemoryUsage of job (MB)
	1071648  -  ResidentSetSize of job (KB)
...
007 (5415472.178.000) 07/14 21:04:43 Shadow exception!
	Assertion ERROR on (result)
	0  -  Run Bytes Sent By Job
	803  -  Run Bytes Received By Job
...
040 (5415472.178.000) 07/14 21:25:23 Started transferring input files
	Transferring to host: <128.142.58.160:9618?addrs=128.142.58.160-9618+[2001-1458-301-16--100-9f]-9618&alias=b7s03p4729.cern.ch&noUDP&sock=slot1_11_6684_3b89_6603>
...
040 (5415472.178.000) 07/14 21:25:25 Finished transferring input files
...
001 (5415472.178.000) 07/14 21:25:29 Job executing on host: <128.142.58.160:9618?addrs=128.142.58.160-9618+[2001-1458-301-16--100-9f]-9618&alias=b7s03p4729.cern.ch&noUDP&sock=startd_6218_9bfa>
...
040 (5415472.178.000) 07/20 18:53:44 Started transferring output files
...
040 (5415472.178.000) 07/20 18:53:45 Finished transferring output files
...
005 (5415472.178.000) 07/20 18:53:45 Job terminated.
	(1) Normal termination (return value 0)
		Usr 18 03:59:02, Sys 0 00:53:44  -  Run Remote Usage
		Usr 0 00:00:00, Sys 0 00:00:00  -  Run Local Usage
		Usr 28 06:07:01, Sys 0 01:08:34  -  Total Remote Usage
		Usr 0 00:00:00, Sys 0 00:00:00  -  Total Local Usage
	105581  -  Run Bytes Sent By Job
	803  -  Run Bytes Received By Job
	105581  -  Total Bytes Sent By Job
	1606  -  Total Bytes Received By Job
	Partitionable Resources :    Usage  Request Allocated 
	   Cpus                 :     3.11        4         4 
	   Disk (KB)            :   131    10485760  11880084 
	   Memory (MB)          :  1221        8000      8000 

	Job terminated of its own accord at 2021-07-20T16:53:44Z.
...
