000 (5415472.223.000) 07/11 14:02:29 Job submitted from host: <137.138.156.150:9618?addrs=137.138.156.150-9618+[2001-1458-d00-14--9a]-9618&alias=bigbird13.cern.ch&noUDP&sock=schedd_1788_ff6c>
...
040 (5415472.223.000) 07/11 14:20:12 Started transferring input files
	Transferring to host: <128.142.57.59:9618?addrs=128.142.57.59-9618+[2001-1458-301-7--100-3a]-9618&alias=b7s02p7684.cern.ch&noUDP&sock=slot1_10_6769_1f6c_4928>
...
040 (5415472.223.000) 07/11 14:20:12 Finished transferring input files
...
001 (5415472.223.000) 07/11 14:20:13 Job executing on host: <128.142.57.59:9618?addrs=128.142.57.59-9618+[2001-1458-301-7--100-3a]-9618&alias=b7s02p7684.cern.ch&noUDP&sock=startd_6302_39ee>
...
006 (5415472.223.000) 07/11 14:20:22 Image size of job updated: 570632
	66  -  MemoryUsage of job (MB)
	66852  -  ResidentSetSize of job (KB)
...
006 (5415472.223.000) 07/11 14:25:23 Image size of job updated: 1591048
	1004  -  MemoryUsage of job (MB)
	1027488  -  ResidentSetSize of job (KB)
...
006 (5415472.223.000) 07/12 23:18:53 Image size of job updated: 1592028
	1004  -  MemoryUsage of job (MB)
	1028088  -  ResidentSetSize of job (KB)
...
006 (5415472.223.000) 07/13 00:03:59 Image size of job updated: 1592932
	1005  -  MemoryUsage of job (MB)
	1028992  -  ResidentSetSize of job (KB)
...
006 (5415472.223.000) 07/13 00:44:03 Image size of job updated: 1593840
	1006  -  MemoryUsage of job (MB)
	1029900  -  ResidentSetSize of job (KB)
...
006 (5415472.223.000) 07/13 01:24:08 Image size of job updated: 1594744
	1007  -  MemoryUsage of job (MB)
	1030804  -  ResidentSetSize of job (KB)
...
006 (5415472.223.000) 07/13 02:09:13 Image size of job updated: 1595652
	1008  -  MemoryUsage of job (MB)
	1031712  -  ResidentSetSize of job (KB)
...
006 (5415472.223.000) 07/13 02:49:15 Image size of job updated: 1596556
	1009  -  MemoryUsage of job (MB)
	1032616  -  ResidentSetSize of job (KB)
...
006 (5415472.223.000) 07/13 03:29:21 Image size of job updated: 1597460
	1010  -  MemoryUsage of job (MB)
	1033520  -  ResidentSetSize of job (KB)
...
006 (5415472.223.000) 07/13 04:09:25 Image size of job updated: 1598368
	1011  -  MemoryUsage of job (MB)
	1034428  -  ResidentSetSize of job (KB)
...
006 (5415472.223.000) 07/13 04:49:32 Image size of job updated: 1599272
	1012  -  MemoryUsage of job (MB)
	1035332  -  ResidentSetSize of job (KB)
...
006 (5415472.223.000) 07/13 05:24:37 Image size of job updated: 1600180
	1012  -  MemoryUsage of job (MB)
	1036240  -  ResidentSetSize of job (KB)
...
006 (5415472.223.000) 07/13 06:04:41 Image size of job updated: 1601084
	1013  -  MemoryUsage of job (MB)
	1037144  -  ResidentSetSize of job (KB)
...
006 (5415472.223.000) 07/13 06:44:45 Image size of job updated: 1601992
	1014  -  MemoryUsage of job (MB)
	1038052  -  ResidentSetSize of job (KB)
...
006 (5415472.223.000) 07/13 07:29:49 Image size of job updated: 1602896
	1015  -  MemoryUsage of job (MB)
	1038956  -  ResidentSetSize of job (KB)
...
006 (5415472.223.000) 07/13 08:14:54 Image size of job updated: 1603800
	1016  -  MemoryUsage of job (MB)
	1039860  -  ResidentSetSize of job (KB)
...
006 (5415472.223.000) 07/13 08:59:59 Image size of job updated: 1604708
	1017  -  MemoryUsage of job (MB)
	1040768  -  ResidentSetSize of job (KB)
...
006 (5415472.223.000) 07/13 09:40:04 Image size of job updated: 1605612
	1018  -  MemoryUsage of job (MB)
	1041672  -  ResidentSetSize of job (KB)
...
006 (5415472.223.000) 07/13 10:20:10 Image size of job updated: 1606520
	1019  -  MemoryUsage of job (MB)
	1042580  -  ResidentSetSize of job (KB)
...
006 (5415472.223.000) 07/13 11:00:12 Image size of job updated: 1607424
	1020  -  MemoryUsage of job (MB)
	1043484  -  ResidentSetSize of job (KB)
...
006 (5415472.223.000) 07/13 11:42:24 Image size of job updated: 1608328
	1020  -  MemoryUsage of job (MB)
	1044388  -  ResidentSetSize of job (KB)
...
006 (5415472.223.000) 07/13 12:22:26 Image size of job updated: 1609236
	1021  -  MemoryUsage of job (MB)
	1045296  -  ResidentSetSize of job (KB)
...
006 (5415472.223.000) 07/13 13:02:30 Image size of job updated: 1610140
	1022  -  MemoryUsage of job (MB)
	1046200  -  ResidentSetSize of job (KB)
...
006 (5415472.223.000) 07/13 13:27:32 Image size of job updated: 1613212
	1024  -  MemoryUsage of job (MB)
	1047744  -  ResidentSetSize of job (KB)
...
006 (5415472.223.000) 07/13 13:32:32 Image size of job updated: 1613212
	1024  -  MemoryUsage of job (MB)
	1047756  -  ResidentSetSize of job (KB)
...
006 (5415472.223.000) 07/13 13:57:35 Image size of job updated: 1613212
	1024  -  MemoryUsage of job (MB)
	1047768  -  ResidentSetSize of job (KB)
...
006 (5415472.223.000) 07/13 14:17:36 Image size of job updated: 1613212
	1024  -  MemoryUsage of job (MB)
	1047780  -  ResidentSetSize of job (KB)
...
006 (5415472.223.000) 07/13 14:27:37 Image size of job updated: 1614120
	1025  -  MemoryUsage of job (MB)
	1048688  -  ResidentSetSize of job (KB)
...
006 (5415472.223.000) 07/13 14:37:37 Image size of job updated: 1614120
	1025  -  MemoryUsage of job (MB)
	1048700  -  ResidentSetSize of job (KB)
...
006 (5415472.223.000) 07/13 15:02:39 Image size of job updated: 1614120
	1025  -  MemoryUsage of job (MB)
	1048712  -  ResidentSetSize of job (KB)
...
006 (5415472.223.000) 07/13 15:07:39 Image size of job updated: 1615024
	1026  -  MemoryUsage of job (MB)
	1049616  -  ResidentSetSize of job (KB)
...
006 (5415472.223.000) 07/13 15:22:41 Image size of job updated: 1615024
	1026  -  MemoryUsage of job (MB)
	1049628  -  ResidentSetSize of job (KB)
...
006 (5415472.223.000) 07/13 15:42:42 Image size of job updated: 1615024
	1026  -  MemoryUsage of job (MB)
	1049640  -  ResidentSetSize of job (KB)
...
006 (5415472.223.000) 07/13 15:52:44 Image size of job updated: 1615928
	1026  -  MemoryUsage of job (MB)
	1050544  -  ResidentSetSize of job (KB)
...
006 (5415472.223.000) 07/13 16:07:46 Image size of job updated: 1615928
	1026  -  MemoryUsage of job (MB)
	1050556  -  ResidentSetSize of job (KB)
...
006 (5415472.223.000) 07/13 16:27:47 Image size of job updated: 1615928
	1026  -  MemoryUsage of job (MB)
	1050568  -  ResidentSetSize of job (KB)
...
006 (5415472.223.000) 07/13 16:32:47 Image size of job updated: 1616836
	1027  -  MemoryUsage of job (MB)
	1051476  -  ResidentSetSize of job (KB)
...
006 (5415472.223.000) 07/13 16:47:48 Image size of job updated: 1616836
	1027  -  MemoryUsage of job (MB)
	1051488  -  ResidentSetSize of job (KB)
...
006 (5415472.223.000) 07/13 17:07:51 Image size of job updated: 1617740
	1028  -  MemoryUsage of job (MB)
	1052404  -  ResidentSetSize of job (KB)
...
006 (5415472.223.000) 07/13 17:32:25 Image size of job updated: 1617740
	1028  -  MemoryUsage of job (MB)
	1052416  -  ResidentSetSize of job (KB)
...
006 (5415472.223.000) 07/13 17:46:07 Image size of job updated: 1618648
	1029  -  MemoryUsage of job (MB)
	1053336  -  ResidentSetSize of job (KB)
...
006 (5415472.223.000) 07/13 18:03:40 Image size of job updated: 1618648
	1029  -  MemoryUsage of job (MB)
	1053348  -  ResidentSetSize of job (KB)
...
006 (5415472.223.000) 07/13 18:18:41 Image size of job updated: 1619552
	1030  -  MemoryUsage of job (MB)
	1054252  -  ResidentSetSize of job (KB)
...
006 (5415472.223.000) 07/13 18:23:41 Image size of job updated: 1619552
	1030  -  MemoryUsage of job (MB)
	1054264  -  ResidentSetSize of job (KB)
...
006 (5415472.223.000) 07/13 18:43:42 Image size of job updated: 1619552
	1030  -  MemoryUsage of job (MB)
	1054276  -  ResidentSetSize of job (KB)
...
006 (5415472.223.000) 07/13 18:58:43 Image size of job updated: 1620456
	1031  -  MemoryUsage of job (MB)
	1055180  -  ResidentSetSize of job (KB)
...
006 (5415472.223.000) 07/13 19:03:43 Image size of job updated: 1620456
	1031  -  MemoryUsage of job (MB)
	1055192  -  ResidentSetSize of job (KB)
...
006 (5415472.223.000) 07/13 19:23:45 Image size of job updated: 1620456
	1031  -  MemoryUsage of job (MB)
	1055204  -  ResidentSetSize of job (KB)
...
006 (5415472.223.000) 07/13 19:33:47 Image size of job updated: 1621364
	1032  -  MemoryUsage of job (MB)
	1056112  -  ResidentSetSize of job (KB)
...
006 (5415472.223.000) 07/13 19:43:47 Image size of job updated: 1621364
	1032  -  MemoryUsage of job (MB)
	1056124  -  ResidentSetSize of job (KB)
...
006 (5415472.223.000) 07/13 20:03:49 Image size of job updated: 1621364
	1032  -  MemoryUsage of job (MB)
	1056136  -  ResidentSetSize of job (KB)
...
006 (5415472.223.000) 07/13 20:08:49 Image size of job updated: 1621364
	1033  -  MemoryUsage of job (MB)
	1057040  -  ResidentSetSize of job (KB)
...
006 (5415472.223.000) 07/13 20:13:50 Image size of job updated: 1622268
	1033  -  MemoryUsage of job (MB)
	1057040  -  ResidentSetSize of job (KB)
...
006 (5415472.223.000) 07/13 20:18:50 Image size of job updated: 1622268
	1033  -  MemoryUsage of job (MB)
	1057044  -  ResidentSetSize of job (KB)
...
006 (5415472.223.000) 07/13 20:23:50 Image size of job updated: 1622268
	1033  -  MemoryUsage of job (MB)
	1057052  -  ResidentSetSize of job (KB)
...
006 (5415472.223.000) 07/13 20:38:53 Image size of job updated: 1622268
	1033  -  MemoryUsage of job (MB)
	1057064  -  ResidentSetSize of job (KB)
...
006 (5415472.223.000) 07/13 20:48:55 Image size of job updated: 1623176
	1034  -  MemoryUsage of job (MB)
	1057972  -  ResidentSetSize of job (KB)
...
006 (5415472.223.000) 07/13 20:58:56 Image size of job updated: 1623176
	1034  -  MemoryUsage of job (MB)
	1057984  -  ResidentSetSize of job (KB)
...
006 (5415472.223.000) 07/13 21:18:57 Image size of job updated: 1623176
	1034  -  MemoryUsage of job (MB)
	1057996  -  ResidentSetSize of job (KB)
...
006 (5415472.223.000) 07/13 21:23:57 Image size of job updated: 1624080
	1035  -  MemoryUsage of job (MB)
	1058900  -  ResidentSetSize of job (KB)
...
006 (5415472.223.000) 07/13 21:38:59 Image size of job updated: 1624080
	1035  -  MemoryUsage of job (MB)
	1058912  -  ResidentSetSize of job (KB)
...
006 (5415472.223.000) 07/13 21:59:03 Image size of job updated: 1624988
	1035  -  MemoryUsage of job (MB)
	1059832  -  ResidentSetSize of job (KB)
...
006 (5415472.223.000) 07/13 22:19:06 Image size of job updated: 1624988
	1036  -  MemoryUsage of job (MB)
	1059844  -  ResidentSetSize of job (KB)
...
006 (5415472.223.000) 07/13 22:44:08 Image size of job updated: 1625892
	1036  -  MemoryUsage of job (MB)
	1060760  -  ResidentSetSize of job (KB)
...
006 (5415472.223.000) 07/13 23:09:12 Image size of job updated: 1625892
	1036  -  MemoryUsage of job (MB)
	1060772  -  ResidentSetSize of job (KB)
...
006 (5415472.223.000) 07/13 23:29:15 Image size of job updated: 1626796
	1037  -  MemoryUsage of job (MB)
	1061676  -  ResidentSetSize of job (KB)
...
006 (5415472.223.000) 07/13 23:34:15 Image size of job updated: 1626796
	1037  -  MemoryUsage of job (MB)
	1061688  -  ResidentSetSize of job (KB)
...
006 (5415472.223.000) 07/13 23:59:19 Image size of job updated: 1626796
	1037  -  MemoryUsage of job (MB)
	1061700  -  ResidentSetSize of job (KB)
...
006 (5415472.223.000) 07/14 00:14:20 Image size of job updated: 1627704
	1038  -  MemoryUsage of job (MB)
	1062608  -  ResidentSetSize of job (KB)
...
006 (5415472.223.000) 07/14 00:19:21 Image size of job updated: 1627704
	1038  -  MemoryUsage of job (MB)
	1062620  -  ResidentSetSize of job (KB)
...
006 (5415472.223.000) 07/14 00:44:21 Image size of job updated: 1627704
	1038  -  MemoryUsage of job (MB)
	1062632  -  ResidentSetSize of job (KB)
...
006 (5415472.223.000) 07/14 00:59:22 Image size of job updated: 1628608
	1039  -  MemoryUsage of job (MB)
	1063536  -  ResidentSetSize of job (KB)
...
006 (5415472.223.000) 07/14 01:04:23 Image size of job updated: 1628608
	1039  -  MemoryUsage of job (MB)
	1063544  -  ResidentSetSize of job (KB)
...
006 (5415472.223.000) 07/14 01:24:25 Image size of job updated: 1628608
	1039  -  MemoryUsage of job (MB)
	1063556  -  ResidentSetSize of job (KB)
...
006 (5415472.223.000) 07/14 01:39:27 Image size of job updated: 1629516
	1040  -  MemoryUsage of job (MB)
	1064464  -  ResidentSetSize of job (KB)
...
006 (5415472.223.000) 07/14 01:44:28 Image size of job updated: 1629516
	1040  -  MemoryUsage of job (MB)
	1064472  -  ResidentSetSize of job (KB)
...
006 (5415472.223.000) 07/14 01:49:28 Image size of job updated: 1629516
	1040  -  MemoryUsage of job (MB)
	1064476  -  ResidentSetSize of job (KB)
...
006 (5415472.223.000) 07/14 02:04:30 Image size of job updated: 1629516
	1040  -  MemoryUsage of job (MB)
	1064480  -  ResidentSetSize of job (KB)
...
006 (5415472.223.000) 07/14 02:14:31 Image size of job updated: 1630420
	1041  -  MemoryUsage of job (MB)
	1065384  -  ResidentSetSize of job (KB)
...
006 (5415472.223.000) 07/14 02:24:32 Image size of job updated: 1630420
	1041  -  MemoryUsage of job (MB)
	1065396  -  ResidentSetSize of job (KB)
...
006 (5415472.223.000) 07/14 02:49:34 Image size of job updated: 1630420
	1041  -  MemoryUsage of job (MB)
	1065408  -  ResidentSetSize of job (KB)
...
006 (5415472.223.000) 07/14 02:54:34 Image size of job updated: 1631324
	1042  -  MemoryUsage of job (MB)
	1066308  -  ResidentSetSize of job (KB)
...
006 (5415472.223.000) 07/14 03:09:36 Image size of job updated: 1631324
	1042  -  MemoryUsage of job (MB)
	1066320  -  ResidentSetSize of job (KB)
...
006 (5415472.223.000) 07/14 03:34:40 Image size of job updated: 1631324
	1042  -  MemoryUsage of job (MB)
	1066332  -  ResidentSetSize of job (KB)
...
006 (5415472.223.000) 07/14 03:39:40 Image size of job updated: 1632232
	1043  -  MemoryUsage of job (MB)
	1067240  -  ResidentSetSize of job (KB)
...
006 (5415472.223.000) 07/14 03:59:43 Image size of job updated: 1632232
	1043  -  MemoryUsage of job (MB)
	1067252  -  ResidentSetSize of job (KB)
...
006 (5415472.223.000) 07/14 04:19:46 Image size of job updated: 1632232
	1043  -  MemoryUsage of job (MB)
	1067264  -  ResidentSetSize of job (KB)
...
006 (5415472.223.000) 07/14 04:24:46 Image size of job updated: 1633136
	1044  -  MemoryUsage of job (MB)
	1068168  -  ResidentSetSize of job (KB)
...
006 (5415472.223.000) 07/14 04:44:48 Image size of job updated: 1633136
	1044  -  MemoryUsage of job (MB)
	1068180  -  ResidentSetSize of job (KB)
...
006 (5415472.223.000) 07/14 05:09:51 Image size of job updated: 1634044
	1045  -  MemoryUsage of job (MB)
	1069100  -  ResidentSetSize of job (KB)
...
006 (5415472.223.000) 07/14 05:34:54 Image size of job updated: 1634044
	1045  -  MemoryUsage of job (MB)
	1069112  -  ResidentSetSize of job (KB)
...
006 (5415472.223.000) 07/14 05:54:56 Image size of job updated: 1634948
	1045  -  MemoryUsage of job (MB)
	1070020  -  ResidentSetSize of job (KB)
...
006 (5415472.223.000) 07/14 05:59:57 Image size of job updated: 1634948
	1045  -  MemoryUsage of job (MB)
	1070028  -  ResidentSetSize of job (KB)
...
006 (5415472.223.000) 07/14 06:19:58 Image size of job updated: 1634948
	1045  -  MemoryUsage of job (MB)
	1070040  -  ResidentSetSize of job (KB)
...
006 (5415472.223.000) 07/14 06:40:00 Image size of job updated: 1635852
	1046  -  MemoryUsage of job (MB)
	1070944  -  ResidentSetSize of job (KB)
...
006 (5415472.223.000) 07/14 06:45:00 Image size of job updated: 1635852
	1046  -  MemoryUsage of job (MB)
	1070956  -  ResidentSetSize of job (KB)
...
006 (5415472.223.000) 07/14 07:05:04 Image size of job updated: 1635852
	1046  -  MemoryUsage of job (MB)
	1070968  -  ResidentSetSize of job (KB)
...
006 (5415472.223.000) 07/14 07:20:05 Image size of job updated: 1636760
	1047  -  MemoryUsage of job (MB)
	1071876  -  ResidentSetSize of job (KB)
...
006 (5415472.223.000) 07/14 07:25:05 Image size of job updated: 1636760
	1047  -  MemoryUsage of job (MB)
	1071888  -  ResidentSetSize of job (KB)
...
006 (5415472.223.000) 07/14 07:50:06 Image size of job updated: 1636760
	1047  -  MemoryUsage of job (MB)
	1071900  -  ResidentSetSize of job (KB)
...
006 (5415472.223.000) 07/14 08:00:06 Image size of job updated: 1637664
	1048  -  MemoryUsage of job (MB)
	1072804  -  ResidentSetSize of job (KB)
...
006 (5415472.223.000) 07/14 08:10:06 Image size of job updated: 1637664
	1048  -  MemoryUsage of job (MB)
	1072816  -  ResidentSetSize of job (KB)
...
006 (5415472.223.000) 07/14 08:35:08 Image size of job updated: 1637664
	1048  -  MemoryUsage of job (MB)
	1072828  -  ResidentSetSize of job (KB)
...
006 (5415472.223.000) 07/14 08:40:08 Image size of job updated: 1642192
	1053  -  MemoryUsage of job (MB)
	1077356  -  ResidentSetSize of job (KB)
...
006 (5415472.223.000) 07/14 08:55:10 Image size of job updated: 1642192
	1053  -  MemoryUsage of job (MB)
	1077368  -  ResidentSetSize of job (KB)
...
006 (5415472.223.000) 07/14 09:15:13 Image size of job updated: 1642192
	1053  -  MemoryUsage of job (MB)
	1077380  -  ResidentSetSize of job (KB)
...
006 (5415472.223.000) 07/14 09:35:16 Image size of job updated: 1642192
	1053  -  MemoryUsage of job (MB)
	1077392  -  ResidentSetSize of job (KB)
...
006 (5415472.223.000) 07/14 10:00:18 Image size of job updated: 1642192
	1053  -  MemoryUsage of job (MB)
	1077404  -  ResidentSetSize of job (KB)
...
006 (5415472.223.000) 07/14 10:20:20 Image size of job updated: 1642192
	1053  -  MemoryUsage of job (MB)
	1077416  -  ResidentSetSize of job (KB)
...
006 (5415472.223.000) 07/14 10:45:25 Image size of job updated: 1642192
	1053  -  MemoryUsage of job (MB)
	1077428  -  ResidentSetSize of job (KB)
...
006 (5415472.223.000) 07/14 11:05:28 Image size of job updated: 1642192
	1053  -  MemoryUsage of job (MB)
	1077440  -  ResidentSetSize of job (KB)
...
006 (5415472.223.000) 07/14 11:25:31 Image size of job updated: 1642192
	1053  -  MemoryUsage of job (MB)
	1077452  -  ResidentSetSize of job (KB)
...
006 (5415472.223.000) 07/14 11:50:32 Image size of job updated: 1642192
	1053  -  MemoryUsage of job (MB)
	1077464  -  ResidentSetSize of job (KB)
...
006 (5415472.223.000) 07/14 12:10:33 Image size of job updated: 1642192
	1053  -  MemoryUsage of job (MB)
	1077476  -  ResidentSetSize of job (KB)
...
006 (5415472.223.000) 07/14 12:35:35 Image size of job updated: 1642192
	1053  -  MemoryUsage of job (MB)
	1077480  -  ResidentSetSize of job (KB)
...
007 (5415472.223.000) 07/14 20:59:25 Shadow exception!
	Assertion ERROR on (result)
	0  -  Run Bytes Sent By Job
	803  -  Run Bytes Received By Job
...
040 (5415472.223.000) 07/14 21:26:19 Started transferring input files
	Transferring to host: <128.142.57.126:9618?addrs=128.142.57.126-9618+[2001-1458-301-7--100-7d]-9618&alias=b7s02p0455.cern.ch&noUDP&sock=slot1_17_7178_4cdd_7826>
...
040 (5415472.223.000) 07/14 21:26:32 Finished transferring input files
...
001 (5415472.223.000) 07/14 21:26:44 Job executing on host: <128.142.57.126:9618?addrs=128.142.57.126-9618+[2001-1458-301-7--100-7d]-9618&alias=b7s02p0455.cern.ch&noUDP&sock=startd_6717_e1bc>
...
040 (5415472.223.000) 07/19 12:39:11 Started transferring output files
...
040 (5415472.223.000) 07/19 12:39:11 Finished transferring output files
...
004 (5415472.223.000) 07/19 12:39:12 Job was evicted.
	(0) CPU times
		Usr 14 06:53:03, Sys 0 00:19:14  -  Run Remote Usage
		Usr 0 00:00:00, Sys 0 00:00:00  -  Run Local Usage
	96421  -  Run Bytes Sent By Job
	803  -  Run Bytes Received By Job
	Partitionable Resources :    Usage  Request Allocated 
	   Cpus                 :     3.05        4         4 
	   Disk (KB)            :   122    10485760  12071810 
	   Memory (MB)          :  1221        8000      8000 
...
