000 (5415472.267.000) 07/11 14:02:29 Job submitted from host: <137.138.156.150:9618?addrs=137.138.156.150-9618+[2001-1458-d00-14--9a]-9618&alias=bigbird13.cern.ch&noUDP&sock=schedd_1788_ff6c>
...
040 (5415472.267.000) 07/11 14:31:18 Started transferring input files
	Transferring to host: <128.142.84.81:9618?addrs=128.142.84.81-9618+[2001-1458-301-f6--100-dd]-9618&alias=b7s14n6779.cern.ch&noUDP&sock=slot1_10_5641_583e_67857>
...
040 (5415472.267.000) 07/11 14:31:18 Finished transferring input files
...
001 (5415472.267.000) 07/11 14:31:19 Job executing on host: <128.142.84.81:9618?addrs=128.142.84.81-9618+[2001-1458-301-f6--100-dd]-9618&alias=b7s14n6779.cern.ch&noUDP&sock=startd_4571_e77e>
...
006 (5415472.267.000) 07/11 14:31:28 Image size of job updated: 513092
	27  -  MemoryUsage of job (MB)
	27360  -  ResidentSetSize of job (KB)
...
006 (5415472.267.000) 07/11 14:36:28 Image size of job updated: 1590824
	1004  -  MemoryUsage of job (MB)
	1027272  -  ResidentSetSize of job (KB)
...
006 (5415472.267.000) 07/13 21:23:32 Image size of job updated: 1591808
	1004  -  MemoryUsage of job (MB)
	1027976  -  ResidentSetSize of job (KB)
...
006 (5415472.267.000) 07/13 22:28:38 Image size of job updated: 1592712
	1005  -  MemoryUsage of job (MB)
	1028880  -  ResidentSetSize of job (KB)
...
006 (5415472.267.000) 07/13 23:38:45 Image size of job updated: 1593620
	1006  -  MemoryUsage of job (MB)
	1029788  -  ResidentSetSize of job (KB)
...
006 (5415472.267.000) 07/14 00:53:56 Image size of job updated: 1594524
	1007  -  MemoryUsage of job (MB)
	1030688  -  ResidentSetSize of job (KB)
...
006 (5415472.267.000) 07/14 02:04:03 Image size of job updated: 1595428
	1008  -  MemoryUsage of job (MB)
	1031592  -  ResidentSetSize of job (KB)
...
006 (5415472.267.000) 07/14 03:09:13 Image size of job updated: 1596336
	1009  -  MemoryUsage of job (MB)
	1032500  -  ResidentSetSize of job (KB)
...
006 (5415472.267.000) 07/14 04:19:19 Image size of job updated: 1597240
	1010  -  MemoryUsage of job (MB)
	1033404  -  ResidentSetSize of job (KB)
...
006 (5415472.267.000) 07/14 05:24:27 Image size of job updated: 1598148
	1011  -  MemoryUsage of job (MB)
	1034312  -  ResidentSetSize of job (KB)
...
006 (5415472.267.000) 07/14 06:29:34 Image size of job updated: 1599052
	1011  -  MemoryUsage of job (MB)
	1035216  -  ResidentSetSize of job (KB)
...
006 (5415472.267.000) 07/14 07:34:40 Image size of job updated: 1599956
	1012  -  MemoryUsage of job (MB)
	1036120  -  ResidentSetSize of job (KB)
...
006 (5415472.267.000) 07/14 08:39:47 Image size of job updated: 1600864
	1013  -  MemoryUsage of job (MB)
	1037028  -  ResidentSetSize of job (KB)
...
006 (5415472.267.000) 07/14 09:49:56 Image size of job updated: 1601768
	1014  -  MemoryUsage of job (MB)
	1037932  -  ResidentSetSize of job (KB)
...
006 (5415472.267.000) 07/14 10:55:00 Image size of job updated: 1602676
	1015  -  MemoryUsage of job (MB)
	1038840  -  ResidentSetSize of job (KB)
...
006 (5415472.267.000) 07/14 12:05:06 Image size of job updated: 1603580
	1016  -  MemoryUsage of job (MB)
	1039744  -  ResidentSetSize of job (KB)
...
006 (5415472.267.000) 07/14 13:15:14 Image size of job updated: 1604488
	1017  -  MemoryUsage of job (MB)
	1040652  -  ResidentSetSize of job (KB)
...
006 (5415472.267.000) 07/14 14:25:22 Image size of job updated: 1605392
	1018  -  MemoryUsage of job (MB)
	1041556  -  ResidentSetSize of job (KB)
...
006 (5415472.267.000) 07/14 15:40:31 Image size of job updated: 1606296
	1019  -  MemoryUsage of job (MB)
	1042460  -  ResidentSetSize of job (KB)
...
006 (5415472.267.000) 07/14 16:50:40 Image size of job updated: 1607204
	1019  -  MemoryUsage of job (MB)
	1043368  -  ResidentSetSize of job (KB)
...
006 (5415472.267.000) 07/14 18:00:46 Image size of job updated: 1608108
	1020  -  MemoryUsage of job (MB)
	1044272  -  ResidentSetSize of job (KB)
...
006 (5415472.267.000) 07/14 19:10:53 Image size of job updated: 1609016
	1021  -  MemoryUsage of job (MB)
	1045180  -  ResidentSetSize of job (KB)
...
006 (5415472.267.000) 07/14 20:16:00 Image size of job updated: 1609920
	1022  -  MemoryUsage of job (MB)
	1046084  -  ResidentSetSize of job (KB)
...
006 (5415472.267.000) 07/14 20:51:04 Image size of job updated: 1612992
	1024  -  MemoryUsage of job (MB)
	1047632  -  ResidentSetSize of job (KB)
...
007 (5415472.267.000) 07/14 21:01:01 Shadow exception!
	Assertion ERROR on (result)
	0  -  Run Bytes Sent By Job
	803  -  Run Bytes Received By Job
...
040 (5415472.267.000) 07/14 21:26:30 Started transferring input files
	Transferring to host: <128.142.161.108:9618?addrs=128.142.161.108-9618+[2001-1458-301-b8--100-2a]-9618&alias=b7g03p7721.cern.ch&noUDP&sock=slot1_8_154862_09d2_152656>
...
040 (5415472.267.000) 07/14 21:26:43 Finished transferring input files
...
001 (5415472.267.000) 07/14 21:27:27 Job executing on host: <128.142.161.108:9618?addrs=128.142.161.108-9618+[2001-1458-301-b8--100-2a]-9618&alias=b7g03p7721.cern.ch&noUDP&sock=startd_70679_7e5f>
...
040 (5415472.267.000) 07/18 13:37:50 Started transferring output files
...
040 (5415472.267.000) 07/18 13:37:50 Finished transferring output files
...
004 (5415472.267.000) 07/18 13:37:50 Job was evicted.
	(0) CPU times
		Usr 11 07:17:09, Sys 0 00:18:11  -  Run Remote Usage
		Usr 0 00:00:00, Sys 0 00:00:00  -  Run Local Usage
	96413  -  Run Bytes Sent By Job
	803  -  Run Bytes Received By Job
	Partitionable Resources :    Usage  Request Allocated 
	   Cpus                 :     3.01        4         4 
	   Disk (KB)            :   123    10485760  12145688 
	   Memory (MB)          :  1221        8000      8000 
...
