000 (5415472.097.000) 07/11 14:02:29 Job submitted from host: <137.138.156.150:9618?addrs=137.138.156.150-9618+[2001-1458-d00-14--9a]-9618&alias=bigbird13.cern.ch&noUDP&sock=schedd_1788_ff6c>
...
040 (5415472.097.000) 07/11 14:10:22 Started transferring input files
	Transferring to host: <128.142.56.38:9618?addrs=128.142.56.38-9618+[2001-1458-301-6--100-25]-9618&alias=b7s01p5972.cern.ch&noUDP&sock=slot1_2_56971_f926_5005>
...
040 (5415472.097.000) 07/11 14:10:22 Finished transferring input files
...
001 (5415472.097.000) 07/11 14:10:23 Job executing on host: <128.142.56.38:9618?addrs=128.142.56.38-9618+[2001-1458-301-6--100-25]-9618&alias=b7s01p5972.cern.ch&noUDP&sock=startd_53872_4a22>
...
006 (5415472.097.000) 07/11 14:10:32 Image size of job updated: 570632
	61  -  MemoryUsage of job (MB)
	61480  -  ResidentSetSize of job (KB)
...
006 (5415472.097.000) 07/11 14:15:33 Image size of job updated: 1590924
	1004  -  MemoryUsage of job (MB)
	1027368  -  ResidentSetSize of job (KB)
...
006 (5415472.097.000) 07/12 23:49:14 Image size of job updated: 1591908
	1004  -  MemoryUsage of job (MB)
	1027968  -  ResidentSetSize of job (KB)
...
006 (5415472.097.000) 07/13 00:34:17 Image size of job updated: 1592812
	1005  -  MemoryUsage of job (MB)
	1028872  -  ResidentSetSize of job (KB)
...
006 (5415472.097.000) 07/13 01:14:21 Image size of job updated: 1593720
	1006  -  MemoryUsage of job (MB)
	1029780  -  ResidentSetSize of job (KB)
...
006 (5415472.097.000) 07/13 01:59:27 Image size of job updated: 1594624
	1007  -  MemoryUsage of job (MB)
	1030684  -  ResidentSetSize of job (KB)
...
006 (5415472.097.000) 07/13 02:44:31 Image size of job updated: 1595528
	1008  -  MemoryUsage of job (MB)
	1031588  -  ResidentSetSize of job (KB)
...
006 (5415472.097.000) 07/13 03:24:33 Image size of job updated: 1596436
	1009  -  MemoryUsage of job (MB)
	1032496  -  ResidentSetSize of job (KB)
...
006 (5415472.097.000) 07/13 04:04:36 Image size of job updated: 1597340
	1009  -  MemoryUsage of job (MB)
	1032844  -  ResidentSetSize of job (KB)
...
006 (5415472.097.000) 07/13 04:44:40 Image size of job updated: 1598248
	1010  -  MemoryUsage of job (MB)
	1033752  -  ResidentSetSize of job (KB)
...
006 (5415472.097.000) 07/13 05:29:44 Image size of job updated: 1599152
	1011  -  MemoryUsage of job (MB)
	1034656  -  ResidentSetSize of job (KB)
...
006 (5415472.097.000) 07/13 06:09:48 Image size of job updated: 1600056
	1012  -  MemoryUsage of job (MB)
	1035560  -  ResidentSetSize of job (KB)
...
006 (5415472.097.000) 07/13 06:49:53 Image size of job updated: 1600964
	1013  -  MemoryUsage of job (MB)
	1036468  -  ResidentSetSize of job (KB)
...
006 (5415472.097.000) 07/13 07:34:57 Image size of job updated: 1601868
	1014  -  MemoryUsage of job (MB)
	1037372  -  ResidentSetSize of job (KB)
...
006 (5415472.097.000) 07/13 08:15:00 Image size of job updated: 1601868
	1014  -  MemoryUsage of job (MB)
	1038280  -  ResidentSetSize of job (KB)
...
006 (5415472.097.000) 07/13 08:20:01 Image size of job updated: 1602776
	1014  -  MemoryUsage of job (MB)
	1038280  -  ResidentSetSize of job (KB)
...
006 (5415472.097.000) 07/13 09:00:08 Image size of job updated: 1603680
	1015  -  MemoryUsage of job (MB)
	1039184  -  ResidentSetSize of job (KB)
...
006 (5415472.097.000) 07/13 09:45:14 Image size of job updated: 1604584
	1016  -  MemoryUsage of job (MB)
	1040088  -  ResidentSetSize of job (KB)
...
006 (5415472.097.000) 07/13 10:25:18 Image size of job updated: 1605492
	1017  -  MemoryUsage of job (MB)
	1040996  -  ResidentSetSize of job (KB)
...
006 (5415472.097.000) 07/13 11:10:25 Image size of job updated: 1606396
	1018  -  MemoryUsage of job (MB)
	1041900  -  ResidentSetSize of job (KB)
...
006 (5415472.097.000) 07/13 11:49:16 Image size of job updated: 1607304
	1019  -  MemoryUsage of job (MB)
	1042808  -  ResidentSetSize of job (KB)
...
006 (5415472.097.000) 07/13 12:29:18 Image size of job updated: 1608208
	1020  -  MemoryUsage of job (MB)
	1043712  -  ResidentSetSize of job (KB)
...
006 (5415472.097.000) 07/13 13:09:22 Image size of job updated: 1609116
	1021  -  MemoryUsage of job (MB)
	1044620  -  ResidentSetSize of job (KB)
...
006 (5415472.097.000) 07/13 13:54:26 Image size of job updated: 1610020
	1022  -  MemoryUsage of job (MB)
	1045524  -  ResidentSetSize of job (KB)
...
006 (5415472.097.000) 07/13 14:14:28 Image size of job updated: 1613092
	1023  -  MemoryUsage of job (MB)
	1047068  -  ResidentSetSize of job (KB)
...
006 (5415472.097.000) 07/13 14:29:28 Image size of job updated: 1613092
	1023  -  MemoryUsage of job (MB)
	1047080  -  ResidentSetSize of job (KB)
...
006 (5415472.097.000) 07/13 14:49:31 Image size of job updated: 1613092
	1023  -  MemoryUsage of job (MB)
	1047092  -  ResidentSetSize of job (KB)
...
006 (5415472.097.000) 07/13 15:09:34 Image size of job updated: 1613092
	1023  -  MemoryUsage of job (MB)
	1047104  -  ResidentSetSize of job (KB)
...
006 (5415472.097.000) 07/13 15:19:35 Image size of job updated: 1613996
	1024  -  MemoryUsage of job (MB)
	1048008  -  ResidentSetSize of job (KB)
...
006 (5415472.097.000) 07/13 15:34:35 Image size of job updated: 1613996
	1024  -  MemoryUsage of job (MB)
	1048020  -  ResidentSetSize of job (KB)
...
006 (5415472.097.000) 07/13 15:54:38 Image size of job updated: 1613996
	1024  -  MemoryUsage of job (MB)
	1048032  -  ResidentSetSize of job (KB)
...
006 (5415472.097.000) 07/13 15:59:38 Image size of job updated: 1614904
	1025  -  MemoryUsage of job (MB)
	1048940  -  ResidentSetSize of job (KB)
...
006 (5415472.097.000) 07/13 16:19:40 Image size of job updated: 1614904
	1025  -  MemoryUsage of job (MB)
	1048952  -  ResidentSetSize of job (KB)
...
006 (5415472.097.000) 07/13 16:44:43 Image size of job updated: 1615808
	1026  -  MemoryUsage of job (MB)
	1049868  -  ResidentSetSize of job (KB)
...
006 (5415472.097.000) 07/13 17:04:45 Image size of job updated: 1615808
	1026  -  MemoryUsage of job (MB)
	1049880  -  ResidentSetSize of job (KB)
...
006 (5415472.097.000) 07/13 17:39:47 Image size of job updated: 1616716
	1027  -  MemoryUsage of job (MB)
	1050800  -  ResidentSetSize of job (KB)
...
006 (5415472.097.000) 07/13 17:51:47 Image size of job updated: 1616716
	1027  -  MemoryUsage of job (MB)
	1050812  -  ResidentSetSize of job (KB)
...
006 (5415472.097.000) 07/13 18:09:02 Image size of job updated: 1617620
	1028  -  MemoryUsage of job (MB)
	1051728  -  ResidentSetSize of job (KB)
...
006 (5415472.097.000) 07/13 18:34:05 Image size of job updated: 1617620
	1028  -  MemoryUsage of job (MB)
	1051740  -  ResidentSetSize of job (KB)
...
006 (5415472.097.000) 07/13 18:49:07 Image size of job updated: 1618524
	1028  -  MemoryUsage of job (MB)
	1052644  -  ResidentSetSize of job (KB)
...
006 (5415472.097.000) 07/13 18:54:07 Image size of job updated: 1618524
	1028  -  MemoryUsage of job (MB)
	1052656  -  ResidentSetSize of job (KB)
...
006 (5415472.097.000) 07/13 19:14:09 Image size of job updated: 1618524
	1028  -  MemoryUsage of job (MB)
	1052668  -  ResidentSetSize of job (KB)
...
006 (5415472.097.000) 07/13 19:24:10 Image size of job updated: 1619432
	1029  -  MemoryUsage of job (MB)
	1053576  -  ResidentSetSize of job (KB)
...
006 (5415472.097.000) 07/13 19:34:10 Image size of job updated: 1619432
	1029  -  MemoryUsage of job (MB)
	1053588  -  ResidentSetSize of job (KB)
...
006 (5415472.097.000) 07/13 19:59:12 Image size of job updated: 1619432
	1029  -  MemoryUsage of job (MB)
	1053600  -  ResidentSetSize of job (KB)
...
006 (5415472.097.000) 07/13 20:09:13 Image size of job updated: 1620336
	1030  -  MemoryUsage of job (MB)
	1054504  -  ResidentSetSize of job (KB)
...
006 (5415472.097.000) 07/13 20:19:14 Image size of job updated: 1620336
	1030  -  MemoryUsage of job (MB)
	1054516  -  ResidentSetSize of job (KB)
...
006 (5415472.097.000) 07/13 20:39:16 Image size of job updated: 1620336
	1030  -  MemoryUsage of job (MB)
	1054528  -  ResidentSetSize of job (KB)
...
006 (5415472.097.000) 07/13 20:49:18 Image size of job updated: 1621244
	1031  -  MemoryUsage of job (MB)
	1055436  -  ResidentSetSize of job (KB)
...
006 (5415472.097.000) 07/13 20:59:19 Image size of job updated: 1621244
	1031  -  MemoryUsage of job (MB)
	1055448  -  ResidentSetSize of job (KB)
...
006 (5415472.097.000) 07/13 21:24:23 Image size of job updated: 1621244
	1031  -  MemoryUsage of job (MB)
	1055460  -  ResidentSetSize of job (KB)
...
006 (5415472.097.000) 07/13 21:29:24 Image size of job updated: 1622148
	1032  -  MemoryUsage of job (MB)
	1056364  -  ResidentSetSize of job (KB)
...
006 (5415472.097.000) 07/13 21:44:25 Image size of job updated: 1622148
	1032  -  MemoryUsage of job (MB)
	1056376  -  ResidentSetSize of job (KB)
...
006 (5415472.097.000) 07/13 22:04:29 Image size of job updated: 1622148
	1033  -  MemoryUsage of job (MB)
	1057292  -  ResidentSetSize of job (KB)
...
006 (5415472.097.000) 07/13 22:09:29 Image size of job updated: 1623052
	1033  -  MemoryUsage of job (MB)
	1057292  -  ResidentSetSize of job (KB)
...
006 (5415472.097.000) 07/13 22:24:30 Image size of job updated: 1623052
	1033  -  MemoryUsage of job (MB)
	1057304  -  ResidentSetSize of job (KB)
...
006 (5415472.097.000) 07/13 22:49:32 Image size of job updated: 1623960
	1034  -  MemoryUsage of job (MB)
	1058224  -  ResidentSetSize of job (KB)
...
006 (5415472.097.000) 07/13 23:09:32 Image size of job updated: 1623960
	1034  -  MemoryUsage of job (MB)
	1058236  -  ResidentSetSize of job (KB)
...
006 (5415472.097.000) 07/13 23:34:34 Image size of job updated: 1628488
	1038  -  MemoryUsage of job (MB)
	1062780  -  ResidentSetSize of job (KB)
...
006 (5415472.097.000) 07/13 23:59:36 Image size of job updated: 1628488
	1038  -  MemoryUsage of job (MB)
	1062792  -  ResidentSetSize of job (KB)
...
006 (5415472.097.000) 07/14 00:19:37 Image size of job updated: 1628488
	1038  -  MemoryUsage of job (MB)
	1062804  -  ResidentSetSize of job (KB)
...
006 (5415472.097.000) 07/14 00:44:38 Image size of job updated: 1628488
	1038  -  MemoryUsage of job (MB)
	1062816  -  ResidentSetSize of job (KB)
...
006 (5415472.097.000) 07/14 01:04:40 Image size of job updated: 1628488
	1038  -  MemoryUsage of job (MB)
	1062828  -  ResidentSetSize of job (KB)
...
006 (5415472.097.000) 07/14 01:24:43 Image size of job updated: 1628488
	1038  -  MemoryUsage of job (MB)
	1062840  -  ResidentSetSize of job (KB)
...
006 (5415472.097.000) 07/14 01:44:45 Image size of job updated: 1628488
	1038  -  MemoryUsage of job (MB)
	1062852  -  ResidentSetSize of job (KB)
...
006 (5415472.097.000) 07/14 02:04:49 Image size of job updated: 1628488
	1038  -  MemoryUsage of job (MB)
	1062864  -  ResidentSetSize of job (KB)
...
006 (5415472.097.000) 07/14 02:24:52 Image size of job updated: 1628488
	1038  -  MemoryUsage of job (MB)
	1062876  -  ResidentSetSize of job (KB)
...
006 (5415472.097.000) 07/14 02:44:54 Image size of job updated: 1628488
	1038  -  MemoryUsage of job (MB)
	1062888  -  ResidentSetSize of job (KB)
...
006 (5415472.097.000) 07/14 03:04:56 Image size of job updated: 1628488
	1038  -  MemoryUsage of job (MB)
	1062900  -  ResidentSetSize of job (KB)
...
006 (5415472.097.000) 07/14 03:24:57 Image size of job updated: 1628488
	1038  -  MemoryUsage of job (MB)
	1062912  -  ResidentSetSize of job (KB)
...
006 (5415472.097.000) 07/14 03:50:02 Image size of job updated: 1628488
	1039  -  MemoryUsage of job (MB)
	1062924  -  ResidentSetSize of job (KB)
...
006 (5415472.097.000) 07/14 04:10:03 Image size of job updated: 1628488
	1039  -  MemoryUsage of job (MB)
	1062936  -  ResidentSetSize of job (KB)
...
006 (5415472.097.000) 07/14 04:30:04 Image size of job updated: 1628488
	1039  -  MemoryUsage of job (MB)
	1062948  -  ResidentSetSize of job (KB)
...
006 (5415472.097.000) 07/14 04:50:07 Image size of job updated: 1628488
	1039  -  MemoryUsage of job (MB)
	1062960  -  ResidentSetSize of job (KB)
...
006 (5415472.097.000) 07/14 05:10:08 Image size of job updated: 1628488
	1039  -  MemoryUsage of job (MB)
	1062972  -  ResidentSetSize of job (KB)
...
006 (5415472.097.000) 07/14 05:35:12 Image size of job updated: 1628488
	1039  -  MemoryUsage of job (MB)
	1062984  -  ResidentSetSize of job (KB)
...
006 (5415472.097.000) 07/14 05:55:15 Image size of job updated: 1628488
	1039  -  MemoryUsage of job (MB)
	1062996  -  ResidentSetSize of job (KB)
...
006 (5415472.097.000) 07/14 06:20:18 Image size of job updated: 1628488
	1039  -  MemoryUsage of job (MB)
	1063008  -  ResidentSetSize of job (KB)
...
006 (5415472.097.000) 07/14 06:40:20 Image size of job updated: 1628488
	1039  -  MemoryUsage of job (MB)
	1063020  -  ResidentSetSize of job (KB)
...
006 (5415472.097.000) 07/14 07:05:22 Image size of job updated: 1628488
	1039  -  MemoryUsage of job (MB)
	1063032  -  ResidentSetSize of job (KB)
...
006 (5415472.097.000) 07/14 07:25:24 Image size of job updated: 1628488
	1039  -  MemoryUsage of job (MB)
	1063044  -  ResidentSetSize of job (KB)
...
006 (5415472.097.000) 07/14 07:45:25 Image size of job updated: 1628488
	1039  -  MemoryUsage of job (MB)
	1063056  -  ResidentSetSize of job (KB)
...
006 (5415472.097.000) 07/14 08:05:28 Image size of job updated: 1628488
	1039  -  MemoryUsage of job (MB)
	1063068  -  ResidentSetSize of job (KB)
...
006 (5415472.097.000) 07/14 08:25:29 Image size of job updated: 1628488
	1039  -  MemoryUsage of job (MB)
	1063080  -  ResidentSetSize of job (KB)
...
006 (5415472.097.000) 07/14 08:45:31 Image size of job updated: 1628488
	1039  -  MemoryUsage of job (MB)
	1063088  -  ResidentSetSize of job (KB)
...
006 (5415472.097.000) 07/14 09:05:33 Image size of job updated: 1628488
	1039  -  MemoryUsage of job (MB)
	1063100  -  ResidentSetSize of job (KB)
...
006 (5415472.097.000) 07/14 09:25:34 Image size of job updated: 1628488
	1039  -  MemoryUsage of job (MB)
	1063112  -  ResidentSetSize of job (KB)
...
006 (5415472.097.000) 07/14 09:45:37 Image size of job updated: 1628488
	1039  -  MemoryUsage of job (MB)
	1063124  -  ResidentSetSize of job (KB)
...
006 (5415472.097.000) 07/14 10:00:38 Image size of job updated: 1628488
	1039  -  MemoryUsage of job (MB)
	1063132  -  ResidentSetSize of job (KB)
...
006 (5415472.097.000) 07/14 10:05:38 Image size of job updated: 1628488
	1039  -  MemoryUsage of job (MB)
	1063136  -  ResidentSetSize of job (KB)
...
006 (5415472.097.000) 07/14 10:20:40 Image size of job updated: 1628488
	1039  -  MemoryUsage of job (MB)
	1063148  -  ResidentSetSize of job (KB)
...
006 (5415472.097.000) 07/14 10:40:42 Image size of job updated: 1628488
	1039  -  MemoryUsage of job (MB)
	1063160  -  ResidentSetSize of job (KB)
...
006 (5415472.097.000) 07/14 11:00:45 Image size of job updated: 1628488
	1039  -  MemoryUsage of job (MB)
	1063172  -  ResidentSetSize of job (KB)
...
006 (5415472.097.000) 07/14 11:20:50 Image size of job updated: 1628488
	1039  -  MemoryUsage of job (MB)
	1063184  -  ResidentSetSize of job (KB)
...
006 (5415472.097.000) 07/14 11:40:53 Image size of job updated: 1628488
	1039  -  MemoryUsage of job (MB)
	1063196  -  ResidentSetSize of job (KB)
...
006 (5415472.097.000) 07/14 12:00:56 Image size of job updated: 1628488
	1039  -  MemoryUsage of job (MB)
	1063204  -  ResidentSetSize of job (KB)
...
006 (5415472.097.000) 07/14 12:20:58 Image size of job updated: 1628488
	1039  -  MemoryUsage of job (MB)
	1063212  -  ResidentSetSize of job (KB)
...
006 (5415472.097.000) 07/14 13:51:04 Image size of job updated: 1628488
	1039  -  MemoryUsage of job (MB)
	1063220  -  ResidentSetSize of job (KB)
...
006 (5415472.097.000) 07/14 14:11:08 Image size of job updated: 1628488
	1039  -  MemoryUsage of job (MB)
	1063232  -  ResidentSetSize of job (KB)
...
006 (5415472.097.000) 07/14 14:31:12 Image size of job updated: 1628488
	1039  -  MemoryUsage of job (MB)
	1063240  -  ResidentSetSize of job (KB)
...
006 (5415472.097.000) 07/14 14:36:13 Image size of job updated: 1628488
	1039  -  MemoryUsage of job (MB)
	1063244  -  ResidentSetSize of job (KB)
...
006 (5415472.097.000) 07/14 14:56:16 Image size of job updated: 1628488
	1039  -  MemoryUsage of job (MB)
	1063256  -  ResidentSetSize of job (KB)
...
006 (5415472.097.000) 07/14 15:16:18 Image size of job updated: 1628488
	1039  -  MemoryUsage of job (MB)
	1063268  -  ResidentSetSize of job (KB)
...
006 (5415472.097.000) 07/14 15:41:23 Image size of job updated: 1628488
	1039  -  MemoryUsage of job (MB)
	1063280  -  ResidentSetSize of job (KB)
...
040 (5415472.097.000) 07/14 15:59:17 Started transferring output files
...
040 (5415472.097.000) 07/14 15:59:17 Finished transferring output files
...
004 (5415472.097.000) 07/14 15:59:17 Job was evicted.
	(0) CPU times
		Usr 9 12:30:50, Sys 0 00:17:31  -  Run Remote Usage
		Usr 0 00:00:00, Sys 0 00:00:00  -  Run Local Usage
	96170  -  Run Bytes Sent By Job
	803  -  Run Bytes Received By Job
	Partitionable Resources :    Usage  Request Allocated 
	   Cpus                 :     3.12        4         4 
	   Disk (KB)            :   120    10485760  11985343 
	   Memory (MB)          :  1039        8000      8000 
...
040 (5415472.097.000) 07/14 21:24:08 Started transferring input files
	Transferring to host: <128.142.83.130:9618?addrs=128.142.83.130-9618+[2001-1458-301-f5--100-52]-9618&alias=b7s13n2127.cern.ch&noUDP&sock=slot1_1_6959_feb4_116791>
...
040 (5415472.097.000) 07/14 21:24:08 Finished transferring input files
...
001 (5415472.097.000) 07/14 21:24:09 Job executing on host: <128.142.83.130:9618?addrs=128.142.83.130-9618+[2001-1458-301-f5--100-52]-9618&alias=b7s13n2127.cern.ch&noUDP&sock=startd_16579_64bc>
...
040 (5415472.097.000) 07/15 02:16:07 Started transferring input files
	Transferring to host: <128.142.82.134:9618?addrs=128.142.82.134-9618+[2001-1458-301-f5--100-388]-9618&alias=b7s13n8561.cern.ch&noUDP&sock=slot1_4_7277_0e01_78440>
...
040 (5415472.097.000) 07/15 02:16:07 Finished transferring input files
...
001 (5415472.097.000) 07/15 02:16:08 Job executing on host: <128.142.82.134:9618?addrs=128.142.82.134-9618+[2001-1458-301-f5--100-388]-9618&alias=b7s13n8561.cern.ch&noUDP&sock=startd_6344_08e8>
...
040 (5415472.097.000) 07/20 06:51:00 Started transferring output files
...
040 (5415472.097.000) 07/20 06:51:00 Finished transferring output files
...
004 (5415472.097.000) 07/20 06:51:01 Job was evicted.
	(0) CPU times
		Usr 15 16:40:23, Sys 0 00:02:42  -  Run Remote Usage
		Usr 0 00:00:00, Sys 0 00:00:00  -  Run Local Usage
	96398  -  Run Bytes Sent By Job
	96973  -  Run Bytes Received By Job
	Partitionable Resources :    Usage  Request Allocated 
	   Cpus                 :     2.91        4         4 
	   Disk (KB)            :   122    10485760  10825579 
	   Memory (MB)          :  1221        8000      8000 
...
