000 (5415472.432.000) 07/11 14:02:30 Job submitted from host: <137.138.156.150:9618?addrs=137.138.156.150-9618+[2001-1458-d00-14--9a]-9618&alias=bigbird13.cern.ch&noUDP&sock=schedd_1788_ff6c>
...
040 (5415472.432.000) 07/12 05:37:32 Started transferring input files
	Transferring to host: <128.142.56.86:9618?addrs=128.142.56.86-9618+[2001-1458-301-6--100-55]-9618&alias=b7s01p8345.cern.ch&noUDP&sock=slot1_3_54047_c02f_5407>
...
040 (5415472.432.000) 07/12 05:37:32 Finished transferring input files
...
001 (5415472.432.000) 07/12 05:37:33 Job executing on host: <128.142.56.86:9618?addrs=128.142.56.86-9618+[2001-1458-301-6--100-55]-9618&alias=b7s01p8345.cern.ch&noUDP&sock=startd_50926_9421>
...
006 (5415472.432.000) 07/12 05:37:42 Image size of job updated: 570632
	247  -  MemoryUsage of job (MB)
	252024  -  ResidentSetSize of job (KB)
...
006 (5415472.432.000) 07/12 05:42:42 Image size of job updated: 1591072
	1004  -  MemoryUsage of job (MB)
	1027508  -  ResidentSetSize of job (KB)
...
006 (5415472.432.000) 07/13 14:56:13 Image size of job updated: 1592052
	1004  -  MemoryUsage of job (MB)
	1027508  -  ResidentSetSize of job (KB)
...
006 (5415472.432.000) 07/13 15:36:18 Image size of job updated: 1592960
	1004  -  MemoryUsage of job (MB)
	1027508  -  ResidentSetSize of job (KB)
...
006 (5415472.432.000) 07/13 16:21:22 Image size of job updated: 1593864
	1004  -  MemoryUsage of job (MB)
	1027508  -  ResidentSetSize of job (KB)
...
006 (5415472.432.000) 07/13 17:01:30 Image size of job updated: 1594768
	1004  -  MemoryUsage of job (MB)
	1027508  -  ResidentSetSize of job (KB)
...
006 (5415472.432.000) 07/13 17:44:51 Image size of job updated: 1595676
	1005  -  MemoryUsage of job (MB)
	1028156  -  ResidentSetSize of job (KB)
...
006 (5415472.432.000) 07/13 18:22:31 Image size of job updated: 1596580
	1005  -  MemoryUsage of job (MB)
	1029060  -  ResidentSetSize of job (KB)
...
006 (5415472.432.000) 07/13 19:07:36 Image size of job updated: 1597488
	1006  -  MemoryUsage of job (MB)
	1029968  -  ResidentSetSize of job (KB)
...
006 (5415472.432.000) 07/13 19:47:41 Image size of job updated: 1598392
	1007  -  MemoryUsage of job (MB)
	1030872  -  ResidentSetSize of job (KB)
...
006 (5415472.432.000) 07/13 20:32:47 Image size of job updated: 1599296
	1008  -  MemoryUsage of job (MB)
	1031776  -  ResidentSetSize of job (KB)
...
006 (5415472.432.000) 07/13 21:12:52 Image size of job updated: 1600204
	1009  -  MemoryUsage of job (MB)
	1032684  -  ResidentSetSize of job (KB)
...
006 (5415472.432.000) 07/13 21:52:57 Image size of job updated: 1601108
	1010  -  MemoryUsage of job (MB)
	1033588  -  ResidentSetSize of job (KB)
...
006 (5415472.432.000) 07/13 22:38:02 Image size of job updated: 1602016
	1011  -  MemoryUsage of job (MB)
	1034496  -  ResidentSetSize of job (KB)
...
006 (5415472.432.000) 07/13 23:23:06 Image size of job updated: 1602920
	1012  -  MemoryUsage of job (MB)
	1035400  -  ResidentSetSize of job (KB)
...
006 (5415472.432.000) 07/14 00:08:08 Image size of job updated: 1603828
	1013  -  MemoryUsage of job (MB)
	1036308  -  ResidentSetSize of job (KB)
...
006 (5415472.432.000) 07/14 00:53:12 Image size of job updated: 1604732
	1013  -  MemoryUsage of job (MB)
	1037212  -  ResidentSetSize of job (KB)
...
006 (5415472.432.000) 07/14 01:33:15 Image size of job updated: 1605636
	1014  -  MemoryUsage of job (MB)
	1038116  -  ResidentSetSize of job (KB)
...
006 (5415472.432.000) 07/14 02:18:19 Image size of job updated: 1606544
	1015  -  MemoryUsage of job (MB)
	1039024  -  ResidentSetSize of job (KB)
...
006 (5415472.432.000) 07/14 02:58:23 Image size of job updated: 1607448
	1016  -  MemoryUsage of job (MB)
	1039928  -  ResidentSetSize of job (KB)
...
006 (5415472.432.000) 07/14 03:43:28 Image size of job updated: 1608356
	1017  -  MemoryUsage of job (MB)
	1040836  -  ResidentSetSize of job (KB)
...
006 (5415472.432.000) 07/14 04:23:32 Image size of job updated: 1609260
	1018  -  MemoryUsage of job (MB)
	1041740  -  ResidentSetSize of job (KB)
...
006 (5415472.432.000) 07/14 05:08:39 Image size of job updated: 1613788
	1022  -  MemoryUsage of job (MB)
	1046268  -  ResidentSetSize of job (KB)
...
006 (5415472.432.000) 07/14 05:28:41 Image size of job updated: 1616860
	1024  -  MemoryUsage of job (MB)
	1047816  -  ResidentSetSize of job (KB)
...
006 (5415472.432.000) 07/14 05:38:42 Image size of job updated: 1616860
	1024  -  MemoryUsage of job (MB)
	1047828  -  ResidentSetSize of job (KB)
...
006 (5415472.432.000) 07/14 05:58:45 Image size of job updated: 1616860
	1024  -  MemoryUsage of job (MB)
	1047840  -  ResidentSetSize of job (KB)
...
006 (5415472.432.000) 07/14 06:23:47 Image size of job updated: 1616860
	1024  -  MemoryUsage of job (MB)
	1047852  -  ResidentSetSize of job (KB)
...
006 (5415472.432.000) 07/14 06:43:49 Image size of job updated: 1616860
	1024  -  MemoryUsage of job (MB)
	1047864  -  ResidentSetSize of job (KB)
...
006 (5415472.432.000) 07/14 07:08:53 Image size of job updated: 1616860
	1024  -  MemoryUsage of job (MB)
	1047876  -  ResidentSetSize of job (KB)
...
006 (5415472.432.000) 07/14 07:28:55 Image size of job updated: 1616860
	1024  -  MemoryUsage of job (MB)
	1047888  -  ResidentSetSize of job (KB)
...
006 (5415472.432.000) 07/14 07:53:58 Image size of job updated: 1616860
	1024  -  MemoryUsage of job (MB)
	1047900  -  ResidentSetSize of job (KB)
...
006 (5415472.432.000) 07/14 08:14:00 Image size of job updated: 1616860
	1024  -  MemoryUsage of job (MB)
	1047912  -  ResidentSetSize of job (KB)
...
006 (5415472.432.000) 07/14 08:34:03 Image size of job updated: 1616860
	1024  -  MemoryUsage of job (MB)
	1047924  -  ResidentSetSize of job (KB)
...
006 (5415472.432.000) 07/14 08:54:05 Image size of job updated: 1616860
	1024  -  MemoryUsage of job (MB)
	1047936  -  ResidentSetSize of job (KB)
...
006 (5415472.432.000) 07/14 09:14:07 Image size of job updated: 1616860
	1024  -  MemoryUsage of job (MB)
	1047948  -  ResidentSetSize of job (KB)
...
006 (5415472.432.000) 07/14 09:34:09 Image size of job updated: 1616860
	1024  -  MemoryUsage of job (MB)
	1047960  -  ResidentSetSize of job (KB)
...
006 (5415472.432.000) 07/14 09:54:11 Image size of job updated: 1616860
	1024  -  MemoryUsage of job (MB)
	1047972  -  ResidentSetSize of job (KB)
...
006 (5415472.432.000) 07/14 10:09:14 Image size of job updated: 1616860
	1024  -  MemoryUsage of job (MB)
	1047984  -  ResidentSetSize of job (KB)
...
006 (5415472.432.000) 07/14 10:29:16 Image size of job updated: 1616860
	1024  -  MemoryUsage of job (MB)
	1047996  -  ResidentSetSize of job (KB)
...
006 (5415472.432.000) 07/14 10:49:16 Image size of job updated: 1616860
	1024  -  MemoryUsage of job (MB)
	1048004  -  ResidentSetSize of job (KB)
...
006 (5415472.432.000) 07/14 10:54:17 Image size of job updated: 1616860
	1024  -  MemoryUsage of job (MB)
	1048008  -  ResidentSetSize of job (KB)
...
006 (5415472.432.000) 07/14 11:14:20 Image size of job updated: 1616860
	1024  -  MemoryUsage of job (MB)
	1048020  -  ResidentSetSize of job (KB)
...
006 (5415472.432.000) 07/14 11:34:20 Image size of job updated: 1616860
	1024  -  MemoryUsage of job (MB)
	1048032  -  ResidentSetSize of job (KB)
...
006 (5415472.432.000) 07/14 11:54:22 Image size of job updated: 1616860
	1024  -  MemoryUsage of job (MB)
	1048044  -  ResidentSetSize of job (KB)
...
006 (5415472.432.000) 07/14 12:14:24 Image size of job updated: 1616860
	1024  -  MemoryUsage of job (MB)
	1048056  -  ResidentSetSize of job (KB)
...
006 (5415472.432.000) 07/14 12:34:25 Image size of job updated: 1616860
	1024  -  MemoryUsage of job (MB)
	1048068  -  ResidentSetSize of job (KB)
...
006 (5415472.432.000) 07/14 12:54:27 Image size of job updated: 1616860
	1024  -  MemoryUsage of job (MB)
	1048080  -  ResidentSetSize of job (KB)
...
006 (5415472.432.000) 07/14 13:14:29 Image size of job updated: 1616860
	1024  -  MemoryUsage of job (MB)
	1048092  -  ResidentSetSize of job (KB)
...
006 (5415472.432.000) 07/14 13:39:31 Image size of job updated: 1616860
	1024  -  MemoryUsage of job (MB)
	1048104  -  ResidentSetSize of job (KB)
...
007 (5415472.432.000) 07/14 21:04:30 Shadow exception!
	Assertion ERROR on (result)
	0  -  Run Bytes Sent By Job
	803  -  Run Bytes Received By Job
...
