000 (5415472.168.000) 07/11 14:02:29 Job submitted from host: <137.138.156.150:9618?addrs=137.138.156.150-9618+[2001-1458-d00-14--9a]-9618&alias=bigbird13.cern.ch&noUDP&sock=schedd_1788_ff6c>
...
040 (5415472.168.000) 07/11 14:15:25 Started transferring input files
	Transferring to host: <128.142.58.126:9618?addrs=128.142.58.126-9618+[2001-1458-301-16--100-7d]-9618&alias=b7s03p2602.cern.ch&noUDP&sock=slot1_17_6791_9fad_2677>
...
040 (5415472.168.000) 07/11 14:15:25 Finished transferring input files
...
001 (5415472.168.000) 07/11 14:15:34 Job executing on host: <128.142.58.126:9618?addrs=128.142.58.126-9618+[2001-1458-301-16--100-7d]-9618&alias=b7s03p2602.cern.ch&noUDP&sock=startd_6339_9aef>
...
006 (5415472.168.000) 07/11 14:15:43 Image size of job updated: 259268
	195  -  MemoryUsage of job (MB)
	198924  -  ResidentSetSize of job (KB)
...
006 (5415472.168.000) 07/11 14:20:44 Image size of job updated: 1590968
	1004  -  MemoryUsage of job (MB)
	1027420  -  ResidentSetSize of job (KB)
...
006 (5415472.168.000) 07/13 00:04:09 Image size of job updated: 1591952
	1005  -  MemoryUsage of job (MB)
	1028328  -  ResidentSetSize of job (KB)
...
006 (5415472.168.000) 07/13 00:44:14 Image size of job updated: 1592856
	1006  -  MemoryUsage of job (MB)
	1029232  -  ResidentSetSize of job (KB)
...
006 (5415472.168.000) 07/13 01:24:18 Image size of job updated: 1593760
	1006  -  MemoryUsage of job (MB)
	1030136  -  ResidentSetSize of job (KB)
...
006 (5415472.168.000) 07/13 02:09:23 Image size of job updated: 1594668
	1007  -  MemoryUsage of job (MB)
	1031044  -  ResidentSetSize of job (KB)
...
006 (5415472.168.000) 07/13 02:49:26 Image size of job updated: 1595572
	1008  -  MemoryUsage of job (MB)
	1031948  -  ResidentSetSize of job (KB)
...
006 (5415472.168.000) 07/13 03:34:29 Image size of job updated: 1596480
	1009  -  MemoryUsage of job (MB)
	1032856  -  ResidentSetSize of job (KB)
...
006 (5415472.168.000) 07/13 04:14:33 Image size of job updated: 1597384
	1010  -  MemoryUsage of job (MB)
	1033760  -  ResidentSetSize of job (KB)
...
006 (5415472.168.000) 07/13 04:59:37 Image size of job updated: 1598288
	1011  -  MemoryUsage of job (MB)
	1034664  -  ResidentSetSize of job (KB)
...
006 (5415472.168.000) 07/13 05:39:42 Image size of job updated: 1599196
	1012  -  MemoryUsage of job (MB)
	1035572  -  ResidentSetSize of job (KB)
...
006 (5415472.168.000) 07/13 06:19:44 Image size of job updated: 1600100
	1013  -  MemoryUsage of job (MB)
	1036476  -  ResidentSetSize of job (KB)
...
006 (5415472.168.000) 07/13 06:59:48 Image size of job updated: 1601008
	1014  -  MemoryUsage of job (MB)
	1037384  -  ResidentSetSize of job (KB)
...
006 (5415472.168.000) 07/13 07:39:54 Image size of job updated: 1601912
	1014  -  MemoryUsage of job (MB)
	1038288  -  ResidentSetSize of job (KB)
...
006 (5415472.168.000) 07/13 08:19:56 Image size of job updated: 1602816
	1015  -  MemoryUsage of job (MB)
	1039192  -  ResidentSetSize of job (KB)
...
006 (5415472.168.000) 07/13 09:00:01 Image size of job updated: 1602816
	1016  -  MemoryUsage of job (MB)
	1040100  -  ResidentSetSize of job (KB)
...
006 (5415472.168.000) 07/13 09:05:02 Image size of job updated: 1603724
	1016  -  MemoryUsage of job (MB)
	1040100  -  ResidentSetSize of job (KB)
...
006 (5415472.168.000) 07/13 09:45:07 Image size of job updated: 1604628
	1017  -  MemoryUsage of job (MB)
	1041004  -  ResidentSetSize of job (KB)
...
006 (5415472.168.000) 07/13 10:25:12 Image size of job updated: 1605536
	1018  -  MemoryUsage of job (MB)
	1041912  -  ResidentSetSize of job (KB)
...
006 (5415472.168.000) 07/13 11:05:16 Image size of job updated: 1606440
	1019  -  MemoryUsage of job (MB)
	1042816  -  ResidentSetSize of job (KB)
...
006 (5415472.168.000) 07/13 11:50:20 Image size of job updated: 1607348
	1020  -  MemoryUsage of job (MB)
	1043724  -  ResidentSetSize of job (KB)
...
006 (5415472.168.000) 07/13 12:30:23 Image size of job updated: 1608252
	1021  -  MemoryUsage of job (MB)
	1044628  -  ResidentSetSize of job (KB)
...
006 (5415472.168.000) 07/13 13:10:24 Image size of job updated: 1609156
	1022  -  MemoryUsage of job (MB)
	1045532  -  ResidentSetSize of job (KB)
...
006 (5415472.168.000) 07/13 13:55:29 Image size of job updated: 1610064
	1022  -  MemoryUsage of job (MB)
	1046440  -  ResidentSetSize of job (KB)
...
006 (5415472.168.000) 07/13 14:15:31 Image size of job updated: 1613136
	1024  -  MemoryUsage of job (MB)
	1047988  -  ResidentSetSize of job (KB)
...
006 (5415472.168.000) 07/13 14:30:32 Image size of job updated: 1613136
	1024  -  MemoryUsage of job (MB)
	1048000  -  ResidentSetSize of job (KB)
...
006 (5415472.168.000) 07/13 14:50:34 Image size of job updated: 1613136
	1024  -  MemoryUsage of job (MB)
	1048012  -  ResidentSetSize of job (KB)
...
006 (5415472.168.000) 07/13 15:10:34 Image size of job updated: 1613136
	1024  -  MemoryUsage of job (MB)
	1048024  -  ResidentSetSize of job (KB)
...
006 (5415472.168.000) 07/13 15:15:34 Image size of job updated: 1617664
	1028  -  MemoryUsage of job (MB)
	1052552  -  ResidentSetSize of job (KB)
...
006 (5415472.168.000) 07/13 15:35:36 Image size of job updated: 1617664
	1028  -  MemoryUsage of job (MB)
	1052564  -  ResidentSetSize of job (KB)
...
006 (5415472.168.000) 07/13 15:55:38 Image size of job updated: 1617664
	1028  -  MemoryUsage of job (MB)
	1052576  -  ResidentSetSize of job (KB)
...
006 (5415472.168.000) 07/13 16:20:41 Image size of job updated: 1617664
	1028  -  MemoryUsage of job (MB)
	1052588  -  ResidentSetSize of job (KB)
...
006 (5415472.168.000) 07/13 16:40:42 Image size of job updated: 1617664
	1028  -  MemoryUsage of job (MB)
	1052600  -  ResidentSetSize of job (KB)
...
006 (5415472.168.000) 07/13 17:05:45 Image size of job updated: 1617664
	1028  -  MemoryUsage of job (MB)
	1052612  -  ResidentSetSize of job (KB)
...
006 (5415472.168.000) 07/13 17:29:46 Image size of job updated: 1617664
	1028  -  MemoryUsage of job (MB)
	1052624  -  ResidentSetSize of job (KB)
...
006 (5415472.168.000) 07/13 17:49:48 Image size of job updated: 1617664
	1028  -  MemoryUsage of job (MB)
	1052636  -  ResidentSetSize of job (KB)
...
006 (5415472.168.000) 07/13 18:09:52 Image size of job updated: 1617664
	1028  -  MemoryUsage of job (MB)
	1052648  -  ResidentSetSize of job (KB)
...
006 (5415472.168.000) 07/13 18:29:54 Image size of job updated: 1617664
	1028  -  MemoryUsage of job (MB)
	1052660  -  ResidentSetSize of job (KB)
...
006 (5415472.168.000) 07/13 18:54:56 Image size of job updated: 1617664
	1028  -  MemoryUsage of job (MB)
	1052672  -  ResidentSetSize of job (KB)
...
006 (5415472.168.000) 07/13 19:14:56 Image size of job updated: 1617664
	1029  -  MemoryUsage of job (MB)
	1052684  -  ResidentSetSize of job (KB)
...
006 (5415472.168.000) 07/13 19:34:57 Image size of job updated: 1617664
	1029  -  MemoryUsage of job (MB)
	1052696  -  ResidentSetSize of job (KB)
...
006 (5415472.168.000) 07/13 20:00:00 Image size of job updated: 1617664
	1029  -  MemoryUsage of job (MB)
	1052708  -  ResidentSetSize of job (KB)
...
006 (5415472.168.000) 07/13 20:20:00 Image size of job updated: 1617664
	1029  -  MemoryUsage of job (MB)
	1052720  -  ResidentSetSize of job (KB)
...
006 (5415472.168.000) 07/13 20:45:02 Image size of job updated: 1617664
	1029  -  MemoryUsage of job (MB)
	1052732  -  ResidentSetSize of job (KB)
...
006 (5415472.168.000) 07/13 21:05:04 Image size of job updated: 1617664
	1029  -  MemoryUsage of job (MB)
	1052744  -  ResidentSetSize of job (KB)
...
006 (5415472.168.000) 07/13 21:25:06 Image size of job updated: 1617664
	1029  -  MemoryUsage of job (MB)
	1052756  -  ResidentSetSize of job (KB)
...
006 (5415472.168.000) 07/13 21:45:09 Image size of job updated: 1617664
	1029  -  MemoryUsage of job (MB)
	1052768  -  ResidentSetSize of job (KB)
...
006 (5415472.168.000) 07/13 22:05:11 Image size of job updated: 1617664
	1029  -  MemoryUsage of job (MB)
	1052780  -  ResidentSetSize of job (KB)
...
006 (5415472.168.000) 07/13 22:25:13 Image size of job updated: 1617664
	1029  -  MemoryUsage of job (MB)
	1052792  -  ResidentSetSize of job (KB)
...
006 (5415472.168.000) 07/13 22:45:15 Image size of job updated: 1617664
	1029  -  MemoryUsage of job (MB)
	1052804  -  ResidentSetSize of job (KB)
...
006 (5415472.168.000) 07/13 23:10:18 Image size of job updated: 1617664
	1029  -  MemoryUsage of job (MB)
	1052816  -  ResidentSetSize of job (KB)
...
006 (5415472.168.000) 07/13 23:30:20 Image size of job updated: 1617664
	1029  -  MemoryUsage of job (MB)
	1052828  -  ResidentSetSize of job (KB)
...
006 (5415472.168.000) 07/13 23:50:23 Image size of job updated: 1617664
	1029  -  MemoryUsage of job (MB)
	1052840  -  ResidentSetSize of job (KB)
...
006 (5415472.168.000) 07/14 00:15:26 Image size of job updated: 1617664
	1029  -  MemoryUsage of job (MB)
	1052852  -  ResidentSetSize of job (KB)
...
006 (5415472.168.000) 07/14 00:35:27 Image size of job updated: 1617664
	1029  -  MemoryUsage of job (MB)
	1052864  -  ResidentSetSize of job (KB)
...
006 (5415472.168.000) 07/14 00:55:28 Image size of job updated: 1617664
	1029  -  MemoryUsage of job (MB)
	1052876  -  ResidentSetSize of job (KB)
...
006 (5415472.168.000) 07/14 01:20:32 Image size of job updated: 1617664
	1029  -  MemoryUsage of job (MB)
	1052888  -  ResidentSetSize of job (KB)
...
006 (5415472.168.000) 07/14 01:40:34 Image size of job updated: 1617664
	1029  -  MemoryUsage of job (MB)
	1052900  -  ResidentSetSize of job (KB)
...
006 (5415472.168.000) 07/14 02:00:35 Image size of job updated: 1617664
	1029  -  MemoryUsage of job (MB)
	1052912  -  ResidentSetSize of job (KB)
...
006 (5415472.168.000) 07/14 02:20:37 Image size of job updated: 1617664
	1029  -  MemoryUsage of job (MB)
	1052924  -  ResidentSetSize of job (KB)
...
006 (5415472.168.000) 07/14 02:40:40 Image size of job updated: 1617664
	1029  -  MemoryUsage of job (MB)
	1052936  -  ResidentSetSize of job (KB)
...
006 (5415472.168.000) 07/14 03:00:41 Image size of job updated: 1617664
	1029  -  MemoryUsage of job (MB)
	1052948  -  ResidentSetSize of job (KB)
...
006 (5415472.168.000) 07/14 03:20:44 Image size of job updated: 1617664
	1029  -  MemoryUsage of job (MB)
	1052960  -  ResidentSetSize of job (KB)
...
006 (5415472.168.000) 07/14 03:40:45 Image size of job updated: 1617664
	1029  -  MemoryUsage of job (MB)
	1052972  -  ResidentSetSize of job (KB)
...
006 (5415472.168.000) 07/14 04:05:48 Image size of job updated: 1617664
	1029  -  MemoryUsage of job (MB)
	1052984  -  ResidentSetSize of job (KB)
...
006 (5415472.168.000) 07/14 04:25:50 Image size of job updated: 1617664
	1029  -  MemoryUsage of job (MB)
	1052996  -  ResidentSetSize of job (KB)
...
006 (5415472.168.000) 07/14 04:40:53 Image size of job updated: 1617664
	1029  -  MemoryUsage of job (MB)
	1053004  -  ResidentSetSize of job (KB)
...
006 (5415472.168.000) 07/14 04:45:54 Image size of job updated: 1617664
	1029  -  MemoryUsage of job (MB)
	1053008  -  ResidentSetSize of job (KB)
...
006 (5415472.168.000) 07/14 05:00:56 Image size of job updated: 1617664
	1029  -  MemoryUsage of job (MB)
	1053020  -  ResidentSetSize of job (KB)
...
006 (5415472.168.000) 07/14 05:20:58 Image size of job updated: 1617664
	1029  -  MemoryUsage of job (MB)
	1053032  -  ResidentSetSize of job (KB)
...
006 (5415472.168.000) 07/14 05:41:00 Image size of job updated: 1617664
	1029  -  MemoryUsage of job (MB)
	1053044  -  ResidentSetSize of job (KB)
...
006 (5415472.168.000) 07/14 06:01:01 Image size of job updated: 1617664
	1029  -  MemoryUsage of job (MB)
	1053056  -  ResidentSetSize of job (KB)
...
006 (5415472.168.000) 07/14 06:21:03 Image size of job updated: 1617664
	1029  -  MemoryUsage of job (MB)
	1053068  -  ResidentSetSize of job (KB)
...
006 (5415472.168.000) 07/14 06:46:06 Image size of job updated: 1617664
	1029  -  MemoryUsage of job (MB)
	1053080  -  ResidentSetSize of job (KB)
...
006 (5415472.168.000) 07/14 07:06:09 Image size of job updated: 1617664
	1029  -  MemoryUsage of job (MB)
	1053092  -  ResidentSetSize of job (KB)
...
006 (5415472.168.000) 07/14 07:26:11 Image size of job updated: 1617664
	1029  -  MemoryUsage of job (MB)
	1053104  -  ResidentSetSize of job (KB)
...
006 (5415472.168.000) 07/14 07:46:11 Image size of job updated: 1617664
	1029  -  MemoryUsage of job (MB)
	1053116  -  ResidentSetSize of job (KB)
...
006 (5415472.168.000) 07/14 08:06:14 Image size of job updated: 1617664
	1029  -  MemoryUsage of job (MB)
	1053128  -  ResidentSetSize of job (KB)
...
006 (5415472.168.000) 07/14 08:26:16 Image size of job updated: 1617664
	1029  -  MemoryUsage of job (MB)
	1053140  -  ResidentSetSize of job (KB)
...
006 (5415472.168.000) 07/14 08:46:17 Image size of job updated: 1617664
	1029  -  MemoryUsage of job (MB)
	1053152  -  ResidentSetSize of job (KB)
...
006 (5415472.168.000) 07/14 09:06:18 Image size of job updated: 1617664
	1029  -  MemoryUsage of job (MB)
	1053164  -  ResidentSetSize of job (KB)
...
006 (5415472.168.000) 07/14 09:26:20 Image size of job updated: 1617664
	1029  -  MemoryUsage of job (MB)
	1053176  -  ResidentSetSize of job (KB)
...
006 (5415472.168.000) 07/14 09:46:21 Image size of job updated: 1617664
	1029  -  MemoryUsage of job (MB)
	1053188  -  ResidentSetSize of job (KB)
...
006 (5415472.168.000) 07/14 10:06:22 Image size of job updated: 1617664
	1029  -  MemoryUsage of job (MB)
	1053200  -  ResidentSetSize of job (KB)
...
006 (5415472.168.000) 07/14 10:26:23 Image size of job updated: 1617664
	1029  -  MemoryUsage of job (MB)
	1053212  -  ResidentSetSize of job (KB)
...
006 (5415472.168.000) 07/14 10:46:26 Image size of job updated: 1617664
	1029  -  MemoryUsage of job (MB)
	1053224  -  ResidentSetSize of job (KB)
...
006 (5415472.168.000) 07/14 11:06:29 Image size of job updated: 1617664
	1029  -  MemoryUsage of job (MB)
	1053228  -  ResidentSetSize of job (KB)
...
006 (5415472.168.000) 07/14 11:26:32 Image size of job updated: 1617664
	1029  -  MemoryUsage of job (MB)
	1053240  -  ResidentSetSize of job (KB)
...
006 (5415472.168.000) 07/14 12:06:36 Image size of job updated: 1617664
	1029  -  MemoryUsage of job (MB)
	1053248  -  ResidentSetSize of job (KB)
...
006 (5415472.168.000) 07/14 12:26:37 Image size of job updated: 1617664
	1029  -  MemoryUsage of job (MB)
	1053260  -  ResidentSetSize of job (KB)
...
006 (5415472.168.000) 07/14 12:46:39 Image size of job updated: 1617664
	1029  -  MemoryUsage of job (MB)
	1053272  -  ResidentSetSize of job (KB)
...
006 (5415472.168.000) 07/14 13:06:40 Image size of job updated: 1617664
	1029  -  MemoryUsage of job (MB)
	1053284  -  ResidentSetSize of job (KB)
...
006 (5415472.168.000) 07/14 13:26:43 Image size of job updated: 1617664
	1029  -  MemoryUsage of job (MB)
	1053288  -  ResidentSetSize of job (KB)
...
006 (5415472.168.000) 07/14 13:31:44 Image size of job updated: 1617664
	1029  -  MemoryUsage of job (MB)
	1053296  -  ResidentSetSize of job (KB)
...
006 (5415472.168.000) 07/14 13:51:46 Image size of job updated: 1617664
	1029  -  MemoryUsage of job (MB)
	1053308  -  ResidentSetSize of job (KB)
...
006 (5415472.168.000) 07/14 14:16:48 Image size of job updated: 1617664
	1029  -  MemoryUsage of job (MB)
	1053320  -  ResidentSetSize of job (KB)
...
006 (5415472.168.000) 07/14 14:36:50 Image size of job updated: 1617664
	1029  -  MemoryUsage of job (MB)
	1053332  -  ResidentSetSize of job (KB)
...
006 (5415472.168.000) 07/14 15:01:52 Image size of job updated: 1617664
	1029  -  MemoryUsage of job (MB)
	1053344  -  ResidentSetSize of job (KB)
...
006 (5415472.168.000) 07/14 15:21:54 Image size of job updated: 1617664
	1029  -  MemoryUsage of job (MB)
	1053356  -  ResidentSetSize of job (KB)
...
006 (5415472.168.000) 07/14 15:41:57 Image size of job updated: 1617664
	1029  -  MemoryUsage of job (MB)
	1053368  -  ResidentSetSize of job (KB)
...
006 (5415472.168.000) 07/14 16:07:00 Image size of job updated: 1617664
	1029  -  MemoryUsage of job (MB)
	1053380  -  ResidentSetSize of job (KB)
...
006 (5415472.168.000) 07/14 16:27:04 Image size of job updated: 1617664
	1029  -  MemoryUsage of job (MB)
	1053392  -  ResidentSetSize of job (KB)
...
006 (5415472.168.000) 07/14 16:47:06 Image size of job updated: 1617664
	1029  -  MemoryUsage of job (MB)
	1053404  -  ResidentSetSize of job (KB)
...
006 (5415472.168.000) 07/14 17:07:07 Image size of job updated: 1617664
	1029  -  MemoryUsage of job (MB)
	1053416  -  ResidentSetSize of job (KB)
...
006 (5415472.168.000) 07/14 17:27:09 Image size of job updated: 1617664
	1029  -  MemoryUsage of job (MB)
	1053428  -  ResidentSetSize of job (KB)
...
022 (5415472.168.000) 07/14 17:47:24 Job disconnected, attempting to reconnect
    Socket between submit and execute hosts closed unexpectedly
    Trying to reconnect to slot1_17@b7s03p2602.cern.ch <128.142.58.126:9618?addrs=128.142.58.126-9618+[2001-1458-301-16--100-7d]-9618&alias=b7s03p2602.cern.ch&noUDP&sock=startd_6339_9aef>
...
023 (5415472.168.000) 07/14 17:47:24 Job reconnected to slot1_17@b7s03p2602.cern.ch
    startd address: <128.142.58.126:9618?addrs=128.142.58.126-9618+[2001-1458-301-16--100-7d]-9618&alias=b7s03p2602.cern.ch&noUDP&sock=startd_6339_9aef>
    starter address: <128.142.58.126:9618?addrs=128.142.58.126-9618+[2001-1458-301-16--100-7d]-9618&alias=b7s03p2602.cern.ch&noUDP&sock=slot1_17_6791_9fad_2677>
...
006 (5415472.168.000) 07/14 18:03:08 Image size of job updated: 1617664
	1029  -  MemoryUsage of job (MB)
	1053440  -  ResidentSetSize of job (KB)
...
006 (5415472.168.000) 07/14 18:15:42 Image size of job updated: 1617664
	1029  -  MemoryUsage of job (MB)
	1053452  -  ResidentSetSize of job (KB)
...
006 (5415472.168.000) 07/14 18:33:16 Image size of job updated: 1617664
	1029  -  MemoryUsage of job (MB)
	1053464  -  ResidentSetSize of job (KB)
...
006 (5415472.168.000) 07/14 18:53:19 Image size of job updated: 1617664
	1029  -  MemoryUsage of job (MB)
	1053476  -  ResidentSetSize of job (KB)
...
006 (5415472.168.000) 07/14 19:13:21 Image size of job updated: 1617664
	1029  -  MemoryUsage of job (MB)
	1053488  -  ResidentSetSize of job (KB)
...
006 (5415472.168.000) 07/14 19:33:24 Image size of job updated: 1617664
	1029  -  MemoryUsage of job (MB)
	1053496  -  ResidentSetSize of job (KB)
...
006 (5415472.168.000) 07/14 19:38:25 Image size of job updated: 1617664
	1029  -  MemoryUsage of job (MB)
	1053500  -  ResidentSetSize of job (KB)
...
006 (5415472.168.000) 07/14 19:58:28 Image size of job updated: 1617664
	1029  -  MemoryUsage of job (MB)
	1053512  -  ResidentSetSize of job (KB)
...
006 (5415472.168.000) 07/14 20:13:30 Image size of job updated: 1617664
	1029  -  MemoryUsage of job (MB)
	1053516  -  ResidentSetSize of job (KB)
...
006 (5415472.168.000) 07/14 20:18:31 Image size of job updated: 1617664
	1029  -  MemoryUsage of job (MB)
	1053524  -  ResidentSetSize of job (KB)
...
006 (5415472.168.000) 07/14 20:38:32 Image size of job updated: 1617664
	1029  -  MemoryUsage of job (MB)
	1053536  -  ResidentSetSize of job (KB)
...
006 (5415472.168.000) 07/14 21:00:25 Image size of job updated: 1617664
	1029  -  MemoryUsage of job (MB)
	1053548  -  ResidentSetSize of job (KB)
...
006 (5415472.168.000) 07/14 21:17:35 Image size of job updated: 1617664
	1029  -  MemoryUsage of job (MB)
	1053556  -  ResidentSetSize of job (KB)
...
006 (5415472.168.000) 07/14 21:37:35 Image size of job updated: 1617664
	1029  -  MemoryUsage of job (MB)
	1053564  -  ResidentSetSize of job (KB)
...
006 (5415472.168.000) 07/14 21:57:39 Image size of job updated: 1617664
	1029  -  MemoryUsage of job (MB)
	1053576  -  ResidentSetSize of job (KB)
...
006 (5415472.168.000) 07/14 22:17:42 Image size of job updated: 1617664
	1029  -  MemoryUsage of job (MB)
	1053588  -  ResidentSetSize of job (KB)
...
006 (5415472.168.000) 07/14 22:37:44 Image size of job updated: 1617664
	1029  -  MemoryUsage of job (MB)
	1053600  -  ResidentSetSize of job (KB)
...
006 (5415472.168.000) 07/14 23:42:48 Image size of job updated: 1617664
	1029  -  MemoryUsage of job (MB)
	1053608  -  ResidentSetSize of job (KB)
...
006 (5415472.168.000) 07/15 00:02:50 Image size of job updated: 1617664
	1029  -  MemoryUsage of job (MB)
	1053620  -  ResidentSetSize of job (KB)
...
006 (5415472.168.000) 07/15 00:22:51 Image size of job updated: 1617664
	1029  -  MemoryUsage of job (MB)
	1053632  -  ResidentSetSize of job (KB)
...
006 (5415472.168.000) 07/15 00:42:52 Image size of job updated: 1617664
	1029  -  MemoryUsage of job (MB)
	1053644  -  ResidentSetSize of job (KB)
...
006 (5415472.168.000) 07/15 01:02:54 Image size of job updated: 1617664
	1029  -  MemoryUsage of job (MB)
	1053656  -  ResidentSetSize of job (KB)
...
006 (5415472.168.000) 07/15 01:17:54 Image size of job updated: 1617664
	1029  -  MemoryUsage of job (MB)
	1053668  -  ResidentSetSize of job (KB)
...
006 (5415472.168.000) 07/15 01:37:57 Image size of job updated: 1617664
	1029  -  MemoryUsage of job (MB)
	1053680  -  ResidentSetSize of job (KB)
...
006 (5415472.168.000) 07/15 01:52:59 Image size of job updated: 1617664
	1029  -  MemoryUsage of job (MB)
	1053692  -  ResidentSetSize of job (KB)
...
006 (5415472.168.000) 07/15 02:13:01 Image size of job updated: 1617664
	1030  -  MemoryUsage of job (MB)
	1053704  -  ResidentSetSize of job (KB)
...
006 (5415472.168.000) 07/15 02:28:03 Image size of job updated: 1617664
	1030  -  MemoryUsage of job (MB)
	1053716  -  ResidentSetSize of job (KB)
...
006 (5415472.168.000) 07/15 02:43:03 Image size of job updated: 1617664
	1030  -  MemoryUsage of job (MB)
	1053728  -  ResidentSetSize of job (KB)
...
006 (5415472.168.000) 07/15 03:03:05 Image size of job updated: 1617664
	1030  -  MemoryUsage of job (MB)
	1053740  -  ResidentSetSize of job (KB)
...
006 (5415472.168.000) 07/15 03:23:07 Image size of job updated: 1617664
	1030  -  MemoryUsage of job (MB)
	1053752  -  ResidentSetSize of job (KB)
...
006 (5415472.168.000) 07/15 03:43:09 Image size of job updated: 1617664
	1030  -  MemoryUsage of job (MB)
	1053764  -  ResidentSetSize of job (KB)
...
006 (5415472.168.000) 07/15 04:03:10 Image size of job updated: 1617664
	1030  -  MemoryUsage of job (MB)
	1053776  -  ResidentSetSize of job (KB)
...
006 (5415472.168.000) 07/15 04:23:11 Image size of job updated: 1617664
	1030  -  MemoryUsage of job (MB)
	1053788  -  ResidentSetSize of job (KB)
...
006 (5415472.168.000) 07/15 04:43:12 Image size of job updated: 1617664
	1030  -  MemoryUsage of job (MB)
	1053800  -  ResidentSetSize of job (KB)
...
006 (5415472.168.000) 07/15 05:03:14 Image size of job updated: 1617664
	1030  -  MemoryUsage of job (MB)
	1053812  -  ResidentSetSize of job (KB)
...
006 (5415472.168.000) 07/15 05:23:16 Image size of job updated: 1617664
	1030  -  MemoryUsage of job (MB)
	1053824  -  ResidentSetSize of job (KB)
...
006 (5415472.168.000) 07/15 05:48:18 Image size of job updated: 1617664
	1030  -  MemoryUsage of job (MB)
	1053836  -  ResidentSetSize of job (KB)
...
006 (5415472.168.000) 07/15 06:08:20 Image size of job updated: 1617664
	1030  -  MemoryUsage of job (MB)
	1053848  -  ResidentSetSize of job (KB)
...
006 (5415472.168.000) 07/15 06:28:22 Image size of job updated: 1617664
	1030  -  MemoryUsage of job (MB)
	1053860  -  ResidentSetSize of job (KB)
...
006 (5415472.168.000) 07/15 06:53:25 Image size of job updated: 1617664
	1030  -  MemoryUsage of job (MB)
	1053872  -  ResidentSetSize of job (KB)
...
006 (5415472.168.000) 07/15 07:13:27 Image size of job updated: 1617664
	1030  -  MemoryUsage of job (MB)
	1053884  -  ResidentSetSize of job (KB)
...
006 (5415472.168.000) 07/15 07:38:31 Image size of job updated: 1617664
	1030  -  MemoryUsage of job (MB)
	1053896  -  ResidentSetSize of job (KB)
...
006 (5415472.168.000) 07/15 07:58:33 Image size of job updated: 1617664
	1030  -  MemoryUsage of job (MB)
	1053908  -  ResidentSetSize of job (KB)
...
006 (5415472.168.000) 07/15 08:23:36 Image size of job updated: 1617664
	1030  -  MemoryUsage of job (MB)
	1053920  -  ResidentSetSize of job (KB)
...
006 (5415472.168.000) 07/15 08:43:38 Image size of job updated: 1617664
	1030  -  MemoryUsage of job (MB)
	1053932  -  ResidentSetSize of job (KB)
...
006 (5415472.168.000) 07/15 09:08:41 Image size of job updated: 1617664
	1030  -  MemoryUsage of job (MB)
	1053944  -  ResidentSetSize of job (KB)
...
006 (5415472.168.000) 07/15 09:33:43 Image size of job updated: 1617664
	1030  -  MemoryUsage of job (MB)
	1053956  -  ResidentSetSize of job (KB)
...
006 (5415472.168.000) 07/15 09:58:46 Image size of job updated: 1617664
	1030  -  MemoryUsage of job (MB)
	1053968  -  ResidentSetSize of job (KB)
...
006 (5415472.168.000) 07/15 10:18:48 Image size of job updated: 1617664
	1030  -  MemoryUsage of job (MB)
	1053980  -  ResidentSetSize of job (KB)
...
006 (5415472.168.000) 07/15 10:48:53 Image size of job updated: 1617664
	1032  -  MemoryUsage of job (MB)
	1056036  -  ResidentSetSize of job (KB)
...
006 (5415472.168.000) 07/15 10:53:54 Image size of job updated: 1621760
	1032  -  MemoryUsage of job (MB)
	1056036  -  ResidentSetSize of job (KB)
...
006 (5415472.168.000) 07/15 11:08:55 Image size of job updated: 1621760
	1032  -  MemoryUsage of job (MB)
	1056044  -  ResidentSetSize of job (KB)
...
006 (5415472.168.000) 07/15 11:28:58 Image size of job updated: 1621760
	1032  -  MemoryUsage of job (MB)
	1056052  -  ResidentSetSize of job (KB)
...
006 (5415472.168.000) 07/15 11:49:00 Image size of job updated: 1621760
	1032  -  MemoryUsage of job (MB)
	1056060  -  ResidentSetSize of job (KB)
...
006 (5415472.168.000) 07/15 12:14:02 Image size of job updated: 1621760
	1032  -  MemoryUsage of job (MB)
	1056068  -  ResidentSetSize of job (KB)
...
006 (5415472.168.000) 07/15 12:34:04 Image size of job updated: 1621760
	1032  -  MemoryUsage of job (MB)
	1056076  -  ResidentSetSize of job (KB)
...
006 (5415472.168.000) 07/15 12:54:06 Image size of job updated: 1621760
	1032  -  MemoryUsage of job (MB)
	1056084  -  ResidentSetSize of job (KB)
...
006 (5415472.168.000) 07/15 13:14:09 Image size of job updated: 1621760
	1032  -  MemoryUsage of job (MB)
	1056092  -  ResidentSetSize of job (KB)
...
006 (5415472.168.000) 07/15 13:34:10 Image size of job updated: 1621760
	1032  -  MemoryUsage of job (MB)
	1056100  -  ResidentSetSize of job (KB)
...
006 (5415472.168.000) 07/15 13:54:11 Image size of job updated: 1621760
	1032  -  MemoryUsage of job (MB)
	1056108  -  ResidentSetSize of job (KB)
...
006 (5415472.168.000) 07/15 14:14:22 Image size of job updated: 1621760
	1032  -  MemoryUsage of job (MB)
	1056116  -  ResidentSetSize of job (KB)
...
006 (5415472.168.000) 07/15 14:34:24 Image size of job updated: 1621760
	1032  -  MemoryUsage of job (MB)
	1056124  -  ResidentSetSize of job (KB)
...
006 (5415472.168.000) 07/15 14:54:27 Image size of job updated: 1621760
	1032  -  MemoryUsage of job (MB)
	1056132  -  ResidentSetSize of job (KB)
...
006 (5415472.168.000) 07/15 15:14:27 Image size of job updated: 1621760
	1032  -  MemoryUsage of job (MB)
	1056140  -  ResidentSetSize of job (KB)
...
006 (5415472.168.000) 07/15 15:34:29 Image size of job updated: 1621760
	1032  -  MemoryUsage of job (MB)
	1056148  -  ResidentSetSize of job (KB)
...
006 (5415472.168.000) 07/15 15:49:30 Image size of job updated: 1621760
	1032  -  MemoryUsage of job (MB)
	1056156  -  ResidentSetSize of job (KB)
...
006 (5415472.168.000) 07/15 16:09:32 Image size of job updated: 1621760
	1032  -  MemoryUsage of job (MB)
	1056164  -  ResidentSetSize of job (KB)
...
006 (5415472.168.000) 07/15 16:29:35 Image size of job updated: 1621760
	1032  -  MemoryUsage of job (MB)
	1056172  -  ResidentSetSize of job (KB)
...
006 (5415472.168.000) 07/15 16:49:38 Image size of job updated: 1621760
	1032  -  MemoryUsage of job (MB)
	1056180  -  ResidentSetSize of job (KB)
...
006 (5415472.168.000) 07/15 17:09:40 Image size of job updated: 1621760
	1032  -  MemoryUsage of job (MB)
	1056188  -  ResidentSetSize of job (KB)
...
006 (5415472.168.000) 07/15 17:24:43 Image size of job updated: 1621760
	1032  -  MemoryUsage of job (MB)
	1056196  -  ResidentSetSize of job (KB)
...
006 (5415472.168.000) 07/15 17:49:47 Image size of job updated: 1621760
	1032  -  MemoryUsage of job (MB)
	1056204  -  ResidentSetSize of job (KB)
...
006 (5415472.168.000) 07/15 18:09:49 Image size of job updated: 1621760
	1032  -  MemoryUsage of job (MB)
	1056212  -  ResidentSetSize of job (KB)
...
006 (5415472.168.000) 07/15 18:34:51 Image size of job updated: 1621760
	1032  -  MemoryUsage of job (MB)
	1056220  -  ResidentSetSize of job (KB)
...
006 (5415472.168.000) 07/15 18:54:54 Image size of job updated: 1621760
	1032  -  MemoryUsage of job (MB)
	1056228  -  ResidentSetSize of job (KB)
...
006 (5415472.168.000) 07/15 19:14:55 Image size of job updated: 1621760
	1032  -  MemoryUsage of job (MB)
	1056236  -  ResidentSetSize of job (KB)
...
006 (5415472.168.000) 07/15 19:39:58 Image size of job updated: 1621760
	1032  -  MemoryUsage of job (MB)
	1056244  -  ResidentSetSize of job (KB)
...
006 (5415472.168.000) 07/15 20:00:00 Image size of job updated: 1621760
	1032  -  MemoryUsage of job (MB)
	1056252  -  ResidentSetSize of job (KB)
...
006 (5415472.168.000) 07/15 20:20:01 Image size of job updated: 1621760
	1032  -  MemoryUsage of job (MB)
	1056260  -  ResidentSetSize of job (KB)
...
006 (5415472.168.000) 07/15 20:45:04 Image size of job updated: 1621760
	1032  -  MemoryUsage of job (MB)
	1056268  -  ResidentSetSize of job (KB)
...
006 (5415472.168.000) 07/15 21:10:07 Image size of job updated: 1621760
	1032  -  MemoryUsage of job (MB)
	1056276  -  ResidentSetSize of job (KB)
...
006 (5415472.168.000) 07/15 21:30:10 Image size of job updated: 1621760
	1032  -  MemoryUsage of job (MB)
	1056284  -  ResidentSetSize of job (KB)
...
006 (5415472.168.000) 07/15 21:55:12 Image size of job updated: 1621760
	1032  -  MemoryUsage of job (MB)
	1056292  -  ResidentSetSize of job (KB)
...
006 (5415472.168.000) 07/15 22:15:13 Image size of job updated: 1621760
	1032  -  MemoryUsage of job (MB)
	1056300  -  ResidentSetSize of job (KB)
...
006 (5415472.168.000) 07/15 22:35:15 Image size of job updated: 1621760
	1032  -  MemoryUsage of job (MB)
	1056308  -  ResidentSetSize of job (KB)
...
006 (5415472.168.000) 07/15 23:00:17 Image size of job updated: 1621760
	1032  -  MemoryUsage of job (MB)
	1056316  -  ResidentSetSize of job (KB)
...
006 (5415472.168.000) 07/15 23:25:20 Image size of job updated: 1621760
	1032  -  MemoryUsage of job (MB)
	1056324  -  ResidentSetSize of job (KB)
...
006 (5415472.168.000) 07/15 23:45:22 Image size of job updated: 1621760
	1032  -  MemoryUsage of job (MB)
	1056332  -  ResidentSetSize of job (KB)
...
006 (5415472.168.000) 07/16 00:05:24 Image size of job updated: 1621760
	1032  -  MemoryUsage of job (MB)
	1056340  -  ResidentSetSize of job (KB)
...
006 (5415472.168.000) 07/16 00:25:26 Image size of job updated: 1621760
	1032  -  MemoryUsage of job (MB)
	1056348  -  ResidentSetSize of job (KB)
...
006 (5415472.168.000) 07/16 00:45:29 Image size of job updated: 1621760
	1032  -  MemoryUsage of job (MB)
	1056356  -  ResidentSetSize of job (KB)
...
006 (5415472.168.000) 07/16 01:10:33 Image size of job updated: 1621760
	1032  -  MemoryUsage of job (MB)
	1056364  -  ResidentSetSize of job (KB)
...
006 (5415472.168.000) 07/16 01:30:36 Image size of job updated: 1621760
	1032  -  MemoryUsage of job (MB)
	1056372  -  ResidentSetSize of job (KB)
...
006 (5415472.168.000) 07/16 01:50:37 Image size of job updated: 1621760
	1032  -  MemoryUsage of job (MB)
	1056380  -  ResidentSetSize of job (KB)
...
006 (5415472.168.000) 07/16 02:10:40 Image size of job updated: 1621760
	1032  -  MemoryUsage of job (MB)
	1056388  -  ResidentSetSize of job (KB)
...
006 (5415472.168.000) 07/16 02:30:42 Image size of job updated: 1621760
	1032  -  MemoryUsage of job (MB)
	1056396  -  ResidentSetSize of job (KB)
...
006 (5415472.168.000) 07/16 02:55:44 Image size of job updated: 1621760
	1032  -  MemoryUsage of job (MB)
	1056404  -  ResidentSetSize of job (KB)
...
006 (5415472.168.000) 07/16 03:15:45 Image size of job updated: 1621760
	1032  -  MemoryUsage of job (MB)
	1056412  -  ResidentSetSize of job (KB)
...
006 (5415472.168.000) 07/16 03:35:47 Image size of job updated: 1621760
	1032  -  MemoryUsage of job (MB)
	1056420  -  ResidentSetSize of job (KB)
...
006 (5415472.168.000) 07/16 03:55:48 Image size of job updated: 1621760
	1032  -  MemoryUsage of job (MB)
	1056428  -  ResidentSetSize of job (KB)
...
006 (5415472.168.000) 07/16 04:15:48 Image size of job updated: 1621760
	1032  -  MemoryUsage of job (MB)
	1056436  -  ResidentSetSize of job (KB)
...
006 (5415472.168.000) 07/16 04:35:51 Image size of job updated: 1621760
	1032  -  MemoryUsage of job (MB)
	1056444  -  ResidentSetSize of job (KB)
...
006 (5415472.168.000) 07/16 05:00:54 Image size of job updated: 1621760
	1032  -  MemoryUsage of job (MB)
	1056452  -  ResidentSetSize of job (KB)
...
006 (5415472.168.000) 07/16 05:25:55 Image size of job updated: 1621760
	1032  -  MemoryUsage of job (MB)
	1056460  -  ResidentSetSize of job (KB)
...
006 (5415472.168.000) 07/16 05:50:57 Image size of job updated: 1621760
	1032  -  MemoryUsage of job (MB)
	1056468  -  ResidentSetSize of job (KB)
...
006 (5415472.168.000) 07/16 06:10:57 Image size of job updated: 1621760
	1032  -  MemoryUsage of job (MB)
	1056476  -  ResidentSetSize of job (KB)
...
006 (5415472.168.000) 07/16 06:35:57 Image size of job updated: 1621760
	1032  -  MemoryUsage of job (MB)
	1056484  -  ResidentSetSize of job (KB)
...
006 (5415472.168.000) 07/16 06:55:58 Image size of job updated: 1621760
	1032  -  MemoryUsage of job (MB)
	1056492  -  ResidentSetSize of job (KB)
...
006 (5415472.168.000) 07/16 07:15:59 Image size of job updated: 1621760
	1032  -  MemoryUsage of job (MB)
	1056500  -  ResidentSetSize of job (KB)
...
006 (5415472.168.000) 07/16 07:36:01 Image size of job updated: 1621760
	1032  -  MemoryUsage of job (MB)
	1056508  -  ResidentSetSize of job (KB)
...
006 (5415472.168.000) 07/16 08:01:03 Image size of job updated: 1621760
	1032  -  MemoryUsage of job (MB)
	1056516  -  ResidentSetSize of job (KB)
...
006 (5415472.168.000) 07/16 08:21:04 Image size of job updated: 1621760
	1032  -  MemoryUsage of job (MB)
	1056524  -  ResidentSetSize of job (KB)
...
006 (5415472.168.000) 07/16 08:46:06 Image size of job updated: 1621760
	1032  -  MemoryUsage of job (MB)
	1056532  -  ResidentSetSize of job (KB)
...
006 (5415472.168.000) 07/16 09:06:08 Image size of job updated: 1621760
	1032  -  MemoryUsage of job (MB)
	1056540  -  ResidentSetSize of job (KB)
...
006 (5415472.168.000) 07/16 09:26:10 Image size of job updated: 1621760
	1032  -  MemoryUsage of job (MB)
	1056548  -  ResidentSetSize of job (KB)
...
006 (5415472.168.000) 07/16 09:51:13 Image size of job updated: 1621760
	1032  -  MemoryUsage of job (MB)
	1056556  -  ResidentSetSize of job (KB)
...
006 (5415472.168.000) 07/16 10:16:16 Image size of job updated: 1621760
	1032  -  MemoryUsage of job (MB)
	1056564  -  ResidentSetSize of job (KB)
...
006 (5415472.168.000) 07/16 10:36:17 Image size of job updated: 1621760
	1032  -  MemoryUsage of job (MB)
	1056572  -  ResidentSetSize of job (KB)
...
006 (5415472.168.000) 07/16 10:56:18 Image size of job updated: 1621760
	1032  -  MemoryUsage of job (MB)
	1056580  -  ResidentSetSize of job (KB)
...
006 (5415472.168.000) 07/16 11:21:21 Image size of job updated: 1621760
	1032  -  MemoryUsage of job (MB)
	1056588  -  ResidentSetSize of job (KB)
...
006 (5415472.168.000) 07/16 11:41:25 Image size of job updated: 1621760
	1032  -  MemoryUsage of job (MB)
	1056596  -  ResidentSetSize of job (KB)
...
006 (5415472.168.000) 07/16 12:06:27 Image size of job updated: 1621760
	1032  -  MemoryUsage of job (MB)
	1056604  -  ResidentSetSize of job (KB)
...
006 (5415472.168.000) 07/16 12:28:11 Image size of job updated: 1621760
	1032  -  MemoryUsage of job (MB)
	1056612  -  ResidentSetSize of job (KB)
...
006 (5415472.168.000) 07/16 12:44:14 Image size of job updated: 1621760
	1032  -  MemoryUsage of job (MB)
	1056620  -  ResidentSetSize of job (KB)
...
006 (5415472.168.000) 07/16 13:04:16 Image size of job updated: 1621760
	1032  -  MemoryUsage of job (MB)
	1056628  -  ResidentSetSize of job (KB)
...
006 (5415472.168.000) 07/16 13:29:20 Image size of job updated: 1621760
	1032  -  MemoryUsage of job (MB)
	1056636  -  ResidentSetSize of job (KB)
...
006 (5415472.168.000) 07/16 13:49:22 Image size of job updated: 1621760
	1032  -  MemoryUsage of job (MB)
	1056644  -  ResidentSetSize of job (KB)
...
006 (5415472.168.000) 07/16 14:09:25 Image size of job updated: 1621760
	1032  -  MemoryUsage of job (MB)
	1056652  -  ResidentSetSize of job (KB)
...
006 (5415472.168.000) 07/16 14:29:28 Image size of job updated: 1621760
	1032  -  MemoryUsage of job (MB)
	1056660  -  ResidentSetSize of job (KB)
...
006 (5415472.168.000) 07/16 14:49:32 Image size of job updated: 1621760
	1032  -  MemoryUsage of job (MB)
	1056668  -  ResidentSetSize of job (KB)
...
006 (5415472.168.000) 07/16 15:09:33 Image size of job updated: 1621760
	1032  -  MemoryUsage of job (MB)
	1056676  -  ResidentSetSize of job (KB)
...
006 (5415472.168.000) 07/16 15:29:36 Image size of job updated: 1621760
	1032  -  MemoryUsage of job (MB)
	1056684  -  ResidentSetSize of job (KB)
...
006 (5415472.168.000) 07/16 21:40:19 Image size of job updated: 1621760
	1032  -  MemoryUsage of job (MB)
	1056688  -  ResidentSetSize of job (KB)
...
006 (5415472.168.000) 07/16 23:56:40 Image size of job updated: 1660092
	1032  -  MemoryUsage of job (MB)
	1056688  -  ResidentSetSize of job (KB)
...
040 (5415472.168.000) 07/16 23:56:40 Started transferring output files
...
040 (5415472.168.000) 07/16 23:56:42 Finished transferring output files
...
005 (5415472.168.000) 07/16 23:56:43 Job terminated.
	(1) Normal termination (return value 0)
		Usr 16 15:23:31, Sys 0 00:45:32  -  Run Remote Usage
		Usr 0 00:00:00, Sys 0 00:00:00  -  Run Local Usage
		Usr 16 15:23:31, Sys 0 00:45:32  -  Total Remote Usage
		Usr 0 00:00:00, Sys 0 00:00:00  -  Total Local Usage
	36833532  -  Run Bytes Sent By Job
	803  -  Run Bytes Received By Job
	36833532  -  Total Bytes Sent By Job
	803  -  Total Bytes Received By Job
	Partitionable Resources :    Usage  Request Allocated 
	   Cpus                 :     3.11        4         4 
	   Disk (KB)            : 35996    10485760  11114794 
	   Memory (MB)          :  1032        8000      8000 

	Job terminated of its own accord at 2021-07-16T21:56:40Z.
...
