000 (5415472.175.000) 07/11 14:02:29 Job submitted from host: <137.138.156.150:9618?addrs=137.138.156.150-9618+[2001-1458-d00-14--9a]-9618&alias=bigbird13.cern.ch&noUDP&sock=schedd_1788_ff6c>
...
040 (5415472.175.000) 07/11 14:15:26 Started transferring input files
	Transferring to host: <128.142.85.42:9618?addrs=128.142.85.42-9618+[2001-1458-301-f6--100-1be]-9618&alias=b7s14n6010.cern.ch&noUDP&sock=slot1_4_4894_0400_56027>
...
040 (5415472.175.000) 07/11 14:15:31 Finished transferring input files
...
001 (5415472.175.000) 07/11 14:15:34 Job executing on host: <128.142.85.42:9618?addrs=128.142.85.42-9618+[2001-1458-301-f6--100-1be]-9618&alias=b7s14n6010.cern.ch&noUDP&sock=startd_3937_0873>
...
006 (5415472.175.000) 07/11 14:15:43 Image size of job updated: 570628
	62  -  MemoryUsage of job (MB)
	62996  -  ResidentSetSize of job (KB)
...
006 (5415472.175.000) 07/11 14:20:44 Image size of job updated: 1591072
	1004  -  MemoryUsage of job (MB)
	1027504  -  ResidentSetSize of job (KB)
...
006 (5415472.175.000) 07/13 20:21:04 Image size of job updated: 1592056
	1005  -  MemoryUsage of job (MB)
	1028368  -  ResidentSetSize of job (KB)
...
006 (5415472.175.000) 07/13 21:26:13 Image size of job updated: 1592960
	1006  -  MemoryUsage of job (MB)
	1029272  -  ResidentSetSize of job (KB)
...
006 (5415472.175.000) 07/13 22:41:22 Image size of job updated: 1593864
	1007  -  MemoryUsage of job (MB)
	1030152  -  ResidentSetSize of job (KB)
...
006 (5415472.175.000) 07/13 23:51:33 Image size of job updated: 1594772
	1007  -  MemoryUsage of job (MB)
	1031060  -  ResidentSetSize of job (KB)
...
006 (5415472.175.000) 07/14 01:01:41 Image size of job updated: 1595676
	1008  -  MemoryUsage of job (MB)
	1031964  -  ResidentSetSize of job (KB)
...
006 (5415472.175.000) 07/14 02:11:48 Image size of job updated: 1596584
	1009  -  MemoryUsage of job (MB)
	1032872  -  ResidentSetSize of job (KB)
...
006 (5415472.175.000) 07/14 03:16:57 Image size of job updated: 1597488
	1010  -  MemoryUsage of job (MB)
	1033776  -  ResidentSetSize of job (KB)
...
006 (5415472.175.000) 07/14 04:17:02 Image size of job updated: 1598392
	1011  -  MemoryUsage of job (MB)
	1034680  -  ResidentSetSize of job (KB)
...
006 (5415472.175.000) 07/14 05:17:07 Image size of job updated: 1599300
	1012  -  MemoryUsage of job (MB)
	1035588  -  ResidentSetSize of job (KB)
...
006 (5415472.175.000) 07/14 06:17:11 Image size of job updated: 1603828
	1016  -  MemoryUsage of job (MB)
	1040116  -  ResidentSetSize of job (KB)
...
006 (5415472.175.000) 07/14 18:48:31 Image size of job updated: 1606900
	1018  -  MemoryUsage of job (MB)
	1041660  -  ResidentSetSize of job (KB)
...
006 (5415472.175.000) 07/14 19:08:32 Image size of job updated: 1606900
	1018  -  MemoryUsage of job (MB)
	1041672  -  ResidentSetSize of job (KB)
...
006 (5415472.175.000) 07/14 19:43:34 Image size of job updated: 1606900
	1018  -  MemoryUsage of job (MB)
	1041684  -  ResidentSetSize of job (KB)
...
006 (5415472.175.000) 07/14 20:18:37 Image size of job updated: 1606900
	1018  -  MemoryUsage of job (MB)
	1041696  -  ResidentSetSize of job (KB)
...
007 (5415472.175.000) 07/14 21:09:18 Shadow exception!
	Assertion ERROR on (result)
	0  -  Run Bytes Sent By Job
	803  -  Run Bytes Received By Job
...
040 (5415472.175.000) 07/14 21:25:21 Started transferring input files
	Transferring to host: <128.142.57.113:9618?addrs=128.142.57.113-9618+[2001-1458-301-7--100-70]-9618&alias=b7s02p4192.cern.ch&noUDP&sock=slot1_24_6532_2283_9843>
...
040 (5415472.175.000) 07/14 21:25:22 Finished transferring input files
...
001 (5415472.175.000) 07/14 21:25:24 Job executing on host: <128.142.57.113:9618?addrs=128.142.57.113-9618+[2001-1458-301-7--100-70]-9618&alias=b7s02p4192.cern.ch&noUDP&sock=startd_6070_17f5>
...
040 (5415472.175.000) 07/19 19:52:18 Started transferring output files
...
040 (5415472.175.000) 07/19 19:52:21 Finished transferring output files
...
005 (5415472.175.000) 07/19 19:52:22 Job terminated.
	(1) Normal termination (return value 0)
		Usr 15 05:24:30, Sys 0 00:30:47  -  Run Remote Usage
		Usr 0 00:00:00, Sys 0 00:00:00  -  Run Local Usage
		Usr 24 16:25:50, Sys 0 00:33:14  -  Total Remote Usage
		Usr 0 00:00:00, Sys 0 00:00:00  -  Total Local Usage
	36622636  -  Run Bytes Sent By Job
	803  -  Run Bytes Received By Job
	36622636  -  Total Bytes Sent By Job
	1606  -  Total Bytes Received By Job
	Partitionable Resources :    Usage  Request Allocated 
	   Cpus                 :     3.06        4         4 
	   Disk (KB)            : 35792    10485760  11462137 
	   Memory (MB)          :  1221        8000      8000 

	Job terminated of its own accord at 2021-07-19T17:52:18Z.
...
