000 (5415472.134.000) 07/11 14:02:29 Job submitted from host: <137.138.156.150:9618?addrs=137.138.156.150-9618+[2001-1458-d00-14--9a]-9618&alias=bigbird13.cern.ch&noUDP&sock=schedd_1788_ff6c>
...
040 (5415472.134.000) 07/11 14:15:13 Started transferring input files
	Transferring to host: <128.142.84.65:9618?addrs=128.142.84.65-9618+[2001-1458-301-f6--100-5b1]-9618&alias=b7s14n3506.cern.ch&noUDP&sock=slot1_2_5839_da87_55925>
...
040 (5415472.134.000) 07/11 14:15:13 Finished transferring input files
...
001 (5415472.134.000) 07/11 14:15:14 Job executing on host: <128.142.84.65:9618?addrs=128.142.84.65-9618+[2001-1458-301-f6--100-5b1]-9618&alias=b7s14n3506.cern.ch&noUDP&sock=startd_4715_ad21>
...
006 (5415472.134.000) 07/11 14:15:23 Image size of job updated: 537384
	44  -  MemoryUsage of job (MB)
	44576  -  ResidentSetSize of job (KB)
...
006 (5415472.134.000) 07/11 14:20:24 Image size of job updated: 1591016
	1004  -  MemoryUsage of job (MB)
	1027460  -  ResidentSetSize of job (KB)
...
006 (5415472.134.000) 07/13 20:01:13 Image size of job updated: 1591996
	1004  -  MemoryUsage of job (MB)
	1027460  -  ResidentSetSize of job (KB)
...
006 (5415472.134.000) 07/13 21:06:17 Image size of job updated: 1592904
	1004  -  MemoryUsage of job (MB)
	1027460  -  ResidentSetSize of job (KB)
...
006 (5415472.134.000) 07/13 22:06:27 Image size of job updated: 1593808
	1004  -  MemoryUsage of job (MB)
	1027460  -  ResidentSetSize of job (KB)
...
006 (5415472.134.000) 07/13 23:11:33 Image size of job updated: 1594712
	1004  -  MemoryUsage of job (MB)
	1027460  -  ResidentSetSize of job (KB)
...
006 (5415472.134.000) 07/14 00:16:42 Image size of job updated: 1595620
	1004  -  MemoryUsage of job (MB)
	1027460  -  ResidentSetSize of job (KB)
...
006 (5415472.134.000) 07/14 01:26:48 Image size of job updated: 1596524
	1004  -  MemoryUsage of job (MB)
	1027460  -  ResidentSetSize of job (KB)
...
006 (5415472.134.000) 07/14 02:31:57 Image size of job updated: 1597432
	1004  -  MemoryUsage of job (MB)
	1027460  -  ResidentSetSize of job (KB)
...
006 (5415472.134.000) 07/14 03:42:03 Image size of job updated: 1598336
	1004  -  MemoryUsage of job (MB)
	1027460  -  ResidentSetSize of job (KB)
...
006 (5415472.134.000) 07/14 04:52:12 Image size of job updated: 1599240
	1004  -  MemoryUsage of job (MB)
	1027460  -  ResidentSetSize of job (KB)
...
006 (5415472.134.000) 07/14 05:57:16 Image size of job updated: 1600148
	1004  -  MemoryUsage of job (MB)
	1027460  -  ResidentSetSize of job (KB)
...
006 (5415472.134.000) 07/14 07:02:20 Image size of job updated: 1601052
	1004  -  MemoryUsage of job (MB)
	1027460  -  ResidentSetSize of job (KB)
...
006 (5415472.134.000) 07/14 08:02:23 Image size of job updated: 1601960
	1004  -  MemoryUsage of job (MB)
	1027460  -  ResidentSetSize of job (KB)
...
006 (5415472.134.000) 07/14 09:07:30 Image size of job updated: 1602864
	1004  -  MemoryUsage of job (MB)
	1027460  -  ResidentSetSize of job (KB)
...
006 (5415472.134.000) 07/14 10:07:38 Image size of job updated: 1603768
	1004  -  MemoryUsage of job (MB)
	1027460  -  ResidentSetSize of job (KB)
...
006 (5415472.134.000) 07/14 11:02:44 Image size of job updated: 1604676
	1004  -  MemoryUsage of job (MB)
	1027460  -  ResidentSetSize of job (KB)
...
006 (5415472.134.000) 07/14 12:07:49 Image size of job updated: 1605580
	1004  -  MemoryUsage of job (MB)
	1027460  -  ResidentSetSize of job (KB)
...
006 (5415472.134.000) 07/14 13:12:55 Image size of job updated: 1606488
	1004  -  MemoryUsage of job (MB)
	1027460  -  ResidentSetSize of job (KB)
...
006 (5415472.134.000) 07/14 14:18:03 Image size of job updated: 1607392
	1004  -  MemoryUsage of job (MB)
	1027460  -  ResidentSetSize of job (KB)
...
006 (5415472.134.000) 07/14 15:23:09 Image size of job updated: 1608296
	1004  -  MemoryUsage of job (MB)
	1027460  -  ResidentSetSize of job (KB)
...
006 (5415472.134.000) 07/14 16:28:16 Image size of job updated: 1609204
	1004  -  MemoryUsage of job (MB)
	1027460  -  ResidentSetSize of job (KB)
...
006 (5415472.134.000) 07/14 17:28:23 Image size of job updated: 1610108
	1004  -  MemoryUsage of job (MB)
	1027460  -  ResidentSetSize of job (KB)
...
006 (5415472.134.000) 07/14 17:58:26 Image size of job updated: 1613180
	1004  -  MemoryUsage of job (MB)
	1027460  -  ResidentSetSize of job (KB)
...
006 (5415472.134.000) 07/14 19:28:35 Image size of job updated: 1614088
	1004  -  MemoryUsage of job (MB)
	1027460  -  ResidentSetSize of job (KB)
...
006 (5415472.134.000) 07/14 20:33:43 Image size of job updated: 1614992
	1004  -  MemoryUsage of job (MB)
	1027460  -  ResidentSetSize of job (KB)
...
007 (5415472.134.000) 07/14 21:09:49 Shadow exception!
	Assertion ERROR on (result)
	0  -  Run Bytes Sent By Job
	803  -  Run Bytes Received By Job
...
040 (5415472.134.000) 07/14 21:25:10 Started transferring input files
	Transferring to host: <128.142.70.122:9618?addrs=128.142.70.122-9618+[2001-1458-301-52--100-12]-9618&alias=b7s10n2367.cern.ch&noUDP&sock=slot1_3_5340_4352_67251>
...
040 (5415472.134.000) 07/14 21:25:10 Finished transferring input files
...
001 (5415472.134.000) 07/14 21:25:11 Job executing on host: <128.142.70.122:9618?addrs=128.142.70.122-9618+[2001-1458-301-52--100-12]-9618&alias=b7s10n2367.cern.ch&noUDP&sock=startd_4167_cb3b>
...
022 (5415472.134.000) 07/15 19:47:03 Job disconnected, attempting to reconnect
    Socket between submit and execute hosts closed unexpectedly
    Trying to reconnect to slot1_3@b7s10n2367.cern.ch <128.142.70.122:9618?addrs=128.142.70.122-9618+[2001-1458-301-52--100-12]-9618&alias=b7s10n2367.cern.ch&noUDP&sock=startd_4167_cb3b>
...
024 (5415472.134.000) 07/15 21:17:03 Job reconnection failed
    Job disconnected too long: JobLeaseDuration (5400 seconds) expired
    Can not reconnect to slot1_3@b7s10n2367.cern.ch, rescheduling job
...
