000 (5415472.015.000) 07/11 14:02:28 Job submitted from host: <137.138.156.150:9618?addrs=137.138.156.150-9618+[2001-1458-d00-14--9a]-9618&alias=bigbird13.cern.ch&noUDP&sock=schedd_1788_ff6c>
...
040 (5415472.015.000) 07/11 14:03:20 Started transferring input files
	Transferring to host: <188.184.168.226:9618?addrs=188.184.168.226-9618+[2001-1458-301-c0--100-455]-9618&alias=b7g52n6729.cern.ch&noUDP&sock=slot1_11_6863_5ab0_64429>
...
040 (5415472.015.000) 07/11 14:03:20 Finished transferring input files
...
001 (5415472.015.000) 07/11 14:03:21 Job executing on host: <188.184.168.226:9618?addrs=188.184.168.226-9618+[2001-1458-301-c0--100-455]-9618&alias=b7g52n6729.cern.ch&noUDP&sock=startd_5422_9e97>
...
006 (5415472.015.000) 07/11 14:03:29 Image size of job updated: 107872
	46  -  MemoryUsage of job (MB)
	46888  -  ResidentSetSize of job (KB)
...
006 (5415472.015.000) 07/11 14:08:29 Image size of job updated: 1590924
	1004  -  MemoryUsage of job (MB)
	1027372  -  ResidentSetSize of job (KB)
...
006 (5415472.015.000) 07/13 15:42:37 Image size of job updated: 1591904
	1005  -  MemoryUsage of job (MB)
	1028276  -  ResidentSetSize of job (KB)
...
006 (5415472.015.000) 07/13 16:52:46 Image size of job updated: 1592812
	1006  -  MemoryUsage of job (MB)
	1029184  -  ResidentSetSize of job (KB)
...
006 (5415472.015.000) 07/13 18:02:53 Image size of job updated: 1593716
	1006  -  MemoryUsage of job (MB)
	1030088  -  ResidentSetSize of job (KB)
...
006 (5415472.015.000) 07/13 19:08:01 Image size of job updated: 1594620
	1007  -  MemoryUsage of job (MB)
	1030992  -  ResidentSetSize of job (KB)
...
006 (5415472.015.000) 07/13 20:18:10 Image size of job updated: 1595528
	1008  -  MemoryUsage of job (MB)
	1031900  -  ResidentSetSize of job (KB)
...
006 (5415472.015.000) 07/13 21:18:17 Image size of job updated: 1596432
	1009  -  MemoryUsage of job (MB)
	1032804  -  ResidentSetSize of job (KB)
...
006 (5415472.015.000) 07/13 22:28:23 Image size of job updated: 1597340
	1010  -  MemoryUsage of job (MB)
	1033712  -  ResidentSetSize of job (KB)
...
006 (5415472.015.000) 07/13 23:33:29 Image size of job updated: 1598244
	1011  -  MemoryUsage of job (MB)
	1034616  -  ResidentSetSize of job (KB)
...
006 (5415472.015.000) 07/14 00:38:35 Image size of job updated: 1599148
	1012  -  MemoryUsage of job (MB)
	1035324  -  ResidentSetSize of job (KB)
...
006 (5415472.015.000) 07/14 01:38:41 Image size of job updated: 1600056
	1012  -  MemoryUsage of job (MB)
	1035912  -  ResidentSetSize of job (KB)
...
006 (5415472.015.000) 07/14 02:38:48 Image size of job updated: 1600960
	1013  -  MemoryUsage of job (MB)
	1036816  -  ResidentSetSize of job (KB)
...
006 (5415472.015.000) 07/14 03:38:53 Image size of job updated: 1601868
	1014  -  MemoryUsage of job (MB)
	1037724  -  ResidentSetSize of job (KB)
...
006 (5415472.015.000) 07/14 04:34:00 Image size of job updated: 1602772
	1015  -  MemoryUsage of job (MB)
	1038628  -  ResidentSetSize of job (KB)
...
006 (5415472.015.000) 07/14 05:29:04 Image size of job updated: 1603680
	1016  -  MemoryUsage of job (MB)
	1039536  -  ResidentSetSize of job (KB)
...
006 (5415472.015.000) 07/14 06:34:14 Image size of job updated: 1604584
	1017  -  MemoryUsage of job (MB)
	1040440  -  ResidentSetSize of job (KB)
...
006 (5415472.015.000) 07/14 07:29:21 Image size of job updated: 1605488
	1017  -  MemoryUsage of job (MB)
	1041344  -  ResidentSetSize of job (KB)
...
006 (5415472.015.000) 07/14 08:29:26 Image size of job updated: 1606396
	1018  -  MemoryUsage of job (MB)
	1042252  -  ResidentSetSize of job (KB)
...
006 (5415472.015.000) 07/14 09:29:34 Image size of job updated: 1607300
	1019  -  MemoryUsage of job (MB)
	1043156  -  ResidentSetSize of job (KB)
...
006 (5415472.015.000) 07/14 10:24:38 Image size of job updated: 1608208
	1020  -  MemoryUsage of job (MB)
	1044064  -  ResidentSetSize of job (KB)
...
006 (5415472.015.000) 07/14 11:24:42 Image size of job updated: 1609112
	1021  -  MemoryUsage of job (MB)
	1044968  -  ResidentSetSize of job (KB)
...
006 (5415472.015.000) 07/14 12:14:45 Image size of job updated: 1610016
	1022  -  MemoryUsage of job (MB)
	1045872  -  ResidentSetSize of job (KB)
...
006 (5415472.015.000) 07/14 12:44:49 Image size of job updated: 1613088
	1023  -  MemoryUsage of job (MB)
	1047432  -  ResidentSetSize of job (KB)
...
006 (5415472.015.000) 07/14 13:14:54 Image size of job updated: 1613088
	1023  -  MemoryUsage of job (MB)
	1047444  -  ResidentSetSize of job (KB)
...
006 (5415472.015.000) 07/14 13:44:57 Image size of job updated: 1613088
	1023  -  MemoryUsage of job (MB)
	1047456  -  ResidentSetSize of job (KB)
...
040 (5415472.015.000) 07/14 13:53:18 Started transferring output files
...
040 (5415472.015.000) 07/14 13:53:18 Finished transferring output files
...
004 (5415472.015.000) 07/14 13:53:18 Job was evicted.
	(0) CPU times
		Usr 8 15:11:15, Sys 0 00:02:42  -  Run Remote Usage
		Usr 0 00:00:00, Sys 0 00:00:00  -  Run Local Usage
	96186  -  Run Bytes Sent By Job
	803  -  Run Bytes Received By Job
	Partitionable Resources :    Usage  Request Allocated 
	   Cpus                 :     3.02        4         4 
	   Disk (KB)            :   121    10485760  10740572 
	   Memory (MB)          :  1023        8000      8000 
...
040 (5415472.015.000) 07/14 21:16:21 Started transferring input files
	Transferring to host: <128.142.67.41:9618?addrs=128.142.67.41-9618+[2001-1458-301-4c--100-30b]-9618&alias=b7s09n1055.cern.ch&noUDP&sock=slot1_15_16897_3708_48116>
...
040 (5415472.015.000) 07/14 21:16:24 Finished transferring input files
...
001 (5415472.015.000) 07/14 21:16:30 Job executing on host: <128.142.67.41:9618?addrs=128.142.67.41-9618+[2001-1458-301-4c--100-30b]-9618&alias=b7s09n1055.cern.ch&noUDP&sock=startd_16749_ffd5>
...
040 (5415472.015.000) 07/18 13:37:49 Started transferring output files
...
040 (5415472.015.000) 07/18 13:37:49 Finished transferring output files
...
004 (5415472.015.000) 07/18 13:37:49 Job was evicted.
	(0) CPU times
		Usr 10 10:10:29, Sys 0 02:05:12  -  Run Remote Usage
		Usr 0 00:00:00, Sys 0 00:00:00  -  Run Local Usage
	96414  -  Run Bytes Sent By Job
	96989  -  Run Bytes Received By Job
	Partitionable Resources :    Usage  Request Allocated 
	   Cpus                 :     3.12        4         4 
	   Disk (KB)            :   123    10485760  12605629 
	   Memory (MB)          :  1221        8000      8000 
...
