000 (5415472.427.000) 07/11 14:02:30 Job submitted from host: <137.138.156.150:9618?addrs=137.138.156.150-9618+[2001-1458-d00-14--9a]-9618&alias=bigbird13.cern.ch&noUDP&sock=schedd_1788_ff6c>
...
040 (5415472.427.000) 07/12 05:35:51 Started transferring input files
	Transferring to host: <128.142.80.61:9618?addrs=128.142.80.61-9618+[2001-1458-301-f5--100-318]-9618&alias=b7s13n1384.cern.ch&noUDP&sock=slot1_2_5996_796d_68387>
...
040 (5415472.427.000) 07/12 05:35:51 Finished transferring input files
...
001 (5415472.427.000) 07/12 05:35:52 Job executing on host: <128.142.80.61:9618?addrs=128.142.80.61-9618+[2001-1458-301-f5--100-318]-9618&alias=b7s13n1384.cern.ch&noUDP&sock=startd_4830_8e86>
...
006 (5415472.427.000) 07/12 05:36:01 Image size of job updated: 128860
	67  -  MemoryUsage of job (MB)
	67852  -  ResidentSetSize of job (KB)
...
006 (5415472.427.000) 07/12 05:41:01 Image size of job updated: 1590952
	1004  -  MemoryUsage of job (MB)
	1027392  -  ResidentSetSize of job (KB)
...
006 (5415472.427.000) 07/14 08:42:43 Image size of job updated: 1591932
	1005  -  MemoryUsage of job (MB)
	1028296  -  ResidentSetSize of job (KB)
...
006 (5415472.427.000) 07/14 09:32:49 Image size of job updated: 1592840
	1006  -  MemoryUsage of job (MB)
	1029204  -  ResidentSetSize of job (KB)
...
006 (5415472.427.000) 07/14 10:27:53 Image size of job updated: 1593744
	1006  -  MemoryUsage of job (MB)
	1030108  -  ResidentSetSize of job (KB)
...
006 (5415472.427.000) 07/14 11:12:58 Image size of job updated: 1594648
	1007  -  MemoryUsage of job (MB)
	1031012  -  ResidentSetSize of job (KB)
...
006 (5415472.427.000) 07/14 12:08:04 Image size of job updated: 1595556
	1008  -  MemoryUsage of job (MB)
	1031920  -  ResidentSetSize of job (KB)
...
006 (5415472.427.000) 07/14 12:58:12 Image size of job updated: 1596460
	1009  -  MemoryUsage of job (MB)
	1032824  -  ResidentSetSize of job (KB)
...
006 (5415472.427.000) 07/14 13:53:17 Image size of job updated: 1597368
	1010  -  MemoryUsage of job (MB)
	1033732  -  ResidentSetSize of job (KB)
...
006 (5415472.427.000) 07/14 14:43:22 Image size of job updated: 1598272
	1011  -  MemoryUsage of job (MB)
	1034636  -  ResidentSetSize of job (KB)
...
006 (5415472.427.000) 07/14 15:38:28 Image size of job updated: 1599176
	1012  -  MemoryUsage of job (MB)
	1035540  -  ResidentSetSize of job (KB)
...
006 (5415472.427.000) 07/14 16:28:32 Image size of job updated: 1600084
	1013  -  MemoryUsage of job (MB)
	1036448  -  ResidentSetSize of job (KB)
...
006 (5415472.427.000) 07/14 17:23:38 Image size of job updated: 1600988
	1013  -  MemoryUsage of job (MB)
	1036448  -  ResidentSetSize of job (KB)
...
006 (5415472.427.000) 07/14 18:13:43 Image size of job updated: 1601896
	1013  -  MemoryUsage of job (MB)
	1036448  -  ResidentSetSize of job (KB)
...
006 (5415472.427.000) 07/14 19:03:46 Image size of job updated: 1601896
	1013  -  MemoryUsage of job (MB)
	1037180  -  ResidentSetSize of job (KB)
...
006 (5415472.427.000) 07/14 19:08:47 Image size of job updated: 1602800
	1013  -  MemoryUsage of job (MB)
	1037180  -  ResidentSetSize of job (KB)
...
006 (5415472.427.000) 07/14 20:03:54 Image size of job updated: 1603708
	1014  -  MemoryUsage of job (MB)
	1038088  -  ResidentSetSize of job (KB)
...
007 (5415472.427.000) 07/14 21:11:18 Shadow exception!
	Assertion ERROR on (result)
	0  -  Run Bytes Sent By Job
	803  -  Run Bytes Received By Job
...
