000 (5415472.011.000) 07/11 14:02:28 Job submitted from host: <137.138.156.150:9618?addrs=137.138.156.150-9618+[2001-1458-d00-14--9a]-9618&alias=bigbird13.cern.ch&noUDP&sock=schedd_1788_ff6c>
...
040 (5415472.011.000) 07/11 14:03:18 Started transferring input files
	Transferring to host: <188.184.168.140:9618?addrs=188.184.168.140-9618+[2001-1458-301-c0--100-4d3]-9618&alias=b7g52n4738.cern.ch&noUDP&sock=slot1_11_5938_9bab_118931>
...
040 (5415472.011.000) 07/11 14:03:18 Finished transferring input files
...
001 (5415472.011.000) 07/11 14:03:19 Job executing on host: <188.184.168.140:9618?addrs=188.184.168.140-9618+[2001-1458-301-c0--100-4d3]-9618&alias=b7g52n4738.cern.ch&noUDP&sock=startd_17230_ece3>
...
006 (5415472.011.000) 07/11 14:03:28 Image size of job updated: 633992
	195  -  MemoryUsage of job (MB)
	198908  -  ResidentSetSize of job (KB)
...
006 (5415472.011.000) 07/11 14:08:29 Image size of job updated: 1590940
	1004  -  MemoryUsage of job (MB)
	1027392  -  ResidentSetSize of job (KB)
...
006 (5415472.011.000) 07/13 17:14:12 Image size of job updated: 1591924
	1005  -  MemoryUsage of job (MB)
	1028248  -  ResidentSetSize of job (KB)
...
006 (5415472.011.000) 07/13 18:16:33 Image size of job updated: 1592828
	1006  -  MemoryUsage of job (MB)
	1029152  -  ResidentSetSize of job (KB)
...
006 (5415472.011.000) 07/13 19:21:43 Image size of job updated: 1593736
	1006  -  MemoryUsage of job (MB)
	1030060  -  ResidentSetSize of job (KB)
...
006 (5415472.011.000) 07/13 20:26:50 Image size of job updated: 1594640
	1007  -  MemoryUsage of job (MB)
	1030964  -  ResidentSetSize of job (KB)
...
006 (5415472.011.000) 07/13 21:36:54 Image size of job updated: 1595544
	1008  -  MemoryUsage of job (MB)
	1031868  -  ResidentSetSize of job (KB)
...
006 (5415472.011.000) 07/13 22:41:58 Image size of job updated: 1596452
	1009  -  MemoryUsage of job (MB)
	1032776  -  ResidentSetSize of job (KB)
...
006 (5415472.011.000) 07/13 23:42:04 Image size of job updated: 1597356
	1010  -  MemoryUsage of job (MB)
	1033680  -  ResidentSetSize of job (KB)
...
006 (5415472.011.000) 07/14 00:42:12 Image size of job updated: 1598264
	1011  -  MemoryUsage of job (MB)
	1034588  -  ResidentSetSize of job (KB)
...
006 (5415472.011.000) 07/14 01:42:18 Image size of job updated: 1599168
	1012  -  MemoryUsage of job (MB)
	1035492  -  ResidentSetSize of job (KB)
...
006 (5415472.011.000) 07/14 02:47:25 Image size of job updated: 1600072
	1013  -  MemoryUsage of job (MB)
	1036396  -  ResidentSetSize of job (KB)
...
006 (5415472.011.000) 07/14 03:47:33 Image size of job updated: 1600980
	1013  -  MemoryUsage of job (MB)
	1037304  -  ResidentSetSize of job (KB)
...
006 (5415472.011.000) 07/14 04:47:41 Image size of job updated: 1601884
	1014  -  MemoryUsage of job (MB)
	1038208  -  ResidentSetSize of job (KB)
...
006 (5415472.011.000) 07/14 05:47:49 Image size of job updated: 1602792
	1015  -  MemoryUsage of job (MB)
	1039116  -  ResidentSetSize of job (KB)
...
006 (5415472.011.000) 07/14 06:47:54 Image size of job updated: 1603696
	1016  -  MemoryUsage of job (MB)
	1040020  -  ResidentSetSize of job (KB)
...
006 (5415472.011.000) 07/14 07:38:00 Image size of job updated: 1604604
	1017  -  MemoryUsage of job (MB)
	1040928  -  ResidentSetSize of job (KB)
...
006 (5415472.011.000) 07/14 08:28:03 Image size of job updated: 1605508
	1018  -  MemoryUsage of job (MB)
	1041832  -  ResidentSetSize of job (KB)
...
006 (5415472.011.000) 07/14 09:23:06 Image size of job updated: 1606412
	1019  -  MemoryUsage of job (MB)
	1042736  -  ResidentSetSize of job (KB)
...
006 (5415472.011.000) 07/14 10:08:09 Image size of job updated: 1607320
	1020  -  MemoryUsage of job (MB)
	1043644  -  ResidentSetSize of job (KB)
...
006 (5415472.011.000) 07/14 10:58:12 Image size of job updated: 1608224
	1021  -  MemoryUsage of job (MB)
	1044548  -  ResidentSetSize of job (KB)
...
006 (5415472.011.000) 07/14 11:48:17 Image size of job updated: 1609132
	1021  -  MemoryUsage of job (MB)
	1045456  -  ResidentSetSize of job (KB)
...
006 (5415472.011.000) 07/14 12:43:23 Image size of job updated: 1610036
	1022  -  MemoryUsage of job (MB)
	1046360  -  ResidentSetSize of job (KB)
...
006 (5415472.011.000) 07/14 13:08:26 Image size of job updated: 1613108
	1024  -  MemoryUsage of job (MB)
	1047908  -  ResidentSetSize of job (KB)
...
006 (5415472.011.000) 07/14 14:28:36 Image size of job updated: 1614012
	1024  -  MemoryUsage of job (MB)
	1047908  -  ResidentSetSize of job (KB)
...
006 (5415472.011.000) 07/14 15:23:41 Image size of job updated: 1614920
	1024  -  MemoryUsage of job (MB)
	1047908  -  ResidentSetSize of job (KB)
...
006 (5415472.011.000) 07/14 16:18:47 Image size of job updated: 1615824
	1024  -  MemoryUsage of job (MB)
	1047908  -  ResidentSetSize of job (KB)
...
006 (5415472.011.000) 07/14 17:23:51 Image size of job updated: 1616732
	1024  -  MemoryUsage of job (MB)
	1047908  -  ResidentSetSize of job (KB)
...
006 (5415472.011.000) 07/14 18:28:57 Image size of job updated: 1617636
	1024  -  MemoryUsage of job (MB)
	1047908  -  ResidentSetSize of job (KB)
...
006 (5415472.011.000) 07/14 19:34:05 Image size of job updated: 1618540
	1024  -  MemoryUsage of job (MB)
	1047908  -  ResidentSetSize of job (KB)
...
006 (5415472.011.000) 07/14 20:34:12 Image size of job updated: 1623068
	1024  -  MemoryUsage of job (MB)
	1047908  -  ResidentSetSize of job (KB)
...
007 (5415472.011.000) 07/14 21:09:55 Shadow exception!
	Assertion ERROR on (result)
	0  -  Run Bytes Sent By Job
	803  -  Run Bytes Received By Job
...
040 (5415472.011.000) 07/14 21:16:20 Started transferring input files
	Transferring to host: <128.142.67.41:9618?addrs=128.142.67.41-9618+[2001-1458-301-4c--100-30b]-9618&alias=b7s09n1055.cern.ch&noUDP&sock=slot1_6_16897_3708_48115>
...
040 (5415472.011.000) 07/14 21:16:23 Finished transferring input files
...
001 (5415472.011.000) 07/14 21:16:24 Job executing on host: <128.142.67.41:9618?addrs=128.142.67.41-9618+[2001-1458-301-4c--100-30b]-9618&alias=b7s09n1055.cern.ch&noUDP&sock=startd_16749_ffd5>
...
