000 (5415472.454.000) 07/11 14:02:30 Job submitted from host: <137.138.156.150:9618?addrs=137.138.156.150-9618+[2001-1458-d00-14--9a]-9618&alias=bigbird13.cern.ch&noUDP&sock=schedd_1788_ff6c>
...
040 (5415472.454.000) 07/12 07:29:41 Started transferring input files
	Transferring to host: <128.142.82.36:9618?addrs=128.142.82.36-9618+[2001-1458-301-f5--100-446]-9618&alias=b7s13n5864.cern.ch&noUDP&sock=slot1_12_4132_1e21_61359>
...
040 (5415472.454.000) 07/12 07:29:41 Finished transferring input files
...
001 (5415472.454.000) 07/12 07:29:42 Job executing on host: <128.142.82.36:9618?addrs=128.142.82.36-9618+[2001-1458-301-f5--100-446]-9618&alias=b7s13n5864.cern.ch&noUDP&sock=startd_3473_c481>
...
006 (5415472.454.000) 07/12 07:29:51 Image size of job updated: 479064
	131  -  MemoryUsage of job (MB)
	133424  -  ResidentSetSize of job (KB)
...
006 (5415472.454.000) 07/12 07:34:51 Image size of job updated: 1591016
	1004  -  MemoryUsage of job (MB)
	1027460  -  ResidentSetSize of job (KB)
...
006 (5415472.454.000) 07/14 12:25:40 Image size of job updated: 1592000
	1004  -  MemoryUsage of job (MB)
	1027460  -  ResidentSetSize of job (KB)
...
006 (5415472.454.000) 07/14 13:25:46 Image size of job updated: 1592904
	1004  -  MemoryUsage of job (MB)
	1027460  -  ResidentSetSize of job (KB)
...
006 (5415472.454.000) 07/14 14:35:50 Image size of job updated: 1593808
	1004  -  MemoryUsage of job (MB)
	1027460  -  ResidentSetSize of job (KB)
...
006 (5415472.454.000) 07/14 15:40:55 Image size of job updated: 1594716
	1004  -  MemoryUsage of job (MB)
	1027460  -  ResidentSetSize of job (KB)
...
006 (5415472.454.000) 07/14 16:46:00 Image size of job updated: 1595620
	1004  -  MemoryUsage of job (MB)
	1027460  -  ResidentSetSize of job (KB)
...
006 (5415472.454.000) 07/14 17:56:08 Image size of job updated: 1596528
	1004  -  MemoryUsage of job (MB)
	1027460  -  ResidentSetSize of job (KB)
...
006 (5415472.454.000) 07/14 19:01:13 Image size of job updated: 1597432
	1004  -  MemoryUsage of job (MB)
	1027460  -  ResidentSetSize of job (KB)
...
006 (5415472.454.000) 07/14 20:11:22 Image size of job updated: 1598336
	1004  -  MemoryUsage of job (MB)
	1027460  -  ResidentSetSize of job (KB)
...
007 (5415472.454.000) 07/14 21:12:31 Shadow exception!
	Assertion ERROR on (result)
	0  -  Run Bytes Sent By Job
	803  -  Run Bytes Received By Job
...
