000 (5415472.376.000) 07/11 14:02:29 Job submitted from host: <137.138.156.150:9618?addrs=137.138.156.150-9618+[2001-1458-d00-14--9a]-9618&alias=bigbird13.cern.ch&noUDP&sock=schedd_1788_ff6c>
...
040 (5415472.376.000) 07/11 16:03:48 Started transferring input files
	Transferring to host: <188.184.168.51:9618?addrs=188.184.168.51-9618+[2001-1458-301-c0--100-124]-9618&alias=b7g52n9790.cern.ch&noUDP&sock=slot1_6_23507_8ed5_114300>
...
040 (5415472.376.000) 07/11 16:03:48 Finished transferring input files
...
001 (5415472.376.000) 07/11 16:03:49 Job executing on host: <188.184.168.51:9618?addrs=188.184.168.51-9618+[2001-1458-301-c0--100-124]-9618&alias=b7g52n9790.cern.ch&noUDP&sock=startd_17520_d75a>
...
006 (5415472.376.000) 07/11 16:03:58 Image size of job updated: 111732
	50  -  MemoryUsage of job (MB)
	50724  -  ResidentSetSize of job (KB)
...
006 (5415472.376.000) 07/11 16:08:58 Image size of job updated: 1590952
	1004  -  MemoryUsage of job (MB)
	1027400  -  ResidentSetSize of job (KB)
...
006 (5415472.376.000) 07/13 03:42:48 Image size of job updated: 1591932
	1005  -  MemoryUsage of job (MB)
	1028304  -  ResidentSetSize of job (KB)
...
006 (5415472.376.000) 07/13 04:22:52 Image size of job updated: 1592840
	1006  -  MemoryUsage of job (MB)
	1029212  -  ResidentSetSize of job (KB)
...
006 (5415472.376.000) 07/13 05:07:56 Image size of job updated: 1593744
	1006  -  MemoryUsage of job (MB)
	1030116  -  ResidentSetSize of job (KB)
...
006 (5415472.376.000) 07/13 05:53:01 Image size of job updated: 1594652
	1007  -  MemoryUsage of job (MB)
	1031024  -  ResidentSetSize of job (KB)
...
006 (5415472.376.000) 07/13 06:38:06 Image size of job updated: 1595556
	1008  -  MemoryUsage of job (MB)
	1031928  -  ResidentSetSize of job (KB)
...
006 (5415472.376.000) 07/13 07:23:12 Image size of job updated: 1596460
	1009  -  MemoryUsage of job (MB)
	1032832  -  ResidentSetSize of job (KB)
...
006 (5415472.376.000) 07/13 08:08:17 Image size of job updated: 1597368
	1010  -  MemoryUsage of job (MB)
	1033740  -  ResidentSetSize of job (KB)
...
006 (5415472.376.000) 07/13 08:53:21 Image size of job updated: 1598272
	1011  -  MemoryUsage of job (MB)
	1034644  -  ResidentSetSize of job (KB)
...
006 (5415472.376.000) 07/13 09:38:26 Image size of job updated: 1599180
	1012  -  MemoryUsage of job (MB)
	1035552  -  ResidentSetSize of job (KB)
...
006 (5415472.376.000) 07/13 10:23:34 Image size of job updated: 1600084
	1013  -  MemoryUsage of job (MB)
	1036456  -  ResidentSetSize of job (KB)
...
006 (5415472.376.000) 07/13 11:03:37 Image size of job updated: 1600992
	1014  -  MemoryUsage of job (MB)
	1037360  -  ResidentSetSize of job (KB)
...
006 (5415472.376.000) 07/13 11:48:33 Image size of job updated: 1601896
	1014  -  MemoryUsage of job (MB)
	1038268  -  ResidentSetSize of job (KB)
...
006 (5415472.376.000) 07/13 12:28:34 Image size of job updated: 1602800
	1015  -  MemoryUsage of job (MB)
	1039172  -  ResidentSetSize of job (KB)
...
006 (5415472.376.000) 07/13 13:13:40 Image size of job updated: 1603708
	1016  -  MemoryUsage of job (MB)
	1040080  -  ResidentSetSize of job (KB)
...
006 (5415472.376.000) 07/13 13:53:45 Image size of job updated: 1604612
	1017  -  MemoryUsage of job (MB)
	1040984  -  ResidentSetSize of job (KB)
...
006 (5415472.376.000) 07/13 14:33:50 Image size of job updated: 1605520
	1018  -  MemoryUsage of job (MB)
	1041892  -  ResidentSetSize of job (KB)
...
006 (5415472.376.000) 07/13 15:18:55 Image size of job updated: 1606424
	1019  -  MemoryUsage of job (MB)
	1042796  -  ResidentSetSize of job (KB)
...
006 (5415472.376.000) 07/13 16:03:59 Image size of job updated: 1607328
	1020  -  MemoryUsage of job (MB)
	1043700  -  ResidentSetSize of job (KB)
...
006 (5415472.376.000) 07/13 16:44:06 Image size of job updated: 1608236
	1021  -  MemoryUsage of job (MB)
	1044608  -  ResidentSetSize of job (KB)
...
006 (5415472.376.000) 07/13 17:32:27 Image size of job updated: 1609140
	1022  -  MemoryUsage of job (MB)
	1045512  -  ResidentSetSize of job (KB)
...
006 (5415472.376.000) 07/13 18:10:06 Image size of job updated: 1610048
	1022  -  MemoryUsage of job (MB)
	1046420  -  ResidentSetSize of job (KB)
...
006 (5415472.376.000) 07/13 18:30:07 Image size of job updated: 1613120
	1024  -  MemoryUsage of job (MB)
	1047968  -  ResidentSetSize of job (KB)
...
006 (5415472.376.000) 07/13 18:50:11 Image size of job updated: 1613120
	1024  -  MemoryUsage of job (MB)
	1047980  -  ResidentSetSize of job (KB)
...
006 (5415472.376.000) 07/13 19:15:13 Image size of job updated: 1613120
	1024  -  MemoryUsage of job (MB)
	1047992  -  ResidentSetSize of job (KB)
...
006 (5415472.376.000) 07/13 19:35:16 Image size of job updated: 1617648
	1028  -  MemoryUsage of job (MB)
	1052532  -  ResidentSetSize of job (KB)
...
006 (5415472.376.000) 07/13 19:55:20 Image size of job updated: 1617648
	1028  -  MemoryUsage of job (MB)
	1052544  -  ResidentSetSize of job (KB)
...
006 (5415472.376.000) 07/13 20:20:22 Image size of job updated: 1617648
	1028  -  MemoryUsage of job (MB)
	1052556  -  ResidentSetSize of job (KB)
...
006 (5415472.376.000) 07/13 20:40:24 Image size of job updated: 1617648
	1028  -  MemoryUsage of job (MB)
	1052568  -  ResidentSetSize of job (KB)
...
006 (5415472.376.000) 07/13 21:05:24 Image size of job updated: 1617648
	1028  -  MemoryUsage of job (MB)
	1052580  -  ResidentSetSize of job (KB)
...
006 (5415472.376.000) 07/13 21:25:26 Image size of job updated: 1617648
	1028  -  MemoryUsage of job (MB)
	1052592  -  ResidentSetSize of job (KB)
...
006 (5415472.376.000) 07/13 21:50:28 Image size of job updated: 1617648
	1028  -  MemoryUsage of job (MB)
	1052604  -  ResidentSetSize of job (KB)
...
006 (5415472.376.000) 07/13 22:10:31 Image size of job updated: 1617648
	1028  -  MemoryUsage of job (MB)
	1052616  -  ResidentSetSize of job (KB)
...
006 (5415472.376.000) 07/13 22:35:33 Image size of job updated: 1617648
	1028  -  MemoryUsage of job (MB)
	1052628  -  ResidentSetSize of job (KB)
...
006 (5415472.376.000) 07/13 23:00:35 Image size of job updated: 1617648
	1028  -  MemoryUsage of job (MB)
	1052640  -  ResidentSetSize of job (KB)
...
006 (5415472.376.000) 07/13 23:25:37 Image size of job updated: 1617648
	1028  -  MemoryUsage of job (MB)
	1052652  -  ResidentSetSize of job (KB)
...
006 (5415472.376.000) 07/13 23:50:39 Image size of job updated: 1617648
	1028  -  MemoryUsage of job (MB)
	1052664  -  ResidentSetSize of job (KB)
...
006 (5415472.376.000) 07/14 00:10:42 Image size of job updated: 1617648
	1029  -  MemoryUsage of job (MB)
	1052676  -  ResidentSetSize of job (KB)
...
006 (5415472.376.000) 07/14 00:35:43 Image size of job updated: 1617648
	1029  -  MemoryUsage of job (MB)
	1052688  -  ResidentSetSize of job (KB)
...
006 (5415472.376.000) 07/14 01:00:44 Image size of job updated: 1617648
	1029  -  MemoryUsage of job (MB)
	1052700  -  ResidentSetSize of job (KB)
...
006 (5415472.376.000) 07/14 01:25:48 Image size of job updated: 1617648
	1029  -  MemoryUsage of job (MB)
	1052712  -  ResidentSetSize of job (KB)
...
006 (5415472.376.000) 07/14 01:50:50 Image size of job updated: 1617648
	1029  -  MemoryUsage of job (MB)
	1052724  -  ResidentSetSize of job (KB)
...
006 (5415472.376.000) 07/14 02:15:53 Image size of job updated: 1617648
	1029  -  MemoryUsage of job (MB)
	1052736  -  ResidentSetSize of job (KB)
...
006 (5415472.376.000) 07/14 02:40:55 Image size of job updated: 1617648
	1029  -  MemoryUsage of job (MB)
	1052748  -  ResidentSetSize of job (KB)
...
006 (5415472.376.000) 07/14 03:05:59 Image size of job updated: 1617648
	1029  -  MemoryUsage of job (MB)
	1052760  -  ResidentSetSize of job (KB)
...
006 (5415472.376.000) 07/14 03:26:00 Image size of job updated: 1617648
	1029  -  MemoryUsage of job (MB)
	1052772  -  ResidentSetSize of job (KB)
...
006 (5415472.376.000) 07/14 03:51:03 Image size of job updated: 1617648
	1029  -  MemoryUsage of job (MB)
	1052784  -  ResidentSetSize of job (KB)
...
006 (5415472.376.000) 07/14 04:16:06 Image size of job updated: 1617648
	1029  -  MemoryUsage of job (MB)
	1052796  -  ResidentSetSize of job (KB)
...
006 (5415472.376.000) 07/14 04:41:07 Image size of job updated: 1617648
	1029  -  MemoryUsage of job (MB)
	1052808  -  ResidentSetSize of job (KB)
...
006 (5415472.376.000) 07/14 05:01:09 Image size of job updated: 1617648
	1029  -  MemoryUsage of job (MB)
	1052820  -  ResidentSetSize of job (KB)
...
006 (5415472.376.000) 07/14 05:26:11 Image size of job updated: 1617648
	1029  -  MemoryUsage of job (MB)
	1052832  -  ResidentSetSize of job (KB)
...
006 (5415472.376.000) 07/14 05:51:14 Image size of job updated: 1617648
	1029  -  MemoryUsage of job (MB)
	1052844  -  ResidentSetSize of job (KB)
...
006 (5415472.376.000) 07/14 06:11:16 Image size of job updated: 1617648
	1029  -  MemoryUsage of job (MB)
	1052852  -  ResidentSetSize of job (KB)
...
006 (5415472.376.000) 07/14 06:16:16 Image size of job updated: 1617648
	1029  -  MemoryUsage of job (MB)
	1052856  -  ResidentSetSize of job (KB)
...
006 (5415472.376.000) 07/14 06:41:17 Image size of job updated: 1617648
	1029  -  MemoryUsage of job (MB)
	1052868  -  ResidentSetSize of job (KB)
...
006 (5415472.376.000) 07/14 07:06:20 Image size of job updated: 1617648
	1029  -  MemoryUsage of job (MB)
	1052880  -  ResidentSetSize of job (KB)
...
006 (5415472.376.000) 07/14 07:26:22 Image size of job updated: 1617648
	1029  -  MemoryUsage of job (MB)
	1052892  -  ResidentSetSize of job (KB)
...
006 (5415472.376.000) 07/14 07:51:23 Image size of job updated: 1617648
	1029  -  MemoryUsage of job (MB)
	1052904  -  ResidentSetSize of job (KB)
...
006 (5415472.376.000) 07/14 08:16:28 Image size of job updated: 1617648
	1029  -  MemoryUsage of job (MB)
	1052916  -  ResidentSetSize of job (KB)
...
006 (5415472.376.000) 07/14 08:36:31 Image size of job updated: 1617648
	1029  -  MemoryUsage of job (MB)
	1052928  -  ResidentSetSize of job (KB)
...
006 (5415472.376.000) 07/14 09:01:32 Image size of job updated: 1617648
	1029  -  MemoryUsage of job (MB)
	1052940  -  ResidentSetSize of job (KB)
...
006 (5415472.376.000) 07/14 09:26:34 Image size of job updated: 1617648
	1029  -  MemoryUsage of job (MB)
	1052952  -  ResidentSetSize of job (KB)
...
006 (5415472.376.000) 07/14 09:51:35 Image size of job updated: 1617648
	1029  -  MemoryUsage of job (MB)
	1052964  -  ResidentSetSize of job (KB)
...
006 (5415472.376.000) 07/14 10:11:36 Image size of job updated: 1617648
	1029  -  MemoryUsage of job (MB)
	1052976  -  ResidentSetSize of job (KB)
...
006 (5415472.376.000) 07/14 10:36:38 Image size of job updated: 1617648
	1029  -  MemoryUsage of job (MB)
	1052988  -  ResidentSetSize of job (KB)
...
006 (5415472.376.000) 07/14 11:01:40 Image size of job updated: 1617648
	1029  -  MemoryUsage of job (MB)
	1053000  -  ResidentSetSize of job (KB)
...
006 (5415472.376.000) 07/14 11:26:43 Image size of job updated: 1617648
	1029  -  MemoryUsage of job (MB)
	1053012  -  ResidentSetSize of job (KB)
...
006 (5415472.376.000) 07/14 11:46:45 Image size of job updated: 1617648
	1029  -  MemoryUsage of job (MB)
	1053024  -  ResidentSetSize of job (KB)
...
006 (5415472.376.000) 07/14 12:11:47 Image size of job updated: 1617648
	1029  -  MemoryUsage of job (MB)
	1053036  -  ResidentSetSize of job (KB)
...
006 (5415472.376.000) 07/14 12:36:52 Image size of job updated: 1617648
	1029  -  MemoryUsage of job (MB)
	1053048  -  ResidentSetSize of job (KB)
...
006 (5415472.376.000) 07/14 13:01:53 Image size of job updated: 1617648
	1029  -  MemoryUsage of job (MB)
	1053060  -  ResidentSetSize of job (KB)
...
006 (5415472.376.000) 07/14 13:26:56 Image size of job updated: 1617648
	1029  -  MemoryUsage of job (MB)
	1053072  -  ResidentSetSize of job (KB)
...
006 (5415472.376.000) 07/14 13:51:58 Image size of job updated: 1617648
	1029  -  MemoryUsage of job (MB)
	1053084  -  ResidentSetSize of job (KB)
...
006 (5415472.376.000) 07/14 14:11:59 Image size of job updated: 1617648
	1029  -  MemoryUsage of job (MB)
	1053096  -  ResidentSetSize of job (KB)
...
006 (5415472.376.000) 07/14 14:42:01 Image size of job updated: 1617648
	1029  -  MemoryUsage of job (MB)
	1053108  -  ResidentSetSize of job (KB)
...
006 (5415472.376.000) 07/14 15:02:02 Image size of job updated: 1617648
	1029  -  MemoryUsage of job (MB)
	1053116  -  ResidentSetSize of job (KB)
...
006 (5415472.376.000) 07/14 15:07:03 Image size of job updated: 1617648
	1029  -  MemoryUsage of job (MB)
	1053120  -  ResidentSetSize of job (KB)
...
006 (5415472.376.000) 07/14 15:27:04 Image size of job updated: 1617648
	1029  -  MemoryUsage of job (MB)
	1053128  -  ResidentSetSize of job (KB)
...
006 (5415472.376.000) 07/14 15:32:04 Image size of job updated: 1617648
	1029  -  MemoryUsage of job (MB)
	1053132  -  ResidentSetSize of job (KB)
...
006 (5415472.376.000) 07/14 15:52:04 Image size of job updated: 1617648
	1029  -  MemoryUsage of job (MB)
	1053144  -  ResidentSetSize of job (KB)
...
040 (5415472.376.000) 07/14 22:33:40 Started transferring output files
...
040 (5415472.376.000) 07/14 22:33:40 Finished transferring output files
...
004 (5415472.376.000) 07/14 22:33:41 Job was evicted.
	(0) CPU times
		Usr 9 20:57:28, Sys 0 00:02:13  -  Run Remote Usage
		Usr 0 00:00:00, Sys 0 00:00:00  -  Run Local Usage
	96185  -  Run Bytes Sent By Job
	803  -  Run Bytes Received By Job
	Partitionable Resources :    Usage  Request Allocated 
	   Cpus                 :     3.02        4         4 
	   Disk (KB)            :   120    10485760  10824833 
	   Memory (MB)          :  1029        8000      8000 
...
