000 (5415472.017.000) 07/11 14:02:28 Job submitted from host: <137.138.156.150:9618?addrs=137.138.156.150-9618+[2001-1458-d00-14--9a]-9618&alias=bigbird13.cern.ch&noUDP&sock=schedd_1788_ff6c>
...
040 (5415472.017.000) 07/11 14:03:37 Started transferring input files
	Transferring to host: <188.184.169.111:9618?addrs=188.184.169.111-9618+[2001-1458-301-c0--100-3a1]-9618&alias=b7g52n0652.cern.ch&noUDP&sock=slot1_2_7429_2707_133375>
...
040 (5415472.017.000) 07/11 14:03:37 Finished transferring input files
...
001 (5415472.017.000) 07/11 14:03:38 Job executing on host: <188.184.169.111:9618?addrs=188.184.169.111-9618+[2001-1458-301-c0--100-3a1]-9618&alias=b7g52n0652.cern.ch&noUDP&sock=startd_16432_9050>
...
006 (5415472.017.000) 07/11 14:03:46 Image size of job updated: 127536
	37  -  MemoryUsage of job (MB)
	37216  -  ResidentSetSize of job (KB)
...
006 (5415472.017.000) 07/11 14:08:46 Image size of job updated: 1590928
	1004  -  MemoryUsage of job (MB)
	1027384  -  ResidentSetSize of job (KB)
...
006 (5415472.017.000) 07/13 18:57:13 Image size of job updated: 1591912
	1005  -  MemoryUsage of job (MB)
	1028292  -  ResidentSetSize of job (KB)
...
006 (5415472.017.000) 07/13 19:47:17 Image size of job updated: 1592816
	1006  -  MemoryUsage of job (MB)
	1029196  -  ResidentSetSize of job (KB)
...
006 (5415472.017.000) 07/13 20:32:19 Image size of job updated: 1593724
	1006  -  MemoryUsage of job (MB)
	1030104  -  ResidentSetSize of job (KB)
...
006 (5415472.017.000) 07/13 21:17:21 Image size of job updated: 1594628
	1007  -  MemoryUsage of job (MB)
	1031008  -  ResidentSetSize of job (KB)
...
006 (5415472.017.000) 07/13 22:07:26 Image size of job updated: 1595532
	1008  -  MemoryUsage of job (MB)
	1031912  -  ResidentSetSize of job (KB)
...
006 (5415472.017.000) 07/13 22:57:32 Image size of job updated: 1596440
	1009  -  MemoryUsage of job (MB)
	1032820  -  ResidentSetSize of job (KB)
...
006 (5415472.017.000) 07/13 23:47:36 Image size of job updated: 1597344
	1010  -  MemoryUsage of job (MB)
	1033724  -  ResidentSetSize of job (KB)
...
006 (5415472.017.000) 07/14 00:37:43 Image size of job updated: 1598252
	1011  -  MemoryUsage of job (MB)
	1034632  -  ResidentSetSize of job (KB)
...
006 (5415472.017.000) 07/14 01:27:49 Image size of job updated: 1599156
	1012  -  MemoryUsage of job (MB)
	1035536  -  ResidentSetSize of job (KB)
...
006 (5415472.017.000) 07/14 02:17:54 Image size of job updated: 1600060
	1013  -  MemoryUsage of job (MB)
	1036440  -  ResidentSetSize of job (KB)
...
006 (5415472.017.000) 07/14 03:02:58 Image size of job updated: 1600968
	1014  -  MemoryUsage of job (MB)
	1037348  -  ResidentSetSize of job (KB)
...
006 (5415472.017.000) 07/14 03:58:02 Image size of job updated: 1601872
	1014  -  MemoryUsage of job (MB)
	1038252  -  ResidentSetSize of job (KB)
...
006 (5415472.017.000) 07/14 04:48:09 Image size of job updated: 1602780
	1015  -  MemoryUsage of job (MB)
	1039160  -  ResidentSetSize of job (KB)
...
006 (5415472.017.000) 07/14 05:43:13 Image size of job updated: 1603684
	1016  -  MemoryUsage of job (MB)
	1040064  -  ResidentSetSize of job (KB)
...
006 (5415472.017.000) 07/14 06:38:20 Image size of job updated: 1604592
	1017  -  MemoryUsage of job (MB)
	1040972  -  ResidentSetSize of job (KB)
...
006 (5415472.017.000) 07/14 07:33:28 Image size of job updated: 1605496
	1018  -  MemoryUsage of job (MB)
	1041876  -  ResidentSetSize of job (KB)
...
006 (5415472.017.000) 07/14 08:33:32 Image size of job updated: 1606400
	1019  -  MemoryUsage of job (MB)
	1042780  -  ResidentSetSize of job (KB)
...
006 (5415472.017.000) 07/14 09:23:37 Image size of job updated: 1607308
	1020  -  MemoryUsage of job (MB)
	1043680  -  ResidentSetSize of job (KB)
...
006 (5415472.017.000) 07/14 10:13:39 Image size of job updated: 1608212
	1021  -  MemoryUsage of job (MB)
	1044584  -  ResidentSetSize of job (KB)
...
006 (5415472.017.000) 07/14 11:08:44 Image size of job updated: 1609120
	1021  -  MemoryUsage of job (MB)
	1045492  -  ResidentSetSize of job (KB)
...
006 (5415472.017.000) 07/14 12:03:51 Image size of job updated: 1610024
	1022  -  MemoryUsage of job (MB)
	1046396  -  ResidentSetSize of job (KB)
...
006 (5415472.017.000) 07/14 12:33:55 Image size of job updated: 1613096
	1024  -  MemoryUsage of job (MB)
	1047944  -  ResidentSetSize of job (KB)
...
006 (5415472.017.000) 07/14 12:48:56 Image size of job updated: 1613096
	1024  -  MemoryUsage of job (MB)
	1047956  -  ResidentSetSize of job (KB)
...
006 (5415472.017.000) 07/14 13:13:59 Image size of job updated: 1613096
	1024  -  MemoryUsage of job (MB)
	1047968  -  ResidentSetSize of job (KB)
...
006 (5415472.017.000) 07/14 13:49:03 Image size of job updated: 1613096
	1024  -  MemoryUsage of job (MB)
	1047980  -  ResidentSetSize of job (KB)
...
006 (5415472.017.000) 07/14 13:59:03 Image size of job updated: 1614000
	1025  -  MemoryUsage of job (MB)
	1048884  -  ResidentSetSize of job (KB)
...
006 (5415472.017.000) 07/14 14:19:03 Image size of job updated: 1614000
	1025  -  MemoryUsage of job (MB)
	1048896  -  ResidentSetSize of job (KB)
...
006 (5415472.017.000) 07/14 14:49:06 Image size of job updated: 1614000
	1025  -  MemoryUsage of job (MB)
	1048908  -  ResidentSetSize of job (KB)
...
006 (5415472.017.000) 07/14 14:54:07 Image size of job updated: 1614908
	1026  -  MemoryUsage of job (MB)
	1049816  -  ResidentSetSize of job (KB)
...
006 (5415472.017.000) 07/14 15:19:10 Image size of job updated: 1614908
	1026  -  MemoryUsage of job (MB)
	1049828  -  ResidentSetSize of job (KB)
...
006 (5415472.017.000) 07/14 15:54:13 Image size of job updated: 1615812
	1027  -  MemoryUsage of job (MB)
	1050744  -  ResidentSetSize of job (KB)
...
040 (5415472.017.000) 07/14 16:21:08 Started transferring output files
...
040 (5415472.017.000) 07/14 16:21:08 Finished transferring output files
...
004 (5415472.017.000) 07/14 16:21:08 Job was evicted.
	(0) CPU times
		Usr 8 22:43:58, Sys 0 00:02:15  -  Run Remote Usage
		Usr 0 00:00:00, Sys 0 00:00:00  -  Run Local Usage
	96206  -  Run Bytes Sent By Job
	803  -  Run Bytes Received By Job
	Partitionable Resources :    Usage  Request Allocated 
	   Cpus                 :     2.88        4         4 
	   Disk (KB)            :   121    10485760  10821119 
	   Memory (MB)          :  1027        8000      8000 
...
