000 (5415472.116.000) 07/11 14:02:29 Job submitted from host: <137.138.156.150:9618?addrs=137.138.156.150-9618+[2001-1458-d00-14--9a]-9618&alias=bigbird13.cern.ch&noUDP&sock=schedd_1788_ff6c>
...
040 (5415472.116.000) 07/11 14:15:08 Started transferring input files
	Transferring to host: <128.142.77.17:9618?addrs=128.142.77.17-9618+[2001-1458-301-f4--100-318]-9618&alias=b7s12n2887.cern.ch&noUDP&sock=slot1_1_5768_d3e4_66860>
...
040 (5415472.116.000) 07/11 14:15:08 Finished transferring input files
...
001 (5415472.116.000) 07/11 14:15:09 Job executing on host: <128.142.77.17:9618?addrs=128.142.77.17-9618+[2001-1458-301-f4--100-318]-9618&alias=b7s12n2887.cern.ch&noUDP&sock=startd_4642_9ab8>
...
006 (5415472.116.000) 07/11 14:15:17 Image size of job updated: 106104
	45  -  MemoryUsage of job (MB)
	45096  -  ResidentSetSize of job (KB)
...
006 (5415472.116.000) 07/11 14:20:18 Image size of job updated: 1590948
	1004  -  MemoryUsage of job (MB)
	1027400  -  ResidentSetSize of job (KB)
...
006 (5415472.116.000) 07/13 20:50:46 Image size of job updated: 1591932
	1005  -  MemoryUsage of job (MB)
	1028308  -  ResidentSetSize of job (KB)
...
006 (5415472.116.000) 07/13 22:00:54 Image size of job updated: 1592836
	1006  -  MemoryUsage of job (MB)
	1029212  -  ResidentSetSize of job (KB)
...
006 (5415472.116.000) 07/13 23:11:03 Image size of job updated: 1593740
	1006  -  MemoryUsage of job (MB)
	1030116  -  ResidentSetSize of job (KB)
...
006 (5415472.116.000) 07/14 00:21:08 Image size of job updated: 1593740
	1007  -  MemoryUsage of job (MB)
	1031024  -  ResidentSetSize of job (KB)
...
006 (5415472.116.000) 07/14 00:26:09 Image size of job updated: 1594648
	1007  -  MemoryUsage of job (MB)
	1031024  -  ResidentSetSize of job (KB)
...
006 (5415472.116.000) 07/14 01:31:17 Image size of job updated: 1595552
	1008  -  MemoryUsage of job (MB)
	1031928  -  ResidentSetSize of job (KB)
...
006 (5415472.116.000) 07/14 02:41:22 Image size of job updated: 1596460
	1009  -  MemoryUsage of job (MB)
	1032836  -  ResidentSetSize of job (KB)
...
006 (5415472.116.000) 07/14 03:51:31 Image size of job updated: 1597364
	1010  -  MemoryUsage of job (MB)
	1033740  -  ResidentSetSize of job (KB)
...
006 (5415472.116.000) 07/14 04:56:38 Image size of job updated: 1598268
	1011  -  MemoryUsage of job (MB)
	1034644  -  ResidentSetSize of job (KB)
...
006 (5415472.116.000) 07/14 06:06:44 Image size of job updated: 1599176
	1012  -  MemoryUsage of job (MB)
	1035552  -  ResidentSetSize of job (KB)
...
006 (5415472.116.000) 07/14 07:16:52 Image size of job updated: 1600080
	1013  -  MemoryUsage of job (MB)
	1036456  -  ResidentSetSize of job (KB)
...
006 (5415472.116.000) 07/14 08:27:00 Image size of job updated: 1600988
	1014  -  MemoryUsage of job (MB)
	1037364  -  ResidentSetSize of job (KB)
...
006 (5415472.116.000) 07/14 09:37:08 Image size of job updated: 1601892
	1014  -  MemoryUsage of job (MB)
	1038268  -  ResidentSetSize of job (KB)
...
006 (5415472.116.000) 07/14 10:47:14 Image size of job updated: 1602796
	1015  -  MemoryUsage of job (MB)
	1039172  -  ResidentSetSize of job (KB)
...
006 (5415472.116.000) 07/14 11:57:22 Image size of job updated: 1603704
	1016  -  MemoryUsage of job (MB)
	1040080  -  ResidentSetSize of job (KB)
...
006 (5415472.116.000) 07/14 13:12:33 Image size of job updated: 1604608
	1017  -  MemoryUsage of job (MB)
	1040984  -  ResidentSetSize of job (KB)
...
006 (5415472.116.000) 07/14 14:22:41 Image size of job updated: 1605516
	1018  -  MemoryUsage of job (MB)
	1041892  -  ResidentSetSize of job (KB)
...
006 (5415472.116.000) 07/14 15:32:47 Image size of job updated: 1606420
	1019  -  MemoryUsage of job (MB)
	1042796  -  ResidentSetSize of job (KB)
...
006 (5415472.116.000) 07/14 16:42:53 Image size of job updated: 1607328
	1020  -  MemoryUsage of job (MB)
	1043704  -  ResidentSetSize of job (KB)
...
006 (5415472.116.000) 07/14 17:53:01 Image size of job updated: 1608232
	1021  -  MemoryUsage of job (MB)
	1044608  -  ResidentSetSize of job (KB)
...
006 (5415472.116.000) 07/14 19:03:07 Image size of job updated: 1609136
	1022  -  MemoryUsage of job (MB)
	1045512  -  ResidentSetSize of job (KB)
...
006 (5415472.116.000) 07/14 20:18:15 Image size of job updated: 1610044
	1022  -  MemoryUsage of job (MB)
	1046420  -  ResidentSetSize of job (KB)
...
006 (5415472.116.000) 07/14 20:48:19 Image size of job updated: 1613116
	1024  -  MemoryUsage of job (MB)
	1047968  -  ResidentSetSize of job (KB)
...
007 (5415472.116.000) 07/14 21:10:49 Shadow exception!
	Assertion ERROR on (result)
	0  -  Run Bytes Sent By Job
	803  -  Run Bytes Received By Job
...
