000 (5415472.428.000) 07/11 14:02:30 Job submitted from host: <137.138.156.150:9618?addrs=137.138.156.150-9618+[2001-1458-d00-14--9a]-9618&alias=bigbird13.cern.ch&noUDP&sock=schedd_1788_ff6c>
...
040 (5415472.428.000) 07/11 16:21:24 Started transferring input files
	Transferring to host: <128.142.57.73:9618?addrs=128.142.57.73-9618+[2001-1458-301-7--100-48]-9618&alias=b7s02p3789.cern.ch&noUDP&sock=slot1_17_6843_432f_3469>
...
040 (5415472.428.000) 07/11 16:21:25 Finished transferring input files
...
001 (5415472.428.000) 07/11 16:21:25 Job executing on host: <128.142.57.73:9618?addrs=128.142.57.73-9618+[2001-1458-301-7--100-48]-9618&alias=b7s02p3789.cern.ch&noUDP&sock=startd_6389_e6ab>
...
006 (5415472.428.000) 07/11 16:21:34 Image size of job updated: 260116
	195  -  MemoryUsage of job (MB)
	199132  -  ResidentSetSize of job (KB)
...
006 (5415472.428.000) 07/11 16:26:35 Image size of job updated: 1590972
	1005  -  MemoryUsage of job (MB)
	1028880  -  ResidentSetSize of job (KB)
...
006 (5415472.428.000) 07/12 01:32:27 Image size of job updated: 1590972
	1006  -  MemoryUsage of job (MB)
	1029560  -  ResidentSetSize of job (KB)
...
006 (5415472.428.000) 07/12 01:37:27 Image size of job updated: 1590972
	1008  -  MemoryUsage of job (MB)
	1031320  -  ResidentSetSize of job (KB)
...
006 (5415472.428.000) 07/12 09:08:15 Image size of job updated: 1590972
	1008  -  MemoryUsage of job (MB)
	1031324  -  ResidentSetSize of job (KB)
...
006 (5415472.428.000) 07/12 20:24:29 Image size of job updated: 1591952
	1009  -  MemoryUsage of job (MB)
	1032224  -  ResidentSetSize of job (KB)
...
006 (5415472.428.000) 07/12 20:59:32 Image size of job updated: 1592856
	1009  -  MemoryUsage of job (MB)
	1033128  -  ResidentSetSize of job (KB)
...
006 (5415472.428.000) 07/12 21:34:36 Image size of job updated: 1593764
	1010  -  MemoryUsage of job (MB)
	1034036  -  ResidentSetSize of job (KB)
...
006 (5415472.428.000) 07/12 22:09:41 Image size of job updated: 1594668
	1011  -  MemoryUsage of job (MB)
	1034940  -  ResidentSetSize of job (KB)
...
006 (5415472.428.000) 07/12 22:49:43 Image size of job updated: 1595576
	1012  -  MemoryUsage of job (MB)
	1035848  -  ResidentSetSize of job (KB)
...
006 (5415472.428.000) 07/12 22:59:44 Image size of job updated: 1595576
	1012  -  MemoryUsage of job (MB)
	1035852  -  ResidentSetSize of job (KB)
...
006 (5415472.428.000) 07/12 23:24:45 Image size of job updated: 1596480
	1013  -  MemoryUsage of job (MB)
	1036752  -  ResidentSetSize of job (KB)
...
006 (5415472.428.000) 07/12 23:54:48 Image size of job updated: 1597384
	1014  -  MemoryUsage of job (MB)
	1037656  -  ResidentSetSize of job (KB)
...
006 (5415472.428.000) 07/13 00:29:50 Image size of job updated: 1598292
	1015  -  MemoryUsage of job (MB)
	1038564  -  ResidentSetSize of job (KB)
...
006 (5415472.428.000) 07/13 00:59:53 Image size of job updated: 1599196
	1016  -  MemoryUsage of job (MB)
	1039468  -  ResidentSetSize of job (KB)
...
006 (5415472.428.000) 07/13 01:34:57 Image size of job updated: 1600104
	1016  -  MemoryUsage of job (MB)
	1040376  -  ResidentSetSize of job (KB)
...
006 (5415472.428.000) 07/13 02:09:58 Image size of job updated: 1601008
	1017  -  MemoryUsage of job (MB)
	1041280  -  ResidentSetSize of job (KB)
...
006 (5415472.428.000) 07/13 02:45:02 Image size of job updated: 1601916
	1018  -  MemoryUsage of job (MB)
	1042188  -  ResidentSetSize of job (KB)
...
006 (5415472.428.000) 07/13 03:00:04 Image size of job updated: 1601916
	1018  -  MemoryUsage of job (MB)
	1042192  -  ResidentSetSize of job (KB)
...
006 (5415472.428.000) 07/13 03:20:06 Image size of job updated: 1602820
	1019  -  MemoryUsage of job (MB)
	1043092  -  ResidentSetSize of job (KB)
...
006 (5415472.428.000) 07/13 04:05:11 Image size of job updated: 1603724
	1020  -  MemoryUsage of job (MB)
	1043996  -  ResidentSetSize of job (KB)
...
006 (5415472.428.000) 07/13 04:45:17 Image size of job updated: 1604632
	1021  -  MemoryUsage of job (MB)
	1044904  -  ResidentSetSize of job (KB)
...
006 (5415472.428.000) 07/13 05:25:19 Image size of job updated: 1605536
	1022  -  MemoryUsage of job (MB)
	1045808  -  ResidentSetSize of job (KB)
...
006 (5415472.428.000) 07/13 06:05:22 Image size of job updated: 1610064
	1026  -  MemoryUsage of job (MB)
	1050336  -  ResidentSetSize of job (KB)
...
006 (5415472.428.000) 07/13 09:10:40 Image size of job updated: 1613136
	1028  -  MemoryUsage of job (MB)
	1051884  -  ResidentSetSize of job (KB)
...
006 (5415472.428.000) 07/13 09:15:40 Image size of job updated: 1613136
	1028  -  MemoryUsage of job (MB)
	1051896  -  ResidentSetSize of job (KB)
...
006 (5415472.428.000) 07/13 09:40:43 Image size of job updated: 1613136
	1028  -  MemoryUsage of job (MB)
	1051908  -  ResidentSetSize of job (KB)
...
006 (5415472.428.000) 07/13 10:00:45 Image size of job updated: 1613136
	1028  -  MemoryUsage of job (MB)
	1051916  -  ResidentSetSize of job (KB)
...
006 (5415472.428.000) 07/13 10:05:45 Image size of job updated: 1613136
	1028  -  MemoryUsage of job (MB)
	1051920  -  ResidentSetSize of job (KB)
...
006 (5415472.428.000) 07/13 10:25:47 Image size of job updated: 1613136
	1028  -  MemoryUsage of job (MB)
	1051928  -  ResidentSetSize of job (KB)
...
006 (5415472.428.000) 07/13 10:30:47 Image size of job updated: 1613136
	1028  -  MemoryUsage of job (MB)
	1051932  -  ResidentSetSize of job (KB)
...
006 (5415472.428.000) 07/13 10:50:49 Image size of job updated: 1613136
	1028  -  MemoryUsage of job (MB)
	1051944  -  ResidentSetSize of job (KB)
...
006 (5415472.428.000) 07/13 11:10:53 Image size of job updated: 1613136
	1028  -  MemoryUsage of job (MB)
	1051956  -  ResidentSetSize of job (KB)
...
006 (5415472.428.000) 07/13 11:30:55 Image size of job updated: 1613136
	1028  -  MemoryUsage of job (MB)
	1051968  -  ResidentSetSize of job (KB)
...
006 (5415472.428.000) 07/13 11:50:59 Image size of job updated: 1613136
	1028  -  MemoryUsage of job (MB)
	1051980  -  ResidentSetSize of job (KB)
...
006 (5415472.428.000) 07/13 12:16:01 Image size of job updated: 1613136
	1028  -  MemoryUsage of job (MB)
	1051992  -  ResidentSetSize of job (KB)
...
006 (5415472.428.000) 07/13 12:36:03 Image size of job updated: 1613136
	1028  -  MemoryUsage of job (MB)
	1052004  -  ResidentSetSize of job (KB)
...
006 (5415472.428.000) 07/13 13:01:06 Image size of job updated: 1613136
	1028  -  MemoryUsage of job (MB)
	1052016  -  ResidentSetSize of job (KB)
...
006 (5415472.428.000) 07/13 13:21:08 Image size of job updated: 1613136
	1028  -  MemoryUsage of job (MB)
	1052028  -  ResidentSetSize of job (KB)
...
006 (5415472.428.000) 07/13 13:46:10 Image size of job updated: 1613136
	1028  -  MemoryUsage of job (MB)
	1052040  -  ResidentSetSize of job (KB)
...
006 (5415472.428.000) 07/13 14:11:13 Image size of job updated: 1613136
	1028  -  MemoryUsage of job (MB)
	1052052  -  ResidentSetSize of job (KB)
...
006 (5415472.428.000) 07/13 14:26:15 Image size of job updated: 1613136
	1028  -  MemoryUsage of job (MB)
	1052056  -  ResidentSetSize of job (KB)
...
006 (5415472.428.000) 07/13 14:31:16 Image size of job updated: 1613136
	1028  -  MemoryUsage of job (MB)
	1052064  -  ResidentSetSize of job (KB)
...
006 (5415472.428.000) 07/13 14:51:20 Image size of job updated: 1613136
	1028  -  MemoryUsage of job (MB)
	1052076  -  ResidentSetSize of job (KB)
...
006 (5415472.428.000) 07/13 15:11:23 Image size of job updated: 1613136
	1028  -  MemoryUsage of job (MB)
	1052088  -  ResidentSetSize of job (KB)
...
006 (5415472.428.000) 07/13 15:31:26 Image size of job updated: 1613136
	1028  -  MemoryUsage of job (MB)
	1052100  -  ResidentSetSize of job (KB)
...
006 (5415472.428.000) 07/13 15:51:29 Image size of job updated: 1613136
	1028  -  MemoryUsage of job (MB)
	1052112  -  ResidentSetSize of job (KB)
...
006 (5415472.428.000) 07/13 16:11:33 Image size of job updated: 1613136
	1028  -  MemoryUsage of job (MB)
	1052124  -  ResidentSetSize of job (KB)
...
006 (5415472.428.000) 07/13 16:31:35 Image size of job updated: 1613136
	1028  -  MemoryUsage of job (MB)
	1052136  -  ResidentSetSize of job (KB)
...
006 (5415472.428.000) 07/13 16:56:37 Image size of job updated: 1613136
	1028  -  MemoryUsage of job (MB)
	1052148  -  ResidentSetSize of job (KB)
...
006 (5415472.428.000) 07/13 17:16:39 Image size of job updated: 1613136
	1028  -  MemoryUsage of job (MB)
	1052160  -  ResidentSetSize of job (KB)
...
006 (5415472.428.000) 07/13 17:36:57 Image size of job updated: 1613136
	1028  -  MemoryUsage of job (MB)
	1052172  -  ResidentSetSize of job (KB)
...
006 (5415472.428.000) 07/13 17:56:59 Image size of job updated: 1613136
	1028  -  MemoryUsage of job (MB)
	1052176  -  ResidentSetSize of job (KB)
...
006 (5415472.428.000) 07/13 18:01:59 Image size of job updated: 1613136
	1028  -  MemoryUsage of job (MB)
	1052184  -  ResidentSetSize of job (KB)
...
006 (5415472.428.000) 07/13 18:22:01 Image size of job updated: 1613136
	1028  -  MemoryUsage of job (MB)
	1052196  -  ResidentSetSize of job (KB)
...
006 (5415472.428.000) 07/13 18:42:03 Image size of job updated: 1613136
	1028  -  MemoryUsage of job (MB)
	1052208  -  ResidentSetSize of job (KB)
...
006 (5415472.428.000) 07/13 19:02:03 Image size of job updated: 1613136
	1028  -  MemoryUsage of job (MB)
	1052220  -  ResidentSetSize of job (KB)
...
006 (5415472.428.000) 07/13 19:22:03 Image size of job updated: 1613136
	1028  -  MemoryUsage of job (MB)
	1052232  -  ResidentSetSize of job (KB)
...
006 (5415472.428.000) 07/13 19:42:05 Image size of job updated: 1613136
	1028  -  MemoryUsage of job (MB)
	1052244  -  ResidentSetSize of job (KB)
...
006 (5415472.428.000) 07/13 20:02:05 Image size of job updated: 1613136
	1028  -  MemoryUsage of job (MB)
	1052256  -  ResidentSetSize of job (KB)
...
006 (5415472.428.000) 07/13 20:22:08 Image size of job updated: 1613136
	1028  -  MemoryUsage of job (MB)
	1052268  -  ResidentSetSize of job (KB)
...
006 (5415472.428.000) 07/13 20:42:11 Image size of job updated: 1613136
	1028  -  MemoryUsage of job (MB)
	1052280  -  ResidentSetSize of job (KB)
...
006 (5415472.428.000) 07/13 21:02:12 Image size of job updated: 1613136
	1028  -  MemoryUsage of job (MB)
	1052292  -  ResidentSetSize of job (KB)
...
006 (5415472.428.000) 07/13 21:22:14 Image size of job updated: 1613136
	1028  -  MemoryUsage of job (MB)
	1052304  -  ResidentSetSize of job (KB)
...
006 (5415472.428.000) 07/13 21:42:15 Image size of job updated: 1613136
	1028  -  MemoryUsage of job (MB)
	1052316  -  ResidentSetSize of job (KB)
...
006 (5415472.428.000) 07/13 22:02:15 Image size of job updated: 1613136
	1028  -  MemoryUsage of job (MB)
	1052328  -  ResidentSetSize of job (KB)
...
006 (5415472.428.000) 07/13 22:22:17 Image size of job updated: 1613136
	1028  -  MemoryUsage of job (MB)
	1052340  -  ResidentSetSize of job (KB)
...
006 (5415472.428.000) 07/13 22:37:17 Image size of job updated: 1613136
	1028  -  MemoryUsage of job (MB)
	1052352  -  ResidentSetSize of job (KB)
...
006 (5415472.428.000) 07/13 22:57:20 Image size of job updated: 1613136
	1028  -  MemoryUsage of job (MB)
	1052364  -  ResidentSetSize of job (KB)
...
006 (5415472.428.000) 07/13 23:12:23 Image size of job updated: 1613136
	1028  -  MemoryUsage of job (MB)
	1052368  -  ResidentSetSize of job (KB)
...
006 (5415472.428.000) 07/13 23:17:23 Image size of job updated: 1613136
	1028  -  MemoryUsage of job (MB)
	1052376  -  ResidentSetSize of job (KB)
...
006 (5415472.428.000) 07/13 23:32:25 Image size of job updated: 1613136
	1028  -  MemoryUsage of job (MB)
	1052388  -  ResidentSetSize of job (KB)
...
006 (5415472.428.000) 07/13 23:52:26 Image size of job updated: 1613136
	1028  -  MemoryUsage of job (MB)
	1052400  -  ResidentSetSize of job (KB)
...
006 (5415472.428.000) 07/14 00:12:28 Image size of job updated: 1613136
	1028  -  MemoryUsage of job (MB)
	1052412  -  ResidentSetSize of job (KB)
...
006 (5415472.428.000) 07/14 00:37:32 Image size of job updated: 1613136
	1028  -  MemoryUsage of job (MB)
	1052424  -  ResidentSetSize of job (KB)
...
006 (5415472.428.000) 07/14 00:57:35 Image size of job updated: 1613136
	1028  -  MemoryUsage of job (MB)
	1052436  -  ResidentSetSize of job (KB)
...
006 (5415472.428.000) 07/14 01:17:38 Image size of job updated: 1613136
	1028  -  MemoryUsage of job (MB)
	1052448  -  ResidentSetSize of job (KB)
...
006 (5415472.428.000) 07/14 01:37:39 Image size of job updated: 1613136
	1028  -  MemoryUsage of job (MB)
	1052460  -  ResidentSetSize of job (KB)
...
006 (5415472.428.000) 07/14 01:57:40 Image size of job updated: 1613136
	1028  -  MemoryUsage of job (MB)
	1052468  -  ResidentSetSize of job (KB)
...
006 (5415472.428.000) 07/14 02:02:40 Image size of job updated: 1613136
	1028  -  MemoryUsage of job (MB)
	1052472  -  ResidentSetSize of job (KB)
...
006 (5415472.428.000) 07/14 02:22:42 Image size of job updated: 1613136
	1028  -  MemoryUsage of job (MB)
	1052484  -  ResidentSetSize of job (KB)
...
006 (5415472.428.000) 07/14 02:42:44 Image size of job updated: 1613136
	1028  -  MemoryUsage of job (MB)
	1052496  -  ResidentSetSize of job (KB)
...
006 (5415472.428.000) 07/14 03:02:45 Image size of job updated: 1613136
	1028  -  MemoryUsage of job (MB)
	1052508  -  ResidentSetSize of job (KB)
...
006 (5415472.428.000) 07/14 03:27:48 Image size of job updated: 1613136
	1028  -  MemoryUsage of job (MB)
	1052520  -  ResidentSetSize of job (KB)
...
006 (5415472.428.000) 07/14 03:47:51 Image size of job updated: 1613136
	1028  -  MemoryUsage of job (MB)
	1052532  -  ResidentSetSize of job (KB)
...
006 (5415472.428.000) 07/14 04:07:53 Image size of job updated: 1613136
	1028  -  MemoryUsage of job (MB)
	1052536  -  ResidentSetSize of job (KB)
...
006 (5415472.428.000) 07/14 04:12:54 Image size of job updated: 1613136
	1028  -  MemoryUsage of job (MB)
	1052544  -  ResidentSetSize of job (KB)
...
006 (5415472.428.000) 07/14 04:27:57 Image size of job updated: 1613136
	1028  -  MemoryUsage of job (MB)
	1052552  -  ResidentSetSize of job (KB)
...
006 (5415472.428.000) 07/14 04:32:58 Image size of job updated: 1613136
	1028  -  MemoryUsage of job (MB)
	1052556  -  ResidentSetSize of job (KB)
...
006 (5415472.428.000) 07/14 04:47:59 Image size of job updated: 1613136
	1028  -  MemoryUsage of job (MB)
	1052568  -  ResidentSetSize of job (KB)
...
006 (5415472.428.000) 07/14 05:07:59 Image size of job updated: 1613136
	1028  -  MemoryUsage of job (MB)
	1052580  -  ResidentSetSize of job (KB)
...
006 (5415472.428.000) 07/14 05:28:00 Image size of job updated: 1613136
	1028  -  MemoryUsage of job (MB)
	1052592  -  ResidentSetSize of job (KB)
...
006 (5415472.428.000) 07/14 05:48:00 Image size of job updated: 1613136
	1028  -  MemoryUsage of job (MB)
	1052604  -  ResidentSetSize of job (KB)
...
006 (5415472.428.000) 07/14 06:08:02 Image size of job updated: 1613136
	1028  -  MemoryUsage of job (MB)
	1052616  -  ResidentSetSize of job (KB)
...
006 (5415472.428.000) 07/14 06:28:06 Image size of job updated: 1613136
	1028  -  MemoryUsage of job (MB)
	1052628  -  ResidentSetSize of job (KB)
...
006 (5415472.428.000) 07/14 06:48:07 Image size of job updated: 1613136
	1028  -  MemoryUsage of job (MB)
	1052640  -  ResidentSetSize of job (KB)
...
006 (5415472.428.000) 07/14 07:03:08 Image size of job updated: 1613136
	1028  -  MemoryUsage of job (MB)
	1052652  -  ResidentSetSize of job (KB)
...
006 (5415472.428.000) 07/14 07:23:11 Image size of job updated: 1613136
	1028  -  MemoryUsage of job (MB)
	1052664  -  ResidentSetSize of job (KB)
...
006 (5415472.428.000) 07/14 07:38:12 Image size of job updated: 1613136
	1029  -  MemoryUsage of job (MB)
	1052676  -  ResidentSetSize of job (KB)
...
006 (5415472.428.000) 07/14 07:58:15 Image size of job updated: 1613136
	1029  -  MemoryUsage of job (MB)
	1052688  -  ResidentSetSize of job (KB)
...
006 (5415472.428.000) 07/14 08:18:15 Image size of job updated: 1613136
	1029  -  MemoryUsage of job (MB)
	1052700  -  ResidentSetSize of job (KB)
...
006 (5415472.428.000) 07/14 08:38:16 Image size of job updated: 1613136
	1029  -  MemoryUsage of job (MB)
	1052712  -  ResidentSetSize of job (KB)
...
006 (5415472.428.000) 07/14 08:58:17 Image size of job updated: 1613136
	1029  -  MemoryUsage of job (MB)
	1052724  -  ResidentSetSize of job (KB)
...
006 (5415472.428.000) 07/14 09:23:20 Image size of job updated: 1613136
	1029  -  MemoryUsage of job (MB)
	1052736  -  ResidentSetSize of job (KB)
...
006 (5415472.428.000) 07/14 09:43:22 Image size of job updated: 1613136
	1029  -  MemoryUsage of job (MB)
	1052748  -  ResidentSetSize of job (KB)
...
006 (5415472.428.000) 07/14 10:03:22 Image size of job updated: 1613136
	1029  -  MemoryUsage of job (MB)
	1052760  -  ResidentSetSize of job (KB)
...
006 (5415472.428.000) 07/14 10:23:24 Image size of job updated: 1613136
	1029  -  MemoryUsage of job (MB)
	1052772  -  ResidentSetSize of job (KB)
...
006 (5415472.428.000) 07/14 10:43:27 Image size of job updated: 1613136
	1029  -  MemoryUsage of job (MB)
	1052784  -  ResidentSetSize of job (KB)
...
006 (5415472.428.000) 07/14 11:03:28 Image size of job updated: 1613136
	1029  -  MemoryUsage of job (MB)
	1052796  -  ResidentSetSize of job (KB)
...
006 (5415472.428.000) 07/14 11:23:30 Image size of job updated: 1613136
	1029  -  MemoryUsage of job (MB)
	1052808  -  ResidentSetSize of job (KB)
...
006 (5415472.428.000) 07/14 11:43:31 Image size of job updated: 1613136
	1029  -  MemoryUsage of job (MB)
	1052820  -  ResidentSetSize of job (KB)
...
006 (5415472.428.000) 07/14 12:03:32 Image size of job updated: 1613136
	1029  -  MemoryUsage of job (MB)
	1052832  -  ResidentSetSize of job (KB)
...
006 (5415472.428.000) 07/14 12:23:33 Image size of job updated: 1613136
	1029  -  MemoryUsage of job (MB)
	1052844  -  ResidentSetSize of job (KB)
...
006 (5415472.428.000) 07/14 12:43:34 Image size of job updated: 1613136
	1029  -  MemoryUsage of job (MB)
	1052856  -  ResidentSetSize of job (KB)
...
006 (5415472.428.000) 07/14 13:03:36 Image size of job updated: 1613136
	1029  -  MemoryUsage of job (MB)
	1052868  -  ResidentSetSize of job (KB)
...
006 (5415472.428.000) 07/14 13:23:39 Image size of job updated: 1613136
	1029  -  MemoryUsage of job (MB)
	1052880  -  ResidentSetSize of job (KB)
...
006 (5415472.428.000) 07/14 13:43:41 Image size of job updated: 1613136
	1029  -  MemoryUsage of job (MB)
	1052892  -  ResidentSetSize of job (KB)
...
006 (5415472.428.000) 07/14 14:03:43 Image size of job updated: 1613136
	1029  -  MemoryUsage of job (MB)
	1052904  -  ResidentSetSize of job (KB)
...
006 (5415472.428.000) 07/14 14:23:46 Image size of job updated: 1613136
	1029  -  MemoryUsage of job (MB)
	1052916  -  ResidentSetSize of job (KB)
...
006 (5415472.428.000) 07/14 14:38:49 Image size of job updated: 1613136
	1029  -  MemoryUsage of job (MB)
	1052924  -  ResidentSetSize of job (KB)
...
006 (5415472.428.000) 07/14 14:43:49 Image size of job updated: 1613136
	1029  -  MemoryUsage of job (MB)
	1052928  -  ResidentSetSize of job (KB)
...
006 (5415472.428.000) 07/14 14:58:51 Image size of job updated: 1613136
	1029  -  MemoryUsage of job (MB)
	1052940  -  ResidentSetSize of job (KB)
...
006 (5415472.428.000) 07/14 15:18:52 Image size of job updated: 1613136
	1029  -  MemoryUsage of job (MB)
	1052952  -  ResidentSetSize of job (KB)
...
006 (5415472.428.000) 07/14 15:38:55 Image size of job updated: 1613136
	1029  -  MemoryUsage of job (MB)
	1052964  -  ResidentSetSize of job (KB)
...
006 (5415472.428.000) 07/14 15:58:57 Image size of job updated: 1613136
	1029  -  MemoryUsage of job (MB)
	1052976  -  ResidentSetSize of job (KB)
...
006 (5415472.428.000) 07/14 16:18:59 Image size of job updated: 1613136
	1029  -  MemoryUsage of job (MB)
	1052988  -  ResidentSetSize of job (KB)
...
006 (5415472.428.000) 07/14 16:39:01 Image size of job updated: 1613136
	1029  -  MemoryUsage of job (MB)
	1053000  -  ResidentSetSize of job (KB)
...
006 (5415472.428.000) 07/14 16:59:03 Image size of job updated: 1613136
	1029  -  MemoryUsage of job (MB)
	1053004  -  ResidentSetSize of job (KB)
...
006 (5415472.428.000) 07/14 17:04:04 Image size of job updated: 1613136
	1029  -  MemoryUsage of job (MB)
	1053012  -  ResidentSetSize of job (KB)
...
006 (5415472.428.000) 07/14 17:24:07 Image size of job updated: 1613136
	1029  -  MemoryUsage of job (MB)
	1053024  -  ResidentSetSize of job (KB)
...
006 (5415472.428.000) 07/14 17:44:11 Image size of job updated: 1613136
	1029  -  MemoryUsage of job (MB)
	1053036  -  ResidentSetSize of job (KB)
...
006 (5415472.428.000) 07/14 18:09:14 Image size of job updated: 1613136
	1029  -  MemoryUsage of job (MB)
	1053048  -  ResidentSetSize of job (KB)
...
006 (5415472.428.000) 07/14 18:29:16 Image size of job updated: 1613136
	1029  -  MemoryUsage of job (MB)
	1053060  -  ResidentSetSize of job (KB)
...
006 (5415472.428.000) 07/14 18:49:18 Image size of job updated: 1613136
	1029  -  MemoryUsage of job (MB)
	1053072  -  ResidentSetSize of job (KB)
...
006 (5415472.428.000) 07/14 19:09:21 Image size of job updated: 1613136
	1029  -  MemoryUsage of job (MB)
	1053084  -  ResidentSetSize of job (KB)
...
006 (5415472.428.000) 07/14 19:29:23 Image size of job updated: 1613136
	1029  -  MemoryUsage of job (MB)
	1053096  -  ResidentSetSize of job (KB)
...
006 (5415472.428.000) 07/14 19:54:26 Image size of job updated: 1613136
	1029  -  MemoryUsage of job (MB)
	1053108  -  ResidentSetSize of job (KB)
...
006 (5415472.428.000) 07/14 20:14:29 Image size of job updated: 1613136
	1029  -  MemoryUsage of job (MB)
	1053120  -  ResidentSetSize of job (KB)
...
006 (5415472.428.000) 07/14 20:34:31 Image size of job updated: 1613136
	1029  -  MemoryUsage of job (MB)
	1053132  -  ResidentSetSize of job (KB)
...
006 (5415472.428.000) 07/14 20:54:33 Image size of job updated: 1613136
	1029  -  MemoryUsage of job (MB)
	1053144  -  ResidentSetSize of job (KB)
...
006 (5415472.428.000) 07/14 21:14:52 Image size of job updated: 1613136
	1029  -  MemoryUsage of job (MB)
	1053156  -  ResidentSetSize of job (KB)
...
006 (5415472.428.000) 07/14 21:35:01 Image size of job updated: 1613136
	1029  -  MemoryUsage of job (MB)
	1053168  -  ResidentSetSize of job (KB)
...
006 (5415472.428.000) 07/14 21:55:03 Image size of job updated: 1613136
	1029  -  MemoryUsage of job (MB)
	1053180  -  ResidentSetSize of job (KB)
...
006 (5415472.428.000) 07/14 22:15:04 Image size of job updated: 1613136
	1029  -  MemoryUsage of job (MB)
	1053192  -  ResidentSetSize of job (KB)
...
006 (5415472.428.000) 07/14 22:35:06 Image size of job updated: 1613136
	1029  -  MemoryUsage of job (MB)
	1053204  -  ResidentSetSize of job (KB)
...
006 (5415472.428.000) 07/14 22:55:06 Image size of job updated: 1613136
	1029  -  MemoryUsage of job (MB)
	1053216  -  ResidentSetSize of job (KB)
...
006 (5415472.428.000) 07/14 23:15:07 Image size of job updated: 1613136
	1029  -  MemoryUsage of job (MB)
	1053228  -  ResidentSetSize of job (KB)
...
006 (5415472.428.000) 07/14 23:35:08 Image size of job updated: 1613136
	1029  -  MemoryUsage of job (MB)
	1053240  -  ResidentSetSize of job (KB)
...
006 (5415472.428.000) 07/14 23:50:10 Image size of job updated: 1613136
	1029  -  MemoryUsage of job (MB)
	1053252  -  ResidentSetSize of job (KB)
...
006 (5415472.428.000) 07/15 00:10:11 Image size of job updated: 1613136
	1029  -  MemoryUsage of job (MB)
	1053264  -  ResidentSetSize of job (KB)
...
006 (5415472.428.000) 07/15 00:30:15 Image size of job updated: 1613136
	1029  -  MemoryUsage of job (MB)
	1053276  -  ResidentSetSize of job (KB)
...
006 (5415472.428.000) 07/15 00:50:18 Image size of job updated: 1613136
	1029  -  MemoryUsage of job (MB)
	1053288  -  ResidentSetSize of job (KB)
...
006 (5415472.428.000) 07/15 01:10:20 Image size of job updated: 1613136
	1029  -  MemoryUsage of job (MB)
	1053300  -  ResidentSetSize of job (KB)
...
006 (5415472.428.000) 07/15 01:25:22 Image size of job updated: 1613136
	1029  -  MemoryUsage of job (MB)
	1053312  -  ResidentSetSize of job (KB)
...
006 (5415472.428.000) 07/15 01:45:25 Image size of job updated: 1613136
	1029  -  MemoryUsage of job (MB)
	1053324  -  ResidentSetSize of job (KB)
...
006 (5415472.428.000) 07/15 02:05:27 Image size of job updated: 1613136
	1029  -  MemoryUsage of job (MB)
	1053336  -  ResidentSetSize of job (KB)
...
006 (5415472.428.000) 07/15 02:25:29 Image size of job updated: 1613136
	1029  -  MemoryUsage of job (MB)
	1053348  -  ResidentSetSize of job (KB)
...
006 (5415472.428.000) 07/15 02:45:32 Image size of job updated: 1613136
	1029  -  MemoryUsage of job (MB)
	1053360  -  ResidentSetSize of job (KB)
...
006 (5415472.428.000) 07/15 03:05:34 Image size of job updated: 1613136
	1029  -  MemoryUsage of job (MB)
	1053372  -  ResidentSetSize of job (KB)
...
006 (5415472.428.000) 07/15 03:25:36 Image size of job updated: 1613136
	1029  -  MemoryUsage of job (MB)
	1053384  -  ResidentSetSize of job (KB)
...
006 (5415472.428.000) 07/15 03:40:38 Image size of job updated: 1613136
	1029  -  MemoryUsage of job (MB)
	1053396  -  ResidentSetSize of job (KB)
...
006 (5415472.428.000) 07/15 04:00:39 Image size of job updated: 1613136
	1029  -  MemoryUsage of job (MB)
	1053408  -  ResidentSetSize of job (KB)
...
006 (5415472.428.000) 07/15 04:35:43 Image size of job updated: 1617232
	1031  -  MemoryUsage of job (MB)
	1055464  -  ResidentSetSize of job (KB)
...
006 (5415472.428.000) 07/15 04:40:43 Image size of job updated: 1617232
	1031  -  MemoryUsage of job (MB)
	1055472  -  ResidentSetSize of job (KB)
...
006 (5415472.428.000) 07/15 05:00:45 Image size of job updated: 1617232
	1031  -  MemoryUsage of job (MB)
	1055476  -  ResidentSetSize of job (KB)
...
006 (5415472.428.000) 07/15 05:05:46 Image size of job updated: 1617232
	1031  -  MemoryUsage of job (MB)
	1055480  -  ResidentSetSize of job (KB)
...
006 (5415472.428.000) 07/15 05:25:50 Image size of job updated: 1617232
	1031  -  MemoryUsage of job (MB)
	1055488  -  ResidentSetSize of job (KB)
...
006 (5415472.428.000) 07/15 05:40:52 Image size of job updated: 1617232
	1031  -  MemoryUsage of job (MB)
	1055492  -  ResidentSetSize of job (KB)
...
006 (5415472.428.000) 07/15 05:45:53 Image size of job updated: 1617232
	1031  -  MemoryUsage of job (MB)
	1055496  -  ResidentSetSize of job (KB)
...
006 (5415472.428.000) 07/15 06:05:54 Image size of job updated: 1617232
	1031  -  MemoryUsage of job (MB)
	1055504  -  ResidentSetSize of job (KB)
...
006 (5415472.428.000) 07/15 06:25:56 Image size of job updated: 1617232
	1031  -  MemoryUsage of job (MB)
	1055512  -  ResidentSetSize of job (KB)
...
006 (5415472.428.000) 07/15 06:46:00 Image size of job updated: 1617232
	1031  -  MemoryUsage of job (MB)
	1055520  -  ResidentSetSize of job (KB)
...
006 (5415472.428.000) 07/15 07:06:02 Image size of job updated: 1617232
	1031  -  MemoryUsage of job (MB)
	1055528  -  ResidentSetSize of job (KB)
...
006 (5415472.428.000) 07/15 07:26:05 Image size of job updated: 1617232
	1031  -  MemoryUsage of job (MB)
	1055536  -  ResidentSetSize of job (KB)
...
006 (5415472.428.000) 07/15 07:46:07 Image size of job updated: 1617232
	1031  -  MemoryUsage of job (MB)
	1055544  -  ResidentSetSize of job (KB)
...
006 (5415472.428.000) 07/15 08:06:10 Image size of job updated: 1617232
	1031  -  MemoryUsage of job (MB)
	1055552  -  ResidentSetSize of job (KB)
...
006 (5415472.428.000) 07/15 08:26:12 Image size of job updated: 1617232
	1031  -  MemoryUsage of job (MB)
	1055560  -  ResidentSetSize of job (KB)
...
006 (5415472.428.000) 07/15 08:46:15 Image size of job updated: 1617232
	1031  -  MemoryUsage of job (MB)
	1055568  -  ResidentSetSize of job (KB)
...
006 (5415472.428.000) 07/15 09:06:16 Image size of job updated: 1617232
	1031  -  MemoryUsage of job (MB)
	1055576  -  ResidentSetSize of job (KB)
...
006 (5415472.428.000) 07/15 09:26:16 Image size of job updated: 1617232
	1031  -  MemoryUsage of job (MB)
	1055580  -  ResidentSetSize of job (KB)
...
006 (5415472.428.000) 07/15 09:31:17 Image size of job updated: 1617232
	1031  -  MemoryUsage of job (MB)
	1055584  -  ResidentSetSize of job (KB)
...
006 (5415472.428.000) 07/15 09:46:20 Image size of job updated: 1617232
	1031  -  MemoryUsage of job (MB)
	1055592  -  ResidentSetSize of job (KB)
...
006 (5415472.428.000) 07/15 10:11:22 Image size of job updated: 1617232
	1031  -  MemoryUsage of job (MB)
	1055600  -  ResidentSetSize of job (KB)
...
006 (5415472.428.000) 07/15 10:31:25 Image size of job updated: 1617232
	1031  -  MemoryUsage of job (MB)
	1055608  -  ResidentSetSize of job (KB)
...
006 (5415472.428.000) 07/15 10:51:28 Image size of job updated: 1617232
	1031  -  MemoryUsage of job (MB)
	1055616  -  ResidentSetSize of job (KB)
...
006 (5415472.428.000) 07/15 11:11:30 Image size of job updated: 1617232
	1031  -  MemoryUsage of job (MB)
	1055624  -  ResidentSetSize of job (KB)
...
006 (5415472.428.000) 07/15 11:31:32 Image size of job updated: 1617232
	1031  -  MemoryUsage of job (MB)
	1055632  -  ResidentSetSize of job (KB)
...
006 (5415472.428.000) 07/15 11:51:34 Image size of job updated: 1617232
	1031  -  MemoryUsage of job (MB)
	1055640  -  ResidentSetSize of job (KB)
...
006 (5415472.428.000) 07/15 12:06:35 Image size of job updated: 1617232
	1031  -  MemoryUsage of job (MB)
	1055648  -  ResidentSetSize of job (KB)
...
006 (5415472.428.000) 07/15 12:26:37 Image size of job updated: 1617232
	1031  -  MemoryUsage of job (MB)
	1055656  -  ResidentSetSize of job (KB)
...
006 (5415472.428.000) 07/15 12:46:40 Image size of job updated: 1617232
	1031  -  MemoryUsage of job (MB)
	1055660  -  ResidentSetSize of job (KB)
...
006 (5415472.428.000) 07/15 12:51:41 Image size of job updated: 1617232
	1031  -  MemoryUsage of job (MB)
	1055664  -  ResidentSetSize of job (KB)
...
006 (5415472.428.000) 07/15 13:11:41 Image size of job updated: 1617232
	1031  -  MemoryUsage of job (MB)
	1055672  -  ResidentSetSize of job (KB)
...
006 (5415472.428.000) 07/15 13:31:42 Image size of job updated: 1617232
	1031  -  MemoryUsage of job (MB)
	1055680  -  ResidentSetSize of job (KB)
...
006 (5415472.428.000) 07/15 13:51:43 Image size of job updated: 1617232
	1031  -  MemoryUsage of job (MB)
	1055688  -  ResidentSetSize of job (KB)
...
006 (5415472.428.000) 07/15 14:13:55 Image size of job updated: 1617232
	1031  -  MemoryUsage of job (MB)
	1055696  -  ResidentSetSize of job (KB)
...
006 (5415472.428.000) 07/15 14:33:58 Image size of job updated: 1617232
	1031  -  MemoryUsage of job (MB)
	1055704  -  ResidentSetSize of job (KB)
...
006 (5415472.428.000) 07/15 14:54:01 Image size of job updated: 1617232
	1031  -  MemoryUsage of job (MB)
	1055712  -  ResidentSetSize of job (KB)
...
006 (5415472.428.000) 07/15 15:19:03 Image size of job updated: 1617232
	1031  -  MemoryUsage of job (MB)
	1055720  -  ResidentSetSize of job (KB)
...
006 (5415472.428.000) 07/15 15:39:05 Image size of job updated: 1617232
	1031  -  MemoryUsage of job (MB)
	1055728  -  ResidentSetSize of job (KB)
...
006 (5415472.428.000) 07/15 15:59:05 Image size of job updated: 1617232
	1031  -  MemoryUsage of job (MB)
	1055736  -  ResidentSetSize of job (KB)
...
006 (5415472.428.000) 07/15 16:19:07 Image size of job updated: 1617232
	1031  -  MemoryUsage of job (MB)
	1055744  -  ResidentSetSize of job (KB)
...
006 (5415472.428.000) 07/15 16:39:10 Image size of job updated: 1617232
	1032  -  MemoryUsage of job (MB)
	1055752  -  ResidentSetSize of job (KB)
...
006 (5415472.428.000) 07/15 17:04:10 Image size of job updated: 1617232
	1032  -  MemoryUsage of job (MB)
	1055760  -  ResidentSetSize of job (KB)
...
006 (5415472.428.000) 07/15 17:19:12 Image size of job updated: 1617232
	1032  -  MemoryUsage of job (MB)
	1055768  -  ResidentSetSize of job (KB)
...
006 (5415472.428.000) 07/15 17:44:14 Image size of job updated: 1617232
	1032  -  MemoryUsage of job (MB)
	1055776  -  ResidentSetSize of job (KB)
...
006 (5415472.428.000) 07/15 18:04:15 Image size of job updated: 1617232
	1032  -  MemoryUsage of job (MB)
	1055784  -  ResidentSetSize of job (KB)
...
006 (5415472.428.000) 07/15 18:24:16 Image size of job updated: 1617232
	1032  -  MemoryUsage of job (MB)
	1055792  -  ResidentSetSize of job (KB)
...
006 (5415472.428.000) 07/15 18:49:20 Image size of job updated: 1617232
	1032  -  MemoryUsage of job (MB)
	1055800  -  ResidentSetSize of job (KB)
...
006 (5415472.428.000) 07/15 19:09:21 Image size of job updated: 1617232
	1032  -  MemoryUsage of job (MB)
	1055808  -  ResidentSetSize of job (KB)
...
006 (5415472.428.000) 07/15 19:34:24 Image size of job updated: 1617232
	1032  -  MemoryUsage of job (MB)
	1055816  -  ResidentSetSize of job (KB)
...
006 (5415472.428.000) 07/15 19:54:24 Image size of job updated: 1617232
	1032  -  MemoryUsage of job (MB)
	1055824  -  ResidentSetSize of job (KB)
...
006 (5415472.428.000) 07/15 20:14:24 Image size of job updated: 1617232
	1032  -  MemoryUsage of job (MB)
	1055832  -  ResidentSetSize of job (KB)
...
006 (5415472.428.000) 07/15 20:34:25 Image size of job updated: 1617232
	1032  -  MemoryUsage of job (MB)
	1055840  -  ResidentSetSize of job (KB)
...
006 (5415472.428.000) 07/15 20:54:28 Image size of job updated: 1617232
	1032  -  MemoryUsage of job (MB)
	1055848  -  ResidentSetSize of job (KB)
...
006 (5415472.428.000) 07/15 21:14:28 Image size of job updated: 1617232
	1032  -  MemoryUsage of job (MB)
	1055856  -  ResidentSetSize of job (KB)
...
006 (5415472.428.000) 07/15 21:29:30 Image size of job updated: 1617232
	1032  -  MemoryUsage of job (MB)
	1055864  -  ResidentSetSize of job (KB)
...
006 (5415472.428.000) 07/15 21:49:32 Image size of job updated: 1617232
	1032  -  MemoryUsage of job (MB)
	1055872  -  ResidentSetSize of job (KB)
...
006 (5415472.428.000) 07/15 22:09:34 Image size of job updated: 1617232
	1032  -  MemoryUsage of job (MB)
	1055880  -  ResidentSetSize of job (KB)
...
006 (5415472.428.000) 07/15 22:24:36 Image size of job updated: 1617232
	1032  -  MemoryUsage of job (MB)
	1055888  -  ResidentSetSize of job (KB)
...
006 (5415472.428.000) 07/15 22:44:38 Image size of job updated: 1617232
	1032  -  MemoryUsage of job (MB)
	1055896  -  ResidentSetSize of job (KB)
...
006 (5415472.428.000) 07/15 23:04:41 Image size of job updated: 1617232
	1032  -  MemoryUsage of job (MB)
	1055904  -  ResidentSetSize of job (KB)
...
006 (5415472.428.000) 07/15 23:24:42 Image size of job updated: 1617232
	1032  -  MemoryUsage of job (MB)
	1055912  -  ResidentSetSize of job (KB)
...
006 (5415472.428.000) 07/15 23:44:46 Image size of job updated: 1617232
	1032  -  MemoryUsage of job (MB)
	1055920  -  ResidentSetSize of job (KB)
...
006 (5415472.428.000) 07/16 00:04:47 Image size of job updated: 1617232
	1032  -  MemoryUsage of job (MB)
	1055928  -  ResidentSetSize of job (KB)
...
006 (5415472.428.000) 07/16 00:24:47 Image size of job updated: 1617232
	1032  -  MemoryUsage of job (MB)
	1055936  -  ResidentSetSize of job (KB)
...
006 (5415472.428.000) 07/16 00:49:48 Image size of job updated: 1617232
	1032  -  MemoryUsage of job (MB)
	1055944  -  ResidentSetSize of job (KB)
...
006 (5415472.428.000) 07/16 01:09:51 Image size of job updated: 1617232
	1032  -  MemoryUsage of job (MB)
	1055952  -  ResidentSetSize of job (KB)
...
006 (5415472.428.000) 07/16 01:29:52 Image size of job updated: 1617232
	1032  -  MemoryUsage of job (MB)
	1055960  -  ResidentSetSize of job (KB)
...
006 (5415472.428.000) 07/16 01:54:55 Image size of job updated: 1617232
	1032  -  MemoryUsage of job (MB)
	1055968  -  ResidentSetSize of job (KB)
...
006 (5415472.428.000) 07/16 02:14:56 Image size of job updated: 1617232
	1032  -  MemoryUsage of job (MB)
	1055976  -  ResidentSetSize of job (KB)
...
006 (5415472.428.000) 07/16 02:34:58 Image size of job updated: 1617232
	1032  -  MemoryUsage of job (MB)
	1055984  -  ResidentSetSize of job (KB)
...
006 (5415472.428.000) 07/16 02:55:00 Image size of job updated: 1617232
	1032  -  MemoryUsage of job (MB)
	1055992  -  ResidentSetSize of job (KB)
...
006 (5415472.428.000) 07/16 03:20:02 Image size of job updated: 1617232
	1032  -  MemoryUsage of job (MB)
	1056000  -  ResidentSetSize of job (KB)
...
006 (5415472.428.000) 07/16 03:40:06 Image size of job updated: 1617232
	1032  -  MemoryUsage of job (MB)
	1056008  -  ResidentSetSize of job (KB)
...
006 (5415472.428.000) 07/16 04:00:08 Image size of job updated: 1617232
	1032  -  MemoryUsage of job (MB)
	1056016  -  ResidentSetSize of job (KB)
...
006 (5415472.428.000) 07/16 04:25:09 Image size of job updated: 1617232
	1032  -  MemoryUsage of job (MB)
	1056024  -  ResidentSetSize of job (KB)
...
006 (5415472.428.000) 07/16 04:50:11 Image size of job updated: 1617232
	1032  -  MemoryUsage of job (MB)
	1056032  -  ResidentSetSize of job (KB)
...
006 (5415472.428.000) 07/16 05:10:13 Image size of job updated: 1617232
	1032  -  MemoryUsage of job (MB)
	1056040  -  ResidentSetSize of job (KB)
...
006 (5415472.428.000) 07/16 05:30:16 Image size of job updated: 1617232
	1032  -  MemoryUsage of job (MB)
	1056048  -  ResidentSetSize of job (KB)
...
006 (5415472.428.000) 07/16 05:55:20 Image size of job updated: 1617232
	1032  -  MemoryUsage of job (MB)
	1056056  -  ResidentSetSize of job (KB)
...
006 (5415472.428.000) 07/16 06:15:22 Image size of job updated: 1617232
	1032  -  MemoryUsage of job (MB)
	1056064  -  ResidentSetSize of job (KB)
...
006 (5415472.428.000) 07/16 06:35:25 Image size of job updated: 1617232
	1032  -  MemoryUsage of job (MB)
	1056072  -  ResidentSetSize of job (KB)
...
006 (5415472.428.000) 07/16 07:00:28 Image size of job updated: 1617232
	1032  -  MemoryUsage of job (MB)
	1056080  -  ResidentSetSize of job (KB)
...
006 (5415472.428.000) 07/16 07:20:30 Image size of job updated: 1617232
	1032  -  MemoryUsage of job (MB)
	1056088  -  ResidentSetSize of job (KB)
...
006 (5415472.428.000) 07/16 07:40:33 Image size of job updated: 1617232
	1032  -  MemoryUsage of job (MB)
	1056096  -  ResidentSetSize of job (KB)
...
006 (5415472.428.000) 07/16 08:00:34 Image size of job updated: 1617232
	1032  -  MemoryUsage of job (MB)
	1056104  -  ResidentSetSize of job (KB)
...
006 (5415472.428.000) 07/16 08:20:36 Image size of job updated: 1617232
	1032  -  MemoryUsage of job (MB)
	1056112  -  ResidentSetSize of job (KB)
...
006 (5415472.428.000) 07/16 08:35:38 Image size of job updated: 1617232
	1032  -  MemoryUsage of job (MB)
	1056120  -  ResidentSetSize of job (KB)
...
006 (5415472.428.000) 07/16 08:55:39 Image size of job updated: 1617232
	1032  -  MemoryUsage of job (MB)
	1056128  -  ResidentSetSize of job (KB)
...
006 (5415472.428.000) 07/16 09:15:40 Image size of job updated: 1617232
	1032  -  MemoryUsage of job (MB)
	1056136  -  ResidentSetSize of job (KB)
...
006 (5415472.428.000) 07/16 09:35:43 Image size of job updated: 1617232
	1032  -  MemoryUsage of job (MB)
	1056144  -  ResidentSetSize of job (KB)
...
006 (5415472.428.000) 07/16 09:50:45 Image size of job updated: 1617232
	1032  -  MemoryUsage of job (MB)
	1056148  -  ResidentSetSize of job (KB)
...
006 (5415472.428.000) 07/16 09:55:45 Image size of job updated: 1617232
	1032  -  MemoryUsage of job (MB)
	1056152  -  ResidentSetSize of job (KB)
...
006 (5415472.428.000) 07/16 10:10:46 Image size of job updated: 1617232
	1032  -  MemoryUsage of job (MB)
	1056160  -  ResidentSetSize of job (KB)
...
006 (5415472.428.000) 07/16 10:30:48 Image size of job updated: 1617232
	1032  -  MemoryUsage of job (MB)
	1056168  -  ResidentSetSize of job (KB)
...
006 (5415472.428.000) 07/16 10:50:51 Image size of job updated: 1617232
	1032  -  MemoryUsage of job (MB)
	1056176  -  ResidentSetSize of job (KB)
...
006 (5415472.428.000) 07/16 11:10:53 Image size of job updated: 1617232
	1032  -  MemoryUsage of job (MB)
	1056184  -  ResidentSetSize of job (KB)
...
006 (5415472.428.000) 07/16 11:25:54 Image size of job updated: 1617232
	1032  -  MemoryUsage of job (MB)
	1056192  -  ResidentSetSize of job (KB)
...
006 (5415472.428.000) 07/16 11:45:57 Image size of job updated: 1617232
	1032  -  MemoryUsage of job (MB)
	1056200  -  ResidentSetSize of job (KB)
...
006 (5415472.428.000) 07/16 12:06:00 Image size of job updated: 1617232
	1032  -  MemoryUsage of job (MB)
	1056208  -  ResidentSetSize of job (KB)
...
006 (5415472.428.000) 07/16 12:14:26 Image size of job updated: 1663252
	1032  -  MemoryUsage of job (MB)
	1056208  -  ResidentSetSize of job (KB)
...
040 (5415472.428.000) 07/16 12:15:35 Entered queue to transfer output files
...
040 (5415472.428.000) 07/16 12:15:49 Started transferring output files
...
040 (5415472.428.000) 07/16 12:16:16 Finished transferring output files
...
005 (5415472.428.000) 07/16 12:16:34 Job terminated.
	(1) Normal termination (return value 0)
		Usr 15 00:01:03, Sys 0 00:23:50  -  Run Remote Usage
		Usr 0 00:00:00, Sys 0 00:00:00  -  Run Local Usage
		Usr 15 00:01:03, Sys 0 00:23:50  -  Total Remote Usage
		Usr 0 00:00:00, Sys 0 00:00:00  -  Total Local Usage
	36701908  -  Run Bytes Sent By Job
	803  -  Run Bytes Received By Job
	36701908  -  Total Bytes Sent By Job
	803  -  Total Bytes Received By Job
	Partitionable Resources :    Usage  Request Allocated 
	   Cpus                 :        0        4         4 
	   Disk (KB)            :    35868 10485760  11796475 
	   Memory (MB)          :     1032     8000      8000 

	Job terminated of its own accord at 2021-07-16T10:14:26Z.
...
