000 (5415472.259.000) 07/11 14:02:29 Job submitted from host: <137.138.156.150:9618?addrs=137.138.156.150-9618+[2001-1458-d00-14--9a]-9618&alias=bigbird13.cern.ch&noUDP&sock=schedd_1788_ff6c>
...
040 (5415472.259.000) 07/11 14:31:15 Started transferring input files
	Transferring to host: <128.142.59.81:9618?addrs=128.142.59.81-9618+[2001-1458-301-21--100-50]-9618&alias=b7s04p1549.cern.ch&noUDP&sock=slot1_2_7179_013d_2061>
...
040 (5415472.259.000) 07/11 14:31:15 Finished transferring input files
...
001 (5415472.259.000) 07/11 14:31:16 Job executing on host: <128.142.59.81:9618?addrs=128.142.59.81-9618+[2001-1458-301-21--100-50]-9618&alias=b7s04p1549.cern.ch&noUDP&sock=startd_6584_a7a3>
...
006 (5415472.259.000) 07/11 14:31:25 Image size of job updated: 128600
	67  -  MemoryUsage of job (MB)
	67616  -  ResidentSetSize of job (KB)
...
006 (5415472.259.000) 07/11 14:36:26 Image size of job updated: 1590960
	1004  -  MemoryUsage of job (MB)
	1027400  -  ResidentSetSize of job (KB)
...
006 (5415472.259.000) 07/12 21:04:29 Image size of job updated: 1591944
	1005  -  MemoryUsage of job (MB)
	1028308  -  ResidentSetSize of job (KB)
...
006 (5415472.259.000) 07/12 21:44:31 Image size of job updated: 1592848
	1006  -  MemoryUsage of job (MB)
	1029212  -  ResidentSetSize of job (KB)
...
006 (5415472.259.000) 07/12 22:24:36 Image size of job updated: 1593756
	1006  -  MemoryUsage of job (MB)
	1030120  -  ResidentSetSize of job (KB)
...
006 (5415472.259.000) 07/12 23:04:39 Image size of job updated: 1594660
	1007  -  MemoryUsage of job (MB)
	1031024  -  ResidentSetSize of job (KB)
...
006 (5415472.259.000) 07/12 23:44:42 Image size of job updated: 1595568
	1008  -  MemoryUsage of job (MB)
	1031928  -  ResidentSetSize of job (KB)
...
006 (5415472.259.000) 07/13 00:24:46 Image size of job updated: 1596472
	1009  -  MemoryUsage of job (MB)
	1032836  -  ResidentSetSize of job (KB)
...
006 (5415472.259.000) 07/13 01:04:48 Image size of job updated: 1597376
	1010  -  MemoryUsage of job (MB)
	1033740  -  ResidentSetSize of job (KB)
...
006 (5415472.259.000) 07/13 01:44:52 Image size of job updated: 1598284
	1011  -  MemoryUsage of job (MB)
	1034648  -  ResidentSetSize of job (KB)
...
006 (5415472.259.000) 07/13 02:24:56 Image size of job updated: 1599188
	1012  -  MemoryUsage of job (MB)
	1035552  -  ResidentSetSize of job (KB)
...
006 (5415472.259.000) 07/13 03:04:59 Image size of job updated: 1600096
	1013  -  MemoryUsage of job (MB)
	1036460  -  ResidentSetSize of job (KB)
...
006 (5415472.259.000) 07/13 03:45:04 Image size of job updated: 1601000
	1014  -  MemoryUsage of job (MB)
	1037364  -  ResidentSetSize of job (KB)
...
006 (5415472.259.000) 07/13 04:25:08 Image size of job updated: 1601904
	1014  -  MemoryUsage of job (MB)
	1038268  -  ResidentSetSize of job (KB)
...
006 (5415472.259.000) 07/13 05:05:12 Image size of job updated: 1602812
	1015  -  MemoryUsage of job (MB)
	1039176  -  ResidentSetSize of job (KB)
...
006 (5415472.259.000) 07/13 05:45:14 Image size of job updated: 1603716
	1016  -  MemoryUsage of job (MB)
	1040080  -  ResidentSetSize of job (KB)
...
006 (5415472.259.000) 07/13 06:25:19 Image size of job updated: 1604624
	1017  -  MemoryUsage of job (MB)
	1040988  -  ResidentSetSize of job (KB)
...
006 (5415472.259.000) 07/13 07:05:24 Image size of job updated: 1605528
	1018  -  MemoryUsage of job (MB)
	1041892  -  ResidentSetSize of job (KB)
...
006 (5415472.259.000) 07/13 07:45:30 Image size of job updated: 1606432
	1019  -  MemoryUsage of job (MB)
	1042796  -  ResidentSetSize of job (KB)
...
006 (5415472.259.000) 07/13 08:30:35 Image size of job updated: 1607340
	1020  -  MemoryUsage of job (MB)
	1043704  -  ResidentSetSize of job (KB)
...
006 (5415472.259.000) 07/13 09:10:38 Image size of job updated: 1608244
	1021  -  MemoryUsage of job (MB)
	1044608  -  ResidentSetSize of job (KB)
...
006 (5415472.259.000) 07/13 09:50:42 Image size of job updated: 1609152
	1022  -  MemoryUsage of job (MB)
	1045516  -  ResidentSetSize of job (KB)
...
006 (5415472.259.000) 07/13 10:30:46 Image size of job updated: 1610056
	1022  -  MemoryUsage of job (MB)
	1046420  -  ResidentSetSize of job (KB)
...
006 (5415472.259.000) 07/13 10:50:47 Image size of job updated: 1613128
	1024  -  MemoryUsage of job (MB)
	1047968  -  ResidentSetSize of job (KB)
...
006 (5415472.259.000) 07/13 11:00:49 Image size of job updated: 1613128
	1024  -  MemoryUsage of job (MB)
	1047980  -  ResidentSetSize of job (KB)
...
006 (5415472.259.000) 07/13 11:20:49 Image size of job updated: 1613128
	1024  -  MemoryUsage of job (MB)
	1047992  -  ResidentSetSize of job (KB)
...
006 (5415472.259.000) 07/13 11:40:51 Image size of job updated: 1613128
	1024  -  MemoryUsage of job (MB)
	1048004  -  ResidentSetSize of job (KB)
...
006 (5415472.259.000) 07/13 11:50:51 Image size of job updated: 1614032
	1025  -  MemoryUsage of job (MB)
	1048908  -  ResidentSetSize of job (KB)
...
006 (5415472.259.000) 07/13 12:00:53 Image size of job updated: 1614032
	1025  -  MemoryUsage of job (MB)
	1048920  -  ResidentSetSize of job (KB)
...
006 (5415472.259.000) 07/13 12:20:54 Image size of job updated: 1614032
	1025  -  MemoryUsage of job (MB)
	1048932  -  ResidentSetSize of job (KB)
...
006 (5415472.259.000) 07/13 12:35:54 Image size of job updated: 1614940
	1026  -  MemoryUsage of job (MB)
	1049840  -  ResidentSetSize of job (KB)
...
006 (5415472.259.000) 07/13 12:50:56 Image size of job updated: 1614940
	1026  -  MemoryUsage of job (MB)
	1049852  -  ResidentSetSize of job (KB)
...
006 (5415472.259.000) 07/13 13:10:56 Image size of job updated: 1614940
	1026  -  MemoryUsage of job (MB)
	1049864  -  ResidentSetSize of job (KB)
...
006 (5415472.259.000) 07/13 13:20:56 Image size of job updated: 1615844
	1027  -  MemoryUsage of job (MB)
	1050768  -  ResidentSetSize of job (KB)
...
006 (5415472.259.000) 07/13 13:40:58 Image size of job updated: 1615844
	1027  -  MemoryUsage of job (MB)
	1050780  -  ResidentSetSize of job (KB)
...
006 (5415472.259.000) 07/13 14:05:59 Image size of job updated: 1615844
	1027  -  MemoryUsage of job (MB)
	1050792  -  ResidentSetSize of job (KB)
...
006 (5415472.259.000) 07/13 14:10:59 Image size of job updated: 1616752
	1028  -  MemoryUsage of job (MB)
	1051700  -  ResidentSetSize of job (KB)
...
006 (5415472.259.000) 07/13 14:31:00 Image size of job updated: 1616752
	1028  -  MemoryUsage of job (MB)
	1051712  -  ResidentSetSize of job (KB)
...
006 (5415472.259.000) 07/13 14:56:03 Image size of job updated: 1617656
	1028  -  MemoryUsage of job (MB)
	1052628  -  ResidentSetSize of job (KB)
...
006 (5415472.259.000) 07/13 15:21:05 Image size of job updated: 1617656
	1028  -  MemoryUsage of job (MB)
	1052640  -  ResidentSetSize of job (KB)
...
006 (5415472.259.000) 07/13 15:41:08 Image size of job updated: 1618564
	1029  -  MemoryUsage of job (MB)
	1053548  -  ResidentSetSize of job (KB)
...
006 (5415472.259.000) 07/13 15:46:08 Image size of job updated: 1618564
	1029  -  MemoryUsage of job (MB)
	1053560  -  ResidentSetSize of job (KB)
...
006 (5415472.259.000) 07/13 16:11:10 Image size of job updated: 1618564
	1029  -  MemoryUsage of job (MB)
	1053572  -  ResidentSetSize of job (KB)
...
006 (5415472.259.000) 07/13 16:26:12 Image size of job updated: 1619468
	1030  -  MemoryUsage of job (MB)
	1054476  -  ResidentSetSize of job (KB)
...
006 (5415472.259.000) 07/13 16:31:13 Image size of job updated: 1619468
	1030  -  MemoryUsage of job (MB)
	1054488  -  ResidentSetSize of job (KB)
...
006 (5415472.259.000) 07/13 16:51:14 Image size of job updated: 1619468
	1030  -  MemoryUsage of job (MB)
	1054500  -  ResidentSetSize of job (KB)
...
006 (5415472.259.000) 07/13 17:06:18 Image size of job updated: 1620372
	1031  -  MemoryUsage of job (MB)
	1055404  -  ResidentSetSize of job (KB)
...
006 (5415472.259.000) 07/13 17:11:18 Image size of job updated: 1620372
	1031  -  MemoryUsage of job (MB)
	1055416  -  ResidentSetSize of job (KB)
...
006 (5415472.259.000) 07/13 17:35:03 Image size of job updated: 1620372
	1031  -  MemoryUsage of job (MB)
	1055428  -  ResidentSetSize of job (KB)
...
006 (5415472.259.000) 07/13 17:43:18 Image size of job updated: 1621280
	1032  -  MemoryUsage of job (MB)
	1056336  -  ResidentSetSize of job (KB)
...
006 (5415472.259.000) 07/13 17:53:18 Image size of job updated: 1621280
	1032  -  MemoryUsage of job (MB)
	1056348  -  ResidentSetSize of job (KB)
...
006 (5415472.259.000) 07/13 18:13:20 Image size of job updated: 1621280
	1032  -  MemoryUsage of job (MB)
	1056360  -  ResidentSetSize of job (KB)
...
006 (5415472.259.000) 07/13 18:18:21 Image size of job updated: 1622184
	1033  -  MemoryUsage of job (MB)
	1057264  -  ResidentSetSize of job (KB)
...
006 (5415472.259.000) 07/13 18:33:21 Image size of job updated: 1622184
	1033  -  MemoryUsage of job (MB)
	1057276  -  ResidentSetSize of job (KB)
...
006 (5415472.259.000) 07/13 18:53:25 Image size of job updated: 1622184
	1033  -  MemoryUsage of job (MB)
	1057288  -  ResidentSetSize of job (KB)
...
006 (5415472.259.000) 07/13 18:58:26 Image size of job updated: 1623092
	1034  -  MemoryUsage of job (MB)
	1058196  -  ResidentSetSize of job (KB)
...
006 (5415472.259.000) 07/13 19:13:26 Image size of job updated: 1623092
	1034  -  MemoryUsage of job (MB)
	1058208  -  ResidentSetSize of job (KB)
...
006 (5415472.259.000) 07/13 19:33:29 Image size of job updated: 1623092
	1034  -  MemoryUsage of job (MB)
	1058220  -  ResidentSetSize of job (KB)
...
006 (5415472.259.000) 07/13 19:38:29 Image size of job updated: 1623996
	1035  -  MemoryUsage of job (MB)
	1059124  -  ResidentSetSize of job (KB)
...
006 (5415472.259.000) 07/13 19:53:30 Image size of job updated: 1623996
	1035  -  MemoryUsage of job (MB)
	1059136  -  ResidentSetSize of job (KB)
...
006 (5415472.259.000) 07/13 20:18:33 Image size of job updated: 1624900
	1036  -  MemoryUsage of job (MB)
	1060052  -  ResidentSetSize of job (KB)
...
006 (5415472.259.000) 07/13 20:38:35 Image size of job updated: 1624900
	1036  -  MemoryUsage of job (MB)
	1060064  -  ResidentSetSize of job (KB)
...
006 (5415472.259.000) 07/13 20:58:38 Image size of job updated: 1625808
	1037  -  MemoryUsage of job (MB)
	1060984  -  ResidentSetSize of job (KB)
...
006 (5415472.259.000) 07/13 21:18:42 Image size of job updated: 1625808
	1037  -  MemoryUsage of job (MB)
	1060996  -  ResidentSetSize of job (KB)
...
006 (5415472.259.000) 07/13 21:33:44 Image size of job updated: 1626712
	1038  -  MemoryUsage of job (MB)
	1061900  -  ResidentSetSize of job (KB)
...
006 (5415472.259.000) 07/13 21:38:44 Image size of job updated: 1626712
	1038  -  MemoryUsage of job (MB)
	1061912  -  ResidentSetSize of job (KB)
...
006 (5415472.259.000) 07/13 21:58:47 Image size of job updated: 1626712
	1038  -  MemoryUsage of job (MB)
	1061924  -  ResidentSetSize of job (KB)
...
006 (5415472.259.000) 07/13 22:13:50 Image size of job updated: 1627620
	1038  -  MemoryUsage of job (MB)
	1062832  -  ResidentSetSize of job (KB)
...
006 (5415472.259.000) 07/13 22:18:50 Image size of job updated: 1627620
	1038  -  MemoryUsage of job (MB)
	1062844  -  ResidentSetSize of job (KB)
...
006 (5415472.259.000) 07/13 22:43:55 Image size of job updated: 1627620
	1038  -  MemoryUsage of job (MB)
	1062856  -  ResidentSetSize of job (KB)
...
006 (5415472.259.000) 07/13 22:58:57 Image size of job updated: 1628524
	1039  -  MemoryUsage of job (MB)
	1063760  -  ResidentSetSize of job (KB)
...
006 (5415472.259.000) 07/13 23:03:57 Image size of job updated: 1628524
	1039  -  MemoryUsage of job (MB)
	1063772  -  ResidentSetSize of job (KB)
...
006 (5415472.259.000) 07/13 23:28:59 Image size of job updated: 1628524
	1039  -  MemoryUsage of job (MB)
	1063784  -  ResidentSetSize of job (KB)
...
006 (5415472.259.000) 07/13 23:39:01 Image size of job updated: 1629428
	1040  -  MemoryUsage of job (MB)
	1064688  -  ResidentSetSize of job (KB)
...
006 (5415472.259.000) 07/13 23:49:02 Image size of job updated: 1629428
	1040  -  MemoryUsage of job (MB)
	1064700  -  ResidentSetSize of job (KB)
...
006 (5415472.259.000) 07/14 00:14:05 Image size of job updated: 1629428
	1040  -  MemoryUsage of job (MB)
	1064712  -  ResidentSetSize of job (KB)
...
006 (5415472.259.000) 07/14 00:19:05 Image size of job updated: 1629428
	1041  -  MemoryUsage of job (MB)
	1065620  -  ResidentSetSize of job (KB)
...
006 (5415472.259.000) 07/14 00:24:06 Image size of job updated: 1630336
	1041  -  MemoryUsage of job (MB)
	1065620  -  ResidentSetSize of job (KB)
...
006 (5415472.259.000) 07/14 00:34:07 Image size of job updated: 1630336
	1041  -  MemoryUsage of job (MB)
	1065632  -  ResidentSetSize of job (KB)
...
006 (5415472.259.000) 07/14 00:59:10 Image size of job updated: 1630336
	1041  -  MemoryUsage of job (MB)
	1065644  -  ResidentSetSize of job (KB)
...
006 (5415472.259.000) 07/14 01:04:11 Image size of job updated: 1631240
	1042  -  MemoryUsage of job (MB)
	1066548  -  ResidentSetSize of job (KB)
...
006 (5415472.259.000) 07/14 01:19:12 Image size of job updated: 1631240
	1042  -  MemoryUsage of job (MB)
	1066560  -  ResidentSetSize of job (KB)
...
006 (5415472.259.000) 07/14 01:39:16 Image size of job updated: 1631240
	1042  -  MemoryUsage of job (MB)
	1066572  -  ResidentSetSize of job (KB)
...
006 (5415472.259.000) 07/14 01:44:16 Image size of job updated: 1632148
	1043  -  MemoryUsage of job (MB)
	1067480  -  ResidentSetSize of job (KB)
...
006 (5415472.259.000) 07/14 01:59:18 Image size of job updated: 1632148
	1043  -  MemoryUsage of job (MB)
	1067492  -  ResidentSetSize of job (KB)
...
006 (5415472.259.000) 07/14 02:24:21 Image size of job updated: 1636676
	1047  -  MemoryUsage of job (MB)
	1072032  -  ResidentSetSize of job (KB)
...
006 (5415472.259.000) 07/14 02:44:23 Image size of job updated: 1636676
	1047  -  MemoryUsage of job (MB)
	1072044  -  ResidentSetSize of job (KB)
...
006 (5415472.259.000) 07/14 03:04:25 Image size of job updated: 1636676
	1047  -  MemoryUsage of job (MB)
	1072056  -  ResidentSetSize of job (KB)
...
006 (5415472.259.000) 07/14 03:29:27 Image size of job updated: 1636676
	1047  -  MemoryUsage of job (MB)
	1072068  -  ResidentSetSize of job (KB)
...
006 (5415472.259.000) 07/14 03:49:29 Image size of job updated: 1636676
	1047  -  MemoryUsage of job (MB)
	1072080  -  ResidentSetSize of job (KB)
...
006 (5415472.259.000) 07/14 04:14:31 Image size of job updated: 1636676
	1047  -  MemoryUsage of job (MB)
	1072092  -  ResidentSetSize of job (KB)
...
006 (5415472.259.000) 07/14 04:39:35 Image size of job updated: 1636676
	1047  -  MemoryUsage of job (MB)
	1072104  -  ResidentSetSize of job (KB)
...
006 (5415472.259.000) 07/14 04:59:36 Image size of job updated: 1636676
	1047  -  MemoryUsage of job (MB)
	1072116  -  ResidentSetSize of job (KB)
...
006 (5415472.259.000) 07/14 05:24:37 Image size of job updated: 1636676
	1047  -  MemoryUsage of job (MB)
	1072128  -  ResidentSetSize of job (KB)
...
006 (5415472.259.000) 07/14 05:44:39 Image size of job updated: 1636676
	1048  -  MemoryUsage of job (MB)
	1072140  -  ResidentSetSize of job (KB)
...
006 (5415472.259.000) 07/14 06:09:42 Image size of job updated: 1636676
	1048  -  MemoryUsage of job (MB)
	1072152  -  ResidentSetSize of job (KB)
...
006 (5415472.259.000) 07/14 06:34:46 Image size of job updated: 1636676
	1048  -  MemoryUsage of job (MB)
	1072164  -  ResidentSetSize of job (KB)
...
006 (5415472.259.000) 07/14 06:54:47 Image size of job updated: 1636676
	1048  -  MemoryUsage of job (MB)
	1072176  -  ResidentSetSize of job (KB)
...
006 (5415472.259.000) 07/14 07:19:49 Image size of job updated: 1636676
	1048  -  MemoryUsage of job (MB)
	1072188  -  ResidentSetSize of job (KB)
...
006 (5415472.259.000) 07/14 07:39:52 Image size of job updated: 1636676
	1048  -  MemoryUsage of job (MB)
	1072200  -  ResidentSetSize of job (KB)
...
006 (5415472.259.000) 07/14 08:04:53 Image size of job updated: 1636676
	1048  -  MemoryUsage of job (MB)
	1072212  -  ResidentSetSize of job (KB)
...
006 (5415472.259.000) 07/14 08:24:55 Image size of job updated: 1636676
	1048  -  MemoryUsage of job (MB)
	1072224  -  ResidentSetSize of job (KB)
...
006 (5415472.259.000) 07/14 08:44:58 Image size of job updated: 1636676
	1048  -  MemoryUsage of job (MB)
	1072236  -  ResidentSetSize of job (KB)
...
006 (5415472.259.000) 07/14 09:05:01 Image size of job updated: 1636676
	1048  -  MemoryUsage of job (MB)
	1072248  -  ResidentSetSize of job (KB)
...
006 (5415472.259.000) 07/14 09:25:03 Image size of job updated: 1636676
	1048  -  MemoryUsage of job (MB)
	1072260  -  ResidentSetSize of job (KB)
...
006 (5415472.259.000) 07/14 09:45:03 Image size of job updated: 1636676
	1048  -  MemoryUsage of job (MB)
	1072272  -  ResidentSetSize of job (KB)
...
006 (5415472.259.000) 07/14 10:05:03 Image size of job updated: 1636676
	1048  -  MemoryUsage of job (MB)
	1072284  -  ResidentSetSize of job (KB)
...
006 (5415472.259.000) 07/14 10:25:03 Image size of job updated: 1636676
	1048  -  MemoryUsage of job (MB)
	1072296  -  ResidentSetSize of job (KB)
...
006 (5415472.259.000) 07/14 10:45:05 Image size of job updated: 1636676
	1048  -  MemoryUsage of job (MB)
	1072308  -  ResidentSetSize of job (KB)
...
006 (5415472.259.000) 07/14 11:10:06 Image size of job updated: 1636676
	1048  -  MemoryUsage of job (MB)
	1072320  -  ResidentSetSize of job (KB)
...
006 (5415472.259.000) 07/14 11:30:08 Image size of job updated: 1636676
	1048  -  MemoryUsage of job (MB)
	1072332  -  ResidentSetSize of job (KB)
...
006 (5415472.259.000) 07/14 11:50:12 Image size of job updated: 1636676
	1048  -  MemoryUsage of job (MB)
	1072344  -  ResidentSetSize of job (KB)
...
006 (5415472.259.000) 07/14 12:10:14 Image size of job updated: 1636676
	1048  -  MemoryUsage of job (MB)
	1072356  -  ResidentSetSize of job (KB)
...
006 (5415472.259.000) 07/14 12:30:16 Image size of job updated: 1636676
	1048  -  MemoryUsage of job (MB)
	1072368  -  ResidentSetSize of job (KB)
...
006 (5415472.259.000) 07/14 12:50:18 Image size of job updated: 1636676
	1048  -  MemoryUsage of job (MB)
	1072380  -  ResidentSetSize of job (KB)
...
006 (5415472.259.000) 07/14 13:15:20 Image size of job updated: 1636676
	1048  -  MemoryUsage of job (MB)
	1072392  -  ResidentSetSize of job (KB)
...
006 (5415472.259.000) 07/14 13:35:22 Image size of job updated: 1636676
	1048  -  MemoryUsage of job (MB)
	1072404  -  ResidentSetSize of job (KB)
...
006 (5415472.259.000) 07/14 13:55:23 Image size of job updated: 1636676
	1048  -  MemoryUsage of job (MB)
	1072416  -  ResidentSetSize of job (KB)
...
006 (5415472.259.000) 07/14 14:15:25 Image size of job updated: 1636676
	1048  -  MemoryUsage of job (MB)
	1072424  -  ResidentSetSize of job (KB)
...
006 (5415472.259.000) 07/14 14:20:25 Image size of job updated: 1636676
	1048  -  MemoryUsage of job (MB)
	1072428  -  ResidentSetSize of job (KB)
...
006 (5415472.259.000) 07/14 14:40:27 Image size of job updated: 1636676
	1048  -  MemoryUsage of job (MB)
	1072440  -  ResidentSetSize of job (KB)
...
006 (5415472.259.000) 07/14 15:00:30 Image size of job updated: 1636676
	1048  -  MemoryUsage of job (MB)
	1072452  -  ResidentSetSize of job (KB)
...
006 (5415472.259.000) 07/14 15:25:33 Image size of job updated: 1636676
	1048  -  MemoryUsage of job (MB)
	1072464  -  ResidentSetSize of job (KB)
...
006 (5415472.259.000) 07/14 15:45:36 Image size of job updated: 1636676
	1048  -  MemoryUsage of job (MB)
	1072476  -  ResidentSetSize of job (KB)
...
006 (5415472.259.000) 07/14 16:05:37 Image size of job updated: 1636676
	1048  -  MemoryUsage of job (MB)
	1072488  -  ResidentSetSize of job (KB)
...
006 (5415472.259.000) 07/14 16:30:41 Image size of job updated: 1636676
	1048  -  MemoryUsage of job (MB)
	1072500  -  ResidentSetSize of job (KB)
...
006 (5415472.259.000) 07/14 16:50:45 Image size of job updated: 1636676
	1048  -  MemoryUsage of job (MB)
	1072512  -  ResidentSetSize of job (KB)
...
006 (5415472.259.000) 07/14 17:10:46 Image size of job updated: 1636676
	1048  -  MemoryUsage of job (MB)
	1072524  -  ResidentSetSize of job (KB)
...
006 (5415472.259.000) 07/14 17:35:49 Image size of job updated: 1636676
	1048  -  MemoryUsage of job (MB)
	1072536  -  ResidentSetSize of job (KB)
...
006 (5415472.259.000) 07/14 17:55:50 Image size of job updated: 1636676
	1048  -  MemoryUsage of job (MB)
	1072548  -  ResidentSetSize of job (KB)
...
006 (5415472.259.000) 07/14 18:20:52 Image size of job updated: 1636676
	1048  -  MemoryUsage of job (MB)
	1072560  -  ResidentSetSize of job (KB)
...
006 (5415472.259.000) 07/14 18:40:56 Image size of job updated: 1636676
	1048  -  MemoryUsage of job (MB)
	1072572  -  ResidentSetSize of job (KB)
...
006 (5415472.259.000) 07/14 19:00:59 Image size of job updated: 1636676
	1048  -  MemoryUsage of job (MB)
	1072584  -  ResidentSetSize of job (KB)
...
006 (5415472.259.000) 07/14 19:26:01 Image size of job updated: 1636676
	1048  -  MemoryUsage of job (MB)
	1072596  -  ResidentSetSize of job (KB)
...
006 (5415472.259.000) 07/14 19:46:05 Image size of job updated: 1636676
	1048  -  MemoryUsage of job (MB)
	1072608  -  ResidentSetSize of job (KB)
...
006 (5415472.259.000) 07/14 20:06:07 Image size of job updated: 1636676
	1048  -  MemoryUsage of job (MB)
	1072620  -  ResidentSetSize of job (KB)
...
006 (5415472.259.000) 07/14 20:26:11 Image size of job updated: 1636676
	1048  -  MemoryUsage of job (MB)
	1072632  -  ResidentSetSize of job (KB)
...
006 (5415472.259.000) 07/14 20:51:13 Image size of job updated: 1636676
	1048  -  MemoryUsage of job (MB)
	1072644  -  ResidentSetSize of job (KB)
...
007 (5415472.259.000) 07/14 21:03:55 Shadow exception!
	Assertion ERROR on (result)
	0  -  Run Bytes Sent By Job
	803  -  Run Bytes Received By Job
...
040 (5415472.259.000) 07/14 21:26:28 Started transferring input files
	Transferring to host: <128.142.86.125:9618?addrs=128.142.86.125-9618+[2001-1458-301-f6--100-db]-9618&alias=b7s14n2962.cern.ch&noUDP&sock=slot1_1_5952_78eb_76433>
...
040 (5415472.259.000) 07/14 21:26:46 Finished transferring input files
...
001 (5415472.259.000) 07/14 21:27:10 Job executing on host: <128.142.86.125:9618?addrs=128.142.86.125-9618+[2001-1458-301-f6--100-db]-9618&alias=b7s14n2962.cern.ch&noUDP&sock=startd_4697_546d>
...
