000 (5415472.020.000) 07/11 14:02:28 Job submitted from host: <137.138.156.150:9618?addrs=137.138.156.150-9618+[2001-1458-d00-14--9a]-9618&alias=bigbird13.cern.ch&noUDP&sock=schedd_1788_ff6c>
...
040 (5415472.020.000) 07/11 14:03:21 Started transferring input files
	Transferring to host: <128.142.56.154:9618?addrs=128.142.56.154-9618+[2001-1458-301-6--100-99]-9618&alias=b7s01p2419.cern.ch&noUDP&sock=slot1_21_54030_c5ce_5734>
...
040 (5415472.020.000) 07/11 14:03:21 Finished transferring input files
...
001 (5415472.020.000) 07/11 14:03:22 Job executing on host: <128.142.56.154:9618?addrs=128.142.56.154-9618+[2001-1458-301-6--100-99]-9618&alias=b7s01p2419.cern.ch&noUDP&sock=startd_50925_e489>
...
006 (5415472.020.000) 07/11 14:03:31 Image size of job updated: 397004
	56  -  MemoryUsage of job (MB)
	57128  -  ResidentSetSize of job (KB)
...
006 (5415472.020.000) 07/11 14:08:31 Image size of job updated: 1590920
	1004  -  MemoryUsage of job (MB)
	1027360  -  ResidentSetSize of job (KB)
...
006 (5415472.020.000) 07/12 22:46:49 Image size of job updated: 1591900
	1004  -  MemoryUsage of job (MB)
	1027360  -  ResidentSetSize of job (KB)
...
006 (5415472.020.000) 07/12 23:31:55 Image size of job updated: 1592804
	1004  -  MemoryUsage of job (MB)
	1027360  -  ResidentSetSize of job (KB)
...
006 (5415472.020.000) 07/13 00:12:00 Image size of job updated: 1593712
	1004  -  MemoryUsage of job (MB)
	1027360  -  ResidentSetSize of job (KB)
...
006 (5415472.020.000) 07/13 00:52:02 Image size of job updated: 1594616
	1004  -  MemoryUsage of job (MB)
	1027908  -  ResidentSetSize of job (KB)
...
006 (5415472.020.000) 07/13 01:37:06 Image size of job updated: 1595524
	1005  -  MemoryUsage of job (MB)
	1028816  -  ResidentSetSize of job (KB)
...
006 (5415472.020.000) 07/13 02:17:10 Image size of job updated: 1596428
	1006  -  MemoryUsage of job (MB)
	1029720  -  ResidentSetSize of job (KB)
...
006 (5415472.020.000) 07/13 02:57:14 Image size of job updated: 1597336
	1007  -  MemoryUsage of job (MB)
	1030628  -  ResidentSetSize of job (KB)
...
006 (5415472.020.000) 07/13 03:42:17 Image size of job updated: 1598240
	1008  -  MemoryUsage of job (MB)
	1031532  -  ResidentSetSize of job (KB)
...
006 (5415472.020.000) 07/13 04:27:21 Image size of job updated: 1599144
	1009  -  MemoryUsage of job (MB)
	1032436  -  ResidentSetSize of job (KB)
...
006 (5415472.020.000) 07/13 05:07:25 Image size of job updated: 1599144
	1010  -  MemoryUsage of job (MB)
	1033344  -  ResidentSetSize of job (KB)
...
006 (5415472.020.000) 07/13 05:12:25 Image size of job updated: 1600052
	1010  -  MemoryUsage of job (MB)
	1033344  -  ResidentSetSize of job (KB)
...
006 (5415472.020.000) 07/13 05:52:30 Image size of job updated: 1600956
	1011  -  MemoryUsage of job (MB)
	1034248  -  ResidentSetSize of job (KB)
...
006 (5415472.020.000) 07/13 06:37:36 Image size of job updated: 1601864
	1011  -  MemoryUsage of job (MB)
	1035156  -  ResidentSetSize of job (KB)
...
006 (5415472.020.000) 07/13 07:22:44 Image size of job updated: 1602768
	1012  -  MemoryUsage of job (MB)
	1036060  -  ResidentSetSize of job (KB)
...
006 (5415472.020.000) 07/13 08:07:50 Image size of job updated: 1603672
	1013  -  MemoryUsage of job (MB)
	1036964  -  ResidentSetSize of job (KB)
...
006 (5415472.020.000) 07/13 08:52:54 Image size of job updated: 1604580
	1014  -  MemoryUsage of job (MB)
	1037872  -  ResidentSetSize of job (KB)
...
006 (5415472.020.000) 07/13 09:32:58 Image size of job updated: 1605484
	1015  -  MemoryUsage of job (MB)
	1038776  -  ResidentSetSize of job (KB)
...
006 (5415472.020.000) 07/13 10:13:02 Image size of job updated: 1606392
	1016  -  MemoryUsage of job (MB)
	1039684  -  ResidentSetSize of job (KB)
...
006 (5415472.020.000) 07/13 10:53:30 Image size of job updated: 1607296
	1017  -  MemoryUsage of job (MB)
	1040588  -  ResidentSetSize of job (KB)
...
006 (5415472.020.000) 07/13 11:40:38 Image size of job updated: 1608200
	1018  -  MemoryUsage of job (MB)
	1041492  -  ResidentSetSize of job (KB)
...
006 (5415472.020.000) 07/13 12:20:40 Image size of job updated: 1609108
	1018  -  MemoryUsage of job (MB)
	1042400  -  ResidentSetSize of job (KB)
...
006 (5415472.020.000) 07/13 13:00:44 Image size of job updated: 1610012
	1019  -  MemoryUsage of job (MB)
	1043304  -  ResidentSetSize of job (KB)
...
006 (5415472.020.000) 07/13 13:20:45 Image size of job updated: 1613084
	1021  -  MemoryUsage of job (MB)
	1044852  -  ResidentSetSize of job (KB)
...
006 (5415472.020.000) 07/13 13:25:46 Image size of job updated: 1613084
	1021  -  MemoryUsage of job (MB)
	1044864  -  ResidentSetSize of job (KB)
...
006 (5415472.020.000) 07/13 13:50:48 Image size of job updated: 1613084
	1021  -  MemoryUsage of job (MB)
	1044876  -  ResidentSetSize of job (KB)
...
006 (5415472.020.000) 07/13 14:10:49 Image size of job updated: 1613084
	1021  -  MemoryUsage of job (MB)
	1044888  -  ResidentSetSize of job (KB)
...
006 (5415472.020.000) 07/13 14:25:52 Image size of job updated: 1613992
	1022  -  MemoryUsage of job (MB)
	1045796  -  ResidentSetSize of job (KB)
...
006 (5415472.020.000) 07/13 14:35:52 Image size of job updated: 1613992
	1022  -  MemoryUsage of job (MB)
	1045808  -  ResidentSetSize of job (KB)
...
006 (5415472.020.000) 07/13 14:55:55 Image size of job updated: 1613992
	1022  -  MemoryUsage of job (MB)
	1045820  -  ResidentSetSize of job (KB)
...
006 (5415472.020.000) 07/13 15:05:55 Image size of job updated: 1614896
	1023  -  MemoryUsage of job (MB)
	1046724  -  ResidentSetSize of job (KB)
...
006 (5415472.020.000) 07/13 15:20:58 Image size of job updated: 1614896
	1023  -  MemoryUsage of job (MB)
	1046736  -  ResidentSetSize of job (KB)
...
006 (5415472.020.000) 07/13 15:41:01 Image size of job updated: 1614896
	1023  -  MemoryUsage of job (MB)
	1046748  -  ResidentSetSize of job (KB)
...
006 (5415472.020.000) 07/13 15:46:01 Image size of job updated: 1615800
	1024  -  MemoryUsage of job (MB)
	1047652  -  ResidentSetSize of job (KB)
...
006 (5415472.020.000) 07/13 16:01:02 Image size of job updated: 1615800
	1024  -  MemoryUsage of job (MB)
	1047664  -  ResidentSetSize of job (KB)
...
006 (5415472.020.000) 07/13 16:21:04 Image size of job updated: 1615800
	1024  -  MemoryUsage of job (MB)
	1047676  -  ResidentSetSize of job (KB)
...
006 (5415472.020.000) 07/13 16:26:04 Image size of job updated: 1616708
	1025  -  MemoryUsage of job (MB)
	1048584  -  ResidentSetSize of job (KB)
...
006 (5415472.020.000) 07/13 16:41:06 Image size of job updated: 1616708
	1025  -  MemoryUsage of job (MB)
	1048596  -  ResidentSetSize of job (KB)
...
006 (5415472.020.000) 07/13 17:06:09 Image size of job updated: 1617612
	1025  -  MemoryUsage of job (MB)
	1049512  -  ResidentSetSize of job (KB)
...
006 (5415472.020.000) 07/13 17:26:12 Image size of job updated: 1617612
	1025  -  MemoryUsage of job (MB)
	1049524  -  ResidentSetSize of job (KB)
...
006 (5415472.020.000) 07/13 17:46:14 Image size of job updated: 1618520
	1026  -  MemoryUsage of job (MB)
	1050444  -  ResidentSetSize of job (KB)
...
006 (5415472.020.000) 07/13 18:11:16 Image size of job updated: 1618520
	1026  -  MemoryUsage of job (MB)
	1050456  -  ResidentSetSize of job (KB)
...
006 (5415472.020.000) 07/13 18:26:19 Image size of job updated: 1619424
	1027  -  MemoryUsage of job (MB)
	1051360  -  ResidentSetSize of job (KB)
...
006 (5415472.020.000) 07/13 18:31:20 Image size of job updated: 1619424
	1027  -  MemoryUsage of job (MB)
	1051372  -  ResidentSetSize of job (KB)
...
006 (5415472.020.000) 07/13 18:56:24 Image size of job updated: 1619424
	1027  -  MemoryUsage of job (MB)
	1051384  -  ResidentSetSize of job (KB)
...
006 (5415472.020.000) 07/13 19:11:25 Image size of job updated: 1620332
	1028  -  MemoryUsage of job (MB)
	1052292  -  ResidentSetSize of job (KB)
...
006 (5415472.020.000) 07/13 19:16:26 Image size of job updated: 1620332
	1028  -  MemoryUsage of job (MB)
	1052304  -  ResidentSetSize of job (KB)
...
006 (5415472.020.000) 07/13 19:36:28 Image size of job updated: 1620332
	1028  -  MemoryUsage of job (MB)
	1052308  -  ResidentSetSize of job (KB)
...
006 (5415472.020.000) 07/13 19:41:29 Image size of job updated: 1620332
	1028  -  MemoryUsage of job (MB)
	1052316  -  ResidentSetSize of job (KB)
...
006 (5415472.020.000) 07/13 19:51:31 Image size of job updated: 1621236
	1029  -  MemoryUsage of job (MB)
	1053220  -  ResidentSetSize of job (KB)
...
006 (5415472.020.000) 07/13 20:01:32 Image size of job updated: 1621236
	1029  -  MemoryUsage of job (MB)
	1053232  -  ResidentSetSize of job (KB)
...
006 (5415472.020.000) 07/13 20:21:34 Image size of job updated: 1621236
	1029  -  MemoryUsage of job (MB)
	1053244  -  ResidentSetSize of job (KB)
...
006 (5415472.020.000) 07/13 20:31:35 Image size of job updated: 1622140
	1030  -  MemoryUsage of job (MB)
	1054148  -  ResidentSetSize of job (KB)
...
006 (5415472.020.000) 07/13 20:41:36 Image size of job updated: 1622140
	1030  -  MemoryUsage of job (MB)
	1054160  -  ResidentSetSize of job (KB)
...
006 (5415472.020.000) 07/13 21:06:39 Image size of job updated: 1622140
	1030  -  MemoryUsage of job (MB)
	1054172  -  ResidentSetSize of job (KB)
...
006 (5415472.020.000) 07/13 21:16:39 Image size of job updated: 1623048
	1031  -  MemoryUsage of job (MB)
	1055080  -  ResidentSetSize of job (KB)
...
006 (5415472.020.000) 07/13 21:26:40 Image size of job updated: 1623048
	1031  -  MemoryUsage of job (MB)
	1055092  -  ResidentSetSize of job (KB)
...
006 (5415472.020.000) 07/13 21:51:41 Image size of job updated: 1623048
	1031  -  MemoryUsage of job (MB)
	1055104  -  ResidentSetSize of job (KB)
...
006 (5415472.020.000) 07/13 21:56:41 Image size of job updated: 1623952
	1032  -  MemoryUsage of job (MB)
	1056008  -  ResidentSetSize of job (KB)
...
006 (5415472.020.000) 07/13 22:11:43 Image size of job updated: 1623952
	1032  -  MemoryUsage of job (MB)
	1056020  -  ResidentSetSize of job (KB)
...
006 (5415472.020.000) 07/13 22:41:46 Image size of job updated: 1624860
	1033  -  MemoryUsage of job (MB)
	1056896  -  ResidentSetSize of job (KB)
...
006 (5415472.020.000) 07/13 22:56:48 Image size of job updated: 1624860
	1033  -  MemoryUsage of job (MB)
	1056908  -  ResidentSetSize of job (KB)
...
006 (5415472.020.000) 07/13 23:21:49 Image size of job updated: 1625764
	1034  -  MemoryUsage of job (MB)
	1057824  -  ResidentSetSize of job (KB)
...
006 (5415472.020.000) 07/13 23:41:51 Image size of job updated: 1625764
	1034  -  MemoryUsage of job (MB)
	1057836  -  ResidentSetSize of job (KB)
...
006 (5415472.020.000) 07/14 00:01:51 Image size of job updated: 1626668
	1034  -  MemoryUsage of job (MB)
	1058752  -  ResidentSetSize of job (KB)
...
006 (5415472.020.000) 07/14 00:26:53 Image size of job updated: 1626668
	1034  -  MemoryUsage of job (MB)
	1058764  -  ResidentSetSize of job (KB)
...
006 (5415472.020.000) 07/14 00:41:57 Image size of job updated: 1627576
	1035  -  MemoryUsage of job (MB)
	1059672  -  ResidentSetSize of job (KB)
...
006 (5415472.020.000) 07/14 00:46:57 Image size of job updated: 1627576
	1035  -  MemoryUsage of job (MB)
	1059684  -  ResidentSetSize of job (KB)
...
006 (5415472.020.000) 07/14 01:06:59 Image size of job updated: 1627576
	1035  -  MemoryUsage of job (MB)
	1059696  -  ResidentSetSize of job (KB)
...
006 (5415472.020.000) 07/14 01:22:01 Image size of job updated: 1628480
	1036  -  MemoryUsage of job (MB)
	1060600  -  ResidentSetSize of job (KB)
...
006 (5415472.020.000) 07/14 01:27:01 Image size of job updated: 1628480
	1036  -  MemoryUsage of job (MB)
	1060612  -  ResidentSetSize of job (KB)
...
006 (5415472.020.000) 07/14 01:47:02 Image size of job updated: 1628480
	1036  -  MemoryUsage of job (MB)
	1060624  -  ResidentSetSize of job (KB)
...
006 (5415472.020.000) 07/14 01:57:04 Image size of job updated: 1629388
	1037  -  MemoryUsage of job (MB)
	1061532  -  ResidentSetSize of job (KB)
...
006 (5415472.020.000) 07/14 02:02:04 Image size of job updated: 1629388
	1037  -  MemoryUsage of job (MB)
	1061544  -  ResidentSetSize of job (KB)
...
006 (5415472.020.000) 07/14 02:17:06 Image size of job updated: 1629388
	1037  -  MemoryUsage of job (MB)
	1061552  -  ResidentSetSize of job (KB)
...
006 (5415472.020.000) 07/14 02:22:07 Image size of job updated: 1629388
	1037  -  MemoryUsage of job (MB)
	1061556  -  ResidentSetSize of job (KB)
...
006 (5415472.020.000) 07/14 02:27:07 Image size of job updated: 1630292
	1038  -  MemoryUsage of job (MB)
	1062460  -  ResidentSetSize of job (KB)
...
006 (5415472.020.000) 07/14 02:37:08 Image size of job updated: 1630292
	1038  -  MemoryUsage of job (MB)
	1062472  -  ResidentSetSize of job (KB)
...
006 (5415472.020.000) 07/14 02:57:09 Image size of job updated: 1630292
	1038  -  MemoryUsage of job (MB)
	1062476  -  ResidentSetSize of job (KB)
...
006 (5415472.020.000) 07/14 03:07:09 Image size of job updated: 1631196
	1039  -  MemoryUsage of job (MB)
	1063380  -  ResidentSetSize of job (KB)
...
006 (5415472.020.000) 07/14 03:22:11 Image size of job updated: 1631196
	1039  -  MemoryUsage of job (MB)
	1063388  -  ResidentSetSize of job (KB)
...
006 (5415472.020.000) 07/14 03:47:12 Image size of job updated: 1631196
	1039  -  MemoryUsage of job (MB)
	1063396  -  ResidentSetSize of job (KB)
...
006 (5415472.020.000) 07/14 03:52:13 Image size of job updated: 1632104
	1040  -  MemoryUsage of job (MB)
	1064304  -  ResidentSetSize of job (KB)
...
006 (5415472.020.000) 07/14 04:37:18 Image size of job updated: 1633008
	1040  -  MemoryUsage of job (MB)
	1064428  -  ResidentSetSize of job (KB)
...
006 (5415472.020.000) 07/14 05:02:21 Image size of job updated: 1633008
	1040  -  MemoryUsage of job (MB)
	1064440  -  ResidentSetSize of job (KB)
...
006 (5415472.020.000) 07/14 05:27:24 Image size of job updated: 1637536
	1044  -  MemoryUsage of job (MB)
	1068980  -  ResidentSetSize of job (KB)
...
006 (5415472.020.000) 07/14 05:57:28 Image size of job updated: 1637536
	1044  -  MemoryUsage of job (MB)
	1068992  -  ResidentSetSize of job (KB)
...
006 (5415472.020.000) 07/14 06:27:33 Image size of job updated: 1637536
	1044  -  MemoryUsage of job (MB)
	1069004  -  ResidentSetSize of job (KB)
...
006 (5415472.020.000) 07/14 06:47:33 Image size of job updated: 1637536
	1044  -  MemoryUsage of job (MB)
	1069016  -  ResidentSetSize of job (KB)
...
006 (5415472.020.000) 07/14 07:12:36 Image size of job updated: 1637536
	1044  -  MemoryUsage of job (MB)
	1069028  -  ResidentSetSize of job (KB)
...
006 (5415472.020.000) 07/14 07:32:37 Image size of job updated: 1637536
	1044  -  MemoryUsage of job (MB)
	1069040  -  ResidentSetSize of job (KB)
...
006 (5415472.020.000) 07/14 07:52:38 Image size of job updated: 1637536
	1044  -  MemoryUsage of job (MB)
	1069052  -  ResidentSetSize of job (KB)
...
006 (5415472.020.000) 07/14 08:12:39 Image size of job updated: 1637536
	1045  -  MemoryUsage of job (MB)
	1069064  -  ResidentSetSize of job (KB)
...
006 (5415472.020.000) 07/14 08:32:40 Image size of job updated: 1637536
	1045  -  MemoryUsage of job (MB)
	1069076  -  ResidentSetSize of job (KB)
...
006 (5415472.020.000) 07/14 08:52:42 Image size of job updated: 1637536
	1045  -  MemoryUsage of job (MB)
	1069088  -  ResidentSetSize of job (KB)
...
006 (5415472.020.000) 07/14 09:12:44 Image size of job updated: 1637536
	1045  -  MemoryUsage of job (MB)
	1069100  -  ResidentSetSize of job (KB)
...
006 (5415472.020.000) 07/14 09:27:45 Image size of job updated: 1637536
	1045  -  MemoryUsage of job (MB)
	1069112  -  ResidentSetSize of job (KB)
...
006 (5415472.020.000) 07/14 09:47:48 Image size of job updated: 1637536
	1045  -  MemoryUsage of job (MB)
	1069124  -  ResidentSetSize of job (KB)
...
006 (5415472.020.000) 07/14 10:07:49 Image size of job updated: 1637536
	1045  -  MemoryUsage of job (MB)
	1069136  -  ResidentSetSize of job (KB)
...
006 (5415472.020.000) 07/14 10:22:49 Image size of job updated: 1637536
	1045  -  MemoryUsage of job (MB)
	1069148  -  ResidentSetSize of job (KB)
...
006 (5415472.020.000) 07/14 10:42:51 Image size of job updated: 1637536
	1045  -  MemoryUsage of job (MB)
	1069160  -  ResidentSetSize of job (KB)
...
006 (5415472.020.000) 07/14 10:57:53 Image size of job updated: 1637536
	1045  -  MemoryUsage of job (MB)
	1069172  -  ResidentSetSize of job (KB)
...
006 (5415472.020.000) 07/14 11:17:54 Image size of job updated: 1637536
	1045  -  MemoryUsage of job (MB)
	1069184  -  ResidentSetSize of job (KB)
...
006 (5415472.020.000) 07/14 11:37:57 Image size of job updated: 1637536
	1045  -  MemoryUsage of job (MB)
	1069196  -  ResidentSetSize of job (KB)
...
006 (5415472.020.000) 07/14 11:57:59 Image size of job updated: 1637536
	1045  -  MemoryUsage of job (MB)
	1069208  -  ResidentSetSize of job (KB)
...
006 (5415472.020.000) 07/14 12:18:02 Image size of job updated: 1637536
	1045  -  MemoryUsage of job (MB)
	1069220  -  ResidentSetSize of job (KB)
...
006 (5415472.020.000) 07/14 12:38:06 Image size of job updated: 1637536
	1045  -  MemoryUsage of job (MB)
	1069228  -  ResidentSetSize of job (KB)
...
006 (5415472.020.000) 07/14 12:58:08 Image size of job updated: 1637536
	1045  -  MemoryUsage of job (MB)
	1069240  -  ResidentSetSize of job (KB)
...
006 (5415472.020.000) 07/14 13:18:12 Image size of job updated: 1637536
	1045  -  MemoryUsage of job (MB)
	1069248  -  ResidentSetSize of job (KB)
...
006 (5415472.020.000) 07/14 13:38:14 Image size of job updated: 1637536
	1045  -  MemoryUsage of job (MB)
	1069260  -  ResidentSetSize of job (KB)
...
006 (5415472.020.000) 07/14 13:58:16 Image size of job updated: 1637536
	1045  -  MemoryUsage of job (MB)
	1069272  -  ResidentSetSize of job (KB)
...
006 (5415472.020.000) 07/14 14:18:16 Image size of job updated: 1637536
	1045  -  MemoryUsage of job (MB)
	1069284  -  ResidentSetSize of job (KB)
...
006 (5415472.020.000) 07/14 14:38:18 Image size of job updated: 1637536
	1045  -  MemoryUsage of job (MB)
	1069296  -  ResidentSetSize of job (KB)
...
006 (5415472.020.000) 07/14 14:58:21 Image size of job updated: 1637536
	1045  -  MemoryUsage of job (MB)
	1069308  -  ResidentSetSize of job (KB)
...
006 (5415472.020.000) 07/14 20:33:52 Image size of job updated: 1637536
	1045  -  MemoryUsage of job (MB)
	1069312  -  ResidentSetSize of job (KB)
...
006 (5415472.020.000) 07/14 20:54:26 Image size of job updated: 1637536
	1045  -  MemoryUsage of job (MB)
	1069324  -  ResidentSetSize of job (KB)
...
006 (5415472.020.000) 07/14 21:18:20 Image size of job updated: 1637536
	1045  -  MemoryUsage of job (MB)
	1069336  -  ResidentSetSize of job (KB)
...
006 (5415472.020.000) 07/14 21:38:22 Image size of job updated: 1637536
	1045  -  MemoryUsage of job (MB)
	1069348  -  ResidentSetSize of job (KB)
...
006 (5415472.020.000) 07/14 22:03:23 Image size of job updated: 1637536
	1045  -  MemoryUsage of job (MB)
	1069360  -  ResidentSetSize of job (KB)
...
006 (5415472.020.000) 07/14 22:23:26 Image size of job updated: 1637536
	1045  -  MemoryUsage of job (MB)
	1069372  -  ResidentSetSize of job (KB)
...
006 (5415472.020.000) 07/14 22:43:27 Image size of job updated: 1637536
	1045  -  MemoryUsage of job (MB)
	1069384  -  ResidentSetSize of job (KB)
...
006 (5415472.020.000) 07/14 23:08:28 Image size of job updated: 1637536
	1045  -  MemoryUsage of job (MB)
	1069396  -  ResidentSetSize of job (KB)
...
006 (5415472.020.000) 07/14 23:28:30 Image size of job updated: 1637536
	1045  -  MemoryUsage of job (MB)
	1069408  -  ResidentSetSize of job (KB)
...
006 (5415472.020.000) 07/14 23:53:32 Image size of job updated: 1637536
	1045  -  MemoryUsage of job (MB)
	1069420  -  ResidentSetSize of job (KB)
...
006 (5415472.020.000) 07/15 00:13:34 Image size of job updated: 1637536
	1045  -  MemoryUsage of job (MB)
	1069432  -  ResidentSetSize of job (KB)
...
006 (5415472.020.000) 07/15 00:38:37 Image size of job updated: 1637536
	1045  -  MemoryUsage of job (MB)
	1069444  -  ResidentSetSize of job (KB)
...
006 (5415472.020.000) 07/15 00:58:38 Image size of job updated: 1637536
	1045  -  MemoryUsage of job (MB)
	1069456  -  ResidentSetSize of job (KB)
...
006 (5415472.020.000) 07/15 01:18:41 Image size of job updated: 1637536
	1045  -  MemoryUsage of job (MB)
	1069468  -  ResidentSetSize of job (KB)
...
006 (5415472.020.000) 07/15 01:43:45 Image size of job updated: 1637536
	1045  -  MemoryUsage of job (MB)
	1069480  -  ResidentSetSize of job (KB)
...
006 (5415472.020.000) 07/15 02:03:48 Image size of job updated: 1637536
	1045  -  MemoryUsage of job (MB)
	1069492  -  ResidentSetSize of job (KB)
...
006 (5415472.020.000) 07/15 02:23:50 Image size of job updated: 1637536
	1045  -  MemoryUsage of job (MB)
	1069504  -  ResidentSetSize of job (KB)
...
006 (5415472.020.000) 07/15 02:43:51 Image size of job updated: 1637536
	1045  -  MemoryUsage of job (MB)
	1069516  -  ResidentSetSize of job (KB)
...
006 (5415472.020.000) 07/15 03:03:53 Image size of job updated: 1637536
	1045  -  MemoryUsage of job (MB)
	1069528  -  ResidentSetSize of job (KB)
...
006 (5415472.020.000) 07/15 03:23:54 Image size of job updated: 1637536
	1045  -  MemoryUsage of job (MB)
	1069540  -  ResidentSetSize of job (KB)
...
006 (5415472.020.000) 07/15 03:43:57 Image size of job updated: 1637536
	1045  -  MemoryUsage of job (MB)
	1069552  -  ResidentSetSize of job (KB)
...
006 (5415472.020.000) 07/15 04:03:59 Image size of job updated: 1637536
	1045  -  MemoryUsage of job (MB)
	1069564  -  ResidentSetSize of job (KB)
...
006 (5415472.020.000) 07/15 04:24:02 Image size of job updated: 1637536
	1045  -  MemoryUsage of job (MB)
	1069576  -  ResidentSetSize of job (KB)
...
006 (5415472.020.000) 07/15 04:44:03 Image size of job updated: 1637536
	1045  -  MemoryUsage of job (MB)
	1069588  -  ResidentSetSize of job (KB)
...
006 (5415472.020.000) 07/15 05:04:06 Image size of job updated: 1637536
	1045  -  MemoryUsage of job (MB)
	1069600  -  ResidentSetSize of job (KB)
...
006 (5415472.020.000) 07/15 05:29:08 Image size of job updated: 1637536
	1045  -  MemoryUsage of job (MB)
	1069612  -  ResidentSetSize of job (KB)
...
006 (5415472.020.000) 07/15 05:49:10 Image size of job updated: 1637536
	1045  -  MemoryUsage of job (MB)
	1069624  -  ResidentSetSize of job (KB)
...
006 (5415472.020.000) 07/15 06:14:10 Image size of job updated: 1637536
	1045  -  MemoryUsage of job (MB)
	1069636  -  ResidentSetSize of job (KB)
...
006 (5415472.020.000) 07/15 06:34:11 Image size of job updated: 1637536
	1045  -  MemoryUsage of job (MB)
	1069648  -  ResidentSetSize of job (KB)
...
006 (5415472.020.000) 07/15 06:59:14 Image size of job updated: 1637536
	1045  -  MemoryUsage of job (MB)
	1069660  -  ResidentSetSize of job (KB)
...
006 (5415472.020.000) 07/15 07:19:17 Image size of job updated: 1637536
	1045  -  MemoryUsage of job (MB)
	1069672  -  ResidentSetSize of job (KB)
...
006 (5415472.020.000) 07/15 07:44:18 Image size of job updated: 1637536
	1045  -  MemoryUsage of job (MB)
	1069684  -  ResidentSetSize of job (KB)
...
006 (5415472.020.000) 07/15 08:04:21 Image size of job updated: 1637536
	1045  -  MemoryUsage of job (MB)
	1069696  -  ResidentSetSize of job (KB)
...
006 (5415472.020.000) 07/15 08:29:23 Image size of job updated: 1637536
	1045  -  MemoryUsage of job (MB)
	1069708  -  ResidentSetSize of job (KB)
...
006 (5415472.020.000) 07/15 08:49:24 Image size of job updated: 1637536
	1045  -  MemoryUsage of job (MB)
	1069720  -  ResidentSetSize of job (KB)
...
006 (5415472.020.000) 07/15 09:14:27 Image size of job updated: 1637536
	1045  -  MemoryUsage of job (MB)
	1069732  -  ResidentSetSize of job (KB)
...
006 (5415472.020.000) 07/15 09:34:28 Image size of job updated: 1637536
	1045  -  MemoryUsage of job (MB)
	1069744  -  ResidentSetSize of job (KB)
...
006 (5415472.020.000) 07/15 09:54:30 Image size of job updated: 1637536
	1045  -  MemoryUsage of job (MB)
	1069748  -  ResidentSetSize of job (KB)
...
006 (5415472.020.000) 07/15 09:59:31 Image size of job updated: 1637536
	1045  -  MemoryUsage of job (MB)
	1069756  -  ResidentSetSize of job (KB)
...
006 (5415472.020.000) 07/15 10:19:33 Image size of job updated: 1637536
	1045  -  MemoryUsage of job (MB)
	1069768  -  ResidentSetSize of job (KB)
...
006 (5415472.020.000) 07/15 10:59:37 Image size of job updated: 1641632
	1047  -  MemoryUsage of job (MB)
	1071824  -  ResidentSetSize of job (KB)
...
006 (5415472.020.000) 07/15 11:04:37 Image size of job updated: 1641632
	1047  -  MemoryUsage of job (MB)
	1071832  -  ResidentSetSize of job (KB)
...
006 (5415472.020.000) 07/15 11:24:40 Image size of job updated: 1641632
	1047  -  MemoryUsage of job (MB)
	1071840  -  ResidentSetSize of job (KB)
...
006 (5415472.020.000) 07/15 11:44:42 Image size of job updated: 1641632
	1047  -  MemoryUsage of job (MB)
	1071848  -  ResidentSetSize of job (KB)
...
006 (5415472.020.000) 07/15 12:04:43 Image size of job updated: 1641632
	1047  -  MemoryUsage of job (MB)
	1071856  -  ResidentSetSize of job (KB)
...
006 (5415472.020.000) 07/15 12:24:46 Image size of job updated: 1641632
	1047  -  MemoryUsage of job (MB)
	1071864  -  ResidentSetSize of job (KB)
...
006 (5415472.020.000) 07/15 12:44:47 Image size of job updated: 1641632
	1047  -  MemoryUsage of job (MB)
	1071872  -  ResidentSetSize of job (KB)
...
006 (5415472.020.000) 07/15 13:04:48 Image size of job updated: 1641632
	1047  -  MemoryUsage of job (MB)
	1071880  -  ResidentSetSize of job (KB)
...
006 (5415472.020.000) 07/15 13:29:50 Image size of job updated: 1641632
	1047  -  MemoryUsage of job (MB)
	1071888  -  ResidentSetSize of job (KB)
...
006 (5415472.020.000) 07/15 13:49:52 Image size of job updated: 1641632
	1047  -  MemoryUsage of job (MB)
	1071896  -  ResidentSetSize of job (KB)
...
006 (5415472.020.000) 07/15 14:19:13 Image size of job updated: 1641632
	1047  -  MemoryUsage of job (MB)
	1071904  -  ResidentSetSize of job (KB)
...
006 (5415472.020.000) 07/15 14:32:58 Image size of job updated: 1641632
	1047  -  MemoryUsage of job (MB)
	1071912  -  ResidentSetSize of job (KB)
...
006 (5415472.020.000) 07/15 14:53:00 Image size of job updated: 1641632
	1047  -  MemoryUsage of job (MB)
	1071920  -  ResidentSetSize of job (KB)
...
006 (5415472.020.000) 07/15 15:18:02 Image size of job updated: 1641632
	1047  -  MemoryUsage of job (MB)
	1071928  -  ResidentSetSize of job (KB)
...
006 (5415472.020.000) 07/15 15:38:05 Image size of job updated: 1641632
	1047  -  MemoryUsage of job (MB)
	1071936  -  ResidentSetSize of job (KB)
...
006 (5415472.020.000) 07/15 15:53:07 Image size of job updated: 1641632
	1047  -  MemoryUsage of job (MB)
	1071944  -  ResidentSetSize of job (KB)
...
006 (5415472.020.000) 07/15 16:18:10 Image size of job updated: 1641632
	1047  -  MemoryUsage of job (MB)
	1071952  -  ResidentSetSize of job (KB)
...
006 (5415472.020.000) 07/15 16:33:12 Image size of job updated: 1641632
	1047  -  MemoryUsage of job (MB)
	1071960  -  ResidentSetSize of job (KB)
...
006 (5415472.020.000) 07/15 16:53:15 Image size of job updated: 1641632
	1047  -  MemoryUsage of job (MB)
	1071968  -  ResidentSetSize of job (KB)
...
006 (5415472.020.000) 07/15 17:13:18 Image size of job updated: 1641632
	1047  -  MemoryUsage of job (MB)
	1071976  -  ResidentSetSize of job (KB)
...
006 (5415472.020.000) 07/15 17:33:19 Image size of job updated: 1641632
	1047  -  MemoryUsage of job (MB)
	1071984  -  ResidentSetSize of job (KB)
...
006 (5415472.020.000) 07/15 17:53:21 Image size of job updated: 1641632
	1047  -  MemoryUsage of job (MB)
	1071992  -  ResidentSetSize of job (KB)
...
006 (5415472.020.000) 07/15 18:18:24 Image size of job updated: 1641632
	1047  -  MemoryUsage of job (MB)
	1072000  -  ResidentSetSize of job (KB)
...
006 (5415472.020.000) 07/15 18:38:27 Image size of job updated: 1641632
	1047  -  MemoryUsage of job (MB)
	1072008  -  ResidentSetSize of job (KB)
...
006 (5415472.020.000) 07/15 18:58:29 Image size of job updated: 1641632
	1047  -  MemoryUsage of job (MB)
	1072016  -  ResidentSetSize of job (KB)
...
006 (5415472.020.000) 07/15 19:18:32 Image size of job updated: 1641632
	1047  -  MemoryUsage of job (MB)
	1072024  -  ResidentSetSize of job (KB)
...
006 (5415472.020.000) 07/15 19:33:33 Image size of job updated: 1641632
	1047  -  MemoryUsage of job (MB)
	1072032  -  ResidentSetSize of job (KB)
...
006 (5415472.020.000) 07/15 19:53:35 Image size of job updated: 1641632
	1047  -  MemoryUsage of job (MB)
	1072040  -  ResidentSetSize of job (KB)
...
006 (5415472.020.000) 07/15 20:13:39 Image size of job updated: 1641632
	1047  -  MemoryUsage of job (MB)
	1072048  -  ResidentSetSize of job (KB)
...
006 (5415472.020.000) 07/15 20:33:40 Image size of job updated: 1641632
	1047  -  MemoryUsage of job (MB)
	1072056  -  ResidentSetSize of job (KB)
...
006 (5415472.020.000) 07/15 20:53:43 Image size of job updated: 1641632
	1047  -  MemoryUsage of job (MB)
	1072064  -  ResidentSetSize of job (KB)
...
006 (5415472.020.000) 07/15 21:18:43 Image size of job updated: 1641632
	1047  -  MemoryUsage of job (MB)
	1072072  -  ResidentSetSize of job (KB)
...
006 (5415472.020.000) 07/15 21:38:46 Image size of job updated: 1641632
	1047  -  MemoryUsage of job (MB)
	1072080  -  ResidentSetSize of job (KB)
...
006 (5415472.020.000) 07/15 21:58:49 Image size of job updated: 1641632
	1047  -  MemoryUsage of job (MB)
	1072088  -  ResidentSetSize of job (KB)
...
006 (5415472.020.000) 07/15 22:23:50 Image size of job updated: 1641632
	1047  -  MemoryUsage of job (MB)
	1072096  -  ResidentSetSize of job (KB)
...
006 (5415472.020.000) 07/15 22:43:52 Image size of job updated: 1641632
	1047  -  MemoryUsage of job (MB)
	1072104  -  ResidentSetSize of job (KB)
...
006 (5415472.020.000) 07/15 23:03:55 Image size of job updated: 1641632
	1047  -  MemoryUsage of job (MB)
	1072112  -  ResidentSetSize of job (KB)
...
006 (5415472.020.000) 07/15 23:23:59 Image size of job updated: 1641632
	1047  -  MemoryUsage of job (MB)
	1072116  -  ResidentSetSize of job (KB)
...
006 (5415472.020.000) 07/15 23:29:00 Image size of job updated: 1641632
	1047  -  MemoryUsage of job (MB)
	1072120  -  ResidentSetSize of job (KB)
...
006 (5415472.020.000) 07/15 23:49:03 Image size of job updated: 1641632
	1047  -  MemoryUsage of job (MB)
	1072128  -  ResidentSetSize of job (KB)
...
006 (5415472.020.000) 07/16 00:09:05 Image size of job updated: 1641632
	1048  -  MemoryUsage of job (MB)
	1072136  -  ResidentSetSize of job (KB)
...
006 (5415472.020.000) 07/16 00:29:09 Image size of job updated: 1641632
	1048  -  MemoryUsage of job (MB)
	1072144  -  ResidentSetSize of job (KB)
...
006 (5415472.020.000) 07/16 00:49:12 Image size of job updated: 1641632
	1048  -  MemoryUsage of job (MB)
	1072152  -  ResidentSetSize of job (KB)
...
006 (5415472.020.000) 07/16 01:14:14 Image size of job updated: 1641632
	1048  -  MemoryUsage of job (MB)
	1072160  -  ResidentSetSize of job (KB)
...
006 (5415472.020.000) 07/16 01:34:15 Image size of job updated: 1641632
	1048  -  MemoryUsage of job (MB)
	1072168  -  ResidentSetSize of job (KB)
...
006 (5415472.020.000) 07/16 01:54:16 Image size of job updated: 1641632
	1048  -  MemoryUsage of job (MB)
	1072176  -  ResidentSetSize of job (KB)
...
006 (5415472.020.000) 07/16 02:14:18 Image size of job updated: 1641632
	1048  -  MemoryUsage of job (MB)
	1072184  -  ResidentSetSize of job (KB)
...
006 (5415472.020.000) 07/16 02:34:19 Image size of job updated: 1641632
	1048  -  MemoryUsage of job (MB)
	1072192  -  ResidentSetSize of job (KB)
...
006 (5415472.020.000) 07/16 02:54:21 Image size of job updated: 1641632
	1048  -  MemoryUsage of job (MB)
	1072200  -  ResidentSetSize of job (KB)
...
006 (5415472.020.000) 07/16 03:14:25 Image size of job updated: 1641632
	1048  -  MemoryUsage of job (MB)
	1072208  -  ResidentSetSize of job (KB)
...
006 (5415472.020.000) 07/16 03:34:28 Image size of job updated: 1641632
	1048  -  MemoryUsage of job (MB)
	1072216  -  ResidentSetSize of job (KB)
...
006 (5415472.020.000) 07/16 03:59:32 Image size of job updated: 1641632
	1048  -  MemoryUsage of job (MB)
	1072224  -  ResidentSetSize of job (KB)
...
006 (5415472.020.000) 07/16 04:19:35 Image size of job updated: 1641632
	1048  -  MemoryUsage of job (MB)
	1072232  -  ResidentSetSize of job (KB)
...
006 (5415472.020.000) 07/16 04:39:35 Image size of job updated: 1641632
	1048  -  MemoryUsage of job (MB)
	1072240  -  ResidentSetSize of job (KB)
...
006 (5415472.020.000) 07/16 05:04:35 Image size of job updated: 1641632
	1048  -  MemoryUsage of job (MB)
	1072248  -  ResidentSetSize of job (KB)
...
006 (5415472.020.000) 07/16 05:24:38 Image size of job updated: 1641632
	1048  -  MemoryUsage of job (MB)
	1072256  -  ResidentSetSize of job (KB)
...
006 (5415472.020.000) 07/16 05:44:41 Image size of job updated: 1641632
	1048  -  MemoryUsage of job (MB)
	1072264  -  ResidentSetSize of job (KB)
...
006 (5415472.020.000) 07/16 06:04:42 Image size of job updated: 1641632
	1048  -  MemoryUsage of job (MB)
	1072272  -  ResidentSetSize of job (KB)
...
006 (5415472.020.000) 07/16 06:24:43 Image size of job updated: 1641632
	1048  -  MemoryUsage of job (MB)
	1072280  -  ResidentSetSize of job (KB)
...
006 (5415472.020.000) 07/16 06:49:46 Image size of job updated: 1641632
	1048  -  MemoryUsage of job (MB)
	1072288  -  ResidentSetSize of job (KB)
...
006 (5415472.020.000) 07/16 07:09:49 Image size of job updated: 1641632
	1048  -  MemoryUsage of job (MB)
	1072296  -  ResidentSetSize of job (KB)
...
006 (5415472.020.000) 07/16 07:29:50 Image size of job updated: 1641632
	1048  -  MemoryUsage of job (MB)
	1072304  -  ResidentSetSize of job (KB)
...
006 (5415472.020.000) 07/16 07:49:52 Image size of job updated: 1641632
	1048  -  MemoryUsage of job (MB)
	1072312  -  ResidentSetSize of job (KB)
...
006 (5415472.020.000) 07/16 08:09:53 Image size of job updated: 1641632
	1048  -  MemoryUsage of job (MB)
	1072316  -  ResidentSetSize of job (KB)
...
006 (5415472.020.000) 07/16 08:14:53 Image size of job updated: 1641632
	1048  -  MemoryUsage of job (MB)
	1072320  -  ResidentSetSize of job (KB)
...
006 (5415472.020.000) 07/16 08:34:56 Image size of job updated: 1641632
	1048  -  MemoryUsage of job (MB)
	1072328  -  ResidentSetSize of job (KB)
...
006 (5415472.020.000) 07/16 08:54:59 Image size of job updated: 1641632
	1048  -  MemoryUsage of job (MB)
	1072336  -  ResidentSetSize of job (KB)
...
006 (5415472.020.000) 07/16 09:15:02 Image size of job updated: 1641632
	1048  -  MemoryUsage of job (MB)
	1072344  -  ResidentSetSize of job (KB)
...
006 (5415472.020.000) 07/16 09:35:04 Image size of job updated: 1641632
	1048  -  MemoryUsage of job (MB)
	1072352  -  ResidentSetSize of job (KB)
...
006 (5415472.020.000) 07/16 10:00:07 Image size of job updated: 1641632
	1048  -  MemoryUsage of job (MB)
	1072360  -  ResidentSetSize of job (KB)
...
006 (5415472.020.000) 07/16 10:20:08 Image size of job updated: 1641632
	1048  -  MemoryUsage of job (MB)
	1072368  -  ResidentSetSize of job (KB)
...
006 (5415472.020.000) 07/16 10:40:11 Image size of job updated: 1641632
	1048  -  MemoryUsage of job (MB)
	1072376  -  ResidentSetSize of job (KB)
...
006 (5415472.020.000) 07/16 11:00:14 Image size of job updated: 1641632
	1048  -  MemoryUsage of job (MB)
	1072384  -  ResidentSetSize of job (KB)
...
006 (5415472.020.000) 07/16 11:20:16 Image size of job updated: 1641632
	1048  -  MemoryUsage of job (MB)
	1072392  -  ResidentSetSize of job (KB)
...
006 (5415472.020.000) 07/16 11:40:18 Image size of job updated: 1641632
	1048  -  MemoryUsage of job (MB)
	1072400  -  ResidentSetSize of job (KB)
...
006 (5415472.020.000) 07/16 12:00:21 Image size of job updated: 1641632
	1048  -  MemoryUsage of job (MB)
	1072408  -  ResidentSetSize of job (KB)
...
006 (5415472.020.000) 07/16 12:19:21 Image size of job updated: 1641632
	1048  -  MemoryUsage of job (MB)
	1072416  -  ResidentSetSize of job (KB)
...
006 (5415472.020.000) 07/16 12:44:25 Image size of job updated: 1641632
	1048  -  MemoryUsage of job (MB)
	1072424  -  ResidentSetSize of job (KB)
...
006 (5415472.020.000) 07/16 13:04:27 Image size of job updated: 1641632
	1048  -  MemoryUsage of job (MB)
	1072432  -  ResidentSetSize of job (KB)
...
006 (5415472.020.000) 07/16 13:24:28 Image size of job updated: 1641632
	1048  -  MemoryUsage of job (MB)
	1072440  -  ResidentSetSize of job (KB)
...
006 (5415472.020.000) 07/16 13:44:31 Image size of job updated: 1641632
	1048  -  MemoryUsage of job (MB)
	1072448  -  ResidentSetSize of job (KB)
...
006 (5415472.020.000) 07/16 14:09:32 Image size of job updated: 1641632
	1048  -  MemoryUsage of job (MB)
	1072456  -  ResidentSetSize of job (KB)
...
006 (5415472.020.000) 07/16 14:29:35 Image size of job updated: 1641632
	1048  -  MemoryUsage of job (MB)
	1072464  -  ResidentSetSize of job (KB)
...
006 (5415472.020.000) 07/16 14:49:39 Image size of job updated: 1641632
	1048  -  MemoryUsage of job (MB)
	1072472  -  ResidentSetSize of job (KB)
...
006 (5415472.020.000) 07/16 15:14:41 Image size of job updated: 1641632
	1048  -  MemoryUsage of job (MB)
	1072480  -  ResidentSetSize of job (KB)
...
006 (5415472.020.000) 07/16 15:34:44 Image size of job updated: 1641632
	1048  -  MemoryUsage of job (MB)
	1072488  -  ResidentSetSize of job (KB)
...
006 (5415472.020.000) 07/16 15:54:45 Image size of job updated: 1641632
	1048  -  MemoryUsage of job (MB)
	1072496  -  ResidentSetSize of job (KB)
...
006 (5415472.020.000) 07/16 16:19:46 Image size of job updated: 1641632
	1048  -  MemoryUsage of job (MB)
	1072504  -  ResidentSetSize of job (KB)
...
006 (5415472.020.000) 07/16 16:39:48 Image size of job updated: 1641632
	1048  -  MemoryUsage of job (MB)
	1072512  -  ResidentSetSize of job (KB)
...
006 (5415472.020.000) 07/16 16:59:50 Image size of job updated: 1641632
	1048  -  MemoryUsage of job (MB)
	1072520  -  ResidentSetSize of job (KB)
...
006 (5415472.020.000) 07/16 17:19:54 Image size of job updated: 1641632
	1048  -  MemoryUsage of job (MB)
	1072528  -  ResidentSetSize of job (KB)
...
006 (5415472.020.000) 07/16 17:39:55 Image size of job updated: 1641632
	1048  -  MemoryUsage of job (MB)
	1072536  -  ResidentSetSize of job (KB)
...
006 (5415472.020.000) 07/16 18:04:56 Image size of job updated: 1641632
	1048  -  MemoryUsage of job (MB)
	1072544  -  ResidentSetSize of job (KB)
...
006 (5415472.020.000) 07/16 18:19:59 Image size of job updated: 1641632
	1048  -  MemoryUsage of job (MB)
	1072552  -  ResidentSetSize of job (KB)
...
006 (5415472.020.000) 07/16 18:40:00 Image size of job updated: 1641632
	1048  -  MemoryUsage of job (MB)
	1072560  -  ResidentSetSize of job (KB)
...
006 (5415472.020.000) 07/16 19:00:03 Image size of job updated: 1641632
	1048  -  MemoryUsage of job (MB)
	1072568  -  ResidentSetSize of job (KB)
...
006 (5415472.020.000) 07/16 19:20:08 Image size of job updated: 1641632
	1048  -  MemoryUsage of job (MB)
	1072576  -  ResidentSetSize of job (KB)
...
006 (5415472.020.000) 07/16 19:40:11 Image size of job updated: 1641632
	1048  -  MemoryUsage of job (MB)
	1072584  -  ResidentSetSize of job (KB)
...
006 (5415472.020.000) 07/16 20:00:15 Image size of job updated: 1641632
	1048  -  MemoryUsage of job (MB)
	1072592  -  ResidentSetSize of job (KB)
...
006 (5415472.020.000) 07/16 20:25:18 Image size of job updated: 1641632
	1048  -  MemoryUsage of job (MB)
	1072600  -  ResidentSetSize of job (KB)
...
006 (5415472.020.000) 07/16 20:47:01 Image size of job updated: 1641632
	1048  -  MemoryUsage of job (MB)
	1072608  -  ResidentSetSize of job (KB)
...
006 (5415472.020.000) 07/16 21:07:02 Image size of job updated: 1641632
	1048  -  MemoryUsage of job (MB)
	1072616  -  ResidentSetSize of job (KB)
...
006 (5415472.020.000) 07/16 21:27:04 Image size of job updated: 1641632
	1048  -  MemoryUsage of job (MB)
	1072624  -  ResidentSetSize of job (KB)
...
006 (5415472.020.000) 07/16 21:52:04 Image size of job updated: 1641632
	1048  -  MemoryUsage of job (MB)
	1072632  -  ResidentSetSize of job (KB)
...
006 (5415472.020.000) 07/16 22:17:06 Image size of job updated: 1641632
	1048  -  MemoryUsage of job (MB)
	1072640  -  ResidentSetSize of job (KB)
...
006 (5415472.020.000) 07/16 22:42:09 Image size of job updated: 1641632
	1048  -  MemoryUsage of job (MB)
	1072648  -  ResidentSetSize of job (KB)
...
006 (5415472.020.000) 07/16 23:02:11 Image size of job updated: 1641632
	1048  -  MemoryUsage of job (MB)
	1072656  -  ResidentSetSize of job (KB)
...
006 (5415472.020.000) 07/16 23:27:14 Image size of job updated: 1641632
	1048  -  MemoryUsage of job (MB)
	1072664  -  ResidentSetSize of job (KB)
...
006 (5415472.020.000) 07/16 23:47:15 Image size of job updated: 1641632
	1048  -  MemoryUsage of job (MB)
	1072672  -  ResidentSetSize of job (KB)
...
006 (5415472.020.000) 07/17 00:07:16 Image size of job updated: 1641632
	1048  -  MemoryUsage of job (MB)
	1072680  -  ResidentSetSize of job (KB)
...
006 (5415472.020.000) 07/17 00:27:17 Image size of job updated: 1641632
	1048  -  MemoryUsage of job (MB)
	1072688  -  ResidentSetSize of job (KB)
...
006 (5415472.020.000) 07/17 00:52:20 Image size of job updated: 1641632
	1048  -  MemoryUsage of job (MB)
	1072696  -  ResidentSetSize of job (KB)
...
006 (5415472.020.000) 07/17 01:12:24 Image size of job updated: 1641632
	1048  -  MemoryUsage of job (MB)
	1072704  -  ResidentSetSize of job (KB)
...
006 (5415472.020.000) 07/17 01:37:26 Image size of job updated: 1641632
	1048  -  MemoryUsage of job (MB)
	1072712  -  ResidentSetSize of job (KB)
...
006 (5415472.020.000) 07/17 01:57:26 Image size of job updated: 1641632
	1048  -  MemoryUsage of job (MB)
	1072720  -  ResidentSetSize of job (KB)
...
006 (5415472.020.000) 07/17 15:05:33 Image size of job updated: 1687656
	1048  -  MemoryUsage of job (MB)
	1072720  -  ResidentSetSize of job (KB)
...
040 (5415472.020.000) 07/17 15:05:33 Started transferring output files
...
040 (5415472.020.000) 07/17 15:05:37 Finished transferring output files
...
005 (5415472.020.000) 07/17 15:05:37 Job terminated.
	(1) Normal termination (return value 0)
		Usr 18 15:49:11, Sys 0 00:35:32  -  Run Remote Usage
		Usr 0 00:00:00, Sys 0 00:00:00  -  Run Local Usage
		Usr 18 15:49:11, Sys 0 00:35:32  -  Total Remote Usage
		Usr 0 00:00:00, Sys 0 00:00:00  -  Total Local Usage
	37163552  -  Run Bytes Sent By Job
	803  -  Run Bytes Received By Job
	37163552  -  Total Bytes Sent By Job
	803  -  Total Bytes Received By Job
	Partitionable Resources :    Usage  Request Allocated 
	   Cpus                 :     3.14        4         4 
	   Disk (KB)            : 36319    10485760  12198409 
	   Memory (MB)          :  1048        8000      8000 

	Job terminated of its own accord at 2021-07-17T13:05:33Z.
...
