000 (5415472.232.000) 07/11 14:02:29 Job submitted from host: <137.138.156.150:9618?addrs=137.138.156.150-9618+[2001-1458-d00-14--9a]-9618&alias=bigbird13.cern.ch&noUDP&sock=schedd_1788_ff6c>
...
040 (5415472.232.000) 07/11 14:20:18 Started transferring input files
	Transferring to host: <128.142.59.38:9618?addrs=128.142.59.38-9618+[2001-1458-301-21--100-25]-9618&alias=b7s04p0780.cern.ch&noUDP&sock=slot1_50_6828_b18f_2127>
...
040 (5415472.232.000) 07/11 14:20:18 Finished transferring input files
...
001 (5415472.232.000) 07/11 14:20:25 Job executing on host: <128.142.59.38:9618?addrs=128.142.59.38-9618+[2001-1458-301-21--100-25]-9618&alias=b7s04p0780.cern.ch&noUDP&sock=startd_6374_9cc0>
...
006 (5415472.232.000) 07/11 14:20:33 Image size of job updated: 130520
	69  -  MemoryUsage of job (MB)
	70180  -  ResidentSetSize of job (KB)
...
006 (5415472.232.000) 07/11 14:25:33 Image size of job updated: 1591048
	1004  -  MemoryUsage of job (MB)
	1027484  -  ResidentSetSize of job (KB)
...
006 (5415472.232.000) 07/11 20:01:13 Image size of job updated: 1591048
	1004  -  MemoryUsage of job (MB)
	1027488  -  ResidentSetSize of job (KB)
...
006 (5415472.232.000) 07/12 23:43:56 Image size of job updated: 1592028
	1005  -  MemoryUsage of job (MB)
	1028388  -  ResidentSetSize of job (KB)
...
006 (5415472.232.000) 07/13 00:24:00 Image size of job updated: 1592932
	1006  -  MemoryUsage of job (MB)
	1029292  -  ResidentSetSize of job (KB)
...
006 (5415472.232.000) 07/13 01:09:06 Image size of job updated: 1593840
	1007  -  MemoryUsage of job (MB)
	1030200  -  ResidentSetSize of job (KB)
...
006 (5415472.232.000) 07/13 01:54:13 Image size of job updated: 1594744
	1007  -  MemoryUsage of job (MB)
	1031104  -  ResidentSetSize of job (KB)
...
006 (5415472.232.000) 07/13 02:34:15 Image size of job updated: 1595652
	1008  -  MemoryUsage of job (MB)
	1032012  -  ResidentSetSize of job (KB)
...
006 (5415472.232.000) 07/13 03:14:18 Image size of job updated: 1596556
	1009  -  MemoryUsage of job (MB)
	1032916  -  ResidentSetSize of job (KB)
...
006 (5415472.232.000) 07/13 03:54:24 Image size of job updated: 1597464
	1010  -  MemoryUsage of job (MB)
	1033824  -  ResidentSetSize of job (KB)
...
006 (5415472.232.000) 07/13 04:39:30 Image size of job updated: 1598368
	1011  -  MemoryUsage of job (MB)
	1034728  -  ResidentSetSize of job (KB)
...
006 (5415472.232.000) 07/13 05:19:35 Image size of job updated: 1599272
	1012  -  MemoryUsage of job (MB)
	1035632  -  ResidentSetSize of job (KB)
...
006 (5415472.232.000) 07/13 05:59:38 Image size of job updated: 1600180
	1013  -  MemoryUsage of job (MB)
	1036540  -  ResidentSetSize of job (KB)
...
006 (5415472.232.000) 07/13 06:39:42 Image size of job updated: 1601084
	1014  -  MemoryUsage of job (MB)
	1037444  -  ResidentSetSize of job (KB)
...
006 (5415472.232.000) 07/13 07:19:44 Image size of job updated: 1601992
	1015  -  MemoryUsage of job (MB)
	1038352  -  ResidentSetSize of job (KB)
...
006 (5415472.232.000) 07/13 08:04:50 Image size of job updated: 1602896
	1015  -  MemoryUsage of job (MB)
	1039256  -  ResidentSetSize of job (KB)
...
006 (5415472.232.000) 07/13 08:49:58 Image size of job updated: 1603800
	1016  -  MemoryUsage of job (MB)
	1040160  -  ResidentSetSize of job (KB)
...
006 (5415472.232.000) 07/13 09:35:03 Image size of job updated: 1608328
	1021  -  MemoryUsage of job (MB)
	1044688  -  ResidentSetSize of job (KB)
...
006 (5415472.232.000) 07/13 14:06:43 Image size of job updated: 1611400
	1022  -  MemoryUsage of job (MB)
	1046248  -  ResidentSetSize of job (KB)
...
006 (5415472.232.000) 07/13 14:31:46 Image size of job updated: 1611400
	1022  -  MemoryUsage of job (MB)
	1046260  -  ResidentSetSize of job (KB)
...
006 (5415472.232.000) 07/13 14:51:49 Image size of job updated: 1611400
	1022  -  MemoryUsage of job (MB)
	1046272  -  ResidentSetSize of job (KB)
...
006 (5415472.232.000) 07/13 15:16:50 Image size of job updated: 1611400
	1022  -  MemoryUsage of job (MB)
	1046284  -  ResidentSetSize of job (KB)
...
006 (5415472.232.000) 07/13 15:41:51 Image size of job updated: 1611400
	1022  -  MemoryUsage of job (MB)
	1046296  -  ResidentSetSize of job (KB)
...
006 (5415472.232.000) 07/13 16:01:53 Image size of job updated: 1611400
	1022  -  MemoryUsage of job (MB)
	1046308  -  ResidentSetSize of job (KB)
...
006 (5415472.232.000) 07/13 16:26:55 Image size of job updated: 1611400
	1022  -  MemoryUsage of job (MB)
	1046320  -  ResidentSetSize of job (KB)
...
006 (5415472.232.000) 07/13 16:51:58 Image size of job updated: 1611400
	1022  -  MemoryUsage of job (MB)
	1046332  -  ResidentSetSize of job (KB)
...
006 (5415472.232.000) 07/13 17:11:59 Image size of job updated: 1611400
	1022  -  MemoryUsage of job (MB)
	1046344  -  ResidentSetSize of job (KB)
...
006 (5415472.232.000) 07/13 17:37:52 Image size of job updated: 1611400
	1022  -  MemoryUsage of job (MB)
	1046356  -  ResidentSetSize of job (KB)
...
006 (5415472.232.000) 07/13 17:57:53 Image size of job updated: 1611400
	1022  -  MemoryUsage of job (MB)
	1046368  -  ResidentSetSize of job (KB)
...
006 (5415472.232.000) 07/13 18:22:55 Image size of job updated: 1611400
	1022  -  MemoryUsage of job (MB)
	1046380  -  ResidentSetSize of job (KB)
...
006 (5415472.232.000) 07/13 18:42:57 Image size of job updated: 1611400
	1022  -  MemoryUsage of job (MB)
	1046392  -  ResidentSetSize of job (KB)
...
006 (5415472.232.000) 07/13 19:07:59 Image size of job updated: 1611400
	1022  -  MemoryUsage of job (MB)
	1046404  -  ResidentSetSize of job (KB)
...
006 (5415472.232.000) 07/13 19:28:00 Image size of job updated: 1611400
	1022  -  MemoryUsage of job (MB)
	1046416  -  ResidentSetSize of job (KB)
...
006 (5415472.232.000) 07/13 19:53:01 Image size of job updated: 1611400
	1022  -  MemoryUsage of job (MB)
	1046428  -  ResidentSetSize of job (KB)
...
006 (5415472.232.000) 07/13 20:13:03 Image size of job updated: 1611400
	1022  -  MemoryUsage of job (MB)
	1046440  -  ResidentSetSize of job (KB)
...
006 (5415472.232.000) 07/13 20:38:07 Image size of job updated: 1611400
	1022  -  MemoryUsage of job (MB)
	1046452  -  ResidentSetSize of job (KB)
...
006 (5415472.232.000) 07/13 20:58:09 Image size of job updated: 1611400
	1022  -  MemoryUsage of job (MB)
	1046464  -  ResidentSetSize of job (KB)
...
006 (5415472.232.000) 07/13 21:23:13 Image size of job updated: 1611400
	1022  -  MemoryUsage of job (MB)
	1046476  -  ResidentSetSize of job (KB)
...
006 (5415472.232.000) 07/13 21:43:13 Image size of job updated: 1611400
	1022  -  MemoryUsage of job (MB)
	1046488  -  ResidentSetSize of job (KB)
...
006 (5415472.232.000) 07/13 22:08:16 Image size of job updated: 1611400
	1022  -  MemoryUsage of job (MB)
	1046500  -  ResidentSetSize of job (KB)
...
006 (5415472.232.000) 07/13 22:28:19 Image size of job updated: 1611400
	1022  -  MemoryUsage of job (MB)
	1046512  -  ResidentSetSize of job (KB)
...
006 (5415472.232.000) 07/13 22:53:23 Image size of job updated: 1611400
	1022  -  MemoryUsage of job (MB)
	1046524  -  ResidentSetSize of job (KB)
...
006 (5415472.232.000) 07/13 23:13:26 Image size of job updated: 1611400
	1023  -  MemoryUsage of job (MB)
	1046536  -  ResidentSetSize of job (KB)
...
006 (5415472.232.000) 07/13 23:38:28 Image size of job updated: 1611400
	1023  -  MemoryUsage of job (MB)
	1046548  -  ResidentSetSize of job (KB)
...
006 (5415472.232.000) 07/14 00:03:30 Image size of job updated: 1611400
	1023  -  MemoryUsage of job (MB)
	1046560  -  ResidentSetSize of job (KB)
...
006 (5415472.232.000) 07/14 00:23:33 Image size of job updated: 1611400
	1023  -  MemoryUsage of job (MB)
	1046572  -  ResidentSetSize of job (KB)
...
007 (5415472.232.000) 07/14 21:10:32 Shadow exception!
	Assertion ERROR on (result)
	0  -  Run Bytes Sent By Job
	803  -  Run Bytes Received By Job
...
040 (5415472.232.000) 07/14 21:26:21 Started transferring input files
	Transferring to host: <128.142.82.26:9618?addrs=128.142.82.26-9618+[2001-1458-301-f5--100-d1]-9618&alias=b7s13n9498.cern.ch&noUDP&sock=slot1_2_4919_a161_57942>
...
040 (5415472.232.000) 07/14 21:26:30 Finished transferring input files
...
001 (5415472.232.000) 07/14 21:26:38 Job executing on host: <128.142.82.26:9618?addrs=128.142.82.26-9618+[2001-1458-301-f5--100-d1]-9618&alias=b7s13n9498.cern.ch&noUDP&sock=startd_3933_4a12>
...
