000 (5415472.348.000) 07/11 14:02:29 Job submitted from host: <137.138.156.150:9618?addrs=137.138.156.150-9618+[2001-1458-d00-14--9a]-9618&alias=bigbird13.cern.ch&noUDP&sock=schedd_1788_ff6c>
...
040 (5415472.348.000) 07/11 15:19:10 Started transferring input files
	Transferring to host: <188.184.206.92:9618?addrs=188.184.206.92-9618+[2001-1458-301-7d--100-285]-9618&alias=b7g27n0028.cern.ch&noUDP&sock=slot1_1_13224_4113_133794>
...
040 (5415472.348.000) 07/11 15:19:10 Finished transferring input files
...
001 (5415472.348.000) 07/11 15:19:11 Job executing on host: <188.184.206.92:9618?addrs=188.184.206.92-9618+[2001-1458-301-7d--100-285]-9618&alias=b7g27n0028.cern.ch&noUDP&sock=startd_2879_5540>
...
006 (5415472.348.000) 07/11 15:19:20 Image size of job updated: 1248
	1  -  MemoryUsage of job (MB)
	40  -  ResidentSetSize of job (KB)
...
006 (5415472.348.000) 07/11 15:24:20 Image size of job updated: 972864
	409  -  MemoryUsage of job (MB)
	418104  -  ResidentSetSize of job (KB)
...
006 (5415472.348.000) 07/11 15:29:21 Image size of job updated: 1360236
	787  -  MemoryUsage of job (MB)
	805532  -  ResidentSetSize of job (KB)
...
006 (5415472.348.000) 07/11 15:34:21 Image size of job updated: 1591020
	1004  -  MemoryUsage of job (MB)
	1027452  -  ResidentSetSize of job (KB)
...
006 (5415472.348.000) 07/14 06:15:29 Image size of job updated: 1592000
	1005  -  MemoryUsage of job (MB)
	1028356  -  ResidentSetSize of job (KB)
...
006 (5415472.348.000) 07/14 07:35:36 Image size of job updated: 1592908
	1006  -  MemoryUsage of job (MB)
	1029264  -  ResidentSetSize of job (KB)
...
006 (5415472.348.000) 07/14 08:55:45 Image size of job updated: 1593812
	1007  -  MemoryUsage of job (MB)
	1030168  -  ResidentSetSize of job (KB)
...
006 (5415472.348.000) 07/14 10:15:52 Image size of job updated: 1594716
	1007  -  MemoryUsage of job (MB)
	1031072  -  ResidentSetSize of job (KB)
...
006 (5415472.348.000) 07/14 11:35:56 Image size of job updated: 1595624
	1008  -  MemoryUsage of job (MB)
	1031980  -  ResidentSetSize of job (KB)
...
006 (5415472.348.000) 07/14 13:01:06 Image size of job updated: 1596528
	1009  -  MemoryUsage of job (MB)
	1032884  -  ResidentSetSize of job (KB)
...
006 (5415472.348.000) 07/14 14:16:13 Image size of job updated: 1597436
	1010  -  MemoryUsage of job (MB)
	1033792  -  ResidentSetSize of job (KB)
...
006 (5415472.348.000) 07/14 15:36:23 Image size of job updated: 1598340
	1011  -  MemoryUsage of job (MB)
	1034696  -  ResidentSetSize of job (KB)
...
006 (5415472.348.000) 07/14 16:56:35 Image size of job updated: 1599244
	1012  -  MemoryUsage of job (MB)
	1035600  -  ResidentSetSize of job (KB)
...
006 (5415472.348.000) 07/14 18:16:45 Image size of job updated: 1600152
	1013  -  MemoryUsage of job (MB)
	1036508  -  ResidentSetSize of job (KB)
...
006 (5415472.348.000) 07/14 19:41:52 Image size of job updated: 1601056
	1014  -  MemoryUsage of job (MB)
	1037412  -  ResidentSetSize of job (KB)
...
007 (5415472.348.000) 07/14 20:59:21 Shadow exception!
	Assertion ERROR on (result)
	0  -  Run Bytes Sent By Job
	803  -  Run Bytes Received By Job
...
040 (5415472.348.000) 07/15 00:45:40 Started transferring input files
	Transferring to host: <128.142.78.66:9618?addrs=128.142.78.66-9618+[2001-1458-301-f4--100-549]-9618&alias=b7s12n1125.cern.ch&noUDP&sock=slot1_6_4984_6dc4_58024>
...
040 (5415472.348.000) 07/15 00:45:40 Finished transferring input files
...
001 (5415472.348.000) 07/15 00:45:41 Job executing on host: <128.142.78.66:9618?addrs=128.142.78.66-9618+[2001-1458-301-f4--100-549]-9618&alias=b7s12n1125.cern.ch&noUDP&sock=startd_3995_d0f1>
...
