000 (5415472.240.000) 07/11 14:02:29 Job submitted from host: <137.138.156.150:9618?addrs=137.138.156.150-9618+[2001-1458-d00-14--9a]-9618&alias=bigbird13.cern.ch&noUDP&sock=schedd_1788_ff6c>
...
040 (5415472.240.000) 07/11 14:25:56 Started transferring input files
	Transferring to host: <128.142.83.216:9618?addrs=128.142.83.216-9618+[2001-1458-301-f5--100-152]-9618&alias=b7s13n6520.cern.ch&noUDP&sock=slot1_1_6636_6987_56602>
...
040 (5415472.240.000) 07/11 14:25:56 Finished transferring input files
...
001 (5415472.240.000) 07/11 14:25:57 Job executing on host: <128.142.83.216:9618?addrs=128.142.83.216-9618+[2001-1458-301-f5--100-152]-9618&alias=b7s13n6520.cern.ch&noUDP&sock=startd_5309_1c63>
...
006 (5415472.240.000) 07/11 14:26:06 Image size of job updated: 512496
	195  -  MemoryUsage of job (MB)
	199092  -  ResidentSetSize of job (KB)
...
006 (5415472.240.000) 07/11 14:31:07 Image size of job updated: 1591012
	1004  -  MemoryUsage of job (MB)
	1027468  -  ResidentSetSize of job (KB)
...
006 (5415472.240.000) 07/13 01:20:03 Image size of job updated: 1591992
	1005  -  MemoryUsage of job (MB)
	1028288  -  ResidentSetSize of job (KB)
...
006 (5415472.240.000) 07/13 02:05:08 Image size of job updated: 1592900
	1006  -  MemoryUsage of job (MB)
	1029196  -  ResidentSetSize of job (KB)
...
006 (5415472.240.000) 07/13 02:50:15 Image size of job updated: 1593804
	1006  -  MemoryUsage of job (MB)
	1030100  -  ResidentSetSize of job (KB)
...
006 (5415472.240.000) 07/13 03:30:20 Image size of job updated: 1594712
	1007  -  MemoryUsage of job (MB)
	1031008  -  ResidentSetSize of job (KB)
...
006 (5415472.240.000) 07/13 04:15:25 Image size of job updated: 1595616
	1008  -  MemoryUsage of job (MB)
	1031912  -  ResidentSetSize of job (KB)
...
006 (5415472.240.000) 07/13 05:00:32 Image size of job updated: 1596520
	1009  -  MemoryUsage of job (MB)
	1032816  -  ResidentSetSize of job (KB)
...
006 (5415472.240.000) 07/13 05:45:39 Image size of job updated: 1597428
	1010  -  MemoryUsage of job (MB)
	1033724  -  ResidentSetSize of job (KB)
...
006 (5415472.240.000) 07/13 06:25:44 Image size of job updated: 1598332
	1011  -  MemoryUsage of job (MB)
	1034628  -  ResidentSetSize of job (KB)
...
006 (5415472.240.000) 07/13 07:10:46 Image size of job updated: 1599240
	1012  -  MemoryUsage of job (MB)
	1035536  -  ResidentSetSize of job (KB)
...
006 (5415472.240.000) 07/13 07:55:49 Image size of job updated: 1600144
	1013  -  MemoryUsage of job (MB)
	1036440  -  ResidentSetSize of job (KB)
...
006 (5415472.240.000) 07/13 08:40:55 Image size of job updated: 1601052
	1014  -  MemoryUsage of job (MB)
	1037348  -  ResidentSetSize of job (KB)
...
006 (5415472.240.000) 07/13 09:21:00 Image size of job updated: 1601956
	1014  -  MemoryUsage of job (MB)
	1038252  -  ResidentSetSize of job (KB)
...
006 (5415472.240.000) 07/13 10:06:04 Image size of job updated: 1602860
	1015  -  MemoryUsage of job (MB)
	1039156  -  ResidentSetSize of job (KB)
...
006 (5415472.240.000) 07/13 10:48:16 Image size of job updated: 1603768
	1016  -  MemoryUsage of job (MB)
	1040064  -  ResidentSetSize of job (KB)
...
006 (5415472.240.000) 07/13 11:46:44 Image size of job updated: 1604672
	1017  -  MemoryUsage of job (MB)
	1040968  -  ResidentSetSize of job (KB)
...
006 (5415472.240.000) 07/13 12:14:24 Image size of job updated: 1605580
	1018  -  MemoryUsage of job (MB)
	1041876  -  ResidentSetSize of job (KB)
...
006 (5415472.240.000) 07/13 12:59:42 Image size of job updated: 1606484
	1019  -  MemoryUsage of job (MB)
	1042780  -  ResidentSetSize of job (KB)
...
006 (5415472.240.000) 07/13 13:39:46 Image size of job updated: 1607388
	1020  -  MemoryUsage of job (MB)
	1043684  -  ResidentSetSize of job (KB)
...
006 (5415472.240.000) 07/13 14:24:49 Image size of job updated: 1608296
	1021  -  MemoryUsage of job (MB)
	1044592  -  ResidentSetSize of job (KB)
...
006 (5415472.240.000) 07/13 15:09:51 Image size of job updated: 1609200
	1021  -  MemoryUsage of job (MB)
	1045496  -  ResidentSetSize of job (KB)
...
006 (5415472.240.000) 07/13 15:54:55 Image size of job updated: 1610108
	1022  -  MemoryUsage of job (MB)
	1046404  -  ResidentSetSize of job (KB)
...
006 (5415472.240.000) 07/13 16:14:58 Image size of job updated: 1613180
	1024  -  MemoryUsage of job (MB)
	1047948  -  ResidentSetSize of job (KB)
...
006 (5415472.240.000) 07/13 16:35:00 Image size of job updated: 1613180
	1024  -  MemoryUsage of job (MB)
	1047960  -  ResidentSetSize of job (KB)
...
006 (5415472.240.000) 07/13 17:00:04 Image size of job updated: 1613180
	1024  -  MemoryUsage of job (MB)
	1047972  -  ResidentSetSize of job (KB)
...
006 (5415472.240.000) 07/13 17:24:40 Image size of job updated: 1614084
	1025  -  MemoryUsage of job (MB)
	1048848  -  ResidentSetSize of job (KB)
...
006 (5415472.240.000) 07/13 17:44:42 Image size of job updated: 1614084
	1025  -  MemoryUsage of job (MB)
	1048860  -  ResidentSetSize of job (KB)
...
006 (5415472.240.000) 07/13 18:04:42 Image size of job updated: 1614988
	1026  -  MemoryUsage of job (MB)
	1049764  -  ResidentSetSize of job (KB)
...
006 (5415472.240.000) 07/13 18:09:42 Image size of job updated: 1614988
	1026  -  MemoryUsage of job (MB)
	1049776  -  ResidentSetSize of job (KB)
...
006 (5415472.240.000) 07/13 18:34:45 Image size of job updated: 1614988
	1026  -  MemoryUsage of job (MB)
	1049788  -  ResidentSetSize of job (KB)
...
006 (5415472.240.000) 07/13 18:49:47 Image size of job updated: 1615896
	1027  -  MemoryUsage of job (MB)
	1050696  -  ResidentSetSize of job (KB)
...
006 (5415472.240.000) 07/13 18:54:47 Image size of job updated: 1615896
	1027  -  MemoryUsage of job (MB)
	1050708  -  ResidentSetSize of job (KB)
...
006 (5415472.240.000) 07/13 19:19:49 Image size of job updated: 1615896
	1027  -  MemoryUsage of job (MB)
	1050720  -  ResidentSetSize of job (KB)
...
006 (5415472.240.000) 07/13 19:34:51 Image size of job updated: 1616800
	1027  -  MemoryUsage of job (MB)
	1051624  -  ResidentSetSize of job (KB)
...
006 (5415472.240.000) 07/13 19:44:52 Image size of job updated: 1616800
	1027  -  MemoryUsage of job (MB)
	1051636  -  ResidentSetSize of job (KB)
...
006 (5415472.240.000) 07/13 20:04:52 Image size of job updated: 1616800
	1027  -  MemoryUsage of job (MB)
	1051648  -  ResidentSetSize of job (KB)
...
006 (5415472.240.000) 07/13 20:19:53 Image size of job updated: 1617708
	1028  -  MemoryUsage of job (MB)
	1052556  -  ResidentSetSize of job (KB)
...
006 (5415472.240.000) 07/13 20:29:54 Image size of job updated: 1617708
	1028  -  MemoryUsage of job (MB)
	1052568  -  ResidentSetSize of job (KB)
...
006 (5415472.240.000) 07/13 20:49:57 Image size of job updated: 1617708
	1028  -  MemoryUsage of job (MB)
	1052580  -  ResidentSetSize of job (KB)
...
006 (5415472.240.000) 07/13 20:59:59 Image size of job updated: 1618612
	1029  -  MemoryUsage of job (MB)
	1053484  -  ResidentSetSize of job (KB)
...
006 (5415472.240.000) 07/13 21:15:02 Image size of job updated: 1618612
	1029  -  MemoryUsage of job (MB)
	1053496  -  ResidentSetSize of job (KB)
...
006 (5415472.240.000) 07/13 21:35:04 Image size of job updated: 1618612
	1029  -  MemoryUsage of job (MB)
	1053508  -  ResidentSetSize of job (KB)
...
006 (5415472.240.000) 07/13 21:45:04 Image size of job updated: 1619520
	1030  -  MemoryUsage of job (MB)
	1054416  -  ResidentSetSize of job (KB)
...
006 (5415472.240.000) 07/13 22:00:07 Image size of job updated: 1619520
	1030  -  MemoryUsage of job (MB)
	1054428  -  ResidentSetSize of job (KB)
...
006 (5415472.240.000) 07/13 22:20:09 Image size of job updated: 1619520
	1030  -  MemoryUsage of job (MB)
	1054440  -  ResidentSetSize of job (KB)
...
006 (5415472.240.000) 07/13 22:25:09 Image size of job updated: 1620424
	1031  -  MemoryUsage of job (MB)
	1055344  -  ResidentSetSize of job (KB)
...
006 (5415472.240.000) 07/13 22:45:10 Image size of job updated: 1620424
	1031  -  MemoryUsage of job (MB)
	1055356  -  ResidentSetSize of job (KB)
...
006 (5415472.240.000) 07/13 23:10:14 Image size of job updated: 1621328
	1032  -  MemoryUsage of job (MB)
	1056272  -  ResidentSetSize of job (KB)
...
006 (5415472.240.000) 07/13 23:30:15 Image size of job updated: 1621328
	1032  -  MemoryUsage of job (MB)
	1056284  -  ResidentSetSize of job (KB)
...
006 (5415472.240.000) 07/13 23:55:18 Image size of job updated: 1622236
	1033  -  MemoryUsage of job (MB)
	1057204  -  ResidentSetSize of job (KB)
...
006 (5415472.240.000) 07/14 00:20:21 Image size of job updated: 1622236
	1033  -  MemoryUsage of job (MB)
	1057216  -  ResidentSetSize of job (KB)
...
006 (5415472.240.000) 07/14 00:35:23 Image size of job updated: 1623140
	1034  -  MemoryUsage of job (MB)
	1058120  -  ResidentSetSize of job (KB)
...
006 (5415472.240.000) 07/14 00:40:23 Image size of job updated: 1623140
	1034  -  MemoryUsage of job (MB)
	1058132  -  ResidentSetSize of job (KB)
...
006 (5415472.240.000) 07/14 01:05:27 Image size of job updated: 1623140
	1034  -  MemoryUsage of job (MB)
	1058144  -  ResidentSetSize of job (KB)
...
006 (5415472.240.000) 07/14 01:20:29 Image size of job updated: 1624048
	1035  -  MemoryUsage of job (MB)
	1059052  -  ResidentSetSize of job (KB)
...
006 (5415472.240.000) 07/14 01:30:31 Image size of job updated: 1624048
	1035  -  MemoryUsage of job (MB)
	1059064  -  ResidentSetSize of job (KB)
...
006 (5415472.240.000) 07/14 01:50:32 Image size of job updated: 1624048
	1035  -  MemoryUsage of job (MB)
	1059076  -  ResidentSetSize of job (KB)
...
006 (5415472.240.000) 07/14 02:05:35 Image size of job updated: 1624952
	1036  -  MemoryUsage of job (MB)
	1059980  -  ResidentSetSize of job (KB)
...
006 (5415472.240.000) 07/14 02:15:35 Image size of job updated: 1624952
	1036  -  MemoryUsage of job (MB)
	1059992  -  ResidentSetSize of job (KB)
...
006 (5415472.240.000) 07/14 02:35:37 Image size of job updated: 1624952
	1036  -  MemoryUsage of job (MB)
	1060004  -  ResidentSetSize of job (KB)
...
006 (5415472.240.000) 07/14 02:45:38 Image size of job updated: 1624952
	1037  -  MemoryUsage of job (MB)
	1060908  -  ResidentSetSize of job (KB)
...
006 (5415472.240.000) 07/14 02:50:39 Image size of job updated: 1625856
	1037  -  MemoryUsage of job (MB)
	1060908  -  ResidentSetSize of job (KB)
...
006 (5415472.240.000) 07/14 03:00:39 Image size of job updated: 1625856
	1037  -  MemoryUsage of job (MB)
	1060920  -  ResidentSetSize of job (KB)
...
006 (5415472.240.000) 07/14 03:25:42 Image size of job updated: 1625856
	1037  -  MemoryUsage of job (MB)
	1060932  -  ResidentSetSize of job (KB)
...
006 (5415472.240.000) 07/14 03:30:43 Image size of job updated: 1630384
	1041  -  MemoryUsage of job (MB)
	1065460  -  ResidentSetSize of job (KB)
...
006 (5415472.240.000) 07/14 03:45:43 Image size of job updated: 1630384
	1041  -  MemoryUsage of job (MB)
	1065472  -  ResidentSetSize of job (KB)
...
006 (5415472.240.000) 07/14 04:10:47 Image size of job updated: 1630384
	1041  -  MemoryUsage of job (MB)
	1065484  -  ResidentSetSize of job (KB)
...
006 (5415472.240.000) 07/14 04:30:48 Image size of job updated: 1630384
	1041  -  MemoryUsage of job (MB)
	1065496  -  ResidentSetSize of job (KB)
...
006 (5415472.240.000) 07/14 04:55:52 Image size of job updated: 1630384
	1041  -  MemoryUsage of job (MB)
	1065508  -  ResidentSetSize of job (KB)
...
006 (5415472.240.000) 07/14 05:20:54 Image size of job updated: 1630384
	1041  -  MemoryUsage of job (MB)
	1065520  -  ResidentSetSize of job (KB)
...
006 (5415472.240.000) 07/14 05:40:55 Image size of job updated: 1630384
	1041  -  MemoryUsage of job (MB)
	1065532  -  ResidentSetSize of job (KB)
...
006 (5415472.240.000) 07/14 06:05:55 Image size of job updated: 1630384
	1041  -  MemoryUsage of job (MB)
	1065544  -  ResidentSetSize of job (KB)
...
006 (5415472.240.000) 07/14 06:25:55 Image size of job updated: 1630384
	1041  -  MemoryUsage of job (MB)
	1065556  -  ResidentSetSize of job (KB)
...
006 (5415472.240.000) 07/14 06:50:59 Image size of job updated: 1630384
	1041  -  MemoryUsage of job (MB)
	1065568  -  ResidentSetSize of job (KB)
...
006 (5415472.240.000) 07/14 07:11:03 Image size of job updated: 1630384
	1041  -  MemoryUsage of job (MB)
	1065580  -  ResidentSetSize of job (KB)
...
006 (5415472.240.000) 07/14 07:36:04 Image size of job updated: 1630384
	1041  -  MemoryUsage of job (MB)
	1065592  -  ResidentSetSize of job (KB)
...
006 (5415472.240.000) 07/14 07:56:07 Image size of job updated: 1630384
	1041  -  MemoryUsage of job (MB)
	1065604  -  ResidentSetSize of job (KB)
...
006 (5415472.240.000) 07/14 08:21:10 Image size of job updated: 1630384
	1041  -  MemoryUsage of job (MB)
	1065616  -  ResidentSetSize of job (KB)
...
006 (5415472.240.000) 07/14 08:41:12 Image size of job updated: 1630384
	1041  -  MemoryUsage of job (MB)
	1065628  -  ResidentSetSize of job (KB)
...
006 (5415472.240.000) 07/14 09:06:16 Image size of job updated: 1630384
	1041  -  MemoryUsage of job (MB)
	1065640  -  ResidentSetSize of job (KB)
...
006 (5415472.240.000) 07/14 09:26:18 Image size of job updated: 1630384
	1041  -  MemoryUsage of job (MB)
	1065652  -  ResidentSetSize of job (KB)
...
006 (5415472.240.000) 07/14 09:51:21 Image size of job updated: 1630384
	1041  -  MemoryUsage of job (MB)
	1065664  -  ResidentSetSize of job (KB)
...
006 (5415472.240.000) 07/14 10:11:23 Image size of job updated: 1630384
	1041  -  MemoryUsage of job (MB)
	1065672  -  ResidentSetSize of job (KB)
...
006 (5415472.240.000) 07/14 10:36:25 Image size of job updated: 1630384
	1041  -  MemoryUsage of job (MB)
	1065684  -  ResidentSetSize of job (KB)
...
006 (5415472.240.000) 07/14 10:56:27 Image size of job updated: 1630384
	1041  -  MemoryUsage of job (MB)
	1065696  -  ResidentSetSize of job (KB)
...
006 (5415472.240.000) 07/14 11:16:30 Image size of job updated: 1630384
	1041  -  MemoryUsage of job (MB)
	1065700  -  ResidentSetSize of job (KB)
...
006 (5415472.240.000) 07/14 11:21:31 Image size of job updated: 1630384
	1041  -  MemoryUsage of job (MB)
	1065708  -  ResidentSetSize of job (KB)
...
006 (5415472.240.000) 07/14 11:41:33 Image size of job updated: 1630384
	1041  -  MemoryUsage of job (MB)
	1065720  -  ResidentSetSize of job (KB)
...
006 (5415472.240.000) 07/14 12:06:35 Image size of job updated: 1630384
	1041  -  MemoryUsage of job (MB)
	1065732  -  ResidentSetSize of job (KB)
...
006 (5415472.240.000) 07/14 12:26:38 Image size of job updated: 1630384
	1041  -  MemoryUsage of job (MB)
	1065744  -  ResidentSetSize of job (KB)
...
006 (5415472.240.000) 07/14 12:51:42 Image size of job updated: 1630384
	1041  -  MemoryUsage of job (MB)
	1065756  -  ResidentSetSize of job (KB)
...
006 (5415472.240.000) 07/14 13:11:44 Image size of job updated: 1630384
	1041  -  MemoryUsage of job (MB)
	1065768  -  ResidentSetSize of job (KB)
...
006 (5415472.240.000) 07/14 13:36:46 Image size of job updated: 1630384
	1041  -  MemoryUsage of job (MB)
	1065780  -  ResidentSetSize of job (KB)
...
006 (5415472.240.000) 07/14 13:56:47 Image size of job updated: 1630384
	1041  -  MemoryUsage of job (MB)
	1065792  -  ResidentSetSize of job (KB)
...
006 (5415472.240.000) 07/14 14:21:50 Image size of job updated: 1630384
	1041  -  MemoryUsage of job (MB)
	1065804  -  ResidentSetSize of job (KB)
...
006 (5415472.240.000) 07/14 14:46:54 Image size of job updated: 1630384
	1041  -  MemoryUsage of job (MB)
	1065816  -  ResidentSetSize of job (KB)
...
006 (5415472.240.000) 07/14 15:06:55 Image size of job updated: 1630384
	1041  -  MemoryUsage of job (MB)
	1065828  -  ResidentSetSize of job (KB)
...
006 (5415472.240.000) 07/14 15:31:58 Image size of job updated: 1630384
	1041  -  MemoryUsage of job (MB)
	1065840  -  ResidentSetSize of job (KB)
...
006 (5415472.240.000) 07/14 15:57:01 Image size of job updated: 1630384
	1041  -  MemoryUsage of job (MB)
	1065852  -  ResidentSetSize of job (KB)
...
006 (5415472.240.000) 07/14 16:17:02 Image size of job updated: 1630384
	1041  -  MemoryUsage of job (MB)
	1065864  -  ResidentSetSize of job (KB)
...
006 (5415472.240.000) 07/14 16:42:03 Image size of job updated: 1630384
	1041  -  MemoryUsage of job (MB)
	1065876  -  ResidentSetSize of job (KB)
...
006 (5415472.240.000) 07/14 17:07:07 Image size of job updated: 1630384
	1041  -  MemoryUsage of job (MB)
	1065888  -  ResidentSetSize of job (KB)
...
006 (5415472.240.000) 07/14 17:27:08 Image size of job updated: 1630384
	1041  -  MemoryUsage of job (MB)
	1065900  -  ResidentSetSize of job (KB)
...
007 (5415472.240.000) 07/14 17:47:55 Shadow exception!
	Assertion ERROR on (result)
	0  -  Run Bytes Sent By Job
	803  -  Run Bytes Received By Job
...
040 (5415472.240.000) 07/14 21:26:23 Started transferring input files
	Transferring to host: <128.142.59.86:9618?addrs=128.142.59.86-9618+[2001-1458-301-21--100-55]-9618&alias=b7s04p2139.cern.ch&noUDP&sock=slot1_2_6742_194b_5243>
...
040 (5415472.240.000) 07/14 21:26:48 Finished transferring input files
...
001 (5415472.240.000) 07/14 21:27:22 Job executing on host: <128.142.59.86:9618?addrs=128.142.59.86-9618+[2001-1458-301-21--100-55]-9618&alias=b7s04p2139.cern.ch&noUDP&sock=startd_6290_fecb>
...
040 (5415472.240.000) 07/17 21:16:26 Started transferring output files
...
040 (5415472.240.000) 07/17 21:16:26 Finished transferring output files
...
004 (5415472.240.000) 07/17 21:16:26 Job was evicted.
	(0) CPU times
		Usr 9 05:38:28, Sys 0 00:11:42  -  Run Remote Usage
		Usr 0 00:00:00, Sys 0 00:00:00  -  Run Local Usage
	96413  -  Run Bytes Sent By Job
	803  -  Run Bytes Received By Job
	Partitionable Resources :    Usage  Request Allocated 
	   Cpus                 :     3.03        4         4 
	   Disk (KB)            :   122    10485760  12022868 
	   Memory (MB)          :  1221        8000      8000 
...
