000 (5415472.268.000) 07/11 14:02:29 Job submitted from host: <137.138.156.150:9618?addrs=137.138.156.150-9618+[2001-1458-d00-14--9a]-9618&alias=bigbird13.cern.ch&noUDP&sock=schedd_1788_ff6c>
...
040 (5415472.268.000) 07/11 14:33:12 Started transferring input files
	Transferring to host: <128.142.76.254:9618?addrs=128.142.76.254-9618+[2001-1458-301-f4--100-27c]-9618&alias=b7s12n5542.cern.ch&noUDP&sock=slot1_2_5601_293d_71180>
...
040 (5415472.268.000) 07/11 14:33:12 Finished transferring input files
...
001 (5415472.268.000) 07/11 14:33:13 Job executing on host: <128.142.76.254:9618?addrs=128.142.76.254-9618+[2001-1458-301-f4--100-27c]-9618&alias=b7s12n5542.cern.ch&noUDP&sock=startd_4535_3615>
...
006 (5415472.268.000) 07/11 14:33:21 Image size of job updated: 41992
	17  -  MemoryUsage of job (MB)
	16468  -  ResidentSetSize of job (KB)
...
006 (5415472.268.000) 07/11 14:38:21 Image size of job updated: 1591036
	1004  -  MemoryUsage of job (MB)
	1027484  -  ResidentSetSize of job (KB)
...
006 (5415472.268.000) 07/13 21:56:47 Image size of job updated: 1592016
	1004  -  MemoryUsage of job (MB)
	1027484  -  ResidentSetSize of job (KB)
...
006 (5415472.268.000) 07/13 23:11:55 Image size of job updated: 1592924
	1004  -  MemoryUsage of job (MB)
	1027484  -  ResidentSetSize of job (KB)
...
006 (5415472.268.000) 07/14 00:27:04 Image size of job updated: 1593828
	1004  -  MemoryUsage of job (MB)
	1027484  -  ResidentSetSize of job (KB)
...
006 (5415472.268.000) 07/14 01:52:11 Image size of job updated: 1594736
	1004  -  MemoryUsage of job (MB)
	1027484  -  ResidentSetSize of job (KB)
...
006 (5415472.268.000) 07/14 03:17:19 Image size of job updated: 1595640
	1004  -  MemoryUsage of job (MB)
	1027484  -  ResidentSetSize of job (KB)
...
006 (5415472.268.000) 07/14 04:47:29 Image size of job updated: 1596544
	1004  -  MemoryUsage of job (MB)
	1027484  -  ResidentSetSize of job (KB)
...
006 (5415472.268.000) 07/14 06:07:38 Image size of job updated: 1597452
	1004  -  MemoryUsage of job (MB)
	1027484  -  ResidentSetSize of job (KB)
...
006 (5415472.268.000) 07/14 07:32:46 Image size of job updated: 1598356
	1004  -  MemoryUsage of job (MB)
	1027484  -  ResidentSetSize of job (KB)
...
006 (5415472.268.000) 07/14 08:37:51 Image size of job updated: 1599264
	1004  -  MemoryUsage of job (MB)
	1027484  -  ResidentSetSize of job (KB)
...
006 (5415472.268.000) 07/14 09:48:01 Image size of job updated: 1600168
	1004  -  MemoryUsage of job (MB)
	1027484  -  ResidentSetSize of job (KB)
...
006 (5415472.268.000) 07/14 10:53:07 Image size of job updated: 1601072
	1004  -  MemoryUsage of job (MB)
	1027484  -  ResidentSetSize of job (KB)
...
006 (5415472.268.000) 07/14 11:53:15 Image size of job updated: 1601980
	1004  -  MemoryUsage of job (MB)
	1027484  -  ResidentSetSize of job (KB)
...
006 (5415472.268.000) 07/14 12:58:23 Image size of job updated: 1602884
	1004  -  MemoryUsage of job (MB)
	1027484  -  ResidentSetSize of job (KB)
...
006 (5415472.268.000) 07/14 14:03:31 Image size of job updated: 1603792
	1004  -  MemoryUsage of job (MB)
	1027484  -  ResidentSetSize of job (KB)
...
006 (5415472.268.000) 07/14 15:13:41 Image size of job updated: 1604696
	1004  -  MemoryUsage of job (MB)
	1027484  -  ResidentSetSize of job (KB)
...
006 (5415472.268.000) 07/14 16:18:46 Image size of job updated: 1605604
	1004  -  MemoryUsage of job (MB)
	1027484  -  ResidentSetSize of job (KB)
...
006 (5415472.268.000) 07/14 17:28:54 Image size of job updated: 1606508
	1004  -  MemoryUsage of job (MB)
	1027484  -  ResidentSetSize of job (KB)
...
006 (5415472.268.000) 07/14 18:33:57 Image size of job updated: 1607412
	1004  -  MemoryUsage of job (MB)
	1027484  -  ResidentSetSize of job (KB)
...
006 (5415472.268.000) 07/14 19:44:07 Image size of job updated: 1608320
	1004  -  MemoryUsage of job (MB)
	1027484  -  ResidentSetSize of job (KB)
...
006 (5415472.268.000) 07/14 20:54:12 Image size of job updated: 1609224
	1004  -  MemoryUsage of job (MB)
	1027484  -  ResidentSetSize of job (KB)
...
022 (5415472.268.000) 07/14 21:01:36 Job disconnected, attempting to reconnect
    Socket between submit and execute hosts closed unexpectedly
    Trying to reconnect to slot1_2@b7s12n5542.cern.ch <128.142.76.254:9618?addrs=128.142.76.254-9618+[2001-1458-301-f4--100-27c]-9618&alias=b7s12n5542.cern.ch&noUDP&sock=startd_4535_3615>
...
023 (5415472.268.000) 07/14 21:01:36 Job reconnected to slot1_2@b7s12n5542.cern.ch
    startd address: <128.142.76.254:9618?addrs=128.142.76.254-9618+[2001-1458-301-f4--100-27c]-9618&alias=b7s12n5542.cern.ch&noUDP&sock=startd_4535_3615>
    starter address: <128.142.76.254:9618?addrs=128.142.76.254-9618+[2001-1458-301-f4--100-27c]-9618&alias=b7s12n5542.cern.ch&noUDP&sock=slot1_2_5601_293d_71180>
...
006 (5415472.268.000) 07/14 21:58:33 Image size of job updated: 1610132
	1004  -  MemoryUsage of job (MB)
	1027484  -  ResidentSetSize of job (KB)
...
006 (5415472.268.000) 07/14 22:33:35 Image size of job updated: 1613204
	1004  -  MemoryUsage of job (MB)
	1027484  -  ResidentSetSize of job (KB)
...
006 (5415472.268.000) 07/15 00:23:43 Image size of job updated: 1614108
	1004  -  MemoryUsage of job (MB)
	1027484  -  ResidentSetSize of job (KB)
...
006 (5415472.268.000) 07/15 01:33:47 Image size of job updated: 1615012
	1004  -  MemoryUsage of job (MB)
	1027484  -  ResidentSetSize of job (KB)
...
006 (5415472.268.000) 07/15 02:38:56 Image size of job updated: 1615920
	1004  -  MemoryUsage of job (MB)
	1027484  -  ResidentSetSize of job (KB)
...
006 (5415472.268.000) 07/15 03:54:01 Image size of job updated: 1616824
	1004  -  MemoryUsage of job (MB)
	1027484  -  ResidentSetSize of job (KB)
...
006 (5415472.268.000) 07/15 05:09:10 Image size of job updated: 1617732
	1004  -  MemoryUsage of job (MB)
	1027484  -  ResidentSetSize of job (KB)
...
006 (5415472.268.000) 07/15 06:19:17 Image size of job updated: 1618636
	1004  -  MemoryUsage of job (MB)
	1027484  -  ResidentSetSize of job (KB)
...
006 (5415472.268.000) 07/15 07:34:25 Image size of job updated: 1619540
	1004  -  MemoryUsage of job (MB)
	1027484  -  ResidentSetSize of job (KB)
...
006 (5415472.268.000) 07/15 08:34:30 Image size of job updated: 1620448
	1004  -  MemoryUsage of job (MB)
	1027484  -  ResidentSetSize of job (KB)
...
006 (5415472.268.000) 07/15 09:29:32 Image size of job updated: 1621352
	1004  -  MemoryUsage of job (MB)
	1027484  -  ResidentSetSize of job (KB)
...
006 (5415472.268.000) 07/15 10:29:37 Image size of job updated: 1622260
	1004  -  MemoryUsage of job (MB)
	1027484  -  ResidentSetSize of job (KB)
...
006 (5415472.268.000) 07/15 11:29:42 Image size of job updated: 1623164
	1004  -  MemoryUsage of job (MB)
	1027484  -  ResidentSetSize of job (KB)
...
006 (5415472.268.000) 07/15 12:24:49 Image size of job updated: 1624072
	1004  -  MemoryUsage of job (MB)
	1027484  -  ResidentSetSize of job (KB)
...
006 (5415472.268.000) 07/15 13:24:55 Image size of job updated: 1628600
	1004  -  MemoryUsage of job (MB)
	1027484  -  ResidentSetSize of job (KB)
...
040 (5415472.268.000) 07/16 10:38:26 Started transferring output files
...
040 (5415472.268.000) 07/16 10:38:26 Finished transferring output files
...
004 (5415472.268.000) 07/16 10:38:26 Job was evicted.
	(0) CPU times
		Usr 13 16:26:09, Sys 0 00:03:55  -  Run Remote Usage
		Usr 0 00:00:00, Sys 0 00:00:00  -  Run Local Usage
	96203  -  Run Bytes Sent By Job
	803  -  Run Bytes Received By Job
	Partitionable Resources :    Usage  Request Allocated 
	   Cpus                 :     2.91        4         4 
	   Disk (KB)            :   121    10485760  10818784 
	   Memory (MB)          :  1004        8000      8000 
...
