000 (5415472.358.000) 07/11 14:02:29 Job submitted from host: <137.138.156.150:9618?addrs=137.138.156.150-9618+[2001-1458-d00-14--9a]-9618&alias=bigbird13.cern.ch&noUDP&sock=schedd_1788_ff6c>
...
040 (5415472.358.000) 07/11 16:03:42 Started transferring input files
	Transferring to host: <128.142.81.81:9618?addrs=128.142.81.81-9618+[2001-1458-301-f5--100-1bf]-9618&alias=b7s13n9459.cern.ch&noUDP&sock=slot1_3_5276_2b50_59483>
...
040 (5415472.358.000) 07/11 16:03:42 Finished transferring input files
...
001 (5415472.358.000) 07/11 16:03:43 Job executing on host: <128.142.81.81:9618?addrs=128.142.81.81-9618+[2001-1458-301-f5--100-1bf]-9618&alias=b7s13n9459.cern.ch&noUDP&sock=startd_4213_5896>
...
006 (5415472.358.000) 07/11 16:03:52 Image size of job updated: 568112
	45  -  MemoryUsage of job (MB)
	45596  -  ResidentSetSize of job (KB)
...
006 (5415472.358.000) 07/11 16:08:53 Image size of job updated: 1591068
	1004  -  MemoryUsage of job (MB)
	1027504  -  ResidentSetSize of job (KB)
...
006 (5415472.358.000) 07/13 18:27:32 Image size of job updated: 1592048
	1004  -  MemoryUsage of job (MB)
	1027980  -  ResidentSetSize of job (KB)
...
006 (5415472.358.000) 07/13 19:32:36 Image size of job updated: 1592956
	1005  -  MemoryUsage of job (MB)
	1028888  -  ResidentSetSize of job (KB)
...
006 (5415472.358.000) 07/13 20:37:44 Image size of job updated: 1593860
	1006  -  MemoryUsage of job (MB)
	1029792  -  ResidentSetSize of job (KB)
...
006 (5415472.358.000) 07/13 21:47:51 Image size of job updated: 1594768
	1007  -  MemoryUsage of job (MB)
	1030700  -  ResidentSetSize of job (KB)
...
006 (5415472.358.000) 07/13 22:53:00 Image size of job updated: 1595672
	1008  -  MemoryUsage of job (MB)
	1031604  -  ResidentSetSize of job (KB)
...
006 (5415472.358.000) 07/14 00:03:09 Image size of job updated: 1596576
	1009  -  MemoryUsage of job (MB)
	1032508  -  ResidentSetSize of job (KB)
...
006 (5415472.358.000) 07/14 01:08:16 Image size of job updated: 1597484
	1010  -  MemoryUsage of job (MB)
	1033416  -  ResidentSetSize of job (KB)
...
006 (5415472.358.000) 07/14 02:18:22 Image size of job updated: 1598388
	1011  -  MemoryUsage of job (MB)
	1034320  -  ResidentSetSize of job (KB)
...
006 (5415472.358.000) 07/14 03:23:28 Image size of job updated: 1599296
	1011  -  MemoryUsage of job (MB)
	1035228  -  ResidentSetSize of job (KB)
...
006 (5415472.358.000) 07/14 04:28:33 Image size of job updated: 1600200
	1012  -  MemoryUsage of job (MB)
	1036132  -  ResidentSetSize of job (KB)
...
006 (5415472.358.000) 07/14 05:33:39 Image size of job updated: 1601104
	1013  -  MemoryUsage of job (MB)
	1037036  -  ResidentSetSize of job (KB)
...
006 (5415472.358.000) 07/14 06:43:49 Image size of job updated: 1602012
	1014  -  MemoryUsage of job (MB)
	1037944  -  ResidentSetSize of job (KB)
...
006 (5415472.358.000) 07/14 07:48:57 Image size of job updated: 1602916
	1015  -  MemoryUsage of job (MB)
	1038848  -  ResidentSetSize of job (KB)
...
006 (5415472.358.000) 07/14 08:54:06 Image size of job updated: 1603824
	1016  -  MemoryUsage of job (MB)
	1039756  -  ResidentSetSize of job (KB)
...
006 (5415472.358.000) 07/14 09:59:13 Image size of job updated: 1604728
	1017  -  MemoryUsage of job (MB)
	1040660  -  ResidentSetSize of job (KB)
...
006 (5415472.358.000) 07/14 11:04:21 Image size of job updated: 1605632
	1018  -  MemoryUsage of job (MB)
	1041564  -  ResidentSetSize of job (KB)
...
006 (5415472.358.000) 07/14 12:09:28 Image size of job updated: 1606540
	1019  -  MemoryUsage of job (MB)
	1042472  -  ResidentSetSize of job (KB)
...
006 (5415472.358.000) 07/14 13:14:32 Image size of job updated: 1607444
	1019  -  MemoryUsage of job (MB)
	1043376  -  ResidentSetSize of job (KB)
...
006 (5415472.358.000) 07/14 14:14:39 Image size of job updated: 1608352
	1020  -  MemoryUsage of job (MB)
	1044284  -  ResidentSetSize of job (KB)
...
006 (5415472.358.000) 07/14 15:19:45 Image size of job updated: 1609256
	1021  -  MemoryUsage of job (MB)
	1045188  -  ResidentSetSize of job (KB)
...
006 (5415472.358.000) 07/14 16:24:51 Image size of job updated: 1610160
	1022  -  MemoryUsage of job (MB)
	1046092  -  ResidentSetSize of job (KB)
...
006 (5415472.358.000) 07/14 16:59:54 Image size of job updated: 1613232
	1024  -  MemoryUsage of job (MB)
	1047652  -  ResidentSetSize of job (KB)
...
006 (5415472.358.000) 07/14 17:34:56 Image size of job updated: 1613232
	1024  -  MemoryUsage of job (MB)
	1047664  -  ResidentSetSize of job (KB)
...
006 (5415472.358.000) 07/14 18:10:01 Image size of job updated: 1613232
	1024  -  MemoryUsage of job (MB)
	1047676  -  ResidentSetSize of job (KB)
...
006 (5415472.358.000) 07/14 18:40:06 Image size of job updated: 1614140
	1025  -  MemoryUsage of job (MB)
	1048584  -  ResidentSetSize of job (KB)
...
006 (5415472.358.000) 07/14 18:45:06 Image size of job updated: 1614140
	1025  -  MemoryUsage of job (MB)
	1048596  -  ResidentSetSize of job (KB)
...
006 (5415472.358.000) 07/14 19:20:10 Image size of job updated: 1614140
	1025  -  MemoryUsage of job (MB)
	1048608  -  ResidentSetSize of job (KB)
...
006 (5415472.358.000) 07/14 19:45:12 Image size of job updated: 1615044
	1025  -  MemoryUsage of job (MB)
	1049512  -  ResidentSetSize of job (KB)
...
006 (5415472.358.000) 07/14 19:55:12 Image size of job updated: 1615044
	1025  -  MemoryUsage of job (MB)
	1049524  -  ResidentSetSize of job (KB)
...
006 (5415472.358.000) 07/14 20:30:15 Image size of job updated: 1615044
	1025  -  MemoryUsage of job (MB)
	1049536  -  ResidentSetSize of job (KB)
...
006 (5415472.358.000) 07/14 20:50:17 Image size of job updated: 1615952
	1026  -  MemoryUsage of job (MB)
	1050444  -  ResidentSetSize of job (KB)
...
007 (5415472.358.000) 07/14 21:02:36 Shadow exception!
	Assertion ERROR on (result)
	0  -  Run Bytes Sent By Job
	803  -  Run Bytes Received By Job
...
040 (5415472.358.000) 07/15 01:33:18 Started transferring input files
	Transferring to host: <128.142.82.128:9618?addrs=128.142.82.128-9618+[2001-1458-301-f5--100-519]-9618&alias=b7s13n6826.cern.ch&noUDP&sock=slot1_2_5748_bc63_64371>
...
040 (5415472.358.000) 07/15 01:33:18 Finished transferring input files
...
001 (5415472.358.000) 07/15 01:33:19 Job executing on host: <128.142.82.128:9618?addrs=128.142.82.128-9618+[2001-1458-301-f5--100-519]-9618&alias=b7s13n6826.cern.ch&noUDP&sock=startd_4533_d6e5>
...
007 (5415472.358.000) 07/21 09:19:21 Shadow exception!
	Assertion ERROR on (result)
	0  -  Run Bytes Sent By Job
	803  -  Run Bytes Received By Job
...
