000 (5415472.003.000) 07/11 14:02:28 Job submitted from host: <137.138.156.150:9618?addrs=137.138.156.150-9618+[2001-1458-d00-14--9a]-9618&alias=bigbird13.cern.ch&noUDP&sock=schedd_1788_ff6c>
...
040 (5415472.003.000) 07/11 14:03:14 Started transferring input files
	Transferring to host: <188.184.205.151:9618?addrs=188.184.205.151-9618+[2001-1458-301-7d--100-27d]-9618&alias=b7g27n0093.cern.ch&noUDP&sock=slot1_3_4282_ce67_67235>
...
040 (5415472.003.000) 07/11 14:03:14 Finished transferring input files
...
001 (5415472.003.000) 07/11 14:03:15 Job executing on host: <188.184.205.151:9618?addrs=188.184.205.151-9618+[2001-1458-301-7d--100-27d]-9618&alias=b7g27n0093.cern.ch&noUDP&sock=startd_3649_7d2c>
...
006 (5415472.003.000) 07/11 14:03:24 Image size of job updated: 570628
	71  -  MemoryUsage of job (MB)
	71920  -  ResidentSetSize of job (KB)
...
006 (5415472.003.000) 07/11 14:08:24 Image size of job updated: 1591012
	1004  -  MemoryUsage of job (MB)
	1027452  -  ResidentSetSize of job (KB)
...
006 (5415472.003.000) 07/14 01:32:48 Image size of job updated: 1591996
	1005  -  MemoryUsage of job (MB)
	1028352  -  ResidentSetSize of job (KB)
...
006 (5415472.003.000) 07/14 02:42:58 Image size of job updated: 1592900
	1006  -  MemoryUsage of job (MB)
	1029256  -  ResidentSetSize of job (KB)
...
006 (5415472.003.000) 07/14 03:58:06 Image size of job updated: 1593808
	1007  -  MemoryUsage of job (MB)
	1030164  -  ResidentSetSize of job (KB)
...
006 (5415472.003.000) 07/14 05:03:11 Image size of job updated: 1594712
	1007  -  MemoryUsage of job (MB)
	1031068  -  ResidentSetSize of job (KB)
...
006 (5415472.003.000) 07/14 06:13:20 Image size of job updated: 1595616
	1008  -  MemoryUsage of job (MB)
	1031972  -  ResidentSetSize of job (KB)
...
006 (5415472.003.000) 07/14 07:23:29 Image size of job updated: 1596524
	1009  -  MemoryUsage of job (MB)
	1032880  -  ResidentSetSize of job (KB)
...
006 (5415472.003.000) 07/14 08:28:33 Image size of job updated: 1597428
	1010  -  MemoryUsage of job (MB)
	1033784  -  ResidentSetSize of job (KB)
...
006 (5415472.003.000) 07/14 09:38:42 Image size of job updated: 1598336
	1011  -  MemoryUsage of job (MB)
	1034692  -  ResidentSetSize of job (KB)
...
006 (5415472.003.000) 07/14 10:48:50 Image size of job updated: 1599240
	1012  -  MemoryUsage of job (MB)
	1035596  -  ResidentSetSize of job (KB)
...
006 (5415472.003.000) 07/14 11:53:58 Image size of job updated: 1599240
	1013  -  MemoryUsage of job (MB)
	1036492  -  ResidentSetSize of job (KB)
...
006 (5415472.003.000) 07/14 11:58:58 Image size of job updated: 1600144
	1013  -  MemoryUsage of job (MB)
	1036492  -  ResidentSetSize of job (KB)
...
006 (5415472.003.000) 07/14 13:09:05 Image size of job updated: 1601052
	1014  -  MemoryUsage of job (MB)
	1037400  -  ResidentSetSize of job (KB)
...
006 (5415472.003.000) 07/14 14:24:12 Image size of job updated: 1601052
	1014  -  MemoryUsage of job (MB)
	1038304  -  ResidentSetSize of job (KB)
...
006 (5415472.003.000) 07/14 14:29:12 Image size of job updated: 1601956
	1014  -  MemoryUsage of job (MB)
	1038304  -  ResidentSetSize of job (KB)
...
006 (5415472.003.000) 07/14 15:44:18 Image size of job updated: 1602864
	1015  -  MemoryUsage of job (MB)
	1039212  -  ResidentSetSize of job (KB)
...
006 (5415472.003.000) 07/14 16:59:25 Image size of job updated: 1603768
	1016  -  MemoryUsage of job (MB)
	1040116  -  ResidentSetSize of job (KB)
...
006 (5415472.003.000) 07/14 18:14:32 Image size of job updated: 1604676
	1017  -  MemoryUsage of job (MB)
	1041024  -  ResidentSetSize of job (KB)
...
006 (5415472.003.000) 07/14 19:24:37 Image size of job updated: 1605580
	1018  -  MemoryUsage of job (MB)
	1041928  -  ResidentSetSize of job (KB)
...
006 (5415472.003.000) 07/14 20:46:44 Image size of job updated: 1606484
	1019  -  MemoryUsage of job (MB)
	1042832  -  ResidentSetSize of job (KB)
...
007 (5415472.003.000) 07/14 21:03:18 Shadow exception!
	Assertion ERROR on (result)
	0  -  Run Bytes Sent By Job
	803  -  Run Bytes Received By Job
...
040 (5415472.003.000) 07/14 21:16:18 Started transferring input files
	Transferring to host: <128.142.76.73:9618?addrs=128.142.76.73-9618+[2001-1458-301-f4--100-388]-9618&alias=b7s12n2668.cern.ch&noUDP&sock=slot1_10_5688_75e0_69215>
...
040 (5415472.003.000) 07/14 21:16:18 Finished transferring input files
...
001 (5415472.003.000) 07/14 21:16:19 Job executing on host: <128.142.76.73:9618?addrs=128.142.76.73-9618+[2001-1458-301-f4--100-388]-9618&alias=b7s12n2668.cern.ch&noUDP&sock=startd_4566_7985>
...
