000 (5415472.397.000) 07/11 14:02:29 Job submitted from host: <137.138.156.150:9618?addrs=137.138.156.150-9618+[2001-1458-d00-14--9a]-9618&alias=bigbird13.cern.ch&noUDP&sock=schedd_1788_ff6c>
...
040 (5415472.397.000) 07/11 16:03:54 Started transferring input files
	Transferring to host: <128.142.56.154:9618?addrs=128.142.56.154-9618+[2001-1458-301-6--100-99]-9618&alias=b7s01p2419.cern.ch&noUDP&sock=slot1_26_54030_c5ce_5814>
...
040 (5415472.397.000) 07/11 16:03:54 Finished transferring input files
...
001 (5415472.397.000) 07/11 16:03:55 Job executing on host: <128.142.56.154:9618?addrs=128.142.56.154-9618+[2001-1458-301-6--100-99]-9618&alias=b7s01p2419.cern.ch&noUDP&sock=startd_50925_e489>
...
006 (5415472.397.000) 07/11 16:04:04 Image size of job updated: 312572
	247  -  MemoryUsage of job (MB)
	252032  -  ResidentSetSize of job (KB)
...
006 (5415472.397.000) 07/11 16:09:04 Image size of job updated: 1590852
	1004  -  MemoryUsage of job (MB)
	1027296  -  ResidentSetSize of job (KB)
...
006 (5415472.397.000) 07/13 00:42:20 Image size of job updated: 1591836
	1004  -  MemoryUsage of job (MB)
	1027296  -  ResidentSetSize of job (KB)
...
006 (5415472.397.000) 07/13 01:22:24 Image size of job updated: 1592740
	1004  -  MemoryUsage of job (MB)
	1027296  -  ResidentSetSize of job (KB)
...
006 (5415472.397.000) 07/13 02:02:27 Image size of job updated: 1593648
	1004  -  MemoryUsage of job (MB)
	1027296  -  ResidentSetSize of job (KB)
...
006 (5415472.397.000) 07/13 02:47:32 Image size of job updated: 1594552
	1004  -  MemoryUsage of job (MB)
	1027296  -  ResidentSetSize of job (KB)
...
006 (5415472.397.000) 07/13 03:27:37 Image size of job updated: 1595456
	1004  -  MemoryUsage of job (MB)
	1027296  -  ResidentSetSize of job (KB)
...
006 (5415472.397.000) 07/13 04:12:44 Image size of job updated: 1596364
	1004  -  MemoryUsage of job (MB)
	1027296  -  ResidentSetSize of job (KB)
...
006 (5415472.397.000) 07/13 04:57:47 Image size of job updated: 1597268
	1004  -  MemoryUsage of job (MB)
	1027296  -  ResidentSetSize of job (KB)
...
006 (5415472.397.000) 07/13 05:37:52 Image size of job updated: 1598176
	1004  -  MemoryUsage of job (MB)
	1027296  -  ResidentSetSize of job (KB)
...
006 (5415472.397.000) 07/13 06:22:59 Image size of job updated: 1599080
	1004  -  MemoryUsage of job (MB)
	1027296  -  ResidentSetSize of job (KB)
...
006 (5415472.397.000) 07/13 07:08:04 Image size of job updated: 1599984
	1004  -  MemoryUsage of job (MB)
	1027296  -  ResidentSetSize of job (KB)
...
006 (5415472.397.000) 07/13 07:53:09 Image size of job updated: 1600892
	1004  -  MemoryUsage of job (MB)
	1027296  -  ResidentSetSize of job (KB)
...
006 (5415472.397.000) 07/13 08:38:12 Image size of job updated: 1601796
	1004  -  MemoryUsage of job (MB)
	1027296  -  ResidentSetSize of job (KB)
...
006 (5415472.397.000) 07/13 09:18:19 Image size of job updated: 1602704
	1004  -  MemoryUsage of job (MB)
	1027296  -  ResidentSetSize of job (KB)
...
006 (5415472.397.000) 07/13 09:58:25 Image size of job updated: 1603608
	1004  -  MemoryUsage of job (MB)
	1027296  -  ResidentSetSize of job (KB)
...
006 (5415472.397.000) 07/13 10:38:30 Image size of job updated: 1604512
	1004  -  MemoryUsage of job (MB)
	1027296  -  ResidentSetSize of job (KB)
...
006 (5415472.397.000) 07/13 11:24:06 Image size of job updated: 1605420
	1004  -  MemoryUsage of job (MB)
	1027296  -  ResidentSetSize of job (KB)
...
006 (5415472.397.000) 07/13 12:08:39 Image size of job updated: 1606324
	1004  -  MemoryUsage of job (MB)
	1027296  -  ResidentSetSize of job (KB)
...
006 (5415472.397.000) 07/13 12:48:43 Image size of job updated: 1607232
	1004  -  MemoryUsage of job (MB)
	1027296  -  ResidentSetSize of job (KB)
...
006 (5415472.397.000) 07/13 13:28:48 Image size of job updated: 1608136
	1004  -  MemoryUsage of job (MB)
	1027296  -  ResidentSetSize of job (KB)
...
006 (5415472.397.000) 07/13 14:08:55 Image size of job updated: 1609040
	1004  -  MemoryUsage of job (MB)
	1027296  -  ResidentSetSize of job (KB)
...
006 (5415472.397.000) 07/13 14:54:01 Image size of job updated: 1609948
	1004  -  MemoryUsage of job (MB)
	1027296  -  ResidentSetSize of job (KB)
...
006 (5415472.397.000) 07/13 15:14:01 Image size of job updated: 1613020
	1004  -  MemoryUsage of job (MB)
	1027296  -  ResidentSetSize of job (KB)
...
006 (5415472.397.000) 07/13 16:14:07 Image size of job updated: 1613924
	1004  -  MemoryUsage of job (MB)
	1027296  -  ResidentSetSize of job (KB)
...
006 (5415472.397.000) 07/13 16:54:10 Image size of job updated: 1614832
	1004  -  MemoryUsage of job (MB)
	1027296  -  ResidentSetSize of job (KB)
...
006 (5415472.397.000) 07/13 17:36:39 Image size of job updated: 1615736
	1004  -  MemoryUsage of job (MB)
	1027296  -  ResidentSetSize of job (KB)
...
006 (5415472.397.000) 07/13 18:21:44 Image size of job updated: 1616644
	1004  -  MemoryUsage of job (MB)
	1027296  -  ResidentSetSize of job (KB)
...
006 (5415472.397.000) 07/13 19:01:48 Image size of job updated: 1617548
	1004  -  MemoryUsage of job (MB)
	1027296  -  ResidentSetSize of job (KB)
...
006 (5415472.397.000) 07/13 19:41:50 Image size of job updated: 1618452
	1004  -  MemoryUsage of job (MB)
	1027296  -  ResidentSetSize of job (KB)
...
006 (5415472.397.000) 07/13 20:26:53 Image size of job updated: 1619360
	1004  -  MemoryUsage of job (MB)
	1027296  -  ResidentSetSize of job (KB)
...
006 (5415472.397.000) 07/13 21:06:56 Image size of job updated: 1620264
	1004  -  MemoryUsage of job (MB)
	1027296  -  ResidentSetSize of job (KB)
...
006 (5415472.397.000) 07/13 21:47:00 Image size of job updated: 1621172
	1004  -  MemoryUsage of job (MB)
	1027296  -  ResidentSetSize of job (KB)
...
006 (5415472.397.000) 07/13 22:32:08 Image size of job updated: 1622076
	1004  -  MemoryUsage of job (MB)
	1027296  -  ResidentSetSize of job (KB)
...
006 (5415472.397.000) 07/13 23:12:12 Image size of job updated: 1622980
	1004  -  MemoryUsage of job (MB)
	1027296  -  ResidentSetSize of job (KB)
...
006 (5415472.397.000) 07/13 23:57:16 Image size of job updated: 1623888
	1004  -  MemoryUsage of job (MB)
	1027964  -  ResidentSetSize of job (KB)
...
006 (5415472.397.000) 07/14 00:17:18 Image size of job updated: 1623888
	1004  -  MemoryUsage of job (MB)
	1027976  -  ResidentSetSize of job (KB)
...
006 (5415472.397.000) 07/14 00:37:19 Image size of job updated: 1624792
	1005  -  MemoryUsage of job (MB)
	1028892  -  ResidentSetSize of job (KB)
...
006 (5415472.397.000) 07/14 01:02:22 Image size of job updated: 1624792
	1005  -  MemoryUsage of job (MB)
	1028904  -  ResidentSetSize of job (KB)
...
006 (5415472.397.000) 07/14 01:17:24 Image size of job updated: 1629320
	1010  -  MemoryUsage of job (MB)
	1033432  -  ResidentSetSize of job (KB)
...
006 (5415472.397.000) 07/14 01:22:24 Image size of job updated: 1629320
	1010  -  MemoryUsage of job (MB)
	1033444  -  ResidentSetSize of job (KB)
...
006 (5415472.397.000) 07/14 01:42:25 Image size of job updated: 1629320
	1010  -  MemoryUsage of job (MB)
	1033456  -  ResidentSetSize of job (KB)
...
007 (5415472.397.000) 07/14 21:11:54 Shadow exception!
	Assertion ERROR on (result)
	0  -  Run Bytes Sent By Job
	803  -  Run Bytes Received By Job
...
