000 (5415472.158.000) 07/11 14:02:29 Job submitted from host: <137.138.156.150:9618?addrs=137.138.156.150-9618+[2001-1458-d00-14--9a]-9618&alias=bigbird13.cern.ch&noUDP&sock=schedd_1788_ff6c>
...
040 (5415472.158.000) 07/11 14:15:20 Started transferring input files
	Transferring to host: <128.142.84.65:9618?addrs=128.142.84.65-9618+[2001-1458-301-f6--100-5b1]-9618&alias=b7s14n3506.cern.ch&noUDP&sock=slot1_10_5839_da87_55926>
...
040 (5415472.158.000) 07/11 14:15:20 Finished transferring input files
...
001 (5415472.158.000) 07/11 14:15:21 Job executing on host: <128.142.84.65:9618?addrs=128.142.84.65-9618+[2001-1458-301-f6--100-5b1]-9618&alias=b7s14n3506.cern.ch&noUDP&sock=startd_4715_ad21>
...
006 (5415472.158.000) 07/11 14:15:30 Image size of job updated: 570628
	55  -  MemoryUsage of job (MB)
	56080  -  ResidentSetSize of job (KB)
...
006 (5415472.158.000) 07/11 14:20:30 Image size of job updated: 1590928
	1004  -  MemoryUsage of job (MB)
	1027360  -  ResidentSetSize of job (KB)
...
006 (5415472.158.000) 07/13 19:52:56 Image size of job updated: 1591908
	1004  -  MemoryUsage of job (MB)
	1027360  -  ResidentSetSize of job (KB)
...
006 (5415472.158.000) 07/13 20:58:04 Image size of job updated: 1592816
	1004  -  MemoryUsage of job (MB)
	1027360  -  ResidentSetSize of job (KB)
...
006 (5415472.158.000) 07/13 22:03:10 Image size of job updated: 1593720
	1004  -  MemoryUsage of job (MB)
	1027360  -  ResidentSetSize of job (KB)
...
006 (5415472.158.000) 07/13 23:08:15 Image size of job updated: 1594624
	1004  -  MemoryUsage of job (MB)
	1027360  -  ResidentSetSize of job (KB)
...
006 (5415472.158.000) 07/14 00:08:22 Image size of job updated: 1595532
	1004  -  MemoryUsage of job (MB)
	1027360  -  ResidentSetSize of job (KB)
...
006 (5415472.158.000) 07/14 01:18:30 Image size of job updated: 1596436
	1004  -  MemoryUsage of job (MB)
	1027360  -  ResidentSetSize of job (KB)
...
006 (5415472.158.000) 07/14 02:28:38 Image size of job updated: 1597344
	1004  -  MemoryUsage of job (MB)
	1027360  -  ResidentSetSize of job (KB)
...
006 (5415472.158.000) 07/14 03:33:47 Image size of job updated: 1598248
	1004  -  MemoryUsage of job (MB)
	1027360  -  ResidentSetSize of job (KB)
...
006 (5415472.158.000) 07/14 04:43:52 Image size of job updated: 1599152
	1004  -  MemoryUsage of job (MB)
	1027360  -  ResidentSetSize of job (KB)
...
006 (5415472.158.000) 07/14 05:48:57 Image size of job updated: 1600060
	1004  -  MemoryUsage of job (MB)
	1027360  -  ResidentSetSize of job (KB)
...
006 (5415472.158.000) 07/14 06:54:01 Image size of job updated: 1600964
	1004  -  MemoryUsage of job (MB)
	1027360  -  ResidentSetSize of job (KB)
...
006 (5415472.158.000) 07/14 07:59:04 Image size of job updated: 1601872
	1004  -  MemoryUsage of job (MB)
	1027360  -  ResidentSetSize of job (KB)
...
006 (5415472.158.000) 07/14 08:59:09 Image size of job updated: 1602776
	1004  -  MemoryUsage of job (MB)
	1027360  -  ResidentSetSize of job (KB)
...
006 (5415472.158.000) 07/14 09:59:16 Image size of job updated: 1603684
	1004  -  MemoryUsage of job (MB)
	1027360  -  ResidentSetSize of job (KB)
...
006 (5415472.158.000) 07/14 10:59:23 Image size of job updated: 1604588
	1004  -  MemoryUsage of job (MB)
	1027360  -  ResidentSetSize of job (KB)
...
006 (5415472.158.000) 07/14 11:59:31 Image size of job updated: 1605492
	1004  -  MemoryUsage of job (MB)
	1027360  -  ResidentSetSize of job (KB)
...
006 (5415472.158.000) 07/14 13:04:35 Image size of job updated: 1606400
	1004  -  MemoryUsage of job (MB)
	1027360  -  ResidentSetSize of job (KB)
...
006 (5415472.158.000) 07/14 14:09:42 Image size of job updated: 1607304
	1004  -  MemoryUsage of job (MB)
	1027360  -  ResidentSetSize of job (KB)
...
006 (5415472.158.000) 07/14 15:14:51 Image size of job updated: 1608212
	1004  -  MemoryUsage of job (MB)
	1027360  -  ResidentSetSize of job (KB)
...
006 (5415472.158.000) 07/14 16:19:57 Image size of job updated: 1609116
	1004  -  MemoryUsage of job (MB)
	1027360  -  ResidentSetSize of job (KB)
...
006 (5415472.158.000) 07/14 17:20:03 Image size of job updated: 1610020
	1004  -  MemoryUsage of job (MB)
	1027360  -  ResidentSetSize of job (KB)
...
006 (5415472.158.000) 07/14 17:50:06 Image size of job updated: 1613092
	1004  -  MemoryUsage of job (MB)
	1027360  -  ResidentSetSize of job (KB)
...
006 (5415472.158.000) 07/14 19:25:18 Image size of job updated: 1614000
	1004  -  MemoryUsage of job (MB)
	1027360  -  ResidentSetSize of job (KB)
...
006 (5415472.158.000) 07/14 20:25:24 Image size of job updated: 1614904
	1004  -  MemoryUsage of job (MB)
	1027360  -  ResidentSetSize of job (KB)
...
007 (5415472.158.000) 07/14 21:06:55 Shadow exception!
	Assertion ERROR on (result)
	0  -  Run Bytes Sent By Job
	803  -  Run Bytes Received By Job
...
040 (5415472.158.000) 07/14 21:25:16 Started transferring input files
	Transferring to host: <128.142.70.213:9618?addrs=128.142.70.213-9618+[2001-1458-301-52--100-31a]-9618&alias=b7s10n1324.cern.ch&noUDP&sock=slot1_2_17865_4230_137413>
...
040 (5415472.158.000) 07/14 21:25:17 Finished transferring input files
...
001 (5415472.158.000) 07/14 21:25:19 Job executing on host: <128.142.70.213:9618?addrs=128.142.70.213-9618+[2001-1458-301-52--100-31a]-9618&alias=b7s10n1324.cern.ch&noUDP&sock=startd_2295_c1f1>
...
040 (5415472.158.000) 07/20 12:52:53 Started transferring output files
...
040 (5415472.158.000) 07/20 12:52:53 Finished transferring output files
...
004 (5415472.158.000) 07/20 12:52:53 Job was evicted.
	(0) CPU times
		Usr 15 18:27:25, Sys 0 03:02:31  -  Run Remote Usage
		Usr 0 00:00:00, Sys 0 00:00:00  -  Run Local Usage
	96410  -  Run Bytes Sent By Job
	803  -  Run Bytes Received By Job
	Partitionable Resources :    Usage  Request Allocated 
	   Cpus                 :     2.95        4         4 
	   Disk (KB)            :   123    10485760  10688838 
	   Memory (MB)          :  1221        8000      8000 
...
