000 (5415472.133.000) 07/11 14:02:29 Job submitted from host: <137.138.156.150:9618?addrs=137.138.156.150-9618+[2001-1458-d00-14--9a]-9618&alias=bigbird13.cern.ch&noUDP&sock=schedd_1788_ff6c>
...
040 (5415472.133.000) 07/11 14:15:13 Started transferring input files
	Transferring to host: <128.142.85.241:9618?addrs=128.142.85.241-9618+[2001-1458-301-f6--100-392]-9618&alias=b7s14n6689.cern.ch&noUDP&sock=slot1_1_6804_c88e_68321>
...
040 (5415472.133.000) 07/11 14:15:13 Finished transferring input files
...
001 (5415472.133.000) 07/11 14:15:14 Job executing on host: <128.142.85.241:9618?addrs=128.142.85.241-9618+[2001-1458-301-f6--100-392]-9618&alias=b7s14n6689.cern.ch&noUDP&sock=startd_5404_45e2>
...
006 (5415472.133.000) 07/11 14:15:23 Image size of job updated: 504796
	37  -  MemoryUsage of job (MB)
	37184  -  ResidentSetSize of job (KB)
...
006 (5415472.133.000) 07/11 14:20:23 Image size of job updated: 1590992
	1004  -  MemoryUsage of job (MB)
	1027436  -  ResidentSetSize of job (KB)
...
006 (5415472.133.000) 07/13 14:11:17 Image size of job updated: 1591976
	1005  -  MemoryUsage of job (MB)
	1028344  -  ResidentSetSize of job (KB)
...
006 (5415472.133.000) 07/13 15:11:23 Image size of job updated: 1592880
	1006  -  MemoryUsage of job (MB)
	1029248  -  ResidentSetSize of job (KB)
...
006 (5415472.133.000) 07/13 16:06:29 Image size of job updated: 1593788
	1007  -  MemoryUsage of job (MB)
	1030156  -  ResidentSetSize of job (KB)
...
006 (5415472.133.000) 07/13 17:11:36 Image size of job updated: 1594692
	1007  -  MemoryUsage of job (MB)
	1031060  -  ResidentSetSize of job (KB)
...
006 (5415472.133.000) 07/13 18:09:58 Image size of job updated: 1595600
	1008  -  MemoryUsage of job (MB)
	1031968  -  ResidentSetSize of job (KB)
...
006 (5415472.133.000) 07/13 19:10:05 Image size of job updated: 1596504
	1009  -  MemoryUsage of job (MB)
	1032872  -  ResidentSetSize of job (KB)
...
006 (5415472.133.000) 07/13 20:10:11 Image size of job updated: 1597408
	1010  -  MemoryUsage of job (MB)
	1033776  -  ResidentSetSize of job (KB)
...
006 (5415472.133.000) 07/13 21:10:18 Image size of job updated: 1598316
	1011  -  MemoryUsage of job (MB)
	1034684  -  ResidentSetSize of job (KB)
...
006 (5415472.133.000) 07/13 22:15:24 Image size of job updated: 1599220
	1012  -  MemoryUsage of job (MB)
	1035588  -  ResidentSetSize of job (KB)
...
006 (5415472.133.000) 07/13 23:20:31 Image size of job updated: 1600128
	1013  -  MemoryUsage of job (MB)
	1036496  -  ResidentSetSize of job (KB)
...
006 (5415472.133.000) 07/14 00:25:39 Image size of job updated: 1601032
	1014  -  MemoryUsage of job (MB)
	1037400  -  ResidentSetSize of job (KB)
...
006 (5415472.133.000) 07/14 01:30:48 Image size of job updated: 1601936
	1014  -  MemoryUsage of job (MB)
	1038304  -  ResidentSetSize of job (KB)
...
006 (5415472.133.000) 07/14 02:40:56 Image size of job updated: 1602844
	1015  -  MemoryUsage of job (MB)
	1039212  -  ResidentSetSize of job (KB)
...
006 (5415472.133.000) 07/14 03:46:04 Image size of job updated: 1603748
	1016  -  MemoryUsage of job (MB)
	1040116  -  ResidentSetSize of job (KB)
...
006 (5415472.133.000) 07/14 04:51:10 Image size of job updated: 1604656
	1017  -  MemoryUsage of job (MB)
	1041024  -  ResidentSetSize of job (KB)
...
006 (5415472.133.000) 07/14 05:51:16 Image size of job updated: 1605560
	1018  -  MemoryUsage of job (MB)
	1041928  -  ResidentSetSize of job (KB)
...
006 (5415472.133.000) 07/14 06:51:23 Image size of job updated: 1606464
	1019  -  MemoryUsage of job (MB)
	1042832  -  ResidentSetSize of job (KB)
...
006 (5415472.133.000) 07/14 07:46:30 Image size of job updated: 1607372
	1020  -  MemoryUsage of job (MB)
	1043740  -  ResidentSetSize of job (KB)
...
006 (5415472.133.000) 07/14 08:41:34 Image size of job updated: 1608276
	1021  -  MemoryUsage of job (MB)
	1044644  -  ResidentSetSize of job (KB)
...
006 (5415472.133.000) 07/14 09:36:39 Image size of job updated: 1609184
	1022  -  MemoryUsage of job (MB)
	1045552  -  ResidentSetSize of job (KB)
...
006 (5415472.133.000) 07/14 10:31:47 Image size of job updated: 1613712
	1026  -  MemoryUsage of job (MB)
	1050080  -  ResidentSetSize of job (KB)
...
006 (5415472.133.000) 07/14 11:01:50 Image size of job updated: 1616784
	1027  -  MemoryUsage of job (MB)
	1051628  -  ResidentSetSize of job (KB)
...
006 (5415472.133.000) 07/14 11:26:53 Image size of job updated: 1616784
	1027  -  MemoryUsage of job (MB)
	1051636  -  ResidentSetSize of job (KB)
...
006 (5415472.133.000) 07/14 11:56:55 Image size of job updated: 1616784
	1027  -  MemoryUsage of job (MB)
	1051648  -  ResidentSetSize of job (KB)
...
006 (5415472.133.000) 07/14 16:52:28 Image size of job updated: 1616784
	1028  -  MemoryUsage of job (MB)
	1051652  -  ResidentSetSize of job (KB)
...
006 (5415472.133.000) 07/14 17:22:32 Image size of job updated: 1616784
	1028  -  MemoryUsage of job (MB)
	1051664  -  ResidentSetSize of job (KB)
...
006 (5415472.133.000) 07/14 17:53:44 Image size of job updated: 1616784
	1028  -  MemoryUsage of job (MB)
	1051676  -  ResidentSetSize of job (KB)
...
006 (5415472.133.000) 07/14 18:28:47 Image size of job updated: 1616784
	1028  -  MemoryUsage of job (MB)
	1051688  -  ResidentSetSize of job (KB)
...
006 (5415472.133.000) 07/14 18:58:48 Image size of job updated: 1616784
	1028  -  MemoryUsage of job (MB)
	1051700  -  ResidentSetSize of job (KB)
...
006 (5415472.133.000) 07/14 19:28:49 Image size of job updated: 1616784
	1028  -  MemoryUsage of job (MB)
	1051712  -  ResidentSetSize of job (KB)
...
006 (5415472.133.000) 07/14 19:58:52 Image size of job updated: 1616784
	1028  -  MemoryUsage of job (MB)
	1051724  -  ResidentSetSize of job (KB)
...
006 (5415472.133.000) 07/14 20:33:56 Image size of job updated: 1616784
	1028  -  MemoryUsage of job (MB)
	1051736  -  ResidentSetSize of job (KB)
...
007 (5415472.133.000) 07/14 21:06:46 Shadow exception!
	Assertion ERROR on (result)
	0  -  Run Bytes Sent By Job
	803  -  Run Bytes Received By Job
...
040 (5415472.133.000) 07/14 21:25:09 Started transferring input files
	Transferring to host: <128.142.83.85:9618?addrs=128.142.83.85-9618+[2001-1458-301-f5--100-4ef]-9618&alias=b7s13n4847.cern.ch&noUDP&sock=slot1_6_2547_5781_74311>
...
040 (5415472.133.000) 07/14 21:25:10 Finished transferring input files
...
001 (5415472.133.000) 07/14 21:25:11 Job executing on host: <128.142.83.85:9618?addrs=128.142.83.85-9618+[2001-1458-301-f5--100-4ef]-9618&alias=b7s13n4847.cern.ch&noUDP&sock=startd_2324_a630>
...
