000 (5415472.246.000) 07/11 14:02:29 Job submitted from host: <137.138.156.150:9618?addrs=137.138.156.150-9618+[2001-1458-d00-14--9a]-9618&alias=bigbird13.cern.ch&noUDP&sock=schedd_1788_ff6c>
...
040 (5415472.246.000) 07/11 14:25:59 Started transferring input files
	Transferring to host: <128.142.80.126:9618?addrs=128.142.80.126-9618&alias=b7s13n7024.cern.ch&noUDP&sock=slot1_3_31122_03ab_113826>
...
040 (5415472.246.000) 07/11 14:25:59 Finished transferring input files
...
001 (5415472.246.000) 07/11 14:26:00 Job executing on host: <128.142.80.126:9618?addrs=128.142.80.126-9618&alias=b7s13n7024.cern.ch&noUDP&sock=startd_16644_fa63>
...
006 (5415472.246.000) 07/11 14:26:09 Image size of job updated: 536988
	98  -  MemoryUsage of job (MB)
	99956  -  ResidentSetSize of job (KB)
...
006 (5415472.246.000) 07/11 14:31:09 Image size of job updated: 1590992
	1004  -  MemoryUsage of job (MB)
	1027432  -  ResidentSetSize of job (KB)
...
006 (5415472.246.000) 07/13 20:40:03 Image size of job updated: 1591976
	1004  -  MemoryUsage of job (MB)
	1027432  -  ResidentSetSize of job (KB)
...
006 (5415472.246.000) 07/13 21:40:13 Image size of job updated: 1592880
	1004  -  MemoryUsage of job (MB)
	1027600  -  ResidentSetSize of job (KB)
...
006 (5415472.246.000) 07/13 22:50:20 Image size of job updated: 1593788
	1005  -  MemoryUsage of job (MB)
	1028508  -  ResidentSetSize of job (KB)
...
006 (5415472.246.000) 07/14 00:00:28 Image size of job updated: 1594692
	1006  -  MemoryUsage of job (MB)
	1029412  -  ResidentSetSize of job (KB)
...
006 (5415472.246.000) 07/14 01:05:35 Image size of job updated: 1595596
	1007  -  MemoryUsage of job (MB)
	1030316  -  ResidentSetSize of job (KB)
...
006 (5415472.246.000) 07/14 02:10:44 Image size of job updated: 1596504
	1008  -  MemoryUsage of job (MB)
	1031224  -  ResidentSetSize of job (KB)
...
006 (5415472.246.000) 07/14 03:20:51 Image size of job updated: 1597408
	1008  -  MemoryUsage of job (MB)
	1032128  -  ResidentSetSize of job (KB)
...
006 (5415472.246.000) 07/14 04:25:56 Image size of job updated: 1598316
	1009  -  MemoryUsage of job (MB)
	1033036  -  ResidentSetSize of job (KB)
...
006 (5415472.246.000) 07/14 05:36:03 Image size of job updated: 1599220
	1010  -  MemoryUsage of job (MB)
	1033940  -  ResidentSetSize of job (KB)
...
006 (5415472.246.000) 07/14 06:41:12 Image size of job updated: 1600128
	1011  -  MemoryUsage of job (MB)
	1034848  -  ResidentSetSize of job (KB)
...
006 (5415472.246.000) 07/14 07:41:16 Image size of job updated: 1601032
	1012  -  MemoryUsage of job (MB)
	1035752  -  ResidentSetSize of job (KB)
...
006 (5415472.246.000) 07/14 08:46:21 Image size of job updated: 1601936
	1013  -  MemoryUsage of job (MB)
	1036656  -  ResidentSetSize of job (KB)
...
006 (5415472.246.000) 07/14 09:46:26 Image size of job updated: 1602844
	1014  -  MemoryUsage of job (MB)
	1037564  -  ResidentSetSize of job (KB)
...
006 (5415472.246.000) 07/14 10:46:31 Image size of job updated: 1603748
	1015  -  MemoryUsage of job (MB)
	1038468  -  ResidentSetSize of job (KB)
...
006 (5415472.246.000) 07/14 11:46:38 Image size of job updated: 1604656
	1015  -  MemoryUsage of job (MB)
	1039352  -  ResidentSetSize of job (KB)
...
006 (5415472.246.000) 07/14 12:46:45 Image size of job updated: 1605560
	1016  -  MemoryUsage of job (MB)
	1040256  -  ResidentSetSize of job (KB)
...
006 (5415472.246.000) 07/14 13:51:50 Image size of job updated: 1606464
	1016  -  MemoryUsage of job (MB)
	1040256  -  ResidentSetSize of job (KB)
...
006 (5415472.246.000) 07/14 14:56:56 Image size of job updated: 1607372
	1016  -  MemoryUsage of job (MB)
	1040256  -  ResidentSetSize of job (KB)
...
006 (5415472.246.000) 07/14 16:07:00 Image size of job updated: 1608276
	1016  -  MemoryUsage of job (MB)
	1040256  -  ResidentSetSize of job (KB)
...
006 (5415472.246.000) 07/14 17:12:08 Image size of job updated: 1609184
	1016  -  MemoryUsage of job (MB)
	1040256  -  ResidentSetSize of job (KB)
...
006 (5415472.246.000) 07/14 18:17:14 Image size of job updated: 1610088
	1016  -  MemoryUsage of job (MB)
	1040256  -  ResidentSetSize of job (KB)
...
006 (5415472.246.000) 07/14 18:52:16 Image size of job updated: 1613160
	1016  -  MemoryUsage of job (MB)
	1040256  -  ResidentSetSize of job (KB)
...
006 (5415472.246.000) 07/14 20:37:28 Image size of job updated: 1614064
	1016  -  MemoryUsage of job (MB)
	1040256  -  ResidentSetSize of job (KB)
...
006 (5415472.246.000) 07/14 21:49:25 Image size of job updated: 1614972
	1016  -  MemoryUsage of job (MB)
	1040256  -  ResidentSetSize of job (KB)
...
006 (5415472.246.000) 07/14 22:59:31 Image size of job updated: 1615876
	1016  -  MemoryUsage of job (MB)
	1040256  -  ResidentSetSize of job (KB)
...
006 (5415472.246.000) 07/15 00:09:36 Image size of job updated: 1620404
	1016  -  MemoryUsage of job (MB)
	1040256  -  ResidentSetSize of job (KB)
...
006 (5415472.246.000) 07/17 23:24:01 Image size of job updated: 1624500
	1016  -  MemoryUsage of job (MB)
	1040256  -  ResidentSetSize of job (KB)
...
040 (5415472.246.000) 07/19 14:26:58 Started transferring output files
...
040 (5415472.246.000) 07/19 14:26:58 Finished transferring output files
...
009 (5415472.246.000) 07/19 14:26:58 Job was aborted.
	Job removed by SYSTEM_PERIODIC_REMOVE due to wall time exceeded allowed max.
...
