000 (5415475.020.000) 07/11 14:13:56 Job submitted from host: <137.138.156.150:9618?addrs=137.138.156.150-9618+[2001-1458-d00-14--9a]-9618&alias=bigbird13.cern.ch&noUDP&sock=schedd_1788_ff6c>
...
040 (5415475.020.000) 07/12 09:10:30 Started transferring input files
	Transferring to host: <128.142.81.165:9618?addrs=128.142.81.165-9618+[2001-1458-301-f5--100-575]-9618&alias=b7s13n9156.cern.ch&noUDP&sock=slot1_8_6051_3a0f_25367>
...
040 (5415475.020.000) 07/12 09:10:31 Finished transferring input files
...
001 (5415475.020.000) 07/12 09:10:33 Job executing on host: <128.142.81.165:9618?addrs=128.142.81.165-9618+[2001-1458-301-f5--100-575]-9618&alias=b7s13n9156.cern.ch&noUDP&sock=startd_4586_316a>
...
006 (5415475.020.000) 07/12 09:10:43 Image size of job updated: 570624
	55  -  MemoryUsage of job (MB)
	55328  -  ResidentSetSize of job (KB)
...
006 (5415475.020.000) 07/12 09:15:44 Image size of job updated: 1591032
	1004  -  MemoryUsage of job (MB)
	1027484  -  ResidentSetSize of job (KB)
...
006 (5415475.020.000) 07/14 13:06:40 Image size of job updated: 1592012
	1004  -  MemoryUsage of job (MB)
	1027972  -  ResidentSetSize of job (KB)
...
006 (5415475.020.000) 07/14 14:11:43 Image size of job updated: 1592916
	1005  -  MemoryUsage of job (MB)
	1028876  -  ResidentSetSize of job (KB)
...
006 (5415475.020.000) 07/14 15:16:53 Image size of job updated: 1593824
	1006  -  MemoryUsage of job (MB)
	1029784  -  ResidentSetSize of job (KB)
...
006 (5415475.020.000) 07/14 16:27:00 Image size of job updated: 1594728
	1007  -  MemoryUsage of job (MB)
	1030688  -  ResidentSetSize of job (KB)
...
006 (5415475.020.000) 07/14 17:32:11 Image size of job updated: 1595636
	1008  -  MemoryUsage of job (MB)
	1031596  -  ResidentSetSize of job (KB)
...
006 (5415475.020.000) 07/14 18:42:16 Image size of job updated: 1596540
	1009  -  MemoryUsage of job (MB)
	1032500  -  ResidentSetSize of job (KB)
...
006 (5415475.020.000) 07/14 19:47:21 Image size of job updated: 1597448
	1010  -  MemoryUsage of job (MB)
	1033408  -  ResidentSetSize of job (KB)
...
006 (5415475.020.000) 07/14 20:53:41 Image size of job updated: 1598352
	1011  -  MemoryUsage of job (MB)
	1034312  -  ResidentSetSize of job (KB)
...
022 (5415475.020.000) 07/14 21:02:22 Job disconnected, attempting to reconnect
    Socket between submit and execute hosts closed unexpectedly
    Trying to reconnect to slot1_8@b7s13n9156.cern.ch <128.142.81.165:9618?addrs=128.142.81.165-9618+[2001-1458-301-f5--100-575]-9618&alias=b7s13n9156.cern.ch&noUDP&sock=startd_4586_316a>
...
023 (5415475.020.000) 07/14 21:02:22 Job reconnected to slot1_8@b7s13n9156.cern.ch
    startd address: <128.142.81.165:9618?addrs=128.142.81.165-9618+[2001-1458-301-f5--100-575]-9618&alias=b7s13n9156.cern.ch&noUDP&sock=startd_4586_316a>
    starter address: <128.142.81.165:9618?addrs=128.142.81.165-9618+[2001-1458-301-f5--100-575]-9618&alias=b7s13n9156.cern.ch&noUDP&sock=slot1_8_6051_3a0f_25367>
...
007 (5415475.020.000) 07/14 21:08:37 Shadow exception!
	Error from slot1_8@b7s13n9156.cern.ch: Couldn't reopen Copy.5415475.20.out to stream stdout: Connection timed out
	0  -  Run Bytes Sent By Job
	803  -  Run Bytes Received By Job
...
