000 (5415475.009.000) 07/11 14:13:56 Job submitted from host: <137.138.156.150:9618?addrs=137.138.156.150-9618+[2001-1458-d00-14--9a]-9618&alias=bigbird13.cern.ch&noUDP&sock=schedd_1788_ff6c>
...
040 (5415475.009.000) 07/12 09:10:23 Started transferring input files
	Transferring to host: <128.142.56.48:9618?addrs=128.142.56.48-9618+[2001-1458-301-6--100-2f]-9618&alias=b7s01p7062.cern.ch&noUDP&sock=slot1_2_56249_4248_5434>
...
040 (5415475.009.000) 07/12 09:10:23 Finished transferring input files
...
001 (5415475.009.000) 07/12 09:10:24 Job executing on host: <128.142.56.48:9618?addrs=128.142.56.48-9618+[2001-1458-301-6--100-2f]-9618&alias=b7s01p7062.cern.ch&noUDP&sock=startd_56205_8896>
...
006 (5415475.009.000) 07/12 09:10:33 Image size of job updated: 568116
	51  -  MemoryUsage of job (MB)
	51752  -  ResidentSetSize of job (KB)
...
006 (5415475.009.000) 07/12 09:15:34 Image size of job updated: 1590896
	1004  -  MemoryUsage of job (MB)
	1027328  -  ResidentSetSize of job (KB)
...
006 (5415475.009.000) 07/13 19:14:50 Image size of job updated: 1591876
	1005  -  MemoryUsage of job (MB)
	1028232  -  ResidentSetSize of job (KB)
...
006 (5415475.009.000) 07/13 19:59:57 Image size of job updated: 1592780
	1006  -  MemoryUsage of job (MB)
	1029136  -  ResidentSetSize of job (KB)
...
006 (5415475.009.000) 07/13 20:40:02 Image size of job updated: 1593688
	1006  -  MemoryUsage of job (MB)
	1030044  -  ResidentSetSize of job (KB)
...
006 (5415475.009.000) 07/13 21:20:07 Image size of job updated: 1594592
	1007  -  MemoryUsage of job (MB)
	1030948  -  ResidentSetSize of job (KB)
...
006 (5415475.009.000) 07/13 22:00:08 Image size of job updated: 1595500
	1008  -  MemoryUsage of job (MB)
	1031856  -  ResidentSetSize of job (KB)
...
006 (5415475.009.000) 07/13 22:40:13 Image size of job updated: 1596404
	1009  -  MemoryUsage of job (MB)
	1032760  -  ResidentSetSize of job (KB)
...
006 (5415475.009.000) 07/13 23:20:16 Image size of job updated: 1597308
	1010  -  MemoryUsage of job (MB)
	1033664  -  ResidentSetSize of job (KB)
...
006 (5415475.009.000) 07/14 00:05:20 Image size of job updated: 1598216
	1011  -  MemoryUsage of job (MB)
	1034572  -  ResidentSetSize of job (KB)
...
006 (5415475.009.000) 07/14 00:45:21 Image size of job updated: 1599120
	1012  -  MemoryUsage of job (MB)
	1035476  -  ResidentSetSize of job (KB)
...
006 (5415475.009.000) 07/14 01:30:27 Image size of job updated: 1600028
	1013  -  MemoryUsage of job (MB)
	1036384  -  ResidentSetSize of job (KB)
...
006 (5415475.009.000) 07/14 02:10:32 Image size of job updated: 1600932
	1013  -  MemoryUsage of job (MB)
	1037288  -  ResidentSetSize of job (KB)
...
006 (5415475.009.000) 07/14 02:50:36 Image size of job updated: 1601836
	1014  -  MemoryUsage of job (MB)
	1038192  -  ResidentSetSize of job (KB)
...
006 (5415475.009.000) 07/14 03:30:40 Image size of job updated: 1606368
	1019  -  MemoryUsage of job (MB)
	1042724  -  ResidentSetSize of job (KB)
...
006 (5415475.009.000) 07/14 08:46:13 Image size of job updated: 1606368
	1020  -  MemoryUsage of job (MB)
	1044272  -  ResidentSetSize of job (KB)
...
006 (5415475.009.000) 07/14 08:51:13 Image size of job updated: 1609440
	1020  -  MemoryUsage of job (MB)
	1044272  -  ResidentSetSize of job (KB)
...
006 (5415475.009.000) 07/14 09:06:14 Image size of job updated: 1609440
	1020  -  MemoryUsage of job (MB)
	1044284  -  ResidentSetSize of job (KB)
...
006 (5415475.009.000) 07/14 09:21:17 Image size of job updated: 1609440
	1020  -  MemoryUsage of job (MB)
	1044296  -  ResidentSetSize of job (KB)
...
006 (5415475.009.000) 07/14 09:41:18 Image size of job updated: 1609440
	1020  -  MemoryUsage of job (MB)
	1044308  -  ResidentSetSize of job (KB)
...
006 (5415475.009.000) 07/14 09:56:20 Image size of job updated: 1609440
	1020  -  MemoryUsage of job (MB)
	1044320  -  ResidentSetSize of job (KB)
...
006 (5415475.009.000) 07/14 10:16:25 Image size of job updated: 1609440
	1020  -  MemoryUsage of job (MB)
	1044332  -  ResidentSetSize of job (KB)
...
006 (5415475.009.000) 07/14 10:31:26 Image size of job updated: 1609440
	1020  -  MemoryUsage of job (MB)
	1044344  -  ResidentSetSize of job (KB)
...
006 (5415475.009.000) 07/14 10:51:28 Image size of job updated: 1609440
	1020  -  MemoryUsage of job (MB)
	1044356  -  ResidentSetSize of job (KB)
...
006 (5415475.009.000) 07/14 11:06:29 Image size of job updated: 1609440
	1020  -  MemoryUsage of job (MB)
	1044368  -  ResidentSetSize of job (KB)
...
006 (5415475.009.000) 07/14 11:26:31 Image size of job updated: 1609440
	1020  -  MemoryUsage of job (MB)
	1044380  -  ResidentSetSize of job (KB)
...
006 (5415475.009.000) 07/14 11:41:32 Image size of job updated: 1609440
	1020  -  MemoryUsage of job (MB)
	1044392  -  ResidentSetSize of job (KB)
...
006 (5415475.009.000) 07/14 12:01:33 Image size of job updated: 1609440
	1020  -  MemoryUsage of job (MB)
	1044404  -  ResidentSetSize of job (KB)
...
006 (5415475.009.000) 07/14 12:21:34 Image size of job updated: 1609440
	1020  -  MemoryUsage of job (MB)
	1044416  -  ResidentSetSize of job (KB)
...
006 (5415475.009.000) 07/14 12:41:35 Image size of job updated: 1609440
	1020  -  MemoryUsage of job (MB)
	1044428  -  ResidentSetSize of job (KB)
...
006 (5415475.009.000) 07/14 13:01:38 Image size of job updated: 1609440
	1020  -  MemoryUsage of job (MB)
	1044440  -  ResidentSetSize of job (KB)
...
006 (5415475.009.000) 07/14 13:26:39 Image size of job updated: 1609440
	1020  -  MemoryUsage of job (MB)
	1044452  -  ResidentSetSize of job (KB)
...
007 (5415475.009.000) 07/14 21:01:35 Shadow exception!
	Assertion ERROR on (result)
	0  -  Run Bytes Sent By Job
	803  -  Run Bytes Received By Job
...
