000 (5415475.006.000) 07/11 14:13:56 Job submitted from host: <137.138.156.150:9618?addrs=137.138.156.150-9618+[2001-1458-d00-14--9a]-9618&alias=bigbird13.cern.ch&noUDP&sock=schedd_1788_ff6c>
...
040 (5415475.006.000) 07/12 09:10:43 Started transferring input files
	Transferring to host: <128.142.75.61:9618?addrs=128.142.75.61-9618+[2001-1458-301-75--100-2a9]-9618&alias=b7s11n5216.cern.ch&noUDP&sock=slot1_1_513_346e_110296>
...
040 (5415475.006.000) 07/12 09:10:43 Finished transferring input files
...
001 (5415475.006.000) 07/12 09:10:45 Job executing on host: <128.142.75.61:9618?addrs=128.142.75.61-9618+[2001-1458-301-75--100-2a9]-9618&alias=b7s11n5216.cern.ch&noUDP&sock=startd_16457_b62e>
...
006 (5415475.006.000) 07/12 09:10:54 Image size of job updated: 492176
	45  -  MemoryUsage of job (MB)
	45348  -  ResidentSetSize of job (KB)
...
006 (5415475.006.000) 07/12 09:15:54 Image size of job updated: 1591020
	1004  -  MemoryUsage of job (MB)
	1027464  -  ResidentSetSize of job (KB)
...
006 (5415475.006.000) 07/14 12:36:53 Image size of job updated: 1592004
	1005  -  MemoryUsage of job (MB)
	1028348  -  ResidentSetSize of job (KB)
...
006 (5415475.006.000) 07/14 13:47:01 Image size of job updated: 1592908
	1006  -  MemoryUsage of job (MB)
	1029252  -  ResidentSetSize of job (KB)
...
006 (5415475.006.000) 07/14 14:57:10 Image size of job updated: 1593816
	1007  -  MemoryUsage of job (MB)
	1030160  -  ResidentSetSize of job (KB)
...
006 (5415475.006.000) 07/14 16:07:16 Image size of job updated: 1594720
	1007  -  MemoryUsage of job (MB)
	1031064  -  ResidentSetSize of job (KB)
...
006 (5415475.006.000) 07/14 17:12:21 Image size of job updated: 1595624
	1008  -  MemoryUsage of job (MB)
	1031968  -  ResidentSetSize of job (KB)
...
006 (5415475.006.000) 07/14 18:17:26 Image size of job updated: 1596532
	1009  -  MemoryUsage of job (MB)
	1032876  -  ResidentSetSize of job (KB)
...
006 (5415475.006.000) 07/14 19:12:32 Image size of job updated: 1597436
	1010  -  MemoryUsage of job (MB)
	1033780  -  ResidentSetSize of job (KB)
...
006 (5415475.006.000) 07/14 20:17:36 Image size of job updated: 1598344
	1011  -  MemoryUsage of job (MB)
	1034688  -  ResidentSetSize of job (KB)
...
007 (5415475.006.000) 07/14 21:10:25 Shadow exception!
	Assertion ERROR on (result)
	0  -  Run Bytes Sent By Job
	803  -  Run Bytes Received By Job
...
