000 (5415475.031.000) 07/11 14:13:56 Job submitted from host: <137.138.156.150:9618?addrs=137.138.156.150-9618+[2001-1458-d00-14--9a]-9618&alias=bigbird13.cern.ch&noUDP&sock=schedd_1788_ff6c>
...
040 (5415475.031.000) 07/13 01:02:40 Started transferring input files
	Transferring to host: <188.184.186.252:9618?addrs=188.184.186.252-9618+[2001-1458-301-f8--100-fb]-9618&alias=b7g28n0642.cern.ch&noUDP&sock=slot1_1_6924_5593_107945>
...
040 (5415475.031.000) 07/13 01:02:40 Finished transferring input files
...
001 (5415475.031.000) 07/13 01:02:41 Job executing on host: <188.184.186.252:9618?addrs=188.184.186.252-9618+[2001-1458-301-f8--100-fb]-9618&alias=b7g28n0642.cern.ch&noUDP&sock=startd_2284_3666>
...
006 (5415475.031.000) 07/13 01:02:49 Image size of job updated: 115296
	54  -  MemoryUsage of job (MB)
	54312  -  ResidentSetSize of job (KB)
...
006 (5415475.031.000) 07/13 01:07:49 Image size of job updated: 1590984
	1004  -  MemoryUsage of job (MB)
	1027424  -  ResidentSetSize of job (KB)
...
006 (5415475.031.000) 07/15 14:30:08 Image size of job updated: 1591964
	1005  -  MemoryUsage of job (MB)
	1028328  -  ResidentSetSize of job (KB)
...
006 (5415475.031.000) 07/15 15:50:16 Image size of job updated: 1592872
	1006  -  MemoryUsage of job (MB)
	1029236  -  ResidentSetSize of job (KB)
...
006 (5415475.031.000) 07/15 17:05:24 Image size of job updated: 1593776
	1006  -  MemoryUsage of job (MB)
	1030140  -  ResidentSetSize of job (KB)
...
006 (5415475.031.000) 07/15 18:30:31 Image size of job updated: 1594684
	1007  -  MemoryUsage of job (MB)
	1031048  -  ResidentSetSize of job (KB)
...
006 (5415475.031.000) 07/15 19:45:38 Image size of job updated: 1595588
	1008  -  MemoryUsage of job (MB)
	1031952  -  ResidentSetSize of job (KB)
...
006 (5415475.031.000) 07/15 20:55:42 Image size of job updated: 1596492
	1009  -  MemoryUsage of job (MB)
	1032856  -  ResidentSetSize of job (KB)
...
006 (5415475.031.000) 07/15 22:10:54 Image size of job updated: 1597400
	1010  -  MemoryUsage of job (MB)
	1033764  -  ResidentSetSize of job (KB)
...
006 (5415475.031.000) 07/15 23:26:03 Image size of job updated: 1598304
	1011  -  MemoryUsage of job (MB)
	1034668  -  ResidentSetSize of job (KB)
...
006 (5415475.031.000) 07/16 00:36:08 Image size of job updated: 1598304
	1012  -  MemoryUsage of job (MB)
	1035576  -  ResidentSetSize of job (KB)
...
006 (5415475.031.000) 07/16 00:41:09 Image size of job updated: 1599212
	1012  -  MemoryUsage of job (MB)
	1035576  -  ResidentSetSize of job (KB)
...
006 (5415475.031.000) 07/16 01:51:15 Image size of job updated: 1600116
	1013  -  MemoryUsage of job (MB)
	1036480  -  ResidentSetSize of job (KB)
...
006 (5415475.031.000) 07/16 03:06:20 Image size of job updated: 1601020
	1014  -  MemoryUsage of job (MB)
	1037384  -  ResidentSetSize of job (KB)
...
006 (5415475.031.000) 07/16 04:26:29 Image size of job updated: 1601928
	1014  -  MemoryUsage of job (MB)
	1038292  -  ResidentSetSize of job (KB)
...
006 (5415475.031.000) 07/16 05:46:38 Image size of job updated: 1602832
	1015  -  MemoryUsage of job (MB)
	1039196  -  ResidentSetSize of job (KB)
...
006 (5415475.031.000) 07/16 07:06:49 Image size of job updated: 1603740
	1016  -  MemoryUsage of job (MB)
	1040104  -  ResidentSetSize of job (KB)
...
006 (5415475.031.000) 07/16 08:26:57 Image size of job updated: 1604644
	1017  -  MemoryUsage of job (MB)
	1041008  -  ResidentSetSize of job (KB)
...
006 (5415475.031.000) 07/16 09:42:05 Image size of job updated: 1605552
	1018  -  MemoryUsage of job (MB)
	1041916  -  ResidentSetSize of job (KB)
...
006 (5415475.031.000) 07/16 11:02:11 Image size of job updated: 1606456
	1019  -  MemoryUsage of job (MB)
	1042820  -  ResidentSetSize of job (KB)
...
006 (5415475.031.000) 07/16 12:15:20 Image size of job updated: 1607360
	1020  -  MemoryUsage of job (MB)
	1043724  -  ResidentSetSize of job (KB)
...
006 (5415475.031.000) 07/16 13:25:30 Image size of job updated: 1607360
	1021  -  MemoryUsage of job (MB)
	1044632  -  ResidentSetSize of job (KB)
...
006 (5415475.031.000) 07/16 13:30:30 Image size of job updated: 1608268
	1021  -  MemoryUsage of job (MB)
	1044632  -  ResidentSetSize of job (KB)
...
006 (5415475.031.000) 07/16 14:40:41 Image size of job updated: 1609172
	1022  -  MemoryUsage of job (MB)
	1045536  -  ResidentSetSize of job (KB)
...
006 (5415475.031.000) 07/16 15:20:45 Image size of job updated: 1612244
	1023  -  MemoryUsage of job (MB)
	1047084  -  ResidentSetSize of job (KB)
...
006 (5415475.031.000) 07/16 15:30:47 Image size of job updated: 1612244
	1023  -  MemoryUsage of job (MB)
	1047096  -  ResidentSetSize of job (KB)
...
006 (5415475.031.000) 07/16 16:10:48 Image size of job updated: 1612244
	1023  -  MemoryUsage of job (MB)
	1047108  -  ResidentSetSize of job (KB)
...
006 (5415475.031.000) 07/16 16:50:54 Image size of job updated: 1612244
	1023  -  MemoryUsage of job (MB)
	1047120  -  ResidentSetSize of job (KB)
...
006 (5415475.031.000) 07/16 17:10:57 Image size of job updated: 1613152
	1024  -  MemoryUsage of job (MB)
	1048028  -  ResidentSetSize of job (KB)
...
006 (5415475.031.000) 07/16 17:31:01 Image size of job updated: 1613152
	1024  -  MemoryUsage of job (MB)
	1048040  -  ResidentSetSize of job (KB)
...
006 (5415475.031.000) 07/16 18:11:07 Image size of job updated: 1613152
	1024  -  MemoryUsage of job (MB)
	1048052  -  ResidentSetSize of job (KB)
...
006 (5415475.031.000) 07/16 18:26:08 Image size of job updated: 1614056
	1025  -  MemoryUsage of job (MB)
	1048956  -  ResidentSetSize of job (KB)
...
006 (5415475.031.000) 07/16 18:51:09 Image size of job updated: 1614056
	1025  -  MemoryUsage of job (MB)
	1048968  -  ResidentSetSize of job (KB)
...
006 (5415475.031.000) 07/16 19:31:15 Image size of job updated: 1614056
	1025  -  MemoryUsage of job (MB)
	1048980  -  ResidentSetSize of job (KB)
...
006 (5415475.031.000) 07/16 19:41:17 Image size of job updated: 1618584
	1029  -  MemoryUsage of job (MB)
	1053508  -  ResidentSetSize of job (KB)
...
006 (5415475.031.000) 07/16 20:11:20 Image size of job updated: 1618584
	1029  -  MemoryUsage of job (MB)
	1053520  -  ResidentSetSize of job (KB)
...
006 (5415475.031.000) 07/16 20:51:23 Image size of job updated: 1618584
	1029  -  MemoryUsage of job (MB)
	1053532  -  ResidentSetSize of job (KB)
...
006 (5415475.031.000) 07/16 21:36:28 Image size of job updated: 1618584
	1029  -  MemoryUsage of job (MB)
	1053544  -  ResidentSetSize of job (KB)
...
006 (5415475.031.000) 07/16 22:16:32 Image size of job updated: 1618584
	1029  -  MemoryUsage of job (MB)
	1053556  -  ResidentSetSize of job (KB)
...
006 (5415475.031.000) 07/16 22:56:35 Image size of job updated: 1618584
	1029  -  MemoryUsage of job (MB)
	1053568  -  ResidentSetSize of job (KB)
...
006 (5415475.031.000) 07/16 23:31:38 Image size of job updated: 1618584
	1029  -  MemoryUsage of job (MB)
	1053580  -  ResidentSetSize of job (KB)
...
006 (5415475.031.000) 07/17 00:11:42 Image size of job updated: 1618584
	1029  -  MemoryUsage of job (MB)
	1053592  -  ResidentSetSize of job (KB)
...
006 (5415475.031.000) 07/17 00:51:46 Image size of job updated: 1618584
	1029  -  MemoryUsage of job (MB)
	1053604  -  ResidentSetSize of job (KB)
...
006 (5415475.031.000) 07/17 01:31:50 Image size of job updated: 1618584
	1029  -  MemoryUsage of job (MB)
	1053616  -  ResidentSetSize of job (KB)
...
006 (5415475.031.000) 07/17 02:11:55 Image size of job updated: 1618584
	1029  -  MemoryUsage of job (MB)
	1053628  -  ResidentSetSize of job (KB)
...
006 (5415475.031.000) 07/17 02:47:00 Image size of job updated: 1618584
	1029  -  MemoryUsage of job (MB)
	1053640  -  ResidentSetSize of job (KB)
...
006 (5415475.031.000) 07/17 03:27:06 Image size of job updated: 1618584
	1029  -  MemoryUsage of job (MB)
	1053652  -  ResidentSetSize of job (KB)
...
006 (5415475.031.000) 07/17 04:07:11 Image size of job updated: 1618584
	1029  -  MemoryUsage of job (MB)
	1053664  -  ResidentSetSize of job (KB)
...
006 (5415475.031.000) 07/17 04:47:17 Image size of job updated: 1618584
	1029  -  MemoryUsage of job (MB)
	1053676  -  ResidentSetSize of job (KB)
...
006 (5415475.031.000) 07/17 05:27:22 Image size of job updated: 1618584
	1029  -  MemoryUsage of job (MB)
	1053688  -  ResidentSetSize of job (KB)
...
006 (5415475.031.000) 07/17 06:07:28 Image size of job updated: 1618584
	1030  -  MemoryUsage of job (MB)
	1053700  -  ResidentSetSize of job (KB)
...
006 (5415475.031.000) 07/17 06:47:31 Image size of job updated: 1618584
	1030  -  MemoryUsage of job (MB)
	1053712  -  ResidentSetSize of job (KB)
...
006 (5415475.031.000) 07/17 07:27:36 Image size of job updated: 1618584
	1030  -  MemoryUsage of job (MB)
	1053724  -  ResidentSetSize of job (KB)
...
006 (5415475.031.000) 07/17 08:07:42 Image size of job updated: 1618584
	1030  -  MemoryUsage of job (MB)
	1053736  -  ResidentSetSize of job (KB)
...
006 (5415475.031.000) 07/17 08:47:46 Image size of job updated: 1618584
	1030  -  MemoryUsage of job (MB)
	1053748  -  ResidentSetSize of job (KB)
...
006 (5415475.031.000) 07/17 09:22:50 Image size of job updated: 1618584
	1030  -  MemoryUsage of job (MB)
	1053760  -  ResidentSetSize of job (KB)
...
006 (5415475.031.000) 07/17 10:02:53 Image size of job updated: 1618584
	1030  -  MemoryUsage of job (MB)
	1053772  -  ResidentSetSize of job (KB)
...
006 (5415475.031.000) 07/17 10:42:55 Image size of job updated: 1618584
	1030  -  MemoryUsage of job (MB)
	1053784  -  ResidentSetSize of job (KB)
...
006 (5415475.031.000) 07/17 11:22:59 Image size of job updated: 1618584
	1030  -  MemoryUsage of job (MB)
	1053796  -  ResidentSetSize of job (KB)
...
006 (5415475.031.000) 07/17 11:58:03 Image size of job updated: 1618584
	1030  -  MemoryUsage of job (MB)
	1053808  -  ResidentSetSize of job (KB)
...
006 (5415475.031.000) 07/17 12:38:06 Image size of job updated: 1618584
	1030  -  MemoryUsage of job (MB)
	1053820  -  ResidentSetSize of job (KB)
...
006 (5415475.031.000) 07/17 13:18:09 Image size of job updated: 1618584
	1030  -  MemoryUsage of job (MB)
	1053832  -  ResidentSetSize of job (KB)
...
006 (5415475.031.000) 07/17 13:58:13 Image size of job updated: 1618584
	1030  -  MemoryUsage of job (MB)
	1053844  -  ResidentSetSize of job (KB)
...
006 (5415475.031.000) 07/17 14:33:18 Image size of job updated: 1618584
	1030  -  MemoryUsage of job (MB)
	1053856  -  ResidentSetSize of job (KB)
...
006 (5415475.031.000) 07/17 15:18:23 Image size of job updated: 1618584
	1030  -  MemoryUsage of job (MB)
	1053868  -  ResidentSetSize of job (KB)
...
006 (5415475.031.000) 07/17 15:58:27 Image size of job updated: 1618584
	1030  -  MemoryUsage of job (MB)
	1053880  -  ResidentSetSize of job (KB)
...
006 (5415475.031.000) 07/17 16:38:29 Image size of job updated: 1618584
	1030  -  MemoryUsage of job (MB)
	1053892  -  ResidentSetSize of job (KB)
...
006 (5415475.031.000) 07/17 17:13:35 Image size of job updated: 1618584
	1030  -  MemoryUsage of job (MB)
	1053904  -  ResidentSetSize of job (KB)
...
006 (5415475.031.000) 07/17 17:53:39 Image size of job updated: 1618584
	1030  -  MemoryUsage of job (MB)
	1053916  -  ResidentSetSize of job (KB)
...
006 (5415475.031.000) 07/17 18:33:43 Image size of job updated: 1618584
	1030  -  MemoryUsage of job (MB)
	1053924  -  ResidentSetSize of job (KB)
...
006 (5415475.031.000) 07/17 18:38:45 Image size of job updated: 1618584
	1030  -  MemoryUsage of job (MB)
	1053928  -  ResidentSetSize of job (KB)
...
006 (5415475.031.000) 07/17 19:13:49 Image size of job updated: 1618584
	1030  -  MemoryUsage of job (MB)
	1053940  -  ResidentSetSize of job (KB)
...
006 (5415475.031.000) 07/17 19:53:52 Image size of job updated: 1618584
	1030  -  MemoryUsage of job (MB)
	1053948  -  ResidentSetSize of job (KB)
...
006 (5415475.031.000) 07/17 19:58:53 Image size of job updated: 1618584
	1030  -  MemoryUsage of job (MB)
	1053952  -  ResidentSetSize of job (KB)
...
006 (5415475.031.000) 07/17 20:38:57 Image size of job updated: 1618584
	1030  -  MemoryUsage of job (MB)
	1053964  -  ResidentSetSize of job (KB)
...
006 (5415475.031.000) 07/17 21:19:03 Image size of job updated: 1618584
	1030  -  MemoryUsage of job (MB)
	1053976  -  ResidentSetSize of job (KB)
...
006 (5415475.031.000) 07/17 21:54:06 Image size of job updated: 1618584
	1030  -  MemoryUsage of job (MB)
	1053980  -  ResidentSetSize of job (KB)
...
006 (5415475.031.000) 07/17 21:59:07 Image size of job updated: 1618584
	1030  -  MemoryUsage of job (MB)
	1053988  -  ResidentSetSize of job (KB)
...
006 (5415475.031.000) 07/17 22:34:10 Image size of job updated: 1618584
	1030  -  MemoryUsage of job (MB)
	1054000  -  ResidentSetSize of job (KB)
...
006 (5415475.031.000) 07/17 23:14:14 Image size of job updated: 1618584
	1030  -  MemoryUsage of job (MB)
	1054012  -  ResidentSetSize of job (KB)
...
006 (5415475.031.000) 07/17 23:54:20 Image size of job updated: 1618584
	1030  -  MemoryUsage of job (MB)
	1054024  -  ResidentSetSize of job (KB)
...
006 (5415475.031.000) 07/18 00:34:24 Image size of job updated: 1618584
	1030  -  MemoryUsage of job (MB)
	1054036  -  ResidentSetSize of job (KB)
...
006 (5415475.031.000) 07/18 01:14:27 Image size of job updated: 1618584
	1030  -  MemoryUsage of job (MB)
	1054048  -  ResidentSetSize of job (KB)
...
006 (5415475.031.000) 07/18 01:54:33 Image size of job updated: 1618584
	1030  -  MemoryUsage of job (MB)
	1054060  -  ResidentSetSize of job (KB)
...
006 (5415475.031.000) 07/18 02:34:38 Image size of job updated: 1618584
	1030  -  MemoryUsage of job (MB)
	1054072  -  ResidentSetSize of job (KB)
...
006 (5415475.031.000) 07/18 03:14:41 Image size of job updated: 1618584
	1030  -  MemoryUsage of job (MB)
	1054084  -  ResidentSetSize of job (KB)
...
006 (5415475.031.000) 07/18 03:54:42 Image size of job updated: 1618584
	1030  -  MemoryUsage of job (MB)
	1054096  -  ResidentSetSize of job (KB)
...
006 (5415475.031.000) 07/18 04:34:45 Image size of job updated: 1618584
	1030  -  MemoryUsage of job (MB)
	1054108  -  ResidentSetSize of job (KB)
...
006 (5415475.031.000) 07/18 05:14:49 Image size of job updated: 1618584
	1030  -  MemoryUsage of job (MB)
	1054120  -  ResidentSetSize of job (KB)
...
006 (5415475.031.000) 07/18 05:54:53 Image size of job updated: 1618584
	1030  -  MemoryUsage of job (MB)
	1054132  -  ResidentSetSize of job (KB)
...
006 (5415475.031.000) 07/18 06:34:57 Image size of job updated: 1618584
	1030  -  MemoryUsage of job (MB)
	1054144  -  ResidentSetSize of job (KB)
...
006 (5415475.031.000) 07/18 07:15:02 Image size of job updated: 1618584
	1030  -  MemoryUsage of job (MB)
	1054156  -  ResidentSetSize of job (KB)
...
006 (5415475.031.000) 07/18 07:55:07 Image size of job updated: 1618584
	1030  -  MemoryUsage of job (MB)
	1054168  -  ResidentSetSize of job (KB)
...
006 (5415475.031.000) 07/18 08:35:12 Image size of job updated: 1618584
	1030  -  MemoryUsage of job (MB)
	1054180  -  ResidentSetSize of job (KB)
...
006 (5415475.031.000) 07/18 09:15:17 Image size of job updated: 1618584
	1030  -  MemoryUsage of job (MB)
	1054192  -  ResidentSetSize of job (KB)
...
006 (5415475.031.000) 07/18 09:55:21 Image size of job updated: 1618584
	1030  -  MemoryUsage of job (MB)
	1054204  -  ResidentSetSize of job (KB)
...
006 (5415475.031.000) 07/18 10:35:23 Image size of job updated: 1618584
	1030  -  MemoryUsage of job (MB)
	1054216  -  ResidentSetSize of job (KB)
...
006 (5415475.031.000) 07/18 11:15:26 Image size of job updated: 1618584
	1030  -  MemoryUsage of job (MB)
	1054228  -  ResidentSetSize of job (KB)
...
006 (5415475.031.000) 07/18 12:00:31 Image size of job updated: 1618584
	1030  -  MemoryUsage of job (MB)
	1054240  -  ResidentSetSize of job (KB)
...
006 (5415475.031.000) 07/18 12:40:36 Image size of job updated: 1618584
	1030  -  MemoryUsage of job (MB)
	1054252  -  ResidentSetSize of job (KB)
...
006 (5415475.031.000) 07/18 13:25:39 Image size of job updated: 1618584
	1030  -  MemoryUsage of job (MB)
	1054264  -  ResidentSetSize of job (KB)
...
006 (5415475.031.000) 07/18 14:05:43 Image size of job updated: 1618584
	1030  -  MemoryUsage of job (MB)
	1054276  -  ResidentSetSize of job (KB)
...
006 (5415475.031.000) 07/18 14:45:45 Image size of job updated: 1618584
	1030  -  MemoryUsage of job (MB)
	1054280  -  ResidentSetSize of job (KB)
...
006 (5415475.031.000) 07/18 14:50:46 Image size of job updated: 1618584
	1030  -  MemoryUsage of job (MB)
	1054288  -  ResidentSetSize of job (KB)
...
006 (5415475.031.000) 07/18 15:30:50 Image size of job updated: 1618584
	1030  -  MemoryUsage of job (MB)
	1054300  -  ResidentSetSize of job (KB)
...
006 (5415475.031.000) 07/18 16:10:54 Image size of job updated: 1618584
	1030  -  MemoryUsage of job (MB)
	1054312  -  ResidentSetSize of job (KB)
...
006 (5415475.031.000) 07/18 16:51:00 Image size of job updated: 1618584
	1030  -  MemoryUsage of job (MB)
	1054324  -  ResidentSetSize of job (KB)
...
006 (5415475.031.000) 07/18 17:31:04 Image size of job updated: 1618584
	1030  -  MemoryUsage of job (MB)
	1054336  -  ResidentSetSize of job (KB)
...
006 (5415475.031.000) 07/18 18:11:08 Image size of job updated: 1618584
	1030  -  MemoryUsage of job (MB)
	1054348  -  ResidentSetSize of job (KB)
...
006 (5415475.031.000) 07/18 18:51:12 Image size of job updated: 1618584
	1030  -  MemoryUsage of job (MB)
	1054360  -  ResidentSetSize of job (KB)
...
006 (5415475.031.000) 07/18 19:31:16 Image size of job updated: 1618584
	1030  -  MemoryUsage of job (MB)
	1054368  -  ResidentSetSize of job (KB)
...
006 (5415475.031.000) 07/18 19:36:16 Image size of job updated: 1618584
	1030  -  MemoryUsage of job (MB)
	1054372  -  ResidentSetSize of job (KB)
...
006 (5415475.031.000) 07/18 20:16:21 Image size of job updated: 1618584
	1030  -  MemoryUsage of job (MB)
	1054384  -  ResidentSetSize of job (KB)
...
006 (5415475.031.000) 07/18 20:56:26 Image size of job updated: 1618584
	1030  -  MemoryUsage of job (MB)
	1054396  -  ResidentSetSize of job (KB)
...
006 (5415475.031.000) 07/18 21:41:30 Image size of job updated: 1618584
	1030  -  MemoryUsage of job (MB)
	1054408  -  ResidentSetSize of job (KB)
...
006 (5415475.031.000) 07/18 22:21:35 Image size of job updated: 1618584
	1030  -  MemoryUsage of job (MB)
	1054420  -  ResidentSetSize of job (KB)
...
006 (5415475.031.000) 07/18 23:01:40 Image size of job updated: 1618584
	1030  -  MemoryUsage of job (MB)
	1054432  -  ResidentSetSize of job (KB)
...
006 (5415475.031.000) 07/18 23:41:44 Image size of job updated: 1618584
	1030  -  MemoryUsage of job (MB)
	1054444  -  ResidentSetSize of job (KB)
...
006 (5415475.031.000) 07/19 00:21:50 Image size of job updated: 1618584
	1030  -  MemoryUsage of job (MB)
	1054456  -  ResidentSetSize of job (KB)
...
006 (5415475.031.000) 07/19 01:01:54 Image size of job updated: 1618584
	1030  -  MemoryUsage of job (MB)
	1054468  -  ResidentSetSize of job (KB)
...
006 (5415475.031.000) 07/19 01:42:00 Image size of job updated: 1618584
	1030  -  MemoryUsage of job (MB)
	1054480  -  ResidentSetSize of job (KB)
...
006 (5415475.031.000) 07/19 02:22:03 Image size of job updated: 1618584
	1030  -  MemoryUsage of job (MB)
	1054488  -  ResidentSetSize of job (KB)
...
006 (5415475.031.000) 07/19 02:27:04 Image size of job updated: 1618584
	1030  -  MemoryUsage of job (MB)
	1054492  -  ResidentSetSize of job (KB)
...
006 (5415475.031.000) 07/19 03:07:07 Image size of job updated: 1618584
	1030  -  MemoryUsage of job (MB)
	1054504  -  ResidentSetSize of job (KB)
...
006 (5415475.031.000) 07/19 03:47:09 Image size of job updated: 1618584
	1030  -  MemoryUsage of job (MB)
	1054512  -  ResidentSetSize of job (KB)
...
006 (5415475.031.000) 07/19 03:52:10 Image size of job updated: 1618584
	1030  -  MemoryUsage of job (MB)
	1054516  -  ResidentSetSize of job (KB)
...
006 (5415475.031.000) 07/19 04:32:13 Image size of job updated: 1618584
	1030  -  MemoryUsage of job (MB)
	1054528  -  ResidentSetSize of job (KB)
...
006 (5415475.031.000) 07/19 05:12:16 Image size of job updated: 1618584
	1030  -  MemoryUsage of job (MB)
	1054540  -  ResidentSetSize of job (KB)
...
006 (5415475.031.000) 07/19 05:57:22 Image size of job updated: 1618584
	1030  -  MemoryUsage of job (MB)
	1054552  -  ResidentSetSize of job (KB)
...
006 (5415475.031.000) 07/19 06:37:28 Image size of job updated: 1618584
	1030  -  MemoryUsage of job (MB)
	1054564  -  ResidentSetSize of job (KB)
...
006 (5415475.031.000) 07/19 07:17:30 Image size of job updated: 1618584
	1030  -  MemoryUsage of job (MB)
	1054576  -  ResidentSetSize of job (KB)
...
006 (5415475.031.000) 07/19 07:57:35 Image size of job updated: 1618584
	1030  -  MemoryUsage of job (MB)
	1054580  -  ResidentSetSize of job (KB)
...
006 (5415475.031.000) 07/19 08:02:36 Image size of job updated: 1618584
	1030  -  MemoryUsage of job (MB)
	1054588  -  ResidentSetSize of job (KB)
...
006 (5415475.031.000) 07/19 08:42:39 Image size of job updated: 1618584
	1030  -  MemoryUsage of job (MB)
	1054600  -  ResidentSetSize of job (KB)
...
006 (5415475.031.000) 07/19 09:22:41 Image size of job updated: 1618584
	1030  -  MemoryUsage of job (MB)
	1054612  -  ResidentSetSize of job (KB)
...
006 (5415475.031.000) 07/19 10:02:42 Image size of job updated: 1618584
	1030  -  MemoryUsage of job (MB)
	1054624  -  ResidentSetSize of job (KB)
...
006 (5415475.031.000) 07/19 10:47:47 Image size of job updated: 1618584
	1030  -  MemoryUsage of job (MB)
	1054636  -  ResidentSetSize of job (KB)
...
006 (5415475.031.000) 07/19 11:27:52 Image size of job updated: 1618584
	1030  -  MemoryUsage of job (MB)
	1054648  -  ResidentSetSize of job (KB)
...
006 (5415475.031.000) 07/19 12:12:56 Image size of job updated: 1618584
	1030  -  MemoryUsage of job (MB)
	1054660  -  ResidentSetSize of job (KB)
...
006 (5415475.031.000) 07/19 12:53:00 Image size of job updated: 1618584
	1030  -  MemoryUsage of job (MB)
	1054664  -  ResidentSetSize of job (KB)
...
006 (5415475.031.000) 07/19 12:58:00 Image size of job updated: 1618584
	1030  -  MemoryUsage of job (MB)
	1054672  -  ResidentSetSize of job (KB)
...
006 (5415475.031.000) 07/19 13:38:06 Image size of job updated: 1618584
	1030  -  MemoryUsage of job (MB)
	1054684  -  ResidentSetSize of job (KB)
...
006 (5415475.031.000) 07/19 14:18:08 Image size of job updated: 1618584
	1030  -  MemoryUsage of job (MB)
	1054696  -  ResidentSetSize of job (KB)
...
006 (5415475.031.000) 07/19 15:03:13 Image size of job updated: 1618584
	1030  -  MemoryUsage of job (MB)
	1054708  -  ResidentSetSize of job (KB)
...
006 (5415475.031.000) 07/19 15:43:17 Image size of job updated: 1618584
	1030  -  MemoryUsage of job (MB)
	1054720  -  ResidentSetSize of job (KB)
...
006 (5415475.031.000) 07/19 16:23:20 Image size of job updated: 1618584
	1031  -  MemoryUsage of job (MB)
	1054728  -  ResidentSetSize of job (KB)
...
006 (5415475.031.000) 07/19 16:28:20 Image size of job updated: 1618584
	1031  -  MemoryUsage of job (MB)
	1054732  -  ResidentSetSize of job (KB)
...
006 (5415475.031.000) 07/19 17:08:25 Image size of job updated: 1618584
	1031  -  MemoryUsage of job (MB)
	1054744  -  ResidentSetSize of job (KB)
...
006 (5415475.031.000) 07/19 17:48:30 Image size of job updated: 1618584
	1031  -  MemoryUsage of job (MB)
	1054756  -  ResidentSetSize of job (KB)
...
006 (5415475.031.000) 07/19 18:33:35 Image size of job updated: 1618584
	1031  -  MemoryUsage of job (MB)
	1054768  -  ResidentSetSize of job (KB)
...
006 (5415475.031.000) 07/19 19:13:38 Image size of job updated: 1618584
	1031  -  MemoryUsage of job (MB)
	1054780  -  ResidentSetSize of job (KB)
...
006 (5415475.031.000) 07/19 19:53:42 Image size of job updated: 1618584
	1031  -  MemoryUsage of job (MB)
	1054788  -  ResidentSetSize of job (KB)
...
006 (5415475.031.000) 07/19 19:58:43 Image size of job updated: 1618584
	1031  -  MemoryUsage of job (MB)
	1054792  -  ResidentSetSize of job (KB)
...
006 (5415475.031.000) 07/19 20:38:49 Image size of job updated: 1618584
	1031  -  MemoryUsage of job (MB)
	1054804  -  ResidentSetSize of job (KB)
...
006 (5415475.031.000) 07/19 21:18:52 Image size of job updated: 1618584
	1031  -  MemoryUsage of job (MB)
	1054816  -  ResidentSetSize of job (KB)
...
006 (5415475.031.000) 07/19 22:03:57 Image size of job updated: 1618584
	1031  -  MemoryUsage of job (MB)
	1054828  -  ResidentSetSize of job (KB)
...
006 (5415475.031.000) 07/19 22:44:00 Image size of job updated: 1618584
	1031  -  MemoryUsage of job (MB)
	1054840  -  ResidentSetSize of job (KB)
...
006 (5415475.031.000) 07/19 23:24:04 Image size of job updated: 1618584
	1031  -  MemoryUsage of job (MB)
	1054844  -  ResidentSetSize of job (KB)
...
006 (5415475.031.000) 07/19 23:29:05 Image size of job updated: 1618584
	1031  -  MemoryUsage of job (MB)
	1054852  -  ResidentSetSize of job (KB)
...
006 (5415475.031.000) 07/20 00:09:08 Image size of job updated: 1618584
	1031  -  MemoryUsage of job (MB)
	1054864  -  ResidentSetSize of job (KB)
...
006 (5415475.031.000) 07/20 00:49:13 Image size of job updated: 1618584
	1031  -  MemoryUsage of job (MB)
	1054876  -  ResidentSetSize of job (KB)
...
006 (5415475.031.000) 07/20 01:34:19 Image size of job updated: 1618584
	1031  -  MemoryUsage of job (MB)
	1054888  -  ResidentSetSize of job (KB)
...
006 (5415475.031.000) 07/20 02:14:24 Image size of job updated: 1618584
	1031  -  MemoryUsage of job (MB)
	1054900  -  ResidentSetSize of job (KB)
...
006 (5415475.031.000) 07/20 02:54:30 Image size of job updated: 1618584
	1031  -  MemoryUsage of job (MB)
	1054904  -  ResidentSetSize of job (KB)
...
006 (5415475.031.000) 07/20 02:59:30 Image size of job updated: 1618584
	1031  -  MemoryUsage of job (MB)
	1054912  -  ResidentSetSize of job (KB)
...
006 (5415475.031.000) 07/20 03:39:34 Image size of job updated: 1618584
	1031  -  MemoryUsage of job (MB)
	1054924  -  ResidentSetSize of job (KB)
...
006 (5415475.031.000) 07/20 04:19:41 Image size of job updated: 1618584
	1031  -  MemoryUsage of job (MB)
	1054928  -  ResidentSetSize of job (KB)
...
006 (5415475.031.000) 07/20 04:24:42 Image size of job updated: 1618584
	1031  -  MemoryUsage of job (MB)
	1054936  -  ResidentSetSize of job (KB)
...
006 (5415475.031.000) 07/20 05:04:47 Image size of job updated: 1618584
	1031  -  MemoryUsage of job (MB)
	1054948  -  ResidentSetSize of job (KB)
...
006 (5415475.031.000) 07/20 06:14:54 Image size of job updated: 1622680
	1033  -  MemoryUsage of job (MB)
	1057004  -  ResidentSetSize of job (KB)
...
006 (5415475.031.000) 07/20 06:34:56 Image size of job updated: 1622680
	1033  -  MemoryUsage of job (MB)
	1057012  -  ResidentSetSize of job (KB)
...
006 (5415475.031.000) 07/20 07:15:01 Image size of job updated: 1622680
	1033  -  MemoryUsage of job (MB)
	1057020  -  ResidentSetSize of job (KB)
...
006 (5415475.031.000) 07/20 08:00:04 Image size of job updated: 1622680
	1033  -  MemoryUsage of job (MB)
	1057028  -  ResidentSetSize of job (KB)
...
006 (5415475.031.000) 07/20 08:45:07 Image size of job updated: 1622680
	1033  -  MemoryUsage of job (MB)
	1057036  -  ResidentSetSize of job (KB)
...
006 (5415475.031.000) 07/20 09:25:12 Image size of job updated: 1622680
	1033  -  MemoryUsage of job (MB)
	1057044  -  ResidentSetSize of job (KB)
...
006 (5415475.031.000) 07/20 10:10:15 Image size of job updated: 1622680
	1033  -  MemoryUsage of job (MB)
	1057052  -  ResidentSetSize of job (KB)
...
006 (5415475.031.000) 07/20 10:50:20 Image size of job updated: 1622680
	1033  -  MemoryUsage of job (MB)
	1057060  -  ResidentSetSize of job (KB)
...
006 (5415475.031.000) 07/20 11:35:26 Image size of job updated: 1622680
	1033  -  MemoryUsage of job (MB)
	1057068  -  ResidentSetSize of job (KB)
...
006 (5415475.031.000) 07/20 12:15:30 Image size of job updated: 1622680
	1033  -  MemoryUsage of job (MB)
	1057076  -  ResidentSetSize of job (KB)
...
006 (5415475.031.000) 07/20 13:00:35 Image size of job updated: 1622680
	1033  -  MemoryUsage of job (MB)
	1057084  -  ResidentSetSize of job (KB)
...
006 (5415475.031.000) 07/20 13:40:37 Image size of job updated: 1622680
	1033  -  MemoryUsage of job (MB)
	1057092  -  ResidentSetSize of job (KB)
...
006 (5415475.031.000) 07/20 14:25:45 Image size of job updated: 1622680
	1033  -  MemoryUsage of job (MB)
	1057100  -  ResidentSetSize of job (KB)
...
006 (5415475.031.000) 07/20 15:10:50 Image size of job updated: 1622680
	1033  -  MemoryUsage of job (MB)
	1057108  -  ResidentSetSize of job (KB)
...
006 (5415475.031.000) 07/20 15:50:55 Image size of job updated: 1622680
	1033  -  MemoryUsage of job (MB)
	1057116  -  ResidentSetSize of job (KB)
...
006 (5415475.031.000) 07/20 16:35:59 Image size of job updated: 1622680
	1033  -  MemoryUsage of job (MB)
	1057124  -  ResidentSetSize of job (KB)
...
006 (5415475.031.000) 07/20 17:16:04 Image size of job updated: 1622680
	1033  -  MemoryUsage of job (MB)
	1057132  -  ResidentSetSize of job (KB)
...
006 (5415475.031.000) 07/20 17:56:07 Image size of job updated: 1622680
	1033  -  MemoryUsage of job (MB)
	1057140  -  ResidentSetSize of job (KB)
...
006 (5415475.031.000) 07/20 18:41:11 Image size of job updated: 1622680
	1033  -  MemoryUsage of job (MB)
	1057148  -  ResidentSetSize of job (KB)
...
006 (5415475.031.000) 07/20 19:21:14 Image size of job updated: 1622680
	1033  -  MemoryUsage of job (MB)
	1057156  -  ResidentSetSize of job (KB)
...
006 (5415475.031.000) 07/20 20:06:16 Image size of job updated: 1622680
	1033  -  MemoryUsage of job (MB)
	1057164  -  ResidentSetSize of job (KB)
...
006 (5415475.031.000) 07/20 20:46:21 Image size of job updated: 1622680
	1033  -  MemoryUsage of job (MB)
	1057172  -  ResidentSetSize of job (KB)
...
006 (5415475.031.000) 07/20 21:31:26 Image size of job updated: 1622680
	1033  -  MemoryUsage of job (MB)
	1057180  -  ResidentSetSize of job (KB)
...
006 (5415475.031.000) 07/20 22:11:30 Image size of job updated: 1622680
	1033  -  MemoryUsage of job (MB)
	1057188  -  ResidentSetSize of job (KB)
...
006 (5415475.031.000) 07/20 22:51:33 Image size of job updated: 1622680
	1033  -  MemoryUsage of job (MB)
	1057196  -  ResidentSetSize of job (KB)
...
006 (5415475.031.000) 07/20 23:36:35 Image size of job updated: 1622680
	1033  -  MemoryUsage of job (MB)
	1057204  -  ResidentSetSize of job (KB)
...
006 (5415475.031.000) 07/21 00:16:38 Image size of job updated: 1622680
	1033  -  MemoryUsage of job (MB)
	1057212  -  ResidentSetSize of job (KB)
...
006 (5415475.031.000) 07/21 00:56:43 Image size of job updated: 1622680
	1033  -  MemoryUsage of job (MB)
	1057220  -  ResidentSetSize of job (KB)
...
040 (5415475.031.000) 07/21 01:03:27 Started transferring output files
...
040 (5415475.031.000) 07/21 01:03:27 Finished transferring output files
...
009 (5415475.031.000) 07/21 01:03:30 Job was aborted.
	Job removed by SYSTEM_PERIODIC_REMOVE due to wall time exceeded allowed max.
...
