000 (5415475.016.000) 07/11 14:13:56 Job submitted from host: <137.138.156.150:9618?addrs=137.138.156.150-9618+[2001-1458-d00-14--9a]-9618&alias=bigbird13.cern.ch&noUDP&sock=schedd_1788_ff6c>
...
040 (5415475.016.000) 07/12 09:10:29 Started transferring input files
	Transferring to host: <128.142.76.87:9618?addrs=128.142.76.87-9618+[2001-1458-301-f4--100-291]-9618&alias=b7s12n4007.cern.ch&noUDP&sock=slot1_10_16800_dea4_65905>
...
040 (5415475.016.000) 07/12 09:10:29 Finished transferring input files
...
001 (5415475.016.000) 07/12 09:10:32 Job executing on host: <128.142.76.87:9618?addrs=128.142.76.87-9618+[2001-1458-301-f4--100-291]-9618&alias=b7s12n4007.cern.ch&noUDP&sock=startd_16648_b8c4>
...
006 (5415475.016.000) 07/12 09:10:40 Image size of job updated: 570628
	48  -  MemoryUsage of job (MB)
	48160  -  ResidentSetSize of job (KB)
...
006 (5415475.016.000) 07/12 09:15:40 Image size of job updated: 1590968
	1004  -  MemoryUsage of job (MB)
	1027408  -  ResidentSetSize of job (KB)
...
006 (5415475.016.000) 07/14 13:20:55 Image size of job updated: 1591948
	1004  -  MemoryUsage of job (MB)
	1028024  -  ResidentSetSize of job (KB)
...
006 (5415475.016.000) 07/14 14:31:03 Image size of job updated: 1592852
	1005  -  MemoryUsage of job (MB)
	1028928  -  ResidentSetSize of job (KB)
...
006 (5415475.016.000) 07/14 15:41:11 Image size of job updated: 1593760
	1006  -  MemoryUsage of job (MB)
	1029836  -  ResidentSetSize of job (KB)
...
006 (5415475.016.000) 07/14 16:51:18 Image size of job updated: 1594664
	1007  -  MemoryUsage of job (MB)
	1030740  -  ResidentSetSize of job (KB)
...
006 (5415475.016.000) 07/14 18:01:26 Image size of job updated: 1595572
	1008  -  MemoryUsage of job (MB)
	1031648  -  ResidentSetSize of job (KB)
...
006 (5415475.016.000) 07/14 19:16:34 Image size of job updated: 1596476
	1009  -  MemoryUsage of job (MB)
	1032552  -  ResidentSetSize of job (KB)
...
006 (5415475.016.000) 07/14 20:26:43 Image size of job updated: 1597380
	1010  -  MemoryUsage of job (MB)
	1033456  -  ResidentSetSize of job (KB)
...
007 (5415475.016.000) 07/14 21:11:09 Shadow exception!
	Assertion ERROR on (result)
	0  -  Run Bytes Sent By Job
	803  -  Run Bytes Received By Job
...
