000 (5415475.022.000) 07/11 14:13:56 Job submitted from host: <137.138.156.150:9618?addrs=137.138.156.150-9618+[2001-1458-d00-14--9a]-9618&alias=bigbird13.cern.ch&noUDP&sock=schedd_1788_ff6c>
...
040 (5415475.022.000) 07/12 09:10:32 Started transferring input files
	Transferring to host: <128.142.83.130:9618?addrs=128.142.83.130-9618+[2001-1458-301-f5--100-52]-9618&alias=b7s13n2127.cern.ch&noUDP&sock=slot1_10_6959_feb4_115029>
...
040 (5415475.022.000) 07/12 09:10:32 Finished transferring input files
...
001 (5415475.022.000) 07/12 09:10:35 Job executing on host: <128.142.83.130:9618?addrs=128.142.83.130-9618+[2001-1458-301-f5--100-52]-9618&alias=b7s13n2127.cern.ch&noUDP&sock=startd_16579_64bc>
...
006 (5415475.022.000) 07/12 09:10:43 Image size of job updated: 94876
	52  -  MemoryUsage of job (MB)
	52508  -  ResidentSetSize of job (KB)
...
006 (5415475.022.000) 07/12 09:15:44 Image size of job updated: 1590968
	1004  -  MemoryUsage of job (MB)
	1027404  -  ResidentSetSize of job (KB)
...
006 (5415475.022.000) 07/14 11:21:22 Image size of job updated: 1591948
	1005  -  MemoryUsage of job (MB)
	1028140  -  ResidentSetSize of job (KB)
...
006 (5415475.022.000) 07/14 12:16:29 Image size of job updated: 1592856
	1005  -  MemoryUsage of job (MB)
	1028976  -  ResidentSetSize of job (KB)
...
006 (5415475.022.000) 07/14 13:16:38 Image size of job updated: 1593760
	1005  -  MemoryUsage of job (MB)
	1028976  -  ResidentSetSize of job (KB)
...
006 (5415475.022.000) 07/14 14:21:46 Image size of job updated: 1594664
	1005  -  MemoryUsage of job (MB)
	1028976  -  ResidentSetSize of job (KB)
...
006 (5415475.022.000) 07/14 15:26:52 Image size of job updated: 1595572
	1005  -  MemoryUsage of job (MB)
	1028976  -  ResidentSetSize of job (KB)
...
006 (5415475.022.000) 07/14 16:32:01 Image size of job updated: 1596476
	1005  -  MemoryUsage of job (MB)
	1028976  -  ResidentSetSize of job (KB)
...
006 (5415475.022.000) 07/14 17:37:10 Image size of job updated: 1597384
	1005  -  MemoryUsage of job (MB)
	1028976  -  ResidentSetSize of job (KB)
...
006 (5415475.022.000) 07/14 18:37:14 Image size of job updated: 1598288
	1005  -  MemoryUsage of job (MB)
	1028976  -  ResidentSetSize of job (KB)
...
006 (5415475.022.000) 07/14 19:32:20 Image size of job updated: 1599192
	1005  -  MemoryUsage of job (MB)
	1028976  -  ResidentSetSize of job (KB)
...
006 (5415475.022.000) 07/14 20:32:27 Image size of job updated: 1600100
	1005  -  MemoryUsage of job (MB)
	1028976  -  ResidentSetSize of job (KB)
...
007 (5415475.022.000) 07/14 21:02:42 Shadow exception!
	Assertion ERROR on (result)
	0  -  Run Bytes Sent By Job
	803  -  Run Bytes Received By Job
...
