000 (5415475.004.000) 07/11 14:13:56 Job submitted from host: <137.138.156.150:9618?addrs=137.138.156.150-9618+[2001-1458-d00-14--9a]-9618&alias=bigbird13.cern.ch&noUDP&sock=schedd_1788_ff6c>
...
040 (5415475.004.000) 07/12 09:10:27 Started transferring input files
	Transferring to host: <128.142.76.247:9618?addrs=128.142.76.247-9618+[2001-1458-301-f4--100-2dd]-9618&alias=b7s12n4653.cern.ch&noUDP&sock=slot1_3_3590_3acb_110071>
...
040 (5415475.004.000) 07/12 09:10:27 Finished transferring input files
...
001 (5415475.004.000) 07/12 09:10:28 Job executing on host: <128.142.76.247:9618?addrs=128.142.76.247-9618+[2001-1458-301-f4--100-2dd]-9618&alias=b7s12n4653.cern.ch&noUDP&sock=startd_16841_1a8c>
...
006 (5415475.004.000) 07/12 09:10:37 Image size of job updated: 533572
	43  -  MemoryUsage of job (MB)
	43040  -  ResidentSetSize of job (KB)
...
006 (5415475.004.000) 07/12 09:15:37 Image size of job updated: 1590932
	1004  -  MemoryUsage of job (MB)
	1027376  -  ResidentSetSize of job (KB)
...
006 (5415475.004.000) 07/14 12:07:55 Image size of job updated: 1591916
	1005  -  MemoryUsage of job (MB)
	1028168  -  ResidentSetSize of job (KB)
...
006 (5415475.004.000) 07/14 13:08:00 Image size of job updated: 1592820
	1005  -  MemoryUsage of job (MB)
	1029072  -  ResidentSetSize of job (KB)
...
006 (5415475.004.000) 07/14 14:13:06 Image size of job updated: 1593728
	1006  -  MemoryUsage of job (MB)
	1029980  -  ResidentSetSize of job (KB)
...
006 (5415475.004.000) 07/14 15:23:17 Image size of job updated: 1594632
	1007  -  MemoryUsage of job (MB)
	1030884  -  ResidentSetSize of job (KB)
...
006 (5415475.004.000) 07/14 16:28:24 Image size of job updated: 1595540
	1008  -  MemoryUsage of job (MB)
	1031792  -  ResidentSetSize of job (KB)
...
006 (5415475.004.000) 07/14 17:38:30 Image size of job updated: 1596444
	1009  -  MemoryUsage of job (MB)
	1032696  -  ResidentSetSize of job (KB)
...
006 (5415475.004.000) 07/14 18:48:40 Image size of job updated: 1597348
	1010  -  MemoryUsage of job (MB)
	1033600  -  ResidentSetSize of job (KB)
...
006 (5415475.004.000) 07/14 19:58:47 Image size of job updated: 1598256
	1011  -  MemoryUsage of job (MB)
	1034508  -  ResidentSetSize of job (KB)
...
007 (5415475.004.000) 07/14 21:00:39 Shadow exception!
	Assertion ERROR on (result)
	0  -  Run Bytes Sent By Job
	803  -  Run Bytes Received By Job
...
