000 (5415475.012.000) 07/11 14:13:56 Job submitted from host: <137.138.156.150:9618?addrs=137.138.156.150-9618+[2001-1458-d00-14--9a]-9618&alias=bigbird13.cern.ch&noUDP&sock=schedd_1788_ff6c>
...
040 (5415475.012.000) 07/12 09:10:28 Started transferring input files
	Transferring to host: <128.142.80.157:9618?addrs=128.142.80.157-9618+[2001-1458-301-f5--100-511]-9618&alias=b7s13n5607.cern.ch&noUDP&sock=slot1_10_7026_33d7_109357>
...
040 (5415475.012.000) 07/12 09:10:28 Finished transferring input files
...
001 (5415475.012.000) 07/12 09:10:29 Job executing on host: <128.142.80.157:9618?addrs=128.142.80.157-9618+[2001-1458-301-f5--100-511]-9618&alias=b7s13n5607.cern.ch&noUDP&sock=startd_16245_4c1a>
...
006 (5415475.012.000) 07/12 09:10:38 Image size of job updated: 88808
	50  -  MemoryUsage of job (MB)
	50984  -  ResidentSetSize of job (KB)
...
006 (5415475.012.000) 07/12 09:15:38 Image size of job updated: 1590976
	1004  -  MemoryUsage of job (MB)
	1027420  -  ResidentSetSize of job (KB)
...
006 (5415475.012.000) 07/14 12:37:20 Image size of job updated: 1591956
	1005  -  MemoryUsage of job (MB)
	1028172  -  ResidentSetSize of job (KB)
...
006 (5415475.012.000) 07/14 13:37:24 Image size of job updated: 1592864
	1005  -  MemoryUsage of job (MB)
	1029080  -  ResidentSetSize of job (KB)
...
006 (5415475.012.000) 07/14 14:42:30 Image size of job updated: 1593768
	1006  -  MemoryUsage of job (MB)
	1029984  -  ResidentSetSize of job (KB)
...
006 (5415475.012.000) 07/14 15:42:37 Image size of job updated: 1594672
	1007  -  MemoryUsage of job (MB)
	1030888  -  ResidentSetSize of job (KB)
...
006 (5415475.012.000) 07/14 16:47:41 Image size of job updated: 1595580
	1008  -  MemoryUsage of job (MB)
	1031796  -  ResidentSetSize of job (KB)
...
006 (5415475.012.000) 07/14 17:52:47 Image size of job updated: 1596484
	1009  -  MemoryUsage of job (MB)
	1032700  -  ResidentSetSize of job (KB)
...
006 (5415475.012.000) 07/14 18:52:49 Image size of job updated: 1597392
	1010  -  MemoryUsage of job (MB)
	1033608  -  ResidentSetSize of job (KB)
...
006 (5415475.012.000) 07/14 19:52:55 Image size of job updated: 1598296
	1011  -  MemoryUsage of job (MB)
	1034512  -  ResidentSetSize of job (KB)
...
007 (5415475.012.000) 07/14 21:02:47 Shadow exception!
	Assertion ERROR on (result)
	0  -  Run Bytes Sent By Job
	803  -  Run Bytes Received By Job
...
