000 (5415475.015.000) 07/11 14:13:56 Job submitted from host: <137.138.156.150:9618?addrs=137.138.156.150-9618+[2001-1458-d00-14--9a]-9618&alias=bigbird13.cern.ch&noUDP&sock=schedd_1788_ff6c>
...
040 (5415475.015.000) 07/12 09:10:30 Started transferring input files
	Transferring to host: <128.142.73.123:9618?addrs=128.142.73.123-9618+[2001-1458-301-75--100-5d4]-9618&alias=b7s11n3236.cern.ch&noUDP&sock=slot1_10_6722_01ca_57825>
...
040 (5415475.015.000) 07/12 09:10:31 Finished transferring input files
...
001 (5415475.015.000) 07/12 09:10:34 Job executing on host: <128.142.73.123:9618?addrs=128.142.73.123-9618+[2001-1458-301-75--100-5d4]-9618&alias=b7s11n3236.cern.ch&noUDP&sock=startd_5698_eeba>
...
006 (5415475.015.000) 07/12 09:10:42 Image size of job updated: 537384
	51  -  MemoryUsage of job (MB)
	51492  -  ResidentSetSize of job (KB)
...
006 (5415475.015.000) 07/12 09:15:42 Image size of job updated: 1591032
	1004  -  MemoryUsage of job (MB)
	1027480  -  ResidentSetSize of job (KB)
...
006 (5415475.015.000) 07/14 12:33:11 Image size of job updated: 1592012
	1005  -  MemoryUsage of job (MB)
	1028288  -  ResidentSetSize of job (KB)
...
006 (5415475.015.000) 07/14 13:38:14 Image size of job updated: 1592920
	1006  -  MemoryUsage of job (MB)
	1029196  -  ResidentSetSize of job (KB)
...
006 (5415475.015.000) 07/14 14:43:17 Image size of job updated: 1593824
	1006  -  MemoryUsage of job (MB)
	1030100  -  ResidentSetSize of job (KB)
...
006 (5415475.015.000) 07/14 15:53:25 Image size of job updated: 1594732
	1006  -  MemoryUsage of job (MB)
	1030100  -  ResidentSetSize of job (KB)
...
006 (5415475.015.000) 07/14 16:58:32 Image size of job updated: 1595636
	1006  -  MemoryUsage of job (MB)
	1030100  -  ResidentSetSize of job (KB)
...
006 (5415475.015.000) 07/14 18:03:39 Image size of job updated: 1596540
	1006  -  MemoryUsage of job (MB)
	1030100  -  ResidentSetSize of job (KB)
...
006 (5415475.015.000) 07/14 19:08:44 Image size of job updated: 1597448
	1006  -  MemoryUsage of job (MB)
	1030100  -  ResidentSetSize of job (KB)
...
006 (5415475.015.000) 07/14 20:13:51 Image size of job updated: 1598352
	1006  -  MemoryUsage of job (MB)
	1030100  -  ResidentSetSize of job (KB)
...
007 (5415475.015.000) 07/14 21:05:52 Shadow exception!
	Assertion ERROR on (result)
	0  -  Run Bytes Sent By Job
	803  -  Run Bytes Received By Job
...
