000 (5415475.018.000) 07/11 14:13:56 Job submitted from host: <137.138.156.150:9618?addrs=137.138.156.150-9618+[2001-1458-d00-14--9a]-9618&alias=bigbird13.cern.ch&noUDP&sock=schedd_1788_ff6c>
...
040 (5415475.018.000) 07/12 09:10:29 Started transferring input files
	Transferring to host: <128.142.86.165:9618?addrs=128.142.86.165-9618+[2001-1458-301-f6--100-616]-9618&alias=b7s14n8649.cern.ch&noUDP&sock=slot1_9_5768_d3e4_67750>
...
040 (5415475.018.000) 07/12 09:10:30 Finished transferring input files
...
001 (5415475.018.000) 07/12 09:10:32 Job executing on host: <128.142.86.165:9618?addrs=128.142.86.165-9618+[2001-1458-301-f6--100-616]-9618&alias=b7s14n8649.cern.ch&noUDP&sock=startd_4629_affc>
...
006 (5415475.018.000) 07/12 09:10:42 Image size of job updated: 117972
	57  -  MemoryUsage of job (MB)
	57632  -  ResidentSetSize of job (KB)
...
006 (5415475.018.000) 07/12 09:15:43 Image size of job updated: 1591004
	1004  -  MemoryUsage of job (MB)
	1027456  -  ResidentSetSize of job (KB)
...
006 (5415475.018.000) 07/14 11:34:30 Image size of job updated: 1591984
	1005  -  MemoryUsage of job (MB)
	1028348  -  ResidentSetSize of job (KB)
...
006 (5415475.018.000) 07/14 12:34:37 Image size of job updated: 1592892
	1006  -  MemoryUsage of job (MB)
	1029256  -  ResidentSetSize of job (KB)
...
006 (5415475.018.000) 07/14 13:39:43 Image size of job updated: 1593796
	1007  -  MemoryUsage of job (MB)
	1030160  -  ResidentSetSize of job (KB)
...
006 (5415475.018.000) 07/14 14:44:49 Image size of job updated: 1594704
	1007  -  MemoryUsage of job (MB)
	1031068  -  ResidentSetSize of job (KB)
...
006 (5415475.018.000) 07/14 15:49:55 Image size of job updated: 1595608
	1008  -  MemoryUsage of job (MB)
	1031972  -  ResidentSetSize of job (KB)
...
006 (5415475.018.000) 07/14 16:49:59 Image size of job updated: 1596516
	1009  -  MemoryUsage of job (MB)
	1032880  -  ResidentSetSize of job (KB)
...
006 (5415475.018.000) 07/14 17:56:37 Image size of job updated: 1597420
	1010  -  MemoryUsage of job (MB)
	1033784  -  ResidentSetSize of job (KB)
...
006 (5415475.018.000) 07/14 18:53:41 Image size of job updated: 1598324
	1011  -  MemoryUsage of job (MB)
	1034688  -  ResidentSetSize of job (KB)
...
006 (5415475.018.000) 07/14 19:58:48 Image size of job updated: 1599232
	1012  -  MemoryUsage of job (MB)
	1035596  -  ResidentSetSize of job (KB)
...
007 (5415475.018.000) 07/14 21:00:31 Shadow exception!
	Assertion ERROR on (result)
	0  -  Run Bytes Sent By Job
	803  -  Run Bytes Received By Job
...
