000 (5415475.024.000) 07/11 14:13:56 Job submitted from host: <137.138.156.150:9618?addrs=137.138.156.150-9618+[2001-1458-d00-14--9a]-9618&alias=bigbird13.cern.ch&noUDP&sock=schedd_1788_ff6c>
...
040 (5415475.024.000) 07/12 09:13:52 Started transferring input files
	Transferring to host: <128.142.168.147:9618?addrs=128.142.168.147-9618+[2001-1458-301-be--100-c]-9618&alias=b7g00p8358.cern.ch&noUDP&sock=slot1_6_2773_944a_16345>
...
040 (5415475.024.000) 07/12 09:13:52 Finished transferring input files
...
001 (5415475.024.000) 07/12 09:13:53 Job executing on host: <128.142.168.147:9618?addrs=128.142.168.147-9618+[2001-1458-301-be--100-c]-9618&alias=b7g00p8358.cern.ch&noUDP&sock=startd_2617_9f70>
...
006 (5415475.024.000) 07/12 09:14:02 Image size of job updated: 558704
	71  -  MemoryUsage of job (MB)
	72208  -  ResidentSetSize of job (KB)
...
006 (5415475.024.000) 07/12 09:19:03 Image size of job updated: 1590960
	1004  -  MemoryUsage of job (MB)
	1027392  -  ResidentSetSize of job (KB)
...
006 (5415475.024.000) 07/14 07:10:00 Image size of job updated: 1591940
	1004  -  MemoryUsage of job (MB)
	1027392  -  ResidentSetSize of job (KB)
...
006 (5415475.024.000) 07/14 08:05:06 Image size of job updated: 1592848
	1004  -  MemoryUsage of job (MB)
	1027392  -  ResidentSetSize of job (KB)
...
006 (5415475.024.000) 07/14 09:00:14 Image size of job updated: 1593752
	1004  -  MemoryUsage of job (MB)
	1027392  -  ResidentSetSize of job (KB)
...
006 (5415475.024.000) 07/14 09:50:19 Image size of job updated: 1594660
	1004  -  MemoryUsage of job (MB)
	1027392  -  ResidentSetSize of job (KB)
...
006 (5415475.024.000) 07/14 10:40:22 Image size of job updated: 1595564
	1004  -  MemoryUsage of job (MB)
	1027392  -  ResidentSetSize of job (KB)
...
006 (5415475.024.000) 07/14 11:35:25 Image size of job updated: 1596468
	1004  -  MemoryUsage of job (MB)
	1027392  -  ResidentSetSize of job (KB)
...
006 (5415475.024.000) 07/14 12:25:30 Image size of job updated: 1597376
	1004  -  MemoryUsage of job (MB)
	1027392  -  ResidentSetSize of job (KB)
...
006 (5415475.024.000) 07/14 13:20:35 Image size of job updated: 1598280
	1004  -  MemoryUsage of job (MB)
	1027392  -  ResidentSetSize of job (KB)
...
006 (5415475.024.000) 07/14 14:20:41 Image size of job updated: 1599188
	1004  -  MemoryUsage of job (MB)
	1027392  -  ResidentSetSize of job (KB)
...
006 (5415475.024.000) 07/14 15:20:46 Image size of job updated: 1600092
	1004  -  MemoryUsage of job (MB)
	1027392  -  ResidentSetSize of job (KB)
...
006 (5415475.024.000) 07/14 16:20:48 Image size of job updated: 1601000
	1004  -  MemoryUsage of job (MB)
	1027392  -  ResidentSetSize of job (KB)
...
006 (5415475.024.000) 07/14 17:20:56 Image size of job updated: 1601904
	1004  -  MemoryUsage of job (MB)
	1027392  -  ResidentSetSize of job (KB)
...
022 (5415475.024.000) 07/14 17:48:02 Job disconnected, attempting to reconnect
    Socket between submit and execute hosts closed unexpectedly
    Trying to reconnect to slot1_6@b7g00p8358.cern.ch <128.142.168.147:9618?addrs=128.142.168.147-9618+[2001-1458-301-be--100-c]-9618&alias=b7g00p8358.cern.ch&noUDP&sock=startd_2617_9f70>
...
023 (5415475.024.000) 07/14 17:48:02 Job reconnected to slot1_6@b7g00p8358.cern.ch
    startd address: <128.142.168.147:9618?addrs=128.142.168.147-9618+[2001-1458-301-be--100-c]-9618&alias=b7g00p8358.cern.ch&noUDP&sock=startd_2617_9f70>
    starter address: <128.142.168.147:9618?addrs=128.142.168.147-9618+[2001-1458-301-be--100-c]-9618&alias=b7g00p8358.cern.ch&noUDP&sock=slot1_6_2773_944a_16345>
...
006 (5415475.024.000) 07/14 18:26:05 Image size of job updated: 1602808
	1004  -  MemoryUsage of job (MB)
	1027392  -  ResidentSetSize of job (KB)
...
006 (5415475.024.000) 07/14 19:22:22 Image size of job updated: 1603716
	1004  -  MemoryUsage of job (MB)
	1027392  -  ResidentSetSize of job (KB)
...
006 (5415475.024.000) 07/14 20:22:27 Image size of job updated: 1604620
	1004  -  MemoryUsage of job (MB)
	1027392  -  ResidentSetSize of job (KB)
...
007 (5415475.024.000) 07/14 21:10:07 Shadow exception!
	Assertion ERROR on (result)
	0  -  Run Bytes Sent By Job
	803  -  Run Bytes Received By Job
...
