000 (5415475.001.000) 07/11 14:13:56 Job submitted from host: <137.138.156.150:9618?addrs=137.138.156.150-9618+[2001-1458-d00-14--9a]-9618&alias=bigbird13.cern.ch&noUDP&sock=schedd_1788_ff6c>
...
040 (5415475.001.000) 07/12 09:10:25 Started transferring input files
	Transferring to host: <128.142.76.87:9618?addrs=128.142.76.87-9618+[2001-1458-301-f4--100-291]-9618&alias=b7s12n4007.cern.ch&noUDP&sock=slot1_4_16800_dea4_65904>
...
040 (5415475.001.000) 07/12 09:10:25 Finished transferring input files
...
001 (5415475.001.000) 07/12 09:10:26 Job executing on host: <128.142.76.87:9618?addrs=128.142.76.87-9618+[2001-1458-301-f4--100-291]-9618&alias=b7s12n4007.cern.ch&noUDP&sock=startd_16648_b8c4>
...
006 (5415475.001.000) 07/12 09:10:35 Image size of job updated: 513092
	38  -  MemoryUsage of job (MB)
	38544  -  ResidentSetSize of job (KB)
...
006 (5415475.001.000) 07/12 09:15:35 Image size of job updated: 1590960
	1004  -  MemoryUsage of job (MB)
	1027412  -  ResidentSetSize of job (KB)
...
006 (5415475.001.000) 07/14 13:05:26 Image size of job updated: 1591940
	1004  -  MemoryUsage of job (MB)
	1028048  -  ResidentSetSize of job (KB)
...
006 (5415475.001.000) 07/14 14:15:35 Image size of job updated: 1592844
	1005  -  MemoryUsage of job (MB)
	1028952  -  ResidentSetSize of job (KB)
...
006 (5415475.001.000) 07/14 15:25:45 Image size of job updated: 1593752
	1006  -  MemoryUsage of job (MB)
	1029860  -  ResidentSetSize of job (KB)
...
006 (5415475.001.000) 07/14 16:35:52 Image size of job updated: 1594656
	1007  -  MemoryUsage of job (MB)
	1030764  -  ResidentSetSize of job (KB)
...
006 (5415475.001.000) 07/14 17:41:59 Image size of job updated: 1595564
	1008  -  MemoryUsage of job (MB)
	1031672  -  ResidentSetSize of job (KB)
...
006 (5415475.001.000) 07/14 18:57:09 Image size of job updated: 1596468
	1009  -  MemoryUsage of job (MB)
	1032576  -  ResidentSetSize of job (KB)
...
006 (5415475.001.000) 07/14 20:07:16 Image size of job updated: 1597376
	1010  -  MemoryUsage of job (MB)
	1033484  -  ResidentSetSize of job (KB)
...
006 (5415475.001.000) 07/14 21:21:59 Image size of job updated: 1598280
	1011  -  MemoryUsage of job (MB)
	1034388  -  ResidentSetSize of job (KB)
...
006 (5415475.001.000) 07/14 22:27:04 Image size of job updated: 1599184
	1012  -  MemoryUsage of job (MB)
	1035292  -  ResidentSetSize of job (KB)
...
006 (5415475.001.000) 07/14 23:37:11 Image size of job updated: 1600092
	1012  -  MemoryUsage of job (MB)
	1036200  -  ResidentSetSize of job (KB)
...
006 (5415475.001.000) 07/15 00:37:18 Image size of job updated: 1600996
	1013  -  MemoryUsage of job (MB)
	1037104  -  ResidentSetSize of job (KB)
...
006 (5415475.001.000) 07/15 01:42:25 Image size of job updated: 1601904
	1014  -  MemoryUsage of job (MB)
	1038012  -  ResidentSetSize of job (KB)
...
006 (5415475.001.000) 07/15 02:37:30 Image size of job updated: 1606432
	1019  -  MemoryUsage of job (MB)
	1042540  -  ResidentSetSize of job (KB)
...
006 (5415475.001.000) 07/15 13:08:37 Image size of job updated: 1609504
	1020  -  MemoryUsage of job (MB)
	1044088  -  ResidentSetSize of job (KB)
...
006 (5415475.001.000) 07/15 13:43:43 Image size of job updated: 1609504
	1020  -  MemoryUsage of job (MB)
	1044100  -  ResidentSetSize of job (KB)
...
006 (5415475.001.000) 07/15 14:28:54 Image size of job updated: 1609504
	1020  -  MemoryUsage of job (MB)
	1044112  -  ResidentSetSize of job (KB)
...
006 (5415475.001.000) 07/15 15:08:57 Image size of job updated: 1609504
	1020  -  MemoryUsage of job (MB)
	1044124  -  ResidentSetSize of job (KB)
...
006 (5415475.001.000) 07/15 15:49:01 Image size of job updated: 1609504
	1020  -  MemoryUsage of job (MB)
	1044136  -  ResidentSetSize of job (KB)
...
006 (5415475.001.000) 07/15 16:29:04 Image size of job updated: 1609504
	1020  -  MemoryUsage of job (MB)
	1044148  -  ResidentSetSize of job (KB)
...
006 (5415475.001.000) 07/15 17:14:07 Image size of job updated: 1609504
	1020  -  MemoryUsage of job (MB)
	1044160  -  ResidentSetSize of job (KB)
...
006 (5415475.001.000) 07/15 17:54:10 Image size of job updated: 1609504
	1020  -  MemoryUsage of job (MB)
	1044172  -  ResidentSetSize of job (KB)
...
006 (5415475.001.000) 07/15 18:39:13 Image size of job updated: 1609504
	1020  -  MemoryUsage of job (MB)
	1044184  -  ResidentSetSize of job (KB)
...
006 (5415475.001.000) 07/15 19:20:16 Image size of job updated: 1609504
	1020  -  MemoryUsage of job (MB)
	1044196  -  ResidentSetSize of job (KB)
...
006 (5415475.001.000) 07/15 20:00:19 Image size of job updated: 1609504
	1020  -  MemoryUsage of job (MB)
	1044208  -  ResidentSetSize of job (KB)
...
006 (5415475.001.000) 07/15 20:35:22 Image size of job updated: 1609504
	1020  -  MemoryUsage of job (MB)
	1044220  -  ResidentSetSize of job (KB)
...
006 (5415475.001.000) 07/15 21:15:28 Image size of job updated: 1609504
	1020  -  MemoryUsage of job (MB)
	1044232  -  ResidentSetSize of job (KB)
...
006 (5415475.001.000) 07/15 21:55:31 Image size of job updated: 1609504
	1020  -  MemoryUsage of job (MB)
	1044244  -  ResidentSetSize of job (KB)
...
006 (5415475.001.000) 07/15 22:35:36 Image size of job updated: 1609504
	1020  -  MemoryUsage of job (MB)
	1044256  -  ResidentSetSize of job (KB)
...
006 (5415475.001.000) 07/15 23:15:43 Image size of job updated: 1609504
	1020  -  MemoryUsage of job (MB)
	1044268  -  ResidentSetSize of job (KB)
...
006 (5415475.001.000) 07/16 00:00:47 Image size of job updated: 1609504
	1020  -  MemoryUsage of job (MB)
	1044280  -  ResidentSetSize of job (KB)
...
006 (5415475.001.000) 07/16 00:40:50 Image size of job updated: 1609504
	1020  -  MemoryUsage of job (MB)
	1044292  -  ResidentSetSize of job (KB)
...
006 (5415475.001.000) 07/16 01:20:56 Image size of job updated: 1609504
	1020  -  MemoryUsage of job (MB)
	1044304  -  ResidentSetSize of job (KB)
...
006 (5415475.001.000) 07/16 02:01:01 Image size of job updated: 1609504
	1020  -  MemoryUsage of job (MB)
	1044316  -  ResidentSetSize of job (KB)
...
006 (5415475.001.000) 07/16 02:46:07 Image size of job updated: 1609504
	1020  -  MemoryUsage of job (MB)
	1044328  -  ResidentSetSize of job (KB)
...
006 (5415475.001.000) 07/16 03:21:13 Image size of job updated: 1609504
	1020  -  MemoryUsage of job (MB)
	1044340  -  ResidentSetSize of job (KB)
...
006 (5415475.001.000) 07/16 04:01:19 Image size of job updated: 1609504
	1020  -  MemoryUsage of job (MB)
	1044344  -  ResidentSetSize of job (KB)
...
006 (5415475.001.000) 07/16 04:06:20 Image size of job updated: 1609504
	1020  -  MemoryUsage of job (MB)
	1044352  -  ResidentSetSize of job (KB)
...
006 (5415475.001.000) 07/16 04:46:26 Image size of job updated: 1609504
	1020  -  MemoryUsage of job (MB)
	1044364  -  ResidentSetSize of job (KB)
...
006 (5415475.001.000) 07/16 05:31:30 Image size of job updated: 1609504
	1020  -  MemoryUsage of job (MB)
	1044376  -  ResidentSetSize of job (KB)
...
006 (5415475.001.000) 07/16 06:11:35 Image size of job updated: 1609504
	1020  -  MemoryUsage of job (MB)
	1044384  -  ResidentSetSize of job (KB)
...
006 (5415475.001.000) 07/16 06:16:35 Image size of job updated: 1609504
	1020  -  MemoryUsage of job (MB)
	1044388  -  ResidentSetSize of job (KB)
...
006 (5415475.001.000) 07/16 06:56:40 Image size of job updated: 1609504
	1020  -  MemoryUsage of job (MB)
	1044400  -  ResidentSetSize of job (KB)
...
006 (5415475.001.000) 07/16 07:36:44 Image size of job updated: 1609504
	1020  -  MemoryUsage of job (MB)
	1044412  -  ResidentSetSize of job (KB)
...
006 (5415475.001.000) 07/16 08:16:48 Image size of job updated: 1609504
	1020  -  MemoryUsage of job (MB)
	1044424  -  ResidentSetSize of job (KB)
...
006 (5415475.001.000) 07/16 08:51:50 Image size of job updated: 1609504
	1020  -  MemoryUsage of job (MB)
	1044436  -  ResidentSetSize of job (KB)
...
006 (5415475.001.000) 07/16 09:26:54 Image size of job updated: 1609504
	1020  -  MemoryUsage of job (MB)
	1044440  -  ResidentSetSize of job (KB)
...
006 (5415475.001.000) 07/16 09:31:55 Image size of job updated: 1609504
	1020  -  MemoryUsage of job (MB)
	1044448  -  ResidentSetSize of job (KB)
...
006 (5415475.001.000) 07/16 10:07:00 Image size of job updated: 1609504
	1020  -  MemoryUsage of job (MB)
	1044460  -  ResidentSetSize of job (KB)
...
006 (5415475.001.000) 07/16 10:37:02 Image size of job updated: 1609504
	1020  -  MemoryUsage of job (MB)
	1044472  -  ResidentSetSize of job (KB)
...
006 (5415475.001.000) 07/16 11:12:04 Image size of job updated: 1609504
	1021  -  MemoryUsage of job (MB)
	1044484  -  ResidentSetSize of job (KB)
...
006 (5415475.001.000) 07/16 11:55:52 Image size of job updated: 1609504
	1021  -  MemoryUsage of job (MB)
	1044496  -  ResidentSetSize of job (KB)
...
006 (5415475.001.000) 07/16 12:26:19 Image size of job updated: 1609504
	1021  -  MemoryUsage of job (MB)
	1044508  -  ResidentSetSize of job (KB)
...
006 (5415475.001.000) 07/16 13:01:23 Image size of job updated: 1609504
	1021  -  MemoryUsage of job (MB)
	1044520  -  ResidentSetSize of job (KB)
...
006 (5415475.001.000) 07/16 13:41:28 Image size of job updated: 1609504
	1021  -  MemoryUsage of job (MB)
	1044532  -  ResidentSetSize of job (KB)
...
006 (5415475.001.000) 07/16 14:16:31 Image size of job updated: 1609504
	1021  -  MemoryUsage of job (MB)
	1044544  -  ResidentSetSize of job (KB)
...
006 (5415475.001.000) 07/16 14:51:33 Image size of job updated: 1609504
	1021  -  MemoryUsage of job (MB)
	1044556  -  ResidentSetSize of job (KB)
...
006 (5415475.001.000) 07/16 15:26:36 Image size of job updated: 1609504
	1021  -  MemoryUsage of job (MB)
	1044568  -  ResidentSetSize of job (KB)
...
006 (5415475.001.000) 07/16 16:06:41 Image size of job updated: 1609504
	1021  -  MemoryUsage of job (MB)
	1044580  -  ResidentSetSize of job (KB)
...
006 (5415475.001.000) 07/16 16:41:43 Image size of job updated: 1609504
	1021  -  MemoryUsage of job (MB)
	1044592  -  ResidentSetSize of job (KB)
...
006 (5415475.001.000) 07/16 17:16:48 Image size of job updated: 1609504
	1021  -  MemoryUsage of job (MB)
	1044604  -  ResidentSetSize of job (KB)
...
006 (5415475.001.000) 07/16 17:51:53 Image size of job updated: 1609504
	1021  -  MemoryUsage of job (MB)
	1044616  -  ResidentSetSize of job (KB)
...
006 (5415475.001.000) 07/16 18:31:56 Image size of job updated: 1609504
	1021  -  MemoryUsage of job (MB)
	1044628  -  ResidentSetSize of job (KB)
...
006 (5415475.001.000) 07/16 19:12:00 Image size of job updated: 1609504
	1021  -  MemoryUsage of job (MB)
	1044640  -  ResidentSetSize of job (KB)
...
006 (5415475.001.000) 07/16 19:52:06 Image size of job updated: 1609504
	1021  -  MemoryUsage of job (MB)
	1044652  -  ResidentSetSize of job (KB)
...
006 (5415475.001.000) 07/16 20:37:10 Image size of job updated: 1609504
	1021  -  MemoryUsage of job (MB)
	1044664  -  ResidentSetSize of job (KB)
...
006 (5415475.001.000) 07/16 21:17:15 Image size of job updated: 1609504
	1021  -  MemoryUsage of job (MB)
	1044676  -  ResidentSetSize of job (KB)
...
006 (5415475.001.000) 07/16 22:02:18 Image size of job updated: 1609504
	1021  -  MemoryUsage of job (MB)
	1044688  -  ResidentSetSize of job (KB)
...
006 (5415475.001.000) 07/16 22:42:22 Image size of job updated: 1609504
	1021  -  MemoryUsage of job (MB)
	1044700  -  ResidentSetSize of job (KB)
...
006 (5415475.001.000) 07/16 23:22:27 Image size of job updated: 1609504
	1021  -  MemoryUsage of job (MB)
	1044708  -  ResidentSetSize of job (KB)
...
006 (5415475.001.000) 07/16 23:27:27 Image size of job updated: 1609504
	1021  -  MemoryUsage of job (MB)
	1044712  -  ResidentSetSize of job (KB)
...
006 (5415475.001.000) 07/17 00:07:30 Image size of job updated: 1609504
	1021  -  MemoryUsage of job (MB)
	1044724  -  ResidentSetSize of job (KB)
...
006 (5415475.001.000) 07/17 00:47:31 Image size of job updated: 1609504
	1021  -  MemoryUsage of job (MB)
	1044736  -  ResidentSetSize of job (KB)
...
006 (5415475.001.000) 07/17 01:27:37 Image size of job updated: 1609504
	1021  -  MemoryUsage of job (MB)
	1044748  -  ResidentSetSize of job (KB)
...
006 (5415475.001.000) 07/17 02:12:41 Image size of job updated: 1609504
	1021  -  MemoryUsage of job (MB)
	1044760  -  ResidentSetSize of job (KB)
...
006 (5415475.001.000) 07/17 02:47:45 Image size of job updated: 1609504
	1021  -  MemoryUsage of job (MB)
	1044772  -  ResidentSetSize of job (KB)
...
006 (5415475.001.000) 07/17 03:27:48 Image size of job updated: 1609504
	1021  -  MemoryUsage of job (MB)
	1044784  -  ResidentSetSize of job (KB)
...
006 (5415475.001.000) 07/17 04:07:53 Image size of job updated: 1609504
	1021  -  MemoryUsage of job (MB)
	1044796  -  ResidentSetSize of job (KB)
...
006 (5415475.001.000) 07/17 04:47:58 Image size of job updated: 1609504
	1021  -  MemoryUsage of job (MB)
	1044808  -  ResidentSetSize of job (KB)
...
006 (5415475.001.000) 07/17 05:28:02 Image size of job updated: 1609504
	1021  -  MemoryUsage of job (MB)
	1044820  -  ResidentSetSize of job (KB)
...
006 (5415475.001.000) 07/17 06:03:05 Image size of job updated: 1609504
	1021  -  MemoryUsage of job (MB)
	1044832  -  ResidentSetSize of job (KB)
...
006 (5415475.001.000) 07/17 06:48:09 Image size of job updated: 1609504
	1021  -  MemoryUsage of job (MB)
	1044844  -  ResidentSetSize of job (KB)
...
006 (5415475.001.000) 07/17 07:28:16 Image size of job updated: 1609504
	1021  -  MemoryUsage of job (MB)
	1044856  -  ResidentSetSize of job (KB)
...
006 (5415475.001.000) 07/17 08:08:19 Image size of job updated: 1609504
	1021  -  MemoryUsage of job (MB)
	1044868  -  ResidentSetSize of job (KB)
...
006 (5415475.001.000) 07/17 08:53:23 Image size of job updated: 1609504
	1021  -  MemoryUsage of job (MB)
	1044880  -  ResidentSetSize of job (KB)
...
006 (5415475.001.000) 07/17 09:38:28 Image size of job updated: 1609504
	1021  -  MemoryUsage of job (MB)
	1044892  -  ResidentSetSize of job (KB)
...
006 (5415475.001.000) 07/17 10:23:31 Image size of job updated: 1609504
	1021  -  MemoryUsage of job (MB)
	1044904  -  ResidentSetSize of job (KB)
...
006 (5415475.001.000) 07/17 11:03:38 Image size of job updated: 1609504
	1021  -  MemoryUsage of job (MB)
	1044916  -  ResidentSetSize of job (KB)
...
006 (5415475.001.000) 07/17 11:48:43 Image size of job updated: 1609504
	1021  -  MemoryUsage of job (MB)
	1044928  -  ResidentSetSize of job (KB)
...
006 (5415475.001.000) 07/17 12:33:46 Image size of job updated: 1609504
	1021  -  MemoryUsage of job (MB)
	1044940  -  ResidentSetSize of job (KB)
...
006 (5415475.001.000) 07/17 13:18:50 Image size of job updated: 1609504
	1021  -  MemoryUsage of job (MB)
	1044952  -  ResidentSetSize of job (KB)
...
006 (5415475.001.000) 07/17 13:58:53 Image size of job updated: 1609504
	1021  -  MemoryUsage of job (MB)
	1044964  -  ResidentSetSize of job (KB)
...
006 (5415475.001.000) 07/17 14:38:58 Image size of job updated: 1609504
	1021  -  MemoryUsage of job (MB)
	1044972  -  ResidentSetSize of job (KB)
...
006 (5415475.001.000) 07/17 14:43:59 Image size of job updated: 1609504
	1021  -  MemoryUsage of job (MB)
	1044976  -  ResidentSetSize of job (KB)
...
006 (5415475.001.000) 07/17 15:24:02 Image size of job updated: 1609504
	1021  -  MemoryUsage of job (MB)
	1044988  -  ResidentSetSize of job (KB)
...
006 (5415475.001.000) 07/17 16:04:05 Image size of job updated: 1609504
	1021  -  MemoryUsage of job (MB)
	1045000  -  ResidentSetSize of job (KB)
...
006 (5415475.001.000) 07/17 16:49:09 Image size of job updated: 1609504
	1021  -  MemoryUsage of job (MB)
	1045012  -  ResidentSetSize of job (KB)
...
006 (5415475.001.000) 07/17 17:29:11 Image size of job updated: 1609504
	1021  -  MemoryUsage of job (MB)
	1045016  -  ResidentSetSize of job (KB)
...
006 (5415475.001.000) 07/17 17:34:12 Image size of job updated: 1609504
	1021  -  MemoryUsage of job (MB)
	1045024  -  ResidentSetSize of job (KB)
...
006 (5415475.001.000) 07/17 18:14:16 Image size of job updated: 1609504
	1021  -  MemoryUsage of job (MB)
	1045036  -  ResidentSetSize of job (KB)
...
006 (5415475.001.000) 07/17 18:54:22 Image size of job updated: 1609504
	1021  -  MemoryUsage of job (MB)
	1045048  -  ResidentSetSize of job (KB)
...
006 (5415475.001.000) 07/17 19:34:27 Image size of job updated: 1609504
	1021  -  MemoryUsage of job (MB)
	1045060  -  ResidentSetSize of job (KB)
...
006 (5415475.001.000) 07/17 20:14:33 Image size of job updated: 1609504
	1021  -  MemoryUsage of job (MB)
	1045072  -  ResidentSetSize of job (KB)
...
006 (5415475.001.000) 07/17 20:59:37 Image size of job updated: 1609504
	1021  -  MemoryUsage of job (MB)
	1045084  -  ResidentSetSize of job (KB)
...
006 (5415475.001.000) 07/17 21:39:40 Image size of job updated: 1609504
	1021  -  MemoryUsage of job (MB)
	1045096  -  ResidentSetSize of job (KB)
...
006 (5415475.001.000) 07/17 22:19:44 Image size of job updated: 1609504
	1021  -  MemoryUsage of job (MB)
	1045108  -  ResidentSetSize of job (KB)
...
006 (5415475.001.000) 07/17 22:59:47 Image size of job updated: 1609504
	1021  -  MemoryUsage of job (MB)
	1045112  -  ResidentSetSize of job (KB)
...
006 (5415475.001.000) 07/17 23:04:48 Image size of job updated: 1609504
	1021  -  MemoryUsage of job (MB)
	1045120  -  ResidentSetSize of job (KB)
...
006 (5415475.001.000) 07/17 23:44:52 Image size of job updated: 1609504
	1021  -  MemoryUsage of job (MB)
	1045132  -  ResidentSetSize of job (KB)
...
006 (5415475.001.000) 07/18 00:29:59 Image size of job updated: 1609504
	1021  -  MemoryUsage of job (MB)
	1045144  -  ResidentSetSize of job (KB)
...
006 (5415475.001.000) 07/18 01:10:05 Image size of job updated: 1609504
	1021  -  MemoryUsage of job (MB)
	1045156  -  ResidentSetSize of job (KB)
...
006 (5415475.001.000) 07/18 01:55:08 Image size of job updated: 1609504
	1021  -  MemoryUsage of job (MB)
	1045168  -  ResidentSetSize of job (KB)
...
006 (5415475.001.000) 07/18 02:40:12 Image size of job updated: 1609504
	1021  -  MemoryUsage of job (MB)
	1045180  -  ResidentSetSize of job (KB)
...
006 (5415475.001.000) 07/18 03:20:16 Image size of job updated: 1609504
	1021  -  MemoryUsage of job (MB)
	1045192  -  ResidentSetSize of job (KB)
...
006 (5415475.001.000) 07/18 04:05:20 Image size of job updated: 1609504
	1021  -  MemoryUsage of job (MB)
	1045204  -  ResidentSetSize of job (KB)
...
006 (5415475.001.000) 07/18 04:45:24 Image size of job updated: 1609504
	1021  -  MemoryUsage of job (MB)
	1045216  -  ResidentSetSize of job (KB)
...
006 (5415475.001.000) 07/18 05:30:28 Image size of job updated: 1609504
	1021  -  MemoryUsage of job (MB)
	1045228  -  ResidentSetSize of job (KB)
...
006 (5415475.001.000) 07/18 06:10:31 Image size of job updated: 1609504
	1021  -  MemoryUsage of job (MB)
	1045240  -  ResidentSetSize of job (KB)
...
006 (5415475.001.000) 07/18 06:50:35 Image size of job updated: 1609504
	1021  -  MemoryUsage of job (MB)
	1045244  -  ResidentSetSize of job (KB)
...
006 (5415475.001.000) 07/18 06:55:36 Image size of job updated: 1609504
	1021  -  MemoryUsage of job (MB)
	1045252  -  ResidentSetSize of job (KB)
...
006 (5415475.001.000) 07/18 07:35:39 Image size of job updated: 1609504
	1021  -  MemoryUsage of job (MB)
	1045264  -  ResidentSetSize of job (KB)
...
006 (5415475.001.000) 07/18 08:15:45 Image size of job updated: 1609504
	1021  -  MemoryUsage of job (MB)
	1045276  -  ResidentSetSize of job (KB)
...
006 (5415475.001.000) 07/18 08:55:49 Image size of job updated: 1609504
	1021  -  MemoryUsage of job (MB)
	1045288  -  ResidentSetSize of job (KB)
...
006 (5415475.001.000) 07/18 09:40:54 Image size of job updated: 1609504
	1021  -  MemoryUsage of job (MB)
	1045300  -  ResidentSetSize of job (KB)
...
006 (5415475.001.000) 07/18 10:20:58 Image size of job updated: 1609504
	1021  -  MemoryUsage of job (MB)
	1045304  -  ResidentSetSize of job (KB)
...
006 (5415475.001.000) 07/18 10:25:59 Image size of job updated: 1609504
	1021  -  MemoryUsage of job (MB)
	1045312  -  ResidentSetSize of job (KB)
...
006 (5415475.001.000) 07/18 11:06:04 Image size of job updated: 1609504
	1021  -  MemoryUsage of job (MB)
	1045324  -  ResidentSetSize of job (KB)
...
006 (5415475.001.000) 07/18 11:51:08 Image size of job updated: 1609504
	1021  -  MemoryUsage of job (MB)
	1045336  -  ResidentSetSize of job (KB)
...
006 (5415475.001.000) 07/18 12:36:12 Image size of job updated: 1609504
	1021  -  MemoryUsage of job (MB)
	1045348  -  ResidentSetSize of job (KB)
...
006 (5415475.001.000) 07/18 13:16:16 Image size of job updated: 1609504
	1021  -  MemoryUsage of job (MB)
	1045360  -  ResidentSetSize of job (KB)
...
006 (5415475.001.000) 07/18 14:01:20 Image size of job updated: 1609504
	1021  -  MemoryUsage of job (MB)
	1045372  -  ResidentSetSize of job (KB)
...
006 (5415475.001.000) 07/18 14:46:25 Image size of job updated: 1609504
	1021  -  MemoryUsage of job (MB)
	1045384  -  ResidentSetSize of job (KB)
...
006 (5415475.001.000) 07/18 15:31:29 Image size of job updated: 1609504
	1021  -  MemoryUsage of job (MB)
	1045396  -  ResidentSetSize of job (KB)
...
006 (5415475.001.000) 07/18 16:16:36 Image size of job updated: 1609504
	1021  -  MemoryUsage of job (MB)
	1045408  -  ResidentSetSize of job (KB)
...
006 (5415475.001.000) 07/18 17:01:41 Image size of job updated: 1609504
	1021  -  MemoryUsage of job (MB)
	1045420  -  ResidentSetSize of job (KB)
...
006 (5415475.001.000) 07/18 17:46:46 Image size of job updated: 1609504
	1021  -  MemoryUsage of job (MB)
	1045432  -  ResidentSetSize of job (KB)
...
006 (5415475.001.000) 07/18 18:26:50 Image size of job updated: 1609504
	1021  -  MemoryUsage of job (MB)
	1045444  -  ResidentSetSize of job (KB)
...
006 (5415475.001.000) 07/18 19:06:54 Image size of job updated: 1609504
	1021  -  MemoryUsage of job (MB)
	1045452  -  ResidentSetSize of job (KB)
...
006 (5415475.001.000) 07/18 19:11:54 Image size of job updated: 1609504
	1021  -  MemoryUsage of job (MB)
	1045456  -  ResidentSetSize of job (KB)
...
006 (5415475.001.000) 07/18 19:51:58 Image size of job updated: 1609504
	1021  -  MemoryUsage of job (MB)
	1045468  -  ResidentSetSize of job (KB)
...
006 (5415475.001.000) 07/18 20:32:00 Image size of job updated: 1609504
	1021  -  MemoryUsage of job (MB)
	1045480  -  ResidentSetSize of job (KB)
...
006 (5415475.001.000) 07/18 21:12:05 Image size of job updated: 1609504
	1021  -  MemoryUsage of job (MB)
	1045492  -  ResidentSetSize of job (KB)
...
006 (5415475.001.000) 07/18 21:52:09 Image size of job updated: 1609504
	1021  -  MemoryUsage of job (MB)
	1045504  -  ResidentSetSize of job (KB)
...
006 (5415475.001.000) 07/18 22:27:10 Image size of job updated: 1609504
	1022  -  MemoryUsage of job (MB)
	1045516  -  ResidentSetSize of job (KB)
...
006 (5415475.001.000) 07/18 23:07:14 Image size of job updated: 1609504
	1022  -  MemoryUsage of job (MB)
	1045528  -  ResidentSetSize of job (KB)
...
006 (5415475.001.000) 07/18 23:47:18 Image size of job updated: 1609504
	1022  -  MemoryUsage of job (MB)
	1045540  -  ResidentSetSize of job (KB)
...
006 (5415475.001.000) 07/19 00:27:21 Image size of job updated: 1609504
	1022  -  MemoryUsage of job (MB)
	1045552  -  ResidentSetSize of job (KB)
...
006 (5415475.001.000) 07/19 01:12:26 Image size of job updated: 1609504
	1022  -  MemoryUsage of job (MB)
	1045564  -  ResidentSetSize of job (KB)
...
006 (5415475.001.000) 07/19 01:57:33 Image size of job updated: 1609504
	1022  -  MemoryUsage of job (MB)
	1045576  -  ResidentSetSize of job (KB)
...
006 (5415475.001.000) 07/19 02:37:39 Image size of job updated: 1609504
	1022  -  MemoryUsage of job (MB)
	1045588  -  ResidentSetSize of job (KB)
...
006 (5415475.001.000) 07/19 03:17:42 Image size of job updated: 1609504
	1022  -  MemoryUsage of job (MB)
	1045600  -  ResidentSetSize of job (KB)
...
006 (5415475.001.000) 07/19 03:57:45 Image size of job updated: 1609504
	1022  -  MemoryUsage of job (MB)
	1045612  -  ResidentSetSize of job (KB)
...
006 (5415475.001.000) 07/19 04:37:49 Image size of job updated: 1613600
	1024  -  MemoryUsage of job (MB)
	1047668  -  ResidentSetSize of job (KB)
...
006 (5415475.001.000) 07/19 05:12:52 Image size of job updated: 1613600
	1024  -  MemoryUsage of job (MB)
	1047676  -  ResidentSetSize of job (KB)
...
006 (5415475.001.000) 07/19 05:57:57 Image size of job updated: 1613600
	1024  -  MemoryUsage of job (MB)
	1047684  -  ResidentSetSize of job (KB)
...
006 (5415475.001.000) 07/19 06:37:59 Image size of job updated: 1613600
	1024  -  MemoryUsage of job (MB)
	1047692  -  ResidentSetSize of job (KB)
...
006 (5415475.001.000) 07/19 07:18:04 Image size of job updated: 1613600
	1024  -  MemoryUsage of job (MB)
	1047700  -  ResidentSetSize of job (KB)
...
006 (5415475.001.000) 07/19 07:58:09 Image size of job updated: 1613600
	1024  -  MemoryUsage of job (MB)
	1047708  -  ResidentSetSize of job (KB)
...
006 (5415475.001.000) 07/19 08:43:14 Image size of job updated: 1613600
	1024  -  MemoryUsage of job (MB)
	1047716  -  ResidentSetSize of job (KB)
...
006 (5415475.001.000) 07/19 09:23:19 Image size of job updated: 1613600
	1024  -  MemoryUsage of job (MB)
	1047724  -  ResidentSetSize of job (KB)
...
006 (5415475.001.000) 07/19 10:03:26 Image size of job updated: 1613600
	1024  -  MemoryUsage of job (MB)
	1047732  -  ResidentSetSize of job (KB)
...
006 (5415475.001.000) 07/19 10:43:31 Image size of job updated: 1613600
	1024  -  MemoryUsage of job (MB)
	1047740  -  ResidentSetSize of job (KB)
...
006 (5415475.001.000) 07/19 11:23:34 Image size of job updated: 1613600
	1024  -  MemoryUsage of job (MB)
	1047748  -  ResidentSetSize of job (KB)
...
006 (5415475.001.000) 07/19 12:03:40 Image size of job updated: 1613600
	1024  -  MemoryUsage of job (MB)
	1047756  -  ResidentSetSize of job (KB)
...
006 (5415475.001.000) 07/19 12:43:43 Image size of job updated: 1613600
	1024  -  MemoryUsage of job (MB)
	1047764  -  ResidentSetSize of job (KB)
...
040 (5415475.001.000) 07/19 13:01:08 Started transferring output files
...
040 (5415475.001.000) 07/19 13:01:08 Finished transferring output files
...
004 (5415475.001.000) 07/19 13:01:08 Job was evicted.
	(0) CPU times
		Usr 20 06:44:19, Sys 0 00:05:23  -  Run Remote Usage
		Usr 0 00:00:00, Sys 0 00:00:00  -  Run Local Usage
	96432  -  Run Bytes Sent By Job
	803  -  Run Bytes Received By Job
	Partitionable Resources :    Usage  Request Allocated 
	   Cpus                 :     2.76        4         4 
	   Disk (KB)            :   121    10485760  10698734 
	   Memory (MB)          :  1024        8000      8000 
...
