000 (5415475.027.000) 07/11 14:13:56 Job submitted from host: <137.138.156.150:9618?addrs=137.138.156.150-9618+[2001-1458-d00-14--9a]-9618&alias=bigbird13.cern.ch&noUDP&sock=schedd_1788_ff6c>
...
040 (5415475.027.000) 07/12 09:17:26 Started transferring input files
	Transferring to host: <188.184.198.201:9618?addrs=188.184.198.201-9618+[2001-1458-301-c1--100-1d7]-9618&alias=b7g52n6747.cern.ch&noUDP&sock=slot1_6_12862_3144_116602>
...
040 (5415475.027.000) 07/12 09:17:26 Finished transferring input files
...
001 (5415475.027.000) 07/12 09:17:27 Job executing on host: <188.184.198.201:9618?addrs=188.184.198.201-9618+[2001-1458-301-c1--100-1d7]-9618&alias=b7g52n6747.cern.ch&noUDP&sock=startd_20038_fad3>
...
006 (5415475.027.000) 07/12 09:17:36 Image size of job updated: 126576
	65  -  MemoryUsage of job (MB)
	65568  -  ResidentSetSize of job (KB)
...
006 (5415475.027.000) 07/12 09:22:36 Image size of job updated: 1591040
	1004  -  MemoryUsage of job (MB)
	1027496  -  ResidentSetSize of job (KB)
...
006 (5415475.027.000) 07/14 14:18:08 Image size of job updated: 1592024
	1005  -  MemoryUsage of job (MB)
	1028404  -  ResidentSetSize of job (KB)
...
006 (5415475.027.000) 07/14 15:23:14 Image size of job updated: 1592928
	1006  -  MemoryUsage of job (MB)
	1029308  -  ResidentSetSize of job (KB)
...
006 (5415475.027.000) 07/14 16:18:21 Image size of job updated: 1593836
	1007  -  MemoryUsage of job (MB)
	1030216  -  ResidentSetSize of job (KB)
...
006 (5415475.027.000) 07/14 17:13:25 Image size of job updated: 1594740
	1007  -  MemoryUsage of job (MB)
	1031120  -  ResidentSetSize of job (KB)
...
006 (5415475.027.000) 07/14 18:03:28 Image size of job updated: 1595644
	1008  -  MemoryUsage of job (MB)
	1032024  -  ResidentSetSize of job (KB)
...
006 (5415475.027.000) 07/14 18:53:33 Image size of job updated: 1596552
	1009  -  MemoryUsage of job (MB)
	1032932  -  ResidentSetSize of job (KB)
...
006 (5415475.027.000) 07/14 19:48:38 Image size of job updated: 1597456
	1010  -  MemoryUsage of job (MB)
	1033836  -  ResidentSetSize of job (KB)
...
006 (5415475.027.000) 07/14 20:43:43 Image size of job updated: 1598364
	1011  -  MemoryUsage of job (MB)
	1034744  -  ResidentSetSize of job (KB)
...
006 (5415475.027.000) 07/14 21:44:25 Image size of job updated: 1599268
	1012  -  MemoryUsage of job (MB)
	1035648  -  ResidentSetSize of job (KB)
...
006 (5415475.027.000) 07/14 22:39:31 Image size of job updated: 1600176
	1013  -  MemoryUsage of job (MB)
	1036556  -  ResidentSetSize of job (KB)
...
006 (5415475.027.000) 07/14 23:39:35 Image size of job updated: 1601080
	1014  -  MemoryUsage of job (MB)
	1037460  -  ResidentSetSize of job (KB)
...
006 (5415475.027.000) 07/15 00:44:41 Image size of job updated: 1601984
	1015  -  MemoryUsage of job (MB)
	1038364  -  ResidentSetSize of job (KB)
...
006 (5415475.027.000) 07/15 01:44:48 Image size of job updated: 1602892
	1015  -  MemoryUsage of job (MB)
	1039272  -  ResidentSetSize of job (KB)
...
006 (5415475.027.000) 07/15 02:44:57 Image size of job updated: 1603796
	1016  -  MemoryUsage of job (MB)
	1040176  -  ResidentSetSize of job (KB)
...
006 (5415475.027.000) 07/15 03:50:04 Image size of job updated: 1604704
	1017  -  MemoryUsage of job (MB)
	1041084  -  ResidentSetSize of job (KB)
...
006 (5415475.027.000) 07/15 04:55:11 Image size of job updated: 1605608
	1018  -  MemoryUsage of job (MB)
	1041988  -  ResidentSetSize of job (KB)
...
006 (5415475.027.000) 07/15 06:05:20 Image size of job updated: 1606512
	1019  -  MemoryUsage of job (MB)
	1042892  -  ResidentSetSize of job (KB)
...
006 (5415475.027.000) 07/15 07:10:27 Image size of job updated: 1607420
	1020  -  MemoryUsage of job (MB)
	1043800  -  ResidentSetSize of job (KB)
...
006 (5415475.027.000) 07/15 08:20:36 Image size of job updated: 1608324
	1021  -  MemoryUsage of job (MB)
	1044704  -  ResidentSetSize of job (KB)
...
006 (5415475.027.000) 07/15 09:20:41 Image size of job updated: 1609232
	1022  -  MemoryUsage of job (MB)
	1045612  -  ResidentSetSize of job (KB)
...
006 (5415475.027.000) 07/15 10:15:48 Image size of job updated: 1610136
	1022  -  MemoryUsage of job (MB)
	1046516  -  ResidentSetSize of job (KB)
...
006 (5415475.027.000) 07/15 10:40:50 Image size of job updated: 1613208
	1024  -  MemoryUsage of job (MB)
	1048064  -  ResidentSetSize of job (KB)
...
006 (5415475.027.000) 07/15 10:55:51 Image size of job updated: 1613208
	1024  -  MemoryUsage of job (MB)
	1048076  -  ResidentSetSize of job (KB)
...
006 (5415475.027.000) 07/15 11:20:55 Image size of job updated: 1613208
	1024  -  MemoryUsage of job (MB)
	1048088  -  ResidentSetSize of job (KB)
...
006 (5415475.027.000) 07/15 11:45:57 Image size of job updated: 1613208
	1024  -  MemoryUsage of job (MB)
	1048100  -  ResidentSetSize of job (KB)
...
006 (5415475.027.000) 07/15 11:55:58 Image size of job updated: 1614112
	1025  -  MemoryUsage of job (MB)
	1049004  -  ResidentSetSize of job (KB)
...
006 (5415475.027.000) 07/15 12:10:59 Image size of job updated: 1614112
	1025  -  MemoryUsage of job (MB)
	1049016  -  ResidentSetSize of job (KB)
...
006 (5415475.027.000) 07/15 12:41:02 Image size of job updated: 1614112
	1025  -  MemoryUsage of job (MB)
	1049028  -  ResidentSetSize of job (KB)
...
006 (5415475.027.000) 07/15 12:46:02 Image size of job updated: 1615020
	1026  -  MemoryUsage of job (MB)
	1049936  -  ResidentSetSize of job (KB)
...
006 (5415475.027.000) 07/15 13:06:06 Image size of job updated: 1615020
	1026  -  MemoryUsage of job (MB)
	1049948  -  ResidentSetSize of job (KB)
...
006 (5415475.027.000) 07/15 13:31:08 Image size of job updated: 1615924
	1027  -  MemoryUsage of job (MB)
	1050864  -  ResidentSetSize of job (KB)
...
006 (5415475.027.000) 07/15 13:56:11 Image size of job updated: 1615924
	1027  -  MemoryUsage of job (MB)
	1050876  -  ResidentSetSize of job (KB)
...
006 (5415475.027.000) 07/15 14:21:13 Image size of job updated: 1616832
	1028  -  MemoryUsage of job (MB)
	1051796  -  ResidentSetSize of job (KB)
...
006 (5415475.027.000) 07/15 14:51:14 Image size of job updated: 1616832
	1028  -  MemoryUsage of job (MB)
	1051808  -  ResidentSetSize of job (KB)
...
006 (5415475.027.000) 07/15 15:16:15 Image size of job updated: 1617736
	1029  -  MemoryUsage of job (MB)
	1052724  -  ResidentSetSize of job (KB)
...
006 (5415475.027.000) 07/15 15:46:17 Image size of job updated: 1617736
	1029  -  MemoryUsage of job (MB)
	1052736  -  ResidentSetSize of job (KB)
...
006 (5415475.027.000) 07/15 16:06:19 Image size of job updated: 1618640
	1029  -  MemoryUsage of job (MB)
	1053640  -  ResidentSetSize of job (KB)
...
006 (5415475.027.000) 07/15 16:11:19 Image size of job updated: 1618640
	1029  -  MemoryUsage of job (MB)
	1053652  -  ResidentSetSize of job (KB)
...
006 (5415475.027.000) 07/15 16:36:23 Image size of job updated: 1618640
	1029  -  MemoryUsage of job (MB)
	1053664  -  ResidentSetSize of job (KB)
...
006 (5415475.027.000) 07/15 16:56:25 Image size of job updated: 1619548
	1030  -  MemoryUsage of job (MB)
	1054572  -  ResidentSetSize of job (KB)
...
006 (5415475.027.000) 07/15 17:06:25 Image size of job updated: 1619548
	1030  -  MemoryUsage of job (MB)
	1054584  -  ResidentSetSize of job (KB)
...
006 (5415475.027.000) 07/15 17:31:27 Image size of job updated: 1619548
	1030  -  MemoryUsage of job (MB)
	1054596  -  ResidentSetSize of job (KB)
...
006 (5415475.027.000) 07/15 17:46:29 Image size of job updated: 1620452
	1031  -  MemoryUsage of job (MB)
	1055500  -  ResidentSetSize of job (KB)
...
006 (5415475.027.000) 07/15 18:06:30 Image size of job updated: 1620452
	1031  -  MemoryUsage of job (MB)
	1055512  -  ResidentSetSize of job (KB)
...
006 (5415475.027.000) 07/15 18:36:33 Image size of job updated: 1620452
	1031  -  MemoryUsage of job (MB)
	1055524  -  ResidentSetSize of job (KB)
...
006 (5415475.027.000) 07/15 18:51:35 Image size of job updated: 1621360
	1032  -  MemoryUsage of job (MB)
	1056432  -  ResidentSetSize of job (KB)
...
006 (5415475.027.000) 07/15 19:11:36 Image size of job updated: 1621360
	1032  -  MemoryUsage of job (MB)
	1056444  -  ResidentSetSize of job (KB)
...
006 (5415475.027.000) 07/15 19:46:39 Image size of job updated: 1621360
	1032  -  MemoryUsage of job (MB)
	1056456  -  ResidentSetSize of job (KB)
...
006 (5415475.027.000) 07/15 19:56:40 Image size of job updated: 1622264
	1033  -  MemoryUsage of job (MB)
	1057360  -  ResidentSetSize of job (KB)
...
006 (5415475.027.000) 07/15 20:21:44 Image size of job updated: 1622264
	1033  -  MemoryUsage of job (MB)
	1057372  -  ResidentSetSize of job (KB)
...
006 (5415475.027.000) 07/15 20:51:45 Image size of job updated: 1622264
	1033  -  MemoryUsage of job (MB)
	1057384  -  ResidentSetSize of job (KB)
...
006 (5415475.027.000) 07/15 21:01:46 Image size of job updated: 1623172
	1034  -  MemoryUsage of job (MB)
	1058292  -  ResidentSetSize of job (KB)
...
006 (5415475.027.000) 07/15 21:26:49 Image size of job updated: 1623172
	1034  -  MemoryUsage of job (MB)
	1058304  -  ResidentSetSize of job (KB)
...
006 (5415475.027.000) 07/15 22:01:50 Image size of job updated: 1624076
	1035  -  MemoryUsage of job (MB)
	1059220  -  ResidentSetSize of job (KB)
...
006 (5415475.027.000) 07/15 22:36:55 Image size of job updated: 1624076
	1035  -  MemoryUsage of job (MB)
	1059232  -  ResidentSetSize of job (KB)
...
006 (5415475.027.000) 07/15 23:11:59 Image size of job updated: 1624980
	1036  -  MemoryUsage of job (MB)
	1060148  -  ResidentSetSize of job (KB)
...
006 (5415475.027.000) 07/15 23:52:04 Image size of job updated: 1624980
	1036  -  MemoryUsage of job (MB)
	1060160  -  ResidentSetSize of job (KB)
...
006 (5415475.027.000) 07/16 00:22:06 Image size of job updated: 1625888
	1037  -  MemoryUsage of job (MB)
	1061068  -  ResidentSetSize of job (KB)
...
006 (5415475.027.000) 07/16 00:27:07 Image size of job updated: 1625888
	1037  -  MemoryUsage of job (MB)
	1061080  -  ResidentSetSize of job (KB)
...
006 (5415475.027.000) 07/16 01:07:09 Image size of job updated: 1625888
	1037  -  MemoryUsage of job (MB)
	1061092  -  ResidentSetSize of job (KB)
...
006 (5415475.027.000) 07/16 01:32:13 Image size of job updated: 1626792
	1038  -  MemoryUsage of job (MB)
	1061996  -  ResidentSetSize of job (KB)
...
006 (5415475.027.000) 07/16 01:42:13 Image size of job updated: 1626792
	1038  -  MemoryUsage of job (MB)
	1062008  -  ResidentSetSize of job (KB)
...
006 (5415475.027.000) 07/16 02:17:18 Image size of job updated: 1626792
	1038  -  MemoryUsage of job (MB)
	1062020  -  ResidentSetSize of job (KB)
...
006 (5415475.027.000) 07/16 02:37:20 Image size of job updated: 1627700
	1039  -  MemoryUsage of job (MB)
	1062928  -  ResidentSetSize of job (KB)
...
006 (5415475.027.000) 07/16 02:52:21 Image size of job updated: 1627700
	1039  -  MemoryUsage of job (MB)
	1062940  -  ResidentSetSize of job (KB)
...
006 (5415475.027.000) 07/16 03:32:25 Image size of job updated: 1627700
	1039  -  MemoryUsage of job (MB)
	1062952  -  ResidentSetSize of job (KB)
...
006 (5415475.027.000) 07/16 03:47:27 Image size of job updated: 1628604
	1039  -  MemoryUsage of job (MB)
	1063856  -  ResidentSetSize of job (KB)
...
006 (5415475.027.000) 07/16 04:02:30 Image size of job updated: 1628604
	1039  -  MemoryUsage of job (MB)
	1063868  -  ResidentSetSize of job (KB)
...
006 (5415475.027.000) 07/16 04:42:35 Image size of job updated: 1628604
	1039  -  MemoryUsage of job (MB)
	1063880  -  ResidentSetSize of job (KB)
...
006 (5415475.027.000) 07/16 04:52:36 Image size of job updated: 1629508
	1040  -  MemoryUsage of job (MB)
	1064784  -  ResidentSetSize of job (KB)
...
006 (5415475.027.000) 07/16 05:12:37 Image size of job updated: 1629508
	1040  -  MemoryUsage of job (MB)
	1064792  -  ResidentSetSize of job (KB)
...
006 (5415475.027.000) 07/16 05:17:37 Image size of job updated: 1629508
	1040  -  MemoryUsage of job (MB)
	1064796  -  ResidentSetSize of job (KB)
...
006 (5415475.027.000) 07/16 05:52:41 Image size of job updated: 1629508
	1040  -  MemoryUsage of job (MB)
	1064808  -  ResidentSetSize of job (KB)
...
006 (5415475.027.000) 07/16 06:02:42 Image size of job updated: 1634036
	1045  -  MemoryUsage of job (MB)
	1069336  -  ResidentSetSize of job (KB)
...
006 (5415475.027.000) 07/16 06:32:45 Image size of job updated: 1634036
	1045  -  MemoryUsage of job (MB)
	1069348  -  ResidentSetSize of job (KB)
...
006 (5415475.027.000) 07/16 07:12:48 Image size of job updated: 1634036
	1045  -  MemoryUsage of job (MB)
	1069360  -  ResidentSetSize of job (KB)
...
006 (5415475.027.000) 07/16 07:52:53 Image size of job updated: 1634036
	1045  -  MemoryUsage of job (MB)
	1069372  -  ResidentSetSize of job (KB)
...
006 (5415475.027.000) 07/16 08:27:56 Image size of job updated: 1634036
	1045  -  MemoryUsage of job (MB)
	1069380  -  ResidentSetSize of job (KB)
...
006 (5415475.027.000) 07/16 08:32:56 Image size of job updated: 1634036
	1045  -  MemoryUsage of job (MB)
	1069384  -  ResidentSetSize of job (KB)
...
006 (5415475.027.000) 07/16 09:08:01 Image size of job updated: 1634036
	1045  -  MemoryUsage of job (MB)
	1069396  -  ResidentSetSize of job (KB)
...
006 (5415475.027.000) 07/16 09:38:03 Image size of job updated: 1634036
	1045  -  MemoryUsage of job (MB)
	1069404  -  ResidentSetSize of job (KB)
...
006 (5415475.027.000) 07/16 09:43:04 Image size of job updated: 1634036
	1045  -  MemoryUsage of job (MB)
	1069408  -  ResidentSetSize of job (KB)
...
006 (5415475.027.000) 07/16 10:13:06 Image size of job updated: 1634036
	1045  -  MemoryUsage of job (MB)
	1069420  -  ResidentSetSize of job (KB)
...
006 (5415475.027.000) 07/16 10:48:09 Image size of job updated: 1634036
	1045  -  MemoryUsage of job (MB)
	1069432  -  ResidentSetSize of job (KB)
...
006 (5415475.027.000) 07/16 11:18:14 Image size of job updated: 1634036
	1045  -  MemoryUsage of job (MB)
	1069444  -  ResidentSetSize of job (KB)
...
006 (5415475.027.000) 07/16 11:53:17 Image size of job updated: 1634036
	1045  -  MemoryUsage of job (MB)
	1069456  -  ResidentSetSize of job (KB)
...
006 (5415475.027.000) 07/16 12:23:22 Image size of job updated: 1634036
	1045  -  MemoryUsage of job (MB)
	1069468  -  ResidentSetSize of job (KB)
...
006 (5415475.027.000) 07/16 12:48:25 Image size of job updated: 1634036
	1045  -  MemoryUsage of job (MB)
	1069480  -  ResidentSetSize of job (KB)
...
006 (5415475.027.000) 07/16 13:18:26 Image size of job updated: 1634036
	1045  -  MemoryUsage of job (MB)
	1069492  -  ResidentSetSize of job (KB)
...
006 (5415475.027.000) 07/16 13:53:29 Image size of job updated: 1634036
	1045  -  MemoryUsage of job (MB)
	1069504  -  ResidentSetSize of job (KB)
...
006 (5415475.027.000) 07/16 14:33:35 Image size of job updated: 1634036
	1045  -  MemoryUsage of job (MB)
	1069516  -  ResidentSetSize of job (KB)
...
006 (5415475.027.000) 07/16 15:08:39 Image size of job updated: 1634036
	1045  -  MemoryUsage of job (MB)
	1069528  -  ResidentSetSize of job (KB)
...
006 (5415475.027.000) 07/16 15:43:41 Image size of job updated: 1634036
	1045  -  MemoryUsage of job (MB)
	1069540  -  ResidentSetSize of job (KB)
...
006 (5415475.027.000) 07/16 16:23:45 Image size of job updated: 1634036
	1045  -  MemoryUsage of job (MB)
	1069552  -  ResidentSetSize of job (KB)
...
006 (5415475.027.000) 07/16 16:58:49 Image size of job updated: 1634036
	1045  -  MemoryUsage of job (MB)
	1069564  -  ResidentSetSize of job (KB)
...
006 (5415475.027.000) 07/16 17:33:54 Image size of job updated: 1634036
	1045  -  MemoryUsage of job (MB)
	1069576  -  ResidentSetSize of job (KB)
...
006 (5415475.027.000) 07/16 18:03:56 Image size of job updated: 1634036
	1045  -  MemoryUsage of job (MB)
	1069584  -  ResidentSetSize of job (KB)
...
006 (5415475.027.000) 07/16 18:08:57 Image size of job updated: 1634036
	1045  -  MemoryUsage of job (MB)
	1069588  -  ResidentSetSize of job (KB)
...
006 (5415475.027.000) 07/16 18:44:02 Image size of job updated: 1634036
	1045  -  MemoryUsage of job (MB)
	1069600  -  ResidentSetSize of job (KB)
...
006 (5415475.027.000) 07/16 19:14:05 Image size of job updated: 1634036
	1045  -  MemoryUsage of job (MB)
	1069612  -  ResidentSetSize of job (KB)
...
006 (5415475.027.000) 07/16 19:49:09 Image size of job updated: 1634036
	1045  -  MemoryUsage of job (MB)
	1069624  -  ResidentSetSize of job (KB)
...
006 (5415475.027.000) 07/16 20:29:16 Image size of job updated: 1634036
	1045  -  MemoryUsage of job (MB)
	1069636  -  ResidentSetSize of job (KB)
...
006 (5415475.027.000) 07/16 20:59:19 Image size of job updated: 1634036
	1045  -  MemoryUsage of job (MB)
	1069648  -  ResidentSetSize of job (KB)
...
006 (5415475.027.000) 07/16 21:34:26 Image size of job updated: 1634036
	1045  -  MemoryUsage of job (MB)
	1069660  -  ResidentSetSize of job (KB)
...
006 (5415475.027.000) 07/16 22:09:30 Image size of job updated: 1634036
	1045  -  MemoryUsage of job (MB)
	1069672  -  ResidentSetSize of job (KB)
...
006 (5415475.027.000) 07/16 22:49:33 Image size of job updated: 1634036
	1045  -  MemoryUsage of job (MB)
	1069684  -  ResidentSetSize of job (KB)
...
006 (5415475.027.000) 07/16 23:24:37 Image size of job updated: 1634036
	1045  -  MemoryUsage of job (MB)
	1069696  -  ResidentSetSize of job (KB)
...
006 (5415475.027.000) 07/17 00:04:40 Image size of job updated: 1634036
	1045  -  MemoryUsage of job (MB)
	1069708  -  ResidentSetSize of job (KB)
...
006 (5415475.027.000) 07/17 00:39:44 Image size of job updated: 1634036
	1045  -  MemoryUsage of job (MB)
	1069720  -  ResidentSetSize of job (KB)
...
006 (5415475.027.000) 07/17 01:14:48 Image size of job updated: 1634036
	1045  -  MemoryUsage of job (MB)
	1069728  -  ResidentSetSize of job (KB)
...
006 (5415475.027.000) 07/17 01:19:48 Image size of job updated: 1634036
	1045  -  MemoryUsage of job (MB)
	1069732  -  ResidentSetSize of job (KB)
...
006 (5415475.027.000) 07/17 01:54:52 Image size of job updated: 1634036
	1045  -  MemoryUsage of job (MB)
	1069744  -  ResidentSetSize of job (KB)
...
006 (5415475.027.000) 07/17 02:29:54 Image size of job updated: 1634036
	1045  -  MemoryUsage of job (MB)
	1069756  -  ResidentSetSize of job (KB)
...
006 (5415475.027.000) 07/17 03:04:57 Image size of job updated: 1634036
	1045  -  MemoryUsage of job (MB)
	1069768  -  ResidentSetSize of job (KB)
...
006 (5415475.027.000) 07/17 03:30:01 Image size of job updated: 1634036
	1045  -  MemoryUsage of job (MB)
	1069780  -  ResidentSetSize of job (KB)
...
006 (5415475.027.000) 07/17 04:05:03 Image size of job updated: 1634036
	1045  -  MemoryUsage of job (MB)
	1069792  -  ResidentSetSize of job (KB)
...
006 (5415475.027.000) 07/17 04:40:08 Image size of job updated: 1634036
	1045  -  MemoryUsage of job (MB)
	1069804  -  ResidentSetSize of job (KB)
...
006 (5415475.027.000) 07/17 05:10:11 Image size of job updated: 1634036
	1045  -  MemoryUsage of job (MB)
	1069816  -  ResidentSetSize of job (KB)
...
006 (5415475.027.000) 07/17 05:45:14 Image size of job updated: 1634036
	1045  -  MemoryUsage of job (MB)
	1069828  -  ResidentSetSize of job (KB)
...
006 (5415475.027.000) 07/17 06:15:17 Image size of job updated: 1634036
	1045  -  MemoryUsage of job (MB)
	1069832  -  ResidentSetSize of job (KB)
...
006 (5415475.027.000) 07/17 06:20:18 Image size of job updated: 1634036
	1045  -  MemoryUsage of job (MB)
	1069840  -  ResidentSetSize of job (KB)
...
006 (5415475.027.000) 07/17 06:50:21 Image size of job updated: 1634036
	1045  -  MemoryUsage of job (MB)
	1069852  -  ResidentSetSize of job (KB)
...
006 (5415475.027.000) 07/17 07:25:24 Image size of job updated: 1634036
	1045  -  MemoryUsage of job (MB)
	1069864  -  ResidentSetSize of job (KB)
...
006 (5415475.027.000) 07/17 08:05:28 Image size of job updated: 1634036
	1045  -  MemoryUsage of job (MB)
	1069876  -  ResidentSetSize of job (KB)
...
006 (5415475.027.000) 07/17 08:40:32 Image size of job updated: 1634036
	1045  -  MemoryUsage of job (MB)
	1069888  -  ResidentSetSize of job (KB)
...
006 (5415475.027.000) 07/17 09:15:37 Image size of job updated: 1634036
	1045  -  MemoryUsage of job (MB)
	1069900  -  ResidentSetSize of job (KB)
...
006 (5415475.027.000) 07/17 09:55:40 Image size of job updated: 1634036
	1045  -  MemoryUsage of job (MB)
	1069912  -  ResidentSetSize of job (KB)
...
006 (5415475.027.000) 07/17 10:30:44 Image size of job updated: 1634036
	1045  -  MemoryUsage of job (MB)
	1069924  -  ResidentSetSize of job (KB)
...
006 (5415475.027.000) 07/17 11:10:46 Image size of job updated: 1634036
	1045  -  MemoryUsage of job (MB)
	1069936  -  ResidentSetSize of job (KB)
...
006 (5415475.027.000) 07/17 11:45:49 Image size of job updated: 1634036
	1045  -  MemoryUsage of job (MB)
	1069948  -  ResidentSetSize of job (KB)
...
006 (5415475.027.000) 07/17 12:15:51 Image size of job updated: 1634036
	1045  -  MemoryUsage of job (MB)
	1069960  -  ResidentSetSize of job (KB)
...
006 (5415475.027.000) 07/17 12:55:54 Image size of job updated: 1634036
	1045  -  MemoryUsage of job (MB)
	1069972  -  ResidentSetSize of job (KB)
...
006 (5415475.027.000) 07/17 13:30:56 Image size of job updated: 1634036
	1045  -  MemoryUsage of job (MB)
	1069984  -  ResidentSetSize of job (KB)
...
006 (5415475.027.000) 07/17 14:11:02 Image size of job updated: 1634036
	1045  -  MemoryUsage of job (MB)
	1069996  -  ResidentSetSize of job (KB)
...
006 (5415475.027.000) 07/17 14:51:06 Image size of job updated: 1634036
	1045  -  MemoryUsage of job (MB)
	1070008  -  ResidentSetSize of job (KB)
...
006 (5415475.027.000) 07/17 15:26:09 Image size of job updated: 1634036
	1045  -  MemoryUsage of job (MB)
	1070012  -  ResidentSetSize of job (KB)
...
006 (5415475.027.000) 07/17 15:31:10 Image size of job updated: 1634036
	1045  -  MemoryUsage of job (MB)
	1070020  -  ResidentSetSize of job (KB)
...
006 (5415475.027.000) 07/17 16:06:14 Image size of job updated: 1634036
	1045  -  MemoryUsage of job (MB)
	1070032  -  ResidentSetSize of job (KB)
...
006 (5415475.027.000) 07/17 16:46:18 Image size of job updated: 1634036
	1045  -  MemoryUsage of job (MB)
	1070044  -  ResidentSetSize of job (KB)
...
006 (5415475.027.000) 07/17 17:26:23 Image size of job updated: 1634036
	1045  -  MemoryUsage of job (MB)
	1070056  -  ResidentSetSize of job (KB)
...
006 (5415475.027.000) 07/17 18:01:26 Image size of job updated: 1634036
	1045  -  MemoryUsage of job (MB)
	1070068  -  ResidentSetSize of job (KB)
...
006 (5415475.027.000) 07/17 18:41:31 Image size of job updated: 1634036
	1045  -  MemoryUsage of job (MB)
	1070080  -  ResidentSetSize of job (KB)
...
006 (5415475.027.000) 07/17 19:21:35 Image size of job updated: 1634036
	1046  -  MemoryUsage of job (MB)
	1070092  -  ResidentSetSize of job (KB)
...
006 (5415475.027.000) 07/17 19:56:39 Image size of job updated: 1634036
	1046  -  MemoryUsage of job (MB)
	1070104  -  ResidentSetSize of job (KB)
...
040 (5415475.027.000) 07/17 20:00:25 Started transferring output files
...
040 (5415475.027.000) 07/17 20:00:25 Finished transferring output files
...
004 (5415475.027.000) 07/17 20:00:25 Job was evicted.
	(0) CPU times
		Usr 15 13:20:32, Sys 0 00:04:12  -  Run Remote Usage
		Usr 0 00:00:00, Sys 0 00:00:00  -  Run Local Usage
	96427  -  Run Bytes Sent By Job
	803  -  Run Bytes Received By Job
	Partitionable Resources :    Usage  Request Allocated 
	   Cpus                 :     3.01        4         4 
	   Disk (KB)            :   121    10485760  10877023 
	   Memory (MB)          :  1046        8000      8000 
...
